instance.yaml
kiva v0.2.0-22-gd89b213
Copyright (C) 2012-2014 Big Ladder Software
Web: www.bigladdersoftware.com

Starting Program: 2014-Nov-19 10:45:46.846428
Creating Domain...
  X Cells: 259
  Y Cells: 1
  Z Cells: 103
  Total Cells: 26677
Initializing Temperatures...
  2098-Dec-24 23:00:00
  2099-Jan-08 10:00:00
  2099-Jan-16 15:00:00
  2099-Jan-24 20:00:00
  2099-Feb-02 00:00:00
  2099-Feb-10 05:00:00
  2099-Feb-18 10:00:00
  2099-Feb-26 15:00:00
  2099-Mar-06 20:00:00
  2099-Mar-15 01:00:00
  2099-Mar-23 05:00:00
  2099-Mar-31 10:00:00
  2099-Apr-08 15:00:00
  2099-Apr-16 20:00:00
  2099-Apr-25 01:00:00
  2099-May-03 06:00:00
  2099-May-11 11:00:00
  2099-May-19 16:00:00
  2099-May-27 20:00:00
  2099-Jun-05 01:00:00
  2099-Jun-13 06:00:00
  2099-Jun-21 11:00:00
  2099-Jun-29 16:00:00
  2099-Jul-07 21:00:00
  2099-Jul-16 02:00:00
  2099-Jul-24 07:00:00
  2099-Aug-01 12:00:00
  2099-Aug-09 17:00:00
  2099-Aug-17 23:00:00
  2099-Aug-26 05:00:00
  2099-Sep-03 11:00:00
  2099-Sep-11 17:00:00
  2099-Sep-19 23:00:00
  2099-Sep-28 05:00:00
  2099-Oct-06 11:00:00
  2099-Oct-14 17:00:00
  2099-Oct-22 23:00:00
  2099-Oct-31 05:00:00
  2099-Nov-08 11:00:00
  2099-Nov-16 17:00:00
  2099-Nov-24 23:00:00
  2099-Dec-03 05:00:00
  2099-Dec-11 11:00:00
  2099-Dec-19 17:00:00
  2099-Dec-27 22:00:00
Beginning Simulation...
  2100-Jan-05 03:00:00 (1.1%)
  2100-Jan-13 06:00:00 (3.4%)
  2100-Jan-21 09:00:00 (5.6%)
  2100-Jan-29 13:00:00 (7.8%)
  2100-Feb-06 16:00:00 (10%)
  2100-Feb-14 19:00:00 (12.3%)
  2100-Feb-22 22:00:00 (14.5%)
  2100-Mar-03 01:00:00 (16.7%)
  2100-Mar-11 04:00:00 (18.9%)
  2100-Mar-19 07:00:00 (21.2%)
  2100-Mar-27 10:00:00 (23.4%)
  2100-Apr-04 13:00:00 (25.6%)
  2100-Apr-12 17:00:00 (27.9%)
  2100-Apr-20 20:00:00 (30.1%)
  2100-Apr-28 23:00:00 (32.3%)
  2100-May-07 02:00:00 (34.5%)
  2100-May-15 05:00:00 (36.8%)
  2100-May-23 09:00:00 (39%)
  2100-May-31 12:00:00 (41.2%)
  2100-Jun-08 15:00:00 (43.5%)
  2100-Jun-16 18:00:00 (45.7%)
  2100-Jun-24 22:00:00 (47.9%)
  2100-Jul-03 01:00:00 (50.1%)
  2100-Jul-11 04:00:00 (52.4%)
  2100-Jul-19 07:00:00 (54.6%)
  2100-Jul-27 11:00:00 (56.8%)
  2100-Aug-04 14:00:00 (59.1%)
  2100-Aug-12 17:00:00 (61.3%)
  2100-Aug-20 21:00:00 (63.5%)
  2100-Aug-29 00:00:00 (65.8%)
  2100-Sep-06 03:00:00 (68%)
  2100-Sep-14 06:00:00 (70.2%)
  2100-Sep-22 09:00:00 (72.4%)
  2100-Sep-30 12:00:00 (74.7%)
  2100-Oct-08 16:00:00 (76.9%)
  2100-Oct-16 19:00:00 (79.1%)
  2100-Oct-24 22:00:00 (81.3%)
  2100-Nov-02 01:00:00 (83.6%)
  2100-Nov-10 05:00:00 (85.8%)
  2100-Nov-18 08:00:00 (88%)
  2100-Nov-26 11:00:00 (90.3%)
  2100-Dec-04 14:00:00 (92.5%)
  2100-Dec-12 18:00:00 (94.7%)
  2100-Dec-20 20:00:00 (96.9%)
  2100-Dec-28 23:00:00 (99.2%)
  2100-Dec-31 23:00:00 (100%)
Finished Program: 2014-Nov-19 10:47:17.369355
Elapsed Time: 00:01:30.522927
