instance.yaml
kiva v0.2.0-22-gd89b213
Copyright (C) 2012-2014 Big Ladder Software
Web: www.bigladdersoftware.com

Starting Program: 2014-Nov-19 10:41:43.627676
Creating Domain...
  X Cells: 152
  Y Cells: 1
  Z Cells: 113
  Total Cells: 17176
Initializing Temperatures...
  2098-Oct-22 23:00:00
  2099-Jan-08 10:00:00
  2099-Jan-21 08:00:00
  2099-Feb-03 04:00:00
  2099-Feb-16 05:00:00
  2099-Mar-01 05:00:00
  2099-Mar-14 05:00:00
  2099-Mar-27 05:00:00
  2099-Apr-09 06:00:00
  2099-Apr-22 06:00:00
  2099-May-05 06:00:00
  2099-May-18 07:00:00
  2099-May-31 07:00:00
  2099-Jun-13 08:00:00
  2099-Jun-26 11:00:00
  2099-Jul-09 13:00:00
  2099-Jul-22 15:00:00
  2099-Aug-04 18:00:00
  2099-Aug-17 21:00:00
  2099-Aug-30 23:00:00
  2099-Sep-13 02:00:00
  2099-Sep-26 05:00:00
  2099-Oct-09 08:00:00
  2099-Oct-22 10:00:00
  2099-Nov-04 13:00:00
  2099-Nov-17 16:00:00
  2099-Nov-30 19:00:00
  2099-Dec-13 22:00:00
  2099-Dec-27 00:00:00
Beginning Simulation...
  2100-Jan-09 00:00:00 (2.2%)
  2100-Jan-21 21:00:00 (5.7%)
  2100-Feb-03 19:00:00 (9.3%)
  2100-Feb-16 16:00:00 (12.8%)
  2100-Mar-01 14:00:00 (16.3%)
  2100-Mar-14 11:00:00 (19.9%)
  2100-Mar-27 08:00:00 (23.4%)
  2100-Apr-09 06:00:00 (26.9%)
  2100-Apr-22 03:00:00 (30.4%)
  2100-May-05 01:00:00 (34%)
  2100-May-17 22:00:00 (37.5%)
  2100-May-30 20:00:00 (41.1%)
  2100-Jun-12 17:00:00 (44.6%)
  2100-Jun-25 15:00:00 (48.1%)
  2100-Jul-08 12:00:00 (51.6%)
  2100-Jul-21 10:00:00 (55.2%)
  2100-Aug-03 07:00:00 (58.7%)
  2100-Aug-16 04:00:00 (62.2%)
  2100-Aug-29 02:00:00 (65.8%)
  2100-Sep-11 00:00:00 (69.3%)
  2100-Sep-23 21:00:00 (72.8%)
  2100-Oct-06 19:00:00 (76.4%)
  2100-Oct-19 16:00:00 (79.9%)
  2100-Nov-01 14:00:00 (83.4%)
  2100-Nov-14 12:00:00 (87%)
  2100-Nov-27 09:00:00 (90.5%)
  2100-Dec-10 07:00:00 (94.1%)
  2100-Dec-23 04:00:00 (97.6%)
  2100-Dec-31 23:00:00 (100%)
Finished Program: 2014-Nov-19 10:42:40.683465
Elapsed Time: 00:00:57.055789
