instance.yaml
kiva v0.2.0-21-g785bfe1
Copyright (C) 2012-2014 Big Ladder Software
Web: www.bigladdersoftware.com

Starting Program: 2014-Nov-18 11:16:25.779501
Creating Domain...
  X Cells: 131
  Y Cells: 1
  Z Cells: 127
  Total Cells: 16637
Initializing Temperatures...
  2098-Oct-01 23:00:00
  2099-Jan-08 10:00:00
  2099-Jan-23 22:00:00
  2099-Feb-08 09:00:00
  2099-Feb-23 20:00:00
  2099-Mar-11 06:00:00
  2099-Mar-26 17:00:00
  2099-Apr-11 04:00:00
  2099-Apr-26 16:00:00
  2099-May-12 03:00:00
  2099-May-27 15:00:00
  2099-Jun-12 02:00:00
  2099-Jun-27 13:00:00
  2099-Jul-13 01:00:00
  2099-Jul-28 12:00:00
  2099-Aug-12 23:00:00
  2099-Aug-28 11:00:00
  2099-Sep-12 22:00:00
  2099-Sep-28 09:00:00
  2099-Oct-13 21:00:00
  2099-Oct-29 08:00:00
  2099-Nov-13 19:00:00
  2099-Nov-29 07:00:00
  2099-Dec-14 18:00:00
  2099-Dec-30 06:00:00
Beginning Simulation...
  2100-Jan-13 19:00:00 (3.5%)
  2100-Jan-28 05:00:00 (7.5%)
  2100-Feb-11 15:00:00 (11.4%)
  2100-Feb-26 02:00:00 (15.4%)
  2100-Mar-12 12:00:00 (19.3%)
  2100-Mar-26 22:00:00 (23.3%)
  2100-Apr-10 09:00:00 (27.2%)
  2100-Apr-24 19:00:00 (31.2%)
  2100-May-09 06:00:00 (35.1%)
  2100-May-23 15:00:00 (39.1%)
  2100-Jun-07 02:00:00 (43%)
  2100-Jun-21 12:00:00 (47%)
  2100-Jul-05 23:00:00 (50.9%)
  2100-Jul-20 09:00:00 (54.9%)
  2100-Aug-03 20:00:00 (58.9%)
  2100-Aug-18 06:00:00 (62.8%)
  2100-Sep-01 17:00:00 (66.8%)
  2100-Sep-16 02:00:00 (70.7%)
  2100-Sep-30 13:00:00 (74.7%)
  2100-Oct-14 23:00:00 (78.6%)
  2100-Oct-29 10:00:00 (82.6%)
  2100-Nov-12 20:00:00 (86.5%)
  2100-Nov-27 07:00:00 (90.5%)
  2100-Dec-11 17:00:00 (94.4%)
  2100-Dec-26 03:00:00 (98.4%)
  2100-Dec-31 23:00:00 (100%)
Finished Program: 2014-Nov-18 11:17:15.407933
Elapsed Time: 00:00:49.628432
