instance.yaml
kiva v0.2.0-21-g785bfe1
Copyright (C) 2012-2014 Big Ladder Software
Web: www.bigladdersoftware.com

Starting Program: 2014-Nov-18 11:12:23.549975
Creating Domain...
  X Cells: 255
  Y Cells: 1
  Z Cells: 103
  Total Cells: 26265
Initializing Temperatures...
  2098-Oct-15 23:00:00
  2099-Jan-02 21:00:00
  2099-Jan-11 04:00:00
  2099-Jan-19 11:00:00
  2099-Jan-27 18:00:00
  2099-Feb-05 01:00:00
  2099-Feb-13 08:00:00
  2099-Feb-21 16:00:00
  2099-Mar-01 23:00:00
  2099-Mar-10 06:00:00
  2099-Mar-18 13:00:00
  2099-Mar-26 20:00:00
  2099-Apr-04 03:00:00
  2099-Apr-12 10:00:00
  2099-Apr-20 17:00:00
  2099-Apr-29 00:00:00
  2099-May-07 07:00:00
  2099-May-15 14:00:00
  2099-May-23 21:00:00
  2099-Jun-01 04:00:00
  2099-Jun-09 11:00:00
  2099-Jun-17 18:00:00
  2099-Jun-26 01:00:00
  2099-Jul-04 07:00:00
  2099-Jul-12 14:00:00
  2099-Jul-20 21:00:00
  2099-Jul-29 04:00:00
  2099-Aug-06 11:00:00
  2099-Aug-14 18:00:00
  2099-Aug-23 01:00:00
  2099-Aug-31 08:00:00
  2099-Sep-08 15:00:00
  2099-Sep-16 22:00:00
  2099-Sep-25 05:00:00
  2099-Oct-03 12:00:00
  2099-Oct-11 20:00:00
  2099-Oct-20 03:00:00
  2099-Oct-28 10:00:00
  2099-Nov-05 17:00:00
  2099-Nov-14 00:00:00
  2099-Nov-22 07:00:00
  2099-Nov-30 14:00:00
  2099-Dec-08 21:00:00
  2099-Dec-17 04:00:00
  2099-Dec-25 11:00:00
Beginning Simulation...
  2100-Jan-02 18:00:00 (0.5%)
  2100-Jan-10 22:00:00 (2.7%)
  2100-Jan-19 03:00:00 (5%)
  2100-Jan-27 07:00:00 (7.2%)
  2100-Feb-04 11:00:00 (9.4%)
  2100-Feb-12 16:00:00 (11.7%)
  2100-Feb-20 20:00:00 (13.9%)
  2100-Mar-01 01:00:00 (16.2%)
  2100-Mar-09 05:00:00 (18.4%)
  2100-Mar-17 10:00:00 (20.7%)
  2100-Mar-25 14:00:00 (22.9%)
  2100-Apr-02 18:00:00 (25.1%)
  2100-Apr-10 23:00:00 (27.4%)
  2100-Apr-19 03:00:00 (29.6%)
  2100-Apr-27 07:00:00 (31.9%)
  2100-May-05 12:00:00 (34.1%)
  2100-May-13 16:00:00 (36.3%)
  2100-May-21 21:00:00 (38.6%)
  2100-May-30 01:00:00 (40.8%)
  2100-Jun-07 06:00:00 (43.1%)
  2100-Jun-15 11:00:00 (45.3%)
  2100-Jun-23 15:00:00 (47.6%)
  2100-Jul-01 19:00:00 (49.8%)
  2100-Jul-10 00:00:00 (52.1%)
  2100-Jul-18 04:00:00 (54.3%)
  2100-Jul-26 09:00:00 (56.5%)
  2100-Aug-03 13:00:00 (58.8%)
  2100-Aug-11 18:00:00 (61%)
  2100-Aug-19 22:00:00 (63.3%)
  2100-Aug-28 03:00:00 (65.5%)
  2100-Sep-05 07:00:00 (67.8%)
  2100-Sep-13 11:00:00 (70%)
  2100-Sep-21 15:00:00 (72.2%)
  2100-Sep-29 20:00:00 (74.5%)
  2100-Oct-08 00:00:00 (76.7%)
  2100-Oct-16 05:00:00 (79%)
  2100-Oct-24 10:00:00 (81.2%)
  2100-Nov-01 14:00:00 (83.4%)
  2100-Nov-09 19:00:00 (85.7%)
  2100-Nov-18 00:00:00 (87.9%)
  2100-Nov-26 04:00:00 (90.2%)
  2100-Dec-04 09:00:00 (92.4%)
  2100-Dec-12 14:00:00 (94.7%)
  2100-Dec-20 20:00:00 (96.9%)
  2100-Dec-29 02:00:00 (99.2%)
  2100-Dec-31 23:00:00 (100%)
Finished Program: 2014-Nov-18 11:13:53.351869
Elapsed Time: 00:01:29.801894
