instance.yaml
kiva v0.2.0-19-ge248292
Copyright (C) 2012-2014 Big Ladder Software
Web: www.bigladdersoftware.com

Starting Program: 2014-Nov-17 08:43:17.920282
Creating Domain...
  X Cells: 100
  Y Cells: 1
  Z Cells: 113
  Total Cells: 11300
Initializing Temperatures...
  2099-Jan-10 17:00:00
  2099-Jan-30 12:00:00
  2099-Feb-19 08:00:00
  2099-Mar-11 03:00:00
  2099-Mar-30 22:00:00
  2099-Apr-19 18:00:00
  2099-May-09 13:00:00
  2099-May-29 09:00:00
  2099-Jun-18 05:00:00
  2099-Jul-08 00:00:00
  2099-Jul-27 19:00:00
  2099-Aug-16 15:00:00
  2099-Sep-05 10:00:00
  2099-Sep-25 06:00:00
  2099-Oct-15 02:00:00
  2099-Nov-03 21:00:00
  2099-Nov-23 17:00:00
  2099-Dec-13 13:00:00
Beginning Simulation...
  2100-Jan-02 08:00:00 (0.4%)
  2100-Jan-21 17:00:00 (5.7%)
  2100-Feb-10 02:00:00 (11%)
  2100-Mar-01 11:00:00 (16.3%)
  2100-Mar-20 20:00:00 (21.6%)
  2100-Apr-09 05:00:00 (26.9%)
  2100-Apr-28 14:00:00 (32.2%)
  2100-May-17 23:00:00 (37.5%)
  2100-Jun-06 09:00:00 (42.8%)
  2100-Jun-25 18:00:00 (48.2%)
  2100-Jul-15 04:00:00 (53.5%)
  2100-Aug-03 13:00:00 (58.8%)
  2100-Aug-22 20:00:00 (64.1%)
  2100-Sep-11 05:00:00 (69.4%)
  2100-Sep-30 15:00:00 (74.7%)
  2100-Oct-19 23:00:00 (80%)
  2100-Nov-08 09:00:00 (85.3%)
  2100-Nov-27 18:00:00 (90.6%)
  2100-Dec-17 04:00:00 (95.9%)
  2100-Dec-31 23:00:00 (100%)
Finished Program: 2014-Nov-17 08:43:55.765152
Elapsed Time: 00:00:37.844870
