instance.yaml
kiva v0.2.0-21-g785bfe1
Copyright (C) 2012-2014 Big Ladder Software
Web: www.bigladdersoftware.com

Starting Program: 2014-Nov-18 11:02:26.390003
Creating Domain...
  X Cells: 105
  Y Cells: 1
  Z Cells: 125
  Total Cells: 13125
Initializing Temperatures...
  2098-Dec-31 23:00:00
  2099-Jan-19 21:00:00
  2099-Feb-08 06:00:00
  2099-Feb-27 15:00:00
  2099-Mar-19 00:00:00
  2099-Apr-07 09:00:00
  2099-Apr-26 19:00:00
  2099-May-16 04:00:00
  2099-Jun-04 14:00:00
  2099-Jun-23 23:00:00
  2099-Jul-13 09:00:00
  2099-Aug-01 18:00:00
  2099-Aug-21 04:00:00
  2099-Sep-09 14:00:00
  2099-Sep-28 23:00:00
  2099-Oct-18 09:00:00
  2099-Nov-06 19:00:00
  2099-Nov-26 03:00:00
  2099-Dec-15 13:00:00
Beginning Simulation...
  2100-Jan-03 17:00:00 (0.7%)
  2100-Jan-21 15:00:00 (5.7%)
  2100-Feb-08 13:00:00 (10.6%)
  2100-Feb-26 12:00:00 (15.5%)
  2100-Mar-16 11:00:00 (20.4%)
  2100-Apr-03 12:00:00 (25.3%)
  2100-Apr-21 14:00:00 (30.3%)
  2100-May-09 16:00:00 (35.3%)
  2100-May-27 18:00:00 (40.2%)
  2100-Jun-14 19:00:00 (45.1%)
  2100-Jul-02 21:00:00 (50.1%)
  2100-Jul-21 00:00:00 (55.1%)
  2100-Aug-08 00:00:00 (60%)
  2100-Aug-26 02:00:00 (65%)
  2100-Sep-13 05:00:00 (69.9%)
  2100-Oct-01 07:00:00 (74.9%)
  2100-Oct-19 10:00:00 (79.8%)
  2100-Nov-06 12:00:00 (84.8%)
  2100-Nov-24 14:00:00 (89.7%)
  2100-Dec-12 16:00:00 (94.7%)
  2100-Dec-30 18:00:00 (99.7%)
  2100-Dec-31 23:00:00 (100%)
Finished Program: 2014-Nov-18 11:03:06.067646
Elapsed Time: 00:00:39.677643
