instance.yaml
kiva v0.2.0-9-g526928a
Copyright (C) 2012-2014 Big Ladder Software
Web: www.bigladdersoftware.com

Starting Program: 2014-Nov-15 11:22:47.673446
Creating Domain...
  X Cells: 204
  Y Cells: 1
  Z Cells: 96
  Total Cells: 19584
Initializing Temperatures...
  2098-Oct-08 23:00:00
  2099-Jan-06 11:00:00
  2099-Jan-17 15:00:00
  2099-Jan-28 20:00:00
  2099-Feb-09 00:00:00
  2099-Feb-20 05:00:00
  2099-Mar-03 10:00:00
  2099-Mar-14 14:00:00
  2099-Mar-25 19:00:00
  2099-Apr-06 00:00:00
  2099-Apr-17 04:00:00
  2099-Apr-28 09:00:00
  2099-May-09 14:00:00
  2099-May-20 18:00:00
  2099-May-31 23:00:00
  2099-Jun-12 04:00:00
  2099-Jun-23 09:00:00
  2099-Jul-04 13:00:00
  2099-Jul-15 18:00:00
  2099-Jul-26 22:00:00
  2099-Aug-07 03:00:00
  2099-Aug-18 08:00:00
  2099-Aug-29 12:00:00
  2099-Sep-09 17:00:00
  2099-Sep-20 22:00:00
  2099-Oct-02 02:00:00
  2099-Oct-13 07:00:00
  2099-Oct-24 11:00:00
  2099-Nov-04 16:00:00
  2099-Nov-15 21:00:00
  2099-Nov-27 01:00:00
  2099-Dec-08 06:00:00
  2099-Dec-19 11:00:00
  2099-Dec-30 16:00:00
Beginning Simulation...
  2100-Jan-10 15:00:00 (2.6%)
  2100-Jan-21 13:00:00 (5.6%)
  2100-Feb-01 12:00:00 (8.6%)
  2100-Feb-12 10:00:00 (11.6%)
  2100-Feb-23 08:00:00 (14.6%)
  2100-Mar-06 07:00:00 (17.6%)
  2100-Mar-17 05:00:00 (20.6%)
  2100-Mar-28 05:00:00 (23.6%)
  2100-Apr-08 03:00:00 (26.6%)
  2100-Apr-19 04:00:00 (29.6%)
  2100-Apr-30 04:00:00 (32.6%)
  2100-May-11 04:00:00 (35.7%)
  2100-May-22 04:00:00 (38.7%)
  2100-Jun-02 05:00:00 (41.7%)
  2100-Jun-13 05:00:00 (44.7%)
  2100-Jun-24 05:00:00 (47.7%)
  2100-Jul-05 05:00:00 (50.7%)
  2100-Jul-16 05:00:00 (53.8%)
  2100-Jul-27 05:00:00 (56.8%)
  2100-Aug-07 05:00:00 (59.8%)
  2100-Aug-18 06:00:00 (62.8%)
  2100-Aug-29 06:00:00 (65.8%)
  2100-Sep-09 06:00:00 (68.8%)
  2100-Sep-20 06:00:00 (71.8%)
  2100-Oct-01 06:00:00 (74.9%)
  2100-Oct-12 07:00:00 (77.9%)
  2100-Oct-23 07:00:00 (80.9%)
  2100-Nov-03 07:00:00 (83.9%)
  2100-Nov-14 07:00:00 (86.9%)
  2100-Nov-25 08:00:00 (90%)
  2100-Dec-06 08:00:00 (93%)
  2100-Dec-17 08:00:00 (96%)
  2100-Dec-28 08:00:00 (99%)
  2100-Dec-31 23:00:00 (100%)
Finished Program: 2014-Nov-15 11:23:54.330753
Elapsed Time: 00:01:06.657307
