instance.yaml
kiva v0.2.0-22-gd89b213
Copyright (C) 2012-2014 Big Ladder Software
Web: www.bigladdersoftware.com

Starting Program: 2014-Nov-19 10:45:44.546547
Creating Domain...
  X Cells: 203
  Y Cells: 1
  Z Cells: 133
  Total Cells: 26999
Initializing Temperatures...
  2098-Oct-08 23:00:00
  2099-Jan-03 02:00:00
  2099-Jan-12 00:00:00
  2099-Jan-20 23:00:00
  2099-Jan-29 22:00:00
  2099-Feb-07 20:00:00
  2099-Feb-16 19:00:00
  2099-Feb-25 17:00:00
  2099-Mar-06 16:00:00
  2099-Mar-15 15:00:00
  2099-Mar-24 13:00:00
  2099-Apr-02 12:00:00
  2099-Apr-11 11:00:00
  2099-Apr-20 09:00:00
  2099-Apr-29 08:00:00
  2099-May-08 06:00:00
  2099-May-17 05:00:00
  2099-May-26 04:00:00
  2099-Jun-04 02:00:00
  2099-Jun-13 01:00:00
  2099-Jun-22 00:00:00
  2099-Jun-30 22:00:00
  2099-Jul-09 21:00:00
  2099-Jul-18 20:00:00
  2099-Jul-27 18:00:00
  2099-Aug-05 17:00:00
  2099-Aug-14 16:00:00
  2099-Aug-23 14:00:00
  2099-Sep-01 13:00:00
  2099-Sep-10 12:00:00
  2099-Sep-19 10:00:00
  2099-Sep-28 09:00:00
  2099-Oct-07 08:00:00
  2099-Oct-16 06:00:00
  2099-Oct-25 05:00:00
  2099-Nov-03 04:00:00
  2099-Nov-12 03:00:00
  2099-Nov-21 01:00:00
  2099-Nov-30 00:00:00
  2099-Dec-08 23:00:00
  2099-Dec-17 22:00:00
  2099-Dec-26 20:00:00
Beginning Simulation...
  2100-Jan-04 12:00:00 (1%)
  2100-Jan-12 20:00:00 (3.2%)
  2100-Jan-21 03:00:00 (5.5%)
  2100-Jan-29 11:00:00 (7.8%)
  2100-Feb-06 18:00:00 (10.1%)
  2100-Feb-15 01:00:00 (12.3%)
  2100-Feb-23 09:00:00 (14.6%)
  2100-Mar-03 16:00:00 (16.9%)
  2100-Mar-12 00:00:00 (19.2%)
  2100-Mar-20 07:00:00 (21.4%)
  2100-Mar-28 15:00:00 (23.7%)
  2100-Apr-05 22:00:00 (26%)
  2100-Apr-14 06:00:00 (28.3%)
  2100-Apr-22 13:00:00 (30.6%)
  2100-Apr-30 21:00:00 (32.8%)
  2100-May-09 04:00:00 (35.1%)
  2100-May-17 12:00:00 (37.4%)
  2100-May-25 19:00:00 (39.7%)
  2100-Jun-03 03:00:00 (42%)
  2100-Jun-11 11:00:00 (44.2%)
  2100-Jun-19 18:00:00 (46.5%)
  2100-Jun-28 01:00:00 (48.8%)
  2100-Jul-06 09:00:00 (51.1%)
  2100-Jul-14 17:00:00 (53.3%)
  2100-Jul-23 00:00:00 (55.6%)
  2100-Jul-31 08:00:00 (57.9%)
  2100-Aug-08 15:00:00 (60.2%)
  2100-Aug-16 23:00:00 (62.5%)
  2100-Aug-25 06:00:00 (64.7%)
  2100-Sep-02 14:00:00 (67%)
  2100-Sep-10 22:00:00 (69.3%)
  2100-Sep-19 05:00:00 (71.6%)
  2100-Sep-27 13:00:00 (73.8%)
  2100-Oct-05 19:00:00 (76.1%)
  2100-Oct-14 03:00:00 (78.4%)
  2100-Oct-22 11:00:00 (80.7%)
  2100-Oct-30 18:00:00 (82.9%)
  2100-Nov-08 02:00:00 (85.2%)
  2100-Nov-16 09:00:00 (87.5%)
  2100-Nov-24 17:00:00 (89.8%)
  2100-Dec-03 01:00:00 (92.1%)
  2100-Dec-11 08:00:00 (94.3%)
  2100-Dec-19 16:00:00 (96.6%)
  2100-Dec-27 23:00:00 (98.9%)
  2100-Dec-31 23:00:00 (100%)
Finished Program: 2014-Nov-19 10:47:10.481336
Elapsed Time: 00:01:25.934789
