instance.yaml
kiva v0.2.0-22-gd89b213
Copyright (C) 2012-2014 Big Ladder Software
Web: www.bigladdersoftware.com

Starting Program: 2014-Nov-19 10:45:45.497515
Creating Domain...
  X Cells: 203
  Y Cells: 1
  Z Cells: 158
  Total Cells: 32074
Initializing Temperatures...
  2098-Oct-15 23:00:00
  2099-Jan-02 08:00:00
  2099-Jan-08 10:00:00
  2099-Jan-14 12:00:00
  2099-Jan-20 13:00:00
  2099-Jan-26 15:00:00
  2099-Feb-01 17:00:00
  2099-Feb-07 19:00:00
  2099-Feb-13 20:00:00
  2099-Feb-19 22:00:00
  2099-Feb-26 00:00:00
  2099-Mar-04 01:00:00
  2099-Mar-10 03:00:00
  2099-Mar-16 05:00:00
  2099-Mar-22 08:00:00
  2099-Mar-28 12:00:00
  2099-Apr-03 15:00:00
  2099-Apr-09 18:00:00
  2099-Apr-15 22:00:00
  2099-Apr-22 01:00:00
  2099-Apr-28 04:00:00
  2099-May-04 08:00:00
  2099-May-10 11:00:00
  2099-May-16 15:00:00
  2099-May-22 19:00:00
  2099-May-29 00:00:00
  2099-Jun-04 04:00:00
  2099-Jun-10 09:00:00
  2099-Jun-16 13:00:00
  2099-Jun-22 18:00:00
  2099-Jun-28 22:00:00
  2099-Jul-05 03:00:00
  2099-Jul-11 07:00:00
  2099-Jul-17 12:00:00
  2099-Jul-23 16:00:00
  2099-Jul-29 21:00:00
  2099-Aug-05 02:00:00
  2099-Aug-11 06:00:00
  2099-Aug-17 11:00:00
  2099-Aug-23 16:00:00
  2099-Aug-29 20:00:00
  2099-Sep-05 01:00:00
  2099-Sep-11 05:00:00
  2099-Sep-17 10:00:00
  2099-Sep-23 15:00:00
  2099-Sep-29 18:00:00
  2099-Oct-05 22:00:00
  2099-Oct-12 03:00:00
  2099-Oct-18 07:00:00
  2099-Oct-24 12:00:00
  2099-Oct-30 17:00:00
  2099-Nov-05 21:00:00
  2099-Nov-12 02:00:00
  2099-Nov-18 06:00:00
  2099-Nov-24 11:00:00
  2099-Nov-30 15:00:00
  2099-Dec-06 20:00:00
  2099-Dec-13 00:00:00
  2099-Dec-19 05:00:00
  2099-Dec-25 09:00:00
  2099-Dec-31 13:00:00
Beginning Simulation...
  2100-Jan-06 07:00:00 (1.4%)
  2100-Jan-12 01:00:00 (3%)
  2100-Jan-17 18:00:00 (4.6%)
  2100-Jan-23 11:00:00 (6.2%)
  2100-Jan-29 04:00:00 (7.7%)
  2100-Feb-03 21:00:00 (9.3%)
  2100-Feb-09 15:00:00 (10.9%)
  2100-Feb-15 08:00:00 (12.4%)
  2100-Feb-21 01:00:00 (14%)
  2100-Feb-26 18:00:00 (15.5%)
  2100-Mar-04 11:00:00 (17.1%)
  2100-Mar-10 05:00:00 (18.7%)
  2100-Mar-15 22:00:00 (20.3%)
  2100-Mar-21 15:00:00 (21.8%)
  2100-Mar-27 08:00:00 (23.4%)
  2100-Apr-02 02:00:00 (25%)
  2100-Apr-07 19:00:00 (26.5%)
  2100-Apr-13 12:00:00 (28.1%)
  2100-Apr-19 06:00:00 (29.7%)
  2100-Apr-24 23:00:00 (31.2%)
  2100-Apr-30 17:00:00 (32.8%)
  2100-May-06 11:00:00 (34.4%)
  2100-May-12 04:00:00 (35.9%)
  2100-May-17 22:00:00 (37.5%)
  2100-May-23 15:00:00 (39.1%)
  2100-May-29 09:00:00 (40.7%)
  2100-Jun-04 03:00:00 (42.2%)
  2100-Jun-09 20:00:00 (43.8%)
  2100-Jun-15 14:00:00 (45.4%)
  2100-Jun-21 06:00:00 (46.9%)
  2100-Jun-27 00:00:00 (48.5%)
  2100-Jul-02 17:00:00 (50.1%)
  2100-Jul-08 10:00:00 (51.6%)
  2100-Jul-14 04:00:00 (53.2%)
  2100-Jul-19 21:00:00 (54.8%)
  2100-Jul-25 15:00:00 (56.3%)
  2100-Jul-31 09:00:00 (57.9%)
  2100-Aug-06 02:00:00 (59.5%)
  2100-Aug-11 20:00:00 (61.1%)
  2100-Aug-17 14:00:00 (62.6%)
  2100-Aug-23 07:00:00 (64.2%)
  2100-Aug-29 01:00:00 (65.8%)
  2100-Sep-03 19:00:00 (67.3%)
  2100-Sep-09 12:00:00 (68.9%)
  2100-Sep-15 06:00:00 (70.5%)
  2100-Sep-20 23:00:00 (72%)
  2100-Sep-26 17:00:00 (73.6%)
  2100-Oct-02 10:00:00 (75.2%)
  2100-Oct-08 04:00:00 (76.8%)
  2100-Oct-13 22:00:00 (78.3%)
  2100-Oct-19 15:00:00 (79.9%)
  2100-Oct-25 09:00:00 (81.5%)
  2100-Oct-31 02:00:00 (83%)
  2100-Nov-05 20:00:00 (84.6%)
  2100-Nov-11 14:00:00 (86.2%)
  2100-Nov-17 07:00:00 (87.8%)
  2100-Nov-23 01:00:00 (89.3%)
  2100-Nov-28 19:00:00 (90.9%)
  2100-Dec-04 12:00:00 (92.5%)
  2100-Dec-10 06:00:00 (94%)
  2100-Dec-15 23:00:00 (95.6%)
  2100-Dec-21 16:00:00 (97.2%)
  2100-Dec-27 10:00:00 (98.7%)
  2100-Dec-31 23:00:00 (100%)
Finished Program: 2014-Nov-19 10:47:49.798817
Elapsed Time: 00:02:04.301302
