instance.yaml
kiva v0.2.0-21-g785bfe1
Copyright (C) 2012-2014 Big Ladder Software
Web: www.bigladdersoftware.com

Starting Program: 2014-Nov-18 11:09:28.509025
Creating Domain...
  X Cells: 187
  Y Cells: 1
  Z Cells: 158
  Total Cells: 29546
Initializing Temperatures...
  2098-Oct-15 23:00:00
  2099-Jan-03 03:00:00
  2099-Jan-10 00:00:00
  2099-Jan-16 20:00:00
  2099-Jan-23 17:00:00
  2099-Jan-30 13:00:00
  2099-Feb-06 10:00:00
  2099-Feb-13 06:00:00
  2099-Feb-20 03:00:00
  2099-Feb-26 23:00:00
  2099-Mar-05 20:00:00
  2099-Mar-12 17:00:00
  2099-Mar-19 13:00:00
  2099-Mar-26 10:00:00
  2099-Apr-02 05:00:00
  2099-Apr-09 02:00:00
  2099-Apr-15 22:00:00
  2099-Apr-22 19:00:00
  2099-Apr-29 15:00:00
  2099-May-06 12:00:00
  2099-May-13 09:00:00
  2099-May-20 06:00:00
  2099-May-27 02:00:00
  2099-Jun-02 23:00:00
  2099-Jun-09 20:00:00
  2099-Jun-16 17:00:00
  2099-Jun-23 14:00:00
  2099-Jun-30 10:00:00
  2099-Jul-07 07:00:00
  2099-Jul-14 03:00:00
  2099-Jul-21 00:00:00
  2099-Jul-27 21:00:00
  2099-Aug-03 17:00:00
  2099-Aug-10 14:00:00
  2099-Aug-17 11:00:00
  2099-Aug-24 08:00:00
  2099-Aug-31 04:00:00
  2099-Sep-07 01:00:00
  2099-Sep-13 22:00:00
  2099-Sep-20 18:00:00
  2099-Sep-27 17:00:00
  2099-Oct-04 15:00:00
  2099-Oct-11 13:00:00
  2099-Oct-18 11:00:00
  2099-Oct-25 09:00:00
  2099-Nov-01 07:00:00
  2099-Nov-08 05:00:00
  2099-Nov-15 03:00:00
  2099-Nov-22 01:00:00
  2099-Nov-28 23:00:00
  2099-Dec-06 01:00:00
  2099-Dec-13 03:00:00
  2099-Dec-20 05:00:00
  2099-Dec-27 06:00:00
Beginning Simulation...
  2100-Jan-03 04:00:00 (0.6%)
  2100-Jan-09 16:00:00 (2.4%)
  2100-Jan-16 04:00:00 (4.2%)
  2100-Jan-22 16:00:00 (5.9%)
  2100-Jan-29 04:00:00 (7.7%)
  2100-Feb-04 16:00:00 (9.5%)
  2100-Feb-11 03:00:00 (11.3%)
  2100-Feb-17 15:00:00 (13%)
  2100-Feb-24 03:00:00 (14.8%)
  2100-Mar-02 15:00:00 (16.6%)
  2100-Mar-09 03:00:00 (18.4%)
  2100-Mar-15 15:00:00 (20.2%)
  2100-Mar-22 03:00:00 (22%)
  2100-Mar-28 15:00:00 (23.7%)
  2100-Apr-04 02:00:00 (25.5%)
  2100-Apr-10 14:00:00 (27.3%)
  2100-Apr-17 02:00:00 (29.1%)
  2100-Apr-23 15:00:00 (30.9%)
  2100-Apr-30 03:00:00 (32.6%)
  2100-May-06 15:00:00 (34.4%)
  2100-May-13 03:00:00 (36.2%)
  2100-May-19 15:00:00 (38%)
  2100-May-26 03:00:00 (39.8%)
  2100-Jun-01 15:00:00 (41.5%)
  2100-Jun-08 03:00:00 (43.3%)
  2100-Jun-14 15:00:00 (45.1%)
  2100-Jun-21 03:00:00 (46.9%)
  2100-Jun-27 16:00:00 (48.7%)
  2100-Jul-04 04:00:00 (50.5%)
  2100-Jul-10 16:00:00 (52.2%)
  2100-Jul-17 04:00:00 (54%)
  2100-Jul-23 16:00:00 (55.8%)
  2100-Jul-30 04:00:00 (57.6%)
  2100-Aug-05 16:00:00 (59.4%)
  2100-Aug-12 03:00:00 (61.1%)
  2100-Aug-18 15:00:00 (62.9%)
  2100-Aug-25 03:00:00 (64.7%)
  2100-Aug-31 15:00:00 (66.5%)
  2100-Sep-07 03:00:00 (68.3%)
  2100-Sep-13 15:00:00 (70%)
  2100-Sep-20 04:00:00 (71.8%)
  2100-Sep-26 16:00:00 (73.6%)
  2100-Oct-03 04:00:00 (75.4%)
  2100-Oct-09 16:00:00 (77.2%)
  2100-Oct-16 04:00:00 (78.9%)
  2100-Oct-22 16:00:00 (80.7%)
  2100-Oct-29 04:00:00 (82.5%)
  2100-Nov-04 16:00:00 (84.3%)
  2100-Nov-11 04:00:00 (86.1%)
  2100-Nov-17 16:00:00 (87.9%)
  2100-Nov-24 04:00:00 (89.6%)
  2100-Nov-30 16:00:00 (91.4%)
  2100-Dec-07 03:00:00 (93.2%)
  2100-Dec-13 15:00:00 (95%)
  2100-Dec-20 03:00:00 (96.7%)
  2100-Dec-26 15:00:00 (98.5%)
  2100-Dec-31 23:00:00 (100%)
Finished Program: 2014-Nov-18 11:11:18.822813
Elapsed Time: 00:01:50.313788
