instance.yaml
kiva v0.2.0-19-ge248292
Copyright (C) 2012-2014 Big Ladder Software
Web: www.bigladdersoftware.com

Starting Program: 2014-Nov-17 08:42:16.792448
Creating Domain...
  X Cells: 94
  Y Cells: 1
  Z Cells: 158
  Total Cells: 14852
Initializing Temperatures...
  2098-Oct-01 23:00:00
  2099-Jan-09 13:00:00
  2099-Jan-26 18:00:00
  2099-Feb-12 23:00:00
  2099-Mar-02 04:00:00
  2099-Mar-19 09:00:00
  2099-Apr-05 14:00:00
  2099-Apr-22 19:00:00
  2099-May-10 00:00:00
  2099-May-27 05:00:00
  2099-Jun-13 10:00:00
  2099-Jun-30 16:00:00
  2099-Jul-17 21:00:00
  2099-Aug-04 02:00:00
  2099-Aug-21 07:00:00
  2099-Sep-07 13:00:00
  2099-Sep-24 18:00:00
  2099-Oct-12 00:00:00
  2099-Oct-29 05:00:00
  2099-Nov-15 10:00:00
  2099-Dec-02 15:00:00
  2099-Dec-19 21:00:00
Beginning Simulation...
  2100-Jan-05 14:00:00 (1.3%)
  2100-Jan-21 04:00:00 (5.5%)
  2100-Feb-05 18:00:00 (9.8%)
  2100-Feb-21 08:00:00 (14.1%)
  2100-Mar-08 22:00:00 (18.3%)
  2100-Mar-24 11:00:00 (22.6%)
  2100-Apr-09 00:00:00 (26.8%)
  2100-Apr-24 15:00:00 (31.1%)
  2100-May-10 05:00:00 (35.4%)
  2100-May-25 19:00:00 (39.7%)
  2100-Jun-10 09:00:00 (43.9%)
  2100-Jun-25 23:00:00 (48.2%)
  2100-Jul-11 13:00:00 (52.5%)
  2100-Jul-27 03:00:00 (56.7%)
  2100-Aug-11 18:00:00 (61%)
  2100-Aug-27 08:00:00 (65.3%)
  2100-Sep-11 23:00:00 (69.6%)
  2100-Sep-27 13:00:00 (73.8%)
  2100-Oct-13 04:00:00 (78.1%)
  2100-Oct-28 18:00:00 (82.4%)
  2100-Nov-13 08:00:00 (86.7%)
  2100-Nov-28 23:00:00 (90.9%)
  2100-Dec-14 13:00:00 (95.2%)
  2100-Dec-30 03:00:00 (99.5%)
  2100-Dec-31 23:00:00 (100%)
Finished Program: 2014-Nov-17 08:43:02.119497
Elapsed Time: 00:00:45.327049
