instance.yaml
kiva v0.2.0-22-gd89b213
Copyright (C) 2012-2014 Big Ladder Software
Web: www.bigladdersoftware.com

Starting Program: 2014-Nov-19 10:40:43.658057
Creating Domain...
  X Cells: 187
  Y Cells: 1
  Z Cells: 113
  Total Cells: 21131
Initializing Temperatures...
  2098-Oct-08 23:00:00
  2099-Jan-05 05:00:00
  2099-Jan-16 15:00:00
  2099-Jan-28 01:00:00
  2099-Feb-08 11:00:00
  2099-Feb-19 21:00:00
  2099-Mar-03 07:00:00
  2099-Mar-14 17:00:00
  2099-Mar-26 03:00:00
  2099-Apr-06 13:00:00
  2099-Apr-18 00:00:00
  2099-Apr-29 10:00:00
  2099-May-10 20:00:00
  2099-May-22 06:00:00
  2099-Jun-02 16:00:00
  2099-Jun-14 02:00:00
  2099-Jun-25 12:00:00
  2099-Jul-06 22:00:00
  2099-Jul-18 09:00:00
  2099-Jul-29 19:00:00
  2099-Aug-10 05:00:00
  2099-Aug-21 15:00:00
  2099-Sep-02 01:00:00
  2099-Sep-13 11:00:00
  2099-Sep-24 21:00:00
  2099-Oct-06 07:00:00
  2099-Oct-17 18:00:00
  2099-Oct-29 04:00:00
  2099-Nov-09 14:00:00
  2099-Nov-21 00:00:00
  2099-Dec-02 10:00:00
  2099-Dec-13 20:00:00
  2099-Dec-25 06:00:00
Beginning Simulation...
  2100-Jan-05 14:00:00 (1.3%)
  2100-Jan-16 18:00:00 (4.3%)
  2100-Jan-27 23:00:00 (7.4%)
  2100-Feb-08 04:00:00 (10.5%)
  2100-Feb-19 08:00:00 (13.5%)
  2100-Mar-02 13:00:00 (16.6%)
  2100-Mar-13 18:00:00 (19.7%)
  2100-Mar-24 22:00:00 (22.7%)
  2100-Apr-05 03:00:00 (25.8%)
  2100-Apr-16 08:00:00 (28.9%)
  2100-Apr-27 12:00:00 (31.9%)
  2100-May-08 17:00:00 (35%)
  2100-May-19 22:00:00 (38.1%)
  2100-May-31 03:00:00 (41.1%)
  2100-Jun-11 07:00:00 (44.2%)
  2100-Jun-22 12:00:00 (47.3%)
  2100-Jul-03 17:00:00 (50.3%)
  2100-Jul-14 22:00:00 (53.4%)
  2100-Jul-26 06:00:00 (56.5%)
  2100-Aug-06 13:00:00 (59.6%)
  2100-Aug-17 21:00:00 (62.7%)
  2100-Aug-29 04:00:00 (65.8%)
  2100-Sep-09 12:00:00 (68.9%)
  2100-Sep-20 19:00:00 (72%)
  2100-Oct-02 03:00:00 (75.1%)
  2100-Oct-13 10:00:00 (78.2%)
  2100-Oct-24 18:00:00 (81.3%)
  2100-Nov-05 01:00:00 (84.4%)
  2100-Nov-16 09:00:00 (87.5%)
  2100-Nov-27 17:00:00 (90.6%)
  2100-Dec-09 00:00:00 (93.7%)
  2100-Dec-20 07:00:00 (96.8%)
  2100-Dec-31 13:00:00 (99.9%)
  2100-Dec-31 23:00:00 (100%)
Finished Program: 2014-Nov-19 10:41:49.037173
Elapsed Time: 00:01:05.379116
