instance.yaml
kiva v0.2.0-9-g526928a
Copyright (C) 2012-2014 Big Ladder Software
Web: www.bigladdersoftware.com

Starting Program: 2014-Nov-15 12:23:44.488784
Creating Domain...
  X Cells: 190
  Y Cells: 1
  Z Cells: 93
  Total Cells: 17670
Initializing Temperatures...
  2098-Nov-19 23:00:00
  2099-Jan-10 02:00:00
  2099-Jan-22 04:00:00
  2099-Feb-03 07:00:00
  2099-Feb-15 09:00:00
  2099-Feb-27 11:00:00
  2099-Mar-11 14:00:00
  2099-Mar-23 16:00:00
  2099-Apr-04 18:00:00
  2099-Apr-16 21:00:00
  2099-Apr-28 23:00:00
  2099-May-11 01:00:00
  2099-May-23 04:00:00
  2099-Jun-04 06:00:00
  2099-Jun-16 09:00:00
  2099-Jun-28 10:00:00
  2099-Jul-10 13:00:00
  2099-Jul-22 15:00:00
  2099-Aug-03 18:00:00
  2099-Aug-15 20:00:00
  2099-Aug-27 22:00:00
  2099-Sep-09 01:00:00
  2099-Sep-21 03:00:00
  2099-Oct-03 06:00:00
  2099-Oct-15 08:00:00
  2099-Oct-27 10:00:00
  2099-Nov-08 13:00:00
  2099-Nov-20 15:00:00
  2099-Dec-02 18:00:00
  2099-Dec-14 20:00:00
  2099-Dec-26 23:00:00
Beginning Simulation...
  2100-Jan-07 22:00:00 (1.9%)
  2100-Jan-19 18:00:00 (5.1%)
  2100-Jan-31 15:00:00 (8.4%)
  2100-Feb-12 11:00:00 (11.6%)
  2100-Feb-24 07:00:00 (14.9%)
  2100-Mar-08 03:00:00 (18.1%)
  2100-Mar-20 00:00:00 (21.4%)
  2100-Mar-31 20:00:00 (24.6%)
  2100-Apr-12 17:00:00 (27.9%)
  2100-Apr-24 13:00:00 (31.1%)
  2100-May-06 09:00:00 (34.3%)
  2100-May-18 06:00:00 (37.6%)
  2100-May-30 02:00:00 (40.8%)
  2100-Jun-10 22:00:00 (44.1%)
  2100-Jun-22 18:00:00 (47.3%)
  2100-Jul-04 15:00:00 (50.6%)
  2100-Jul-16 11:00:00 (53.8%)
  2100-Jul-28 07:00:00 (57.1%)
  2100-Aug-09 04:00:00 (60.3%)
  2100-Aug-21 00:00:00 (63.6%)
  2100-Sep-01 20:00:00 (66.8%)
  2100-Sep-13 17:00:00 (70.1%)
  2100-Sep-25 13:00:00 (73.3%)
  2100-Oct-07 10:00:00 (76.6%)
  2100-Oct-19 06:00:00 (79.8%)
  2100-Oct-31 02:00:00 (83%)
  2100-Nov-11 22:00:00 (86.3%)
  2100-Nov-23 18:00:00 (89.5%)
  2100-Dec-05 15:00:00 (92.8%)
  2100-Dec-17 10:00:00 (96%)
  2100-Dec-29 07:00:00 (99.3%)
  2100-Dec-31 23:00:00 (100%)
Finished Program: 2014-Nov-15 12:24:46.226463
Elapsed Time: 00:01:01.737679
