instance.yaml
kiva v0.2.0-19-ge248292
Copyright (C) 2012-2014 Big Ladder Software
Web: www.bigladdersoftware.com

Starting Program: 2014-Nov-17 08:46:16.312087
Creating Domain...
  X Cells: 131
  Y Cells: 1
  Z Cells: 96
  Total Cells: 12576
Initializing Temperatures...
  2099-Jan-02 05:00:00
  2099-Jan-20 22:00:00
  2099-Feb-08 16:00:00
  2099-Feb-27 10:00:00
  2099-Mar-18 03:00:00
  2099-Apr-05 21:00:00
  2099-Apr-24 15:00:00
  2099-May-13 09:00:00
  2099-Jun-01 03:00:00
  2099-Jun-19 21:00:00
  2099-Jul-08 15:00:00
  2099-Jul-27 09:00:00
  2099-Aug-15 01:00:00
  2099-Sep-02 19:00:00
  2099-Sep-21 13:00:00
  2099-Oct-10 07:00:00
  2099-Oct-29 01:00:00
  2099-Nov-16 19:00:00
  2099-Dec-05 13:00:00
  2099-Dec-24 07:00:00
Beginning Simulation...
  2100-Jan-11 16:00:00 (2.9%)
  2100-Jan-29 20:00:00 (7.9%)
  2100-Feb-14 02:00:00 (12.1%)
  2100-Mar-04 06:00:00 (17.1%)
  2100-Mar-22 10:00:00 (22%)
  2100-Apr-09 13:00:00 (27%)
  2100-Apr-27 17:00:00 (32%)
  2100-May-15 22:00:00 (37%)
  2100-Jun-03 01:00:00 (41.9%)
  2100-Jun-21 05:00:00 (46.9%)
  2100-Jul-09 09:00:00 (51.9%)
  2100-Jul-27 11:00:00 (56.8%)
  2100-Aug-14 15:00:00 (61.8%)
  2100-Sep-01 19:00:00 (66.8%)
  2100-Sep-19 23:00:00 (71.8%)
  2100-Oct-08 02:00:00 (76.7%)
  2100-Oct-26 06:00:00 (81.7%)
  2100-Nov-13 11:00:00 (86.7%)
  2100-Dec-01 15:00:00 (91.7%)
  2100-Dec-19 18:00:00 (96.6%)
  2100-Dec-31 23:00:00 (100%)
Finished Program: 2014-Nov-17 08:46:56.672738
Elapsed Time: 00:00:40.360651
