instance.yaml
kiva v0.2.0-21-g785bfe1
Copyright (C) 2012-2014 Big Ladder Software
Web: www.bigladdersoftware.com

Starting Program: 2014-Nov-18 11:26:28.622360
Creating Domain...
  X Cells: 189
  Y Cells: 1
  Z Cells: 133
  Total Cells: 25137
Initializing Temperatures...
Warning: Solution did not converge after 428 iterations.
  The final residual was: 0.00202724
  Solver status: 2
  2098-Oct-08 23:00:00
  2099-Jan-03 22:00:00
  2099-Jan-13 11:00:00
  2099-Jan-23 00:00:00
  2099-Feb-01 13:00:00
  2099-Feb-11 02:00:00
  2099-Feb-20 16:00:00
  2099-Mar-02 05:00:00
  2099-Mar-11 18:00:00
  2099-Mar-21 07:00:00
  2099-Mar-30 20:00:00
  2099-Apr-09 09:00:00
  2099-Apr-18 22:00:00
  2099-Apr-28 11:00:00
  2099-May-08 01:00:00
  2099-May-17 14:00:00
  2099-May-27 03:00:00
  2099-Jun-05 16:00:00
  2099-Jun-15 05:00:00
  2099-Jun-24 19:00:00
  2099-Jul-04 08:00:00
  2099-Jul-13 21:00:00
  2099-Jul-23 10:00:00
  2099-Aug-02 00:00:00
  2099-Aug-11 13:00:00
  2099-Aug-21 02:00:00
  2099-Aug-30 15:00:00
  2099-Sep-09 04:00:00
  2099-Sep-18 18:00:00
  2099-Sep-28 07:00:00
  2099-Oct-07 20:00:00
  2099-Oct-17 09:00:00
  2099-Oct-26 23:00:00
  2099-Nov-05 12:00:00
  2099-Nov-15 01:00:00
  2099-Nov-24 14:00:00
  2099-Dec-04 03:00:00
  2099-Dec-13 17:00:00
  2099-Dec-23 06:00:00
Beginning Simulation...
  2100-Jan-01 18:00:00 (0.2%)
  2100-Jan-10 14:00:00 (2.6%)
  2100-Jan-19 10:00:00 (5%)
  2100-Jan-28 06:00:00 (7.5%)
  2100-Feb-06 03:00:00 (9.9%)
  2100-Feb-14 23:00:00 (12.3%)
  2100-Feb-23 19:00:00 (14.7%)
  2100-Mar-04 15:00:00 (17.2%)
  2100-Mar-13 11:00:00 (19.6%)
  2100-Mar-22 08:00:00 (22%)
  2100-Mar-31 04:00:00 (24.4%)
  2100-Apr-09 00:00:00 (26.8%)
  2100-Apr-17 20:00:00 (29.3%)
  2100-Apr-26 17:00:00 (31.7%)
  2100-May-05 13:00:00 (34.1%)
  2100-May-14 09:00:00 (36.5%)
  2100-May-23 06:00:00 (39%)
  2100-Jun-01 02:00:00 (41.4%)
  2100-Jun-09 23:00:00 (43.8%)
  2100-Jun-18 19:00:00 (46.2%)
  2100-Jun-27 16:00:00 (48.7%)
  2100-Jul-06 12:00:00 (51.1%)
  2100-Jul-15 09:00:00 (53.5%)
  2100-Jul-24 05:00:00 (55.9%)
  2100-Aug-02 01:00:00 (58.4%)
  2100-Aug-10 22:00:00 (60.8%)
  2100-Aug-19 18:00:00 (63.2%)
  2100-Aug-28 15:00:00 (65.7%)
  2100-Sep-06 11:00:00 (68.1%)
  2100-Sep-15 08:00:00 (70.5%)
  2100-Sep-24 04:00:00 (72.9%)
  2100-Oct-02 23:00:00 (75.3%)
  2100-Oct-11 20:00:00 (77.8%)
  2100-Oct-20 16:00:00 (80.2%)
  2100-Oct-29 13:00:00 (82.6%)
  2100-Nov-07 09:00:00 (85%)
  2100-Nov-16 06:00:00 (87.5%)
  2100-Nov-25 02:00:00 (89.9%)
  2100-Dec-03 23:00:00 (92.3%)
  2100-Dec-12 19:00:00 (94.7%)
  2100-Dec-21 16:00:00 (97.2%)
  2100-Dec-30 12:00:00 (99.6%)
  2100-Dec-31 23:00:00 (100%)
Finished Program: 2014-Nov-18 11:27:49.167754
Elapsed Time: 00:01:20.545394
