instance.yaml
kiva v0.2.0-9-g526928a
Copyright (C) 2012-2014 Big Ladder Software
Web: www.bigladdersoftware.com

Starting Program: 2014-Oct-26 15:38:18.504381
Creating Domain...
  X Cells: 86
  Y Cells: 1
  Z Cells: 125
  Total Cells: 10750
Initializing Temperatures...
  2098-Oct-22 23:00:00
  2099-Jan-10 23:00:00
  2099-Feb-01 16:00:00
  2099-Feb-26 10:00:00
  2099-Mar-23 04:00:00
  2099-Apr-16 22:00:00
  2099-May-11 16:00:00
  2099-Jun-05 10:00:00
  2099-Jun-30 03:00:00
  2099-Jul-24 21:00:00
  2099-Aug-18 14:00:00
  2099-Sep-12 08:00:00
  2099-Oct-07 02:00:00
  2099-Oct-31 20:00:00
  2099-Nov-25 14:00:00
  2099-Dec-20 08:00:00
Beginning Simulation...
  2100-Jan-13 02:00:00 (3.3%)
  2100-Feb-04 21:00:00 (9.6%)
  2100-Feb-27 16:00:00 (15.8%)
  2100-Mar-22 11:00:00 (22%)
  2100-Apr-14 07:00:00 (28.3%)
  2100-May-07 02:00:00 (34.5%)
  2100-May-29 21:00:00 (40.8%)
  2100-Jun-21 16:00:00 (47%)
  2100-Jul-14 11:00:00 (53.3%)
  2100-Aug-06 06:00:00 (59.5%)
  2100-Aug-29 01:00:00 (65.8%)
  2100-Sep-20 20:00:00 (72%)
  2100-Oct-13 15:00:00 (78.3%)
  2100-Nov-05 11:00:00 (84.5%)
  2100-Nov-28 06:00:00 (90.8%)
  2100-Dec-21 04:00:00 (97%)
  2100-Dec-31 23:00:00 (100%)
Finished Program: 2014-Oct-26 15:38:50.472929
Elapsed Time: 00:00:31.968548
