instance.yaml
kiva v0.2.0-9-g526928a
Copyright (C) 2012-2014 Big Ladder Software
Web: www.bigladdersoftware.com

Starting Program: 2014-Nov-15 11:22:46.581721
Creating Domain...
  X Cells: 234
  Y Cells: 1
  Z Cells: 103
  Total Cells: 24102
Initializing Temperatures...
  2098-Oct-15 23:00:00
  2099-Jan-03 12:00:00
  2099-Jan-12 09:00:00
  2099-Jan-21 06:00:00
  2099-Jan-30 02:00:00
  2099-Feb-07 23:00:00
  2099-Feb-16 20:00:00
  2099-Feb-25 17:00:00
  2099-Mar-06 13:00:00
  2099-Mar-15 10:00:00
  2099-Mar-24 07:00:00
  2099-Apr-02 03:00:00
  2099-Apr-11 00:00:00
  2099-Apr-19 21:00:00
  2099-Apr-28 18:00:00
  2099-May-07 15:00:00
  2099-May-16 12:00:00
  2099-May-25 09:00:00
  2099-Jun-03 05:00:00
  2099-Jun-12 02:00:00
  2099-Jun-20 23:00:00
  2099-Jun-29 20:00:00
  2099-Jul-09 01:00:00
  2099-Jul-18 06:00:00
  2099-Jul-27 11:00:00
  2099-Aug-05 16:00:00
  2099-Aug-14 20:00:00
  2099-Aug-24 01:00:00
  2099-Sep-02 06:00:00
  2099-Sep-11 10:00:00
  2099-Sep-20 15:00:00
  2099-Sep-29 20:00:00
  2099-Oct-09 01:00:00
  2099-Oct-18 06:00:00
  2099-Oct-27 11:00:00
  2099-Nov-05 16:00:00
  2099-Nov-14 21:00:00
  2099-Nov-24 02:00:00
  2099-Dec-03 07:00:00
  2099-Dec-12 12:00:00
  2099-Dec-21 17:00:00
  2099-Dec-30 22:00:00
Beginning Simulation...
  2100-Jan-09 00:00:00 (2.2%)
  2100-Jan-18 02:00:00 (4.7%)
  2100-Jan-27 04:00:00 (7.2%)
  2100-Feb-05 05:00:00 (9.6%)
  2100-Feb-14 07:00:00 (12.1%)
  2100-Feb-23 09:00:00 (14.6%)
  2100-Mar-04 11:00:00 (17.1%)
  2100-Mar-13 13:00:00 (19.6%)
  2100-Mar-22 15:00:00 (22.1%)
  2100-Mar-31 16:00:00 (24.6%)
  2100-Apr-09 18:00:00 (27.1%)
  2100-Apr-18 20:00:00 (29.5%)
  2100-Apr-27 22:00:00 (32%)
  2100-May-07 00:00:00 (34.5%)
  2100-May-16 01:00:00 (37%)
  2100-May-25 03:00:00 (39.5%)
  2100-Jun-03 05:00:00 (42%)
  2100-Jun-12 07:00:00 (44.5%)
  2100-Jun-21 09:00:00 (47%)
  2100-Jun-30 11:00:00 (49.4%)
  2100-Jul-09 13:00:00 (51.9%)
  2100-Jul-18 15:00:00 (54.4%)
  2100-Jul-27 16:00:00 (56.9%)
  2100-Aug-05 18:00:00 (59.4%)
  2100-Aug-14 20:00:00 (61.9%)
  2100-Aug-23 22:00:00 (64.4%)
  2100-Sep-02 00:00:00 (66.8%)
  2100-Sep-11 02:00:00 (69.3%)
  2100-Sep-20 04:00:00 (71.8%)
  2100-Sep-29 06:00:00 (74.3%)
  2100-Oct-08 08:00:00 (76.8%)
  2100-Oct-17 09:00:00 (79.3%)
  2100-Oct-26 10:00:00 (81.8%)
  2100-Nov-04 12:00:00 (84.2%)
  2100-Nov-13 14:00:00 (86.7%)
  2100-Nov-22 16:00:00 (89.2%)
  2100-Dec-01 18:00:00 (91.7%)
  2100-Dec-10 20:00:00 (94.2%)
  2100-Dec-19 22:00:00 (96.7%)
  2100-Dec-28 23:00:00 (99.2%)
  2100-Dec-31 23:00:00 (100%)
Finished Program: 2014-Nov-15 11:24:08.330259
Elapsed Time: 00:01:21.748538
