instance.yaml
kiva v0.2.0-21-g785bfe1
Copyright (C) 2012-2014 Big Ladder Software
Web: www.bigladdersoftware.com

Starting Program: 2014-Nov-18 11:24:27.232780
Creating Domain...
  X Cells: 92
  Y Cells: 1
  Z Cells: 113
  Total Cells: 10396
Initializing Temperatures...
  2099-Jan-05 13:00:00
  2099-Jan-28 10:00:00
  2099-Feb-20 06:00:00
  2099-Mar-15 03:00:00
  2099-Apr-06 23:00:00
  2099-Apr-29 19:00:00
  2099-May-22 16:00:00
  2099-Jun-14 12:00:00
  2099-Jul-07 09:00:00
  2099-Jul-30 06:00:00
  2099-Aug-22 02:00:00
  2099-Sep-13 23:00:00
  2099-Oct-06 19:00:00
  2099-Oct-29 16:00:00
  2099-Nov-21 13:00:00
  2099-Dec-14 12:00:00
Beginning Simulation...
  2100-Jan-06 08:00:00 (1.5%)
  2100-Jan-28 18:00:00 (7.6%)
  2100-Feb-20 03:00:00 (13.7%)
  2100-Mar-14 13:00:00 (19.9%)
  2100-Apr-05 22:00:00 (26%)
  2100-Apr-28 08:00:00 (32.1%)
  2100-May-20 18:00:00 (38.3%)
  2100-Jun-12 03:00:00 (44.4%)
  2100-Jul-04 13:00:00 (50.6%)
  2100-Jul-26 23:00:00 (56.7%)
  2100-Aug-18 09:00:00 (62.8%)
  2100-Sep-09 19:00:00 (69%)
  2100-Oct-02 04:00:00 (75.1%)
  2100-Oct-24 14:00:00 (81.3%)
  2100-Nov-16 00:00:00 (87.4%)
  2100-Dec-08 09:00:00 (93.5%)
  2100-Dec-30 19:00:00 (99.7%)
  2100-Dec-31 23:00:00 (100%)
Finished Program: 2014-Nov-18 11:25:00.053919
Elapsed Time: 00:00:32.821139
