instance.yaml
kiva v0.2.0-21-g785bfe1
Copyright (C) 2012-2014 Big Ladder Software
Web: www.bigladdersoftware.com

Starting Program: 2014-Nov-18 11:19:25.965461
Creating Domain...
  X Cells: 150
  Y Cells: 1
  Z Cells: 133
  Total Cells: 19950
Initializing Temperatures...
  2099-Jan-01 16:00:00
  2099-Jan-13 07:00:00
  2099-Jan-24 21:00:00
  2099-Feb-05 12:00:00
  2099-Feb-17 03:00:00
  2099-Feb-28 17:00:00
  2099-Mar-12 08:00:00
  2099-Mar-23 23:00:00
  2099-Apr-04 14:00:00
  2099-Apr-16 04:00:00
  2099-Apr-27 19:00:00
  2099-May-09 10:00:00
  2099-May-21 01:00:00
  2099-Jun-01 15:00:00
  2099-Jun-13 06:00:00
  2099-Jun-24 21:00:00
  2099-Jul-06 12:00:00
  2099-Jul-18 02:00:00
  2099-Jul-29 17:00:00
  2099-Aug-10 08:00:00
  2099-Aug-21 23:00:00
  2099-Sep-02 13:00:00
  2099-Sep-14 04:00:00
  2099-Sep-25 19:00:00
  2099-Oct-07 10:00:00
  2099-Oct-19 01:00:00
  2099-Oct-30 16:00:00
  2099-Nov-11 07:00:00
  2099-Nov-22 22:00:00
  2099-Dec-04 13:00:00
  2099-Dec-16 04:00:00
  2099-Dec-27 18:00:00
Beginning Simulation...
  2100-Jan-07 19:00:00 (1.9%)
  2100-Jan-18 10:00:00 (4.8%)
  2100-Jan-29 02:00:00 (7.7%)
  2100-Feb-08 17:00:00 (10.6%)
  2100-Feb-19 09:00:00 (13.5%)
  2100-Mar-02 00:00:00 (16.4%)
  2100-Mar-12 15:00:00 (19.3%)
  2100-Mar-23 07:00:00 (22.3%)
  2100-Apr-02 22:00:00 (25.2%)
  2100-Apr-13 14:00:00 (28.1%)
  2100-Apr-24 06:00:00 (31%)
  2100-May-04 21:00:00 (33.9%)
  2100-May-15 13:00:00 (36.9%)
  2100-May-26 04:00:00 (39.8%)
  2100-Jun-05 20:00:00 (42.7%)
  2100-Jun-16 12:00:00 (45.6%)
  2100-Jun-27 03:00:00 (48.5%)
  2100-Jul-07 19:00:00 (51.4%)
  2100-Jul-18 11:00:00 (54.4%)
  2100-Jul-29 03:00:00 (57.3%)
  2100-Aug-08 18:00:00 (60.2%)
  2100-Aug-19 10:00:00 (63.1%)
  2100-Aug-30 01:00:00 (66%)
  2100-Sep-09 17:00:00 (69%)
  2100-Sep-20 09:00:00 (71.9%)
  2100-Oct-01 00:00:00 (74.8%)
  2100-Oct-11 16:00:00 (77.7%)
  2100-Oct-22 08:00:00 (80.6%)
  2100-Nov-01 23:00:00 (83.6%)
  2100-Nov-12 15:00:00 (86.5%)
  2100-Nov-23 07:00:00 (89.4%)
  2100-Dec-03 22:00:00 (92.3%)
  2100-Dec-14 14:00:00 (95.2%)
  2100-Dec-25 03:00:00 (98.1%)
  2100-Dec-31 23:00:00 (100%)
Finished Program: 2014-Nov-18 11:20:32.642222
Elapsed Time: 00:01:06.676761
