instance.yaml
kiva v0.2.0-9-g526928a
Copyright (C) 2012-2014 Big Ladder Software
Web: www.bigladdersoftware.com

Starting Program: 2014-Oct-24 08:45:15.302215
Creating Domain...
  X Cells: 134
  Y Cells: 1
  Z Cells: 132
  Total Cells: 17688
Initializing Temperatures...
Warning: Solution did not converge after 591 iterations.
  The final residual was: 2.69116e-05
  Solver status: 2
  2098-Oct-15 23:00:00
  2098-Dec-31 23:00:00
  2099-Jan-13 14:00:00
  2099-Jan-29 13:00:00
  2099-Feb-14 11:00:00
  2099-Mar-02 09:00:00
  2099-Mar-18 07:00:00
  2099-Apr-03 06:00:00
  2099-Apr-19 04:00:00
  2099-May-05 02:00:00
  2099-May-21 01:00:00
  2099-Jun-05 23:00:00
  2099-Jun-21 21:00:00
  2099-Jul-07 19:00:00
  2099-Jul-23 18:00:00
  2099-Aug-08 15:00:00
  2099-Aug-24 13:00:00
  2099-Sep-09 12:00:00
  2099-Sep-25 10:00:00
  2099-Oct-11 08:00:00
  2099-Oct-27 06:00:00
  2099-Nov-12 05:00:00
  2099-Nov-28 03:00:00
  2099-Dec-14 01:00:00
  2099-Dec-30 00:00:00
Beginning Simulation...
  2100-Jan-14 01:00:00 (3.6%)
  2100-Jan-29 00:00:00 (7.7%)
  2100-Feb-12 22:00:00 (11.8%)
  2100-Feb-27 21:00:00 (15.9%)
  2100-Mar-14 19:00:00 (19.9%)
  2100-Mar-29 18:00:00 (24%)
  2100-Apr-13 17:00:00 (28.1%)
  2100-Apr-28 15:00:00 (32.2%)
  2100-May-13 13:00:00 (36.3%)
  2100-May-28 12:00:00 (40.4%)
  2100-Jun-12 10:00:00 (44.5%)
  2100-Jun-27 09:00:00 (48.6%)
  2100-Jul-12 07:00:00 (52.7%)
  2100-Jul-27 06:00:00 (56.8%)
  2100-Aug-11 05:00:00 (60.9%)
  2100-Aug-26 03:00:00 (65%)
  2100-Sep-10 02:00:00 (69.1%)
  2100-Sep-25 00:00:00 (73.2%)
  2100-Oct-09 23:00:00 (77.2%)
  2100-Oct-24 21:00:00 (81.3%)
  2100-Nov-08 20:00:00 (85.4%)
  2100-Nov-23 19:00:00 (89.5%)
  2100-Dec-08 17:00:00 (93.6%)
  2100-Dec-23 15:00:00 (97.7%)
  2100-Dec-31 23:00:00 (100%)
Finished Program: 2014-Oct-24 08:46:04.558017
Elapsed Time: 00:00:49.255802
