instance.yaml
kiva v0.2.0-19-ge248292
Copyright (C) 2012-2014 Big Ladder Software
Web: www.bigladdersoftware.com

Starting Program: 2014-Nov-17 08:44:14.748476
Creating Domain...
  X Cells: 90
  Y Cells: 1
  Z Cells: 93
  Total Cells: 8370
Initializing Temperatures...
  2099-Jan-10 14:00:00
  2099-Feb-05 16:00:00
  2099-Mar-03 18:00:00
  2099-Mar-29 20:00:00
  2099-Apr-24 22:00:00
  2099-May-21 01:00:00
  2099-Jun-16 03:00:00
  2099-Jul-12 05:00:00
  2099-Aug-07 07:00:00
  2099-Sep-02 09:00:00
  2099-Sep-28 11:00:00
  2099-Oct-24 13:00:00
  2099-Nov-19 16:00:00
  2099-Dec-15 18:00:00
Beginning Simulation...
  2100-Jan-10 14:00:00 (2.6%)
  2100-Feb-04 22:00:00 (9.6%)
  2100-Mar-02 07:00:00 (16.5%)
  2100-Mar-27 15:00:00 (23.5%)
  2100-Apr-21 23:00:00 (30.4%)
  2100-May-17 08:00:00 (37.4%)
  2100-Jun-11 17:00:00 (44.3%)
  2100-Jul-07 01:00:00 (51.2%)
  2100-Aug-01 10:00:00 (58.2%)
  2100-Aug-26 18:00:00 (65.1%)
  2100-Sep-21 03:00:00 (72.1%)
  2100-Oct-16 12:00:00 (79%)
  2100-Nov-10 21:00:00 (86%)
  2100-Dec-06 06:00:00 (92.9%)
  2100-Dec-31 15:00:00 (99.9%)
  2100-Dec-31 23:00:00 (100%)
Finished Program: 2014-Nov-17 08:44:44.014745
Elapsed Time: 00:00:29.266269
