instance.yaml
kiva v0.2.0-21-g785bfe1
Copyright (C) 2012-2014 Big Ladder Software
Web: www.bigladdersoftware.com

Starting Program: 2014-Nov-18 11:27:28.138003
Creating Domain...
  X Cells: 99
  Y Cells: 1
  Z Cells: 125
  Total Cells: 12375
Initializing Temperatures...
  2099-Jan-06 00:00:00
  2099-Jan-26 05:00:00
  2099-Feb-15 09:00:00
  2099-Mar-07 14:00:00
  2099-Mar-27 19:00:00
  2099-Apr-16 23:00:00
  2099-May-07 04:00:00
  2099-May-27 09:00:00
  2099-Jun-16 14:00:00
  2099-Jul-06 19:00:00
  2099-Jul-27 00:00:00
  2099-Aug-16 05:00:00
  2099-Sep-05 10:00:00
  2099-Sep-25 16:00:00
  2099-Oct-15 21:00:00
  2099-Nov-05 02:00:00
  2099-Nov-25 07:00:00
  2099-Dec-15 12:00:00
Beginning Simulation...
  2100-Jan-04 10:00:00 (0.9%)
  2100-Jan-23 01:00:00 (6%)
  2100-Feb-10 16:00:00 (11.1%)
  2100-Mar-01 06:00:00 (16.2%)
  2100-Mar-19 20:00:00 (21.3%)
  2100-Apr-07 10:00:00 (26.4%)
  2100-Apr-26 01:00:00 (31.5%)
  2100-May-14 16:00:00 (36.6%)
  2100-Jun-02 07:00:00 (41.7%)
  2100-Jun-20 22:00:00 (46.8%)
  2100-Jul-09 13:00:00 (51.9%)
  2100-Jul-28 04:00:00 (57%)
  2100-Aug-15 18:00:00 (62.1%)
  2100-Sep-03 08:00:00 (67.2%)
  2100-Sep-22 00:00:00 (72.3%)
  2100-Oct-10 11:00:00 (77.4%)
  2100-Oct-29 02:00:00 (82.5%)
  2100-Nov-16 17:00:00 (87.6%)
  2100-Dec-05 08:00:00 (92.7%)
  2100-Dec-23 23:00:00 (97.8%)
  2100-Dec-31 23:00:00 (100%)
Finished Program: 2014-Nov-18 11:28:06.431833
Elapsed Time: 00:00:38.293830
