instance.yaml
kiva v0.2.0-9-g526928a
Copyright (C) 2012-2014 Big Ladder Software
Web: www.bigladdersoftware.com

Starting Program: 2014-Nov-15 12:24:44.929301
Creating Domain...
  X Cells: 157
  Y Cells: 1
  Z Cells: 125
  Total Cells: 19625
Initializing Temperatures...
  2099-Jan-04 06:00:00
  2099-Jan-15 21:00:00
  2099-Jan-27 13:00:00
  2099-Feb-08 04:00:00
  2099-Feb-19 19:00:00
  2099-Mar-03 11:00:00
  2099-Mar-15 02:00:00
  2099-Mar-26 18:00:00
  2099-Apr-07 09:00:00
  2099-Apr-19 01:00:00
  2099-Apr-30 16:00:00
  2099-May-12 08:00:00
  2099-May-23 23:00:00
  2099-Jun-04 15:00:00
  2099-Jun-16 06:00:00
  2099-Jun-27 22:00:00
  2099-Jul-09 13:00:00
  2099-Jul-21 05:00:00
  2099-Aug-01 20:00:00
  2099-Aug-13 12:00:00
  2099-Aug-25 03:00:00
  2099-Sep-05 19:00:00
  2099-Sep-17 10:00:00
  2099-Sep-29 01:00:00
  2099-Oct-10 17:00:00
  2099-Oct-22 09:00:00
  2099-Nov-03 00:00:00
  2099-Nov-14 16:00:00
  2099-Nov-26 07:00:00
  2099-Dec-07 23:00:00
  2099-Dec-19 14:00:00
  2099-Dec-31 06:00:00
Beginning Simulation...
  2100-Jan-11 00:00:00 (2.7%)
  2100-Jan-21 16:00:00 (5.7%)
  2100-Feb-01 08:00:00 (8.6%)
  2100-Feb-12 00:00:00 (11.5%)
  2100-Feb-22 16:00:00 (14.4%)
  2100-Mar-05 09:00:00 (17.4%)
  2100-Mar-16 01:00:00 (20.3%)
  2100-Mar-26 17:00:00 (23.2%)
  2100-Apr-06 09:00:00 (26.1%)
  2100-Apr-17 01:00:00 (29.1%)
  2100-Apr-27 17:00:00 (32%)
  2100-May-08 09:00:00 (34.9%)
  2100-May-19 02:00:00 (37.8%)
  2100-May-29 17:00:00 (40.7%)
  2100-Jun-09 10:00:00 (43.7%)
  2100-Jun-20 02:00:00 (46.6%)
  2100-Jun-30 18:00:00 (49.5%)
  2100-Jul-11 11:00:00 (52.5%)
  2100-Jul-22 05:00:00 (55.4%)
  2100-Aug-01 23:00:00 (58.3%)
  2100-Aug-12 17:00:00 (61.3%)
  2100-Aug-23 11:00:00 (64.2%)
  2100-Sep-03 04:00:00 (67.2%)
  2100-Sep-13 22:00:00 (70.1%)
  2100-Sep-24 16:00:00 (73.1%)
  2100-Oct-05 10:00:00 (76%)
  2100-Oct-16 04:00:00 (78.9%)
  2100-Oct-26 22:00:00 (81.9%)
  2100-Nov-06 16:00:00 (84.8%)
  2100-Nov-17 10:00:00 (87.8%)
  2100-Nov-28 02:00:00 (90.7%)
  2100-Dec-08 20:00:00 (93.7%)
  2100-Dec-19 15:00:00 (96.6%)
  2100-Dec-30 09:00:00 (99.6%)
  2100-Dec-31 23:00:00 (100%)
Finished Program: 2014-Nov-15 12:25:51.149148
Elapsed Time: 00:01:06.219847
