instance.yaml
kiva v0.2.0-19-ge248292
Copyright (C) 2012-2014 Big Ladder Software
Web: www.bigladdersoftware.com

Starting Program: 2014-Nov-17 08:46:14.038033
Creating Domain...
  X Cells: 61
  Y Cells: 1
  Z Cells: 125
  Total Cells: 7625
Initializing Temperatures...
  2099-Jan-14 13:00:00
  2099-Feb-13 06:00:00
  2099-Mar-14 23:00:00
  2099-Apr-13 16:00:00
  2099-May-13 09:00:00
  2099-Jun-12 02:00:00
  2099-Jul-11 19:00:00
  2099-Aug-10 12:00:00
  2099-Sep-09 05:00:00
  2099-Oct-08 23:00:00
  2099-Nov-07 16:00:00
  2099-Dec-07 09:00:00
Beginning Simulation...
  2100-Jan-05 13:00:00 (1.2%)
  2100-Jan-31 20:00:00 (8.4%)
  2100-Feb-27 02:00:00 (15.6%)
  2100-Mar-25 10:00:00 (22.9%)
  2100-Apr-20 17:00:00 (30.1%)
  2100-May-17 01:00:00 (37.3%)
  2100-Jun-12 08:00:00 (44.5%)
  2100-Jul-08 16:00:00 (51.7%)
  2100-Aug-03 23:00:00 (58.9%)
  2100-Aug-20 14:00:00 (63.4%)
  2100-Sep-15 21:00:00 (70.7%)
  2100-Oct-12 05:00:00 (77.9%)
  2100-Nov-07 12:00:00 (85.1%)
  2100-Dec-03 20:00:00 (92.3%)
  2100-Dec-30 03:00:00 (99.5%)
  2100-Dec-31 23:00:00 (100%)
Finished Program: 2014-Nov-17 08:46:41.070213
Elapsed Time: 00:00:27.032180
