instance.yaml
kiva v0.2.0-22-gd89b213
Copyright (C) 2012-2014 Big Ladder Software
Web: www.bigladdersoftware.com

Starting Program: 2014-Nov-19 10:42:45.946049
Creating Domain...
  X Cells: 181
  Y Cells: 1
  Z Cells: 93
  Total Cells: 16833
Initializing Temperatures...
  2099-Jan-04 20:00:00
  2099-Jan-17 18:00:00
  2099-Jan-30 16:00:00
  2099-Feb-12 14:00:00
  2099-Feb-25 11:00:00
  2099-Mar-10 09:00:00
  2099-Mar-23 07:00:00
  2099-Apr-05 04:00:00
  2099-Apr-18 02:00:00
  2099-May-01 00:00:00
  2099-May-13 22:00:00
  2099-May-26 19:00:00
  2099-Jun-08 17:00:00
  2099-Jun-21 15:00:00
  2099-Jul-04 13:00:00
  2099-Jul-17 11:00:00
  2099-Jul-30 08:00:00
  2099-Aug-12 06:00:00
  2099-Aug-25 04:00:00
  2099-Sep-07 02:00:00
  2099-Sep-19 23:00:00
  2099-Oct-02 21:00:00
  2099-Oct-15 19:00:00
  2099-Oct-28 17:00:00
  2099-Nov-10 15:00:00
  2099-Nov-23 13:00:00
  2099-Dec-06 11:00:00
  2099-Dec-19 09:00:00
Beginning Simulation...
  2100-Jan-01 08:00:00 (0.1%)
  2100-Jan-13 23:00:00 (3.6%)
  2100-Jan-26 15:00:00 (7%)
  2100-Feb-08 06:00:00 (10.5%)
  2100-Feb-20 21:00:00 (13.9%)
  2100-Mar-05 13:00:00 (17.4%)
  2100-Mar-18 03:00:00 (20.9%)
  2100-Mar-30 19:00:00 (24.3%)
  2100-Apr-12 10:00:00 (27.8%)
  2100-Apr-25 01:00:00 (31.2%)
  2100-May-07 17:00:00 (34.7%)
  2100-May-20 08:00:00 (38.2%)
  2100-Jun-01 23:00:00 (41.6%)
  2100-Jun-14 15:00:00 (45.1%)
  2100-Jun-27 06:00:00 (48.6%)
  2100-Jul-09 21:00:00 (52%)
  2100-Jul-22 13:00:00 (55.5%)
  2100-Aug-04 04:00:00 (58.9%)
  2100-Aug-16 19:00:00 (62.4%)
  2100-Aug-29 11:00:00 (65.9%)
  2100-Sep-11 02:00:00 (69.3%)
  2100-Sep-23 18:00:00 (72.8%)
  2100-Oct-06 09:00:00 (76.3%)
  2100-Oct-19 01:00:00 (79.7%)
  2100-Oct-31 16:00:00 (83.2%)
  2100-Nov-13 08:00:00 (86.7%)
  2100-Nov-26 00:00:00 (90.1%)
  2100-Dec-08 15:00:00 (93.6%)
  2100-Dec-21 06:00:00 (97.1%)
  2100-Dec-31 23:00:00 (100%)
Finished Program: 2014-Nov-19 10:43:43.847211
Elapsed Time: 00:00:57.901162
