instance.yaml
kiva v0.2.0-9-g526928a
Copyright (C) 2012-2014 Big Ladder Software
Web: www.bigladdersoftware.com

Starting Program: 2014-Nov-15 12:22:46.502534
Creating Domain...
  X Cells: 184
  Y Cells: 1
  Z Cells: 113
  Total Cells: 20792
Initializing Temperatures...
  2098-Nov-05 23:00:00
  2099-Jan-07 06:00:00
  2099-Jan-18 00:00:00
  2099-Jan-28 17:00:00
  2099-Feb-08 11:00:00
  2099-Feb-19 05:00:00
  2099-Mar-01 22:00:00
  2099-Mar-12 16:00:00
  2099-Mar-23 10:00:00
  2099-Apr-03 03:00:00
  2099-Apr-13 21:00:00
  2099-Apr-24 15:00:00
  2099-May-05 08:00:00
  2099-May-16 02:00:00
  2099-May-26 20:00:00
  2099-Jun-06 14:00:00
  2099-Jun-17 08:00:00
  2099-Jun-28 01:00:00
  2099-Jul-08 19:00:00
  2099-Jul-19 13:00:00
  2099-Jul-30 07:00:00
  2099-Aug-10 00:00:00
  2099-Aug-20 18:00:00
  2099-Aug-31 12:00:00
  2099-Sep-11 06:00:00
  2099-Sep-21 23:00:00
  2099-Oct-02 17:00:00
  2099-Oct-13 11:00:00
  2099-Oct-24 04:00:00
  2099-Nov-03 22:00:00
  2099-Nov-14 16:00:00
  2099-Nov-25 10:00:00
  2099-Dec-06 03:00:00
  2099-Dec-16 21:00:00
  2099-Dec-27 15:00:00
Beginning Simulation...
  2100-Jan-07 06:00:00 (1.7%)
  2100-Jan-17 20:00:00 (4.6%)
  2100-Jan-28 10:00:00 (7.5%)
  2100-Feb-07 23:00:00 (10.4%)
  2100-Feb-18 13:00:00 (13.3%)
  2100-Mar-01 03:00:00 (16.2%)
  2100-Mar-11 17:00:00 (19.1%)
  2100-Mar-22 07:00:00 (22%)
  2100-Apr-01 20:00:00 (24.9%)
  2100-Apr-12 10:00:00 (27.8%)
  2100-Apr-23 00:00:00 (30.7%)
  2100-May-03 14:00:00 (33.6%)
  2100-May-14 04:00:00 (36.5%)
  2100-May-24 18:00:00 (39.4%)
  2100-Jun-04 08:00:00 (42.3%)
  2100-Jun-14 22:00:00 (45.2%)
  2100-Jun-25 12:00:00 (48.1%)
  2100-Jul-06 02:00:00 (51%)
  2100-Jul-16 16:00:00 (53.9%)
  2100-Jul-27 06:00:00 (56.8%)
  2100-Aug-06 20:00:00 (59.7%)
  2100-Aug-17 10:00:00 (62.6%)
  2100-Aug-27 23:00:00 (65.5%)
  2100-Sep-07 13:00:00 (68.4%)
  2100-Sep-18 03:00:00 (71.3%)
  2100-Sep-28 17:00:00 (74.2%)
  2100-Oct-09 07:00:00 (77.1%)
  2100-Oct-19 21:00:00 (80%)
  2100-Oct-30 11:00:00 (82.9%)
  2100-Nov-10 01:00:00 (85.8%)
  2100-Nov-20 15:00:00 (88.7%)
  2100-Dec-01 05:00:00 (91.6%)
  2100-Dec-11 19:00:00 (94.5%)
  2100-Dec-22 09:00:00 (97.4%)
  2100-Dec-31 23:00:00 (100%)
Finished Program: 2014-Nov-15 12:23:55.916013
Elapsed Time: 00:01:09.413479
