instance.yaml
kiva v0.2.0-22-gd89b213
Copyright (C) 2012-2014 Big Ladder Software
Web: www.bigladdersoftware.com

Starting Program: 2014-Nov-19 10:42:43.786210
Creating Domain...
  X Cells: 184
  Y Cells: 1
  Z Cells: 113
  Total Cells: 20792
Initializing Temperatures...
  2098-Oct-01 23:00:00
  2099-Jan-03 22:00:00
  2099-Jan-14 18:00:00
  2099-Jan-25 14:00:00
  2099-Feb-05 10:00:00
  2099-Feb-16 06:00:00
  2099-Feb-27 02:00:00
  2099-Mar-09 22:00:00
  2099-Mar-20 18:00:00
  2099-Mar-31 14:00:00
  2099-Apr-11 10:00:00
  2099-Apr-22 06:00:00
  2099-May-03 02:00:00
  2099-May-13 22:00:00
  2099-May-24 18:00:00
  2099-Jun-04 15:00:00
  2099-Jun-15 11:00:00
  2099-Jun-26 07:00:00
  2099-Jul-07 03:00:00
  2099-Jul-17 23:00:00
  2099-Jul-28 20:00:00
  2099-Aug-08 16:00:00
  2099-Aug-19 12:00:00
  2099-Aug-30 08:00:00
  2099-Sep-10 04:00:00
  2099-Sep-21 00:00:00
  2099-Oct-01 21:00:00
  2099-Oct-12 17:00:00
  2099-Oct-23 13:00:00
  2099-Nov-03 09:00:00
  2099-Nov-14 05:00:00
  2099-Nov-25 01:00:00
  2099-Dec-05 22:00:00
  2099-Dec-16 18:00:00
  2099-Dec-27 14:00:00
Beginning Simulation...
  2100-Jan-07 07:00:00 (1.7%)
  2100-Jan-17 23:00:00 (4.6%)
  2100-Jan-28 14:00:00 (7.6%)
  2100-Feb-08 06:00:00 (10.5%)
  2100-Feb-18 22:00:00 (13.4%)
  2100-Mar-01 13:00:00 (16.3%)
  2100-Mar-12 05:00:00 (19.2%)
  2100-Mar-22 20:00:00 (22.1%)
  2100-Apr-02 12:00:00 (25.1%)
  2100-Apr-13 04:00:00 (28%)
  2100-Apr-23 19:00:00 (30.9%)
  2100-May-04 10:00:00 (33.8%)
  2100-May-15 02:00:00 (36.7%)
  2100-May-25 18:00:00 (39.7%)
  2100-Jun-05 10:00:00 (42.6%)
  2100-Jun-16 02:00:00 (45.5%)
  2100-Jun-26 18:00:00 (48.4%)
  2100-Jul-07 09:00:00 (51.3%)
  2100-Jul-18 01:00:00 (54.3%)
  2100-Jul-28 17:00:00 (57.2%)
  2100-Aug-08 08:00:00 (60.1%)
  2100-Aug-19 00:00:00 (63%)
  2100-Aug-29 16:00:00 (65.9%)
  2100-Sep-09 08:00:00 (68.9%)
  2100-Sep-19 23:00:00 (71.8%)
  2100-Sep-30 15:00:00 (74.7%)
  2100-Oct-11 07:00:00 (77.6%)
  2100-Oct-21 23:00:00 (80.5%)
  2100-Nov-01 15:00:00 (83.5%)
  2100-Nov-12 06:00:00 (86.4%)
  2100-Nov-22 23:00:00 (89.3%)
  2100-Dec-03 18:00:00 (92.3%)
  2100-Dec-14 12:00:00 (95.2%)
  2100-Dec-25 07:00:00 (98.2%)
  2100-Dec-31 23:00:00 (100%)
Finished Program: 2014-Nov-19 10:43:52.620619
Elapsed Time: 00:01:08.834409
