instance.yaml
kiva v0.2.0-21-g785bfe1
Copyright (C) 2012-2014 Big Ladder Software
Web: www.bigladdersoftware.com

Starting Program: 2014-Nov-18 11:29:25.798123
Creating Domain...
  X Cells: 258
  Y Cells: 1
  Z Cells: 103
  Total Cells: 26574
Initializing Temperatures...
  2098-Dec-31 23:00:00
  2099-Jan-09 04:00:00
  2099-Jan-17 12:00:00
  2099-Jan-25 20:00:00
  2099-Feb-03 03:00:00
  2099-Feb-11 11:00:00
  2099-Feb-19 19:00:00
  2099-Feb-28 02:00:00
  2099-Mar-08 10:00:00
  2099-Mar-16 18:00:00
  2099-Mar-25 01:00:00
  2099-Apr-02 09:00:00
  2099-Apr-10 17:00:00
  2099-Apr-19 00:00:00
  2099-Apr-27 08:00:00
  2099-May-05 16:00:00
  2099-May-14 00:00:00
  2099-May-22 07:00:00
  2099-May-30 15:00:00
  2099-Jun-07 22:00:00
  2099-Jun-16 06:00:00
  2099-Jun-24 14:00:00
  2099-Jul-02 22:00:00
  2099-Jul-11 05:00:00
  2099-Jul-19 13:00:00
  2099-Jul-27 21:00:00
  2099-Aug-05 05:00:00
  2099-Aug-13 12:00:00
  2099-Aug-21 20:00:00
  2099-Aug-30 04:00:00
  2099-Sep-07 12:00:00
  2099-Sep-15 20:00:00
  2099-Sep-24 03:00:00
  2099-Oct-02 11:00:00
  2099-Oct-10 19:00:00
  2099-Oct-19 03:00:00
  2099-Oct-27 11:00:00
  2099-Nov-04 18:00:00
  2099-Nov-13 01:00:00
  2099-Nov-21 09:00:00
  2099-Nov-29 17:00:00
  2099-Dec-08 01:00:00
  2099-Dec-16 08:00:00
  2099-Dec-24 16:00:00
Beginning Simulation...
  2100-Jan-02 00:00:00 (0.3%)
  2100-Jan-10 04:00:00 (2.5%)
  2100-Jan-18 09:00:00 (4.8%)
  2100-Jan-26 13:00:00 (7%)
  2100-Feb-03 18:00:00 (9.2%)
  2100-Feb-11 22:00:00 (11.5%)
  2100-Feb-20 03:00:00 (13.7%)
  2100-Feb-28 07:00:00 (16%)
  2100-Mar-08 11:00:00 (18.2%)
  2100-Mar-16 15:00:00 (20.4%)
  2100-Mar-24 20:00:00 (22.7%)
  2100-Apr-02 00:00:00 (24.9%)
  2100-Apr-10 04:00:00 (27.2%)
  2100-Apr-18 08:00:00 (29.4%)
  2100-Apr-26 13:00:00 (31.7%)
  2100-May-04 17:00:00 (33.9%)
  2100-May-12 22:00:00 (36.1%)
  2100-May-21 02:00:00 (38.4%)
  2100-May-29 07:00:00 (40.6%)
  2100-Jun-06 11:00:00 (42.9%)
  2100-Jun-14 15:00:00 (45.1%)
  2100-Jun-22 20:00:00 (47.4%)
  2100-Jul-01 00:00:00 (49.6%)
  2100-Jul-09 05:00:00 (51.8%)
  2100-Jul-17 09:00:00 (54.1%)
  2100-Jul-25 14:00:00 (56.3%)
  2100-Aug-02 18:00:00 (58.6%)
  2100-Aug-10 22:00:00 (60.8%)
  2100-Aug-19 03:00:00 (63%)
  2100-Aug-27 08:00:00 (65.3%)
  2100-Sep-04 12:00:00 (67.5%)
  2100-Sep-12 17:00:00 (69.8%)
  2100-Sep-20 21:00:00 (72%)
  2100-Sep-29 01:00:00 (74.3%)
  2100-Oct-07 05:00:00 (76.5%)
  2100-Oct-15 10:00:00 (78.7%)
  2100-Oct-23 14:00:00 (81%)
  2100-Oct-31 19:00:00 (83.2%)
  2100-Nov-08 23:00:00 (85.5%)
  2100-Nov-17 04:00:00 (87.7%)
  2100-Nov-25 08:00:00 (90%)
  2100-Dec-03 13:00:00 (92.2%)
  2100-Dec-11 17:00:00 (94.4%)
  2100-Dec-19 22:00:00 (96.7%)
  2100-Dec-28 02:00:00 (98.9%)
  2100-Dec-31 23:00:00 (100%)
Finished Program: 2014-Nov-18 11:30:55.475892
Elapsed Time: 00:01:29.677769
