instance.yaml
kiva v0.2.0-21-g785bfe1
Copyright (C) 2012-2014 Big Ladder Software
Web: www.bigladdersoftware.com

Starting Program: 2014-Nov-18 11:15:28.936766
Creating Domain...
  X Cells: 264
  Y Cells: 1
  Z Cells: 127
  Total Cells: 33528
Initializing Temperatures...
  2098-Dec-10 23:00:00
  2099-Jan-06 07:00:00
  2099-Jan-13 12:00:00
  2099-Jan-20 18:00:00
  2099-Jan-28 00:00:00
  2099-Feb-04 05:00:00
  2099-Feb-11 11:00:00
  2099-Feb-18 17:00:00
  2099-Feb-25 22:00:00
  2099-Mar-05 04:00:00
  2099-Mar-12 09:00:00
  2099-Mar-19 15:00:00
  2099-Mar-26 21:00:00
  2099-Apr-03 02:00:00
  2099-Apr-10 08:00:00
  2099-Apr-17 14:00:00
  2099-Apr-24 18:00:00
  2099-May-02 00:00:00
  2099-May-09 06:00:00
  2099-May-16 12:00:00
  2099-May-23 17:00:00
  2099-May-30 23:00:00
  2099-Jun-07 05:00:00
  2099-Jun-14 11:00:00
  2099-Jun-21 16:00:00
  2099-Jun-28 22:00:00
  2099-Jul-06 04:00:00
  2099-Jul-13 10:00:00
  2099-Jul-20 15:00:00
  2099-Jul-27 21:00:00
  2099-Aug-04 03:00:00
  2099-Aug-11 08:00:00
  2099-Aug-18 14:00:00
  2099-Aug-25 20:00:00
  2099-Sep-02 02:00:00
  2099-Sep-09 07:00:00
  2099-Sep-16 13:00:00
  2099-Sep-23 18:00:00
  2099-Oct-01 00:00:00
  2099-Oct-08 06:00:00
  2099-Oct-15 12:00:00
  2099-Oct-22 17:00:00
  2099-Oct-29 23:00:00
  2099-Nov-06 05:00:00
  2099-Nov-13 11:00:00
  2099-Nov-20 16:00:00
  2099-Nov-27 22:00:00
  2099-Dec-05 04:00:00
  2099-Dec-12 09:00:00
  2099-Dec-19 15:00:00
  2099-Dec-26 21:00:00
Beginning Simulation...
  2100-Jan-03 00:00:00 (0.5%)
  2100-Jan-09 19:00:00 (2.4%)
  2100-Jan-16 14:00:00 (4.3%)
  2100-Jan-23 09:00:00 (6.1%)
  2100-Jan-30 04:00:00 (8%)
  2100-Feb-06 00:00:00 (9.9%)
  2100-Feb-12 19:00:00 (11.7%)
  2100-Feb-19 14:00:00 (13.6%)
  2100-Feb-26 09:00:00 (15.4%)
  2100-Mar-05 05:00:00 (17.3%)
  2100-Mar-11 23:00:00 (19.2%)
  2100-Mar-18 18:00:00 (21%)
  2100-Mar-25 13:00:00 (22.9%)
  2100-Apr-01 08:00:00 (24.7%)
  2100-Apr-08 04:00:00 (26.6%)
  2100-Apr-14 23:00:00 (28.5%)
  2100-Apr-21 18:00:00 (30.3%)
  2100-Apr-28 14:00:00 (32.2%)
  2100-May-05 09:00:00 (34.1%)
  2100-May-12 04:00:00 (35.9%)
  2100-May-19 00:00:00 (37.8%)
  2100-May-25 19:00:00 (39.7%)
  2100-Jun-01 14:00:00 (41.5%)
  2100-Jun-08 10:00:00 (43.4%)
  2100-Jun-15 05:00:00 (45.3%)
  2100-Jun-22 01:00:00 (47.1%)
  2100-Jun-28 20:00:00 (49%)
  2100-Jul-05 15:00:00 (50.9%)
  2100-Jul-12 11:00:00 (52.7%)
  2100-Jul-19 06:00:00 (54.6%)
  2100-Jul-26 01:00:00 (56.4%)
  2100-Aug-01 20:00:00 (58.3%)
  2100-Aug-08 16:00:00 (60.2%)
  2100-Aug-15 11:00:00 (62%)
  2100-Aug-22 06:00:00 (63.9%)
  2100-Aug-29 03:00:00 (65.8%)
  2100-Sep-05 00:00:00 (67.7%)
  2100-Sep-11 22:00:00 (69.6%)
  2100-Sep-18 20:00:00 (71.5%)
  2100-Sep-25 18:00:00 (73.4%)
  2100-Oct-02 16:00:00 (75.3%)
  2100-Oct-09 14:00:00 (77.1%)
  2100-Oct-16 12:00:00 (79%)
  2100-Oct-23 11:00:00 (80.9%)
  2100-Oct-30 08:00:00 (82.8%)
  2100-Nov-06 09:00:00 (84.8%)
  2100-Nov-13 10:00:00 (86.7%)
  2100-Nov-20 12:00:00 (88.6%)
  2100-Nov-27 13:00:00 (90.6%)
  2100-Dec-04 15:00:00 (92.5%)
  2100-Dec-11 16:00:00 (94.4%)
  2100-Dec-18 18:00:00 (96.4%)
  2100-Dec-25 19:00:00 (98.3%)
  2100-Dec-31 23:00:00 (100%)
Finished Program: 2014-Nov-18 11:17:13.874822
Elapsed Time: 00:01:44.938056
