instance.yaml
kiva v0.2.0-21-g785bfe1
Copyright (C) 2012-2014 Big Ladder Software
Web: www.bigladdersoftware.com

Starting Program: 2014-Nov-18 11:18:25.486565
Creating Domain...
  X Cells: 210
  Y Cells: 1
  Z Cells: 103
  Total Cells: 21630
Initializing Temperatures...
  2098-Oct-29 23:00:00
  2099-Jan-06 05:00:00
  2099-Jan-16 14:00:00
  2099-Jan-26 23:00:00
  2099-Feb-06 08:00:00
  2099-Feb-16 17:00:00
  2099-Feb-27 02:00:00
  2099-Mar-09 11:00:00
  2099-Mar-19 21:00:00
  2099-Mar-30 06:00:00
  2099-Apr-09 15:00:00
  2099-Apr-20 00:00:00
  2099-Apr-30 09:00:00
  2099-May-10 18:00:00
  2099-May-21 04:00:00
  2099-May-31 13:00:00
  2099-Jun-10 22:00:00
  2099-Jun-21 07:00:00
  2099-Jul-01 16:00:00
  2099-Jul-12 02:00:00
  2099-Jul-22 11:00:00
  2099-Aug-01 20:00:00
  2099-Aug-12 05:00:00
  2099-Aug-22 14:00:00
  2099-Sep-01 23:00:00
  2099-Sep-12 08:00:00
  2099-Sep-22 17:00:00
  2099-Oct-03 03:00:00
  2099-Oct-13 12:00:00
  2099-Oct-23 21:00:00
  2099-Nov-03 06:00:00
  2099-Nov-13 16:00:00
  2099-Nov-24 00:00:00
  2099-Dec-04 09:00:00
  2099-Dec-14 19:00:00
  2099-Dec-25 05:00:00
Beginning Simulation...
  2100-Jan-04 13:00:00 (1%)
  2100-Jan-14 18:00:00 (3.8%)
  2100-Jan-24 23:00:00 (6.6%)
  2100-Feb-04 04:00:00 (9.4%)
  2100-Feb-14 10:00:00 (12.2%)
  2100-Feb-24 15:00:00 (15%)
  2100-Mar-06 20:00:00 (17.8%)
  2100-Mar-17 01:00:00 (20.6%)
  2100-Mar-27 07:00:00 (23.4%)
  2100-Apr-06 12:00:00 (26.2%)
  2100-Apr-16 17:00:00 (29%)
  2100-Apr-26 22:00:00 (31.8%)
  2100-May-07 04:00:00 (34.6%)
  2100-May-17 09:00:00 (37.4%)
  2100-May-27 14:00:00 (40.2%)
  2100-Jun-06 20:00:00 (43%)
  2100-Jun-17 01:00:00 (45.8%)
  2100-Jun-27 06:00:00 (48.6%)
  2100-Jul-07 11:00:00 (51.4%)
  2100-Jul-17 17:00:00 (54.2%)
  2100-Jul-27 22:00:00 (57%)
  2100-Aug-07 03:00:00 (59.8%)
  2100-Aug-17 08:00:00 (62.6%)
  2100-Aug-27 14:00:00 (65.4%)
  2100-Sep-06 19:00:00 (68.2%)
  2100-Sep-17 00:00:00 (71%)
  2100-Sep-27 06:00:00 (73.8%)
  2100-Oct-07 11:00:00 (76.6%)
  2100-Oct-17 16:00:00 (79.4%)
  2100-Oct-27 21:00:00 (82.2%)
  2100-Nov-07 03:00:00 (85%)
  2100-Nov-17 08:00:00 (87.8%)
  2100-Nov-27 13:00:00 (90.6%)
  2100-Dec-07 19:00:00 (93.4%)
  2100-Dec-17 23:00:00 (96.2%)
  2100-Dec-28 04:00:00 (98.9%)
  2100-Dec-31 23:00:00 (100%)
Finished Program: 2014-Nov-18 11:19:37.372104
Elapsed Time: 00:01:11.885539
