instance.yaml
kiva v0.2.0-22-gd89b213
Copyright (C) 2012-2014 Big Ladder Software
Web: www.bigladdersoftware.com

Starting Program: 2014-Nov-19 10:38:42.298991
Creating Domain...
  X Cells: 165
  Y Cells: 1
  Z Cells: 125
  Total Cells: 20625
Initializing Temperatures...
  2098-Dec-03 23:00:00
  2099-Jan-10 08:00:00
  2099-Jan-22 05:00:00
  2099-Feb-03 01:00:00
  2099-Feb-14 22:00:00
  2099-Feb-26 19:00:00
  2099-Mar-10 15:00:00
  2099-Mar-22 12:00:00
  2099-Apr-03 08:00:00
  2099-Apr-15 05:00:00
  2099-Apr-27 02:00:00
  2099-May-08 22:00:00
  2099-May-20 19:00:00
  2099-Jun-01 15:00:00
  2099-Jun-13 12:00:00
  2099-Jun-25 08:00:00
  2099-Jul-07 04:00:00
  2099-Jul-19 01:00:00
  2099-Jul-30 22:00:00
  2099-Aug-11 18:00:00
  2099-Aug-23 15:00:00
  2099-Sep-04 11:00:00
  2099-Sep-16 08:00:00
  2099-Sep-28 04:00:00
  2099-Oct-10 01:00:00
  2099-Oct-21 22:00:00
  2099-Nov-02 18:00:00
  2099-Nov-14 15:00:00
  2099-Nov-26 13:00:00
  2099-Dec-08 13:00:00
  2099-Dec-20 13:00:00
Beginning Simulation...
  2100-Jan-01 12:00:00 (0.1%)
  2100-Jan-12 13:00:00 (3.2%)
  2100-Jan-23 13:00:00 (6.2%)
  2100-Feb-03 14:00:00 (9.2%)
  2100-Feb-14 15:00:00 (12.2%)
  2100-Feb-25 16:00:00 (15.3%)
  2100-Mar-08 17:00:00 (18.3%)
  2100-Mar-19 18:00:00 (21.3%)
  2100-Mar-30 19:00:00 (24.3%)
  2100-Apr-10 20:00:00 (27.4%)
  2100-Apr-21 21:00:00 (30.4%)
  2100-May-02 21:00:00 (33.4%)
  2100-May-13 22:00:00 (36.4%)
  2100-May-24 23:00:00 (39.4%)
  2100-Jun-05 00:00:00 (42.5%)
  2100-Jun-16 01:00:00 (45.5%)
  2100-Jun-27 02:00:00 (48.5%)
  2100-Jul-08 03:00:00 (51.5%)
  2100-Jul-19 04:00:00 (54.6%)
  2100-Jul-30 05:00:00 (57.6%)
  2100-Aug-10 06:00:00 (60.6%)
  2100-Aug-21 07:00:00 (63.6%)
  2100-Sep-01 08:00:00 (66.7%)
  2100-Sep-12 09:00:00 (69.7%)
  2100-Sep-23 10:00:00 (72.7%)
  2100-Oct-04 11:00:00 (75.7%)
  2100-Oct-15 12:00:00 (78.8%)
  2100-Oct-26 13:00:00 (81.8%)
  2100-Nov-06 14:00:00 (84.8%)
  2100-Nov-17 15:00:00 (87.8%)
  2100-Nov-28 15:00:00 (90.9%)
  2100-Dec-09 16:00:00 (93.9%)
  2100-Dec-20 17:00:00 (96.9%)
  2100-Dec-31 19:00:00 (99.9%)
  2100-Dec-31 23:00:00 (100%)
Finished Program: 2014-Nov-19 10:39:47.019131
Elapsed Time: 00:01:04.720140
