instance.yaml
kiva v0.2.0-21-g785bfe1
Copyright (C) 2012-2014 Big Ladder Software
Web: www.bigladdersoftware.com

Starting Program: 2014-Nov-18 11:21:28.304599
Creating Domain...
  X Cells: 116
  Y Cells: 1
  Z Cells: 96
  Total Cells: 11136
Initializing Temperatures...
  2099-Jan-03 08:00:00
  2099-Jan-23 15:00:00
  2099-Feb-12 22:00:00
  2099-Mar-05 04:00:00
  2099-Mar-25 10:00:00
  2099-Apr-14 17:00:00
  2099-May-04 23:00:00
  2099-May-25 06:00:00
  2099-Jun-14 13:00:00
  2099-Jul-04 19:00:00
  2099-Jul-25 02:00:00
  2099-Aug-14 09:00:00
  2099-Sep-03 15:00:00
  2099-Sep-23 22:00:00
  2099-Oct-14 04:00:00
  2099-Nov-03 11:00:00
  2099-Nov-23 18:00:00
  2099-Dec-14 00:00:00
Beginning Simulation...
  2100-Jan-03 06:00:00 (0.6%)
  2100-Jan-23 03:00:00 (6.1%)
  2100-Feb-11 23:00:00 (11.5%)
  2100-Mar-03 20:00:00 (16.9%)
  2100-Mar-23 16:00:00 (22.4%)
  2100-Apr-12 13:00:00 (27.8%)
  2100-May-02 10:00:00 (33.3%)
  2100-May-22 06:00:00 (38.7%)
  2100-Jun-11 03:00:00 (44.1%)
  2100-Jul-01 00:00:00 (49.6%)
  2100-Jul-20 21:00:00 (55%)
  2100-Aug-09 18:00:00 (60.5%)
  2100-Aug-29 10:00:00 (65.9%)
  2100-Sep-18 07:00:00 (71.3%)
  2100-Oct-08 04:00:00 (76.8%)
  2100-Oct-28 01:00:00 (82.2%)
  2100-Nov-16 21:00:00 (87.6%)
  2100-Dec-06 18:00:00 (93.1%)
  2100-Dec-26 14:00:00 (98.5%)
  2100-Dec-31 23:00:00 (100%)
Finished Program: 2014-Nov-18 11:22:05.270708
Elapsed Time: 00:00:36.966109
