instance.yaml
kiva v0.2.0-9-g526928a
Copyright (C) 2012-2014 Big Ladder Software
Web: www.bigladdersoftware.com

Starting Program: 2014-Nov-15 12:22:45.054965
Creating Domain...
  X Cells: 268
  Y Cells: 1
  Z Cells: 103
  Total Cells: 27604
Initializing Temperatures...
Warning: Solution did not converge after 296 iterations.
  The final residual was: 0.000424509
  Solver status: 2
  2098-Dec-03 23:00:00
  2099-Jan-06 14:00:00
  2099-Jan-14 13:00:00
  2099-Jan-22 12:00:00
  2099-Jan-30 10:00:00
  2099-Feb-07 09:00:00
  2099-Feb-15 08:00:00
  2099-Feb-23 07:00:00
  2099-Mar-03 06:00:00
  2099-Mar-11 05:00:00
  2099-Mar-19 04:00:00
  2099-Mar-27 03:00:00
  2099-Apr-04 02:00:00
  2099-Apr-12 01:00:00
  2099-Apr-19 23:00:00
  2099-Apr-27 22:00:00
  2099-May-05 21:00:00
  2099-May-13 20:00:00
  2099-May-21 19:00:00
  2099-May-29 18:00:00
  2099-Jun-06 17:00:00
  2099-Jun-14 16:00:00
  2099-Jun-22 15:00:00
  2099-Jun-30 14:00:00
  2099-Jul-08 13:00:00
  2099-Jul-16 12:00:00
  2099-Jul-24 11:00:00
  2099-Aug-01 10:00:00
  2099-Aug-09 09:00:00
  2099-Aug-17 07:00:00
  2099-Aug-25 06:00:00
  2099-Sep-02 05:00:00
  2099-Sep-10 04:00:00
  2099-Sep-18 03:00:00
  2099-Sep-26 02:00:00
  2099-Oct-04 01:00:00
  2099-Oct-12 00:00:00
  2099-Oct-20 00:00:00
  2099-Oct-27 23:00:00
  2099-Nov-04 22:00:00
  2099-Nov-12 21:00:00
  2099-Nov-20 20:00:00
  2099-Nov-28 19:00:00
  2099-Dec-06 18:00:00
  2099-Dec-14 16:00:00
  2099-Dec-22 15:00:00
  2099-Dec-30 15:00:00
Beginning Simulation...
  2100-Jan-07 12:00:00 (1.8%)
  2100-Jan-15 09:00:00 (3.9%)
  2100-Jan-23 06:00:00 (6.1%)
  2100-Jan-31 02:00:00 (8.2%)
  2100-Feb-07 23:00:00 (10.4%)
  2100-Feb-15 20:00:00 (12.6%)
  2100-Feb-23 17:00:00 (14.7%)
  2100-Mar-03 13:00:00 (16.9%)
  2100-Mar-11 10:00:00 (19%)
  2100-Mar-19 07:00:00 (21.2%)
  2100-Mar-27 03:00:00 (23.3%)
  2100-Apr-04 00:00:00 (25.5%)
  2100-Apr-11 21:00:00 (27.6%)
  2100-Apr-19 17:00:00 (29.8%)
  2100-Apr-27 14:00:00 (31.9%)
  2100-May-05 11:00:00 (34.1%)
  2100-May-13 07:00:00 (36.2%)
  2100-May-21 04:00:00 (38.4%)
  2100-May-29 01:00:00 (40.6%)
  2100-Jun-05 22:00:00 (42.7%)
  2100-Jun-13 19:00:00 (44.9%)
  2100-Jun-21 16:00:00 (47%)
  2100-Jun-29 13:00:00 (49.2%)
  2100-Jul-07 09:00:00 (51.3%)
  2100-Jul-15 06:00:00 (53.5%)
  2100-Jul-23 03:00:00 (55.7%)
  2100-Jul-31 00:00:00 (57.8%)
  2100-Aug-07 20:00:00 (60%)
  2100-Aug-15 16:00:00 (62.1%)
  2100-Aug-23 13:00:00 (64.3%)
  2100-Aug-31 09:00:00 (66.4%)
  2100-Sep-08 06:00:00 (68.6%)
  2100-Sep-16 03:00:00 (70.7%)
  2100-Sep-24 00:00:00 (72.9%)
  2100-Oct-01 21:00:00 (75%)
  2100-Oct-09 18:00:00 (77.2%)
  2100-Oct-17 14:00:00 (79.3%)
  2100-Oct-25 11:00:00 (81.5%)
  2100-Nov-02 08:00:00 (83.7%)
  2100-Nov-10 05:00:00 (85.8%)
  2100-Nov-18 02:00:00 (88%)
  2100-Nov-25 23:00:00 (90.1%)
  2100-Dec-03 20:00:00 (92.3%)
  2100-Dec-11 16:00:00 (94.4%)
  2100-Dec-19 13:00:00 (96.6%)
  2100-Dec-27 10:00:00 (98.7%)
  2100-Dec-31 23:00:00 (100%)
Finished Program: 2014-Nov-15 12:24:18.579350
Elapsed Time: 00:01:33.524385
