instance.yaml
kiva v0.2.0-19-ge248292
Copyright (C) 2012-2014 Big Ladder Software
Web: www.bigladdersoftware.com

Starting Program: 2014-Nov-17 08:44:14.018196
Creating Domain...
  X Cells: 200
  Y Cells: 1
  Z Cells: 133
  Total Cells: 26600
Initializing Temperatures...
  2098-Dec-03 23:00:00
  2099-Jan-07 19:00:00
  2099-Jan-16 21:00:00
  2099-Jan-25 22:00:00
  2099-Feb-04 00:00:00
  2099-Feb-13 02:00:00
  2099-Feb-22 04:00:00
  2099-Mar-03 05:00:00
  2099-Mar-12 07:00:00
  2099-Mar-21 09:00:00
  2099-Mar-30 11:00:00
  2099-Apr-08 12:00:00
  2099-Apr-17 14:00:00
  2099-Apr-26 16:00:00
  2099-May-05 18:00:00
  2099-May-14 20:00:00
  2099-May-23 22:00:00
  2099-Jun-01 23:00:00
  2099-Jun-11 01:00:00
  2099-Jun-20 03:00:00
  2099-Jun-29 05:00:00
  2099-Jul-08 07:00:00
  2099-Jul-17 09:00:00
  2099-Jul-26 11:00:00
  2099-Aug-04 12:00:00
  2099-Aug-13 14:00:00
  2099-Aug-22 16:00:00
  2099-Aug-31 18:00:00
  2099-Sep-09 20:00:00
  2099-Sep-18 22:00:00
  2099-Sep-27 23:00:00
  2099-Oct-07 01:00:00
  2099-Oct-16 03:00:00
  2099-Oct-25 05:00:00
  2099-Nov-03 07:00:00
  2099-Nov-12 08:00:00
  2099-Nov-21 10:00:00
  2099-Nov-30 12:00:00
  2099-Dec-09 14:00:00
  2099-Dec-18 16:00:00
  2099-Dec-27 17:00:00
Beginning Simulation...
  2100-Jan-05 11:00:00 (1.2%)
  2100-Jan-13 22:00:00 (3.5%)
  2100-Jan-22 09:00:00 (5.9%)
  2100-Jan-30 19:00:00 (8.2%)
  2100-Feb-08 06:00:00 (10.5%)
  2100-Feb-16 16:00:00 (12.8%)
  2100-Feb-25 03:00:00 (15.1%)
  2100-Mar-05 14:00:00 (17.4%)
  2100-Mar-14 01:00:00 (19.7%)
  2100-Mar-22 11:00:00 (22%)
  2100-Mar-30 22:00:00 (24.4%)
  2100-Apr-08 09:00:00 (26.7%)
  2100-Apr-16 20:00:00 (29%)
  2100-Apr-25 06:00:00 (31.3%)
  2100-May-03 17:00:00 (33.6%)
  2100-May-12 03:00:00 (35.9%)
  2100-May-20 14:00:00 (38.2%)
  2100-May-29 01:00:00 (40.6%)
  2100-Jun-06 12:00:00 (42.9%)
  2100-Jun-14 23:00:00 (45.2%)
  2100-Jun-23 09:00:00 (47.5%)
  2100-Jul-01 20:00:00 (49.8%)
  2100-Jul-10 07:00:00 (52.1%)
  2100-Jul-18 18:00:00 (54.5%)
  2100-Jul-27 05:00:00 (56.8%)
  2100-Aug-04 16:00:00 (59.1%)
  2100-Aug-13 03:00:00 (61.4%)
  2100-Aug-21 14:00:00 (63.7%)
  2100-Aug-30 01:00:00 (66%)
  2100-Sep-07 12:00:00 (68.4%)
  2100-Sep-15 23:00:00 (70.7%)
  2100-Sep-24 10:00:00 (73%)
  2100-Oct-02 21:00:00 (75.3%)
  2100-Oct-11 07:00:00 (77.6%)
  2100-Oct-19 18:00:00 (79.9%)
  2100-Oct-28 05:00:00 (82.2%)
  2100-Nov-05 16:00:00 (84.6%)
  2100-Nov-14 03:00:00 (86.9%)
  2100-Nov-22 14:00:00 (89.2%)
  2100-Dec-01 01:00:00 (91.5%)
  2100-Dec-09 13:00:00 (93.8%)
  2100-Dec-18 00:00:00 (96.2%)
  2100-Dec-26 11:00:00 (98.5%)
  2100-Dec-31 23:00:00 (100%)
Finished Program: 2014-Nov-17 08:45:38.653324
Elapsed Time: 00:01:24.635128
