instance.yaml
kiva v0.2.0-21-g785bfe1
Copyright (C) 2012-2014 Big Ladder Software
Web: www.bigladdersoftware.com

Starting Program: 2014-Nov-18 11:07:23.794177
Creating Domain...
  X Cells: 187
  Y Cells: 1
  Z Cells: 113
  Total Cells: 21131
Initializing Temperatures...
  2098-Oct-01 23:00:00
  2099-Jan-03 23:00:00
  2099-Jan-14 12:00:00
  2099-Jan-25 01:00:00
  2099-Feb-04 14:00:00
  2099-Feb-15 04:00:00
  2099-Feb-25 17:00:00
  2099-Mar-08 06:00:00
  2099-Mar-18 19:00:00
  2099-Mar-29 08:00:00
  2099-Apr-08 21:00:00
  2099-Apr-19 10:00:00
  2099-Apr-29 23:00:00
  2099-May-10 12:00:00
  2099-May-21 01:00:00
  2099-May-31 15:00:00
  2099-Jun-11 04:00:00
  2099-Jun-21 17:00:00
  2099-Jul-02 06:00:00
  2099-Jul-12 20:00:00
  2099-Jul-23 09:00:00
  2099-Aug-02 22:00:00
  2099-Aug-13 11:00:00
  2099-Aug-24 00:00:00
  2099-Sep-03 14:00:00
  2099-Sep-14 03:00:00
  2099-Sep-24 16:00:00
  2099-Oct-05 05:00:00
  2099-Oct-15 18:00:00
  2099-Oct-26 07:00:00
  2099-Nov-05 21:00:00
  2099-Nov-16 10:00:00
  2099-Nov-26 23:00:00
  2099-Dec-07 12:00:00
  2099-Dec-18 02:00:00
  2099-Dec-28 14:00:00
Beginning Simulation...
  2100-Jan-08 01:00:00 (1.9%)
  2100-Jan-18 10:00:00 (4.8%)
  2100-Jan-28 20:00:00 (7.6%)
  2100-Feb-08 05:00:00 (10.5%)
  2100-Feb-18 15:00:00 (13.3%)
  2100-Mar-01 00:00:00 (16.2%)
  2100-Mar-11 09:00:00 (19%)
  2100-Mar-21 19:00:00 (21.9%)
  2100-Apr-01 04:00:00 (24.7%)
  2100-Apr-11 14:00:00 (27.6%)
  2100-Apr-21 23:00:00 (30.4%)
  2100-May-02 09:00:00 (33.3%)
  2100-May-12 18:00:00 (36.1%)
  2100-May-23 03:00:00 (38.9%)
  2100-Jun-02 13:00:00 (41.8%)
  2100-Jun-12 22:00:00 (44.6%)
  2100-Jun-23 08:00:00 (47.5%)
  2100-Jul-03 17:00:00 (50.3%)
  2100-Jul-14 03:00:00 (53.2%)
  2100-Jul-24 13:00:00 (56%)
  2100-Aug-03 22:00:00 (58.9%)
  2100-Aug-14 08:00:00 (61.7%)
  2100-Aug-24 17:00:00 (64.6%)
  2100-Sep-04 02:00:00 (67.4%)
  2100-Sep-14 15:00:00 (70.3%)
  2100-Sep-25 04:00:00 (73.2%)
  2100-Oct-05 17:00:00 (76.1%)
  2100-Oct-16 06:00:00 (79%)
  2100-Oct-26 19:00:00 (81.9%)
  2100-Nov-06 08:00:00 (84.7%)
  2100-Nov-16 21:00:00 (87.6%)
  2100-Nov-27 10:00:00 (90.5%)
  2100-Dec-07 22:00:00 (93.4%)
  2100-Dec-18 11:00:00 (96.3%)
  2100-Dec-28 22:00:00 (99.2%)
  2100-Dec-31 23:00:00 (100%)
Finished Program: 2014-Nov-18 11:08:34.289913
Elapsed Time: 00:01:10.495736
