instance.yaml
kiva v0.2.0-9-g526928a
Copyright (C) 2012-2014 Big Ladder Software
Web: www.bigladdersoftware.com

Starting Program: 2014-Oct-26 15:55:47.328359
Creating Domain...
  X Cells: 86
  Y Cells: 1
  Z Cells: 93
  Total Cells: 7998
Initializing Temperatures...
  2098-Nov-12 23:00:00
  2099-Jan-17 04:00:00
  2099-Feb-15 22:00:00
  2099-Mar-17 16:00:00
  2099-Apr-16 10:00:00
  2099-May-16 04:00:00
  2099-Jun-14 22:00:00
  2099-Jul-14 16:00:00
  2099-Aug-13 10:00:00
  2099-Sep-12 04:00:00
  2099-Oct-11 22:00:00
  2099-Nov-11 04:00:00
  2099-Dec-11 14:00:00
Beginning Simulation...
  2100-Jan-10 17:00:00 (2.7%)
  2100-Feb-09 06:00:00 (10.8%)
  2100-Mar-10 18:00:00 (18.8%)
  2100-Apr-09 07:00:00 (26.9%)
  2100-May-08 19:00:00 (35%)
  2100-Jun-07 08:00:00 (43.1%)
  2100-Jul-06 20:00:00 (51.2%)
  2100-Aug-05 09:00:00 (59.3%)
  2100-Sep-03 22:00:00 (67.4%)
  2100-Oct-03 10:00:00 (75.5%)
  2100-Nov-01 23:00:00 (83.6%)
  2100-Dec-01 12:00:00 (91.6%)
  2100-Dec-31 00:00:00 (99.7%)
  2100-Dec-31 23:00:00 (100%)
Finished Program: 2014-Oct-26 15:56:13.033400
Elapsed Time: 00:00:25.705041
