instance.yaml
kiva v0.2.0-21-g785bfe1
Copyright (C) 2012-2014 Big Ladder Software
Web: www.bigladdersoftware.com

Starting Program: 2014-Nov-18 11:01:27.778991
Creating Domain...
  X Cells: 115
  Y Cells: 1
  Z Cells: 96
  Total Cells: 11040
Initializing Temperatures...
  2098-Oct-01 23:00:00
  2099-Jan-14 10:00:00
  2099-Feb-03 20:00:00
  2099-Feb-24 06:00:00
  2099-Mar-16 15:00:00
  2099-Apr-06 01:00:00
  2099-Apr-26 10:00:00
  2099-May-16 20:00:00
  2099-Jun-06 06:00:00
  2099-Jun-26 16:00:00
  2099-Jul-17 02:00:00
  2099-Aug-06 11:00:00
  2099-Aug-26 21:00:00
  2099-Sep-16 07:00:00
  2099-Oct-06 17:00:00
  2099-Oct-27 02:00:00
  2099-Nov-16 12:00:00
  2099-Dec-06 22:00:00
  2099-Dec-27 07:00:00
Beginning Simulation...
  2100-Jan-16 10:00:00 (4.2%)
  2100-Feb-05 10:00:00 (9.7%)
  2100-Feb-25 10:00:00 (15.2%)
  2100-Mar-17 10:00:00 (20.7%)
  2100-Apr-06 11:00:00 (26.2%)
  2100-Apr-26 11:00:00 (31.6%)
  2100-May-16 11:00:00 (37.1%)
  2100-Jun-05 12:00:00 (42.6%)
  2100-Jun-25 13:00:00 (48.1%)
  2100-Jul-15 14:00:00 (53.6%)
  2100-Aug-04 14:00:00 (59.1%)
  2100-Aug-24 15:00:00 (64.6%)
  2100-Sep-13 14:00:00 (70%)
  2100-Oct-03 15:00:00 (75.5%)
  2100-Oct-23 13:00:00 (81%)
  2100-Nov-12 14:00:00 (86.5%)
  2100-Dec-02 22:00:00 (92%)
  2100-Dec-23 06:00:00 (97.6%)
  2100-Dec-31 23:00:00 (100%)
Finished Program: 2014-Nov-18 11:02:04.429423
Elapsed Time: 00:00:36.650432
