instance.yaml
kiva v0.2.0-21-g785bfe1
Copyright (C) 2012-2014 Big Ladder Software
Web: www.bigladdersoftware.com

Starting Program: 2014-Nov-18 10:48:26.194409
Creating Domain...
  X Cells: 96
  Y Cells: 1
  Z Cells: 113
  Total Cells: 10848
Initializing Temperatures...
  2099-Jan-05 18:00:00
  2099-Jan-26 09:00:00
  2099-Feb-16 00:00:00
  2099-Mar-08 15:00:00
  2099-Mar-29 06:00:00
  2099-Apr-18 21:00:00
  2099-May-09 12:00:00
  2099-May-30 05:00:00
  2099-Jun-19 23:00:00
  2099-Jul-10 17:00:00
  2099-Jul-31 11:00:00
  2099-Aug-21 04:00:00
  2099-Sep-10 22:00:00
  2099-Oct-01 16:00:00
  2099-Oct-22 10:00:00
  2099-Nov-12 04:00:00
  2099-Dec-02 22:00:00
  2099-Dec-23 15:00:00
Beginning Simulation...
  2100-Jan-13 03:00:00 (3.3%)
  2100-Feb-02 10:00:00 (8.9%)
  2100-Feb-22 17:00:00 (14.4%)
  2100-Mar-15 00:00:00 (20%)
  2100-Apr-04 07:00:00 (25.6%)
  2100-Apr-24 14:00:00 (31.1%)
  2100-May-14 21:00:00 (36.7%)
  2100-Jun-04 05:00:00 (42.2%)
  2100-Jun-24 13:00:00 (47.8%)
  2100-Jul-14 20:00:00 (53.4%)
  2100-Aug-04 04:00:00 (58.9%)
  2100-Aug-24 11:00:00 (64.5%)
  2100-Sep-13 19:00:00 (70.1%)
  2100-Oct-04 01:00:00 (75.6%)
  2100-Oct-24 08:00:00 (81.2%)
  2100-Nov-13 16:00:00 (86.8%)
  2100-Dec-03 23:00:00 (92.3%)
  2100-Dec-24 03:00:00 (97.8%)
  2100-Dec-31 23:00:00 (100%)
Finished Program: 2014-Nov-18 10:49:02.386609
Elapsed Time: 00:00:36.192200
