instance.yaml
kiva v0.2.0-21-g785bfe1
Copyright (C) 2012-2014 Big Ladder Software
Web: www.bigladdersoftware.com

Starting Program: 2014-Nov-18 11:09:23.714139
Creating Domain...
  X Cells: 185
  Y Cells: 1
  Z Cells: 133
  Total Cells: 24605
Initializing Temperatures...
  2098-Oct-01 23:00:00
  2099-Jan-03 12:00:00
  2099-Jan-13 01:00:00
  2099-Jan-22 14:00:00
  2099-Feb-01 04:00:00
  2099-Feb-10 17:00:00
  2099-Feb-20 06:00:00
  2099-Mar-01 20:00:00
  2099-Mar-11 09:00:00
  2099-Mar-20 22:00:00
  2099-Mar-30 12:00:00
  2099-Apr-09 01:00:00
  2099-Apr-18 14:00:00
  2099-Apr-28 03:00:00
  2099-May-07 17:00:00
  2099-May-17 06:00:00
  2099-May-26 20:00:00
  2099-Jun-05 10:00:00
  2099-Jun-15 00:00:00
  2099-Jun-24 13:00:00
  2099-Jul-04 02:00:00
  2099-Jul-13 16:00:00
  2099-Jul-23 06:00:00
  2099-Aug-01 19:00:00
  2099-Aug-11 11:00:00
  2099-Aug-21 02:00:00
  2099-Aug-30 18:00:00
  2099-Sep-09 09:00:00
  2099-Sep-19 00:00:00
  2099-Sep-28 16:00:00
  2099-Oct-08 07:00:00
  2099-Oct-17 23:00:00
  2099-Oct-27 14:00:00
  2099-Nov-06 05:00:00
  2099-Nov-15 21:00:00
  2099-Nov-25 12:00:00
  2099-Dec-05 03:00:00
  2099-Dec-14 19:00:00
  2099-Dec-24 10:00:00
Beginning Simulation...
  2100-Jan-02 22:00:00 (0.5%)
  2100-Jan-11 20:00:00 (3%)
  2100-Jan-20 19:00:00 (5.4%)
  2100-Jan-29 17:00:00 (7.9%)
  2100-Feb-07 16:00:00 (10.3%)
  2100-Feb-16 14:00:00 (12.8%)
  2100-Feb-25 12:00:00 (15.2%)
  2100-Mar-06 11:00:00 (17.7%)
  2100-Mar-15 09:00:00 (20.1%)
  2100-Mar-24 08:00:00 (22.6%)
  2100-Apr-02 06:00:00 (25%)
  2100-Apr-11 04:00:00 (27.4%)
  2100-Apr-20 03:00:00 (29.9%)
  2100-Apr-29 01:00:00 (32.3%)
  2100-May-07 23:00:00 (34.8%)
  2100-May-16 22:00:00 (37.2%)
  2100-May-25 21:00:00 (39.7%)
  2100-Jun-03 19:00:00 (42.1%)
  2100-Jun-12 17:00:00 (44.6%)
  2100-Jun-21 16:00:00 (47%)
  2100-Jun-30 15:00:00 (49.5%)
  2100-Jul-09 13:00:00 (51.9%)
  2100-Jul-18 12:00:00 (54.4%)
  2100-Jul-27 10:00:00 (56.8%)
  2100-Aug-05 08:00:00 (59.3%)
  2100-Aug-14 07:00:00 (61.7%)
  2100-Aug-23 05:00:00 (64.2%)
  2100-Sep-01 03:00:00 (66.6%)
  2100-Sep-10 02:00:00 (69.1%)
  2100-Sep-19 01:00:00 (71.5%)
  2100-Sep-27 22:00:00 (73.9%)
  2100-Oct-06 21:00:00 (76.4%)
  2100-Oct-15 20:00:00 (78.9%)
  2100-Oct-24 18:00:00 (81.3%)
  2100-Nov-02 17:00:00 (83.8%)
  2100-Nov-11 15:00:00 (86.2%)
  2100-Nov-20 14:00:00 (88.7%)
  2100-Nov-29 12:00:00 (91.1%)
  2100-Dec-08 11:00:00 (93.6%)
  2100-Dec-17 09:00:00 (96%)
  2100-Dec-26 07:00:00 (98.4%)
  2100-Dec-31 23:00:00 (100%)
Finished Program: 2014-Nov-18 11:10:43.634129
Elapsed Time: 00:01:19.919990
