instance.yaml
kiva v0.2.0-19-ge248292
Copyright (C) 2012-2014 Big Ladder Software
Web: www.bigladdersoftware.com

Starting Program: 2014-Nov-17 08:39:14.523464
Creating Domain...
  X Cells: 95
  Y Cells: 1
  Z Cells: 133
  Total Cells: 12635
Initializing Temperatures...
  2098-Nov-05 23:00:00
  2099-Jan-14 23:00:00
  2099-Feb-02 07:00:00
  2099-Feb-20 15:00:00
  2099-Mar-11 00:00:00
  2099-Mar-29 09:00:00
  2099-Apr-16 18:00:00
  2099-May-05 02:00:00
  2099-May-23 11:00:00
  2099-Jun-10 20:00:00
  2099-Jun-29 05:00:00
  2099-Jul-17 14:00:00
  2099-Aug-04 23:00:00
  2099-Aug-23 08:00:00
  2099-Sep-10 17:00:00
  2099-Sep-29 02:00:00
  2099-Oct-17 11:00:00
  2099-Nov-04 20:00:00
  2099-Nov-23 05:00:00
  2099-Dec-11 21:00:00
  2099-Dec-30 15:00:00
Beginning Simulation...
  2100-Jan-17 00:00:00 (4.4%)
  2100-Feb-03 07:00:00 (9.1%)
  2100-Feb-20 14:00:00 (13.9%)
  2100-Mar-09 21:00:00 (18.6%)
  2100-Mar-27 04:00:00 (23.3%)
  2100-Apr-13 11:00:00 (28.1%)
  2100-Apr-30 18:00:00 (32.8%)
  2100-May-18 01:00:00 (37.5%)
  2100-Jun-04 07:00:00 (42.3%)
  2100-Jun-21 13:00:00 (47%)
  2100-Jul-08 18:00:00 (51.7%)
  2100-Jul-26 02:00:00 (56.5%)
  2100-Aug-12 09:00:00 (61.2%)
  2100-Aug-29 16:00:00 (65.9%)
  2100-Sep-15 23:00:00 (70.7%)
  2100-Oct-03 07:00:00 (75.4%)
  2100-Oct-20 14:00:00 (80.2%)
  2100-Nov-06 21:00:00 (84.9%)
  2100-Nov-24 05:00:00 (89.6%)
  2100-Dec-11 12:00:00 (94.4%)
  2100-Dec-28 19:00:00 (99.1%)
  2100-Dec-31 23:00:00 (100%)
Finished Program: 2014-Nov-17 08:39:56.184733
Elapsed Time: 00:00:41.661269
