instance.yaml
kiva v0.2.0-8-gc565062
Copyright (C) 2012-2014 Big Ladder Software
Web: www.bigladdersoftware.com

Starting Program: 2014-Sep-23 18:54:51.886982
Creating Domain...
  X Cells: 91
  Y Cells: 1
  Z Cells: 279
  Total Cells: 25389
Initializing Temperatures...
  2098-Oct-29 23:00:00
  2098-Dec-10 23:00:00
  2099-Jan-04 04:00:00
  2099-Jan-14 15:00:00
  2099-Jan-25 13:00:00
  2099-Feb-05 11:00:00
  2099-Feb-16 09:00:00
  2099-Feb-27 07:00:00
  2099-Mar-10 04:00:00
  2099-Mar-21 02:00:00
  2099-Apr-01 00:00:00
  2099-Apr-11 22:00:00
  2099-Apr-22 20:00:00
  2099-May-03 18:00:00
  2099-May-14 16:00:00
  2099-May-25 14:00:00
  2099-Jun-05 11:00:00
  2099-Jun-16 09:00:00
  2099-Jun-27 07:00:00
  2099-Jul-08 05:00:00
  2099-Jul-19 03:00:00
  2099-Jul-30 01:00:00
  2099-Aug-09 23:00:00
  2099-Aug-20 21:00:00
  2099-Aug-31 19:00:00
  2099-Sep-11 17:00:00
  2099-Sep-22 15:00:00
  2099-Oct-03 13:00:00
  2099-Oct-14 11:00:00
  2099-Oct-25 09:00:00
  2099-Nov-05 07:00:00
  2099-Nov-16 05:00:00
  2099-Nov-27 03:00:00
  2099-Dec-08 01:00:00
  2099-Dec-18 23:00:00
  2099-Dec-29 21:00:00
Beginning Simulation...
  2100-Jan-09 17:00:00 (2.4%)
  2100-Jan-20 13:00:00 (5.4%)
  2100-Jan-31 09:00:00 (8.3%)
  2100-Feb-11 05:00:00 (11.3%)
  2100-Feb-22 00:00:00 (14.2%)
  2100-Mar-04 20:00:00 (17.2%)
  2100-Mar-15 16:00:00 (20.2%)
  2100-Mar-26 12:00:00 (23.2%)
  2100-Apr-06 08:00:00 (26.1%)
  2100-Apr-17 02:00:00 (29.1%)
  2100-Apr-27 22:00:00 (32%)
  2100-May-08 18:00:00 (35%)
  2100-May-19 14:00:00 (38%)
  2100-May-30 10:00:00 (40.9%)
  2100-Jun-10 06:00:00 (43.9%)
  2100-Jun-21 01:00:00 (46.9%)
  2100-Jul-01 21:00:00 (49.8%)
  2100-Jul-12 17:00:00 (52.8%)
  2100-Jul-23 13:00:00 (55.8%)
  2100-Aug-03 09:00:00 (58.7%)
  2100-Aug-14 05:00:00 (61.7%)
  2100-Aug-25 01:00:00 (64.7%)
  2100-Sep-04 21:00:00 (67.6%)
  2100-Sep-15 16:00:00 (70.6%)
  2100-Sep-26 12:00:00 (73.6%)
  2100-Oct-07 08:00:00 (76.5%)
  2100-Oct-18 04:00:00 (79.5%)
  2100-Oct-29 00:00:00 (82.5%)
  2100-Nov-08 20:00:00 (85.4%)
  2100-Nov-19 15:00:00 (88.4%)
  2100-Nov-30 10:00:00 (91.3%)
  2100-Dec-11 05:00:00 (94.3%)
  2100-Dec-22 01:00:00 (97.3%)
  2100-Dec-31 23:00:00 (100%)
Finished Program: 2014-Sep-23 18:56:01.916710
Elapsed Time: 00:01:10.029728

