instance.yaml
kiva v0.2.0-21-g785bfe1
Copyright (C) 2012-2014 Big Ladder Software
Web: www.bigladdersoftware.com

Starting Program: 2014-Nov-18 11:04:24.726639
Creating Domain...
  X Cells: 93
  Y Cells: 1
  Z Cells: 158
  Total Cells: 14694
Initializing Temperatures...
  2098-Oct-01 23:00:00
  2099-Jan-10 15:00:00
  2099-Jan-27 09:00:00
  2099-Feb-13 04:00:00
  2099-Mar-01 23:00:00
  2099-Mar-18 18:00:00
  2099-Apr-04 13:00:00
  2099-Apr-21 07:00:00
  2099-May-08 02:00:00
  2099-May-24 22:00:00
  2099-Jun-10 17:00:00
  2099-Jun-27 12:00:00
  2099-Jul-14 07:00:00
  2099-Jul-31 02:00:00
  2099-Aug-16 22:00:00
  2099-Sep-02 17:00:00
  2099-Sep-19 12:00:00
  2099-Oct-06 07:00:00
  2099-Oct-23 03:00:00
  2099-Nov-08 22:00:00
  2099-Nov-25 17:00:00
  2099-Dec-12 12:00:00
  2099-Dec-29 08:00:00
Beginning Simulation...
  2100-Jan-13 20:00:00 (3.5%)
  2100-Jan-29 02:00:00 (7.7%)
  2100-Feb-13 08:00:00 (11.9%)
  2100-Feb-28 14:00:00 (16.1%)
  2100-Mar-15 21:00:00 (20.2%)
  2100-Mar-31 03:00:00 (24.4%)
  2100-Apr-15 09:00:00 (28.6%)
  2100-Apr-30 16:00:00 (32.8%)
  2100-May-15 22:00:00 (37%)
  2100-May-31 05:00:00 (41.2%)
  2100-Jun-15 11:00:00 (45.3%)
  2100-Jun-30 17:00:00 (49.5%)
  2100-Jul-15 22:00:00 (53.7%)
  2100-Jul-31 04:00:00 (57.9%)
  2100-Aug-15 11:00:00 (62%)
  2100-Aug-30 18:00:00 (66.2%)
  2100-Sep-15 00:00:00 (70.4%)
  2100-Sep-30 06:00:00 (74.6%)
  2100-Oct-15 13:00:00 (78.8%)
  2100-Oct-30 20:00:00 (83%)
  2100-Nov-15 03:00:00 (87.2%)
  2100-Nov-30 09:00:00 (91.3%)
  2100-Dec-15 16:00:00 (95.5%)
  2100-Dec-30 23:00:00 (99.7%)
  2100-Dec-31 23:00:00 (100%)
Finished Program: 2014-Nov-18 11:05:11.068220
Elapsed Time: 00:00:46.341581
