instance.yaml
kiva v0.2.0-21-g785bfe1
Copyright (C) 2012-2014 Big Ladder Software
Web: www.bigladdersoftware.com

Starting Program: 2014-Nov-18 11:30:24.450668
Creating Domain...
  X Cells: 255
  Y Cells: 1
  Z Cells: 103
  Total Cells: 26265
Initializing Temperatures...
  2098-Oct-29 23:00:00
  2099-Jan-04 06:00:00
  2099-Jan-12 21:00:00
  2099-Jan-21 12:00:00
  2099-Jan-30 03:00:00
  2099-Feb-07 17:00:00
  2099-Feb-16 08:00:00
  2099-Feb-24 23:00:00
  2099-Mar-05 14:00:00
  2099-Mar-14 05:00:00
  2099-Mar-22 20:00:00
  2099-Mar-31 11:00:00
  2099-Apr-09 02:00:00
  2099-Apr-17 16:00:00
  2099-Apr-26 07:00:00
  2099-May-04 22:00:00
  2099-May-13 13:00:00
  2099-May-22 04:00:00
  2099-May-30 19:00:00
  2099-Jun-08 10:00:00
  2099-Jun-17 01:00:00
  2099-Jun-25 17:00:00
  2099-Jul-04 08:00:00
  2099-Jul-12 22:00:00
  2099-Jul-21 15:00:00
  2099-Jul-30 08:00:00
  2099-Aug-08 01:00:00
  2099-Aug-16 18:00:00
  2099-Aug-25 11:00:00
  2099-Sep-03 04:00:00
  2099-Sep-11 21:00:00
  2099-Sep-20 14:00:00
  2099-Sep-29 07:00:00
  2099-Oct-08 00:00:00
  2099-Oct-16 17:00:00
  2099-Oct-25 10:00:00
  2099-Nov-03 03:00:00
  2099-Nov-11 20:00:00
  2099-Nov-20 13:00:00
  2099-Nov-29 06:00:00
  2099-Dec-07 23:00:00
  2099-Dec-16 16:00:00
  2099-Dec-25 09:00:00
Beginning Simulation...
  2100-Jan-03 01:00:00 (0.6%)
  2100-Jan-11 13:00:00 (2.9%)
  2100-Jan-20 01:00:00 (5.2%)
  2100-Jan-28 13:00:00 (7.5%)
  2100-Feb-06 01:00:00 (9.9%)
  2100-Feb-14 14:00:00 (12.2%)
  2100-Feb-23 01:00:00 (14.5%)
  2100-Mar-03 13:00:00 (16.9%)
  2100-Mar-12 02:00:00 (19.2%)
  2100-Mar-20 14:00:00 (21.5%)
  2100-Mar-29 02:00:00 (23.9%)
  2100-Apr-06 14:00:00 (26.2%)
  2100-Apr-15 02:00:00 (28.5%)
  2100-Apr-23 15:00:00 (30.9%)
  2100-May-02 03:00:00 (33.2%)
  2100-May-10 15:00:00 (35.5%)
  2100-May-19 03:00:00 (37.8%)
  2100-May-27 15:00:00 (40.2%)
  2100-Jun-05 04:00:00 (42.5%)
  2100-Jun-13 16:00:00 (44.8%)
  2100-Jun-22 04:00:00 (47.2%)
  2100-Jun-30 16:00:00 (49.5%)
  2100-Jul-09 04:00:00 (51.8%)
  2100-Jul-17 16:00:00 (54.2%)
  2100-Jul-26 05:00:00 (56.5%)
  2100-Aug-03 17:00:00 (58.8%)
  2100-Aug-12 05:00:00 (61.2%)
  2100-Aug-20 17:00:00 (63.5%)
  2100-Aug-29 05:00:00 (65.8%)
  2100-Sep-06 17:00:00 (68.1%)
  2100-Sep-15 05:00:00 (70.5%)
  2100-Sep-23 17:00:00 (72.8%)
  2100-Oct-02 05:00:00 (75.1%)
  2100-Oct-10 17:00:00 (77.5%)
  2100-Oct-19 05:00:00 (79.8%)
  2100-Oct-27 18:00:00 (82.1%)
  2100-Nov-05 06:00:00 (84.5%)
  2100-Nov-13 18:00:00 (86.8%)
  2100-Nov-22 06:00:00 (89.1%)
  2100-Nov-30 19:00:00 (91.4%)
  2100-Dec-09 07:00:00 (93.8%)
  2100-Dec-17 19:00:00 (96.1%)
  2100-Dec-26 07:00:00 (98.4%)
  2100-Dec-31 23:00:00 (100%)
Finished Program: 2014-Nov-18 11:31:50.667502
Elapsed Time: 00:01:26.216834
