instance.yaml
kiva v0.2.0-19-ge248292
Copyright (C) 2012-2014 Big Ladder Software
Web: www.bigladdersoftware.com

Starting Program: 2014-Nov-17 08:42:16.958407
Creating Domain...
  X Cells: 71
  Y Cells: 1
  Z Cells: 125
  Total Cells: 8875
Initializing Temperatures...
  2099-Jan-12 02:00:00
  2099-Feb-06 03:00:00
  2099-Mar-03 03:00:00
  2099-Mar-28 04:00:00
  2099-Apr-22 05:00:00
  2099-May-17 06:00:00
  2099-Jun-11 06:00:00
  2099-Jul-06 05:00:00
  2099-Jul-31 07:00:00
  2099-Aug-25 07:00:00
  2099-Sep-19 09:00:00
  2099-Oct-14 10:00:00
  2099-Nov-08 11:00:00
  2099-Dec-03 13:00:00
  2099-Dec-28 14:00:00
Beginning Simulation...
  2100-Jan-20 11:00:00 (5.3%)
  2100-Feb-11 23:00:00 (11.5%)
  2100-Mar-06 11:00:00 (17.7%)
  2100-Mar-28 23:00:00 (23.8%)
  2100-Apr-20 11:00:00 (30%)
  2100-May-12 23:00:00 (36.2%)
  2100-Jun-04 11:00:00 (42.3%)
  2100-Jun-26 20:00:00 (48.4%)
  2100-Jul-19 08:00:00 (54.6%)
  2100-Aug-10 20:00:00 (60.8%)
  2100-Sep-03 07:00:00 (67.2%)
  2100-Sep-27 19:00:00 (73.9%)
  2100-Oct-22 09:00:00 (80.7%)
  2100-Nov-15 23:00:00 (87.4%)
  2100-Dec-10 13:00:00 (94.1%)
  2100-Dec-31 23:00:00 (100%)
Finished Program: 2014-Nov-17 08:42:47.872101
Elapsed Time: 00:00:30.913694
