instance.yaml
kiva v0.2.0-9-g526928a
Copyright (C) 2012-2014 Big Ladder Software
Web: www.bigladdersoftware.com

Starting Program: 2014-Oct-19 03:41:36.250971
Creating Domain...
  X Cells: 93
  Y Cells: 1
  Z Cells: 133
  Total Cells: 12369
Initializing Temperatures...
  2098-Oct-22 23:00:00
  2099-Jan-05 12:00:00
  2099-Jan-23 14:00:00
  2099-Feb-13 22:00:00
  2099-Mar-07 07:00:00
  2099-Mar-28 15:00:00
  2099-Apr-19 00:00:00
  2099-May-10 08:00:00
  2099-May-31 17:00:00
  2099-Jun-22 01:00:00
  2099-Jul-13 10:00:00
  2099-Aug-03 19:00:00
  2099-Aug-25 03:00:00
  2099-Sep-15 12:00:00
  2099-Oct-06 21:00:00
  2099-Oct-28 06:00:00
  2099-Nov-18 15:00:00
  2099-Dec-10 00:00:00
  2099-Dec-31 09:00:00
Beginning Simulation...
  2100-Jan-20 01:00:00 (5.2%)
  2100-Feb-08 17:00:00 (10.6%)
  2100-Feb-28 08:00:00 (16%)
  2100-Mar-19 23:00:00 (21.4%)
  2100-Apr-08 14:00:00 (26.7%)
  2100-Apr-28 06:00:00 (32.1%)
  2100-May-17 21:00:00 (37.5%)
  2100-Jun-06 13:00:00 (42.9%)
  2100-Jun-26 05:00:00 (48.3%)
  2100-Jul-15 20:00:00 (53.7%)
  2100-Aug-04 12:00:00 (59%)
  2100-Aug-24 04:00:00 (64.4%)
  2100-Sep-12 20:00:00 (69.8%)
  2100-Oct-02 11:00:00 (75.2%)
  2100-Oct-22 04:00:00 (80.6%)
  2100-Nov-10 19:00:00 (86%)
  2100-Nov-30 07:00:00 (91.3%)
  2100-Dec-19 22:00:00 (96.7%)
  2100-Dec-31 23:00:00 (100%)
Finished Program: 2014-Oct-19 03:42:13.612585
Elapsed Time: 00:00:37.361614
