instance.yaml
kiva v0.2.0-21-g785bfe1
Copyright (C) 2012-2014 Big Ladder Software
Web: www.bigladdersoftware.com

Starting Program: 2014-Nov-18 11:10:26.479157
Creating Domain...
  X Cells: 185
  Y Cells: 1
  Z Cells: 125
  Total Cells: 23125
Initializing Temperatures...
  2098-Oct-29 23:00:00
  2099-Jan-05 23:00:00
  2099-Jan-15 23:00:00
  2099-Jan-25 23:00:00
  2099-Feb-04 23:00:00
  2099-Feb-15 00:00:00
  2099-Feb-25 00:00:00
  2099-Mar-07 00:00:00
  2099-Mar-17 01:00:00
  2099-Mar-27 01:00:00
  2099-Apr-06 01:00:00
  2099-Apr-16 02:00:00
  2099-Apr-26 02:00:00
  2099-May-06 02:00:00
  2099-May-16 03:00:00
  2099-May-26 03:00:00
  2099-Jun-05 04:00:00
  2099-Jun-15 04:00:00
  2099-Jun-25 05:00:00
  2099-Jul-05 05:00:00
  2099-Jul-15 06:00:00
  2099-Jul-25 06:00:00
  2099-Aug-04 07:00:00
  2099-Aug-14 07:00:00
  2099-Aug-24 08:00:00
  2099-Sep-03 08:00:00
  2099-Sep-13 09:00:00
  2099-Sep-23 09:00:00
  2099-Oct-03 10:00:00
  2099-Oct-13 10:00:00
  2099-Oct-23 11:00:00
  2099-Nov-02 11:00:00
  2099-Nov-12 12:00:00
  2099-Nov-22 12:00:00
  2099-Dec-02 13:00:00
  2099-Dec-12 13:00:00
  2099-Dec-22 13:00:00
Beginning Simulation...
  2100-Jan-01 13:00:00 (0.1%)
  2100-Jan-10 21:00:00 (2.7%)
  2100-Jan-20 05:00:00 (5.3%)
  2100-Jan-29 13:00:00 (7.8%)
  2100-Feb-07 21:00:00 (10.4%)
  2100-Feb-17 05:00:00 (12.9%)
  2100-Feb-26 13:00:00 (15.5%)
  2100-Mar-07 21:00:00 (18%)
  2100-Mar-17 05:00:00 (20.6%)
  2100-Mar-26 13:00:00 (23.2%)
  2100-Apr-04 20:00:00 (25.7%)
  2100-Apr-14 04:00:00 (28.3%)
  2100-Apr-23 12:00:00 (30.8%)
  2100-May-02 20:00:00 (33.4%)
  2100-May-12 04:00:00 (35.9%)
  2100-May-21 12:00:00 (38.5%)
  2100-May-30 21:00:00 (41.1%)
  2100-Jun-09 05:00:00 (43.6%)
  2100-Jun-18 13:00:00 (46.2%)
  2100-Jun-27 21:00:00 (48.7%)
  2100-Jul-07 05:00:00 (51.3%)
  2100-Jul-16 13:00:00 (53.8%)
  2100-Jul-25 22:00:00 (56.4%)
  2100-Aug-04 06:00:00 (59%)
  2100-Aug-13 14:00:00 (61.5%)
  2100-Aug-22 22:00:00 (64.1%)
  2100-Sep-01 06:00:00 (66.6%)
  2100-Sep-10 14:00:00 (69.2%)
  2100-Sep-19 22:00:00 (71.8%)
  2100-Sep-29 07:00:00 (74.3%)
  2100-Oct-08 15:00:00 (76.9%)
  2100-Oct-17 23:00:00 (79.4%)
  2100-Oct-27 08:00:00 (82%)
  2100-Nov-05 16:00:00 (84.6%)
  2100-Nov-15 00:00:00 (87.1%)
  2100-Nov-24 06:00:00 (89.7%)
  2100-Dec-03 14:00:00 (92.2%)
  2100-Dec-12 22:00:00 (94.8%)
  2100-Dec-22 06:00:00 (97.3%)
  2100-Dec-31 14:00:00 (99.9%)
  2100-Dec-31 23:00:00 (100%)
Finished Program: 2014-Nov-18 11:11:43.041967
Elapsed Time: 00:01:16.562810
