instance.yaml
kiva v0.2.0-21-g785bfe1
Copyright (C) 2012-2014 Big Ladder Software
Web: www.bigladdersoftware.com

Starting Program: 2014-Nov-18 11:17:26.887194
Creating Domain...
  X Cells: 262
  Y Cells: 1
  Z Cells: 96
  Total Cells: 25152
Initializing Temperatures...
  2099-Jan-01 19:00:00
  2099-Jan-10 10:00:00
  2099-Jan-19 01:00:00
  2099-Jan-27 17:00:00
  2099-Feb-05 08:00:00
  2099-Feb-13 23:00:00
  2099-Feb-22 15:00:00
  2099-Mar-03 06:00:00
  2099-Mar-11 21:00:00
  2099-Mar-20 12:00:00
  2099-Mar-29 04:00:00
  2099-Apr-06 19:00:00
  2099-Apr-15 10:00:00
  2099-Apr-24 02:00:00
  2099-May-02 17:00:00
  2099-May-11 08:00:00
  2099-May-20 00:00:00
  2099-May-28 15:00:00
  2099-Jun-06 06:00:00
  2099-Jun-14 22:00:00
  2099-Jun-23 13:00:00
  2099-Jul-02 04:00:00
  2099-Jul-10 19:00:00
  2099-Jul-19 11:00:00
  2099-Jul-28 02:00:00
  2099-Aug-05 17:00:00
  2099-Aug-14 08:00:00
  2099-Aug-23 00:00:00
  2099-Aug-31 15:00:00
  2099-Sep-09 06:00:00
  2099-Sep-17 22:00:00
  2099-Sep-26 13:00:00
  2099-Oct-05 04:00:00
  2099-Oct-13 19:00:00
  2099-Oct-22 10:00:00
  2099-Oct-31 01:00:00
  2099-Nov-08 17:00:00
  2099-Nov-17 08:00:00
  2099-Nov-25 23:00:00
  2099-Dec-04 15:00:00
  2099-Dec-13 06:00:00
  2099-Dec-21 21:00:00
  2099-Dec-30 13:00:00
Beginning Simulation...
  2100-Jan-08 00:00:00 (1.9%)
  2100-Jan-16 06:00:00 (4.2%)
  2100-Jan-24 12:00:00 (6.4%)
  2100-Feb-01 17:00:00 (8.7%)
  2100-Feb-09 23:00:00 (10.9%)
  2100-Feb-18 04:00:00 (13.2%)
  2100-Feb-26 10:00:00 (15.5%)
  2100-Mar-06 15:00:00 (17.7%)
  2100-Mar-14 21:00:00 (20%)
  2100-Mar-23 02:00:00 (22.2%)
  2100-Mar-31 08:00:00 (24.5%)
  2100-Apr-08 14:00:00 (26.7%)
  2100-Apr-16 19:00:00 (29%)
  2100-Apr-25 01:00:00 (31.2%)
  2100-May-03 07:00:00 (33.5%)
  2100-May-11 13:00:00 (35.8%)
  2100-May-19 18:00:00 (38%)
  2100-May-28 00:00:00 (40.3%)
  2100-Jun-05 06:00:00 (42.5%)
  2100-Jun-13 11:00:00 (44.8%)
  2100-Jun-21 17:00:00 (47%)
  2100-Jun-29 23:00:00 (49.3%)
  2100-Jul-08 04:00:00 (51.6%)
  2100-Jul-16 10:00:00 (53.8%)
  2100-Jul-24 15:00:00 (56.1%)
  2100-Aug-01 21:00:00 (58.3%)
  2100-Aug-10 02:00:00 (60.6%)
  2100-Aug-18 08:00:00 (62.8%)
  2100-Aug-26 14:00:00 (65.1%)
  2100-Sep-03 19:00:00 (67.3%)
  2100-Sep-12 01:00:00 (69.6%)
  2100-Sep-20 07:00:00 (71.9%)
  2100-Sep-28 12:00:00 (74.1%)
  2100-Oct-06 18:00:00 (76.4%)
  2100-Oct-14 22:00:00 (78.6%)
  2100-Oct-23 04:00:00 (80.9%)
  2100-Oct-31 10:00:00 (83.1%)
  2100-Nov-08 15:00:00 (85.4%)
  2100-Nov-16 21:00:00 (87.6%)
  2100-Nov-25 03:00:00 (89.9%)
  2100-Dec-03 08:00:00 (92.1%)
  2100-Dec-11 14:00:00 (94.4%)
  2100-Dec-19 19:00:00 (96.7%)
  2100-Dec-28 01:00:00 (98.9%)
  2100-Dec-31 23:00:00 (100%)
Finished Program: 2014-Nov-18 11:18:54.480009
Elapsed Time: 00:01:27.592815
