instance.yaml
kiva v0.2.0-22-gd89b213
Copyright (C) 2012-2014 Big Ladder Software
Web: www.bigladdersoftware.com

Starting Program: 2014-Nov-19 10:35:45.603393
Creating Domain...
  X Cells: 170
  Y Cells: 1
  Z Cells: 125
  Total Cells: 21250
Initializing Temperatures...
  2098-Oct-15 23:00:00
  2099-Jan-06 01:00:00
  2099-Jan-16 21:00:00
  2099-Jan-27 17:00:00
  2099-Feb-07 13:00:00
  2099-Feb-18 09:00:00
  2099-Mar-01 05:00:00
  2099-Mar-12 01:00:00
  2099-Mar-22 21:00:00
  2099-Apr-02 17:00:00
  2099-Apr-13 13:00:00
  2099-Apr-24 09:00:00
  2099-May-05 05:00:00
  2099-May-16 01:00:00
  2099-May-26 23:00:00
  2099-Jun-06 21:00:00
  2099-Jun-17 19:00:00
  2099-Jun-28 17:00:00
  2099-Jul-09 15:00:00
  2099-Jul-20 13:00:00
  2099-Jul-31 11:00:00
  2099-Aug-11 09:00:00
  2099-Aug-22 07:00:00
  2099-Sep-02 05:00:00
  2099-Sep-13 03:00:00
  2099-Sep-24 01:00:00
  2099-Oct-04 23:00:00
  2099-Oct-15 21:00:00
  2099-Oct-26 19:00:00
  2099-Nov-06 18:00:00
  2099-Nov-17 16:00:00
  2099-Nov-28 13:00:00
  2099-Dec-09 11:00:00
  2099-Dec-20 09:00:00
  2099-Dec-31 07:00:00
Beginning Simulation...
  2100-Jan-10 12:00:00 (2.6%)
  2100-Jan-20 15:00:00 (5.4%)
  2100-Jan-30 17:00:00 (8.1%)
  2100-Feb-09 20:00:00 (10.9%)
  2100-Feb-19 23:00:00 (13.7%)
  2100-Mar-02 02:00:00 (16.5%)
  2100-Mar-12 05:00:00 (19.2%)
  2100-Mar-22 08:00:00 (22%)
  2100-Apr-01 11:00:00 (24.8%)
  2100-Apr-11 14:00:00 (27.6%)
  2100-Apr-21 17:00:00 (30.3%)
  2100-May-01 20:00:00 (33.1%)
  2100-May-11 22:00:00 (35.9%)
  2100-May-22 01:00:00 (38.6%)
  2100-Jun-01 04:00:00 (41.4%)
  2100-Jun-11 07:00:00 (44.2%)
  2100-Jun-21 10:00:00 (47%)
  2100-Jul-01 13:00:00 (49.7%)
  2100-Jul-11 16:00:00 (52.5%)
  2100-Jul-21 19:00:00 (55.3%)
  2100-Jul-31 22:00:00 (58.1%)
  2100-Aug-11 01:00:00 (60.8%)
  2100-Aug-21 04:00:00 (63.6%)
  2100-Aug-31 07:00:00 (66.4%)
  2100-Sep-10 10:00:00 (69.2%)
  2100-Sep-20 13:00:00 (71.9%)
  2100-Sep-30 16:00:00 (74.7%)
  2100-Oct-10 19:00:00 (77.5%)
  2100-Oct-20 22:00:00 (80.3%)
  2100-Oct-31 00:00:00 (83%)
  2100-Nov-10 03:00:00 (85.8%)
  2100-Nov-20 06:00:00 (88.6%)
  2100-Nov-30 09:00:00 (91.3%)
  2100-Dec-10 08:00:00 (94.1%)
  2100-Dec-20 11:00:00 (96.8%)
  2100-Dec-30 14:00:00 (99.6%)
  2100-Dec-31 23:00:00 (100%)
Finished Program: 2014-Nov-19 10:36:56.139476
Elapsed Time: 00:01:10.536083
