instance.yaml
kiva v0.2.0-21-g785bfe1
Copyright (C) 2012-2014 Big Ladder Software
Web: www.bigladdersoftware.com

Starting Program: 2014-Nov-18 10:48:26.117464
Creating Domain...
  X Cells: 97
  Y Cells: 1
  Z Cells: 133
  Total Cells: 12901
Initializing Temperatures...
Warning: Solution did not converge after 849 iterations.
  The final residual was: 0.000258142
  Solver status: 2
  2099-Jan-04 15:00:00
  2099-Jan-23 00:00:00
  2099-Feb-10 09:00:00
  2099-Feb-28 19:00:00
  2099-Mar-19 04:00:00
  2099-Apr-06 14:00:00
  2099-Apr-24 23:00:00
  2099-May-13 09:00:00
  2099-May-31 18:00:00
  2099-Jun-19 04:00:00
  2099-Jul-07 13:00:00
  2099-Jul-25 23:00:00
  2099-Aug-13 08:00:00
  2099-Aug-31 18:00:00
  2099-Sep-19 04:00:00
  2099-Oct-07 14:00:00
  2099-Oct-25 23:00:00
  2099-Nov-13 09:00:00
  2099-Dec-01 19:00:00
  2099-Dec-20 05:00:00
Beginning Simulation...
  2100-Jan-07 02:00:00 (1.7%)
  2100-Jan-24 02:00:00 (6.3%)
  2100-Feb-10 01:00:00 (11%)
  2100-Feb-27 00:00:00 (15.6%)
  2100-Mar-15 23:00:00 (20.3%)
  2100-Apr-01 23:00:00 (24.9%)
  2100-Apr-18 23:00:00 (29.6%)
  2100-May-05 22:00:00 (34.2%)
  2100-May-22 21:00:00 (38.9%)
  2100-Jun-08 21:00:00 (43.5%)
  2100-Jun-25 20:00:00 (48.2%)
  2100-Jul-12 19:00:00 (52.8%)
  2100-Jul-29 19:00:00 (57.5%)
  2100-Aug-15 17:00:00 (62.1%)
  2100-Sep-01 17:00:00 (66.8%)
  2100-Sep-18 17:00:00 (71.4%)
  2100-Oct-05 17:00:00 (76.1%)
  2100-Oct-22 17:00:00 (80.7%)
  2100-Nov-08 16:00:00 (85.4%)
  2100-Nov-25 16:00:00 (90%)
  2100-Dec-12 16:00:00 (94.7%)
  2100-Dec-29 16:00:00 (99.4%)
  2100-Dec-31 23:00:00 (100%)
Finished Program: 2014-Nov-18 10:49:08.137280
Elapsed Time: 00:00:42.019816
