instance.yaml
kiva v0.2.0-21-g785bfe1
Copyright (C) 2012-2014 Big Ladder Software
Web: www.bigladdersoftware.com

Starting Program: 2014-Nov-18 11:03:24.834436
Creating Domain...
  X Cells: 175
  Y Cells: 1
  Z Cells: 158
  Total Cells: 27650
Initializing Temperatures...
  2099-Jan-01 11:00:00
  2099-Jan-09 06:00:00
  2099-Jan-17 00:00:00
  2099-Jan-24 18:00:00
  2099-Feb-01 12:00:00
  2099-Feb-09 06:00:00
  2099-Feb-17 01:00:00
  2099-Feb-24 19:00:00
  2099-Mar-04 14:00:00
  2099-Mar-12 08:00:00
  2099-Mar-20 03:00:00
  2099-Mar-27 21:00:00
  2099-Apr-04 15:00:00
  2099-Apr-12 10:00:00
  2099-Apr-20 04:00:00
  2099-Apr-27 23:00:00
  2099-May-05 17:00:00
  2099-May-13 12:00:00
  2099-May-21 06:00:00
  2099-May-29 01:00:00
  2099-Jun-05 19:00:00
  2099-Jun-13 14:00:00
  2099-Jun-21 09:00:00
  2099-Jun-29 03:00:00
  2099-Jul-06 22:00:00
  2099-Jul-14 16:00:00
  2099-Jul-22 11:00:00
  2099-Jul-30 06:00:00
  2099-Aug-07 00:00:00
  2099-Aug-14 19:00:00
  2099-Aug-22 14:00:00
  2099-Aug-30 08:00:00
  2099-Sep-07 03:00:00
  2099-Sep-14 22:00:00
  2099-Sep-22 16:00:00
  2099-Sep-30 11:00:00
  2099-Oct-08 06:00:00
  2099-Oct-16 01:00:00
  2099-Oct-23 20:00:00
  2099-Oct-31 14:00:00
  2099-Nov-08 09:00:00
  2099-Nov-16 03:00:00
  2099-Nov-23 22:00:00
  2099-Dec-01 16:00:00
  2099-Dec-09 11:00:00
  2099-Dec-17 06:00:00
  2099-Dec-25 00:00:00
Beginning Simulation...
  2100-Jan-01 17:00:00 (0.2%)
  2100-Jan-08 19:00:00 (2.1%)
  2100-Jan-15 22:00:00 (4.1%)
  2100-Jan-23 01:00:00 (6%)
  2100-Jan-30 04:00:00 (8%)
  2100-Feb-06 06:00:00 (9.9%)
  2100-Feb-13 09:00:00 (11.9%)
  2100-Feb-20 12:00:00 (13.8%)
  2100-Feb-27 15:00:00 (15.8%)
  2100-Mar-06 18:00:00 (17.7%)
  2100-Mar-13 20:00:00 (19.7%)
  2100-Mar-20 23:00:00 (21.6%)
  2100-Mar-28 02:00:00 (23.6%)
  2100-Apr-04 05:00:00 (25.5%)
  2100-Apr-11 08:00:00 (27.5%)
  2100-Apr-18 11:00:00 (29.4%)
  2100-Apr-25 14:00:00 (31.4%)
  2100-May-02 16:00:00 (33.3%)
  2100-May-09 19:00:00 (35.3%)
  2100-May-16 22:00:00 (37.2%)
  2100-May-24 01:00:00 (39.2%)
  2100-May-31 05:00:00 (41.2%)
  2100-Jun-07 08:00:00 (43.1%)
  2100-Jun-14 12:00:00 (45.1%)
  2100-Jun-21 16:00:00 (47%)
  2100-Jun-28 20:00:00 (49%)
  2100-Jul-05 23:00:00 (50.9%)
  2100-Jul-13 03:00:00 (52.9%)
  2100-Jul-20 07:00:00 (54.9%)
  2100-Jul-27 10:00:00 (56.8%)
  2100-Aug-03 14:00:00 (58.8%)
  2100-Aug-10 19:00:00 (60.8%)
  2100-Aug-18 01:00:00 (62.8%)
  2100-Aug-25 07:00:00 (64.7%)
  2100-Sep-01 12:00:00 (66.7%)
  2100-Sep-08 18:00:00 (68.7%)
  2100-Sep-16 00:00:00 (70.7%)
  2100-Sep-23 05:00:00 (72.7%)
  2100-Sep-30 11:00:00 (74.6%)
  2100-Oct-07 17:00:00 (76.6%)
  2100-Oct-14 23:00:00 (78.6%)
  2100-Oct-22 04:00:00 (80.6%)
  2100-Oct-29 10:00:00 (82.6%)
  2100-Nov-05 16:00:00 (84.6%)
  2100-Nov-12 21:00:00 (86.5%)
  2100-Nov-20 03:00:00 (88.5%)
  2100-Nov-27 07:00:00 (90.5%)
  2100-Dec-04 13:00:00 (92.5%)
  2100-Dec-11 19:00:00 (94.5%)
  2100-Dec-19 00:00:00 (96.4%)
  2100-Dec-26 06:00:00 (98.4%)
  2100-Dec-31 23:00:00 (100%)
Finished Program: 2014-Nov-18 11:05:03.793136
Elapsed Time: 00:01:38.958700
