instance.yaml
kiva v0.2.0-9-g526928a
Copyright (C) 2012-2014 Big Ladder Software
Web: www.bigladdersoftware.com

Starting Program: 2014-Nov-15 12:22:44.882657
Creating Domain...
  X Cells: 185
  Y Cells: 1
  Z Cells: 113
  Total Cells: 20905
Initializing Temperatures...
  2099-Jan-03 05:00:00
  2099-Jan-13 23:00:00
  2099-Jan-24 18:00:00
  2099-Feb-04 13:00:00
  2099-Feb-15 08:00:00
  2099-Feb-26 03:00:00
  2099-Mar-08 22:00:00
  2099-Mar-19 17:00:00
  2099-Mar-30 11:00:00
  2099-Apr-10 06:00:00
  2099-Apr-21 01:00:00
  2099-May-01 20:00:00
  2099-May-12 15:00:00
  2099-May-23 10:00:00
  2099-Jun-03 06:00:00
  2099-Jun-14 01:00:00
  2099-Jun-24 20:00:00
  2099-Jul-05 15:00:00
  2099-Jul-16 10:00:00
  2099-Jul-27 05:00:00
  2099-Aug-07 00:00:00
  2099-Aug-17 19:00:00
  2099-Aug-28 14:00:00
  2099-Sep-08 09:00:00
  2099-Sep-19 04:00:00
  2099-Sep-29 23:00:00
  2099-Oct-10 18:00:00
  2099-Oct-21 13:00:00
  2099-Nov-01 09:00:00
  2099-Nov-12 02:00:00
  2099-Nov-22 21:00:00
  2099-Dec-03 16:00:00
  2099-Dec-14 11:00:00
  2099-Dec-25 06:00:00
Beginning Simulation...
  2100-Jan-05 00:00:00 (1.1%)
  2100-Jan-15 15:00:00 (4%)
  2100-Jan-26 06:00:00 (6.9%)
  2100-Feb-05 21:00:00 (9.8%)
  2100-Feb-16 13:00:00 (12.8%)
  2100-Feb-27 04:00:00 (15.7%)
  2100-Mar-09 19:00:00 (18.6%)
  2100-Mar-20 10:00:00 (21.5%)
  2100-Mar-31 01:00:00 (24.4%)
  2100-Apr-10 17:00:00 (27.3%)
  2100-Apr-21 08:00:00 (30.2%)
  2100-May-01 23:00:00 (33.1%)
  2100-May-12 15:00:00 (36.1%)
  2100-May-23 06:00:00 (39%)
  2100-Jun-02 22:00:00 (41.9%)
  2100-Jun-13 13:00:00 (44.8%)
  2100-Jun-24 05:00:00 (47.7%)
  2100-Jul-04 20:00:00 (50.6%)
  2100-Jul-15 12:00:00 (53.6%)
  2100-Jul-26 03:00:00 (56.5%)
  2100-Aug-05 18:00:00 (59.4%)
  2100-Aug-16 10:00:00 (62.3%)
  2100-Aug-27 01:00:00 (65.2%)
  2100-Sep-06 17:00:00 (68.1%)
  2100-Sep-17 08:00:00 (71.1%)
  2100-Sep-28 00:00:00 (74%)
  2100-Oct-08 15:00:00 (76.9%)
  2100-Oct-19 07:00:00 (79.8%)
  2100-Oct-29 22:00:00 (82.7%)
  2100-Nov-09 14:00:00 (85.6%)
  2100-Nov-20 05:00:00 (88.6%)
  2100-Nov-30 21:00:00 (91.5%)
  2100-Dec-11 12:00:00 (94.4%)
  2100-Dec-22 02:00:00 (97.3%)
  2100-Dec-31 23:00:00 (100%)
Finished Program: 2014-Nov-15 12:23:53.930993
Elapsed Time: 00:01:09.048336
