instance.yaml
kiva v0.2.0-19-ge248292
Copyright (C) 2012-2014 Big Ladder Software
Web: www.bigladdersoftware.com

Starting Program: 2014-Nov-17 08:47:15.503748
Creating Domain...
  X Cells: 106
  Y Cells: 1
  Z Cells: 103
  Total Cells: 10918
Initializing Temperatures...
  2098-Nov-26 23:00:00
  2099-Jan-18 02:00:00
  2099-Feb-07 12:00:00
  2099-Feb-27 22:00:00
  2099-Mar-20 08:00:00
  2099-Apr-09 18:00:00
  2099-Apr-30 05:00:00
  2099-May-20 15:00:00
  2099-Jun-10 01:00:00
  2099-Jun-30 12:00:00
  2099-Jul-20 22:00:00
  2099-Aug-10 08:00:00
  2099-Aug-30 18:00:00
  2099-Sep-20 04:00:00
  2099-Oct-10 15:00:00
  2099-Oct-31 01:00:00
  2099-Nov-20 12:00:00
  2099-Dec-10 22:00:00
  2099-Dec-31 08:00:00
Beginning Simulation...
  2100-Jan-20 07:00:00 (5.3%)
  2100-Feb-09 05:00:00 (10.7%)
  2100-Mar-01 04:00:00 (16.2%)
  2100-Mar-21 02:00:00 (21.7%)
  2100-Apr-10 01:00:00 (27.1%)
  2100-Apr-30 00:00:00 (32.6%)
  2100-May-19 22:00:00 (38.1%)
  2100-Jun-08 21:00:00 (43.5%)
  2100-Jun-28 19:00:00 (49%)
  2100-Jul-18 18:00:00 (54.5%)
  2100-Aug-07 16:00:00 (59.9%)
  2100-Aug-27 15:00:00 (65.4%)
  2100-Sep-16 13:00:00 (70.8%)
  2100-Oct-06 12:00:00 (76.3%)
  2100-Oct-26 07:00:00 (81.7%)
  2100-Nov-15 06:00:00 (87.2%)
  2100-Dec-05 04:00:00 (92.6%)
  2100-Dec-25 03:00:00 (98.1%)
  2100-Dec-31 23:00:00 (100%)
Finished Program: 2014-Nov-17 08:47:52.344603
Elapsed Time: 00:00:36.840855
