instance.yaml
kiva v0.2.0-9-g526928a
Copyright (C) 2012-2014 Big Ladder Software
Web: www.bigladdersoftware.com

Starting Program: 2014-Oct-26 15:36:52.950808
Creating Domain...
  X Cells: 134
  Y Cells: 1
  Z Cells: 96
  Total Cells: 12864
Initializing Temperatures...
  2099-Jan-01 16:00:00
  2099-Jan-15 22:00:00
  2099-Feb-04 02:00:00
  2099-Feb-23 07:00:00
  2099-Mar-14 11:00:00
  2099-Apr-02 15:00:00
  2099-Apr-21 19:00:00
  2099-May-10 23:00:00
  2099-May-30 02:00:00
  2099-Jun-18 07:00:00
  2099-Jul-07 12:00:00
  2099-Jul-26 17:00:00
  2099-Aug-14 21:00:00
  2099-Sep-02 18:00:00
  2099-Sep-21 21:00:00
  2099-Oct-11 01:00:00
  2099-Oct-30 05:00:00
  2099-Nov-18 08:00:00
  2099-Dec-07 13:00:00
  2099-Dec-27 03:00:00
Beginning Simulation...
  2100-Jan-15 05:00:00 (3.9%)
  2100-Feb-03 03:00:00 (9.1%)
  2100-Feb-22 01:00:00 (14.3%)
  2100-Mar-12 23:00:00 (19.4%)
  2100-Mar-31 21:00:00 (24.6%)
  2100-Apr-19 20:00:00 (29.8%)
  2100-May-08 18:00:00 (35%)
  2100-May-27 17:00:00 (40.2%)
  2100-Jun-15 15:00:00 (45.4%)
  2100-Jul-04 14:00:00 (50.6%)
  2100-Jul-23 12:00:00 (55.8%)
  2100-Aug-11 10:00:00 (60.9%)
  2100-Aug-30 09:00:00 (66.1%)
  2100-Sep-18 08:00:00 (71.3%)
  2100-Oct-07 04:00:00 (76.5%)
  2100-Oct-26 03:00:00 (81.7%)
  2100-Nov-14 01:00:00 (86.9%)
  2100-Dec-02 23:00:00 (92%)
  2100-Dec-21 22:00:00 (97.2%)
  2100-Dec-31 23:00:00 (100%)
Finished Program: 2014-Oct-26 15:37:32.532431
Elapsed Time: 00:00:39.581623
