instance.yaml
kiva v0.2.0-19-ge248292
Copyright (C) 2012-2014 Big Ladder Software
Web: www.bigladdersoftware.com

Starting Program: 2014-Nov-17 08:39:17.654493
Creating Domain...
  X Cells: 95
  Y Cells: 1
  Z Cells: 133
  Total Cells: 12635
Initializing Temperatures...
  2098-Oct-08 23:00:00
  2099-Jan-13 16:00:00
  2099-Feb-02 12:00:00
  2099-Feb-22 08:00:00
  2099-Mar-14 04:00:00
  2099-Apr-03 00:00:00
  2099-Apr-22 20:00:00
  2099-May-12 16:00:00
  2099-Jun-01 12:00:00
  2099-Jun-21 09:00:00
  2099-Jul-11 05:00:00
  2099-Jul-31 01:00:00
  2099-Aug-19 21:00:00
  2099-Sep-08 17:00:00
  2099-Sep-28 14:00:00
  2099-Oct-18 10:00:00
  2099-Nov-07 06:00:00
  2099-Nov-27 03:00:00
  2099-Dec-16 23:00:00
Beginning Simulation...
  2100-Jan-05 10:00:00 (1.2%)
  2100-Jan-23 16:00:00 (6.2%)
  2100-Feb-10 21:00:00 (11.2%)
  2100-Mar-01 02:00:00 (16.2%)
  2100-Mar-19 08:00:00 (21.2%)
  2100-Apr-06 14:00:00 (26.2%)
  2100-Apr-24 19:00:00 (31.2%)
  2100-May-13 00:00:00 (36.2%)
  2100-May-31 06:00:00 (41.2%)
  2100-Jun-18 11:00:00 (46.2%)
  2100-Jul-06 17:00:00 (51.2%)
  2100-Jul-24 23:00:00 (56.2%)
  2100-Aug-12 05:00:00 (61.2%)
  2100-Aug-30 10:00:00 (66.1%)
  2100-Sep-17 16:00:00 (71.1%)
  2100-Oct-05 19:00:00 (76.1%)
  2100-Oct-24 01:00:00 (81.1%)
  2100-Nov-11 07:00:00 (86.1%)
  2100-Nov-29 13:00:00 (91.1%)
  2100-Dec-17 19:00:00 (96.1%)
  2100-Dec-31 23:00:00 (100%)
Finished Program: 2014-Nov-17 08:39:56.777368
Elapsed Time: 00:00:39.122875
