instance.yaml
kiva v0.2.0-19-ge248292
Copyright (C) 2012-2014 Big Ladder Software
Web: www.bigladdersoftware.com

Starting Program: 2014-Nov-17 08:45:12.421221
Creating Domain...
  X Cells: 100
  Y Cells: 1
  Z Cells: 133
  Total Cells: 13300
Initializing Temperatures...
Warning: Solution did not converge after 256 iterations.
  The final residual was: 0.00272575
  Solver status: 2
  2098-Dec-31 23:00:00
  2099-Jan-19 20:00:00
  2099-Feb-07 21:00:00
  2099-Feb-27 02:00:00
  2099-Mar-18 10:00:00
  2099-Apr-06 17:00:00
  2099-Apr-26 02:00:00
  2099-May-15 10:00:00
  2099-Jun-03 18:00:00
  2099-Jun-23 02:00:00
  2099-Jul-08 10:00:00
  2099-Jul-27 18:00:00
  2099-Aug-16 02:00:00
  2099-Sep-04 10:00:00
  2099-Sep-23 19:00:00
  2099-Oct-13 03:00:00
  2099-Nov-01 11:00:00
  2099-Nov-20 19:00:00
  2099-Dec-10 03:00:00
  2099-Dec-29 11:00:00
Beginning Simulation...
  2100-Jan-16 10:00:00 (4.2%)
  2100-Feb-03 03:00:00 (9.1%)
  2100-Feb-20 20:00:00 (13.9%)
  2100-Mar-10 13:00:00 (18.8%)
  2100-Mar-28 06:00:00 (23.6%)
  2100-Apr-14 23:00:00 (28.5%)
  2100-May-02 17:00:00 (33.3%)
  2100-May-20 10:00:00 (38.2%)
  2100-Jun-07 04:00:00 (43.1%)
  2100-Jun-24 22:00:00 (47.9%)
  2100-Jul-12 15:00:00 (52.8%)
  2100-Jul-30 08:00:00 (57.6%)
  2100-Aug-16 23:00:00 (62.5%)
  2100-Sep-03 16:00:00 (67.3%)
  2100-Sep-21 10:00:00 (72.2%)
  2100-Oct-09 03:00:00 (77%)
  2100-Oct-26 20:00:00 (81.9%)
  2100-Nov-13 14:00:00 (86.7%)
  2100-Dec-01 07:00:00 (91.6%)
  2100-Dec-19 01:00:00 (96.4%)
  2100-Dec-31 23:00:00 (100%)
Finished Program: 2014-Nov-17 08:45:52.730304
Elapsed Time: 00:00:40.309083
