instance.yaml
kiva v0.2.0-22-gd89b213
Copyright (C) 2012-2014 Big Ladder Software
Web: www.bigladdersoftware.com

Starting Program: 2014-Nov-19 10:42:45.137238
Creating Domain...
  X Cells: 183
  Y Cells: 1
  Z Cells: 113
  Total Cells: 20679
Initializing Temperatures...
  2098-Dec-24 23:00:00
  2099-Jan-11 02:00:00
  2099-Jan-21 23:00:00
  2099-Feb-01 21:00:00
  2099-Feb-12 18:00:00
  2099-Feb-23 15:00:00
  2099-Mar-06 13:00:00
  2099-Mar-17 10:00:00
  2099-Mar-28 07:00:00
  2099-Apr-08 05:00:00
  2099-Apr-19 02:00:00
  2099-Apr-30 00:00:00
  2099-May-10 21:00:00
  2099-May-21 19:00:00
  2099-Jun-01 16:00:00
  2099-Jun-12 14:00:00
  2099-Jun-23 11:00:00
  2099-Jul-04 09:00:00
  2099-Jul-15 06:00:00
  2099-Jul-26 03:00:00
  2099-Aug-06 01:00:00
  2099-Aug-16 22:00:00
  2099-Aug-27 20:00:00
  2099-Sep-07 17:00:00
  2099-Sep-18 15:00:00
  2099-Sep-29 12:00:00
  2099-Oct-10 10:00:00
  2099-Oct-21 05:00:00
  2099-Nov-01 02:00:00
  2099-Nov-12 00:00:00
  2099-Nov-22 21:00:00
  2099-Dec-03 19:00:00
  2099-Dec-14 17:00:00
  2099-Dec-25 14:00:00
Beginning Simulation...
  2100-Jan-05 10:00:00 (1.2%)
  2100-Jan-16 03:00:00 (4.1%)
  2100-Jan-26 20:00:00 (7.1%)
  2100-Feb-06 13:00:00 (10%)
  2100-Feb-17 06:00:00 (12.9%)
  2100-Feb-27 23:00:00 (15.9%)
  2100-Mar-10 16:00:00 (18.8%)
  2100-Mar-21 09:00:00 (21.7%)
  2100-Apr-01 02:00:00 (24.7%)
  2100-Apr-11 19:00:00 (27.6%)
  2100-Apr-22 12:00:00 (30.5%)
  2100-May-03 05:00:00 (33.5%)
  2100-May-13 22:00:00 (36.4%)
  2100-May-24 15:00:00 (39.3%)
  2100-Jun-04 08:00:00 (42.3%)
  2100-Jun-15 02:00:00 (45.2%)
  2100-Jun-25 19:00:00 (48.2%)
  2100-Jul-06 12:00:00 (51.1%)
  2100-Jul-17 05:00:00 (54%)
  2100-Jul-27 22:00:00 (57%)
  2100-Aug-07 15:00:00 (59.9%)
  2100-Aug-18 09:00:00 (62.8%)
  2100-Aug-29 02:00:00 (65.8%)
  2100-Sep-08 19:00:00 (68.7%)
  2100-Sep-19 12:00:00 (71.6%)
  2100-Sep-30 05:00:00 (74.6%)
  2100-Oct-10 22:00:00 (77.5%)
  2100-Oct-21 15:00:00 (80.4%)
  2100-Nov-01 09:00:00 (83.4%)
  2100-Nov-12 02:00:00 (86.3%)
  2100-Nov-22 19:00:00 (89.3%)
  2100-Dec-03 10:00:00 (92.2%)
  2100-Dec-14 04:00:00 (95.1%)
  2100-Dec-24 21:00:00 (98%)
  2100-Dec-31 23:00:00 (100%)
Finished Program: 2014-Nov-19 10:43:53.665324
Elapsed Time: 00:01:08.528086
