instance.yaml
kiva v0.2.0-21-g785bfe1
Copyright (C) 2012-2014 Big Ladder Software
Web: www.bigladdersoftware.com

Starting Program: 2014-Nov-18 11:22:28.369569
Creating Domain...
  X Cells: 93
  Y Cells: 1
  Z Cells: 158
  Total Cells: 14694
Initializing Temperatures...
  2098-Dec-24 23:00:00
  2099-Jan-16 18:00:00
  2099-Feb-02 00:00:00
  2099-Feb-18 05:00:00
  2099-Mar-06 10:00:00
  2099-Mar-22 15:00:00
  2099-Apr-07 20:00:00
  2099-Apr-24 02:00:00
  2099-May-10 07:00:00
  2099-May-26 12:00:00
  2099-Jun-11 18:00:00
  2099-Jun-27 23:00:00
  2099-Jul-14 05:00:00
  2099-Jul-30 10:00:00
  2099-Aug-15 16:00:00
  2099-Aug-31 21:00:00
  2099-Sep-17 02:00:00
  2099-Oct-03 08:00:00
  2099-Oct-19 14:00:00
  2099-Nov-04 19:00:00
  2099-Nov-21 04:00:00
  2099-Dec-07 13:00:00
  2099-Dec-23 23:00:00
Beginning Simulation...
  2100-Jan-08 14:00:00 (2.1%)
  2100-Jan-23 12:00:00 (6.2%)
  2100-Feb-07 09:00:00 (10.2%)
  2100-Feb-22 07:00:00 (14.3%)
  2100-Mar-09 04:00:00 (18.4%)
  2100-Mar-24 01:00:00 (22.5%)
  2100-Apr-07 23:00:00 (26.6%)
  2100-Apr-22 20:00:00 (30.6%)
  2100-May-07 18:00:00 (34.7%)
  2100-May-22 16:00:00 (38.8%)
  2100-Jun-06 12:00:00 (42.9%)
  2100-Jun-21 10:00:00 (47%)
  2100-Jul-06 08:00:00 (51.1%)
  2100-Jul-21 03:00:00 (55.1%)
  2100-Aug-04 15:00:00 (59.1%)
  2100-Aug-19 10:00:00 (63.1%)
  2100-Sep-03 07:00:00 (67.2%)
  2100-Sep-18 04:00:00 (71.3%)
  2100-Oct-03 00:00:00 (75.3%)
  2100-Oct-17 22:00:00 (79.4%)
  2100-Nov-01 20:00:00 (83.5%)
  2100-Nov-16 18:00:00 (87.6%)
  2100-Dec-01 16:00:00 (91.7%)
  2100-Dec-16 14:00:00 (95.8%)
  2100-Dec-31 12:00:00 (99.9%)
  2100-Dec-31 23:00:00 (100%)
Finished Program: 2014-Nov-18 11:23:16.033548
Elapsed Time: 00:00:47.663979
