instance.yaml
kiva v0.2.0-19-ge248292
Copyright (C) 2012-2014 Big Ladder Software
Web: www.bigladdersoftware.com

Starting Program: 2014-Nov-17 08:43:15.950730
Creating Domain...
  X Cells: 94
  Y Cells: 1
  Z Cells: 125
  Total Cells: 11750
Initializing Temperatures...
  2099-Jan-10 11:00:00
  2099-Jan-30 16:00:00
  2099-Feb-19 21:00:00
  2099-Mar-12 02:00:00
  2099-Apr-01 06:00:00
  2099-Apr-21 11:00:00
  2099-May-11 16:00:00
  2099-May-31 21:00:00
  2099-Jun-21 02:00:00
  2099-Jul-11 07:00:00
  2099-Jul-31 13:00:00
  2099-Aug-20 18:00:00
  2099-Sep-09 23:00:00
  2099-Sep-30 03:00:00
  2099-Oct-20 09:00:00
  2099-Nov-09 14:00:00
  2099-Nov-29 19:00:00
  2099-Dec-20 00:00:00
Beginning Simulation...
  2100-Jan-08 14:00:00 (2.1%)
  2100-Jan-27 05:00:00 (7.2%)
  2100-Feb-14 20:00:00 (12.3%)
  2100-Mar-05 11:00:00 (17.4%)
  2100-Mar-24 02:00:00 (22.5%)
  2100-Apr-11 17:00:00 (27.6%)
  2100-Apr-30 09:00:00 (32.7%)
  2100-May-19 00:00:00 (37.8%)
  2100-Jun-06 16:00:00 (42.9%)
  2100-Jun-25 07:00:00 (48%)
  2100-Jul-13 23:00:00 (53.1%)
  2100-Aug-01 13:00:00 (58.2%)
  2100-Aug-20 02:00:00 (63.3%)
  2100-Sep-07 18:00:00 (68.4%)
  2100-Sep-26 10:00:00 (73.5%)
  2100-Oct-15 01:00:00 (78.6%)
  2100-Nov-02 17:00:00 (83.8%)
  2100-Nov-21 08:00:00 (88.9%)
  2100-Dec-09 23:00:00 (94%)
  2100-Dec-28 15:00:00 (99.1%)
  2100-Dec-31 23:00:00 (100%)
Finished Program: 2014-Nov-17 08:43:54.179532
Elapsed Time: 00:00:38.228802
