instance.yaml
kiva v0.2.0-9-g526928a
Copyright (C) 2012-2014 Big Ladder Software
Web: www.bigladdersoftware.com

Starting Program: 2014-Nov-15 11:51:46.042156
Creating Domain...
  X Cells: 158
  Y Cells: 1
  Z Cells: 125
  Total Cells: 19750
Initializing Temperatures...
  2099-Jan-02 04:00:00
  2099-Jan-14 11:00:00
  2099-Jan-26 18:00:00
  2099-Feb-08 01:00:00
  2099-Feb-20 08:00:00
  2099-Mar-04 15:00:00
  2099-Mar-16 22:00:00
  2099-Mar-29 05:00:00
  2099-Apr-10 12:00:00
  2099-Apr-22 20:00:00
  2099-May-05 00:00:00
  2099-May-17 07:00:00
  2099-May-29 14:00:00
  2099-Jun-10 21:00:00
  2099-Jun-23 04:00:00
  2099-Jul-05 12:00:00
  2099-Jul-17 19:00:00
  2099-Jul-30 02:00:00
  2099-Aug-11 09:00:00
  2099-Aug-23 17:00:00
  2099-Sep-05 00:00:00
  2099-Sep-17 08:00:00
  2099-Sep-29 15:00:00
  2099-Oct-11 22:00:00
  2099-Oct-24 06:00:00
  2099-Nov-05 13:00:00
  2099-Nov-17 20:00:00
  2099-Nov-30 04:00:00
  2099-Dec-12 11:00:00
  2099-Dec-24 18:00:00
Beginning Simulation...
  2100-Jan-05 16:00:00 (1.3%)
  2100-Jan-17 00:00:00 (4.4%)
  2100-Jan-28 09:00:00 (7.5%)
  2100-Feb-08 17:00:00 (10.6%)
  2100-Feb-20 01:00:00 (13.7%)
  2100-Mar-03 09:00:00 (16.8%)
  2100-Mar-14 18:00:00 (19.9%)
  2100-Mar-26 02:00:00 (23%)
  2100-Apr-06 11:00:00 (26.2%)
  2100-Apr-17 19:00:00 (29.3%)
  2100-Apr-29 04:00:00 (32.4%)
  2100-May-10 12:00:00 (35.5%)
  2100-May-21 20:00:00 (38.6%)
  2100-Jun-02 05:00:00 (41.7%)
  2100-Jun-13 14:00:00 (44.8%)
  2100-Jun-24 22:00:00 (47.9%)
  2100-Jul-06 07:00:00 (51%)
  2100-Jul-17 15:00:00 (54.1%)
  2100-Jul-29 00:00:00 (57.3%)
  2100-Aug-09 08:00:00 (60.4%)
  2100-Aug-20 17:00:00 (63.5%)
  2100-Sep-01 02:00:00 (66.6%)
  2100-Sep-12 10:00:00 (69.7%)
  2100-Sep-23 19:00:00 (72.8%)
  2100-Oct-05 04:00:00 (75.9%)
  2100-Oct-16 12:00:00 (79%)
  2100-Oct-27 21:00:00 (82.2%)
  2100-Nov-08 06:00:00 (85.3%)
  2100-Nov-19 15:00:00 (88.4%)
  2100-Nov-30 23:00:00 (91.5%)
  2100-Dec-12 06:00:00 (94.6%)
  2100-Dec-23 14:00:00 (97.7%)
  2100-Dec-31 23:00:00 (100%)
Finished Program: 2014-Nov-15 11:52:48.739910
Elapsed Time: 00:01:02.697754
