instance.yaml
kiva v0.2.0-20-g4c7c200
Copyright (C) 2012-2014 Big Ladder Software
Web: www.bigladdersoftware.com

Starting Program: 2014-Nov-17 14:12:18.302210
Creating Domain...
  X Cells: 128
  Y Cells: 1
  Z Cells: 103
  Total Cells: 13184
Initializing Temperatures...
  2099-Jan-01 05:00:00
  2099-Jan-19 16:00:00
  2099-Feb-07 04:00:00
  2099-Feb-25 17:00:00
  2099-Mar-16 05:00:00
  2099-Apr-03 18:00:00
  2099-Apr-22 06:00:00
  2099-May-10 19:00:00
  2099-May-29 08:00:00
  2099-Jun-16 20:00:00
  2099-Jul-05 08:00:00
  2099-Jul-23 21:00:00
  2099-Aug-11 09:00:00
  2099-Aug-29 22:00:00
  2099-Sep-17 10:00:00
  2099-Oct-05 23:00:00
  2099-Oct-24 11:00:00
  2099-Nov-12 02:00:00
  2099-Nov-30 18:00:00
  2099-Dec-19 10:00:00
Beginning Simulation...
  2100-Jan-06 22:00:00 (1.6%)
  2100-Jan-25 01:00:00 (6.6%)
  2100-Feb-12 05:00:00 (11.6%)
  2100-Mar-02 08:00:00 (16.5%)
  2100-Mar-20 11:00:00 (21.5%)
  2100-Apr-07 14:00:00 (26.5%)
  2100-Apr-25 18:00:00 (31.4%)
  2100-May-13 22:00:00 (36.4%)
  2100-Jun-01 01:00:00 (41.4%)
  2100-Jun-19 05:00:00 (46.4%)
  2100-Jul-07 09:00:00 (51.3%)
  2100-Jul-25 11:00:00 (56.3%)
  2100-Aug-12 14:00:00 (61.3%)
  2100-Aug-30 18:00:00 (66.2%)
  2100-Sep-17 21:00:00 (71.2%)
  2100-Oct-06 01:00:00 (76.2%)
  2100-Oct-24 05:00:00 (81.2%)
  2100-Nov-11 08:00:00 (86.1%)
  2100-Nov-29 12:00:00 (91.1%)
  2100-Dec-17 16:00:00 (96.1%)
  2100-Dec-31 23:00:00 (100%)
Finished Program: 2014-Nov-17 14:12:58.788151
Elapsed Time: 00:00:40.485941
