instance.yaml
kiva v0.2.0-21-g785bfe1
Copyright (C) 2012-2014 Big Ladder Software
Web: www.bigladdersoftware.com

Starting Program: 2014-Nov-18 11:10:25.298521
Creating Domain...
  X Cells: 179
  Y Cells: 1
  Z Cells: 133
  Total Cells: 23807
Initializing Temperatures...
  2098-Nov-19 23:00:00
  2099-Jan-07 19:00:00
  2099-Jan-17 14:00:00
  2099-Jan-27 09:00:00
  2099-Feb-06 03:00:00
  2099-Feb-15 22:00:00
  2099-Feb-25 17:00:00
  2099-Mar-07 12:00:00
  2099-Mar-17 07:00:00
  2099-Mar-27 01:00:00
  2099-Apr-05 20:00:00
  2099-Apr-15 15:00:00
  2099-Apr-25 10:00:00
  2099-May-05 05:00:00
  2099-May-15 00:00:00
  2099-May-24 19:00:00
  2099-Jun-03 13:00:00
  2099-Jun-13 08:00:00
  2099-Jun-23 03:00:00
  2099-Jul-02 22:00:00
  2099-Jul-12 17:00:00
  2099-Jul-22 12:00:00
  2099-Aug-01 07:00:00
  2099-Aug-11 02:00:00
  2099-Aug-20 20:00:00
  2099-Aug-30 15:00:00
  2099-Sep-09 10:00:00
  2099-Sep-19 05:00:00
  2099-Sep-29 00:00:00
  2099-Oct-08 19:00:00
  2099-Oct-18 14:00:00
  2099-Oct-28 09:00:00
  2099-Nov-07 04:00:00
  2099-Nov-16 23:00:00
  2099-Nov-26 18:00:00
  2099-Dec-06 13:00:00
  2099-Dec-16 07:00:00
  2099-Dec-26 02:00:00
Beginning Simulation...
  2100-Jan-04 14:00:00 (1%)
  2100-Jan-13 16:00:00 (3.5%)
  2100-Jan-22 17:00:00 (5.9%)
  2100-Jan-31 19:00:00 (8.4%)
  2100-Feb-09 20:00:00 (10.9%)
  2100-Feb-18 22:00:00 (13.4%)
  2100-Feb-27 23:00:00 (15.9%)
  2100-Mar-09 00:00:00 (18.4%)
  2100-Mar-18 01:00:00 (20.8%)
  2100-Mar-27 03:00:00 (23.3%)
  2100-Apr-05 04:00:00 (25.8%)
  2100-Apr-14 05:00:00 (28.3%)
  2100-Apr-23 06:00:00 (30.8%)
  2100-May-02 08:00:00 (33.2%)
  2100-May-11 09:00:00 (35.7%)
  2100-May-20 11:00:00 (38.2%)
  2100-May-29 12:00:00 (40.7%)
  2100-Jun-07 13:00:00 (43.2%)
  2100-Jun-16 15:00:00 (45.7%)
  2100-Jun-25 16:00:00 (48.1%)
  2100-Jul-04 18:00:00 (50.6%)
  2100-Jul-13 19:00:00 (53.1%)
  2100-Jul-22 21:00:00 (55.6%)
  2100-Jul-31 22:00:00 (58.1%)
  2100-Aug-10 00:00:00 (60.5%)
  2100-Aug-19 01:00:00 (63%)
  2100-Aug-28 03:00:00 (65.5%)
  2100-Sep-06 04:00:00 (68%)
  2100-Sep-15 06:00:00 (70.5%)
  2100-Sep-24 07:00:00 (73%)
  2100-Oct-03 09:00:00 (75.4%)
  2100-Oct-12 10:00:00 (77.9%)
  2100-Oct-21 12:00:00 (80.4%)
  2100-Oct-30 12:00:00 (82.9%)
  2100-Nov-07 18:00:00 (85.1%)
  2100-Nov-16 19:00:00 (87.6%)
  2100-Nov-25 20:00:00 (90.1%)
  2100-Dec-04 22:00:00 (92.6%)
  2100-Dec-13 23:00:00 (95.1%)
  2100-Dec-23 01:00:00 (97.5%)
  2100-Dec-31 23:00:00 (100%)
Finished Program: 2014-Nov-18 11:11:43.989344
Elapsed Time: 00:01:18.690823
