instance.yaml
kiva v0.2.0-22-gd89b213
Copyright (C) 2012-2014 Big Ladder Software
Web: www.bigladdersoftware.com

Starting Program: 2014-Nov-19 10:39:42.997325
Creating Domain...
  X Cells: 174
  Y Cells: 1
  Z Cells: 103
  Total Cells: 17922
Initializing Temperatures...
  2099-Jan-02 10:00:00
  2099-Jan-15 19:00:00
  2099-Jan-29 04:00:00
  2099-Feb-11 13:00:00
  2099-Feb-24 23:00:00
  2099-Mar-10 08:00:00
  2099-Mar-23 17:00:00
  2099-Apr-06 02:00:00
  2099-Apr-19 12:00:00
  2099-May-02 21:00:00
  2099-May-16 06:00:00
  2099-May-29 16:00:00
  2099-Jun-12 01:00:00
  2099-Jun-25 10:00:00
  2099-Jul-08 19:00:00
  2099-Jul-22 05:00:00
  2099-Aug-04 14:00:00
  2099-Aug-17 23:00:00
  2099-Aug-31 08:00:00
  2099-Sep-13 18:00:00
  2099-Sep-27 03:00:00
  2099-Oct-10 12:00:00
  2099-Oct-23 21:00:00
  2099-Nov-06 07:00:00
  2099-Nov-19 16:00:00
  2099-Dec-03 01:00:00
  2099-Dec-16 11:00:00
  2099-Dec-29 20:00:00
Beginning Simulation...
  2100-Jan-12 00:00:00 (3%)
  2100-Jan-25 03:00:00 (6.6%)
  2100-Feb-07 06:00:00 (10.2%)
  2100-Feb-20 09:00:00 (13.8%)
  2100-Mar-05 12:00:00 (17.4%)
  2100-Mar-18 14:00:00 (21%)
  2100-Mar-31 17:00:00 (24.6%)
  2100-Apr-13 20:00:00 (28.2%)
  2100-Apr-26 23:00:00 (31.8%)
  2100-May-10 02:00:00 (35.4%)
  2100-May-23 05:00:00 (39%)
  2100-Jun-05 08:00:00 (42.6%)
  2100-Jun-18 11:00:00 (46.2%)
  2100-Jul-01 14:00:00 (49.7%)
  2100-Jul-14 17:00:00 (53.3%)
  2100-Jul-27 21:00:00 (57%)
  2100-Aug-10 00:00:00 (60.5%)
  2100-Aug-23 02:00:00 (64.1%)
  2100-Sep-05 05:00:00 (67.7%)
  2100-Sep-18 08:00:00 (71.3%)
  2100-Oct-01 11:00:00 (74.9%)
  2100-Oct-14 14:00:00 (78.5%)
  2100-Oct-27 17:00:00 (82.1%)
  2100-Nov-09 20:00:00 (85.7%)
  2100-Nov-22 23:00:00 (89.3%)
  2100-Dec-06 03:00:00 (92.9%)
  2100-Dec-19 07:00:00 (96.5%)
  2100-Dec-31 23:00:00 (100%)
Finished Program: 2014-Nov-19 10:40:38.960942
Elapsed Time: 00:00:55.963617
