instance.yaml
kiva v0.2.0-20-g4c7c200
Copyright (C) 2012-2014 Big Ladder Software
Web: www.bigladdersoftware.com

Starting Program: 2014-Nov-17 14:19:18.252449
Creating Domain...
  X Cells: 181
  Y Cells: 1
  Z Cells: 158
  Total Cells: 28598
Initializing Temperatures...
  2098-Nov-12 23:00:00
  2099-Jan-04 09:00:00
  2099-Jan-11 21:00:00
  2099-Jan-19 10:00:00
  2099-Jan-26 23:00:00
  2099-Feb-03 11:00:00
  2099-Feb-11 00:00:00
  2099-Feb-18 13:00:00
  2099-Feb-26 01:00:00
  2099-Mar-05 14:00:00
  2099-Mar-13 03:00:00
  2099-Mar-20 15:00:00
  2099-Mar-28 04:00:00
  2099-Apr-04 17:00:00
  2099-Apr-12 06:00:00
  2099-Apr-19 18:00:00
  2099-Apr-27 07:00:00
  2099-May-04 20:00:00
  2099-May-12 09:00:00
  2099-May-19 22:00:00
  2099-May-27 11:00:00
  2099-Jun-04 00:00:00
  2099-Jun-11 13:00:00
  2099-Jun-19 02:00:00
  2099-Jun-26 14:00:00
  2099-Jul-04 03:00:00
  2099-Jul-11 16:00:00
  2099-Jul-19 05:00:00
  2099-Jul-26 18:00:00
  2099-Aug-03 07:00:00
  2099-Aug-10 20:00:00
  2099-Aug-18 09:00:00
  2099-Aug-25 22:00:00
  2099-Sep-02 11:00:00
  2099-Sep-10 00:00:00
  2099-Sep-17 13:00:00
  2099-Sep-25 02:00:00
  2099-Oct-02 15:00:00
  2099-Oct-10 04:00:00
  2099-Oct-17 17:00:00
  2099-Oct-25 07:00:00
  2099-Nov-01 20:00:00
  2099-Nov-09 09:00:00
  2099-Nov-16 21:00:00
  2099-Nov-24 08:00:00
  2099-Dec-01 19:00:00
  2099-Dec-09 05:00:00
  2099-Dec-16 16:00:00
  2099-Dec-24 03:00:00
  2099-Dec-31 14:00:00
Beginning Simulation...
  2100-Jan-07 11:00:00 (1.8%)
  2100-Jan-14 08:00:00 (3.7%)
  2100-Jan-21 04:00:00 (5.5%)
  2100-Jan-28 00:00:00 (7.4%)
  2100-Feb-03 21:00:00 (9.3%)
  2100-Feb-10 18:00:00 (11.2%)
  2100-Feb-17 14:00:00 (13%)
  2100-Feb-24 11:00:00 (14.9%)
  2100-Mar-03 08:00:00 (16.8%)
  2100-Mar-10 05:00:00 (18.7%)
  2100-Mar-17 02:00:00 (20.6%)
  2100-Mar-23 23:00:00 (22.5%)
  2100-Mar-30 20:00:00 (24.3%)
  2100-Apr-06 16:00:00 (26.2%)
  2100-Apr-13 13:00:00 (28.1%)
  2100-Apr-20 10:00:00 (30%)
  2100-Apr-27 07:00:00 (31.9%)
  2100-May-04 04:00:00 (33.7%)
  2100-May-11 01:00:00 (35.6%)
  2100-May-17 22:00:00 (37.5%)
  2100-May-24 17:00:00 (39.4%)
  2100-May-31 14:00:00 (41.3%)
  2100-Jun-07 12:00:00 (43.2%)
  2100-Jun-14 09:00:00 (45%)
  2100-Jun-21 06:00:00 (46.9%)
  2100-Jun-28 03:00:00 (48.8%)
  2100-Jul-05 00:00:00 (50.7%)
  2100-Jul-11 21:00:00 (52.6%)
  2100-Jul-18 19:00:00 (54.5%)
  2100-Jul-25 16:00:00 (56.3%)
  2100-Aug-01 13:00:00 (58.2%)
  2100-Aug-08 09:00:00 (60.1%)
  2100-Aug-15 06:00:00 (62%)
  2100-Aug-22 04:00:00 (63.9%)
  2100-Aug-29 01:00:00 (65.8%)
  2100-Sep-04 22:00:00 (67.6%)
  2100-Sep-11 19:00:00 (69.5%)
  2100-Sep-18 16:00:00 (71.4%)
  2100-Sep-25 13:00:00 (73.3%)
  2100-Oct-02 10:00:00 (75.2%)
  2100-Oct-09 08:00:00 (77.1%)
  2100-Oct-16 05:00:00 (79%)
  2100-Oct-23 02:00:00 (80.8%)
  2100-Oct-29 23:00:00 (82.7%)
  2100-Nov-05 20:00:00 (84.6%)
  2100-Nov-12 17:00:00 (86.5%)
  2100-Nov-19 13:00:00 (88.4%)
  2100-Nov-26 11:00:00 (90.3%)
  2100-Dec-03 08:00:00 (92.1%)
  2100-Dec-10 05:00:00 (94%)
  2100-Dec-17 02:00:00 (95.9%)
  2100-Dec-23 22:00:00 (97.8%)
  2100-Dec-30 19:00:00 (99.7%)
  2100-Dec-31 23:00:00 (100%)
Finished Program: 2014-Nov-17 14:21:01.171223
Elapsed Time: 00:01:42.918774
