instance.yaml
kiva v0.2.0-21-g785bfe1
Copyright (C) 2012-2014 Big Ladder Software
Web: www.bigladdersoftware.com

Starting Program: 2014-Nov-18 11:30:27.100928
Creating Domain...
  X Cells: 187
  Y Cells: 1
  Z Cells: 113
  Total Cells: 21131
Initializing Temperatures...
  2098-Dec-31 23:00:00
  2099-Jan-11 04:00:00
  2099-Jan-21 18:00:00
  2099-Feb-01 09:00:00
  2099-Feb-11 23:00:00
  2099-Feb-22 14:00:00
  2099-Mar-05 04:00:00
  2099-Mar-15 19:00:00
  2099-Mar-26 09:00:00
  2099-Apr-06 00:00:00
  2099-Apr-16 15:00:00
  2099-Apr-27 05:00:00
  2099-May-07 19:00:00
  2099-May-18 10:00:00
  2099-May-29 01:00:00
  2099-Jun-08 15:00:00
  2099-Jun-19 05:00:00
  2099-Jun-29 20:00:00
  2099-Jul-10 11:00:00
  2099-Jul-21 01:00:00
  2099-Jul-31 16:00:00
  2099-Aug-11 06:00:00
  2099-Aug-21 21:00:00
  2099-Sep-01 12:00:00
  2099-Sep-12 02:00:00
  2099-Sep-22 17:00:00
  2099-Oct-03 07:00:00
  2099-Oct-13 22:00:00
  2099-Oct-24 13:00:00
  2099-Nov-04 04:00:00
  2099-Nov-14 20:00:00
  2099-Nov-25 12:00:00
  2099-Dec-06 03:00:00
  2099-Dec-16 19:00:00
  2099-Dec-27 10:00:00
Beginning Simulation...
  2100-Jan-06 23:00:00 (1.6%)
  2100-Jan-17 10:00:00 (4.5%)
  2100-Jan-27 21:00:00 (7.4%)
  2100-Feb-07 08:00:00 (10.2%)
  2100-Feb-17 21:00:00 (13.1%)
  2100-Feb-28 10:00:00 (16%)
  2100-Mar-10 23:00:00 (18.9%)
  2100-Mar-21 11:00:00 (21.8%)
  2100-Apr-01 00:00:00 (24.7%)
  2100-Apr-11 13:00:00 (27.5%)
  2100-Apr-22 01:00:00 (30.4%)
  2100-May-02 14:00:00 (33.3%)
  2100-May-13 02:00:00 (36.2%)
  2100-May-23 15:00:00 (39.1%)
  2100-Jun-03 04:00:00 (42%)
  2100-Jun-13 17:00:00 (44.9%)
  2100-Jun-24 05:00:00 (47.7%)
  2100-Jul-04 18:00:00 (50.6%)
  2100-Jul-15 07:00:00 (53.5%)
  2100-Jul-25 20:00:00 (56.4%)
  2100-Aug-05 09:00:00 (59.3%)
  2100-Aug-15 21:00:00 (62.2%)
  2100-Aug-26 10:00:00 (65%)
  2100-Sep-05 23:00:00 (67.9%)
  2100-Sep-16 12:00:00 (70.8%)
  2100-Sep-27 01:00:00 (73.7%)
  2100-Oct-07 14:00:00 (76.6%)
  2100-Oct-18 03:00:00 (79.5%)
  2100-Oct-28 15:00:00 (82.4%)
  2100-Nov-08 04:00:00 (85.3%)
  2100-Nov-18 17:00:00 (88.1%)
  2100-Nov-29 05:00:00 (91%)
  2100-Dec-09 16:00:00 (93.9%)
  2100-Dec-20 05:00:00 (96.8%)
  2100-Dec-30 18:00:00 (99.7%)
  2100-Dec-31 23:00:00 (100%)
Finished Program: 2014-Nov-18 11:31:37.117055
Elapsed Time: 00:01:10.016127
