instance.yaml
kiva v0.2.0-21-g785bfe1
Copyright (C) 2012-2014 Big Ladder Software
Web: www.bigladdersoftware.com

Starting Program: 2014-Nov-18 11:21:24.583749
Creating Domain...
  X Cells: 86
  Y Cells: 1
  Z Cells: 113
  Total Cells: 9718
Initializing Temperatures...
  2098-Dec-03 23:00:00
  2099-Jan-21 06:00:00
  2099-Feb-13 03:00:00
  2099-Mar-08 00:00:00
  2099-Mar-30 21:00:00
  2099-Apr-22 18:00:00
  2099-May-15 15:00:00
  2099-Jun-07 12:00:00
  2099-Jun-30 10:00:00
  2099-Jul-23 07:00:00
  2099-Aug-15 04:00:00
  2099-Sep-07 01:00:00
  2099-Sep-29 23:00:00
  2099-Oct-22 20:00:00
  2099-Nov-14 17:00:00
  2099-Dec-07 15:00:00
  2099-Dec-30 12:00:00
Beginning Simulation...
  2100-Jan-21 22:00:00 (5.7%)
  2100-Feb-13 07:00:00 (11.9%)
  2100-Mar-07 15:00:00 (18%)
  2100-Mar-30 00:00:00 (24.1%)
  2100-Apr-21 09:00:00 (30.2%)
  2100-May-13 18:00:00 (36.4%)
  2100-Jun-05 04:00:00 (42.5%)
  2100-Jun-27 13:00:00 (48.6%)
  2100-Jul-19 23:00:00 (54.8%)
  2100-Aug-11 08:00:00 (60.9%)
  2100-Sep-02 17:00:00 (67%)
  2100-Sep-25 03:00:00 (73.2%)
  2100-Oct-17 12:00:00 (79.3%)
  2100-Nov-08 21:00:00 (85.4%)
  2100-Dec-01 06:00:00 (91.6%)
  2100-Dec-23 15:00:00 (97.7%)
  2100-Dec-31 23:00:00 (100%)
Finished Program: 2014-Nov-18 11:21:57.373119
Elapsed Time: 00:00:32.789370
