instance.yaml
kiva v0.2.0-9-g526928a
Copyright (C) 2012-2014 Big Ladder Software
Web: www.bigladdersoftware.com

Starting Program: 2014-Oct-25 13:03:41.820026
Creating Domain...
  X Cells: 131
  Y Cells: 1
  Z Cells: 127
  Total Cells: 16637
Initializing Temperatures...
  2098-Dec-03 23:00:00
  2099-Jan-07 20:00:00
  2099-Jan-25 12:00:00
  2099-Feb-12 05:00:00
  2099-Mar-01 21:00:00
  2099-Mar-19 13:00:00
  2099-Apr-06 06:00:00
  2099-Apr-23 22:00:00
  2099-May-11 15:00:00
  2099-May-29 10:00:00
  2099-Jun-16 05:00:00
  2099-Jul-04 01:00:00
  2099-Jul-21 20:00:00
  2099-Aug-08 15:00:00
  2099-Aug-26 10:00:00
  2099-Sep-13 06:00:00
  2099-Oct-01 01:00:00
  2099-Oct-18 20:00:00
  2099-Nov-05 17:00:00
  2099-Nov-23 17:00:00
  2099-Dec-11 16:00:00
  2099-Dec-29 16:00:00
Beginning Simulation...
  2100-Jan-15 13:00:00 (4%)
  2100-Feb-01 08:00:00 (8.6%)
  2100-Feb-18 02:00:00 (13.2%)
  2100-Mar-06 20:00:00 (17.8%)
  2100-Mar-23 15:00:00 (22.4%)
  2100-Apr-09 09:00:00 (27%)
  2100-Apr-26 04:00:00 (31.6%)
  2100-May-12 23:00:00 (36.2%)
  2100-May-29 18:00:00 (40.8%)
  2100-Jun-15 13:00:00 (45.4%)
  2100-Jul-02 08:00:00 (50%)
  2100-Jul-19 00:00:00 (54.5%)
  2100-Aug-04 19:00:00 (59.1%)
  2100-Aug-21 14:00:00 (63.7%)
  2100-Sep-07 09:00:00 (68.3%)
  2100-Sep-24 03:00:00 (72.9%)
  2100-Oct-10 22:00:00 (77.5%)
  2100-Oct-27 17:00:00 (82.1%)
  2100-Nov-13 12:00:00 (86.7%)
  2100-Nov-30 07:00:00 (91.3%)
  2100-Dec-17 02:00:00 (95.9%)
  2100-Dec-31 23:00:00 (100%)
Finished Program: 2014-Oct-25 13:04:25.889305
Elapsed Time: 00:00:44.069279
