instance.yaml
kiva v0.2.0-21-g785bfe1
Copyright (C) 2012-2014 Big Ladder Software
Web: www.bigladdersoftware.com

Starting Program: 2014-Nov-18 11:12:24.422214
Creating Domain...
  X Cells: 123
  Y Cells: 1
  Z Cells: 96
  Total Cells: 11808
Initializing Temperatures...
  2098-Dec-24 23:00:00
  2099-Jan-20 15:00:00
  2099-Feb-09 22:00:00
  2099-Mar-02 05:00:00
  2099-Mar-22 12:00:00
  2099-Apr-11 19:00:00
  2099-May-02 02:00:00
  2099-May-22 10:00:00
  2099-Jun-11 17:00:00
  2099-Jul-02 00:00:00
  2099-Jul-22 07:00:00
  2099-Aug-11 14:00:00
  2099-Aug-31 21:00:00
  2099-Sep-21 05:00:00
  2099-Oct-11 12:00:00
  2099-Oct-31 19:00:00
  2099-Nov-21 03:00:00
  2099-Dec-11 13:00:00
  2099-Dec-31 23:00:00
Beginning Simulation...
  2100-Jan-20 18:00:00 (5.4%)
  2100-Feb-09 13:00:00 (10.8%)
  2100-Mar-01 06:00:00 (16.2%)
  2100-Mar-21 01:00:00 (21.7%)
  2100-Apr-09 20:00:00 (27.1%)
  2100-Apr-29 15:00:00 (32.5%)
  2100-May-19 10:00:00 (37.9%)
  2100-Jun-08 04:00:00 (43.3%)
  2100-Jun-27 23:00:00 (48.8%)
  2100-Jul-17 18:00:00 (54.2%)
  2100-Aug-06 13:00:00 (59.6%)
  2100-Aug-26 07:00:00 (65%)
  2100-Sep-15 02:00:00 (70.4%)
  2100-Oct-04 18:00:00 (75.8%)
  2100-Oct-24 13:00:00 (81.2%)
  2100-Nov-13 08:00:00 (86.7%)
  2100-Dec-03 02:00:00 (92.1%)
  2100-Dec-22 21:00:00 (97.5%)
  2100-Dec-31 23:00:00 (100%)
Finished Program: 2014-Nov-18 11:13:01.460024
Elapsed Time: 00:00:37.037810
