instance.yaml
kiva v0.2.0-19-ge248292
Copyright (C) 2012-2014 Big Ladder Software
Web: www.bigladdersoftware.com

Starting Program: 2014-Nov-17 08:45:15.401366
Creating Domain...
  X Cells: 200
  Y Cells: 1
  Z Cells: 125
  Total Cells: 25000
Initializing Temperatures...
  2098-Nov-05 23:00:00
  2099-Jan-06 00:00:00
  2099-Jan-15 14:00:00
  2099-Jan-25 03:00:00
  2099-Feb-03 17:00:00
  2099-Feb-13 07:00:00
  2099-Feb-22 21:00:00
  2099-Mar-04 11:00:00
  2099-Mar-14 01:00:00
  2099-Mar-23 14:00:00
  2099-Apr-02 04:00:00
  2099-Apr-11 18:00:00
  2099-Apr-21 07:00:00
  2099-Apr-30 21:00:00
  2099-May-10 11:00:00
  2099-May-20 01:00:00
  2099-May-29 15:00:00
  2099-Jun-08 05:00:00
  2099-Jun-17 19:00:00
  2099-Jun-27 09:00:00
  2099-Jul-06 23:00:00
  2099-Jul-16 13:00:00
  2099-Jul-26 03:00:00
  2099-Aug-04 17:00:00
  2099-Aug-14 07:00:00
  2099-Aug-23 21:00:00
  2099-Sep-02 11:00:00
  2099-Sep-12 01:00:00
  2099-Sep-21 15:00:00
  2099-Oct-01 06:00:00
  2099-Oct-10 22:00:00
  2099-Oct-20 14:00:00
  2099-Oct-30 05:00:00
  2099-Nov-08 21:00:00
  2099-Nov-18 13:00:00
  2099-Nov-28 04:00:00
  2099-Dec-07 20:00:00
  2099-Dec-17 12:00:00
  2099-Dec-27 03:00:00
Beginning Simulation...
  2100-Jan-05 11:00:00 (1.2%)
  2100-Jan-14 11:00:00 (3.7%)
  2100-Jan-23 11:00:00 (6.2%)
  2100-Feb-01 11:00:00 (8.6%)
  2100-Feb-10 11:00:00 (11.1%)
  2100-Feb-19 11:00:00 (13.6%)
  2100-Feb-28 11:00:00 (16%)
  2100-Mar-09 12:00:00 (18.5%)
  2100-Mar-18 12:00:00 (21%)
  2100-Mar-27 12:00:00 (23.4%)
  2100-Apr-05 12:00:00 (25.9%)
  2100-Apr-14 12:00:00 (28.4%)
  2100-Apr-23 12:00:00 (30.8%)
  2100-May-02 12:00:00 (33.3%)
  2100-May-11 13:00:00 (35.8%)
  2100-May-20 13:00:00 (38.2%)
  2100-May-29 13:00:00 (40.7%)
  2100-Jun-07 13:00:00 (43.2%)
  2100-Jun-16 13:00:00 (45.6%)
  2100-Jun-25 13:00:00 (48.1%)
  2100-Jul-04 14:00:00 (50.6%)
  2100-Jul-13 14:00:00 (53%)
  2100-Jul-22 14:00:00 (55.5%)
  2100-Jul-31 14:00:00 (58%)
  2100-Aug-09 14:00:00 (60.4%)
  2100-Aug-18 15:00:00 (62.9%)
  2100-Aug-27 15:00:00 (65.4%)
  2100-Sep-05 15:00:00 (67.8%)
  2100-Sep-14 15:00:00 (70.3%)
  2100-Sep-23 16:00:00 (72.8%)
  2100-Oct-02 16:00:00 (75.3%)
  2100-Oct-11 16:00:00 (77.7%)
  2100-Oct-20 15:00:00 (80.2%)
  2100-Oct-29 15:00:00 (82.6%)
  2100-Nov-07 15:00:00 (85.1%)
  2100-Nov-16 15:00:00 (87.6%)
  2100-Nov-25 15:00:00 (90%)
  2100-Dec-04 15:00:00 (92.5%)
  2100-Dec-13 15:00:00 (95%)
  2100-Dec-22 15:00:00 (97.4%)
  2100-Dec-31 16:00:00 (99.9%)
  2100-Dec-31 23:00:00 (100%)
Finished Program: 2014-Nov-17 08:46:35.036777
Elapsed Time: 00:01:19.635411
