instance.yaml
kiva v0.2.0-22-gd89b213
Copyright (C) 2012-2014 Big Ladder Software
Web: www.bigladdersoftware.com

Starting Program: 2014-Nov-19 10:38:45.404366
Creating Domain...
  X Cells: 166
  Y Cells: 1
  Z Cells: 158
  Total Cells: 26228
Initializing Temperatures...
  2098-Oct-29 23:00:00
  2099-Jan-05 03:00:00
  2099-Jan-13 22:00:00
  2099-Jan-22 18:00:00
  2099-Jan-31 13:00:00
  2099-Feb-09 09:00:00
  2099-Feb-18 04:00:00
  2099-Feb-27 00:00:00
  2099-Mar-07 19:00:00
  2099-Mar-16 15:00:00
  2099-Mar-25 11:00:00
  2099-Apr-03 07:00:00
  2099-Apr-12 00:00:00
  2099-Apr-20 20:00:00
  2099-Apr-29 16:00:00
  2099-May-08 12:00:00
  2099-May-17 08:00:00
  2099-May-26 04:00:00
  2099-Jun-03 23:00:00
  2099-Jun-12 19:00:00
  2099-Jun-21 15:00:00
  2099-Jun-30 11:00:00
  2099-Jul-09 07:00:00
  2099-Jul-18 03:00:00
  2099-Jul-26 23:00:00
  2099-Aug-04 18:00:00
  2099-Aug-13 14:00:00
  2099-Aug-22 10:00:00
  2099-Aug-31 06:00:00
  2099-Sep-09 02:00:00
  2099-Sep-17 22:00:00
  2099-Sep-26 18:00:00
  2099-Oct-05 14:00:00
  2099-Oct-14 10:00:00
  2099-Oct-23 06:00:00
  2099-Nov-01 02:00:00
  2099-Nov-09 22:00:00
  2099-Nov-18 18:00:00
  2099-Nov-27 14:00:00
  2099-Dec-06 10:00:00
  2099-Dec-15 06:00:00
  2099-Dec-24 02:00:00
Beginning Simulation...
  2100-Jan-01 20:00:00 (0.2%)
  2100-Jan-09 20:00:00 (2.4%)
  2100-Jan-17 20:00:00 (4.6%)
  2100-Jan-25 20:00:00 (6.8%)
  2100-Feb-02 20:00:00 (9%)
  2100-Feb-10 19:00:00 (11.2%)
  2100-Feb-18 19:00:00 (13.4%)
  2100-Feb-26 19:00:00 (15.6%)
  2100-Mar-06 20:00:00 (17.8%)
  2100-Mar-14 23:00:00 (20%)
  2100-Mar-23 03:00:00 (22.2%)
  2100-Mar-31 06:00:00 (24.5%)
  2100-Apr-08 10:00:00 (26.7%)
  2100-Apr-16 14:00:00 (28.9%)
  2100-Apr-24 17:00:00 (31.2%)
  2100-May-02 20:00:00 (33.4%)
  2100-May-11 00:00:00 (35.6%)
  2100-May-19 04:00:00 (37.9%)
  2100-May-27 07:00:00 (40.1%)
  2100-Jun-04 11:00:00 (42.3%)
  2100-Jun-12 15:00:00 (44.6%)
  2100-Jun-20 18:00:00 (46.8%)
  2100-Jun-28 22:00:00 (49%)
  2100-Jul-07 02:00:00 (51.3%)
  2100-Jul-15 06:00:00 (53.5%)
  2100-Jul-23 10:00:00 (55.7%)
  2100-Jul-31 14:00:00 (58%)
  2100-Aug-08 18:00:00 (60.2%)
  2100-Aug-16 21:00:00 (62.4%)
  2100-Aug-25 01:00:00 (64.7%)
  2100-Sep-02 05:00:00 (66.9%)
  2100-Sep-10 09:00:00 (69.1%)
  2100-Sep-18 13:00:00 (71.4%)
  2100-Sep-26 17:00:00 (73.6%)
  2100-Oct-04 21:00:00 (75.9%)
  2100-Oct-12 23:00:00 (78.1%)
  2100-Oct-21 03:00:00 (80.3%)
  2100-Oct-29 07:00:00 (82.5%)
  2100-Nov-06 10:00:00 (84.8%)
  2100-Nov-14 14:00:00 (87%)
  2100-Nov-22 18:00:00 (89.2%)
  2100-Nov-30 22:00:00 (91.5%)
  2100-Dec-09 02:00:00 (93.7%)
  2100-Dec-17 06:00:00 (96%)
  2100-Dec-25 09:00:00 (98.2%)
  2100-Dec-31 23:00:00 (100%)
Finished Program: 2014-Nov-19 10:40:12.808499
Elapsed Time: 00:01:27.404133
