instance.yaml
kiva v0.2.0-21-g785bfe1
Copyright (C) 2012-2014 Big Ladder Software
Web: www.bigladdersoftware.com

Starting Program: 2014-Nov-18 11:30:26.125664
Creating Domain...
  X Cells: 264
  Y Cells: 1
  Z Cells: 103
  Total Cells: 27192
Initializing Temperatures...
  2098-Nov-26 23:00:00
  2099-Jan-06 14:00:00
  2099-Jan-14 20:00:00
  2099-Jan-23 01:00:00
  2099-Jan-31 07:00:00
  2099-Feb-08 13:00:00
  2099-Feb-16 20:00:00
  2099-Feb-25 02:00:00
  2099-Mar-05 08:00:00
  2099-Mar-13 15:00:00
  2099-Mar-21 22:00:00
  2099-Mar-30 05:00:00
  2099-Apr-07 12:00:00
  2099-Apr-15 19:00:00
  2099-Apr-24 02:00:00
  2099-May-02 10:00:00
  2099-May-10 16:00:00
  2099-May-19 00:00:00
  2099-May-27 08:00:00
  2099-Jun-04 17:00:00
  2099-Jun-13 03:00:00
  2099-Jun-21 12:00:00
  2099-Jun-29 21:00:00
  2099-Jul-08 07:00:00
  2099-Jul-16 16:00:00
  2099-Jul-25 02:00:00
  2099-Aug-02 11:00:00
  2099-Aug-10 21:00:00
  2099-Aug-19 06:00:00
  2099-Aug-27 16:00:00
  2099-Sep-05 01:00:00
  2099-Sep-13 11:00:00
  2099-Sep-21 20:00:00
  2099-Sep-30 06:00:00
  2099-Oct-08 15:00:00
  2099-Oct-17 01:00:00
  2099-Oct-25 10:00:00
  2099-Nov-02 20:00:00
  2099-Nov-11 05:00:00
  2099-Nov-19 15:00:00
  2099-Nov-28 01:00:00
  2099-Dec-06 10:00:00
  2099-Dec-14 20:00:00
  2099-Dec-23 05:00:00
  2099-Dec-31 15:00:00
Beginning Simulation...
  2100-Jan-08 20:00:00 (2.1%)
  2100-Jan-17 01:00:00 (4.4%)
  2100-Jan-25 05:00:00 (6.6%)
  2100-Feb-02 10:00:00 (8.9%)
  2100-Feb-10 15:00:00 (11.1%)
  2100-Feb-18 20:00:00 (13.4%)
  2100-Feb-27 01:00:00 (15.6%)
  2100-Mar-07 06:00:00 (17.9%)
  2100-Mar-15 11:00:00 (20.1%)
  2100-Mar-23 16:00:00 (22.4%)
  2100-Mar-31 21:00:00 (24.6%)
  2100-Apr-09 02:00:00 (26.9%)
  2100-Apr-17 07:00:00 (29.1%)
  2100-Apr-25 12:00:00 (31.4%)
  2100-May-03 17:00:00 (33.6%)
  2100-May-11 22:00:00 (35.9%)
  2100-May-20 03:00:00 (38.1%)
  2100-May-28 08:00:00 (40.4%)
  2100-Jun-05 13:00:00 (42.6%)
  2100-Jun-13 18:00:00 (44.9%)
  2100-Jun-21 23:00:00 (47.1%)
  2100-Jun-30 04:00:00 (49.4%)
  2100-Jul-08 09:00:00 (51.6%)
  2100-Jul-16 14:00:00 (53.9%)
  2100-Jul-24 18:00:00 (56.1%)
  2100-Aug-01 23:00:00 (58.3%)
  2100-Aug-10 04:00:00 (60.6%)
  2100-Aug-18 09:00:00 (62.8%)
  2100-Aug-26 14:00:00 (65.1%)
  2100-Sep-03 19:00:00 (67.3%)
  2100-Sep-12 00:00:00 (69.6%)
  2100-Sep-20 01:00:00 (71.8%)
  2100-Sep-28 06:00:00 (74%)
  2100-Oct-06 11:00:00 (76.3%)
  2100-Oct-14 16:00:00 (78.5%)
  2100-Oct-22 21:00:00 (80.8%)
  2100-Oct-31 02:00:00 (83%)
  2100-Nov-08 07:00:00 (85.3%)
  2100-Nov-16 12:00:00 (87.5%)
  2100-Nov-24 17:00:00 (89.8%)
  2100-Dec-02 22:00:00 (92%)
  2100-Dec-11 03:00:00 (94.3%)
  2100-Dec-19 08:00:00 (96.5%)
  2100-Dec-27 13:00:00 (98.8%)
  2100-Dec-31 23:00:00 (100%)
Finished Program: 2014-Nov-18 11:31:55.539358
Elapsed Time: 00:01:29.413694
