instance.yaml
kiva v0.2.0-21-g785bfe1
Copyright (C) 2012-2014 Big Ladder Software
Web: www.bigladdersoftware.com

Starting Program: 2014-Nov-18 11:20:26.533896
Creating Domain...
  X Cells: 94
  Y Cells: 1
  Z Cells: 125
  Total Cells: 11750
Initializing Temperatures...
  2098-Dec-03 23:00:00
  2099-Jan-19 00:00:00
  2099-Feb-08 17:00:00
  2099-Mar-01 10:00:00
  2099-Mar-13 06:00:00
  2099-Apr-02 23:00:00
  2099-Apr-23 17:00:00
  2099-May-14 11:00:00
  2099-Jun-04 05:00:00
  2099-Jun-24 23:00:00
  2099-Jul-15 17:00:00
  2099-Aug-05 11:00:00
  2099-Aug-26 05:00:00
  2099-Sep-15 23:00:00
  2099-Oct-06 18:00:00
  2099-Oct-27 12:00:00
  2099-Nov-17 06:00:00
  2099-Dec-08 00:00:00
  2099-Dec-28 17:00:00
Beginning Simulation...
  2100-Jan-17 03:00:00 (4.4%)
  2100-Feb-05 07:00:00 (9.7%)
  2100-Feb-24 10:00:00 (14.9%)
  2100-Mar-15 14:00:00 (20.2%)
  2100-Apr-03 18:00:00 (25.4%)
  2100-Apr-22 21:00:00 (30.7%)
  2100-May-12 01:00:00 (35.9%)
  2100-May-31 05:00:00 (41.2%)
  2100-Jun-19 08:00:00 (46.4%)
  2100-Jul-08 18:00:00 (51.7%)
  2100-Jul-28 03:00:00 (57%)
  2100-Aug-16 12:00:00 (62.3%)
  2100-Sep-04 21:00:00 (67.6%)
  2100-Sep-24 07:00:00 (73%)
  2100-Oct-13 12:00:00 (78.2%)
  2100-Nov-01 22:00:00 (83.5%)
  2100-Nov-21 07:00:00 (88.8%)
  2100-Dec-10 16:00:00 (94.2%)
  2100-Dec-30 01:00:00 (99.5%)
  2100-Dec-31 23:00:00 (100%)
Finished Program: 2014-Nov-18 11:21:04.099760
Elapsed Time: 00:00:37.565864
