instance.yaml
kiva v0.2.0-9-g526928a
Copyright (C) 2012-2014 Big Ladder Software
Web: www.bigladdersoftware.com

Starting Program: 2014-Nov-15 12:22:47.134934
Creating Domain...
  X Cells: 212
  Y Cells: 1
  Z Cells: 158
  Total Cells: 33496
Initializing Temperatures...
  2098-Nov-19 23:00:00
  2099-Jan-04 01:00:00
  2099-Jan-09 16:00:00
  2099-Jan-15 07:00:00
  2099-Jan-20 22:00:00
  2099-Jan-26 13:00:00
  2099-Feb-01 05:00:00
  2099-Feb-06 20:00:00
  2099-Feb-12 11:00:00
  2099-Feb-18 02:00:00
  2099-Feb-23 17:00:00
  2099-Mar-01 08:00:00
  2099-Mar-06 23:00:00
  2099-Mar-12 14:00:00
  2099-Mar-18 06:00:00
  2099-Mar-23 21:00:00
  2099-Mar-29 12:00:00
  2099-Apr-04 03:00:00
  2099-Apr-09 18:00:00
  2099-Apr-15 10:00:00
  2099-Apr-21 01:00:00
  2099-Apr-26 16:00:00
  2099-May-02 07:00:00
  2099-May-07 22:00:00
  2099-May-13 14:00:00
  2099-May-19 05:00:00
  2099-May-24 20:00:00
  2099-May-30 10:00:00
  2099-Jun-05 02:00:00
  2099-Jun-10 17:00:00
  2099-Jun-16 08:00:00
  2099-Jun-22 00:00:00
  2099-Jun-27 15:00:00
  2099-Jul-03 06:00:00
  2099-Jul-08 21:00:00
  2099-Jul-14 13:00:00
  2099-Jul-20 04:00:00
  2099-Jul-25 19:00:00
  2099-Jul-31 10:00:00
  2099-Aug-06 02:00:00
  2099-Aug-11 17:00:00
  2099-Aug-17 08:00:00
  2099-Aug-23 00:00:00
  2099-Aug-28 15:00:00
  2099-Sep-03 06:00:00
  2099-Sep-08 22:00:00
  2099-Sep-14 13:00:00
  2099-Sep-20 04:00:00
  2099-Sep-25 20:00:00
  2099-Oct-01 11:00:00
  2099-Oct-07 02:00:00
  2099-Oct-12 16:00:00
  2099-Oct-18 06:00:00
  2099-Oct-23 20:00:00
  2099-Oct-29 10:00:00
  2099-Nov-04 00:00:00
  2099-Nov-09 14:00:00
  2099-Nov-15 04:00:00
  2099-Nov-20 18:00:00
  2099-Nov-26 08:00:00
  2099-Dec-01 22:00:00
  2099-Dec-07 11:00:00
  2099-Dec-13 02:00:00
  2099-Dec-18 16:00:00
  2099-Dec-24 06:00:00
  2099-Dec-29 20:00:00
Beginning Simulation...
  2100-Jan-04 05:00:00 (0.9%)
  2100-Jan-09 10:00:00 (2.3%)
  2100-Jan-14 16:00:00 (3.7%)
  2100-Jan-19 21:00:00 (5.2%)
  2100-Jan-25 02:00:00 (6.6%)
  2100-Jan-30 08:00:00 (8%)
  2100-Feb-04 13:00:00 (9.5%)
  2100-Feb-09 18:00:00 (10.9%)
  2100-Feb-15 00:00:00 (12.3%)
  2100-Feb-20 05:00:00 (13.8%)
  2100-Feb-25 11:00:00 (15.2%)
  2100-Mar-02 16:00:00 (16.6%)
  2100-Mar-07 22:00:00 (18.1%)
  2100-Mar-13 04:00:00 (19.5%)
  2100-Mar-18 09:00:00 (20.9%)
  2100-Mar-23 15:00:00 (22.4%)
  2100-Mar-28 20:00:00 (23.8%)
  2100-Apr-03 02:00:00 (25.2%)
  2100-Apr-08 07:00:00 (26.7%)
  2100-Apr-13 13:00:00 (28.1%)
  2100-Apr-18 19:00:00 (29.5%)
  2100-Apr-24 00:00:00 (31%)
  2100-Apr-29 06:00:00 (32.4%)
  2100-May-04 12:00:00 (33.8%)
  2100-May-09 18:00:00 (35.3%)
  2100-May-14 23:00:00 (36.7%)
  2100-May-20 05:00:00 (38.1%)
  2100-May-25 11:00:00 (39.6%)
  2100-May-30 16:00:00 (41%)
  2100-Jun-04 22:00:00 (42.4%)
  2100-Jun-10 04:00:00 (43.9%)
  2100-Jun-15 09:00:00 (45.3%)
  2100-Jun-20 15:00:00 (46.7%)
  2100-Jun-25 21:00:00 (48.2%)
  2100-Jul-01 03:00:00 (49.6%)
  2100-Jul-06 09:00:00 (51.1%)
  2100-Jul-11 15:00:00 (52.5%)
  2100-Jul-16 20:00:00 (53.9%)
  2100-Jul-22 02:00:00 (55.4%)
  2100-Jul-27 08:00:00 (56.8%)
  2100-Aug-01 14:00:00 (58.2%)
  2100-Aug-06 19:00:00 (59.7%)
  2100-Aug-12 01:00:00 (61.1%)
  2100-Aug-17 07:00:00 (62.5%)
  2100-Aug-22 13:00:00 (64%)
  2100-Aug-27 19:00:00 (65.4%)
  2100-Sep-02 01:00:00 (66.9%)
  2100-Sep-07 06:00:00 (68.3%)
  2100-Sep-12 12:00:00 (69.7%)
  2100-Sep-17 18:00:00 (71.2%)
  2100-Sep-23 00:00:00 (72.6%)
  2100-Sep-28 04:00:00 (74%)
  2100-Oct-03 10:00:00 (75.5%)
  2100-Oct-08 16:00:00 (76.9%)
  2100-Oct-13 22:00:00 (78.3%)
  2100-Oct-19 03:00:00 (79.8%)
  2100-Oct-24 09:00:00 (81.2%)
  2100-Oct-29 15:00:00 (82.6%)
  2100-Nov-03 21:00:00 (84.1%)
  2100-Nov-09 03:00:00 (85.5%)
  2100-Nov-14 08:00:00 (86.9%)
  2100-Nov-19 14:00:00 (88.4%)
  2100-Nov-24 20:00:00 (89.8%)
  2100-Nov-30 01:00:00 (91.2%)
  2100-Dec-05 07:00:00 (92.7%)
  2100-Dec-10 13:00:00 (94.1%)
  2100-Dec-15 18:00:00 (95.5%)
  2100-Dec-21 00:00:00 (97%)
  2100-Dec-26 05:00:00 (98.4%)
  2100-Dec-31 11:00:00 (99.9%)
  2100-Dec-31 23:00:00 (100%)
Finished Program: 2014-Nov-15 12:25:03.101609
Elapsed Time: 00:02:15.966675
