instance.yaml
kiva v0.2.0-21-g785bfe1
Copyright (C) 2012-2014 Big Ladder Software
Web: www.bigladdersoftware.com

Starting Program: 2014-Nov-18 11:14:25.322055
Creating Domain...
  X Cells: 98
  Y Cells: 1
  Z Cells: 133
  Total Cells: 13034
Initializing Temperatures...
Warning: Solution did not converge after 985 iterations.
  The final residual was: 1.04942e-05
  Solver status: 2
  2098-Dec-31 23:00:00
  2099-Jan-19 09:00:00
  2099-Feb-06 22:00:00
  2099-Feb-25 11:00:00
  2099-Mar-16 00:00:00
  2099-Apr-03 12:00:00
  2099-Apr-22 01:00:00
  2099-May-10 14:00:00
  2099-May-29 04:00:00
  2099-Jun-16 17:00:00
  2099-Jul-05 05:00:00
  2099-Jul-23 18:00:00
  2099-Aug-11 08:00:00
  2099-Aug-29 21:00:00
  2099-Sep-17 10:00:00
  2099-Oct-05 23:00:00
  2099-Oct-24 12:00:00
  2099-Nov-12 01:00:00
  2099-Nov-30 14:00:00
  2099-Dec-19 03:00:00
Beginning Simulation...
  2100-Jan-06 05:00:00 (1.4%)
  2100-Jan-23 07:00:00 (6.1%)
  2100-Feb-09 08:00:00 (10.8%)
  2100-Feb-26 10:00:00 (15.5%)
  2100-Mar-15 11:00:00 (20.1%)
  2100-Apr-01 12:00:00 (24.8%)
  2100-Apr-18 14:00:00 (29.5%)
  2100-May-05 16:00:00 (34.2%)
  2100-May-22 18:00:00 (38.8%)
  2100-Jun-08 20:00:00 (43.5%)
  2100-Jun-25 22:00:00 (48.2%)
  2100-Jul-12 22:00:00 (52.9%)
  2100-Jul-30 00:00:00 (57.5%)
  2100-Aug-16 02:00:00 (62.2%)
  2100-Sep-02 04:00:00 (66.9%)
  2100-Sep-19 05:00:00 (71.6%)
  2100-Oct-06 07:00:00 (76.2%)
  2100-Oct-23 09:00:00 (80.9%)
  2100-Nov-09 11:00:00 (85.6%)
  2100-Nov-26 13:00:00 (90.3%)
  2100-Dec-13 15:00:00 (95%)
  2100-Dec-30 17:00:00 (99.6%)
  2100-Dec-31 23:00:00 (100%)
Finished Program: 2014-Nov-18 11:15:07.075577
Elapsed Time: 00:00:41.753522
