instance.yaml
kiva v0.2.0-21-g785bfe1
Copyright (C) 2012-2014 Big Ladder Software
Web: www.bigladdersoftware.com

Starting Program: 2014-Nov-18 11:26:28.593382
Creating Domain...
  X Cells: 189
  Y Cells: 1
  Z Cells: 158
  Total Cells: 29862
Initializing Temperatures...
  2098-Oct-08 23:00:00
  2099-Jan-02 17:00:00
  2099-Jan-09 20:00:00
  2099-Jan-16 23:00:00
  2099-Jan-24 02:00:00
  2099-Jan-31 05:00:00
  2099-Feb-07 08:00:00
  2099-Feb-14 11:00:00
  2099-Feb-21 14:00:00
  2099-Feb-28 17:00:00
  2099-Mar-07 20:00:00
  2099-Mar-14 23:00:00
  2099-Mar-22 02:00:00
  2099-Mar-29 05:00:00
  2099-Apr-05 08:00:00
  2099-Apr-12 12:00:00
  2099-Apr-19 15:00:00
  2099-Apr-26 18:00:00
  2099-May-03 21:00:00
  2099-May-11 00:00:00
  2099-May-18 04:00:00
  2099-May-25 07:00:00
  2099-Jun-01 10:00:00
  2099-Jun-08 14:00:00
  2099-Jun-15 17:00:00
  2099-Jun-22 20:00:00
  2099-Jun-30 00:00:00
  2099-Jul-07 03:00:00
  2099-Jul-14 06:00:00
  2099-Jul-21 10:00:00
  2099-Jul-28 13:00:00
  2099-Aug-04 16:00:00
  2099-Aug-11 19:00:00
  2099-Aug-18 23:00:00
  2099-Aug-26 02:00:00
  2099-Sep-02 05:00:00
  2099-Sep-09 09:00:00
  2099-Sep-16 12:00:00
  2099-Sep-23 16:00:00
  2099-Sep-30 19:00:00
  2099-Oct-07 22:00:00
  2099-Oct-15 02:00:00
  2099-Oct-22 05:00:00
  2099-Oct-29 08:00:00
  2099-Nov-05 12:00:00
  2099-Nov-12 14:00:00
  2099-Nov-19 17:00:00
  2099-Nov-26 20:00:00
  2099-Dec-03 23:00:00
  2099-Dec-11 02:00:00
  2099-Dec-18 06:00:00
  2099-Dec-25 09:00:00
Beginning Simulation...
  2100-Jan-01 11:00:00 (0.1%)
  2100-Jan-08 01:00:00 (1.9%)
  2100-Jan-14 15:00:00 (3.7%)
  2100-Jan-21 04:00:00 (5.5%)
  2100-Jan-27 18:00:00 (7.3%)
  2100-Feb-03 07:00:00 (9.1%)
  2100-Feb-09 21:00:00 (10.9%)
  2100-Feb-16 10:00:00 (12.7%)
  2100-Feb-23 00:00:00 (14.5%)
  2100-Mar-01 13:00:00 (16.3%)
  2100-Mar-08 03:00:00 (18.1%)
  2100-Mar-14 17:00:00 (19.9%)
  2100-Mar-21 07:00:00 (21.7%)
  2100-Mar-27 20:00:00 (23.5%)
  2100-Apr-03 10:00:00 (25.3%)
  2100-Apr-10 00:00:00 (27.1%)
  2100-Apr-16 13:00:00 (28.9%)
  2100-Apr-23 05:00:00 (30.7%)
  2100-Apr-29 23:00:00 (32.6%)
  2100-May-06 17:00:00 (34.4%)
  2100-May-13 11:00:00 (36.3%)
  2100-May-20 05:00:00 (38.1%)
  2100-May-26 23:00:00 (40%)
  2100-Jun-02 17:00:00 (41.8%)
  2100-Jun-09 11:00:00 (43.7%)
  2100-Jun-16 05:00:00 (45.5%)
  2100-Jun-22 23:00:00 (47.4%)
  2100-Jun-29 17:00:00 (49.2%)
  2100-Jul-06 11:00:00 (51.1%)
  2100-Jul-13 05:00:00 (52.9%)
  2100-Jul-19 23:00:00 (54.8%)
  2100-Jul-26 17:00:00 (56.6%)
  2100-Aug-02 11:00:00 (58.5%)
  2100-Aug-09 04:00:00 (60.3%)
  2100-Aug-15 22:00:00 (62.2%)
  2100-Aug-22 16:00:00 (64%)
  2100-Aug-29 10:00:00 (65.9%)
  2100-Sep-05 05:00:00 (67.7%)
  2100-Sep-11 22:00:00 (69.6%)
  2100-Sep-18 16:00:00 (71.4%)
  2100-Sep-25 10:00:00 (73.3%)
  2100-Oct-02 04:00:00 (75.1%)
  2100-Oct-08 22:00:00 (77%)
  2100-Oct-15 16:00:00 (78.8%)
  2100-Oct-22 10:00:00 (80.7%)
  2100-Oct-29 04:00:00 (82.5%)
  2100-Nov-04 23:00:00 (84.4%)
  2100-Nov-11 16:00:00 (86.2%)
  2100-Nov-18 10:00:00 (88.1%)
  2100-Nov-25 04:00:00 (89.9%)
  2100-Dec-01 22:00:00 (91.8%)
  2100-Dec-08 16:00:00 (93.6%)
  2100-Dec-15 10:00:00 (95.5%)
  2100-Dec-22 04:00:00 (97.3%)
  2100-Dec-28 22:00:00 (99.2%)
  2100-Dec-31 23:00:00 (100%)
Finished Program: 2014-Nov-18 11:28:15.457793
Elapsed Time: 00:01:46.864411
