instance.yaml
kiva v0.2.0-21-g785bfe1
Copyright (C) 2012-2014 Big Ladder Software
Web: www.bigladdersoftware.com

Starting Program: 2014-Nov-18 11:23:24.148006
Creating Domain...
  X Cells: 166
  Y Cells: 1
  Z Cells: 133
  Total Cells: 22078
Initializing Temperatures...
  2098-Dec-17 23:00:00
  2099-Jan-10 05:00:00
  2099-Jan-20 20:00:00
  2099-Jan-31 11:00:00
  2099-Feb-11 01:00:00
  2099-Feb-21 16:00:00
  2099-Mar-04 08:00:00
  2099-Mar-14 23:00:00
  2099-Mar-25 14:00:00
  2099-Apr-05 05:00:00
  2099-Apr-15 19:00:00
  2099-Apr-26 11:00:00
  2099-May-07 02:00:00
  2099-May-17 17:00:00
  2099-May-28 08:00:00
  2099-Jun-07 23:00:00
  2099-Jun-18 14:00:00
  2099-Jun-29 06:00:00
  2099-Jul-09 21:00:00
  2099-Jul-20 12:00:00
  2099-Jul-31 03:00:00
  2099-Aug-10 18:00:00
  2099-Aug-21 08:00:00
  2099-Sep-01 00:00:00
  2099-Sep-11 15:00:00
  2099-Sep-22 06:00:00
  2099-Oct-02 21:00:00
  2099-Oct-13 12:00:00
  2099-Oct-24 04:00:00
  2099-Nov-03 19:00:00
  2099-Nov-14 10:00:00
  2099-Nov-25 02:00:00
  2099-Dec-05 17:00:00
  2099-Dec-16 08:00:00
  2099-Dec-26 23:00:00
Beginning Simulation...
  2100-Jan-06 04:00:00 (1.4%)
  2100-Jan-15 23:00:00 (4.1%)
  2100-Jan-25 18:00:00 (6.8%)
  2100-Feb-04 13:00:00 (9.5%)
  2100-Feb-14 08:00:00 (12.1%)
  2100-Feb-24 03:00:00 (14.8%)
  2100-Mar-05 22:00:00 (17.5%)
  2100-Mar-15 17:00:00 (20.2%)
  2100-Mar-25 12:00:00 (22.9%)
  2100-Apr-04 07:00:00 (25.6%)
  2100-Apr-14 02:00:00 (28.2%)
  2100-Apr-23 21:00:00 (30.9%)
  2100-May-03 16:00:00 (33.6%)
  2100-May-13 11:00:00 (36.3%)
  2100-May-23 05:00:00 (39%)
  2100-Jun-02 00:00:00 (41.6%)
  2100-Jun-11 19:00:00 (44.3%)
  2100-Jun-21 15:00:00 (47%)
  2100-Jul-01 10:00:00 (49.7%)
  2100-Jul-11 05:00:00 (52.4%)
  2100-Jul-21 00:00:00 (55.1%)
  2100-Jul-30 19:00:00 (57.8%)
  2100-Aug-09 14:00:00 (60.4%)
  2100-Aug-19 09:00:00 (63.1%)
  2100-Aug-29 04:00:00 (65.8%)
  2100-Sep-07 23:00:00 (68.5%)
  2100-Sep-17 18:00:00 (71.2%)
  2100-Sep-27 13:00:00 (73.8%)
  2100-Oct-07 08:00:00 (76.5%)
  2100-Oct-17 04:00:00 (79.2%)
  2100-Oct-26 23:00:00 (81.9%)
  2100-Nov-05 18:00:00 (84.6%)
  2100-Nov-15 11:00:00 (87.2%)
  2100-Nov-25 06:00:00 (89.9%)
  2100-Dec-05 01:00:00 (92.6%)
  2100-Dec-14 21:00:00 (95.3%)
  2100-Dec-24 16:00:00 (98%)
  2100-Dec-31 23:00:00 (100%)
Finished Program: 2014-Nov-18 11:24:36.747325
Elapsed Time: 00:01:12.599319
