instance.yaml
kiva v0.2.0-21-g785bfe1
Copyright (C) 2012-2014 Big Ladder Software
Web: www.bigladdersoftware.com

Starting Program: 2014-Nov-18 11:50:25.919751
Creating Domain...
  X Cells: 174
  Y Cells: 1
  Z Cells: 113
  Total Cells: 19662
Initializing Temperatures...
  2099-Jan-02 23:00:00
  2099-Jan-14 11:00:00
  2099-Jan-25 23:00:00
  2099-Feb-06 11:00:00
  2099-Feb-17 23:00:00
  2099-Mar-01 11:00:00
  2099-Mar-12 23:00:00
  2099-Mar-24 11:00:00
  2099-Apr-04 23:00:00
  2099-Apr-16 11:00:00
  2099-Apr-27 23:00:00
  2099-May-09 11:00:00
  2099-May-20 23:00:00
  2099-Jun-01 11:00:00
  2099-Jun-12 23:00:00
  2099-Jun-24 11:00:00
  2099-Jul-05 23:00:00
  2099-Jul-17 11:00:00
  2099-Jul-28 23:00:00
  2099-Aug-09 11:00:00
  2099-Aug-20 23:00:00
  2099-Sep-01 11:00:00
  2099-Sep-12 23:00:00
  2099-Sep-24 11:00:00
  2099-Oct-05 23:00:00
  2099-Oct-17 11:00:00
  2099-Oct-28 23:00:00
  2099-Nov-09 11:00:00
  2099-Nov-20 23:00:00
  2099-Dec-02 11:00:00
  2099-Dec-13 23:00:00
  2099-Dec-25 11:00:00
Beginning Simulation...
  2100-Jan-05 21:00:00 (1.3%)
  2100-Jan-17 05:00:00 (4.4%)
  2100-Jan-28 12:00:00 (7.5%)
  2100-Feb-08 19:00:00 (10.6%)
  2100-Feb-20 02:00:00 (13.7%)
  2100-Mar-03 09:00:00 (16.8%)
  2100-Mar-14 17:00:00 (19.9%)
  2100-Mar-26 00:00:00 (23%)
  2100-Apr-06 07:00:00 (26.1%)
  2100-Apr-17 15:00:00 (29.2%)
  2100-Apr-28 22:00:00 (32.3%)
  2100-May-10 05:00:00 (35.4%)
  2100-May-21 13:00:00 (38.5%)
  2100-Jun-01 20:00:00 (41.6%)
  2100-Jun-13 03:00:00 (44.7%)
  2100-Jun-24 10:00:00 (47.8%)
  2100-Jul-05 18:00:00 (50.9%)
  2100-Jul-17 01:00:00 (54%)
  2100-Jul-28 08:00:00 (57.1%)
  2100-Aug-08 15:00:00 (60.2%)
  2100-Aug-19 23:00:00 (63.3%)
  2100-Aug-31 06:00:00 (66.4%)
  2100-Sep-11 13:00:00 (69.5%)
  2100-Sep-22 21:00:00 (72.6%)
  2100-Oct-04 04:00:00 (75.7%)
  2100-Oct-15 11:00:00 (78.8%)
  2100-Oct-26 18:00:00 (81.8%)
  2100-Nov-07 02:00:00 (85%)
  2100-Nov-18 09:00:00 (88%)
  2100-Nov-29 17:00:00 (91.2%)
  2100-Dec-11 00:00:00 (94.2%)
  2100-Dec-22 07:00:00 (97.3%)
  2100-Dec-31 23:00:00 (100%)
Finished Program: 2014-Nov-18 11:51:30.856740
Elapsed Time: 00:01:04.936989
