instance.yaml
kiva v0.2.0-21-g785bfe1
Copyright (C) 2012-2014 Big Ladder Software
Web: www.bigladdersoftware.com

Starting Program: 2014-Nov-18 10:51:22.240890
Creating Domain...
  X Cells: 89
  Y Cells: 1
  Z Cells: 96
  Total Cells: 8544
Initializing Temperatures...
  2099-Jan-08 02:00:00
  2099-Feb-02 15:00:00
  2099-Feb-28 04:00:00
  2099-Mar-25 16:00:00
  2099-Apr-20 05:00:00
  2099-May-15 18:00:00
  2099-Jun-10 07:00:00
  2099-Jul-05 20:00:00
  2099-Jul-31 09:00:00
  2099-Aug-25 21:00:00
  2099-Sep-20 10:00:00
  2099-Oct-15 23:00:00
  2099-Nov-10 13:00:00
  2099-Dec-06 02:00:00
  2099-Dec-31 14:00:00
Beginning Simulation...
  2100-Jan-25 12:00:00 (6.7%)
  2100-Feb-19 09:00:00 (13.5%)
  2100-Mar-16 07:00:00 (20.4%)
  2100-Apr-10 04:00:00 (27.2%)
  2100-May-05 02:00:00 (34%)
  2100-May-30 00:00:00 (40.8%)
  2100-Jun-23 21:00:00 (47.6%)
  2100-Jul-18 19:00:00 (54.5%)
  2100-Aug-12 16:00:00 (61.3%)
  2100-Sep-06 14:00:00 (68.1%)
  2100-Oct-01 12:00:00 (74.9%)
  2100-Oct-26 10:00:00 (81.8%)
  2100-Nov-20 07:00:00 (88.6%)
  2100-Dec-15 05:00:00 (95.4%)
  2100-Dec-31 23:00:00 (100%)
Finished Program: 2014-Nov-18 10:51:51.673819
Elapsed Time: 00:00:29.432929
