instance.yaml
kiva v0.2.0-9-g526928a
Copyright (C) 2012-2014 Big Ladder Software
Web: www.bigladdersoftware.com

Starting Program: 2014-Nov-15 11:52:46.072283
Creating Domain...
  X Cells: 168
  Y Cells: 1
  Z Cells: 125
  Total Cells: 21000
Initializing Temperatures...
  2099-Jan-01 00:00:00
  2099-Jan-13 00:00:00
  2099-Jan-25 00:00:00
  2099-Feb-06 00:00:00
  2099-Feb-18 00:00:00
  2099-Mar-02 01:00:00
  2099-Mar-14 01:00:00
  2099-Mar-26 01:00:00
  2099-Apr-07 01:00:00
  2099-Apr-19 02:00:00
  2099-May-01 02:00:00
  2099-May-13 02:00:00
  2099-May-25 02:00:00
  2099-Jun-06 03:00:00
  2099-Jun-18 03:00:00
  2099-Jun-30 03:00:00
  2099-Jul-12 04:00:00
  2099-Jul-24 04:00:00
  2099-Aug-05 04:00:00
  2099-Aug-17 04:00:00
  2099-Aug-29 04:00:00
  2099-Sep-10 05:00:00
  2099-Sep-22 05:00:00
  2099-Oct-04 05:00:00
  2099-Oct-16 06:00:00
  2099-Oct-28 06:00:00
  2099-Nov-09 06:00:00
  2099-Nov-21 06:00:00
  2099-Dec-03 06:00:00
  2099-Dec-15 07:00:00
  2099-Dec-27 07:00:00
Beginning Simulation...
  2100-Jan-07 18:00:00 (1.8%)
  2100-Jan-18 19:00:00 (4.9%)
  2100-Jan-29 21:00:00 (7.9%)
  2100-Feb-09 22:00:00 (10.9%)
  2100-Feb-20 23:00:00 (14%)
  2100-Mar-04 01:00:00 (17%)
  2100-Mar-15 02:00:00 (20%)
  2100-Mar-26 03:00:00 (23%)
  2100-Apr-06 05:00:00 (26.1%)
  2100-Apr-17 06:00:00 (29.1%)
  2100-Apr-28 07:00:00 (32.1%)
  2100-May-09 07:00:00 (35.1%)
  2100-May-20 08:00:00 (38.2%)
  2100-May-31 10:00:00 (41.2%)
  2100-Jun-11 11:00:00 (44.2%)
  2100-Jun-22 13:00:00 (47.3%)
  2100-Jul-03 14:00:00 (50.3%)
  2100-Jul-14 16:00:00 (53.3%)
  2100-Jul-25 17:00:00 (56.4%)
  2100-Aug-05 18:00:00 (59.4%)
  2100-Aug-16 20:00:00 (62.4%)
  2100-Aug-27 21:00:00 (65.4%)
  2100-Sep-07 23:00:00 (68.5%)
  2100-Sep-19 00:00:00 (71.5%)
  2100-Sep-30 02:00:00 (74.5%)
  2100-Oct-11 03:00:00 (77.6%)
  2100-Oct-22 05:00:00 (80.6%)
  2100-Nov-02 06:00:00 (83.6%)
  2100-Nov-13 07:00:00 (86.7%)
  2100-Nov-24 09:00:00 (89.7%)
  2100-Dec-05 10:00:00 (92.7%)
  2100-Dec-16 12:00:00 (95.8%)
  2100-Dec-27 13:00:00 (98.8%)
  2100-Dec-31 23:00:00 (100%)
Finished Program: 2014-Nov-15 11:53:50.401329
Elapsed Time: 00:01:04.329046
