instance.yaml
kiva v0.2.0-19-ge248292
Copyright (C) 2012-2014 Big Ladder Software
Web: www.bigladdersoftware.com

Starting Program: 2014-Nov-17 08:42:15.845238
Creating Domain...
  X Cells: 72
  Y Cells: 1
  Z Cells: 133
  Total Cells: 9576
Initializing Temperatures...
lis_matrix.c(685) : lis_matrix_set_value : error ILL_ARG :i(=0) or j(=-1) are less than 0
lis_matrix.c(685) : lis_matrix_set_value : error ILL_ARG :i(=0) or j(=-72) are less than 0
lis_matrix.c(685) : lis_matrix_set_value : error ILL_ARG :i(=1) or j(=-71) are less than 0
lis_matrix.c(685) : lis_matrix_set_value : error ILL_ARG :i(=2) or j(=-70) are less than 0
lis_matrix.c(685) : lis_matrix_set_value : error ILL_ARG :i(=3) or j(=-69) are less than 0
lis_matrix.c(685) : lis_matrix_set_value : error ILL_ARG :i(=4) or j(=-68) are less than 0
lis_matrix.c(685) : lis_matrix_set_value : error ILL_ARG :i(=5) or j(=-67) are less than 0
lis_matrix.c(685) : lis_matrix_set_value : error ILL_ARG :i(=6) or j(=-66) are less than 0
lis_matrix.c(685) : lis_matrix_set_value : error ILL_ARG :i(=7) or j(=-65) are less than 0
lis_matrix.c(685) : lis_matrix_set_value : error ILL_ARG :i(=8) or j(=-64) are less than 0
lis_matrix.c(685) : lis_matrix_set_value : error ILL_ARG :i(=9) or j(=-63) are less than 0
lis_matrix.c(685) : lis_matrix_set_value : error ILL_ARG :i(=10) or j(=-62) are less than 0
Warning: Solution did not converge after 100001 iterations.
  The final residual was: nan
  Solver status: 4
  2098-Oct-01 23:00:00
lis_matrix.c(685) : lis_matrix_set_value : error ILL_ARG :i(=0) or j(=-1) are less than 0
lis_matrix.c(685) : lis_matrix_set_value : error ILL_ARG :i(=0) or j(=-72) are less than 0
lis_matrix.c(685) : lis_matrix_set_value : error ILL_ARG :i(=1) or j(=-71) are less than 0
lis_matrix.c(685) : lis_matrix_set_value : error ILL_ARG :i(=2) or j(=-70) are less than 0
lis_matrix.c(685) : lis_matrix_set_value : error ILL_ARG :i(=3) or j(=-69) are less than 0
lis_matrix.c(685) : lis_matrix_set_value : error ILL_ARG :i(=4) or j(=-68) are less than 0
lis_matrix.c(685) : lis_matrix_set_value : error ILL_ARG :i(=5) or j(=-67) are less than 0
lis_matrix.c(685) : lis_matrix_set_value : error ILL_ARG :i(=6) or j(=-66) are less than 0
lis_matrix.c(685) : lis_matrix_set_value : error ILL_ARG :i(=7) or j(=-65) are less than 0
lis_matrix.c(685) : lis_matrix_set_value : error ILL_ARG :i(=8) or j(=-64) are less than 0
lis_matrix.c(685) : lis_matrix_set_value : error ILL_ARG :i(=9) or j(=-63) are less than 0
lis_matrix.c(685) : lis_matrix_set_value : error ILL_ARG :i(=10) or j(=-62) are less than 0
Warning: Solution did not converge after 100001 iterations.
  The final residual was: -nan
  Solver status: 4
  2098-Oct-08 23:00:00
lis_matrix.c(685) : lis_matrix_set_value : error ILL_ARG :i(=0) or j(=-1) are less than 0
lis_matrix.c(685) : lis_matrix_set_value : error ILL_ARG :i(=0) or j(=-72) are less than 0
lis_matrix.c(685) : lis_matrix_set_value : error ILL_ARG :i(=1) or j(=-71) are less than 0
lis_matrix.c(685) : lis_matrix_set_value : error ILL_ARG :i(=2) or j(=-70) are less than 0
lis_matrix.c(685) : lis_matrix_set_value : error ILL_ARG :i(=3) or j(=-69) are less than 0
lis_matrix.c(685) : lis_matrix_set_value : error ILL_ARG :i(=4) or j(=-68) are less than 0
lis_matrix.c(685) : lis_matrix_set_value : error ILL_ARG :i(=5) or j(=-67) are less than 0
lis_matrix.c(685) : lis_matrix_set_value : error ILL_ARG :i(=6) or j(=-66) are less than 0
lis_matrix.c(685) : lis_matrix_set_value : error ILL_ARG :i(=7) or j(=-65) are less than 0
lis_matrix.c(685) : lis_matrix_set_value : error ILL_ARG :i(=8) or j(=-64) are less than 0
lis_matrix.c(685) : lis_matrix_set_value : error ILL_ARG :i(=9) or j(=-63) are less than 0
lis_matrix.c(685) : lis_matrix_set_value : error ILL_ARG :i(=10) or j(=-62) are less than 0
Warning: Solution did not converge after 100001 iterations.
  The final residual was: -nan
  Solver status: 4
  2098-Oct-15 23:00:00
lis_matrix.c(685) : lis_matrix_set_value : error ILL_ARG :i(=0) or j(=-1) are less than 0
lis_matrix.c(685) : lis_matrix_set_value : error ILL_ARG :i(=0) or j(=-72) are less than 0
lis_matrix.c(685) : lis_matrix_set_value : error ILL_ARG :i(=1) or j(=-71) are less than 0
lis_matrix.c(685) : lis_matrix_set_value : error ILL_ARG :i(=2) or j(=-70) are less than 0
lis_matrix.c(685) : lis_matrix_set_value : error ILL_ARG :i(=3) or j(=-69) are less than 0
lis_matrix.c(685) : lis_matrix_set_value : error ILL_ARG :i(=4) or j(=-68) are less than 0
lis_matrix.c(685) : lis_matrix_set_value : error ILL_ARG :i(=5) or j(=-67) are less than 0
lis_matrix.c(685) : lis_matrix_set_value : error ILL_ARG :i(=6) or j(=-66) are less than 0
lis_matrix.c(685) : lis_matrix_set_value : error ILL_ARG :i(=7) or j(=-65) are less than 0
lis_matrix.c(685) : lis_matrix_set_value : error ILL_ARG :i(=8) or j(=-64) are less than 0
lis_matrix.c(685) : lis_matrix_set_value : error ILL_ARG :i(=9) or j(=-63) are less than 0
lis_matrix.c(685) : lis_matrix_set_value : error ILL_ARG :i(=10) or j(=-62) are less than 0
Warning: Solution did not converge after 100001 iterations.
  The final residual was: -nan
  Solver status: 4
  2098-Oct-22 23:00:00
lis_matrix.c(685) : lis_matrix_set_value : error ILL_ARG :i(=0) or j(=-1) are less than 0
lis_matrix.c(685) : lis_matrix_set_value : error ILL_ARG :i(=0) or j(=-72) are less than 0
lis_matrix.c(685) : lis_matrix_set_value : error ILL_ARG :i(=1) or j(=-71) are less than 0
lis_matrix.c(685) : lis_matrix_set_value : error ILL_ARG :i(=2) or j(=-70) are less than 0
lis_matrix.c(685) : lis_matrix_set_value : error ILL_ARG :i(=3) or j(=-69) are less than 0
lis_matrix.c(685) : lis_matrix_set_value : error ILL_ARG :i(=4) or j(=-68) are less than 0
lis_matrix.c(685) : lis_matrix_set_value : error ILL_ARG :i(=5) or j(=-67) are less than 0
lis_matrix.c(685) : lis_matrix_set_value : error ILL_ARG :i(=6) or j(=-66) are less than 0
lis_matrix.c(685) : lis_matrix_set_value : error ILL_ARG :i(=7) or j(=-65) are less than 0
lis_matrix.c(685) : lis_matrix_set_value : error ILL_ARG :i(=8) or j(=-64) are less than 0
lis_matrix.c(685) : lis_matrix_set_value : error ILL_ARG :i(=9) or j(=-63) are less than 0
lis_matrix.c(685) : lis_matrix_set_value : error ILL_ARG :i(=10) or j(=-62) are less than 0
Warning: Solution did not converge after 100001 iterations.
  The final residual was: -nan
  Solver status: 4
  2098-Oct-29 23:00:00
lis_matrix.c(685) : lis_matrix_set_value : error ILL_ARG :i(=0) or j(=-1) are less than 0
lis_matrix.c(685) : lis_matrix_set_value : error ILL_ARG :i(=0) or j(=-72) are less than 0
lis_matrix.c(685) : lis_matrix_set_value : error ILL_ARG :i(=1) or j(=-71) are less than 0
lis_matrix.c(685) : lis_matrix_set_value : error ILL_ARG :i(=2) or j(=-70) are less than 0
lis_matrix.c(685) : lis_matrix_set_value : error ILL_ARG :i(=3) or j(=-69) are less than 0
lis_matrix.c(685) : lis_matrix_set_value : error ILL_ARG :i(=4) or j(=-68) are less than 0
lis_matrix.c(685) : lis_matrix_set_value : error ILL_ARG :i(=5) or j(=-67) are less than 0
lis_matrix.c(685) : lis_matrix_set_value : error ILL_ARG :i(=6) or j(=-66) are less than 0
lis_matrix.c(685) : lis_matrix_set_value : error ILL_ARG :i(=7) or j(=-65) are less than 0
lis_matrix.c(685) : lis_matrix_set_value : error ILL_ARG :i(=8) or j(=-64) are less than 0
lis_matrix.c(685) : lis_matrix_set_value : error ILL_ARG :i(=9) or j(=-63) are less than 0
lis_matrix.c(685) : lis_matrix_set_value : error ILL_ARG :i(=10) or j(=-62) are less than 0
Warning: Solution did not converge after 100001 iterations.
  The final residual was: -nan
  Solver status: 4
  2098-Nov-05 23:00:00
lis_matrix.c(685) : lis_matrix_set_value : error ILL_ARG :i(=0) or j(=-1) are less than 0
lis_matrix.c(685) : lis_matrix_set_value : error ILL_ARG :i(=0) or j(=-72) are less than 0
lis_matrix.c(685) : lis_matrix_set_value : error ILL_ARG :i(=1) or j(=-71) are less than 0
lis_matrix.c(685) : lis_matrix_set_value : error ILL_ARG :i(=2) or j(=-70) are less than 0
lis_matrix.c(685) : lis_matrix_set_value : error ILL_ARG :i(=3) or j(=-69) are less than 0
lis_matrix.c(685) : lis_matrix_set_value : error ILL_ARG :i(=4) or j(=-68) are less than 0
lis_matrix.c(685) : lis_matrix_set_value : error ILL_ARG :i(=5) or j(=-67) are less than 0
lis_matrix.c(685) : lis_matrix_set_value : error ILL_ARG :i(=6) or j(=-66) are less than 0
lis_matrix.c(685) : lis_matrix_set_value : error ILL_ARG :i(=7) or j(=-65) are less than 0
lis_matrix.c(685) : lis_matrix_set_value : error ILL_ARG :i(=8) or j(=-64) are less than 0
lis_matrix.c(685) : lis_matrix_set_value : error ILL_ARG :i(=9) or j(=-63) are less than 0
lis_matrix.c(685) : lis_matrix_set_value : error ILL_ARG :i(=10) or j(=-62) are less than 0
Warning: Solution did not converge after 100001 iterations.
  The final residual was: -nan
  Solver status: 4
  2098-Nov-12 23:00:00
lis_matrix.c(685) : lis_matrix_set_value : error ILL_ARG :i(=0) or j(=-1) are less than 0
lis_matrix.c(685) : lis_matrix_set_value : error ILL_ARG :i(=0) or j(=-72) are less than 0
lis_matrix.c(685) : lis_matrix_set_value : error ILL_ARG :i(=1) or j(=-71) are less than 0
lis_matrix.c(685) : lis_matrix_set_value : error ILL_ARG :i(=2) or j(=-70) are less than 0
lis_matrix.c(685) : lis_matrix_set_value : error ILL_ARG :i(=3) or j(=-69) are less than 0
lis_matrix.c(685) : lis_matrix_set_value : error ILL_ARG :i(=4) or j(=-68) are less than 0
lis_matrix.c(685) : lis_matrix_set_value : error ILL_ARG :i(=5) or j(=-67) are less than 0
lis_matrix.c(685) : lis_matrix_set_value : error ILL_ARG :i(=6) or j(=-66) are less than 0
lis_matrix.c(685) : lis_matrix_set_value : error ILL_ARG :i(=7) or j(=-65) are less than 0
lis_matrix.c(685) : lis_matrix_set_value : error ILL_ARG :i(=8) or j(=-64) are less than 0
lis_matrix.c(685) : lis_matrix_set_value : error ILL_ARG :i(=9) or j(=-63) are less than 0
lis_matrix.c(685) : lis_matrix_set_value : error ILL_ARG :i(=10) or j(=-62) are less than 0
Warning: Solution did not converge after 100001 iterations.
  The final residual was: -nan
  Solver status: 4
  2098-Nov-19 23:00:00
lis_matrix.c(685) : lis_matrix_set_value : error ILL_ARG :i(=0) or j(=-1) are less than 0
lis_matrix.c(685) : lis_matrix_set_value : error ILL_ARG :i(=0) or j(=-72) are less than 0
lis_matrix.c(685) : lis_matrix_set_value : error ILL_ARG :i(=1) or j(=-71) are less than 0
lis_matrix.c(685) : lis_matrix_set_value : error ILL_ARG :i(=2) or j(=-70) are less than 0
lis_matrix.c(685) : lis_matrix_set_value : error ILL_ARG :i(=3) or j(=-69) are less than 0
lis_matrix.c(685) : lis_matrix_set_value : error ILL_ARG :i(=4) or j(=-68) are less than 0
lis_matrix.c(685) : lis_matrix_set_value : error ILL_ARG :i(=5) or j(=-67) are less than 0
lis_matrix.c(685) : lis_matrix_set_value : error ILL_ARG :i(=6) or j(=-66) are less than 0
lis_matrix.c(685) : lis_matrix_set_value : error ILL_ARG :i(=7) or j(=-65) are less than 0
lis_matrix.c(685) : lis_matrix_set_value : error ILL_ARG :i(=8) or j(=-64) are less than 0
lis_matrix.c(685) : lis_matrix_set_value : error ILL_ARG :i(=9) or j(=-63) are less than 0
lis_matrix.c(685) : lis_matrix_set_value : error ILL_ARG :i(=10) or j(=-62) are less than 0
Warning: Solution did not converge after 100001 iterations.
  The final residual was: -nan
  Solver status: 4
  2098-Nov-26 23:00:00
lis_matrix.c(685) : lis_matrix_set_value : error ILL_ARG :i(=0) or j(=-1) are less than 0
lis_matrix.c(685) : lis_matrix_set_value : error ILL_ARG :i(=0) or j(=-72) are less than 0
lis_matrix.c(685) : lis_matrix_set_value : error ILL_ARG :i(=1) or j(=-71) are less than 0
lis_matrix.c(685) : lis_matrix_set_value : error ILL_ARG :i(=2) or j(=-70) are less than 0
lis_matrix.c(685) : lis_matrix_set_value : error ILL_ARG :i(=3) or j(=-69) are less than 0
lis_matrix.c(685) : lis_matrix_set_value : error ILL_ARG :i(=4) or j(=-68) are less than 0
lis_matrix.c(685) : lis_matrix_set_value : error ILL_ARG :i(=5) or j(=-67) are less than 0
lis_matrix.c(685) : lis_matrix_set_value : error ILL_ARG :i(=6) or j(=-66) are less than 0
lis_matrix.c(685) : lis_matrix_set_value : error ILL_ARG :i(=7) or j(=-65) are less than 0
lis_matrix.c(685) : lis_matrix_set_value : error ILL_ARG :i(=8) or j(=-64) are less than 0
lis_matrix.c(685) : lis_matrix_set_value : error ILL_ARG :i(=9) or j(=-63) are less than 0
lis_matrix.c(685) : lis_matrix_set_value : error ILL_ARG :i(=10) or j(=-62) are less than 0
Warning: Solution did not converge after 100001 iterations.
  The final residual was: -nan
  Solver status: 4
  2098-Dec-03 23:00:00
lis_matrix.c(685) : lis_matrix_set_value : error ILL_ARG :i(=0) or j(=-1) are less than 0
lis_matrix.c(685) : lis_matrix_set_value : error ILL_ARG :i(=0) or j(=-72) are less than 0
lis_matrix.c(685) : lis_matrix_set_value : error ILL_ARG :i(=1) or j(=-71) are less than 0
lis_matrix.c(685) : lis_matrix_set_value : error ILL_ARG :i(=2) or j(=-70) are less than 0
lis_matrix.c(685) : lis_matrix_set_value : error ILL_ARG :i(=3) or j(=-69) are less than 0
lis_matrix.c(685) : lis_matrix_set_value : error ILL_ARG :i(=4) or j(=-68) are less than 0
lis_matrix.c(685) : lis_matrix_set_value : error ILL_ARG :i(=5) or j(=-67) are less than 0
lis_matrix.c(685) : lis_matrix_set_value : error ILL_ARG :i(=6) or j(=-66) are less than 0
lis_matrix.c(685) : lis_matrix_set_value : error ILL_ARG :i(=7) or j(=-65) are less than 0
lis_matrix.c(685) : lis_matrix_set_value : error ILL_ARG :i(=8) or j(=-64) are less than 0
lis_matrix.c(685) : lis_matrix_set_value : error ILL_ARG :i(=9) or j(=-63) are less than 0
lis_matrix.c(685) : lis_matrix_set_value : error ILL_ARG :i(=10) or j(=-62) are less than 0
Warning: Solution did not converge after 100001 iterations.
  The final residual was: -nan
  Solver status: 4
  2098-Dec-10 23:00:00
lis_matrix.c(685) : lis_matrix_set_value : error ILL_ARG :i(=0) or j(=-1) are less than 0
lis_matrix.c(685) : lis_matrix_set_value : error ILL_ARG :i(=0) or j(=-72) are less than 0
lis_matrix.c(685) : lis_matrix_set_value : error ILL_ARG :i(=1) or j(=-71) are less than 0
lis_matrix.c(685) : lis_matrix_set_value : error ILL_ARG :i(=2) or j(=-70) are less than 0
lis_matrix.c(685) : lis_matrix_set_value : error ILL_ARG :i(=3) or j(=-69) are less than 0
lis_matrix.c(685) : lis_matrix_set_value : error ILL_ARG :i(=4) or j(=-68) are less than 0
lis_matrix.c(685) : lis_matrix_set_value : error ILL_ARG :i(=5) or j(=-67) are less than 0
lis_matrix.c(685) : lis_matrix_set_value : error ILL_ARG :i(=6) or j(=-66) are less than 0
lis_matrix.c(685) : lis_matrix_set_value : error ILL_ARG :i(=7) or j(=-65) are less than 0
lis_matrix.c(685) : lis_matrix_set_value : error ILL_ARG :i(=8) or j(=-64) are less than 0
lis_matrix.c(685) : lis_matrix_set_value : error ILL_ARG :i(=9) or j(=-63) are less than 0
lis_matrix.c(685) : lis_matrix_set_value : error ILL_ARG :i(=10) or j(=-62) are less than 0
Warning: Solution did not converge after 100001 iterations.
  The final residual was: -nan
  Solver status: 4
  2098-Dec-17 23:00:00
lis_matrix.c(685) : lis_matrix_set_value : error ILL_ARG :i(=0) or j(=-1) are less than 0
lis_matrix.c(685) : lis_matrix_set_value : error ILL_ARG :i(=0) or j(=-72) are less than 0
lis_matrix.c(685) : lis_matrix_set_value : error ILL_ARG :i(=1) or j(=-71) are less than 0
lis_matrix.c(685) : lis_matrix_set_value : error ILL_ARG :i(=2) or j(=-70) are less than 0
lis_matrix.c(685) : lis_matrix_set_value : error ILL_ARG :i(=3) or j(=-69) are less than 0
lis_matrix.c(685) : lis_matrix_set_value : error ILL_ARG :i(=4) or j(=-68) are less than 0
lis_matrix.c(685) : lis_matrix_set_value : error ILL_ARG :i(=5) or j(=-67) are less than 0
lis_matrix.c(685) : lis_matrix_set_value : error ILL_ARG :i(=6) or j(=-66) are less than 0
lis_matrix.c(685) : lis_matrix_set_value : error ILL_ARG :i(=7) or j(=-65) are less than 0
lis_matrix.c(685) : lis_matrix_set_value : error ILL_ARG :i(=8) or j(=-64) are less than 0
lis_matrix.c(685) : lis_matrix_set_value : error ILL_ARG :i(=9) or j(=-63) are less than 0
lis_matrix.c(685) : lis_matrix_set_value : error ILL_ARG :i(=10) or j(=-62) are less than 0
Warning: Solution did not converge after 100001 iterations.
  The final residual was: -nan
  Solver status: 4
  2098-Dec-24 23:00:00
lis_matrix.c(685) : lis_matrix_set_value : error ILL_ARG :i(=0) or j(=-1) are less than 0
lis_matrix.c(685) : lis_matrix_set_value : error ILL_ARG :i(=0) or j(=-72) are less than 0
lis_matrix.c(685) : lis_matrix_set_value : error ILL_ARG :i(=1) or j(=-71) are less than 0
lis_matrix.c(685) : lis_matrix_set_value : error ILL_ARG :i(=2) or j(=-70) are less than 0
lis_matrix.c(685) : lis_matrix_set_value : error ILL_ARG :i(=3) or j(=-69) are less than 0
lis_matrix.c(685) : lis_matrix_set_value : error ILL_ARG :i(=4) or j(=-68) are less than 0
lis_matrix.c(685) : lis_matrix_set_value : error ILL_ARG :i(=5) or j(=-67) are less than 0
lis_matrix.c(685) : lis_matrix_set_value : error ILL_ARG :i(=6) or j(=-66) are less than 0
lis_matrix.c(685) : lis_matrix_set_value : error ILL_ARG :i(=7) or j(=-65) are less than 0
lis_matrix.c(685) : lis_matrix_set_value : error ILL_ARG :i(=8) or j(=-64) are less than 0
lis_matrix.c(685) : lis_matrix_set_value : error ILL_ARG :i(=9) or j(=-63) are less than 0
lis_matrix.c(685) : lis_matrix_set_value : error ILL_ARG :i(=10) or j(=-62) are less than 0
Warning: Solution did not converge after 100001 iterations.
  The final residual was: -nan
  Solver status: 4
  2098-Dec-31 23:00:00
  2099-Jan-03 14:00:00
  2099-Jan-28 08:00:00
  2099-Feb-22 02:00:00
  2099-Mar-18 20:00:00
  2099-Apr-12 14:00:00
  2099-May-07 08:00:00
  2099-Jun-01 02:00:00
  2099-Jun-25 20:00:00
  2099-Jul-20 13:00:00
  2099-Aug-14 07:00:00
  2099-Sep-08 01:00:00
  2099-Oct-02 18:00:00
  2099-Oct-27 12:00:00
  2099-Nov-21 06:00:00
  2099-Dec-16 00:00:00
Beginning Simulation...
  2100-Jan-09 01:00:00 (2.2%)
  2100-Jan-31 19:00:00 (8.4%)
  2100-Feb-23 13:00:00 (14.7%)
  2100-Mar-18 07:00:00 (20.9%)
  2100-Apr-10 01:00:00 (27.1%)
  2100-May-02 19:00:00 (33.4%)
  2100-May-25 13:00:00 (39.6%)
  2100-Jun-17 08:00:00 (45.8%)
  2100-Jul-10 02:00:00 (52.1%)
  2100-Aug-01 21:00:00 (58.3%)
  2100-Aug-24 15:00:00 (64.6%)
  2100-Sep-16 09:00:00 (70.8%)
  2100-Oct-09 04:00:00 (77%)
  2100-Oct-31 22:00:00 (83.3%)
  2100-Nov-23 17:00:00 (89.5%)
  2100-Dec-16 12:00:00 (95.8%)
  2100-Dec-31 23:00:00 (100%)
Finished Program: 2014-Nov-17 08:45:58.680523
Elapsed Time: 00:03:42.835285
