instance.yaml
kiva v0.2.0-22-gd89b213
Copyright (C) 2012-2014 Big Ladder Software
Web: www.bigladdersoftware.com

Starting Program: 2014-Nov-19 10:39:42.948336
Creating Domain...
  X Cells: 176
  Y Cells: 1
  Z Cells: 133
  Total Cells: 23408
Initializing Temperatures...
Warning: Solution did not converge after 751 iterations.
  The final residual was: 2.82774e-05
  Solver status: 2
  2098-Dec-31 23:00:00
  2099-Jan-11 08:00:00
  2099-Jan-22 00:00:00
  2099-Feb-01 16:00:00
  2099-Feb-12 09:00:00
  2099-Feb-23 01:00:00
  2099-Mar-05 17:00:00
  2099-Mar-16 10:00:00
  2099-Mar-27 02:00:00
  2099-Apr-06 18:00:00
  2099-Apr-17 11:00:00
  2099-Apr-28 03:00:00
  2099-May-08 20:00:00
  2099-May-19 12:00:00
  2099-May-30 05:00:00
  2099-Jun-09 21:00:00
  2099-Jun-20 13:00:00
  2099-Jul-01 06:00:00
  2099-Jul-11 22:00:00
  2099-Jul-22 17:00:00
  2099-Aug-02 14:00:00
  2099-Aug-13 11:00:00
  2099-Aug-24 09:00:00
  2099-Sep-04 06:00:00
  2099-Sep-15 03:00:00
  2099-Sep-26 01:00:00
  2099-Oct-06 22:00:00
  2099-Oct-17 19:00:00
  2099-Oct-28 17:00:00
  2099-Nov-08 14:00:00
  2099-Nov-19 11:00:00
  2099-Nov-30 09:00:00
  2099-Dec-11 06:00:00
  2099-Dec-22 04:00:00
Beginning Simulation...
  2100-Jan-01 23:00:00 (0.3%)
  2100-Jan-11 23:00:00 (3%)
  2100-Jan-21 22:00:00 (5.7%)
  2100-Jan-31 22:00:00 (8.5%)
  2100-Feb-10 21:00:00 (11.2%)
  2100-Feb-20 21:00:00 (13.9%)
  2100-Mar-02 21:00:00 (16.7%)
  2100-Mar-12 20:00:00 (19.4%)
  2100-Mar-22 20:00:00 (22.1%)
  2100-Apr-01 19:00:00 (24.9%)
  2100-Apr-11 19:00:00 (27.6%)
  2100-Apr-21 17:00:00 (30.3%)
  2100-May-01 16:00:00 (33.1%)
  2100-May-11 16:00:00 (35.8%)
  2100-May-21 16:00:00 (38.5%)
  2100-May-31 15:00:00 (41.3%)
  2100-Jun-10 15:00:00 (44%)
  2100-Jun-20 15:00:00 (46.7%)
  2100-Jun-30 15:00:00 (49.5%)
  2100-Jul-10 14:00:00 (52.2%)
  2100-Jul-20 14:00:00 (55%)
  2100-Jul-30 14:00:00 (57.7%)
  2100-Aug-09 14:00:00 (60.4%)
  2100-Aug-19 13:00:00 (63.2%)
  2100-Aug-29 13:00:00 (65.9%)
  2100-Sep-08 13:00:00 (68.6%)
  2100-Sep-18 12:00:00 (71.4%)
  2100-Sep-28 12:00:00 (74.1%)
  2100-Oct-08 12:00:00 (76.8%)
  2100-Oct-18 11:00:00 (79.6%)
  2100-Oct-28 11:00:00 (82.3%)
  2100-Nov-07 11:00:00 (85.1%)
  2100-Nov-17 11:00:00 (87.8%)
  2100-Nov-27 08:00:00 (90.5%)
  2100-Dec-07 08:00:00 (93.2%)
  2100-Dec-17 08:00:00 (96%)
  2100-Dec-27 08:00:00 (98.7%)
  2100-Dec-31 23:00:00 (100%)
Finished Program: 2014-Nov-19 10:40:54.466390
Elapsed Time: 00:01:11.518054
