instance.yaml
kiva v0.2.0-21-g785bfe1
Copyright (C) 2012-2014 Big Ladder Software
Web: www.bigladdersoftware.com

Starting Program: 2014-Nov-18 11:23:28.413277
Creating Domain...
  X Cells: 234
  Y Cells: 1
  Z Cells: 127
  Total Cells: 29718
Initializing Temperatures...
  2098-Oct-29 23:00:00
  2099-Jan-04 03:00:00
  2099-Jan-12 14:00:00
  2099-Jan-21 01:00:00
  2099-Jan-29 13:00:00
  2099-Feb-07 00:00:00
  2099-Feb-15 11:00:00
  2099-Feb-23 22:00:00
  2099-Mar-04 09:00:00
  2099-Mar-12 20:00:00
  2099-Mar-21 07:00:00
  2099-Mar-29 18:00:00
  2099-Apr-07 05:00:00
  2099-Apr-15 16:00:00
  2099-Apr-24 03:00:00
  2099-May-02 14:00:00
  2099-May-11 02:00:00
  2099-May-19 13:00:00
  2099-May-28 00:00:00
  2099-Jun-05 11:00:00
  2099-Jun-13 22:00:00
  2099-Jun-22 09:00:00
  2099-Jun-30 20:00:00
  2099-Jul-09 07:00:00
  2099-Jul-17 18:00:00
  2099-Jul-26 06:00:00
  2099-Aug-03 17:00:00
  2099-Aug-12 04:00:00
  2099-Aug-20 15:00:00
  2099-Aug-29 02:00:00
  2099-Sep-06 13:00:00
  2099-Sep-15 01:00:00
  2099-Sep-23 12:00:00
  2099-Oct-01 23:00:00
  2099-Oct-10 10:00:00
  2099-Oct-18 21:00:00
  2099-Oct-27 08:00:00
  2099-Nov-04 19:00:00
  2099-Nov-13 07:00:00
  2099-Nov-21 18:00:00
  2099-Nov-30 05:00:00
  2099-Dec-08 16:00:00
  2099-Dec-17 03:00:00
  2099-Dec-25 14:00:00
Beginning Simulation...
  2100-Jan-02 22:00:00 (0.5%)
  2100-Jan-10 20:00:00 (2.7%)
  2100-Jan-18 18:00:00 (4.9%)
  2100-Jan-26 16:00:00 (7%)
  2100-Feb-03 14:00:00 (9.2%)
  2100-Feb-11 12:00:00 (11.4%)
  2100-Feb-19 10:00:00 (13.5%)
  2100-Feb-27 08:00:00 (15.7%)
  2100-Mar-07 06:00:00 (17.9%)
  2100-Mar-15 04:00:00 (20%)
  2100-Mar-23 02:00:00 (22.2%)
  2100-Mar-31 00:00:00 (24.4%)
  2100-Apr-07 22:00:00 (26.6%)
  2100-Apr-15 21:00:00 (28.7%)
  2100-Apr-23 19:00:00 (30.9%)
  2100-May-01 17:00:00 (33.1%)
  2100-May-09 15:00:00 (35.2%)
  2100-May-17 13:00:00 (37.4%)
  2100-May-25 11:00:00 (39.6%)
  2100-Jun-02 10:00:00 (41.8%)
  2100-Jun-10 08:00:00 (43.9%)
  2100-Jun-18 06:00:00 (46.1%)
  2100-Jun-26 04:00:00 (48.3%)
  2100-Jul-04 02:00:00 (50.4%)
  2100-Jul-12 00:00:00 (52.6%)
  2100-Jul-19 22:00:00 (54.8%)
  2100-Jul-27 21:00:00 (57%)
  2100-Aug-04 19:00:00 (59.1%)
  2100-Aug-12 17:00:00 (61.3%)
  2100-Aug-20 14:00:00 (63.4%)
  2100-Aug-28 12:00:00 (65.6%)
  2100-Sep-05 10:00:00 (67.8%)
  2100-Sep-13 09:00:00 (70%)
  2100-Sep-21 06:00:00 (72.1%)
  2100-Sep-29 04:00:00 (74.3%)
  2100-Oct-06 15:00:00 (76.3%)
  2100-Oct-14 00:00:00 (78.4%)
  2100-Oct-21 22:00:00 (80.5%)
  2100-Oct-29 18:00:00 (82.7%)
  2100-Nov-06 14:00:00 (84.8%)
  2100-Nov-14 13:00:00 (87%)
  2100-Nov-22 13:00:00 (89.2%)
  2100-Nov-30 13:00:00 (91.4%)
  2100-Dec-08 12:00:00 (93.6%)
  2100-Dec-16 12:00:00 (95.8%)
  2100-Dec-24 11:00:00 (97.9%)
  2100-Dec-31 23:00:00 (100%)
Finished Program: 2014-Nov-18 11:24:58.944889
Elapsed Time: 00:01:30.531612
