instance.yaml
kiva v0.2.0-19-ge248292
Copyright (C) 2012-2014 Big Ladder Software
Web: www.bigladdersoftware.com

Starting Program: 2014-Nov-17 08:44:12.685826
Creating Domain...
  X Cells: 100
  Y Cells: 1
  Z Cells: 103
  Total Cells: 10300
Initializing Temperatures...
  2098-Oct-29 23:00:00
  2099-Jan-17 11:00:00
  2099-Feb-09 10:00:00
  2099-Mar-04 10:00:00
  2099-Mar-27 09:00:00
  2099-Apr-19 09:00:00
  2099-May-12 09:00:00
  2099-Jun-04 09:00:00
  2099-Jun-27 09:00:00
  2099-Jul-20 08:00:00
  2099-Aug-12 08:00:00
  2099-Sep-04 08:00:00
  2099-Sep-27 07:00:00
  2099-Oct-20 07:00:00
  2099-Nov-12 07:00:00
  2099-Dec-05 07:00:00
  2099-Dec-28 07:00:00
Beginning Simulation...
  2100-Jan-19 19:00:00 (5.1%)
  2100-Feb-11 05:00:00 (11.3%)
  2100-Mar-05 16:00:00 (17.4%)
  2100-Mar-28 02:00:00 (23.6%)
  2100-Apr-19 13:00:00 (29.7%)
  2100-May-11 23:00:00 (35.9%)
  2100-Jun-03 10:00:00 (42%)
  2100-Jun-25 20:00:00 (48.2%)
  2100-Jul-18 07:00:00 (54.3%)
  2100-Aug-09 17:00:00 (60.5%)
  2100-Sep-01 04:00:00 (66.6%)
  2100-Sep-23 14:00:00 (72.8%)
  2100-Oct-16 01:00:00 (78.9%)
  2100-Nov-07 12:00:00 (85.1%)
  2100-Nov-29 22:00:00 (91.2%)
  2100-Dec-22 09:00:00 (97.4%)
  2100-Dec-31 23:00:00 (100%)
Finished Program: 2014-Nov-17 08:44:45.429169
Elapsed Time: 00:00:32.743343
