instance.yaml
kiva v0.2.0-21-g785bfe1
Copyright (C) 2012-2014 Big Ladder Software
Web: www.bigladdersoftware.com

Starting Program: 2014-Nov-18 11:10:25.172298
Creating Domain...
  X Cells: 99
  Y Cells: 1
  Z Cells: 158
  Total Cells: 15642
Initializing Temperatures...
  2099-Jan-02 15:00:00
  2099-Jan-17 22:00:00
  2099-Feb-02 05:00:00
  2099-Feb-17 11:00:00
  2099-Mar-04 18:00:00
  2099-Mar-20 02:00:00
  2099-Apr-04 09:00:00
  2099-Apr-19 17:00:00
  2099-May-05 00:00:00
  2099-May-20 07:00:00
  2099-Jun-04 15:00:00
  2099-Jun-19 23:00:00
  2099-Jul-05 06:00:00
  2099-Jul-20 14:00:00
  2099-Aug-04 22:00:00
  2099-Aug-20 06:00:00
  2099-Sep-04 13:00:00
  2099-Sep-19 21:00:00
  2099-Oct-05 05:00:00
  2099-Oct-20 13:00:00
  2099-Nov-04 20:00:00
  2099-Nov-20 04:00:00
  2099-Dec-05 12:00:00
  2099-Dec-20 19:00:00
Beginning Simulation...
  2100-Jan-04 18:00:00 (1%)
  2100-Jan-18 18:00:00 (4.9%)
  2100-Feb-01 18:00:00 (8.7%)
  2100-Feb-15 18:00:00 (12.5%)
  2100-Mar-01 18:00:00 (16.4%)
  2100-Mar-15 19:00:00 (20.2%)
  2100-Mar-29 19:00:00 (24.1%)
  2100-Apr-12 19:00:00 (27.9%)
  2100-Apr-26 20:00:00 (31.7%)
  2100-May-10 20:00:00 (35.6%)
  2100-May-24 19:00:00 (39.4%)
  2100-Jun-07 20:00:00 (43.2%)
  2100-Jun-21 20:00:00 (47.1%)
  2100-Jul-05 21:00:00 (50.9%)
  2100-Jul-19 22:00:00 (54.8%)
  2100-Aug-02 22:00:00 (58.6%)
  2100-Aug-16 23:00:00 (62.5%)
  2100-Aug-31 00:00:00 (66.3%)
  2100-Sep-14 00:00:00 (70.1%)
  2100-Sep-28 00:00:00 (74%)
  2100-Oct-11 23:00:00 (77.8%)
  2100-Oct-25 23:00:00 (81.6%)
  2100-Nov-08 23:00:00 (85.5%)
  2100-Nov-22 23:00:00 (89.3%)
  2100-Dec-06 23:00:00 (93.1%)
  2100-Dec-20 20:00:00 (96.9%)
  2100-Dec-31 23:00:00 (100%)
Finished Program: 2014-Nov-18 11:11:15.797404
Elapsed Time: 00:00:50.625106
