instance.yaml
kiva v0.2.0-19-ge248292
Copyright (C) 2012-2014 Big Ladder Software
Web: www.bigladdersoftware.com

Starting Program: 2014-Nov-17 08:41:13.128406
Creating Domain...
  X Cells: 94
  Y Cells: 1
  Z Cells: 113
  Total Cells: 10622
Initializing Temperatures...
  2099-Jan-07 10:00:00
  2099-Jan-28 11:00:00
  2099-Feb-18 11:00:00
  2099-Mar-11 12:00:00
  2099-Apr-01 13:00:00
  2099-Apr-22 14:00:00
  2099-May-13 15:00:00
  2099-Jun-03 16:00:00
  2099-Jun-24 17:00:00
  2099-Jul-15 18:00:00
  2099-Aug-05 20:00:00
  2099-Aug-26 21:00:00
  2099-Sep-16 22:00:00
  2099-Oct-07 23:00:00
  2099-Oct-29 00:00:00
  2099-Nov-19 02:00:00
  2099-Dec-10 03:00:00
  2099-Dec-31 04:00:00
Beginning Simulation...
  2100-Jan-20 19:00:00 (5.4%)
  2100-Feb-10 10:00:00 (11.1%)
  2100-Mar-03 01:00:00 (16.7%)
  2100-Mar-23 16:00:00 (22.4%)
  2100-Apr-13 06:00:00 (28%)
  2100-May-03 21:00:00 (33.7%)
  2100-May-24 12:00:00 (39.3%)
  2100-Jun-14 03:00:00 (45%)
  2100-Jul-04 19:00:00 (50.6%)
  2100-Jul-25 10:00:00 (56.3%)
  2100-Aug-15 01:00:00 (61.9%)
  2100-Sep-04 17:00:00 (67.6%)
  2100-Sep-25 08:00:00 (73.2%)
  2100-Oct-15 23:00:00 (78.9%)
  2100-Nov-05 15:00:00 (84.6%)
  2100-Nov-26 02:00:00 (90.2%)
  2100-Dec-16 17:00:00 (95.8%)
  2100-Dec-31 23:00:00 (100%)
Finished Program: 2014-Nov-17 08:41:48.740644
Elapsed Time: 00:00:35.612238
