instance.yaml
kiva v0.2.0-21-g785bfe1
Copyright (C) 2012-2014 Big Ladder Software
Web: www.bigladdersoftware.com

Starting Program: 2014-Nov-18 11:13:24.139151
Creating Domain...
  X Cells: 180
  Y Cells: 1
  Z Cells: 113
  Total Cells: 20340
Initializing Temperatures...
  2098-Dec-24 23:00:00
  2099-Jan-12 00:00:00
  2099-Jan-23 16:00:00
  2099-Feb-04 08:00:00
  2099-Feb-16 00:00:00
  2099-Feb-27 17:00:00
  2099-Mar-11 08:00:00
  2099-Mar-23 00:00:00
  2099-Apr-03 16:00:00
  2099-Apr-15 08:00:00
  2099-Apr-27 00:00:00
  2099-May-08 17:00:00
  2099-May-20 09:00:00
  2099-Jun-01 01:00:00
  2099-Jun-12 17:00:00
  2099-Jun-24 10:00:00
  2099-Jul-06 02:00:00
  2099-Jul-17 18:00:00
  2099-Jul-29 10:00:00
  2099-Aug-10 03:00:00
  2099-Aug-21 19:00:00
  2099-Sep-02 11:00:00
  2099-Sep-14 03:00:00
  2099-Sep-25 20:00:00
  2099-Oct-07 12:00:00
  2099-Oct-19 04:00:00
  2099-Oct-30 21:00:00
  2099-Nov-11 13:00:00
  2099-Nov-23 06:00:00
  2099-Dec-04 22:00:00
  2099-Dec-16 14:00:00
  2099-Dec-28 07:00:00
Beginning Simulation...
  2100-Jan-08 19:00:00 (2.1%)
  2100-Jan-20 06:00:00 (5.3%)
  2100-Jan-31 17:00:00 (8.4%)
  2100-Feb-12 05:00:00 (11.6%)
  2100-Feb-23 17:00:00 (14.7%)
  2100-Mar-07 05:00:00 (17.9%)
  2100-Mar-18 16:00:00 (21%)
  2100-Mar-30 04:00:00 (24.2%)
  2100-Apr-10 16:00:00 (27.3%)
  2100-Apr-22 04:00:00 (30.5%)
  2100-May-03 16:00:00 (33.6%)
  2100-May-15 04:00:00 (36.8%)
  2100-May-26 18:00:00 (39.9%)
  2100-Jun-07 09:00:00 (43.1%)
  2100-Jun-18 23:00:00 (46.3%)
  2100-Jun-30 14:00:00 (49.5%)
  2100-Jul-12 04:00:00 (52.6%)
  2100-Jul-23 19:00:00 (55.8%)
  2100-Aug-04 09:00:00 (59%)
  2100-Aug-15 23:00:00 (62.2%)
  2100-Aug-27 14:00:00 (65.4%)
  2100-Sep-08 05:00:00 (68.6%)
  2100-Sep-19 19:00:00 (71.7%)
  2100-Oct-01 10:00:00 (74.9%)
  2100-Oct-13 01:00:00 (78.1%)
  2100-Oct-24 15:00:00 (81.3%)
  2100-Nov-05 06:00:00 (84.5%)
  2100-Nov-16 20:00:00 (87.6%)
  2100-Nov-28 11:00:00 (90.8%)
  2100-Dec-10 01:00:00 (94%)
  2100-Dec-21 16:00:00 (97.2%)
  2100-Dec-31 23:00:00 (100%)
Finished Program: 2014-Nov-18 11:14:27.894404
Elapsed Time: 00:01:03.755253
