instance.yaml
kiva v0.2.0-22-gd89b213
Copyright (C) 2012-2014 Big Ladder Software
Web: www.bigladdersoftware.com

Starting Program: 2014-Nov-19 10:36:54.112204
Creating Domain...
  X Cells: 239
  Y Cells: 1
  Z Cells: 103
  Total Cells: 24617
Initializing Temperatures...
  2098-Dec-03 23:00:00
  2099-Jan-07 12:00:00
  2099-Jan-16 18:00:00
  2099-Jan-25 23:00:00
  2099-Feb-04 04:00:00
  2099-Feb-13 10:00:00
  2099-Feb-22 15:00:00
  2099-Mar-03 20:00:00
  2099-Mar-13 01:00:00
  2099-Mar-22 07:00:00
  2099-Mar-31 12:00:00
  2099-Apr-09 18:00:00
  2099-Apr-18 23:00:00
  2099-Apr-28 05:00:00
  2099-May-07 10:00:00
  2099-May-16 16:00:00
  2099-May-25 21:00:00
  2099-Jun-04 03:00:00
  2099-Jun-13 08:00:00
  2099-Jun-22 14:00:00
  2099-Jul-01 19:00:00
  2099-Jul-11 01:00:00
  2099-Jul-20 06:00:00
  2099-Jul-29 12:00:00
  2099-Aug-07 17:00:00
  2099-Aug-16 23:00:00
  2099-Aug-26 05:00:00
  2099-Sep-04 11:00:00
  2099-Sep-13 16:00:00
  2099-Sep-22 22:00:00
  2099-Oct-02 04:00:00
  2099-Oct-11 10:00:00
  2099-Oct-20 16:00:00
  2099-Oct-29 22:00:00
  2099-Nov-08 04:00:00
  2099-Nov-17 11:00:00
  2099-Nov-26 19:00:00
  2099-Dec-06 02:00:00
  2099-Dec-15 09:00:00
  2099-Dec-24 16:00:00
Beginning Simulation...
  2100-Jan-02 22:00:00 (0.5%)
  2100-Jan-12 01:00:00 (3%)
  2100-Jan-21 03:00:00 (5.5%)
  2100-Jan-30 05:00:00 (8%)
  2100-Feb-08 07:00:00 (10.5%)
  2100-Feb-17 09:00:00 (13%)
  2100-Feb-26 11:00:00 (15.5%)
  2100-Mar-07 14:00:00 (18%)
  2100-Mar-16 16:00:00 (20.5%)
  2100-Mar-25 18:00:00 (22.9%)
  2100-Apr-03 20:00:00 (25.4%)
  2100-Apr-12 22:00:00 (27.9%)
  2100-Apr-22 00:00:00 (30.4%)
  2100-May-01 02:00:00 (32.9%)
  2100-May-10 04:00:00 (35.4%)
  2100-May-19 06:00:00 (37.9%)
  2100-May-28 08:00:00 (40.4%)
  2100-Jun-06 11:00:00 (42.9%)
  2100-Jun-15 13:00:00 (45.4%)
  2100-Jun-24 15:00:00 (47.8%)
  2100-Jul-03 17:00:00 (50.3%)
  2100-Jul-12 19:00:00 (52.8%)
  2100-Jul-21 21:00:00 (55.3%)
  2100-Jul-30 23:00:00 (57.8%)
  2100-Aug-09 02:00:00 (60.3%)
  2100-Aug-18 04:00:00 (62.8%)
  2100-Aug-27 06:00:00 (65.3%)
  2100-Sep-05 08:00:00 (67.8%)
  2100-Sep-14 10:00:00 (70.3%)
  2100-Sep-23 12:00:00 (72.7%)
  2100-Oct-02 14:00:00 (75.2%)
  2100-Oct-11 17:00:00 (77.7%)
  2100-Oct-20 18:00:00 (80.2%)
  2100-Oct-29 20:00:00 (82.7%)
  2100-Nov-07 22:00:00 (85.2%)
  2100-Nov-17 00:00:00 (87.7%)
  2100-Nov-26 03:00:00 (90.2%)
  2100-Dec-05 05:00:00 (92.7%)
  2100-Dec-14 07:00:00 (95.1%)
  2100-Dec-23 09:00:00 (97.6%)
  2100-Dec-31 23:00:00 (100%)
Finished Program: 2014-Nov-19 10:38:14.946922
Elapsed Time: 00:01:20.834718
