instance.yaml
kiva v0.2.0-19-ge248292
Copyright (C) 2012-2014 Big Ladder Software
Web: www.bigladdersoftware.com

Starting Program: 2014-Nov-17 08:39:17.933298
Creating Domain...
  X Cells: 85
  Y Cells: 1
  Z Cells: 133
  Total Cells: 11305
Initializing Temperatures...
  2099-Jan-09 16:00:00
  2099-Jan-30 03:00:00
  2099-Feb-19 14:00:00
  2099-Mar-12 01:00:00
  2099-Apr-01 12:00:00
  2099-Apr-21 23:00:00
  2099-May-12 10:00:00
  2099-Jun-01 20:00:00
  2099-Jun-22 07:00:00
  2099-Jul-12 19:00:00
  2099-Aug-02 06:00:00
  2099-Aug-22 17:00:00
  2099-Sep-12 04:00:00
  2099-Oct-02 15:00:00
  2099-Oct-23 02:00:00
  2099-Nov-12 13:00:00
  2099-Dec-03 01:00:00
  2099-Dec-23 12:00:00
Beginning Simulation...
  2100-Jan-11 22:00:00 (3%)
  2100-Jan-30 16:00:00 (8.1%)
  2100-Feb-18 09:00:00 (13.3%)
  2100-Mar-09 03:00:00 (18.4%)
  2100-Mar-27 20:00:00 (23.5%)
  2100-Apr-15 13:00:00 (28.6%)
  2100-May-04 07:00:00 (33.8%)
  2100-May-22 23:00:00 (38.9%)
  2100-Jun-10 17:00:00 (44%)
  2100-Jun-29 10:00:00 (49.2%)
  2100-Jul-18 04:00:00 (54.3%)
  2100-Aug-05 23:00:00 (59.4%)
  2100-Aug-24 16:00:00 (64.6%)
  2100-Sep-12 10:00:00 (69.7%)
  2100-Oct-01 04:00:00 (74.8%)
  2100-Oct-19 19:00:00 (79.9%)
  2100-Nov-07 13:00:00 (85.1%)
  2100-Nov-26 07:00:00 (90.2%)
  2100-Dec-15 00:00:00 (95.3%)
  2100-Dec-31 23:00:00 (100%)
Finished Program: 2014-Nov-17 08:39:55.906215
Elapsed Time: 00:00:37.972917
