instance.yaml
kiva v0.2.0-20-g4c7c200
Copyright (C) 2012-2014 Big Ladder Software
Web: www.bigladdersoftware.com

Starting Program: 2014-Nov-17 14:07:20.998801
Creating Domain...
  X Cells: 93
  Y Cells: 1
  Z Cells: 133
  Total Cells: 12369
Initializing Temperatures...
  2099-Jan-06 19:00:00
  2099-Jan-26 23:00:00
  2099-Feb-16 03:00:00
  2099-Mar-08 06:00:00
  2099-Mar-28 10:00:00
  2099-Apr-17 12:00:00
  2099-May-07 15:00:00
  2099-May-27 19:00:00
  2099-Jun-16 23:00:00
  2099-Jul-07 03:00:00
  2099-Jul-27 06:00:00
  2099-Aug-16 10:00:00
  2099-Sep-05 14:00:00
  2099-Sep-25 17:00:00
  2099-Oct-15 21:00:00
  2099-Nov-05 01:00:00
  2099-Nov-25 05:00:00
  2099-Dec-15 09:00:00
Beginning Simulation...
  2100-Jan-04 06:00:00 (0.9%)
  2100-Jan-22 18:00:00 (6%)
  2100-Feb-10 05:00:00 (11%)
  2100-Feb-28 17:00:00 (16.1%)
  2100-Mar-19 05:00:00 (21.2%)
  2100-Apr-06 17:00:00 (26.2%)
  2100-Apr-25 05:00:00 (31.3%)
  2100-May-13 16:00:00 (36.3%)
  2100-Jun-01 07:00:00 (41.4%)
  2100-Jun-19 21:00:00 (46.5%)
  2100-Jul-08 12:00:00 (51.6%)
  2100-Jul-27 03:00:00 (56.7%)
  2100-Aug-14 17:00:00 (61.8%)
  2100-Sep-02 08:00:00 (66.9%)
  2100-Sep-20 23:00:00 (72%)
  2100-Oct-09 14:00:00 (77.1%)
  2100-Oct-28 01:00:00 (82.2%)
  2100-Nov-15 16:00:00 (87.3%)
  2100-Dec-04 07:00:00 (92.4%)
  2100-Dec-22 21:00:00 (97.5%)
  2100-Dec-31 23:00:00 (100%)
Finished Program: 2014-Nov-17 14:07:59.491916
Elapsed Time: 00:00:38.493115
