instance.yaml
kiva v0.2.0-9-g526928a
Copyright (C) 2012-2014 Big Ladder Software
Web: www.bigladdersoftware.com

Starting Program: 2014-Nov-15 12:22:47.206348
Creating Domain...
  X Cells: 167
  Y Cells: 1
  Z Cells: 125
  Total Cells: 20875
Initializing Temperatures...
  2098-Dec-17 23:00:00
  2099-Jan-10 17:00:00
  2099-Jan-21 15:00:00
  2099-Feb-01 14:00:00
  2099-Feb-12 12:00:00
  2099-Feb-23 10:00:00
  2099-Mar-06 08:00:00
  2099-Mar-17 07:00:00
  2099-Mar-28 05:00:00
  2099-Apr-08 03:00:00
  2099-Apr-19 01:00:00
  2099-Apr-30 00:00:00
  2099-May-10 22:00:00
  2099-May-21 20:00:00
  2099-Jun-01 19:00:00
  2099-Jun-12 17:00:00
  2099-Jun-23 16:00:00
  2099-Jul-04 14:00:00
  2099-Jul-15 13:00:00
  2099-Jul-26 11:00:00
  2099-Aug-06 09:00:00
  2099-Aug-17 08:00:00
  2099-Aug-28 06:00:00
  2099-Sep-08 04:00:00
  2099-Sep-19 03:00:00
  2099-Sep-30 01:00:00
  2099-Oct-11 00:00:00
  2099-Oct-21 21:00:00
  2099-Nov-01 20:00:00
  2099-Nov-12 18:00:00
  2099-Nov-23 17:00:00
  2099-Dec-04 15:00:00
  2099-Dec-15 13:00:00
  2099-Dec-26 12:00:00
Beginning Simulation...
  2100-Jan-06 01:00:00 (1.4%)
  2100-Jan-16 05:00:00 (4.2%)
  2100-Jan-26 09:00:00 (7%)
  2100-Feb-05 13:00:00 (9.7%)
  2100-Feb-15 17:00:00 (12.5%)
  2100-Feb-25 21:00:00 (15.3%)
  2100-Mar-08 01:00:00 (18.1%)
  2100-Mar-18 05:00:00 (20.9%)
  2100-Mar-28 09:00:00 (23.7%)
  2100-Apr-07 13:00:00 (26.4%)
  2100-Apr-17 17:00:00 (29.2%)
  2100-Apr-27 21:00:00 (32%)
  2100-May-08 01:00:00 (34.8%)
  2100-May-18 05:00:00 (37.6%)
  2100-May-28 09:00:00 (40.4%)
  2100-Jun-07 14:00:00 (43.2%)
  2100-Jun-17 18:00:00 (46%)
  2100-Jun-27 22:00:00 (48.7%)
  2100-Jul-08 02:00:00 (51.5%)
  2100-Jul-18 06:00:00 (54.3%)
  2100-Jul-28 10:00:00 (57.1%)
  2100-Aug-07 14:00:00 (59.9%)
  2100-Aug-17 20:00:00 (62.7%)
  2100-Aug-28 02:00:00 (65.5%)
  2100-Sep-07 09:00:00 (68.3%)
  2100-Sep-17 16:00:00 (71.1%)
  2100-Sep-27 23:00:00 (74%)
  2100-Oct-08 05:00:00 (76.8%)
  2100-Oct-18 12:00:00 (79.6%)
  2100-Oct-28 19:00:00 (82.4%)
  2100-Nov-08 02:00:00 (85.2%)
  2100-Nov-18 08:00:00 (88%)
  2100-Nov-28 15:00:00 (90.9%)
  2100-Dec-08 22:00:00 (93.7%)
  2100-Dec-19 02:00:00 (96.5%)
  2100-Dec-29 09:00:00 (99.3%)
  2100-Dec-31 23:00:00 (100%)
Finished Program: 2014-Nov-15 12:23:57.253657
Elapsed Time: 00:01:10.047309
