instance.yaml
kiva v0.2.0-21-g785bfe1
Copyright (C) 2012-2014 Big Ladder Software
Web: www.bigladdersoftware.com

Starting Program: 2014-Nov-18 11:15:24.579352
Creating Domain...
  X Cells: 259
  Y Cells: 1
  Z Cells: 127
  Total Cells: 32893
Initializing Temperatures...
  2098-Oct-08 23:00:00
  2099-Jan-01 21:00:00
  2099-Jan-10 00:00:00
  2099-Jan-18 03:00:00
  2099-Jan-26 06:00:00
  2099-Feb-03 09:00:00
  2099-Feb-11 12:00:00
  2099-Feb-19 15:00:00
  2099-Feb-27 18:00:00
  2099-Mar-07 21:00:00
  2099-Mar-15 20:00:00
  2099-Mar-23 23:00:00
  2099-Apr-01 01:00:00
  2099-Apr-09 04:00:00
  2099-Apr-17 08:00:00
  2099-Apr-25 11:00:00
  2099-May-03 14:00:00
  2099-May-11 17:00:00
  2099-May-19 20:00:00
  2099-May-27 23:00:00
  2099-Jun-05 02:00:00
  2099-Jun-13 04:00:00
  2099-Jun-21 07:00:00
  2099-Jun-29 10:00:00
  2099-Jul-07 13:00:00
  2099-Jul-15 16:00:00
  2099-Jul-23 19:00:00
  2099-Jul-31 22:00:00
  2099-Aug-09 01:00:00
  2099-Aug-17 04:00:00
  2099-Aug-25 07:00:00
  2099-Sep-02 10:00:00
  2099-Sep-10 13:00:00
  2099-Sep-18 16:00:00
  2099-Sep-26 19:00:00
  2099-Oct-04 22:00:00
  2099-Oct-13 01:00:00
  2099-Oct-21 04:00:00
  2099-Oct-29 07:00:00
  2099-Nov-06 11:00:00
  2099-Nov-14 14:00:00
  2099-Nov-22 17:00:00
  2099-Nov-30 20:00:00
  2099-Dec-08 23:00:00
  2099-Dec-17 02:00:00
  2099-Dec-25 05:00:00
Beginning Simulation...
  2100-Jan-02 06:00:00 (0.3%)
  2100-Jan-09 21:00:00 (2.4%)
  2100-Jan-17 12:00:00 (4.5%)
  2100-Jan-25 02:00:00 (6.6%)
  2100-Feb-01 17:00:00 (8.7%)
  2100-Feb-09 08:00:00 (10.8%)
  2100-Feb-16 23:00:00 (12.9%)
  2100-Feb-24 13:00:00 (14.9%)
  2100-Mar-04 04:00:00 (17%)
  2100-Mar-11 19:00:00 (19.1%)
  2100-Mar-19 10:00:00 (21.2%)
  2100-Mar-27 00:00:00 (23.3%)
  2100-Apr-03 15:00:00 (25.4%)
  2100-Apr-11 06:00:00 (27.5%)
  2100-Apr-18 21:00:00 (29.6%)
  2100-Apr-26 12:00:00 (31.6%)
  2100-May-04 03:00:00 (33.7%)
  2100-May-11 18:00:00 (35.8%)
  2100-May-19 08:00:00 (37.9%)
  2100-May-26 23:00:00 (40%)
  2100-Jun-03 13:00:00 (42.1%)
  2100-Jun-11 04:00:00 (44.2%)
  2100-Jun-18 19:00:00 (46.2%)
  2100-Jun-26 09:00:00 (48.3%)
  2100-Jul-04 00:00:00 (50.4%)
  2100-Jul-11 15:00:00 (52.5%)
  2100-Jul-19 06:00:00 (54.6%)
  2100-Jul-26 21:00:00 (56.7%)
  2100-Aug-03 13:00:00 (58.8%)
  2100-Aug-11 06:00:00 (60.9%)
  2100-Aug-18 23:00:00 (63%)
  2100-Aug-26 16:00:00 (65.1%)
  2100-Sep-03 09:00:00 (67.2%)
  2100-Sep-11 02:00:00 (69.3%)
  2100-Sep-18 18:00:00 (71.4%)
  2100-Sep-26 11:00:00 (73.6%)
  2100-Oct-04 04:00:00 (75.7%)
  2100-Oct-11 21:00:00 (77.8%)
  2100-Oct-19 14:00:00 (79.9%)
  2100-Oct-27 07:00:00 (82%)
  2100-Nov-04 00:00:00 (84.1%)
  2100-Nov-11 17:00:00 (86.2%)
  2100-Nov-19 10:00:00 (88.3%)
  2100-Nov-27 03:00:00 (90.4%)
  2100-Dec-04 20:00:00 (92.6%)
  2100-Dec-12 13:00:00 (94.7%)
  2100-Dec-20 06:00:00 (96.8%)
  2100-Dec-27 22:00:00 (98.9%)
  2100-Dec-31 23:00:00 (100%)
Finished Program: 2014-Nov-18 11:16:58.524697
Elapsed Time: 00:01:33.945345
