instance.yaml
kiva v0.2.0-21-g785bfe1
Copyright (C) 2012-2014 Big Ladder Software
Web: www.bigladdersoftware.com

Starting Program: 2014-Nov-18 11:12:27.671436
Creating Domain...
  X Cells: 183
  Y Cells: 1
  Z Cells: 113
  Total Cells: 20679
Initializing Temperatures...
  2098-Oct-08 23:00:00
  2099-Jan-05 18:00:00
  2099-Jan-16 13:00:00
  2099-Jan-27 07:00:00
  2099-Feb-07 02:00:00
  2099-Feb-17 21:00:00
  2099-Feb-28 16:00:00
  2099-Mar-11 10:00:00
  2099-Mar-22 05:00:00
  2099-Apr-02 00:00:00
  2099-Apr-12 19:00:00
  2099-Apr-23 14:00:00
  2099-May-04 08:00:00
  2099-May-15 03:00:00
  2099-May-25 22:00:00
  2099-Jun-05 17:00:00
  2099-Jun-16 12:00:00
  2099-Jun-27 07:00:00
  2099-Jul-08 01:00:00
  2099-Jul-18 20:00:00
  2099-Jul-29 14:00:00
  2099-Aug-09 09:00:00
  2099-Aug-20 04:00:00
  2099-Aug-30 23:00:00
  2099-Sep-10 17:00:00
  2099-Sep-21 12:00:00
  2099-Oct-02 07:00:00
  2099-Oct-13 02:00:00
  2099-Oct-23 20:00:00
  2099-Nov-03 15:00:00
  2099-Nov-14 10:00:00
  2099-Nov-25 05:00:00
  2099-Dec-05 23:00:00
  2099-Dec-16 18:00:00
  2099-Dec-27 13:00:00
Beginning Simulation...
  2100-Jan-07 05:00:00 (1.7%)
  2100-Jan-17 20:00:00 (4.6%)
  2100-Jan-28 10:00:00 (7.5%)
  2100-Feb-08 00:00:00 (10.4%)
  2100-Feb-18 15:00:00 (13.3%)
  2100-Mar-01 05:00:00 (16.2%)
  2100-Mar-11 19:00:00 (19.1%)
  2100-Mar-22 10:00:00 (22%)
  2100-Apr-02 00:00:00 (24.9%)
  2100-Apr-12 14:00:00 (27.8%)
  2100-Apr-23 05:00:00 (30.7%)
  2100-May-03 19:00:00 (33.6%)
  2100-May-14 09:00:00 (36.5%)
  2100-May-25 00:00:00 (39.5%)
  2100-Jun-04 14:00:00 (42.4%)
  2100-Jun-15 05:00:00 (45.3%)
  2100-Jun-25 19:00:00 (48.2%)
  2100-Jul-06 10:00:00 (51.1%)
  2100-Jul-17 00:00:00 (54%)
  2100-Jul-27 15:00:00 (56.9%)
  2100-Aug-07 05:00:00 (59.8%)
  2100-Aug-17 19:00:00 (62.7%)
  2100-Aug-28 10:00:00 (65.6%)
  2100-Sep-08 00:00:00 (68.5%)
  2100-Sep-18 15:00:00 (71.4%)
  2100-Sep-29 05:00:00 (74.3%)
  2100-Oct-09 19:00:00 (77.2%)
  2100-Oct-20 10:00:00 (80.1%)
  2100-Oct-31 00:00:00 (83%)
  2100-Nov-10 14:00:00 (85.9%)
  2100-Nov-21 04:00:00 (88.8%)
  2100-Dec-01 17:00:00 (91.7%)
  2100-Dec-12 07:00:00 (94.6%)
  2100-Dec-22 22:00:00 (97.5%)
  2100-Dec-31 23:00:00 (100%)
Finished Program: 2014-Nov-18 11:13:36.856863
Elapsed Time: 00:01:09.185427
