instance.yaml
kiva v0.2.0-21-g785bfe1
Copyright (C) 2012-2014 Big Ladder Software
Web: www.bigladdersoftware.com

Starting Program: 2014-Nov-18 11:25:26.107603
Creating Domain...
  X Cells: 123
  Y Cells: 1
  Z Cells: 96
  Total Cells: 11808
Initializing Temperatures...
  2099-Jan-06 23:00:00
  2099-Jan-27 07:00:00
  2099-Feb-16 15:00:00
  2099-Mar-08 23:00:00
  2099-Mar-29 07:00:00
  2099-Apr-18 15:00:00
  2099-May-09 00:00:00
  2099-May-29 08:00:00
  2099-Jun-18 16:00:00
  2099-Jul-09 00:00:00
  2099-Jul-29 08:00:00
  2099-Aug-18 16:00:00
  2099-Sep-08 01:00:00
  2099-Sep-28 09:00:00
  2099-Oct-18 17:00:00
  2099-Nov-08 02:00:00
  2099-Nov-28 10:00:00
  2099-Dec-18 17:00:00
Beginning Simulation...
  2100-Jan-07 20:00:00 (1.9%)
  2100-Jan-27 13:00:00 (7.3%)
  2100-Feb-16 06:00:00 (12.7%)
  2100-Mar-07 22:00:00 (18.1%)
  2100-Mar-27 15:00:00 (23.5%)
  2100-Apr-16 07:00:00 (28.8%)
  2100-May-06 00:00:00 (34.2%)
  2100-May-25 17:00:00 (39.6%)
  2100-Jun-14 10:00:00 (45%)
  2100-Jul-04 02:00:00 (50.4%)
  2100-Jul-23 18:00:00 (55.8%)
  2100-Aug-12 10:00:00 (61.2%)
  2100-Sep-01 03:00:00 (66.6%)
  2100-Sep-20 19:00:00 (72%)
  2100-Oct-10 12:00:00 (77.4%)
  2100-Oct-30 02:00:00 (82.8%)
  2100-Nov-18 19:00:00 (88.2%)
  2100-Dec-08 12:00:00 (93.6%)
  2100-Dec-28 04:00:00 (98.9%)
  2100-Dec-31 23:00:00 (100%)
Finished Program: 2014-Nov-18 11:26:03.192803
Elapsed Time: 00:00:37.085200
