instance.yaml
kiva v0.2.0-19-ge248292
Copyright (C) 2012-2014 Big Ladder Software
Web: www.bigladdersoftware.com

Starting Program: 2014-Nov-17 08:45:16.319213
Creating Domain...
  X Cells: 100
  Y Cells: 1
  Z Cells: 158
  Total Cells: 15800
Initializing Temperatures...
  2098-Dec-24 23:00:00
  2099-Jan-15 22:00:00
  2099-Jan-31 12:00:00
  2099-Feb-16 02:00:00
  2099-Mar-03 08:00:00
  2099-Mar-18 22:00:00
  2099-Apr-03 12:00:00
  2099-Apr-19 02:00:00
  2099-May-04 16:00:00
  2099-May-20 07:00:00
  2099-Jun-04 21:00:00
  2099-Jun-20 12:00:00
  2099-Jul-06 02:00:00
  2099-Jul-21 16:00:00
  2099-Aug-06 07:00:00
  2099-Aug-21 21:00:00
  2099-Sep-06 12:00:00
  2099-Sep-22 02:00:00
  2099-Oct-07 17:00:00
  2099-Oct-23 07:00:00
  2099-Nov-07 22:00:00
  2099-Nov-23 12:00:00
  2099-Dec-09 02:00:00
  2099-Dec-24 17:00:00
Beginning Simulation...
  2100-Jan-08 13:00:00 (2.1%)
  2100-Jan-22 19:00:00 (6%)
  2100-Feb-06 00:00:00 (9.9%)
  2100-Feb-20 04:00:00 (13.7%)
  2100-Mar-06 09:00:00 (17.6%)
  2100-Mar-20 14:00:00 (21.5%)
  2100-Apr-03 19:00:00 (25.4%)
  2100-Apr-18 00:00:00 (29.3%)
  2100-May-02 05:00:00 (33.2%)
  2100-May-16 10:00:00 (37.1%)
  2100-May-30 16:00:00 (41%)
  2100-Jun-13 21:00:00 (44.9%)
  2100-Jun-28 03:00:00 (48.8%)
  2100-Jul-12 08:00:00 (52.7%)
  2100-Jul-26 13:00:00 (56.6%)
  2100-Aug-09 19:00:00 (60.5%)
  2100-Aug-24 00:00:00 (64.4%)
  2100-Sep-07 05:00:00 (68.3%)
  2100-Sep-21 04:00:00 (72.1%)
  2100-Oct-05 09:00:00 (76%)
  2100-Oct-19 15:00:00 (79.9%)
  2100-Nov-02 20:00:00 (83.8%)
  2100-Nov-17 02:00:00 (87.7%)
  2100-Dec-01 07:00:00 (91.6%)
  2100-Dec-15 13:00:00 (95.5%)
  2100-Dec-29 18:00:00 (99.4%)
  2100-Dec-31 23:00:00 (100%)
Finished Program: 2014-Nov-17 08:46:06.156820
Elapsed Time: 00:00:49.837607
