instance.yaml
kiva v0.2.0-19-ge248292
Copyright (C) 2012-2014 Big Ladder Software
Web: www.bigladdersoftware.com

Starting Program: 2014-Nov-17 08:45:17.371249
Creating Domain...
  X Cells: 71
  Y Cells: 1
  Z Cells: 125
  Total Cells: 8875
Initializing Temperatures...
  2099-Jan-02 00:00:00
  2099-Jan-26 10:00:00
  2099-Feb-19 21:00:00
  2099-Mar-16 08:00:00
  2099-Apr-10 10:00:00
  2099-May-05 13:00:00
  2099-May-30 16:00:00
  2099-Jun-24 16:00:00
  2099-Jul-19 19:00:00
  2099-Aug-13 22:00:00
  2099-Sep-08 00:00:00
  2099-Oct-03 03:00:00
  2099-Oct-28 06:00:00
  2099-Nov-22 09:00:00
  2099-Dec-17 13:00:00
Beginning Simulation...
  2100-Jan-10 14:00:00 (2.6%)
  2100-Feb-02 04:00:00 (8.8%)
  2100-Feb-24 17:00:00 (15%)
  2100-Mar-19 07:00:00 (21.2%)
  2100-Apr-10 21:00:00 (27.4%)
  2100-May-03 11:00:00 (33.6%)
  2100-May-26 00:00:00 (39.7%)
  2100-Jun-17 11:00:00 (45.9%)
  2100-Jul-10 01:00:00 (52.1%)
  2100-Aug-01 14:00:00 (58.2%)
  2100-Aug-24 07:00:00 (64.5%)
  2100-Sep-17 21:00:00 (71.2%)
  2100-Oct-12 12:00:00 (77.9%)
  2100-Nov-06 04:00:00 (84.7%)
  2100-Nov-30 19:00:00 (91.4%)
  2100-Dec-25 10:00:00 (98.2%)
  2100-Dec-31 23:00:00 (100%)
Finished Program: 2014-Nov-17 08:45:48.267176
Elapsed Time: 00:00:30.895927
