instance.yaml
kiva v0.2.0-21-g785bfe1
Copyright (C) 2012-2014 Big Ladder Software
Web: www.bigladdersoftware.com

Starting Program: 2014-Nov-18 11:20:26.651524
Creating Domain...
  X Cells: 119
  Y Cells: 1
  Z Cells: 132
  Total Cells: 15708
Initializing Temperatures...
  2098-Oct-22 23:00:00
  2099-Jan-11 06:00:00
  2099-Jan-27 17:00:00
  2099-Feb-13 04:00:00
  2099-Feb-22 15:00:00
  2099-Mar-11 02:00:00
  2099-Mar-27 14:00:00
  2099-Apr-13 02:00:00
  2099-Apr-29 13:00:00
  2099-May-16 01:00:00
  2099-Jun-01 13:00:00
  2099-Jun-18 00:00:00
  2099-Jul-04 12:00:00
  2099-Jul-21 01:00:00
  2099-Aug-06 19:00:00
  2099-Aug-23 12:00:00
  2099-Sep-09 05:00:00
  2099-Sep-25 22:00:00
  2099-Oct-12 15:00:00
  2099-Oct-29 08:00:00
  2099-Nov-15 02:00:00
  2099-Dec-01 19:00:00
  2099-Dec-18 12:00:00
Beginning Simulation...
  2100-Jan-04 00:00:00 (0.8%)
  2100-Jan-19 14:00:00 (5.1%)
  2100-Feb-04 04:00:00 (9.4%)
  2100-Feb-19 18:00:00 (13.6%)
  2100-Mar-07 08:00:00 (17.9%)
  2100-Mar-22 22:00:00 (22.2%)
  2100-Apr-07 12:00:00 (26.4%)
  2100-Apr-23 03:00:00 (30.7%)
  2100-May-08 16:00:00 (35%)
  2100-May-24 07:00:00 (39.3%)
  2100-Jun-08 21:00:00 (43.5%)
  2100-Jun-24 11:00:00 (47.8%)
  2100-Jul-10 01:00:00 (52.1%)
  2100-Jul-25 15:00:00 (56.3%)
  2100-Aug-10 05:00:00 (60.6%)
  2100-Aug-25 19:00:00 (64.9%)
  2100-Sep-10 09:00:00 (69.1%)
  2100-Sep-25 23:00:00 (73.4%)
  2100-Oct-11 13:00:00 (77.7%)
  2100-Oct-27 03:00:00 (82%)
  2100-Nov-11 18:00:00 (86.2%)
  2100-Nov-27 08:00:00 (90.5%)
  2100-Dec-12 22:00:00 (94.8%)
  2100-Dec-28 12:00:00 (99%)
  2100-Dec-31 23:00:00 (100%)
Finished Program: 2014-Nov-18 11:21:13.222034
Elapsed Time: 00:00:46.570510
