instance.yaml
kiva v0.2.0-19-ge248292
Copyright (C) 2012-2014 Big Ladder Software
Web: www.bigladdersoftware.com

Starting Program: 2014-Nov-17 08:46:13.968066
Creating Domain...
  X Cells: 72
  Y Cells: 1
  Z Cells: 125
  Total Cells: 9000
Initializing Temperatures...
lis_matrix.c(685) : lis_matrix_set_value : error ILL_ARG :i(=0) or j(=-1) are less than 0
lis_matrix.c(685) : lis_matrix_set_value : error ILL_ARG :i(=0) or j(=-72) are less than 0
lis_matrix.c(685) : lis_matrix_set_value : error ILL_ARG :i(=1) or j(=-71) are less than 0
lis_matrix.c(685) : lis_matrix_set_value : error ILL_ARG :i(=2) or j(=-70) are less than 0
lis_matrix.c(685) : lis_matrix_set_value : error ILL_ARG :i(=3) or j(=-69) are less than 0
lis_matrix.c(685) : lis_matrix_set_value : error ILL_ARG :i(=4) or j(=-68) are less than 0
lis_matrix.c(685) : lis_matrix_set_value : error ILL_ARG :i(=5) or j(=-67) are less than 0
lis_matrix.c(685) : lis_matrix_set_value : error ILL_ARG :i(=6) or j(=-66) are less than 0
lis_matrix.c(685) : lis_matrix_set_value : error ILL_ARG :i(=7) or j(=-65) are less than 0
lis_matrix.c(685) : lis_matrix_set_value : error ILL_ARG :i(=8) or j(=-64) are less than 0
lis_matrix.c(685) : lis_matrix_set_value : error ILL_ARG :i(=9) or j(=-63) are less than 0
lis_matrix.c(685) : lis_matrix_set_value : error ILL_ARG :i(=10) or j(=-62) are less than 0
Warning: Solution did not converge after 100001 iterations.
  The final residual was: nan
  Solver status: 4
  2098-Oct-01 23:00:00
lis_matrix.c(685) : lis_matrix_set_value : error ILL_ARG :i(=0) or j(=-1) are less than 0
lis_matrix.c(685) : lis_matrix_set_value : error ILL_ARG :i(=0) or j(=-72) are less than 0
lis_matrix.c(685) : lis_matrix_set_value : error ILL_ARG :i(=1) or j(=-71) are less than 0
lis_matrix.c(685) : lis_matrix_set_value : error ILL_ARG :i(=2) or j(=-70) are less than 0
lis_matrix.c(685) : lis_matrix_set_value : error ILL_ARG :i(=3) or j(=-69) are less than 0
lis_matrix.c(685) : lis_matrix_set_value : error ILL_ARG :i(=4) or j(=-68) are less than 0
lis_matrix.c(685) : lis_matrix_set_value : error ILL_ARG :i(=5) or j(=-67) are less than 0
lis_matrix.c(685) : lis_matrix_set_value : error ILL_ARG :i(=6) or j(=-66) are less than 0
lis_matrix.c(685) : lis_matrix_set_value : error ILL_ARG :i(=7) or j(=-65) are less than 0
lis_matrix.c(685) : lis_matrix_set_value : error ILL_ARG :i(=8) or j(=-64) are less than 0
lis_matrix.c(685) : lis_matrix_set_value : error ILL_ARG :i(=9) or j(=-63) are less than 0
lis_matrix.c(685) : lis_matrix_set_value : error ILL_ARG :i(=10) or j(=-62) are less than 0
Warning: Solution did not converge after 100001 iterations.
  The final residual was: -nan
  Solver status: 4
  2098-Oct-08 23:00:00
lis_matrix.c(685) : lis_matrix_set_value : error ILL_ARG :i(=0) or j(=-1) are less than 0
lis_matrix.c(685) : lis_matrix_set_value : error ILL_ARG :i(=0) or j(=-72) are less than 0
lis_matrix.c(685) : lis_matrix_set_value : error ILL_ARG :i(=1) or j(=-71) are less than 0
lis_matrix.c(685) : lis_matrix_set_value : error ILL_ARG :i(=2) or j(=-70) are less than 0
lis_matrix.c(685) : lis_matrix_set_value : error ILL_ARG :i(=3) or j(=-69) are less than 0
lis_matrix.c(685) : lis_matrix_set_value : error ILL_ARG :i(=4) or j(=-68) are less than 0
lis_matrix.c(685) : lis_matrix_set_value : error ILL_ARG :i(=5) or j(=-67) are less than 0
lis_matrix.c(685) : lis_matrix_set_value : error ILL_ARG :i(=6) or j(=-66) are less than 0
lis_matrix.c(685) : lis_matrix_set_value : error ILL_ARG :i(=7) or j(=-65) are less than 0
lis_matrix.c(685) : lis_matrix_set_value : error ILL_ARG :i(=8) or j(=-64) are less than 0
lis_matrix.c(685) : lis_matrix_set_value : error ILL_ARG :i(=9) or j(=-63) are less than 0
lis_matrix.c(685) : lis_matrix_set_value : error ILL_ARG :i(=10) or j(=-62) are less than 0
Warning: Solution did not converge after 100001 iterations.
  The final residual was: -nan
  Solver status: 4
  2098-Oct-15 23:00:00
lis_matrix.c(685) : lis_matrix_set_value : error ILL_ARG :i(=0) or j(=-1) are less than 0
lis_matrix.c(685) : lis_matrix_set_value : error ILL_ARG :i(=0) or j(=-72) are less than 0
lis_matrix.c(685) : lis_matrix_set_value : error ILL_ARG :i(=1) or j(=-71) are less than 0
lis_matrix.c(685) : lis_matrix_set_value : error ILL_ARG :i(=2) or j(=-70) are less than 0
lis_matrix.c(685) : lis_matrix_set_value : error ILL_ARG :i(=3) or j(=-69) are less than 0
lis_matrix.c(685) : lis_matrix_set_value : error ILL_ARG :i(=4) or j(=-68) are less than 0
lis_matrix.c(685) : lis_matrix_set_value : error ILL_ARG :i(=5) or j(=-67) are less than 0
lis_matrix.c(685) : lis_matrix_set_value : error ILL_ARG :i(=6) or j(=-66) are less than 0
lis_matrix.c(685) : lis_matrix_set_value : error ILL_ARG :i(=7) or j(=-65) are less than 0
lis_matrix.c(685) : lis_matrix_set_value : error ILL_ARG :i(=8) or j(=-64) are less than 0
lis_matrix.c(685) : lis_matrix_set_value : error ILL_ARG :i(=9) or j(=-63) are less than 0
lis_matrix.c(685) : lis_matrix_set_value : error ILL_ARG :i(=10) or j(=-62) are less than 0
Warning: Solution did not converge after 100001 iterations.
  The final residual was: -nan
  Solver status: 4
  2098-Oct-22 23:00:00
lis_matrix.c(685) : lis_matrix_set_value : error ILL_ARG :i(=0) or j(=-1) are less than 0
lis_matrix.c(685) : lis_matrix_set_value : error ILL_ARG :i(=0) or j(=-72) are less than 0
lis_matrix.c(685) : lis_matrix_set_value : error ILL_ARG :i(=1) or j(=-71) are less than 0
lis_matrix.c(685) : lis_matrix_set_value : error ILL_ARG :i(=2) or j(=-70) are less than 0
lis_matrix.c(685) : lis_matrix_set_value : error ILL_ARG :i(=3) or j(=-69) are less than 0
lis_matrix.c(685) : lis_matrix_set_value : error ILL_ARG :i(=4) or j(=-68) are less than 0
lis_matrix.c(685) : lis_matrix_set_value : error ILL_ARG :i(=5) or j(=-67) are less than 0
lis_matrix.c(685) : lis_matrix_set_value : error ILL_ARG :i(=6) or j(=-66) are less than 0
lis_matrix.c(685) : lis_matrix_set_value : error ILL_ARG :i(=7) or j(=-65) are less than 0
lis_matrix.c(685) : lis_matrix_set_value : error ILL_ARG :i(=8) or j(=-64) are less than 0
lis_matrix.c(685) : lis_matrix_set_value : error ILL_ARG :i(=9) or j(=-63) are less than 0
lis_matrix.c(685) : lis_matrix_set_value : error ILL_ARG :i(=10) or j(=-62) are less than 0
Warning: Solution did not converge after 100001 iterations.
  The final residual was: -nan
  Solver status: 4
  2098-Oct-29 23:00:00
lis_matrix.c(685) : lis_matrix_set_value : error ILL_ARG :i(=0) or j(=-1) are less than 0
lis_matrix.c(685) : lis_matrix_set_value : error ILL_ARG :i(=0) or j(=-72) are less than 0
lis_matrix.c(685) : lis_matrix_set_value : error ILL_ARG :i(=1) or j(=-71) are less than 0
lis_matrix.c(685) : lis_matrix_set_value : error ILL_ARG :i(=2) or j(=-70) are less than 0
lis_matrix.c(685) : lis_matrix_set_value : error ILL_ARG :i(=3) or j(=-69) are less than 0
lis_matrix.c(685) : lis_matrix_set_value : error ILL_ARG :i(=4) or j(=-68) are less than 0
lis_matrix.c(685) : lis_matrix_set_value : error ILL_ARG :i(=5) or j(=-67) are less than 0
lis_matrix.c(685) : lis_matrix_set_value : error ILL_ARG :i(=6) or j(=-66) are less than 0
lis_matrix.c(685) : lis_matrix_set_value : error ILL_ARG :i(=7) or j(=-65) are less than 0
lis_matrix.c(685) : lis_matrix_set_value : error ILL_ARG :i(=8) or j(=-64) are less than 0
lis_matrix.c(685) : lis_matrix_set_value : error ILL_ARG :i(=9) or j(=-63) are less than 0
lis_matrix.c(685) : lis_matrix_set_value : error ILL_ARG :i(=10) or j(=-62) are less than 0
Warning: Solution did not converge after 100001 iterations.
  The final residual was: -nan
  Solver status: 4
  2098-Nov-05 23:00:00
lis_matrix.c(685) : lis_matrix_set_value : error ILL_ARG :i(=0) or j(=-1) are less than 0
lis_matrix.c(685) : lis_matrix_set_value : error ILL_ARG :i(=0) or j(=-72) are less than 0
lis_matrix.c(685) : lis_matrix_set_value : error ILL_ARG :i(=1) or j(=-71) are less than 0
lis_matrix.c(685) : lis_matrix_set_value : error ILL_ARG :i(=2) or j(=-70) are less than 0
lis_matrix.c(685) : lis_matrix_set_value : error ILL_ARG :i(=3) or j(=-69) are less than 0
lis_matrix.c(685) : lis_matrix_set_value : error ILL_ARG :i(=4) or j(=-68) are less than 0
lis_matrix.c(685) : lis_matrix_set_value : error ILL_ARG :i(=5) or j(=-67) are less than 0
lis_matrix.c(685) : lis_matrix_set_value : error ILL_ARG :i(=6) or j(=-66) are less than 0
lis_matrix.c(685) : lis_matrix_set_value : error ILL_ARG :i(=7) or j(=-65) are less than 0
lis_matrix.c(685) : lis_matrix_set_value : error ILL_ARG :i(=8) or j(=-64) are less than 0
lis_matrix.c(685) : lis_matrix_set_value : error ILL_ARG :i(=9) or j(=-63) are less than 0
lis_matrix.c(685) : lis_matrix_set_value : error ILL_ARG :i(=10) or j(=-62) are less than 0
Warning: Solution did not converge after 100001 iterations.
  The final residual was: -nan
  Solver status: 4
  2098-Nov-12 23:00:00
lis_matrix.c(685) : lis_matrix_set_value : error ILL_ARG :i(=0) or j(=-1) are less than 0
lis_matrix.c(685) : lis_matrix_set_value : error ILL_ARG :i(=0) or j(=-72) are less than 0
lis_matrix.c(685) : lis_matrix_set_value : error ILL_ARG :i(=1) or j(=-71) are less than 0
lis_matrix.c(685) : lis_matrix_set_value : error ILL_ARG :i(=2) or j(=-70) are less than 0
lis_matrix.c(685) : lis_matrix_set_value : error ILL_ARG :i(=3) or j(=-69) are less than 0
lis_matrix.c(685) : lis_matrix_set_value : error ILL_ARG :i(=4) or j(=-68) are less than 0
lis_matrix.c(685) : lis_matrix_set_value : error ILL_ARG :i(=5) or j(=-67) are less than 0
lis_matrix.c(685) : lis_matrix_set_value : error ILL_ARG :i(=6) or j(=-66) are less than 0
lis_matrix.c(685) : lis_matrix_set_value : error ILL_ARG :i(=7) or j(=-65) are less than 0
lis_matrix.c(685) : lis_matrix_set_value : error ILL_ARG :i(=8) or j(=-64) are less than 0
lis_matrix.c(685) : lis_matrix_set_value : error ILL_ARG :i(=9) or j(=-63) are less than 0
lis_matrix.c(685) : lis_matrix_set_value : error ILL_ARG :i(=10) or j(=-62) are less than 0
Warning: Solution did not converge after 100001 iterations.
  The final residual was: -nan
  Solver status: 4
  2098-Nov-19 23:00:00
lis_matrix.c(685) : lis_matrix_set_value : error ILL_ARG :i(=0) or j(=-1) are less than 0
lis_matrix.c(685) : lis_matrix_set_value : error ILL_ARG :i(=0) or j(=-72) are less than 0
lis_matrix.c(685) : lis_matrix_set_value : error ILL_ARG :i(=1) or j(=-71) are less than 0
lis_matrix.c(685) : lis_matrix_set_value : error ILL_ARG :i(=2) or j(=-70) are less than 0
lis_matrix.c(685) : lis_matrix_set_value : error ILL_ARG :i(=3) or j(=-69) are less than 0
lis_matrix.c(685) : lis_matrix_set_value : error ILL_ARG :i(=4) or j(=-68) are less than 0
lis_matrix.c(685) : lis_matrix_set_value : error ILL_ARG :i(=5) or j(=-67) are less than 0
lis_matrix.c(685) : lis_matrix_set_value : error ILL_ARG :i(=6) or j(=-66) are less than 0
lis_matrix.c(685) : lis_matrix_set_value : error ILL_ARG :i(=7) or j(=-65) are less than 0
lis_matrix.c(685) : lis_matrix_set_value : error ILL_ARG :i(=8) or j(=-64) are less than 0
lis_matrix.c(685) : lis_matrix_set_value : error ILL_ARG :i(=9) or j(=-63) are less than 0
lis_matrix.c(685) : lis_matrix_set_value : error ILL_ARG :i(=10) or j(=-62) are less than 0
Warning: Solution did not converge after 100001 iterations.
  The final residual was: -nan
  Solver status: 4
  2098-Nov-26 23:00:00
lis_matrix.c(685) : lis_matrix_set_value : error ILL_ARG :i(=0) or j(=-1) are less than 0
lis_matrix.c(685) : lis_matrix_set_value : error ILL_ARG :i(=0) or j(=-72) are less than 0
lis_matrix.c(685) : lis_matrix_set_value : error ILL_ARG :i(=1) or j(=-71) are less than 0
lis_matrix.c(685) : lis_matrix_set_value : error ILL_ARG :i(=2) or j(=-70) are less than 0
lis_matrix.c(685) : lis_matrix_set_value : error ILL_ARG :i(=3) or j(=-69) are less than 0
lis_matrix.c(685) : lis_matrix_set_value : error ILL_ARG :i(=4) or j(=-68) are less than 0
lis_matrix.c(685) : lis_matrix_set_value : error ILL_ARG :i(=5) or j(=-67) are less than 0
lis_matrix.c(685) : lis_matrix_set_value : error ILL_ARG :i(=6) or j(=-66) are less than 0
lis_matrix.c(685) : lis_matrix_set_value : error ILL_ARG :i(=7) or j(=-65) are less than 0
lis_matrix.c(685) : lis_matrix_set_value : error ILL_ARG :i(=8) or j(=-64) are less than 0
lis_matrix.c(685) : lis_matrix_set_value : error ILL_ARG :i(=9) or j(=-63) are less than 0
lis_matrix.c(685) : lis_matrix_set_value : error ILL_ARG :i(=10) or j(=-62) are less than 0
Warning: Solution did not converge after 100001 iterations.
  The final residual was: -nan
  Solver status: 4
  2098-Dec-03 23:00:00
lis_matrix.c(685) : lis_matrix_set_value : error ILL_ARG :i(=0) or j(=-1) are less than 0
lis_matrix.c(685) : lis_matrix_set_value : error ILL_ARG :i(=0) or j(=-72) are less than 0
lis_matrix.c(685) : lis_matrix_set_value : error ILL_ARG :i(=1) or j(=-71) are less than 0
lis_matrix.c(685) : lis_matrix_set_value : error ILL_ARG :i(=2) or j(=-70) are less than 0
lis_matrix.c(685) : lis_matrix_set_value : error ILL_ARG :i(=3) or j(=-69) are less than 0
lis_matrix.c(685) : lis_matrix_set_value : error ILL_ARG :i(=4) or j(=-68) are less than 0
lis_matrix.c(685) : lis_matrix_set_value : error ILL_ARG :i(=5) or j(=-67) are less than 0
lis_matrix.c(685) : lis_matrix_set_value : error ILL_ARG :i(=6) or j(=-66) are less than 0
lis_matrix.c(685) : lis_matrix_set_value : error ILL_ARG :i(=7) or j(=-65) are less than 0
lis_matrix.c(685) : lis_matrix_set_value : error ILL_ARG :i(=8) or j(=-64) are less than 0
lis_matrix.c(685) : lis_matrix_set_value : error ILL_ARG :i(=9) or j(=-63) are less than 0
lis_matrix.c(685) : lis_matrix_set_value : error ILL_ARG :i(=10) or j(=-62) are less than 0
Warning: Solution did not converge after 100001 iterations.
  The final residual was: -nan
  Solver status: 4
  2098-Dec-10 23:00:00
lis_matrix.c(685) : lis_matrix_set_value : error ILL_ARG :i(=0) or j(=-1) are less than 0
lis_matrix.c(685) : lis_matrix_set_value : error ILL_ARG :i(=0) or j(=-72) are less than 0
lis_matrix.c(685) : lis_matrix_set_value : error ILL_ARG :i(=1) or j(=-71) are less than 0
lis_matrix.c(685) : lis_matrix_set_value : error ILL_ARG :i(=2) or j(=-70) are less than 0
lis_matrix.c(685) : lis_matrix_set_value : error ILL_ARG :i(=3) or j(=-69) are less than 0
lis_matrix.c(685) : lis_matrix_set_value : error ILL_ARG :i(=4) or j(=-68) are less than 0
lis_matrix.c(685) : lis_matrix_set_value : error ILL_ARG :i(=5) or j(=-67) are less than 0
lis_matrix.c(685) : lis_matrix_set_value : error ILL_ARG :i(=6) or j(=-66) are less than 0
lis_matrix.c(685) : lis_matrix_set_value : error ILL_ARG :i(=7) or j(=-65) are less than 0
lis_matrix.c(685) : lis_matrix_set_value : error ILL_ARG :i(=8) or j(=-64) are less than 0
lis_matrix.c(685) : lis_matrix_set_value : error ILL_ARG :i(=9) or j(=-63) are less than 0
lis_matrix.c(685) : lis_matrix_set_value : error ILL_ARG :i(=10) or j(=-62) are less than 0
Warning: Solution did not converge after 100001 iterations.
  The final residual was: -nan
  Solver status: 4
  2098-Dec-17 23:00:00
lis_matrix.c(685) : lis_matrix_set_value : error ILL_ARG :i(=0) or j(=-1) are less than 0
lis_matrix.c(685) : lis_matrix_set_value : error ILL_ARG :i(=0) or j(=-72) are less than 0
lis_matrix.c(685) : lis_matrix_set_value : error ILL_ARG :i(=1) or j(=-71) are less than 0
lis_matrix.c(685) : lis_matrix_set_value : error ILL_ARG :i(=2) or j(=-70) are less than 0
lis_matrix.c(685) : lis_matrix_set_value : error ILL_ARG :i(=3) or j(=-69) are less than 0
lis_matrix.c(685) : lis_matrix_set_value : error ILL_ARG :i(=4) or j(=-68) are less than 0
lis_matrix.c(685) : lis_matrix_set_value : error ILL_ARG :i(=5) or j(=-67) are less than 0
lis_matrix.c(685) : lis_matrix_set_value : error ILL_ARG :i(=6) or j(=-66) are less than 0
lis_matrix.c(685) : lis_matrix_set_value : error ILL_ARG :i(=7) or j(=-65) are less than 0
lis_matrix.c(685) : lis_matrix_set_value : error ILL_ARG :i(=8) or j(=-64) are less than 0
lis_matrix.c(685) : lis_matrix_set_value : error ILL_ARG :i(=9) or j(=-63) are less than 0
lis_matrix.c(685) : lis_matrix_set_value : error ILL_ARG :i(=10) or j(=-62) are less than 0
Warning: Solution did not converge after 100001 iterations.
  The final residual was: -nan
  Solver status: 4
  2098-Dec-24 23:00:00
lis_matrix.c(685) : lis_matrix_set_value : error ILL_ARG :i(=0) or j(=-1) are less than 0
lis_matrix.c(685) : lis_matrix_set_value : error ILL_ARG :i(=0) or j(=-72) are less than 0
lis_matrix.c(685) : lis_matrix_set_value : error ILL_ARG :i(=1) or j(=-71) are less than 0
lis_matrix.c(685) : lis_matrix_set_value : error ILL_ARG :i(=2) or j(=-70) are less than 0
lis_matrix.c(685) : lis_matrix_set_value : error ILL_ARG :i(=3) or j(=-69) are less than 0
lis_matrix.c(685) : lis_matrix_set_value : error ILL_ARG :i(=4) or j(=-68) are less than 0
lis_matrix.c(685) : lis_matrix_set_value : error ILL_ARG :i(=5) or j(=-67) are less than 0
lis_matrix.c(685) : lis_matrix_set_value : error ILL_ARG :i(=6) or j(=-66) are less than 0
lis_matrix.c(685) : lis_matrix_set_value : error ILL_ARG :i(=7) or j(=-65) are less than 0
lis_matrix.c(685) : lis_matrix_set_value : error ILL_ARG :i(=8) or j(=-64) are less than 0
lis_matrix.c(685) : lis_matrix_set_value : error ILL_ARG :i(=9) or j(=-63) are less than 0
lis_matrix.c(685) : lis_matrix_set_value : error ILL_ARG :i(=10) or j(=-62) are less than 0
Warning: Solution did not converge after 100001 iterations.
  The final residual was: -nan
  Solver status: 4
  2098-Dec-31 23:00:00
  2099-Jan-17 21:00:00
  2099-Feb-13 01:00:00
  2099-Mar-11 05:00:00
  2099-Apr-06 08:00:00
  2099-May-02 12:00:00
  2099-May-28 16:00:00
  2099-Jun-23 20:00:00
  2099-Jul-19 23:00:00
  2099-Aug-15 03:00:00
  2099-Sep-10 07:00:00
  2099-Oct-06 10:00:00
  2099-Nov-01 14:00:00
  2099-Nov-27 18:00:00
  2099-Dec-23 22:00:00
Beginning Simulation...
  2100-Jan-17 18:00:00 (4.6%)
  2100-Feb-10 23:00:00 (11.2%)
  2100-Mar-07 05:00:00 (17.9%)
  2100-Mar-31 10:00:00 (24.5%)
  2100-Apr-24 15:00:00 (31.1%)
  2100-May-18 21:00:00 (37.8%)
  2100-Jun-12 02:00:00 (44.4%)
  2100-Jul-06 07:00:00 (51%)
  2100-Jul-30 13:00:00 (57.7%)
  2100-Aug-23 18:00:00 (64.3%)
  2100-Sep-16 23:00:00 (70.9%)
  2100-Oct-11 05:00:00 (77.6%)
  2100-Nov-04 10:00:00 (84.2%)
  2100-Nov-28 16:00:00 (90.9%)
  2100-Dec-22 21:00:00 (97.5%)
  2100-Dec-31 23:00:00 (100%)
Finished Program: 2014-Nov-17 08:49:36.375807
Elapsed Time: 00:03:22.407741
