instance.yaml
kiva v0.2.0-21-g785bfe1
Copyright (C) 2012-2014 Big Ladder Software
Web: www.bigladdersoftware.com

Starting Program: 2014-Nov-18 11:17:26.545058
Creating Domain...
  X Cells: 268
  Y Cells: 1
  Z Cells: 103
  Total Cells: 27604
Initializing Temperatures...
  2098-Oct-15 23:00:00
  2099-Jan-02 13:00:00
  2099-Jan-10 09:00:00
  2099-Jan-18 05:00:00
  2099-Jan-26 01:00:00
  2099-Feb-02 21:00:00
  2099-Feb-10 17:00:00
  2099-Feb-18 12:00:00
  2099-Feb-26 08:00:00
  2099-Mar-06 04:00:00
  2099-Mar-14 00:00:00
  2099-Mar-21 20:00:00
  2099-Mar-29 16:00:00
  2099-Apr-06 12:00:00
  2099-Apr-14 08:00:00
  2099-Apr-22 04:00:00
  2099-Apr-30 00:00:00
  2099-May-07 20:00:00
  2099-May-15 16:00:00
  2099-May-23 12:00:00
  2099-May-31 08:00:00
  2099-Jun-08 04:00:00
  2099-Jun-16 00:00:00
  2099-Jun-23 20:00:00
  2099-Jul-01 16:00:00
  2099-Jul-09 12:00:00
  2099-Jul-17 08:00:00
  2099-Jul-25 04:00:00
  2099-Aug-02 00:00:00
  2099-Aug-09 20:00:00
  2099-Aug-17 16:00:00
  2099-Aug-25 12:00:00
  2099-Sep-02 08:00:00
  2099-Sep-10 04:00:00
  2099-Sep-18 00:00:00
  2099-Sep-25 20:00:00
  2099-Oct-03 16:00:00
  2099-Oct-11 12:00:00
  2099-Oct-19 08:00:00
  2099-Oct-27 04:00:00
  2099-Nov-04 00:00:00
  2099-Nov-11 20:00:00
  2099-Nov-19 16:00:00
  2099-Nov-27 12:00:00
  2099-Dec-05 08:00:00
  2099-Dec-13 04:00:00
  2099-Dec-21 00:00:00
  2099-Dec-28 20:00:00
Beginning Simulation...
  2100-Jan-05 15:00:00 (1.3%)
  2100-Jan-13 08:00:00 (3.4%)
  2100-Jan-21 01:00:00 (5.5%)
  2100-Jan-28 18:00:00 (7.6%)
  2100-Feb-05 12:00:00 (9.7%)
  2100-Feb-13 05:00:00 (11.8%)
  2100-Feb-20 22:00:00 (13.9%)
  2100-Feb-28 16:00:00 (16.1%)
  2100-Mar-08 09:00:00 (18.2%)
  2100-Mar-16 02:00:00 (20.3%)
  2100-Mar-23 19:00:00 (22.4%)
  2100-Mar-31 13:00:00 (24.5%)
  2100-Apr-08 06:00:00 (26.6%)
  2100-Apr-15 23:00:00 (28.8%)
  2100-Apr-23 17:00:00 (30.9%)
  2100-May-01 10:00:00 (33%)
  2100-May-09 03:00:00 (35.1%)
  2100-May-16 21:00:00 (37.2%)
  2100-May-24 14:00:00 (39.3%)
  2100-Jun-01 07:00:00 (41.4%)
  2100-Jun-09 01:00:00 (43.6%)
  2100-Jun-16 18:00:00 (45.7%)
  2100-Jun-24 12:00:00 (47.8%)
  2100-Jul-02 05:00:00 (49.9%)
  2100-Jul-09 23:00:00 (52%)
  2100-Jul-17 16:00:00 (54.2%)
  2100-Jul-25 10:00:00 (56.3%)
  2100-Aug-02 03:00:00 (58.4%)
  2100-Aug-09 20:00:00 (60.5%)
  2100-Aug-17 14:00:00 (62.6%)
  2100-Aug-25 07:00:00 (64.7%)
  2100-Sep-02 01:00:00 (66.9%)
  2100-Sep-09 18:00:00 (69%)
  2100-Sep-17 11:00:00 (71.1%)
  2100-Sep-25 04:00:00 (73.2%)
  2100-Oct-02 21:00:00 (75.3%)
  2100-Oct-10 15:00:00 (77.4%)
  2100-Oct-18 08:00:00 (79.5%)
  2100-Oct-26 02:00:00 (81.7%)
  2100-Nov-02 19:00:00 (83.8%)
  2100-Nov-10 12:00:00 (85.9%)
  2100-Nov-18 06:00:00 (88%)
  2100-Nov-25 23:00:00 (90.1%)
  2100-Dec-03 16:00:00 (92.2%)
  2100-Dec-11 09:00:00 (94.3%)
  2100-Dec-19 02:00:00 (96.5%)
  2100-Dec-26 20:00:00 (98.6%)
  2100-Dec-31 23:00:00 (100%)
Finished Program: 2014-Nov-18 11:19:01.668147
Elapsed Time: 00:01:35.123089
