instance.yaml
kiva v0.2.0-20-g4c7c200
Copyright (C) 2012-2014 Big Ladder Software
Web: www.bigladdersoftware.com

Starting Program: 2014-Nov-17 14:17:20.795017
Creating Domain...
  X Cells: 134
  Y Cells: 1
  Z Cells: 96
  Total Cells: 12864
Initializing Temperatures...
  2098-Oct-01 23:00:00
  2099-Jan-11 03:00:00
  2099-Jan-28 09:00:00
  2099-Feb-14 14:00:00
  2099-Mar-03 20:00:00
  2099-Mar-21 02:00:00
  2099-Apr-07 07:00:00
  2099-Apr-24 13:00:00
  2099-May-11 19:00:00
  2099-May-29 01:00:00
  2099-Jun-15 07:00:00
  2099-Jul-02 13:00:00
  2099-Jul-19 18:00:00
  2099-Aug-06 00:00:00
  2099-Aug-23 05:00:00
  2099-Sep-09 11:00:00
  2099-Sep-26 17:00:00
  2099-Oct-13 22:00:00
  2099-Oct-31 04:00:00
  2099-Nov-17 10:00:00
  2099-Dec-04 16:00:00
  2099-Dec-21 22:00:00
Beginning Simulation...
  2100-Jan-07 23:00:00 (1.9%)
  2100-Jan-24 16:00:00 (6.5%)
  2100-Feb-10 10:00:00 (11.1%)
  2100-Feb-27 03:00:00 (15.7%)
  2100-Mar-15 20:00:00 (20.2%)
  2100-Apr-01 13:00:00 (24.8%)
  2100-Apr-18 07:00:00 (29.4%)
  2100-May-05 01:00:00 (34%)
  2100-May-21 18:00:00 (38.6%)
  2100-Jun-07 12:00:00 (43.2%)
  2100-Jun-24 05:00:00 (47.7%)
  2100-Jul-10 22:00:00 (52.3%)
  2100-Jul-27 14:00:00 (56.9%)
  2100-Aug-13 07:00:00 (61.4%)
  2100-Aug-30 01:00:00 (66%)
  2100-Sep-15 18:00:00 (70.6%)
  2100-Oct-02 09:00:00 (75.2%)
  2100-Oct-19 02:00:00 (79.7%)
  2100-Nov-04 20:00:00 (84.3%)
  2100-Nov-21 14:00:00 (88.9%)
  2100-Dec-08 07:00:00 (93.5%)
  2100-Dec-25 01:00:00 (98.1%)
  2100-Dec-31 23:00:00 (100%)
Finished Program: 2014-Nov-17 14:18:04.416051
Elapsed Time: 00:00:43.621034
