instance.yaml
kiva v0.2.0-9-g526928a
Copyright (C) 2012-2014 Big Ladder Software
Web: www.bigladdersoftware.com

Starting Program: 2014-Nov-15 11:51:45.573924
Creating Domain...
  X Cells: 174
  Y Cells: 1
  Z Cells: 158
  Total Cells: 27492
Initializing Temperatures...
  2098-Oct-15 23:00:00
  2099-Jan-03 20:00:00
  2099-Jan-12 11:00:00
  2099-Jan-21 02:00:00
  2099-Jan-29 17:00:00
  2099-Feb-07 08:00:00
  2099-Feb-15 23:00:00
  2099-Feb-24 15:00:00
  2099-Mar-05 06:00:00
  2099-Mar-13 21:00:00
  2099-Mar-22 10:00:00
  2099-Mar-31 01:00:00
  2099-Apr-08 16:00:00
  2099-Apr-17 07:00:00
  2099-Apr-25 23:00:00
  2099-May-04 14:00:00
  2099-May-13 05:00:00
  2099-May-21 20:00:00
  2099-May-30 12:00:00
  2099-Jun-08 03:00:00
  2099-Jun-16 18:00:00
  2099-Jun-25 09:00:00
  2099-Jul-04 01:00:00
  2099-Jul-12 16:00:00
  2099-Jul-21 07:00:00
  2099-Jul-29 22:00:00
  2099-Aug-07 13:00:00
  2099-Aug-16 05:00:00
  2099-Aug-24 20:00:00
  2099-Sep-02 11:00:00
  2099-Sep-11 02:00:00
  2099-Sep-19 17:00:00
  2099-Sep-28 09:00:00
  2099-Oct-07 00:00:00
  2099-Oct-15 15:00:00
  2099-Oct-24 06:00:00
  2099-Nov-01 21:00:00
  2099-Nov-10 12:00:00
  2099-Nov-19 04:00:00
  2099-Nov-27 19:00:00
  2099-Dec-06 10:00:00
  2099-Dec-15 01:00:00
  2099-Dec-23 16:00:00
Beginning Simulation...
  2100-Jan-01 06:00:00 (0.1%)
  2100-Jan-09 02:00:00 (2.2%)
  2100-Jan-16 22:00:00 (4.4%)
  2100-Jan-24 18:00:00 (6.5%)
  2100-Feb-01 14:00:00 (8.7%)
  2100-Feb-09 10:00:00 (10.8%)
  2100-Feb-17 06:00:00 (12.9%)
  2100-Feb-25 02:00:00 (15.1%)
  2100-Mar-04 22:00:00 (17.2%)
  2100-Mar-12 19:00:00 (19.4%)
  2100-Mar-20 14:00:00 (21.5%)
  2100-Mar-28 11:00:00 (23.7%)
  2100-Apr-05 07:00:00 (25.8%)
  2100-Apr-13 03:00:00 (28%)
  2100-Apr-20 23:00:00 (30.1%)
  2100-Apr-28 19:00:00 (32.3%)
  2100-May-06 15:00:00 (34.4%)
  2100-May-14 12:00:00 (36.6%)
  2100-May-22 08:00:00 (38.7%)
  2100-May-30 04:00:00 (40.9%)
  2100-Jun-07 01:00:00 (43%)
  2100-Jun-14 21:00:00 (45.2%)
  2100-Jun-22 18:00:00 (47.3%)
  2100-Jun-30 14:00:00 (49.5%)
  2100-Jul-08 10:00:00 (51.6%)
  2100-Jul-16 07:00:00 (53.8%)
  2100-Jul-24 03:00:00 (55.9%)
  2100-Jul-31 23:00:00 (58.1%)
  2100-Aug-08 19:00:00 (60.2%)
  2100-Aug-16 16:00:00 (62.4%)
  2100-Aug-24 12:00:00 (64.5%)
  2100-Sep-01 08:00:00 (66.7%)
  2100-Sep-09 05:00:00 (68.8%)
  2100-Sep-17 00:00:00 (71%)
  2100-Sep-24 20:00:00 (73.1%)
  2100-Oct-02 17:00:00 (75.3%)
  2100-Oct-10 13:00:00 (77.4%)
  2100-Oct-18 10:00:00 (79.6%)
  2100-Oct-26 06:00:00 (81.7%)
  2100-Nov-03 03:00:00 (83.9%)
  2100-Nov-10 23:00:00 (86%)
  2100-Nov-18 21:00:00 (88.2%)
  2100-Nov-26 22:00:00 (90.4%)
  2100-Dec-04 22:00:00 (92.6%)
  2100-Dec-12 22:00:00 (94.8%)
  2100-Dec-20 21:00:00 (97%)
  2100-Dec-28 22:00:00 (99.2%)
  2100-Dec-31 23:00:00 (100%)
Finished Program: 2014-Nov-15 11:53:15.383436
Elapsed Time: 00:01:29.809512
