instance.yaml
kiva v0.2.0-9-g526928a
Copyright (C) 2012-2014 Big Ladder Software
Web: www.bigladdersoftware.com

Starting Program: 2014-Nov-15 11:23:42.503093
Creating Domain...
  X Cells: 247
  Y Cells: 1
  Z Cells: 103
  Total Cells: 25441
Initializing Temperatures...
  2098-Oct-22 23:00:00
  2099-Jan-03 19:00:00
  2099-Jan-12 10:00:00
  2099-Jan-21 02:00:00
  2099-Jan-29 18:00:00
  2099-Feb-07 10:00:00
  2099-Feb-16 01:00:00
  2099-Feb-24 17:00:00
  2099-Mar-05 09:00:00
  2099-Mar-14 01:00:00
  2099-Mar-22 16:00:00
  2099-Mar-31 08:00:00
  2099-Apr-09 00:00:00
  2099-Apr-17 16:00:00
  2099-Apr-26 07:00:00
  2099-May-04 23:00:00
  2099-May-13 15:00:00
  2099-May-22 07:00:00
  2099-May-30 22:00:00
  2099-Jun-08 14:00:00
  2099-Jun-17 06:00:00
  2099-Jun-25 22:00:00
  2099-Jul-04 14:00:00
  2099-Jul-13 06:00:00
  2099-Jul-21 22:00:00
  2099-Jul-30 13:00:00
  2099-Aug-08 05:00:00
  2099-Aug-16 21:00:00
  2099-Aug-25 13:00:00
  2099-Sep-03 05:00:00
  2099-Sep-11 21:00:00
  2099-Sep-20 13:00:00
  2099-Sep-29 04:00:00
  2099-Oct-07 20:00:00
  2099-Oct-16 12:00:00
  2099-Oct-25 04:00:00
  2099-Nov-02 20:00:00
  2099-Nov-11 12:00:00
  2099-Nov-20 04:00:00
  2099-Nov-28 19:00:00
  2099-Dec-07 11:00:00
  2099-Dec-16 03:00:00
  2099-Dec-24 19:00:00
Beginning Simulation...
  2100-Jan-02 10:00:00 (0.4%)
  2100-Jan-10 23:00:00 (2.7%)
  2100-Jan-19 11:00:00 (5.1%)
  2100-Jan-28 00:00:00 (7.4%)
  2100-Feb-05 13:00:00 (9.7%)
  2100-Feb-14 01:00:00 (12.1%)
  2100-Feb-22 14:00:00 (14.4%)
  2100-Mar-03 03:00:00 (16.7%)
  2100-Mar-11 15:00:00 (19.1%)
  2100-Mar-20 04:00:00 (21.4%)
  2100-Mar-28 16:00:00 (23.7%)
  2100-Apr-06 05:00:00 (26.1%)
  2100-Apr-14 18:00:00 (28.4%)
  2100-Apr-23 06:00:00 (30.8%)
  2100-May-01 19:00:00 (33.1%)
  2100-May-10 07:00:00 (35.4%)
  2100-May-18 20:00:00 (37.8%)
  2100-May-27 09:00:00 (40.1%)
  2100-Jun-04 22:00:00 (42.4%)
  2100-Jun-13 10:00:00 (44.8%)
  2100-Jun-21 22:00:00 (47.1%)
  2100-Jun-30 11:00:00 (49.4%)
  2100-Jul-09 00:00:00 (51.8%)
  2100-Jul-17 13:00:00 (54.1%)
  2100-Jul-26 02:00:00 (56.5%)
  2100-Aug-03 14:00:00 (58.8%)
  2100-Aug-12 03:00:00 (61.1%)
  2100-Aug-18 16:00:00 (62.9%)
  2100-Aug-27 05:00:00 (65.3%)
  2100-Sep-04 18:00:00 (67.6%)
  2100-Sep-13 07:00:00 (69.9%)
  2100-Sep-21 19:00:00 (72.3%)
  2100-Sep-30 08:00:00 (74.6%)
  2100-Oct-08 20:00:00 (76.9%)
  2100-Oct-17 10:00:00 (79.3%)
  2100-Oct-25 23:00:00 (81.6%)
  2100-Nov-03 12:00:00 (84%)
  2100-Nov-12 01:00:00 (86.3%)
  2100-Nov-20 15:00:00 (88.7%)
  2100-Nov-29 04:00:00 (91%)
  2100-Dec-07 18:00:00 (93.4%)
  2100-Dec-16 07:00:00 (95.7%)
  2100-Dec-24 21:00:00 (98%)
  2100-Dec-31 23:00:00 (100%)
Finished Program: 2014-Nov-15 11:25:08.826121
Elapsed Time: 00:01:26.323028
