instance.yaml
kiva v0.2.0-9-g526928a
Copyright (C) 2012-2014 Big Ladder Software
Web: www.bigladdersoftware.com

Starting Program: 2014-Oct-26 15:54:21.061160
Creating Domain...
  X Cells: 126
  Y Cells: 1
  Z Cells: 132
  Total Cells: 16632
Initializing Temperatures...
  2098-Oct-22 23:00:00
  2099-Jan-01 22:00:00
  2099-Jan-13 05:00:00
  2099-Jan-29 23:00:00
  2099-Feb-15 17:00:00
  2099-Mar-04 10:00:00
  2099-Mar-21 04:00:00
  2099-Apr-06 22:00:00
  2099-Apr-23 16:00:00
  2099-May-10 09:00:00
  2099-May-27 03:00:00
  2099-Jun-12 22:00:00
  2099-Jun-29 16:00:00
  2099-Jul-16 10:00:00
  2099-Aug-02 03:00:00
  2099-Aug-18 21:00:00
  2099-Sep-04 16:00:00
  2099-Sep-21 10:00:00
  2099-Oct-08 04:00:00
  2099-Oct-24 22:00:00
  2099-Nov-10 16:00:00
  2099-Nov-27 10:00:00
  2099-Dec-14 04:00:00
  2099-Dec-30 22:00:00
Beginning Simulation...
  2100-Jan-15 16:00:00 (4%)
  2100-Jan-31 08:00:00 (8.3%)
  2100-Feb-16 00:00:00 (12.6%)
  2100-Mar-03 16:00:00 (16.9%)
  2100-Mar-19 08:00:00 (21.2%)
  2100-Apr-04 00:00:00 (25.5%)
  2100-Apr-19 16:00:00 (29.8%)
  2100-May-05 09:00:00 (34.1%)
  2100-May-21 00:00:00 (38.4%)
  2100-Jun-05 15:00:00 (42.6%)
  2100-Jun-21 07:00:00 (46.9%)
  2100-Jul-07 00:00:00 (51.2%)
  2100-Jul-22 16:00:00 (55.5%)
  2100-Aug-07 08:00:00 (59.8%)
  2100-Aug-23 01:00:00 (64.1%)
  2100-Sep-07 18:00:00 (68.4%)
  2100-Sep-23 10:00:00 (72.7%)
  2100-Oct-09 03:00:00 (77%)
  2100-Oct-24 19:00:00 (81.3%)
  2100-Nov-09 11:00:00 (85.6%)
  2100-Nov-25 03:00:00 (89.9%)
  2100-Dec-10 19:00:00 (94.2%)
  2100-Dec-26 11:00:00 (98.5%)
  2100-Dec-31 23:00:00 (100%)
Finished Program: 2014-Oct-26 15:55:08.351487
Elapsed Time: 00:00:47.290327
