instance.yaml
kiva v0.2.0-21-g785bfe1
Copyright (C) 2012-2014 Big Ladder Software
Web: www.bigladdersoftware.com

Starting Program: 2014-Nov-18 11:21:25.435155
Creating Domain...
  X Cells: 167
  Y Cells: 1
  Z Cells: 113
  Total Cells: 18871
Initializing Temperatures...
  2098-Nov-19 23:00:00
  2099-Jan-09 08:00:00
  2099-Jan-21 07:00:00
  2099-Feb-02 05:00:00
  2099-Feb-14 04:00:00
  2099-Feb-26 02:00:00
  2099-Mar-10 00:00:00
  2099-Mar-21 23:00:00
  2099-Apr-02 21:00:00
  2099-Apr-14 20:00:00
  2099-Apr-26 18:00:00
  2099-May-08 17:00:00
  2099-May-20 16:00:00
  2099-Jun-01 14:00:00
  2099-Jun-13 13:00:00
  2099-Jun-25 12:00:00
  2099-Jul-07 10:00:00
  2099-Jul-19 10:00:00
  2099-Jul-31 10:00:00
  2099-Aug-12 10:00:00
  2099-Aug-24 10:00:00
  2099-Sep-05 10:00:00
  2099-Sep-17 10:00:00
  2099-Sep-29 11:00:00
  2099-Oct-11 11:00:00
  2099-Oct-23 11:00:00
  2099-Nov-04 12:00:00
  2099-Nov-16 12:00:00
  2099-Nov-28 12:00:00
  2099-Dec-10 12:00:00
  2099-Dec-22 12:00:00
Beginning Simulation...
  2100-Jan-03 12:00:00 (0.7%)
  2100-Jan-15 07:00:00 (3.9%)
  2100-Jan-27 02:00:00 (7.1%)
  2100-Feb-07 21:00:00 (10.4%)
  2100-Feb-19 17:00:00 (13.6%)
  2100-Mar-03 12:00:00 (16.8%)
  2100-Mar-15 08:00:00 (20.1%)
  2100-Mar-27 03:00:00 (23.3%)
  2100-Apr-07 23:00:00 (26.6%)
  2100-Apr-19 18:00:00 (29.8%)
  2100-May-01 14:00:00 (33%)
  2100-May-13 09:00:00 (36.3%)
  2100-May-25 05:00:00 (39.5%)
  2100-Jun-06 01:00:00 (42.8%)
  2100-Jun-17 21:00:00 (46%)
  2100-Jun-29 17:00:00 (49.2%)
  2100-Jul-11 12:00:00 (52.5%)
  2100-Jul-23 08:00:00 (55.7%)
  2100-Aug-04 04:00:00 (58.9%)
  2100-Aug-15 23:00:00 (62.2%)
  2100-Aug-27 19:00:00 (65.4%)
  2100-Sep-08 15:00:00 (68.7%)
  2100-Sep-20 10:00:00 (71.9%)
  2100-Oct-02 06:00:00 (75.1%)
  2100-Oct-14 02:00:00 (78.4%)
  2100-Oct-25 22:00:00 (81.6%)
  2100-Nov-06 17:00:00 (84.9%)
  2100-Nov-18 13:00:00 (88.1%)
  2100-Nov-30 09:00:00 (91.3%)
  2100-Dec-12 04:00:00 (94.6%)
  2100-Dec-24 00:00:00 (97.8%)
  2100-Dec-31 23:00:00 (100%)
Finished Program: 2014-Nov-18 11:22:27.675561
Elapsed Time: 00:01:02.240406
