instance.yaml
kiva v0.2.0-21-g785bfe1
Copyright (C) 2012-2014 Big Ladder Software
Web: www.bigladdersoftware.com

Starting Program: 2014-Nov-18 11:19:25.827095
Creating Domain...
  X Cells: 156
  Y Cells: 1
  Z Cells: 125
  Total Cells: 19500
Initializing Temperatures...
  2099-Jan-04 20:00:00
  2099-Jan-16 12:00:00
  2099-Jan-28 05:00:00
  2099-Feb-08 21:00:00
  2099-Feb-20 14:00:00
  2099-Mar-04 06:00:00
  2099-Mar-15 23:00:00
  2099-Mar-27 15:00:00
  2099-Apr-08 08:00:00
  2099-Apr-20 00:00:00
  2099-May-01 17:00:00
  2099-May-13 09:00:00
  2099-May-25 02:00:00
  2099-Jun-05 18:00:00
  2099-Jun-17 11:00:00
  2099-Jun-29 04:00:00
  2099-Jul-10 20:00:00
  2099-Jul-22 12:00:00
  2099-Aug-03 05:00:00
  2099-Aug-14 21:00:00
  2099-Aug-26 14:00:00
  2099-Sep-07 07:00:00
  2099-Sep-18 23:00:00
  2099-Sep-30 16:00:00
  2099-Oct-12 09:00:00
  2099-Oct-24 01:00:00
  2099-Nov-04 18:00:00
  2099-Nov-16 10:00:00
  2099-Nov-28 03:00:00
  2099-Dec-09 20:00:00
  2099-Dec-21 12:00:00
Beginning Simulation...
  2100-Jan-02 03:00:00 (0.3%)
  2100-Jan-11 17:00:00 (2.9%)
  2100-Jan-22 13:00:00 (5.9%)
  2100-Feb-02 08:00:00 (8.9%)
  2100-Feb-13 03:00:00 (11.8%)
  2100-Feb-23 23:00:00 (14.8%)
  2100-Mar-06 18:00:00 (17.7%)
  2100-Mar-17 13:00:00 (20.7%)
  2100-Mar-28 08:00:00 (23.7%)
  2100-Apr-08 04:00:00 (26.6%)
  2100-Apr-18 23:00:00 (29.6%)
  2100-Apr-29 18:00:00 (32.5%)
  2100-May-10 13:00:00 (35.5%)
  2100-May-21 09:00:00 (38.5%)
  2100-Jun-01 04:00:00 (41.4%)
  2100-Jun-12 00:00:00 (44.4%)
  2100-Jun-22 19:00:00 (47.3%)
  2100-Jul-03 15:00:00 (50.3%)
  2100-Jul-14 10:00:00 (53.3%)
  2100-Jul-25 06:00:00 (56.2%)
  2100-Aug-05 01:00:00 (59.2%)
  2100-Aug-15 20:00:00 (62.1%)
  2100-Aug-26 15:00:00 (65.1%)
  2100-Sep-06 11:00:00 (68.1%)
  2100-Sep-17 06:00:00 (71%)
  2100-Sep-28 01:00:00 (74%)
  2100-Oct-08 21:00:00 (77%)
  2100-Oct-19 16:00:00 (79.9%)
  2100-Oct-30 12:00:00 (82.9%)
  2100-Nov-10 07:00:00 (85.8%)
  2100-Nov-21 02:00:00 (88.8%)
  2100-Dec-01 21:00:00 (91.7%)
  2100-Dec-12 16:00:00 (94.7%)
  2100-Dec-23 11:00:00 (97.7%)
  2100-Dec-31 23:00:00 (100%)
Finished Program: 2014-Nov-18 11:20:31.786531
Elapsed Time: 00:01:05.959436
