instance.yaml
kiva v0.2.0-9-g526928a
Copyright (C) 2012-2014 Big Ladder Software
Web: www.bigladdersoftware.com

Starting Program: 2014-Nov-15 11:51:44.327315
Creating Domain...
  X Cells: 159
  Y Cells: 1
  Z Cells: 96
  Total Cells: 15264
Initializing Temperatures...
  2098-Dec-17 23:00:00
  2099-Jan-14 16:00:00
  2099-Jan-29 17:00:00
  2099-Feb-13 18:00:00
  2099-Feb-28 20:00:00
  2099-Mar-15 21:00:00
  2099-Mar-30 22:00:00
  2099-Apr-15 00:00:00
  2099-Apr-30 01:00:00
  2099-May-15 03:00:00
  2099-May-30 04:00:00
  2099-Jun-14 05:00:00
  2099-Jun-29 07:00:00
  2099-Jul-14 08:00:00
  2099-Jul-29 10:00:00
  2099-Aug-13 11:00:00
  2099-Aug-28 12:00:00
  2099-Sep-12 14:00:00
  2099-Sep-27 15:00:00
  2099-Oct-12 17:00:00
  2099-Oct-27 19:00:00
  2099-Nov-11 20:00:00
  2099-Nov-26 22:00:00
  2099-Dec-11 23:00:00
  2099-Dec-27 01:00:00
Beginning Simulation...
  2100-Jan-10 21:00:00 (2.7%)
  2100-Jan-25 14:00:00 (6.7%)
  2100-Feb-09 08:00:00 (10.8%)
  2100-Feb-24 01:00:00 (14.8%)
  2100-Mar-10 19:00:00 (18.8%)
  2100-Mar-25 12:00:00 (22.9%)
  2100-Apr-09 06:00:00 (26.9%)
  2100-Apr-23 23:00:00 (30.9%)
  2100-May-08 17:00:00 (35%)
  2100-May-23 11:00:00 (39%)
  2100-Jun-07 04:00:00 (43.1%)
  2100-Jun-21 22:00:00 (47.1%)
  2100-Jul-06 15:00:00 (51.1%)
  2100-Jul-21 09:00:00 (55.2%)
  2100-Aug-05 03:00:00 (59.2%)
  2100-Aug-19 21:00:00 (63.3%)
  2100-Sep-03 15:00:00 (67.3%)
  2100-Sep-18 08:00:00 (71.3%)
  2100-Oct-03 02:00:00 (75.4%)
  2100-Oct-17 19:00:00 (79.4%)
  2100-Nov-01 13:00:00 (83.4%)
  2100-Nov-16 07:00:00 (87.5%)
  2100-Dec-01 00:00:00 (91.5%)
  2100-Dec-15 18:00:00 (95.5%)
  2100-Dec-30 11:00:00 (99.6%)
  2100-Dec-31 23:00:00 (100%)
Finished Program: 2014-Nov-15 11:52:34.101890
Elapsed Time: 00:00:49.774575
