instance.yaml
kiva v0.2.0-21-g785bfe1
Copyright (C) 2012-2014 Big Ladder Software
Web: www.bigladdersoftware.com

Starting Program: 2014-Nov-18 11:03:25.673735
Creating Domain...
  X Cells: 187
  Y Cells: 1
  Z Cells: 133
  Total Cells: 24871
Initializing Temperatures...
  2098-Oct-01 23:00:00
  2099-Jan-03 08:00:00
  2099-Jan-12 16:00:00
  2099-Jan-21 23:00:00
  2099-Jan-31 06:00:00
  2099-Feb-09 14:00:00
  2099-Feb-18 22:00:00
  2099-Feb-28 05:00:00
  2099-Mar-09 13:00:00
  2099-Mar-18 21:00:00
  2099-Mar-28 05:00:00
  2099-Apr-06 12:00:00
  2099-Apr-15 20:00:00
  2099-Apr-25 04:00:00
  2099-May-04 12:00:00
  2099-May-13 19:00:00
  2099-May-23 03:00:00
  2099-Jun-01 11:00:00
  2099-Jun-10 19:00:00
  2099-Jun-20 03:00:00
  2099-Jun-29 11:00:00
  2099-Jul-08 18:00:00
  2099-Jul-18 02:00:00
  2099-Jul-27 10:00:00
  2099-Aug-05 18:00:00
  2099-Aug-15 02:00:00
  2099-Aug-24 10:00:00
  2099-Sep-02 18:00:00
  2099-Sep-12 01:00:00
  2099-Sep-21 09:00:00
  2099-Sep-30 17:00:00
  2099-Oct-10 01:00:00
  2099-Oct-19 09:00:00
  2099-Oct-28 17:00:00
  2099-Nov-07 01:00:00
  2099-Nov-16 09:00:00
  2099-Nov-25 17:00:00
  2099-Dec-05 00:00:00
  2099-Dec-14 08:00:00
  2099-Dec-23 16:00:00
Beginning Simulation...
  2100-Jan-01 22:00:00 (0.3%)
  2100-Jan-10 15:00:00 (2.6%)
  2100-Jan-19 07:00:00 (5%)
  2100-Jan-27 23:00:00 (7.4%)
  2100-Feb-05 15:00:00 (9.8%)
  2100-Feb-14 08:00:00 (12.1%)
  2100-Feb-23 00:00:00 (14.5%)
  2100-Mar-03 16:00:00 (16.9%)
  2100-Mar-12 08:00:00 (19.3%)
  2100-Mar-21 00:00:00 (21.6%)
  2100-Mar-29 17:00:00 (24%)
  2100-Apr-07 09:00:00 (26.4%)
  2100-Apr-16 01:00:00 (28.8%)
  2100-Apr-24 17:00:00 (31.2%)
  2100-May-03 10:00:00 (33.5%)
  2100-May-12 02:00:00 (35.9%)
  2100-May-20 18:00:00 (38.3%)
  2100-May-29 11:00:00 (40.7%)
  2100-Jun-07 03:00:00 (43%)
  2100-Jun-15 19:00:00 (45.4%)
  2100-Jun-24 12:00:00 (47.8%)
  2100-Jul-03 04:00:00 (50.2%)
  2100-Jul-11 20:00:00 (52.6%)
  2100-Jul-20 12:00:00 (54.9%)
  2100-Jul-29 05:00:00 (57.3%)
  2100-Aug-06 21:00:00 (59.7%)
  2100-Aug-15 14:00:00 (62.1%)
  2100-Aug-24 06:00:00 (64.5%)
  2100-Sep-01 22:00:00 (66.8%)
  2100-Sep-10 15:00:00 (69.2%)
  2100-Sep-19 07:00:00 (71.6%)
  2100-Sep-27 23:00:00 (74%)
  2100-Oct-06 15:00:00 (76.3%)
  2100-Oct-15 08:00:00 (78.7%)
  2100-Oct-24 00:00:00 (81.1%)
  2100-Nov-01 15:00:00 (83.5%)
  2100-Nov-10 07:00:00 (85.8%)
  2100-Nov-19 00:00:00 (88.2%)
  2100-Nov-27 16:00:00 (90.6%)
  2100-Dec-06 08:00:00 (93%)
  2100-Dec-15 00:00:00 (95.3%)
  2100-Dec-23 17:00:00 (97.7%)
  2100-Dec-31 23:00:00 (100%)
Finished Program: 2014-Nov-18 11:04:47.944885
Elapsed Time: 00:01:22.271150
