instance.yaml
kiva v0.2.0-21-g785bfe1
Copyright (C) 2012-2014 Big Ladder Software
Web: www.bigladdersoftware.com

Starting Program: 2014-Nov-18 11:18:27.520523
Creating Domain...
  X Cells: 104
  Y Cells: 1
  Z Cells: 103
  Total Cells: 10712
Initializing Temperatures...
  2098-Nov-26 23:00:00
  2099-Jan-18 11:00:00
  2099-Feb-08 07:00:00
  2099-Mar-01 02:00:00
  2099-Mar-21 22:00:00
  2099-Apr-11 18:00:00
  2099-May-02 13:00:00
  2099-May-23 09:00:00
  2099-Jun-13 05:00:00
  2099-Jul-04 00:00:00
  2099-Jul-24 20:00:00
  2099-Aug-14 16:00:00
  2099-Sep-04 11:00:00
  2099-Sep-25 07:00:00
  2099-Oct-16 03:00:00
  2099-Nov-05 23:00:00
  2099-Nov-26 19:00:00
  2099-Dec-17 15:00:00
Beginning Simulation...
  2100-Jan-07 07:00:00 (1.7%)
  2100-Jan-27 15:00:00 (7.3%)
  2100-Feb-16 23:00:00 (12.9%)
  2100-Mar-09 06:00:00 (18.4%)
  2100-Mar-29 14:00:00 (24%)
  2100-Apr-18 22:00:00 (29.6%)
  2100-May-09 06:00:00 (35.1%)
  2100-May-29 14:00:00 (40.7%)
  2100-Jun-18 23:00:00 (46.3%)
  2100-Jul-09 07:00:00 (51.9%)
  2100-Jul-29 15:00:00 (57.4%)
  2100-Aug-18 23:00:00 (63%)
  2100-Sep-08 06:00:00 (68.6%)
  2100-Sep-28 11:00:00 (74.1%)
  2100-Oct-18 19:00:00 (79.7%)
  2100-Nov-08 03:00:00 (85.2%)
  2100-Nov-28 11:00:00 (90.8%)
  2100-Dec-18 20:00:00 (96.4%)
  2100-Dec-31 23:00:00 (100%)
Finished Program: 2014-Nov-18 11:19:03.647226
Elapsed Time: 00:00:36.126703
