instance.yaml
kiva v0.2.0-9-g526928a
Copyright (C) 2012-2014 Big Ladder Software
Web: www.bigladdersoftware.com

Starting Program: 2014-Nov-15 12:21:42.795065
Creating Domain...
  X Cells: 173
  Y Cells: 1
  Z Cells: 133
  Total Cells: 23009
Initializing Temperatures...
  2099-Jan-01 18:00:00
  2099-Jan-11 20:00:00
  2099-Jan-21 21:00:00
  2099-Jan-31 23:00:00
  2099-Feb-11 01:00:00
  2099-Feb-21 03:00:00
  2099-Mar-03 05:00:00
  2099-Mar-13 07:00:00
  2099-Mar-23 09:00:00
  2099-Apr-02 10:00:00
  2099-Apr-12 12:00:00
  2099-Apr-22 14:00:00
  2099-May-02 16:00:00
  2099-May-12 18:00:00
  2099-May-22 20:00:00
  2099-Jun-01 22:00:00
  2099-Jun-12 00:00:00
  2099-Jun-22 02:00:00
  2099-Jul-02 04:00:00
  2099-Jul-12 06:00:00
  2099-Jul-22 08:00:00
  2099-Aug-01 10:00:00
  2099-Aug-11 12:00:00
  2099-Aug-21 15:00:00
  2099-Aug-31 17:00:00
  2099-Sep-10 19:00:00
  2099-Sep-20 21:00:00
  2099-Sep-30 23:00:00
  2099-Oct-11 01:00:00
  2099-Oct-21 03:00:00
  2099-Oct-31 05:00:00
  2099-Nov-10 07:00:00
  2099-Nov-20 09:00:00
  2099-Nov-30 11:00:00
  2099-Dec-10 13:00:00
  2099-Dec-20 15:00:00
  2099-Dec-30 17:00:00
Beginning Simulation...
  2100-Jan-09 04:00:00 (2.2%)
  2100-Jan-18 12:00:00 (4.8%)
  2100-Jan-27 20:00:00 (7.4%)
  2100-Feb-06 04:00:00 (9.9%)
  2100-Feb-15 12:00:00 (12.5%)
  2100-Feb-24 20:00:00 (15%)
  2100-Mar-06 04:00:00 (17.6%)
  2100-Mar-15 13:00:00 (20.1%)
  2100-Mar-24 21:00:00 (22.7%)
  2100-Apr-03 04:00:00 (25.3%)
  2100-Apr-12 12:00:00 (27.8%)
  2100-Apr-21 20:00:00 (30.4%)
  2100-May-01 05:00:00 (32.9%)
  2100-May-10 13:00:00 (35.5%)
  2100-May-19 21:00:00 (38%)
  2100-May-29 05:00:00 (40.6%)
  2100-Jun-07 13:00:00 (43.2%)
  2100-Jun-16 22:00:00 (45.7%)
  2100-Jun-26 06:00:00 (48.3%)
  2100-Jul-05 14:00:00 (50.8%)
  2100-Jul-14 23:00:00 (53.4%)
  2100-Jul-24 07:00:00 (56%)
  2100-Aug-02 15:00:00 (58.5%)
  2100-Aug-11 23:00:00 (61.1%)
  2100-Aug-21 07:00:00 (63.6%)
  2100-Aug-30 16:00:00 (66.2%)
  2100-Sep-09 00:00:00 (68.8%)
  2100-Sep-18 08:00:00 (71.3%)
  2100-Sep-27 17:00:00 (73.9%)
  2100-Oct-07 01:00:00 (76.4%)
  2100-Oct-16 09:00:00 (79%)
  2100-Oct-25 18:00:00 (81.6%)
  2100-Nov-04 01:00:00 (84.1%)
  2100-Nov-13 09:00:00 (86.7%)
  2100-Nov-22 17:00:00 (89.2%)
  2100-Dec-02 01:00:00 (91.8%)
  2100-Dec-11 10:00:00 (94.4%)
  2100-Dec-20 18:00:00 (96.9%)
  2100-Dec-30 02:00:00 (99.5%)
  2100-Dec-31 23:00:00 (100%)
Finished Program: 2014-Nov-15 12:22:59.201903
Elapsed Time: 00:01:16.406838
