instance.yaml
kiva v0.2.0-20-g4c7c200
Copyright (C) 2012-2014 Big Ladder Software
Web: www.bigladdersoftware.com

Starting Program: 2014-Nov-17 14:19:21.915132
Creating Domain...
  X Cells: 157
  Y Cells: 1
  Z Cells: 103
  Total Cells: 16171
Initializing Temperatures...
  2099-Jan-04 13:00:00
  2099-Jan-18 08:00:00
  2099-Feb-01 02:00:00
  2099-Feb-14 20:00:00
  2099-Feb-28 15:00:00
  2099-Mar-14 09:00:00
  2099-Mar-28 04:00:00
  2099-Apr-10 22:00:00
  2099-Apr-24 17:00:00
  2099-May-08 11:00:00
  2099-May-22 06:00:00
  2099-Jun-05 00:00:00
  2099-Jun-18 19:00:00
  2099-Jul-02 13:00:00
  2099-Jul-16 08:00:00
  2099-Jul-30 02:00:00
  2099-Aug-12 21:00:00
  2099-Aug-26 15:00:00
  2099-Sep-09 10:00:00
  2099-Sep-23 04:00:00
  2099-Oct-06 22:00:00
  2099-Oct-20 17:00:00
  2099-Nov-03 11:00:00
  2099-Nov-17 06:00:00
  2099-Dec-01 00:00:00
  2099-Dec-14 19:00:00
  2099-Dec-28 13:00:00
Beginning Simulation...
  2100-Jan-11 03:00:00 (2.8%)
  2100-Jan-24 15:00:00 (6.5%)
  2100-Feb-07 03:00:00 (10.2%)
  2100-Feb-20 15:00:00 (13.9%)
  2100-Mar-06 04:00:00 (17.6%)
  2100-Mar-19 16:00:00 (21.3%)
  2100-Apr-02 04:00:00 (25%)
  2100-Apr-15 16:00:00 (28.7%)
  2100-Apr-29 04:00:00 (32.4%)
  2100-May-12 17:00:00 (36.1%)
  2100-May-26 05:00:00 (39.8%)
  2100-Jun-08 17:00:00 (43.5%)
  2100-Jun-22 06:00:00 (47.2%)
  2100-Jul-05 18:00:00 (50.9%)
  2100-Jul-19 06:00:00 (54.6%)
  2100-Aug-01 18:00:00 (58.3%)
  2100-Aug-15 06:00:00 (62%)
  2100-Aug-28 19:00:00 (65.7%)
  2100-Sep-11 07:00:00 (69.4%)
  2100-Sep-24 19:00:00 (73.1%)
  2100-Oct-08 07:00:00 (76.8%)
  2100-Oct-21 19:00:00 (80.5%)
  2100-Nov-04 08:00:00 (84.2%)
  2100-Nov-17 20:00:00 (87.9%)
  2100-Dec-01 08:00:00 (91.6%)
  2100-Dec-14 20:00:00 (95.3%)
  2100-Dec-28 08:00:00 (99%)
  2100-Dec-31 23:00:00 (100%)
Finished Program: 2014-Nov-17 14:20:16.268639
Elapsed Time: 00:00:54.353507
