instance.yaml
kiva v0.2.0-21-g785bfe1
Copyright (C) 2012-2014 Big Ladder Software
Web: www.bigladdersoftware.com

Starting Program: 2014-Nov-18 11:21:26.726303
Creating Domain...
  X Cells: 93
  Y Cells: 1
  Z Cells: 113
  Total Cells: 10509
Initializing Temperatures...
  2098-Oct-15 23:00:00
  2099-Jan-17 04:00:00
  2099-Feb-08 18:00:00
  2099-Mar-03 09:00:00
  2099-Mar-25 23:00:00
  2099-Apr-17 13:00:00
  2099-May-10 03:00:00
  2099-Jun-01 18:00:00
  2099-Jun-24 09:00:00
  2099-Jul-16 23:00:00
  2099-Aug-08 14:00:00
  2099-Aug-31 04:00:00
  2099-Sep-22 19:00:00
  2099-Oct-15 09:00:00
  2099-Nov-07 00:00:00
  2099-Nov-29 15:00:00
  2099-Dec-22 05:00:00
Beginning Simulation...
  2100-Jan-13 12:00:00 (3.4%)
  2100-Feb-04 14:00:00 (9.5%)
  2100-Feb-26 16:00:00 (15.5%)
  2100-Mar-20 18:00:00 (21.6%)
  2100-Apr-11 20:00:00 (27.6%)
  2100-May-03 23:00:00 (33.7%)
  2100-May-26 01:00:00 (39.7%)
  2100-Jun-17 04:00:00 (45.8%)
  2100-Jul-09 06:00:00 (51.8%)
  2100-Jul-31 09:00:00 (57.9%)
  2100-Aug-22 11:00:00 (64%)
  2100-Sep-13 14:00:00 (70%)
  2100-Oct-05 16:00:00 (76.1%)
  2100-Oct-27 19:00:00 (82.1%)
  2100-Nov-18 21:00:00 (88.2%)
  2100-Dec-10 21:00:00 (94.2%)
  2100-Dec-31 23:00:00 (100%)
Finished Program: 2014-Nov-18 11:21:59.964248
Elapsed Time: 00:00:33.237945
