instance.yaml
kiva v0.2.0-20-g4c7c200
Copyright (C) 2012-2014 Big Ladder Software
Web: www.bigladdersoftware.com

Starting Program: 2014-Nov-17 14:13:20.618921
Creating Domain...
  X Cells: 109
  Y Cells: 1
  Z Cells: 158
  Total Cells: 17222
Initializing Temperatures...
  2098-Oct-15 23:00:00
  2099-Jan-09 22:00:00
  2099-Jan-24 10:00:00
  2099-Feb-07 23:00:00
  2099-Feb-22 12:00:00
  2099-Mar-09 00:00:00
  2099-Mar-23 13:00:00
  2099-Apr-07 02:00:00
  2099-Apr-21 14:00:00
  2099-May-06 03:00:00
  2099-May-20 16:00:00
  2099-Jun-04 05:00:00
  2099-Jun-18 18:00:00
  2099-Jul-03 07:00:00
  2099-Jul-17 20:00:00
  2099-Aug-01 09:00:00
  2099-Aug-15 22:00:00
  2099-Aug-30 11:00:00
  2099-Sep-14 00:00:00
  2099-Sep-28 13:00:00
  2099-Oct-13 02:00:00
  2099-Oct-27 15:00:00
  2099-Nov-11 04:00:00
  2099-Nov-25 17:00:00
  2099-Dec-10 06:00:00
  2099-Dec-24 19:00:00
Beginning Simulation...
  2100-Jan-07 17:00:00 (1.8%)
  2100-Jan-21 01:00:00 (5.5%)
  2100-Feb-03 09:00:00 (9.1%)
  2100-Feb-16 17:00:00 (12.8%)
  2100-Mar-02 01:00:00 (16.4%)
  2100-Mar-15 09:00:00 (20.1%)
  2100-Mar-28 17:00:00 (23.8%)
  2100-Apr-11 01:00:00 (27.4%)
  2100-Apr-24 08:00:00 (31.1%)
  2100-May-07 16:00:00 (34.7%)
  2100-May-21 00:00:00 (38.4%)
  2100-Jun-03 08:00:00 (42%)
  2100-Jun-16 16:00:00 (45.7%)
  2100-Jun-30 01:00:00 (49.3%)
  2100-Jul-13 09:00:00 (53%)
  2100-Jul-26 17:00:00 (56.6%)
  2100-Aug-09 02:00:00 (60.3%)
  2100-Aug-22 10:00:00 (63.9%)
  2100-Sep-04 18:00:00 (67.6%)
  2100-Sep-18 03:00:00 (71.3%)
  2100-Oct-01 11:00:00 (74.9%)
  2100-Oct-14 19:00:00 (78.6%)
  2100-Oct-28 04:00:00 (82.2%)
  2100-Nov-10 12:00:00 (85.9%)
  2100-Nov-23 21:00:00 (89.6%)
  2100-Dec-07 05:00:00 (93.2%)
  2100-Dec-20 12:00:00 (96.8%)
  2100-Dec-31 23:00:00 (100%)
Finished Program: 2014-Nov-17 14:14:13.860352
Elapsed Time: 00:00:53.241431
