instance.yaml
kiva v0.2.0-9-g526928a
Copyright (C) 2012-2014 Big Ladder Software
Web: www.bigladdersoftware.com

Starting Program: 2014-Nov-15 12:22:44.021982
Creating Domain...
  X Cells: 212
  Y Cells: 1
  Z Cells: 125
  Total Cells: 26500
Initializing Temperatures...
  2098-Dec-17 23:00:00
  2099-Jan-08 19:00:00
  2099-Jan-17 17:00:00
  2099-Jan-26 15:00:00
  2099-Feb-04 13:00:00
  2099-Feb-13 11:00:00
  2099-Feb-22 09:00:00
  2099-Mar-03 06:00:00
  2099-Mar-12 04:00:00
  2099-Mar-21 02:00:00
  2099-Mar-30 00:00:00
  2099-Apr-07 22:00:00
  2099-Apr-16 20:00:00
  2099-Apr-25 18:00:00
  2099-May-04 16:00:00
  2099-May-13 14:00:00
  2099-May-22 12:00:00
  2099-May-31 10:00:00
  2099-Jun-09 08:00:00
  2099-Jun-18 06:00:00
  2099-Jun-27 04:00:00
  2099-Jul-06 02:00:00
  2099-Jul-15 00:00:00
  2099-Jul-23 22:00:00
  2099-Aug-01 19:00:00
  2099-Aug-10 17:00:00
  2099-Aug-19 15:00:00
  2099-Aug-28 13:00:00
  2099-Sep-06 11:00:00
  2099-Sep-15 09:00:00
  2099-Sep-24 07:00:00
  2099-Oct-03 05:00:00
  2099-Oct-12 03:00:00
  2099-Oct-21 01:00:00
  2099-Oct-29 23:00:00
  2099-Nov-07 21:00:00
  2099-Nov-16 18:00:00
  2099-Nov-25 17:00:00
  2099-Dec-04 14:00:00
  2099-Dec-13 12:00:00
  2099-Dec-22 10:00:00
  2099-Dec-31 08:00:00
Beginning Simulation...
  2100-Jan-08 18:00:00 (2.1%)
  2100-Jan-17 03:00:00 (4.4%)
  2100-Jan-25 13:00:00 (6.7%)
  2100-Feb-03 00:00:00 (9%)
  2100-Feb-11 11:00:00 (11.4%)
  2100-Feb-19 21:00:00 (13.7%)
  2100-Feb-28 08:00:00 (16%)
  2100-Mar-08 19:00:00 (18.3%)
  2100-Mar-17 06:00:00 (20.6%)
  2100-Mar-25 16:00:00 (22.9%)
  2100-Apr-03 03:00:00 (25.2%)
  2100-Apr-11 14:00:00 (27.6%)
  2100-Apr-20 01:00:00 (29.9%)
  2100-Apr-28 12:00:00 (32.2%)
  2100-May-06 22:00:00 (34.5%)
  2100-May-15 09:00:00 (36.8%)
  2100-May-23 20:00:00 (39.1%)
  2100-Jun-01 07:00:00 (41.4%)
  2100-Jun-09 17:00:00 (43.8%)
  2100-Jun-18 04:00:00 (46.1%)
  2100-Jun-26 15:00:00 (48.4%)
  2100-Jul-05 02:00:00 (50.7%)
  2100-Jul-13 13:00:00 (53%)
  2100-Jul-22 00:00:00 (55.3%)
  2100-Jul-30 11:00:00 (57.7%)
  2100-Aug-07 22:00:00 (60%)
  2100-Aug-16 09:00:00 (62.3%)
  2100-Aug-24 20:00:00 (64.6%)
  2100-Sep-02 07:00:00 (66.9%)
  2100-Sep-10 17:00:00 (69.2%)
  2100-Sep-19 03:00:00 (71.5%)
  2100-Sep-27 14:00:00 (73.9%)
  2100-Oct-06 01:00:00 (76.2%)
  2100-Oct-14 11:00:00 (78.5%)
  2100-Oct-22 22:00:00 (80.8%)
  2100-Oct-31 09:00:00 (83.1%)
  2100-Nov-08 20:00:00 (85.4%)
  2100-Nov-17 07:00:00 (87.8%)
  2100-Nov-25 18:00:00 (90.1%)
  2100-Dec-04 05:00:00 (92.4%)
  2100-Dec-12 15:00:00 (94.7%)
  2100-Dec-21 02:00:00 (97%)
  2100-Dec-29 13:00:00 (99.3%)
  2100-Dec-31 23:00:00 (100%)
Finished Program: 2014-Nov-15 12:24:09.288422
Elapsed Time: 00:01:25.266440
