instance.yaml
kiva v0.2.0-21-g785bfe1
Copyright (C) 2012-2014 Big Ladder Software
Web: www.bigladdersoftware.com

Starting Program: 2014-Nov-18 11:03:25.826826
Creating Domain...
  X Cells: 173
  Y Cells: 1
  Z Cells: 158
  Total Cells: 27334
Initializing Temperatures...
  2099-Jan-01 15:00:00
  2099-Jan-09 07:00:00
  2099-Jan-16 22:00:00
  2099-Jan-24 14:00:00
  2099-Feb-01 06:00:00
  2099-Feb-08 22:00:00
  2099-Feb-16 14:00:00
  2099-Feb-24 06:00:00
  2099-Mar-03 22:00:00
  2099-Mar-11 14:00:00
  2099-Mar-19 05:00:00
  2099-Mar-26 21:00:00
  2099-Apr-03 13:00:00
  2099-Apr-11 05:00:00
  2099-Apr-18 21:00:00
  2099-Apr-26 13:00:00
  2099-May-04 05:00:00
  2099-May-11 21:00:00
  2099-May-19 14:00:00
  2099-May-27 06:00:00
  2099-Jun-03 22:00:00
  2099-Jun-11 14:00:00
  2099-Jun-19 07:00:00
  2099-Jun-26 23:00:00
  2099-Jul-04 15:00:00
  2099-Jul-12 07:00:00
  2099-Jul-19 23:00:00
  2099-Jul-27 15:00:00
  2099-Aug-04 08:00:00
  2099-Aug-12 00:00:00
  2099-Aug-19 16:00:00
  2099-Aug-27 09:00:00
  2099-Sep-04 01:00:00
  2099-Sep-11 17:00:00
  2099-Sep-19 10:00:00
  2099-Sep-27 05:00:00
  2099-Oct-05 07:00:00
  2099-Oct-13 09:00:00
  2099-Oct-21 11:00:00
  2099-Oct-29 14:00:00
  2099-Nov-06 16:00:00
  2099-Nov-14 18:00:00
  2099-Nov-22 20:00:00
  2099-Nov-30 22:00:00
  2099-Dec-09 00:00:00
  2099-Dec-17 02:00:00
  2099-Dec-25 04:00:00
Beginning Simulation...
  2100-Jan-02 02:00:00 (0.3%)
  2100-Jan-09 11:00:00 (2.3%)
  2100-Jan-16 20:00:00 (4.3%)
  2100-Jan-24 05:00:00 (6.4%)
  2100-Jan-31 14:00:00 (8.4%)
  2100-Feb-07 23:00:00 (10.4%)
  2100-Feb-15 08:00:00 (12.4%)
  2100-Feb-22 17:00:00 (14.4%)
  2100-Mar-02 02:00:00 (16.5%)
  2100-Mar-09 10:00:00 (18.5%)
  2100-Mar-16 19:00:00 (20.5%)
  2100-Mar-24 04:00:00 (22.5%)
  2100-Mar-31 13:00:00 (24.5%)
  2100-Apr-07 22:00:00 (26.6%)
  2100-Apr-15 07:00:00 (28.6%)
  2100-Apr-22 16:00:00 (30.6%)
  2100-Apr-30 01:00:00 (32.6%)
  2100-May-07 10:00:00 (34.6%)
  2100-May-14 19:00:00 (36.7%)
  2100-May-22 04:00:00 (38.7%)
  2100-May-29 13:00:00 (40.7%)
  2100-Jun-05 22:00:00 (42.7%)
  2100-Jun-13 07:00:00 (44.7%)
  2100-Jun-20 16:00:00 (46.8%)
  2100-Jun-28 01:00:00 (48.8%)
  2100-Jul-05 10:00:00 (50.8%)
  2100-Jul-12 19:00:00 (52.8%)
  2100-Jul-20 04:00:00 (54.8%)
  2100-Jul-27 13:00:00 (56.9%)
  2100-Aug-03 22:00:00 (58.9%)
  2100-Aug-11 07:00:00 (60.9%)
  2100-Aug-18 16:00:00 (62.9%)
  2100-Aug-26 00:00:00 (64.9%)
  2100-Sep-02 09:00:00 (67%)
  2100-Sep-09 18:00:00 (69%)
  2100-Sep-17 03:00:00 (71%)
  2100-Sep-24 12:00:00 (73%)
  2100-Oct-01 22:00:00 (75%)
  2100-Oct-09 07:00:00 (77.1%)
  2100-Oct-16 16:00:00 (79.1%)
  2100-Oct-24 01:00:00 (81.1%)
  2100-Oct-31 10:00:00 (83.1%)
  2100-Nov-07 19:00:00 (85.1%)
  2100-Nov-15 04:00:00 (87.2%)
  2100-Nov-22 13:00:00 (89.2%)
  2100-Nov-29 21:00:00 (91.2%)
  2100-Dec-07 05:00:00 (93.2%)
  2100-Dec-14 14:00:00 (95.2%)
  2100-Dec-21 23:00:00 (97.2%)
  2100-Dec-29 08:00:00 (99.3%)
  2100-Dec-31 23:00:00 (100%)
Finished Program: 2014-Nov-18 11:05:03.357813
Elapsed Time: 00:01:37.530987
