instance.yaml
kiva v0.2.0-19-ge248292
Copyright (C) 2012-2014 Big Ladder Software
Web: www.bigladdersoftware.com

Starting Program: 2014-Nov-17 08:42:13.585402
Creating Domain...
  X Cells: 71
  Y Cells: 1
  Z Cells: 133
  Total Cells: 9443
Initializing Temperatures...
  2098-Oct-22 23:00:00
  2099-Jan-18 02:00:00
  2099-Feb-10 18:00:00
  2099-Mar-06 09:00:00
  2099-Mar-30 01:00:00
  2099-Apr-22 17:00:00
  2099-May-16 09:00:00
  2099-Jun-09 01:00:00
  2099-Jul-02 13:00:00
  2099-Jul-26 05:00:00
  2099-Aug-18 21:00:00
  2099-Sep-11 13:00:00
  2099-Oct-05 05:00:00
  2099-Oct-28 21:00:00
  2099-Nov-21 12:00:00
  2099-Dec-15 05:00:00
Beginning Simulation...
  2100-Jan-07 03:00:00 (1.7%)
  2100-Jan-28 23:00:00 (7.7%)
  2100-Feb-21 02:00:00 (14%)
  2100-Mar-16 06:00:00 (20.3%)
  2100-Apr-08 09:00:00 (26.7%)
  2100-May-01 13:00:00 (33%)
  2100-May-24 16:00:00 (39.4%)
  2100-Jun-16 19:00:00 (45.7%)
  2100-Jul-09 23:00:00 (52%)
  2100-Aug-02 02:00:00 (58.4%)
  2100-Aug-25 06:00:00 (64.7%)
  2100-Sep-17 09:00:00 (71.1%)
  2100-Oct-10 12:00:00 (77.4%)
  2100-Nov-02 16:00:00 (83.7%)
  2100-Nov-25 19:00:00 (90.1%)
  2100-Dec-18 22:00:00 (96.4%)
  2100-Dec-31 23:00:00 (100%)
Finished Program: 2014-Nov-17 08:42:45.563784
Elapsed Time: 00:00:31.978382
