instance.yaml
kiva v0.2.0-21-g785bfe1
Copyright (C) 2012-2014 Big Ladder Software
Web: www.bigladdersoftware.com

Starting Program: 2014-Nov-18 11:14:23.420083
Creating Domain...
  X Cells: 208
  Y Cells: 1
  Z Cells: 158
  Total Cells: 32864
Initializing Temperatures...
  2098-Oct-29 23:00:00
  2099-Jan-02 21:00:00
  2099-Jan-09 01:00:00
  2099-Jan-15 04:00:00
  2099-Jan-21 07:00:00
  2099-Jan-27 10:00:00
  2099-Feb-02 14:00:00
  2099-Feb-08 17:00:00
  2099-Feb-14 20:00:00
  2099-Feb-20 23:00:00
  2099-Feb-27 02:00:00
  2099-Mar-05 05:00:00
  2099-Mar-11 09:00:00
  2099-Mar-17 12:00:00
  2099-Mar-23 15:00:00
  2099-Mar-29 19:00:00
  2099-Apr-04 22:00:00
  2099-Apr-11 01:00:00
  2099-Apr-17 04:00:00
  2099-Apr-23 08:00:00
  2099-Apr-29 11:00:00
  2099-May-05 14:00:00
  2099-May-11 18:00:00
  2099-May-17 21:00:00
  2099-May-24 01:00:00
  2099-May-30 04:00:00
  2099-Jun-05 07:00:00
  2099-Jun-11 11:00:00
  2099-Jun-17 14:00:00
  2099-Jun-23 18:00:00
  2099-Jun-29 21:00:00
  2099-Jul-06 00:00:00
  2099-Jul-12 04:00:00
  2099-Jul-18 07:00:00
  2099-Jul-24 11:00:00
  2099-Jul-30 14:00:00
  2099-Aug-05 18:00:00
  2099-Aug-11 20:00:00
  2099-Aug-17 23:00:00
  2099-Aug-24 03:00:00
  2099-Aug-30 06:00:00
  2099-Sep-05 10:00:00
  2099-Sep-11 13:00:00
  2099-Sep-17 17:00:00
  2099-Sep-23 20:00:00
  2099-Sep-30 00:00:00
  2099-Oct-06 03:00:00
  2099-Oct-12 07:00:00
  2099-Oct-18 10:00:00
  2099-Oct-24 13:00:00
  2099-Oct-30 17:00:00
  2099-Nov-05 20:00:00
  2099-Nov-12 00:00:00
  2099-Nov-18 03:00:00
  2099-Nov-24 07:00:00
  2099-Nov-30 10:00:00
  2099-Dec-06 14:00:00
  2099-Dec-12 17:00:00
  2099-Dec-18 20:00:00
  2099-Dec-25 00:00:00
  2099-Dec-31 03:00:00
Beginning Simulation...
  2100-Jan-05 22:00:00 (1.3%)
  2100-Jan-11 15:00:00 (2.9%)
  2100-Jan-17 08:00:00 (4.5%)
  2100-Jan-23 01:00:00 (6%)
  2100-Jan-28 18:00:00 (7.6%)
  2100-Feb-03 11:00:00 (9.2%)
  2100-Feb-09 04:00:00 (10.7%)
  2100-Feb-14 22:00:00 (12.3%)
  2100-Feb-20 15:00:00 (13.9%)
  2100-Feb-26 08:00:00 (15.4%)
  2100-Mar-04 01:00:00 (17%)
  2100-Mar-09 18:00:00 (18.6%)
  2100-Mar-15 11:00:00 (20.1%)
  2100-Mar-21 04:00:00 (21.7%)
  2100-Mar-26 21:00:00 (23.3%)
  2100-Apr-01 15:00:00 (24.8%)
  2100-Apr-07 08:00:00 (26.4%)
  2100-Apr-13 01:00:00 (28%)
  2100-Apr-18 18:00:00 (29.5%)
  2100-Apr-24 12:00:00 (31.1%)
  2100-Apr-30 05:00:00 (32.7%)
  2100-May-05 21:00:00 (34.2%)
  2100-May-11 15:00:00 (35.8%)
  2100-May-17 08:00:00 (37.4%)
  2100-May-23 01:00:00 (38.9%)
  2100-May-28 19:00:00 (40.5%)
  2100-Jun-03 12:00:00 (42.1%)
  2100-Jun-09 05:00:00 (43.6%)
  2100-Jun-14 23:00:00 (45.2%)
  2100-Jun-20 16:00:00 (46.8%)
  2100-Jun-26 09:00:00 (48.3%)
  2100-Jul-02 02:00:00 (49.9%)
  2100-Jul-07 20:00:00 (51.5%)
  2100-Jul-13 13:00:00 (53%)
  2100-Jul-19 06:00:00 (54.6%)
  2100-Jul-25 00:00:00 (56.2%)
  2100-Jul-30 17:00:00 (57.7%)
  2100-Aug-05 11:00:00 (59.3%)
  2100-Aug-11 04:00:00 (60.9%)
  2100-Aug-16 21:00:00 (62.4%)
  2100-Aug-22 15:00:00 (64%)
  2100-Aug-28 08:00:00 (65.6%)
  2100-Sep-03 00:00:00 (67.1%)
  2100-Sep-08 16:00:00 (68.7%)
  2100-Sep-14 07:00:00 (70.2%)
  2100-Sep-19 23:00:00 (71.8%)
  2100-Sep-25 14:00:00 (73.3%)
  2100-Oct-01 06:00:00 (74.9%)
  2100-Oct-06 21:00:00 (76.4%)
  2100-Oct-12 13:00:00 (78%)
  2100-Oct-18 04:00:00 (79.5%)
  2100-Oct-23 20:00:00 (81.1%)
  2100-Oct-29 11:00:00 (82.6%)
  2100-Nov-04 03:00:00 (84.1%)
  2100-Nov-09 19:00:00 (85.7%)
  2100-Nov-15 11:00:00 (87.2%)
  2100-Nov-21 03:00:00 (88.8%)
  2100-Nov-26 19:00:00 (90.4%)
  2100-Dec-02 11:00:00 (91.9%)
  2100-Dec-08 03:00:00 (93.5%)
  2100-Dec-13 19:00:00 (95%)
  2100-Dec-19 11:00:00 (96.6%)
  2100-Dec-25 03:00:00 (98.1%)
  2100-Dec-30 19:00:00 (99.7%)
  2100-Dec-31 23:00:00 (100%)
Finished Program: 2014-Nov-18 11:16:28.209416
Elapsed Time: 00:02:04.789333
