instance.yaml
kiva v0.2.0-19-ge248292
Copyright (C) 2012-2014 Big Ladder Software
Web: www.bigladdersoftware.com

Starting Program: 2014-Nov-17 08:45:16.419151
Creating Domain...
  X Cells: 64
  Y Cells: 1
  Z Cells: 125
  Total Cells: 8000
Initializing Temperatures...
  2099-Jan-04 19:00:00
  2099-Jan-31 13:00:00
  2099-Feb-27 11:00:00
  2099-Mar-26 08:00:00
  2099-Apr-21 17:00:00
  2099-May-19 02:00:00
  2099-Jun-15 09:00:00
  2099-Jul-12 17:00:00
  2099-Aug-09 01:00:00
  2099-Sep-05 10:00:00
  2099-Oct-02 19:00:00
  2099-Oct-30 04:00:00
  2099-Nov-26 13:00:00
  2099-Dec-23 22:00:00
Beginning Simulation...
  2100-Jan-18 05:00:00 (4.7%)
  2100-Feb-11 14:00:00 (11.4%)
  2100-Mar-07 23:00:00 (18.1%)
  2100-Apr-01 08:00:00 (24.7%)
  2100-Apr-25 17:00:00 (31.4%)
  2100-May-20 02:00:00 (38.1%)
  2100-Jun-13 09:00:00 (44.8%)
  2100-Jul-07 16:00:00 (51.4%)
  2100-Aug-01 01:00:00 (58.1%)
  2100-Aug-25 10:00:00 (64.8%)
  2100-Sep-18 19:00:00 (71.4%)
  2100-Oct-13 04:00:00 (78.1%)
  2100-Nov-06 13:00:00 (84.8%)
  2100-Nov-30 21:00:00 (91.5%)
  2100-Dec-25 06:00:00 (98.2%)
  2100-Dec-31 23:00:00 (100%)
Finished Program: 2014-Nov-17 08:45:45.275733
Elapsed Time: 00:00:28.856582
