instance.yaml
kiva v0.2.0-19-ge248292
Copyright (C) 2012-2014 Big Ladder Software
Web: www.bigladdersoftware.com

Starting Program: 2014-Nov-17 08:40:15.461207
Creating Domain...
  X Cells: 100
  Y Cells: 1
  Z Cells: 103
  Total Cells: 10300
Initializing Temperatures...
  2098-Dec-24 23:00:00
  2099-Jan-22 09:00:00
  2099-Feb-13 11:00:00
  2099-Mar-07 14:00:00
  2099-Mar-29 16:00:00
  2099-Apr-20 19:00:00
  2099-May-12 21:00:00
  2099-Jun-04 00:00:00
  2099-Jun-26 03:00:00
  2099-Jul-18 05:00:00
  2099-Aug-09 08:00:00
  2099-Aug-31 10:00:00
  2099-Sep-22 13:00:00
  2099-Oct-14 14:00:00
  2099-Nov-05 17:00:00
  2099-Nov-27 20:00:00
  2099-Dec-19 23:00:00
Beginning Simulation...
  2100-Jan-10 23:00:00 (2.7%)
  2100-Feb-01 21:00:00 (8.7%)
  2100-Feb-23 18:00:00 (14.7%)
  2100-Mar-17 16:00:00 (20.7%)
  2100-Apr-08 13:00:00 (26.7%)
  2100-Apr-30 10:00:00 (32.7%)
  2100-May-22 08:00:00 (38.7%)
  2100-Jun-13 05:00:00 (44.7%)
  2100-Jul-05 02:00:00 (50.7%)
  2100-Jul-27 00:00:00 (56.7%)
  2100-Aug-17 21:00:00 (62.7%)
  2100-Sep-08 18:00:00 (68.7%)
  2100-Sep-30 16:00:00 (74.7%)
  2100-Oct-22 13:00:00 (80.7%)
  2100-Nov-13 10:00:00 (86.7%)
  2100-Dec-05 07:00:00 (92.7%)
  2100-Dec-27 04:00:00 (98.7%)
  2100-Dec-31 23:00:00 (100%)
Finished Program: 2014-Nov-17 08:40:49.218922
Elapsed Time: 00:00:33.757715
