instance.yaml
kiva v0.2.0-9-g526928a
Copyright (C) 2012-2014 Big Ladder Software
Web: www.bigladdersoftware.com

Starting Program: 2014-Nov-15 11:22:47.694093
Creating Domain...
  X Cells: 159
  Y Cells: 1
  Z Cells: 93
  Total Cells: 14787
Initializing Temperatures...
  2098-Oct-15 23:00:00
  2099-Jan-09 17:00:00
  2099-Jan-24 09:00:00
  2099-Feb-08 01:00:00
  2099-Feb-22 18:00:00
  2099-Mar-09 10:00:00
  2099-Mar-24 02:00:00
  2099-Apr-07 18:00:00
  2099-Apr-22 11:00:00
  2099-May-07 03:00:00
  2099-May-21 19:00:00
  2099-Jun-05 12:00:00
  2099-Jun-20 04:00:00
  2099-Jul-04 20:00:00
  2099-Jul-19 13:00:00
  2099-Aug-03 05:00:00
  2099-Aug-17 21:00:00
  2099-Sep-01 13:00:00
  2099-Sep-16 06:00:00
  2099-Sep-30 22:00:00
  2099-Oct-15 15:00:00
  2099-Oct-30 07:00:00
  2099-Nov-13 23:00:00
  2099-Nov-28 16:00:00
  2099-Dec-13 08:00:00
  2099-Dec-28 00:00:00
Beginning Simulation...
  2100-Jan-11 11:00:00 (2.9%)
  2100-Jan-25 18:00:00 (6.8%)
  2100-Feb-09 03:00:00 (10.7%)
  2100-Feb-23 11:00:00 (14.6%)
  2100-Mar-09 19:00:00 (18.6%)
  2100-Mar-24 03:00:00 (22.5%)
  2100-Apr-07 11:00:00 (26.4%)
  2100-Apr-21 20:00:00 (30.4%)
  2100-May-06 04:00:00 (34.3%)
  2100-May-20 12:00:00 (38.2%)
  2100-Jun-03 20:00:00 (42.1%)
  2100-Jun-18 05:00:00 (46.1%)
  2100-Jul-02 13:00:00 (50%)
  2100-Jul-16 21:00:00 (53.9%)
  2100-Jul-31 05:00:00 (57.9%)
  2100-Aug-14 13:00:00 (61.8%)
  2100-Aug-28 22:00:00 (65.7%)
  2100-Sep-12 06:00:00 (69.7%)
  2100-Sep-26 14:00:00 (73.6%)
  2100-Oct-10 22:00:00 (77.5%)
  2100-Oct-25 07:00:00 (81.4%)
  2100-Nov-08 15:00:00 (85.4%)
  2100-Nov-22 23:00:00 (89.3%)
  2100-Dec-07 08:00:00 (93.2%)
  2100-Dec-21 16:00:00 (97.2%)
  2100-Dec-31 23:00:00 (100%)
Finished Program: 2014-Nov-15 11:23:38.717597
Elapsed Time: 00:00:51.023504
