instance.yaml
kiva v0.2.0-21-g785bfe1
Copyright (C) 2012-2014 Big Ladder Software
Web: www.bigladdersoftware.com

Starting Program: 2014-Nov-18 11:14:25.318868
Creating Domain...
  X Cells: 105
  Y Cells: 1
  Z Cells: 158
  Total Cells: 16590
Initializing Temperatures...
  2098-Dec-31 23:00:00
  2099-Jan-15 07:00:00
  2099-Jan-30 01:00:00
  2099-Feb-13 19:00:00
  2099-Feb-28 12:00:00
  2099-Mar-15 06:00:00
  2099-Mar-29 23:00:00
  2099-Apr-13 17:00:00
  2099-Apr-28 11:00:00
  2099-May-13 04:00:00
  2099-May-27 22:00:00
  2099-Jun-11 16:00:00
  2099-Jun-26 10:00:00
  2099-Jul-11 04:00:00
  2099-Jul-25 22:00:00
  2099-Aug-09 16:00:00
  2099-Aug-24 10:00:00
  2099-Sep-08 04:00:00
  2099-Sep-22 22:00:00
  2099-Oct-07 16:00:00
  2099-Oct-22 10:00:00
  2099-Nov-06 04:00:00
  2099-Nov-20 22:00:00
  2099-Dec-05 16:00:00
  2099-Dec-20 10:00:00
Beginning Simulation...
  2100-Jan-03 21:00:00 (0.8%)
  2100-Jan-17 09:00:00 (4.5%)
  2100-Jan-30 21:00:00 (8.2%)
  2100-Feb-13 09:00:00 (11.9%)
  2100-Feb-26 22:00:00 (15.6%)
  2100-Mar-12 09:00:00 (19.3%)
  2100-Mar-25 22:00:00 (23%)
  2100-Apr-08 10:00:00 (26.7%)
  2100-Apr-21 21:00:00 (30.4%)
  2100-May-05 09:00:00 (34.1%)
  2100-May-18 20:00:00 (37.8%)
  2100-Jun-01 09:00:00 (41.5%)
  2100-Jun-14 21:00:00 (45.2%)
  2100-Jun-28 10:00:00 (48.9%)
  2100-Jul-11 22:00:00 (52.6%)
  2100-Jul-25 11:00:00 (56.3%)
  2100-Aug-07 23:00:00 (60%)
  2100-Aug-21 12:00:00 (63.7%)
  2100-Sep-04 00:00:00 (67.4%)
  2100-Sep-17 13:00:00 (71.1%)
  2100-Oct-01 01:00:00 (74.8%)
  2100-Oct-14 14:00:00 (78.5%)
  2100-Oct-28 02:00:00 (82.2%)
  2100-Nov-10 15:00:00 (85.9%)
  2100-Nov-24 03:00:00 (89.6%)
  2100-Dec-07 16:00:00 (93.3%)
  2100-Dec-21 04:00:00 (97%)
  2100-Dec-31 23:00:00 (100%)
Finished Program: 2014-Nov-18 11:15:17.800223
Elapsed Time: 00:00:52.481355
