instance.yaml
kiva v0.2.0-21-g785bfe1
Copyright (C) 2012-2014 Big Ladder Software
Web: www.bigladdersoftware.com

Starting Program: 2014-Nov-18 11:50:24.499817
Creating Domain...
  X Cells: 182
  Y Cells: 1
  Z Cells: 133
  Total Cells: 24206
Initializing Temperatures...
Warning: Solution did not converge after 307 iterations.
  The final residual was: 0.0099536
  Solver status: 2
  2098-Oct-29 23:00:00
  2099-Jan-05 22:00:00
  2099-Jan-15 20:00:00
  2099-Jan-25 18:00:00
  2099-Feb-04 15:00:00
  2099-Feb-14 14:00:00
  2099-Feb-24 12:00:00
  2099-Mar-06 11:00:00
  2099-Mar-16 10:00:00
  2099-Mar-26 08:00:00
  2099-Apr-05 07:00:00
  2099-Apr-15 06:00:00
  2099-Apr-25 04:00:00
  2099-May-05 03:00:00
  2099-May-15 02:00:00
  2099-May-25 00:00:00
  2099-Jun-03 23:00:00
  2099-Jun-13 22:00:00
  2099-Jun-23 21:00:00
  2099-Jul-03 19:00:00
  2099-Jul-13 18:00:00
  2099-Jul-23 17:00:00
  2099-Aug-02 16:00:00
  2099-Aug-12 14:00:00
  2099-Aug-22 13:00:00
  2099-Sep-01 12:00:00
  2099-Sep-11 11:00:00
  2099-Sep-21 09:00:00
  2099-Oct-01 08:00:00
  2099-Oct-11 07:00:00
  2099-Oct-21 06:00:00
  2099-Oct-31 04:00:00
  2099-Nov-10 03:00:00
  2099-Nov-20 02:00:00
  2099-Nov-30 00:00:00
  2099-Dec-09 23:00:00
  2099-Dec-19 22:00:00
  2099-Dec-29 21:00:00
Beginning Simulation...
  2100-Jan-08 05:00:00 (2%)
  2100-Jan-17 10:00:00 (4.5%)
  2100-Jan-26 15:00:00 (7%)
  2100-Feb-04 20:00:00 (9.5%)
  2100-Feb-14 00:00:00 (12.1%)
  2100-Feb-23 05:00:00 (14.6%)
  2100-Mar-04 10:00:00 (17.1%)
  2100-Mar-13 15:00:00 (19.6%)
  2100-Mar-22 19:00:00 (22.1%)
  2100-Apr-01 00:00:00 (24.7%)
  2100-Apr-10 04:00:00 (27.2%)
  2100-Apr-19 09:00:00 (29.7%)
  2100-Apr-28 14:00:00 (32.2%)
  2100-May-07 19:00:00 (34.7%)
  2100-May-17 00:00:00 (37.3%)
  2100-May-26 05:00:00 (39.8%)
  2100-Jun-04 09:00:00 (42.3%)
  2100-Jun-13 14:00:00 (44.8%)
  2100-Jun-22 19:00:00 (47.3%)
  2100-Jul-02 00:00:00 (49.9%)
  2100-Jul-11 05:00:00 (52.4%)
  2100-Jul-20 10:00:00 (54.9%)
  2100-Jul-29 14:00:00 (57.4%)
  2100-Aug-07 20:00:00 (60%)
  2100-Aug-17 02:00:00 (62.5%)
  2100-Aug-26 08:00:00 (65%)
  2100-Sep-04 14:00:00 (67.6%)
  2100-Sep-13 20:00:00 (70.1%)
  2100-Sep-23 03:00:00 (72.6%)
  2100-Oct-02 09:00:00 (75.2%)
  2100-Oct-11 15:00:00 (77.7%)
  2100-Oct-20 21:00:00 (80.2%)
  2100-Oct-30 03:00:00 (82.8%)
  2100-Nov-08 09:00:00 (85.3%)
  2100-Nov-17 14:00:00 (87.8%)
  2100-Nov-26 20:00:00 (90.4%)
  2100-Dec-06 03:00:00 (92.9%)
  2100-Dec-15 09:00:00 (95.4%)
  2100-Dec-24 15:00:00 (98%)
  2100-Dec-31 23:00:00 (100%)
Finished Program: 2014-Nov-18 11:51:41.792310
Elapsed Time: 00:01:17.292493
