instance.yaml
kiva v0.2.0-22-gd89b213
Copyright (C) 2012-2014 Big Ladder Software
Web: www.bigladdersoftware.com

Starting Program: 2014-Nov-19 10:36:54.264599
Creating Domain...
  X Cells: 180
  Y Cells: 1
  Z Cells: 125
  Total Cells: 22500
Initializing Temperatures...
  2098-Dec-03 23:00:00
  2099-Jan-09 00:00:00
  2099-Jan-19 12:00:00
  2099-Jan-30 00:00:00
  2099-Feb-09 12:00:00
  2099-Feb-20 00:00:00
  2099-Mar-02 11:00:00
  2099-Mar-12 23:00:00
  2099-Mar-23 11:00:00
  2099-Apr-02 22:00:00
  2099-Apr-13 11:00:00
  2099-Apr-23 23:00:00
  2099-May-04 11:00:00
  2099-May-14 23:00:00
  2099-May-25 11:00:00
  2099-Jun-04 23:00:00
  2099-Jun-15 11:00:00
  2099-Jun-25 23:00:00
  2099-Jul-06 11:00:00
  2099-Jul-16 23:00:00
  2099-Jul-27 11:00:00
  2099-Aug-06 23:00:00
  2099-Aug-17 11:00:00
  2099-Aug-27 23:00:00
  2099-Sep-07 12:00:00
  2099-Sep-18 00:00:00
  2099-Sep-28 12:00:00
  2099-Oct-09 00:00:00
  2099-Oct-19 12:00:00
  2099-Oct-30 00:00:00
  2099-Nov-09 12:00:00
  2099-Nov-20 00:00:00
  2099-Nov-30 13:00:00
  2099-Dec-11 01:00:00
  2099-Dec-21 13:00:00
Beginning Simulation...
  2100-Jan-01 01:00:00 (0%)
  2100-Jan-10 18:00:00 (2.7%)
  2100-Jan-20 11:00:00 (5.3%)
  2100-Jan-30 03:00:00 (8%)
  2100-Feb-08 20:00:00 (10.6%)
  2100-Feb-18 13:00:00 (13.3%)
  2100-Feb-28 06:00:00 (16%)
  2100-Mar-09 23:00:00 (18.6%)
  2100-Mar-19 16:00:00 (21.3%)
  2100-Mar-29 09:00:00 (23.9%)
  2100-Apr-08 02:00:00 (26.6%)
  2100-Apr-17 19:00:00 (29.3%)
  2100-Apr-27 12:00:00 (31.9%)
  2100-May-07 05:00:00 (34.6%)
  2100-May-16 22:00:00 (37.2%)
  2100-May-26 15:00:00 (39.9%)
  2100-Jun-05 08:00:00 (42.6%)
  2100-Jun-15 00:00:00 (45.2%)
  2100-Jun-24 17:00:00 (47.9%)
  2100-Jul-04 10:00:00 (50.5%)
  2100-Jul-14 03:00:00 (53.2%)
  2100-Jul-23 21:00:00 (55.9%)
  2100-Aug-02 14:00:00 (58.5%)
  2100-Aug-12 07:00:00 (61.2%)
  2100-Aug-22 00:00:00 (63.8%)
  2100-Aug-31 20:00:00 (66.5%)
  2100-Sep-10 15:00:00 (69.2%)
  2100-Sep-20 11:00:00 (71.9%)
  2100-Sep-30 07:00:00 (74.6%)
  2100-Oct-10 02:00:00 (77.3%)
  2100-Oct-19 21:00:00 (80%)
  2100-Oct-29 17:00:00 (82.7%)
  2100-Nov-08 12:00:00 (85.3%)
  2100-Nov-18 08:00:00 (88%)
  2100-Nov-28 01:00:00 (90.7%)
  2100-Dec-07 20:00:00 (93.4%)
  2100-Dec-17 15:00:00 (96.1%)
  2100-Dec-27 11:00:00 (98.8%)
  2100-Dec-31 23:00:00 (100%)
Finished Program: 2014-Nov-19 10:38:07.462979
Elapsed Time: 00:01:13.198380
