instance.yaml
kiva v0.2.0-21-g785bfe1
Copyright (C) 2012-2014 Big Ladder Software
Web: www.bigladdersoftware.com

Starting Program: 2014-Nov-18 11:17:25.910100
Creating Domain...
  X Cells: 192
  Y Cells: 1
  Z Cells: 113
  Total Cells: 21696
Initializing Temperatures...
  2099-Jan-02 10:00:00
  2099-Jan-13 12:00:00
  2099-Jan-24 14:00:00
  2099-Feb-04 17:00:00
  2099-Feb-15 19:00:00
  2099-Feb-26 22:00:00
  2099-Mar-10 00:00:00
  2099-Mar-21 02:00:00
  2099-Apr-01 05:00:00
  2099-Apr-12 07:00:00
  2099-Apr-23 10:00:00
  2099-May-04 12:00:00
  2099-May-15 15:00:00
  2099-May-26 17:00:00
  2099-Jun-06 20:00:00
  2099-Jun-17 22:00:00
  2099-Jun-29 01:00:00
  2099-Jul-10 03:00:00
  2099-Jul-21 06:00:00
  2099-Aug-01 08:00:00
  2099-Aug-12 11:00:00
  2099-Aug-23 13:00:00
  2099-Sep-03 16:00:00
  2099-Sep-14 18:00:00
  2099-Sep-25 21:00:00
  2099-Oct-06 23:00:00
  2099-Oct-18 02:00:00
  2099-Oct-29 04:00:00
  2099-Nov-09 07:00:00
  2099-Nov-20 09:00:00
  2099-Dec-01 12:00:00
  2099-Dec-12 14:00:00
  2099-Dec-23 17:00:00
Beginning Simulation...
  2100-Jan-03 18:00:00 (0.8%)
  2100-Jan-14 15:00:00 (3.7%)
  2100-Jan-25 12:00:00 (6.7%)
  2100-Feb-05 09:00:00 (9.7%)
  2100-Feb-16 07:00:00 (12.7%)
  2100-Feb-27 04:00:00 (15.7%)
  2100-Mar-10 01:00:00 (18.6%)
  2100-Mar-20 22:00:00 (21.6%)
  2100-Mar-31 20:00:00 (24.6%)
  2100-Apr-11 17:00:00 (27.6%)
  2100-Apr-22 14:00:00 (30.6%)
  2100-May-03 12:00:00 (33.6%)
  2100-May-14 09:00:00 (36.5%)
  2100-May-25 06:00:00 (39.5%)
  2100-Jun-05 04:00:00 (42.5%)
  2100-Jun-16 02:00:00 (45.5%)
  2100-Jun-27 00:00:00 (48.5%)
  2100-Jul-07 22:00:00 (51.5%)
  2100-Jul-18 20:00:00 (54.5%)
  2100-Jul-29 18:00:00 (57.5%)
  2100-Aug-09 16:00:00 (60.5%)
  2100-Aug-20 14:00:00 (63.4%)
  2100-Aug-31 12:00:00 (66.4%)
  2100-Sep-11 10:00:00 (69.4%)
  2100-Sep-22 08:00:00 (72.4%)
  2100-Oct-03 06:00:00 (75.4%)
  2100-Oct-14 04:00:00 (78.4%)
  2100-Oct-25 02:00:00 (81.4%)
  2100-Nov-05 00:00:00 (84.4%)
  2100-Nov-15 22:00:00 (87.4%)
  2100-Nov-26 20:00:00 (90.4%)
  2100-Dec-07 17:00:00 (93.3%)
  2100-Dec-18 15:00:00 (96.3%)
  2100-Dec-29 11:00:00 (99.3%)
  2100-Dec-31 23:00:00 (100%)
Finished Program: 2014-Nov-18 11:18:33.229760
Elapsed Time: 00:01:07.319660
