instance.yaml
kiva v0.2.0-20-g4c7c200
Copyright (C) 2012-2014 Big Ladder Software
Web: www.bigladdersoftware.com

Starting Program: 2014-Nov-17 14:15:21.131537
Creating Domain...
  X Cells: 126
  Y Cells: 1
  Z Cells: 132
  Total Cells: 16632
Initializing Temperatures...
  2099-Jan-02 16:00:00
  2099-Jan-17 12:00:00
  2099-Feb-01 07:00:00
  2099-Feb-16 03:00:00
  2099-Mar-02 23:00:00
  2099-Mar-17 18:00:00
  2099-Apr-01 14:00:00
  2099-Apr-16 10:00:00
  2099-May-01 06:00:00
  2099-May-16 02:00:00
  2099-May-30 21:00:00
  2099-Jun-14 17:00:00
  2099-Jun-29 13:00:00
  2099-Jul-14 09:00:00
  2099-Jul-29 05:00:00
  2099-Aug-13 00:00:00
  2099-Aug-27 20:00:00
  2099-Sep-11 16:00:00
  2099-Sep-26 12:00:00
  2099-Oct-11 08:00:00
  2099-Oct-26 04:00:00
  2099-Nov-09 23:00:00
  2099-Nov-24 19:00:00
  2099-Dec-09 15:00:00
  2099-Dec-24 11:00:00
Beginning Simulation...
  2100-Jan-07 20:00:00 (1.9%)
  2100-Jan-21 17:00:00 (5.7%)
  2100-Feb-04 14:00:00 (9.5%)
  2100-Feb-18 12:00:00 (13.3%)
  2100-Mar-04 09:00:00 (17.1%)
  2100-Mar-18 07:00:00 (20.9%)
  2100-Apr-01 04:00:00 (24.7%)
  2100-Apr-15 01:00:00 (28.5%)
  2100-Apr-28 23:00:00 (32.3%)
  2100-May-12 20:00:00 (36.1%)
  2100-May-26 18:00:00 (39.9%)
  2100-Jun-09 15:00:00 (43.7%)
  2100-Jun-23 13:00:00 (47.5%)
  2100-Jul-07 10:00:00 (51.3%)
  2100-Jul-21 07:00:00 (55.1%)
  2100-Aug-04 05:00:00 (59%)
  2100-Aug-18 02:00:00 (62.8%)
  2100-Sep-01 00:00:00 (66.6%)
  2100-Sep-14 21:00:00 (70.4%)
  2100-Sep-28 18:00:00 (74.2%)
  2100-Oct-12 16:00:00 (78%)
  2100-Oct-26 13:00:00 (81.8%)
  2100-Nov-09 10:00:00 (85.6%)
  2100-Nov-23 08:00:00 (89.4%)
  2100-Dec-07 06:00:00 (93.2%)
  2100-Dec-21 03:00:00 (97%)
  2100-Dec-31 23:00:00 (100%)
Finished Program: 2014-Nov-17 14:16:12.781392
Elapsed Time: 00:00:51.649855
