instance.yaml
kiva v0.2.0-21-g785bfe1
Copyright (C) 2012-2014 Big Ladder Software
Web: www.bigladdersoftware.com

Starting Program: 2014-Nov-18 11:26:26.685542
Creating Domain...
  X Cells: 99
  Y Cells: 1
  Z Cells: 133
  Total Cells: 13167
Initializing Temperatures...
  2098-Oct-01 23:00:00
  2099-Jan-12 13:00:00
  2099-Jan-30 21:00:00
  2099-Feb-18 06:00:00
  2099-Mar-08 15:00:00
  2099-Mar-27 00:00:00
  2099-Apr-14 09:00:00
  2099-May-02 19:00:00
  2099-May-21 04:00:00
  2099-Jun-08 13:00:00
  2099-Jun-26 22:00:00
  2099-Jul-15 08:00:00
  2099-Aug-02 17:00:00
  2099-Aug-21 02:00:00
  2099-Sep-08 12:00:00
  2099-Sep-26 21:00:00
  2099-Oct-15 06:00:00
  2099-Nov-02 15:00:00
  2099-Nov-21 01:00:00
  2099-Dec-09 10:00:00
  2099-Dec-27 20:00:00
Beginning Simulation...
  2100-Jan-14 02:00:00 (3.6%)
  2100-Jan-31 00:00:00 (8.2%)
  2100-Feb-16 23:00:00 (12.9%)
  2100-Mar-05 21:00:00 (17.5%)
  2100-Mar-22 20:00:00 (22.1%)
  2100-Apr-08 18:00:00 (26.8%)
  2100-Apr-25 16:00:00 (31.4%)
  2100-May-12 15:00:00 (36.1%)
  2100-May-29 14:00:00 (40.7%)
  2100-Jun-15 12:00:00 (45.3%)
  2100-Jul-02 11:00:00 (50%)
  2100-Jul-19 07:00:00 (54.6%)
  2100-Aug-05 05:00:00 (59.2%)
  2100-Aug-22 04:00:00 (63.9%)
  2100-Sep-08 03:00:00 (68.5%)
  2100-Sep-25 02:00:00 (73.2%)
  2100-Oct-12 00:00:00 (77.8%)
  2100-Oct-28 23:00:00 (82.5%)
  2100-Nov-14 21:00:00 (87.1%)
  2100-Dec-01 20:00:00 (91.7%)
  2100-Dec-18 18:00:00 (96.4%)
  2100-Dec-31 23:00:00 (100%)
Finished Program: 2014-Nov-18 11:27:08.780243
Elapsed Time: 00:00:42.094701
