instance.yaml
kiva v0.2.0-8-gc565062
Copyright (C) 2012-2014 Big Ladder Software
Web: www.bigladdersoftware.com

Starting Program: 2014-Oct-02 14:41:05.337071
Creating Domain...
  X Cells: 95
  Y Cells: 1
  Z Cells: 279
  Total Cells: 26505
Initializing Temperatures...
  2098-Oct-01 23:00:00
  2098-Nov-19 23:00:00
  2098-Dec-31 23:00:00
  2099-Jan-07 23:00:00
  2099-Jan-17 21:00:00
  2099-Jan-27 19:00:00
  2099-Feb-06 18:00:00
  2099-Feb-16 15:00:00
  2099-Feb-26 13:00:00
  2099-Mar-08 12:00:00
  2099-Mar-18 10:00:00
  2099-Mar-28 08:00:00
  2099-Apr-07 06:00:00
  2099-Apr-17 05:00:00
  2099-Apr-27 03:00:00
  2099-May-07 01:00:00
  2099-May-16 23:00:00
  2099-May-26 21:00:00
  2099-Jun-05 20:00:00
  2099-Jun-15 18:00:00
  2099-Jun-25 16:00:00
  2099-Jul-05 14:00:00
  2099-Jul-15 12:00:00
  2099-Jul-25 10:00:00
  2099-Aug-04 09:00:00
  2099-Aug-14 07:00:00
  2099-Aug-24 05:00:00
  2099-Sep-03 04:00:00
  2099-Sep-13 02:00:00
  2099-Sep-23 00:00:00
  2099-Oct-02 23:00:00
  2099-Oct-12 21:00:00
  2099-Oct-22 19:00:00
  2099-Nov-01 18:00:00
  2099-Nov-11 16:00:00
  2099-Nov-21 14:00:00
  2099-Dec-01 13:00:00
  2099-Dec-11 11:00:00
  2099-Dec-21 09:00:00
  2099-Dec-31 08:00:00
Beginning Simulation...
  2100-Jan-10 03:00:00 (2.5%)
  2100-Jan-19 22:00:00 (5.2%)
  2100-Jan-29 18:00:00 (7.9%)
  2100-Feb-08 13:00:00 (10.6%)
  2100-Feb-18 08:00:00 (13.2%)
  2100-Feb-28 03:00:00 (15.9%)
  2100-Mar-09 23:00:00 (18.6%)
  2100-Mar-19 18:00:00 (21.3%)
  2100-Mar-29 13:00:00 (24%)
  2100-Apr-08 09:00:00 (26.7%)
  2100-Apr-18 04:00:00 (29.4%)
  2100-Apr-27 23:00:00 (32%)
  2100-May-07 17:00:00 (34.7%)
  2100-May-17 13:00:00 (37.4%)
  2100-May-27 08:00:00 (40.1%)
  2100-Jun-06 03:00:00 (42.8%)
  2100-Jun-15 22:00:00 (45.5%)
  2100-Jun-25 18:00:00 (48.2%)
  2100-Jul-05 13:00:00 (50.8%)
  2100-Jul-15 08:00:00 (53.5%)
  2100-Jul-25 03:00:00 (56.2%)
  2100-Aug-04 00:00:00 (58.9%)
  2100-Aug-13 22:00:00 (61.6%)
  2100-Aug-23 21:00:00 (64.3%)
  2100-Sep-02 19:00:00 (67.1%)
  2100-Sep-12 17:00:00 (69.8%)
  2100-Sep-22 15:00:00 (72.5%)
  2100-Oct-02 14:00:00 (75.2%)
  2100-Oct-12 12:00:00 (77.9%)
  2100-Oct-22 10:00:00 (80.7%)
  2100-Nov-01 08:00:00 (83.4%)
  2100-Nov-11 06:00:00 (86.1%)
  2100-Nov-21 05:00:00 (88.8%)
  2100-Dec-01 01:00:00 (91.5%)
  2100-Dec-10 23:00:00 (94.2%)
  2100-Dec-20 22:00:00 (97%)
  2100-Dec-30 20:00:00 (99.7%)
  2100-Dec-31 23:00:00 (100%)
Finished Program: 2014-Oct-02 14:42:22.115112
Elapsed Time: 00:01:16.778041

