instance.yaml
kiva v0.2.0-21-g785bfe1
Copyright (C) 2012-2014 Big Ladder Software
Web: www.bigladdersoftware.com

Starting Program: 2014-Nov-18 11:23:25.675012
Creating Domain...
  X Cells: 130
  Y Cells: 1
  Z Cells: 132
  Total Cells: 17160
Initializing Temperatures...
  2098-Oct-15 23:00:00
  2099-Jan-09 00:00:00
  2099-Jan-23 16:00:00
  2099-Feb-07 07:00:00
  2099-Feb-21 23:00:00
  2099-Mar-08 15:00:00
  2099-Mar-23 07:00:00
  2099-Apr-06 23:00:00
  2099-Apr-21 15:00:00
  2099-May-06 07:00:00
  2099-May-20 23:00:00
  2099-Jun-04 15:00:00
  2099-Jun-19 07:00:00
  2099-Jul-03 23:00:00
  2099-Jul-18 15:00:00
  2099-Aug-02 07:00:00
  2099-Aug-16 23:00:00
  2099-Aug-31 14:00:00
  2099-Sep-15 06:00:00
  2099-Sep-29 22:00:00
  2099-Oct-14 14:00:00
  2099-Oct-29 06:00:00
  2099-Nov-12 22:00:00
  2099-Nov-27 14:00:00
  2099-Dec-12 06:00:00
  2099-Dec-26 22:00:00
Beginning Simulation...
  2100-Jan-10 00:00:00 (2.5%)
  2100-Jan-23 18:00:00 (6.2%)
  2100-Feb-06 12:00:00 (10%)
  2100-Feb-20 06:00:00 (13.8%)
  2100-Mar-06 01:00:00 (17.5%)
  2100-Mar-19 19:00:00 (21.3%)
  2100-Apr-02 13:00:00 (25.1%)
  2100-Apr-16 07:00:00 (28.8%)
  2100-Apr-30 00:00:00 (32.6%)
  2100-May-13 18:00:00 (36.4%)
  2100-May-27 13:00:00 (40.1%)
  2100-Jun-10 07:00:00 (43.9%)
  2100-Jun-24 01:00:00 (47.7%)
  2100-Jul-07 19:00:00 (51.4%)
  2100-Jul-21 13:00:00 (55.2%)
  2100-Aug-04 07:00:00 (59%)
  2100-Aug-18 02:00:00 (62.8%)
  2100-Aug-31 20:00:00 (66.5%)
  2100-Sep-14 14:00:00 (70.3%)
  2100-Sep-28 08:00:00 (74.1%)
  2100-Oct-12 02:00:00 (77.8%)
  2100-Oct-25 20:00:00 (81.6%)
  2100-Nov-08 14:00:00 (85.4%)
  2100-Nov-22 08:00:00 (89.1%)
  2100-Dec-06 02:00:00 (92.9%)
  2100-Dec-19 20:00:00 (96.7%)
  2100-Dec-31 23:00:00 (100%)
Finished Program: 2014-Nov-18 11:24:17.883113
Elapsed Time: 00:00:52.208101
