instance.yaml
kiva v0.2.0-9-g526928a
Copyright (C) 2012-2014 Big Ladder Software
Web: www.bigladdersoftware.com

Starting Program: 2014-Oct-26 15:42:26.653292
Creating Domain...
  X Cells: 98
  Y Cells: 1
  Z Cells: 158
  Total Cells: 15484
Initializing Temperatures...
  2098-Oct-01 23:00:00
  2099-Jan-04 18:00:00
  2099-Jan-18 15:00:00
  2099-Feb-05 23:00:00
  2099-Feb-24 07:00:00
  2099-Mar-14 15:00:00
  2099-Apr-01 23:00:00
  2099-Apr-20 07:00:00
  2099-May-08 15:00:00
  2099-May-26 22:00:00
  2099-Jun-14 05:00:00
  2099-Jul-02 13:00:00
  2099-Jul-20 20:00:00
  2099-Aug-08 03:00:00
  2099-Aug-26 09:00:00
  2099-Sep-13 16:00:00
  2099-Oct-02 00:00:00
  2099-Oct-20 07:00:00
  2099-Nov-07 15:00:00
  2099-Nov-25 23:00:00
  2099-Dec-14 07:00:00
Beginning Simulation...
  2100-Jan-01 13:00:00 (0.1%)
  2100-Jan-18 08:00:00 (4.7%)
  2100-Feb-04 02:00:00 (9.3%)
  2100-Feb-20 20:00:00 (13.9%)
  2100-Mar-09 15:00:00 (18.5%)
  2100-Mar-26 09:00:00 (23.1%)
  2100-Apr-12 04:00:00 (27.7%)
  2100-Apr-28 22:00:00 (32.3%)
  2100-May-15 16:00:00 (36.9%)
  2100-Jun-01 10:00:00 (41.5%)
  2100-Jun-18 03:00:00 (46.1%)
  2100-Jul-04 21:00:00 (50.7%)
  2100-Jul-21 13:00:00 (55.2%)
  2100-Aug-07 07:00:00 (59.8%)
  2100-Aug-24 00:00:00 (64.4%)
  2100-Sep-09 18:00:00 (69%)
  2100-Sep-26 12:00:00 (73.6%)
  2100-Oct-13 06:00:00 (78.2%)
  2100-Oct-29 23:00:00 (82.7%)
  2100-Nov-15 17:00:00 (87.3%)
  2100-Dec-02 11:00:00 (91.9%)
  2100-Dec-19 06:00:00 (96.5%)
  2100-Dec-31 23:00:00 (100%)
Finished Program: 2014-Oct-26 15:43:09.760274
Elapsed Time: 00:00:43.106982
