instance.yaml
kiva v0.2.0-21-g785bfe1
Copyright (C) 2012-2014 Big Ladder Software
Web: www.bigladdersoftware.com

Starting Program: 2014-Nov-18 11:12:24.253799
Creating Domain...
  X Cells: 181
  Y Cells: 1
  Z Cells: 125
  Total Cells: 22625
Initializing Temperatures...
  2098-Dec-03 23:00:00
  2099-Jan-09 05:00:00
  2099-Jan-19 10:00:00
  2099-Jan-29 15:00:00
  2099-Feb-08 20:00:00
  2099-Feb-19 00:00:00
  2099-Mar-01 05:00:00
  2099-Mar-11 10:00:00
  2099-Mar-21 15:00:00
  2099-Mar-31 20:00:00
  2099-Apr-11 01:00:00
  2099-Apr-21 05:00:00
  2099-May-01 10:00:00
  2099-May-11 15:00:00
  2099-May-21 20:00:00
  2099-Jun-01 01:00:00
  2099-Jun-11 06:00:00
  2099-Jun-21 11:00:00
  2099-Jul-01 16:00:00
  2099-Jul-11 20:00:00
  2099-Jul-22 01:00:00
  2099-Aug-01 05:00:00
  2099-Aug-11 10:00:00
  2099-Aug-21 15:00:00
  2099-Aug-31 20:00:00
  2099-Sep-11 00:00:00
  2099-Sep-21 05:00:00
  2099-Oct-01 10:00:00
  2099-Oct-11 15:00:00
  2099-Oct-21 19:00:00
  2099-Nov-01 00:00:00
  2099-Nov-11 05:00:00
  2099-Nov-21 10:00:00
  2099-Dec-01 14:00:00
  2099-Dec-11 19:00:00
  2099-Dec-22 00:00:00
Beginning Simulation...
  2100-Jan-01 05:00:00 (0.1%)
  2100-Jan-10 17:00:00 (2.7%)
  2100-Jan-20 05:00:00 (5.3%)
  2100-Jan-29 17:00:00 (7.9%)
  2100-Feb-08 05:00:00 (10.5%)
  2100-Feb-17 16:00:00 (13.1%)
  2100-Feb-27 04:00:00 (15.7%)
  2100-Mar-08 17:00:00 (18.3%)
  2100-Mar-18 04:00:00 (20.9%)
  2100-Mar-27 17:00:00 (23.5%)
  2100-Apr-06 05:00:00 (26.1%)
  2100-Apr-15 17:00:00 (28.7%)
  2100-Apr-25 05:00:00 (31.3%)
  2100-May-04 17:00:00 (33.9%)
  2100-May-14 04:00:00 (36.5%)
  2100-May-23 17:00:00 (39.1%)
  2100-Jun-02 05:00:00 (41.7%)
  2100-Jun-11 17:00:00 (44.3%)
  2100-Jun-21 05:00:00 (46.9%)
  2100-Jun-30 17:00:00 (49.5%)
  2100-Jul-10 05:00:00 (52.1%)
  2100-Jul-19 17:00:00 (54.7%)
  2100-Jul-29 05:00:00 (57.3%)
  2100-Aug-07 17:00:00 (59.9%)
  2100-Aug-17 06:00:00 (62.5%)
  2100-Aug-26 21:00:00 (65.2%)
  2100-Sep-05 13:00:00 (67.8%)
  2100-Sep-15 05:00:00 (70.5%)
  2100-Sep-24 21:00:00 (73.1%)
  2100-Oct-04 12:00:00 (75.8%)
  2100-Oct-14 03:00:00 (78.4%)
  2100-Oct-23 19:00:00 (81%)
  2100-Nov-02 11:00:00 (83.7%)
  2100-Nov-12 02:00:00 (86.3%)
  2100-Nov-21 17:00:00 (89%)
  2100-Dec-01 08:00:00 (91.6%)
  2100-Dec-11 00:00:00 (94.2%)
  2100-Dec-20 16:00:00 (96.9%)
  2100-Dec-30 08:00:00 (99.5%)
  2100-Dec-31 23:00:00 (100%)
Finished Program: 2014-Nov-18 11:13:39.172484
Elapsed Time: 00:01:14.918685
