instance.yaml
kiva v0.2.0-22-gd89b213
Copyright (C) 2012-2014 Big Ladder Software
Web: www.bigladdersoftware.com

Starting Program: 2014-Nov-19 10:36:54.292143
Creating Domain...
  X Cells: 227
  Y Cells: 1
  Z Cells: 96
  Total Cells: 21792
Initializing Temperatures...
  2098-Dec-03 23:00:00
  2099-Jan-08 19:00:00
  2099-Jan-18 19:00:00
  2099-Jan-28 19:00:00
  2099-Feb-07 18:00:00
  2099-Feb-17 18:00:00
  2099-Feb-27 18:00:00
  2099-Mar-09 18:00:00
  2099-Mar-19 18:00:00
  2099-Mar-29 18:00:00
  2099-Apr-08 18:00:00
  2099-Apr-18 18:00:00
  2099-Apr-28 18:00:00
  2099-May-08 18:00:00
  2099-May-18 18:00:00
  2099-May-28 18:00:00
  2099-Jun-07 18:00:00
  2099-Jun-17 18:00:00
  2099-Jun-27 18:00:00
  2099-Jul-07 18:00:00
  2099-Jul-17 18:00:00
  2099-Jul-27 18:00:00
  2099-Aug-06 18:00:00
  2099-Aug-16 18:00:00
  2099-Aug-26 19:00:00
  2099-Sep-05 20:00:00
  2099-Sep-15 22:00:00
  2099-Sep-25 23:00:00
  2099-Oct-06 01:00:00
  2099-Oct-16 03:00:00
  2099-Oct-26 04:00:00
  2099-Nov-05 06:00:00
  2099-Nov-15 08:00:00
  2099-Nov-25 10:00:00
  2099-Dec-05 11:00:00
  2099-Dec-15 13:00:00
  2099-Dec-25 15:00:00
Beginning Simulation...
  2100-Jan-04 14:00:00 (1%)
  2100-Jan-14 09:00:00 (3.7%)
  2100-Jan-24 05:00:00 (6.4%)
  2100-Feb-03 01:00:00 (9.1%)
  2100-Feb-12 21:00:00 (11.7%)
  2100-Feb-22 16:00:00 (14.4%)
  2100-Mar-04 12:00:00 (17.1%)
  2100-Mar-14 07:00:00 (19.8%)
  2100-Mar-24 03:00:00 (22.5%)
  2100-Apr-02 23:00:00 (25.2%)
  2100-Apr-12 19:00:00 (27.9%)
  2100-Apr-22 14:00:00 (30.6%)
  2100-May-02 10:00:00 (33.3%)
  2100-May-12 06:00:00 (36%)
  2100-May-22 02:00:00 (38.7%)
  2100-May-31 21:00:00 (41.3%)
  2100-Jun-10 17:00:00 (44%)
  2100-Jun-20 12:00:00 (46.7%)
  2100-Jun-30 08:00:00 (49.4%)
  2100-Jul-10 04:00:00 (52.1%)
  2100-Jul-19 23:00:00 (54.8%)
  2100-Jul-29 19:00:00 (57.5%)
  2100-Aug-08 15:00:00 (60.2%)
  2100-Aug-18 10:00:00 (62.9%)
  2100-Aug-28 06:00:00 (65.5%)
  2100-Sep-07 02:00:00 (68.2%)
  2100-Sep-16 22:00:00 (70.9%)
  2100-Sep-26 17:00:00 (73.6%)
  2100-Oct-06 13:00:00 (76.3%)
  2100-Oct-16 09:00:00 (79%)
  2100-Oct-26 05:00:00 (81.7%)
  2100-Nov-04 23:00:00 (84.4%)
  2100-Nov-14 19:00:00 (87.1%)
  2100-Nov-24 14:00:00 (89.7%)
  2100-Dec-04 10:00:00 (92.4%)
  2100-Dec-14 06:00:00 (95.1%)
  2100-Dec-24 01:00:00 (97.8%)
  2100-Dec-31 23:00:00 (100%)
Finished Program: 2014-Nov-19 10:38:08.806757
Elapsed Time: 00:01:14.514614
