instance.yaml
kiva v0.2.0-9-g526928a
Copyright (C) 2012-2014 Big Ladder Software
Web: www.bigladdersoftware.com

Starting Program: 2014-Oct-26 15:42:36.832736
Creating Domain...
  X Cells: 105
  Y Cells: 1
  Z Cells: 133
  Total Cells: 13965
Initializing Temperatures...
  2098-Dec-10 23:00:00
  2099-Jan-15 01:00:00
  2099-Feb-04 03:00:00
  2099-Feb-24 03:00:00
  2099-Mar-16 05:00:00
  2099-Apr-05 06:00:00
  2099-Apr-25 08:00:00
  2099-May-15 10:00:00
  2099-Jun-04 12:00:00
  2099-Jun-24 14:00:00
  2099-Jul-14 16:00:00
  2099-Aug-03 18:00:00
  2099-Aug-23 20:00:00
  2099-Sep-12 23:00:00
  2099-Oct-03 00:00:00
  2099-Oct-23 02:00:00
  2099-Nov-12 04:00:00
  2099-Dec-02 06:00:00
  2099-Dec-22 08:00:00
Beginning Simulation...
  2100-Jan-10 15:00:00 (2.6%)
  2100-Jan-29 06:00:00 (7.7%)
  2100-Feb-16 20:00:00 (12.8%)
  2100-Mar-07 11:00:00 (17.9%)
  2100-Mar-26 01:00:00 (23%)
  2100-Apr-13 16:00:00 (28.1%)
  2100-May-02 07:00:00 (33.2%)
  2100-May-20 22:00:00 (38.3%)
  2100-Jun-08 13:00:00 (43.4%)
  2100-Jun-27 04:00:00 (48.5%)
  2100-Jul-15 19:00:00 (53.6%)
  2100-Aug-03 08:00:00 (58.7%)
  2100-Aug-21 23:00:00 (63.8%)
  2100-Sep-09 14:00:00 (68.9%)
  2100-Sep-28 07:00:00 (74.1%)
  2100-Oct-16 23:00:00 (79.2%)
  2100-Nov-04 15:00:00 (84.3%)
  2100-Nov-23 07:00:00 (89.4%)
  2100-Dec-11 23:00:00 (94.5%)
  2100-Dec-30 15:00:00 (99.6%)
  2100-Dec-31 23:00:00 (100%)
Finished Program: 2014-Oct-26 15:43:16.072638
Elapsed Time: 00:00:39.239902
