instance.yaml
kiva v0.2.0-21-g785bfe1
Copyright (C) 2012-2014 Big Ladder Software
Web: www.bigladdersoftware.com

Starting Program: 2014-Nov-18 11:52:28.161556
Creating Domain...
  X Cells: 238
  Y Cells: 1
  Z Cells: 96
  Total Cells: 22848
Initializing Temperatures...
  2098-Dec-03 23:00:00
  2099-Jan-07 10:00:00
  2099-Jan-16 16:00:00
  2099-Jan-25 21:00:00
  2099-Feb-04 02:00:00
  2099-Feb-13 08:00:00
  2099-Feb-22 13:00:00
  2099-Mar-03 18:00:00
  2099-Mar-12 23:00:00
  2099-Mar-22 05:00:00
  2099-Mar-31 10:00:00
  2099-Apr-09 15:00:00
  2099-Apr-18 20:00:00
  2099-Apr-28 01:00:00
  2099-May-07 07:00:00
  2099-May-16 12:00:00
  2099-May-25 17:00:00
  2099-Jun-03 23:00:00
  2099-Jun-13 04:00:00
  2099-Jun-22 10:00:00
  2099-Jul-01 15:00:00
  2099-Jul-10 20:00:00
  2099-Jul-20 02:00:00
  2099-Jul-29 07:00:00
  2099-Aug-07 12:00:00
  2099-Aug-16 18:00:00
  2099-Aug-25 23:00:00
  2099-Sep-04 04:00:00
  2099-Sep-13 10:00:00
  2099-Sep-22 15:00:00
  2099-Oct-01 20:00:00
  2099-Oct-11 02:00:00
  2099-Oct-20 07:00:00
  2099-Oct-29 13:00:00
  2099-Nov-07 18:00:00
  2099-Nov-16 23:00:00
  2099-Nov-26 05:00:00
  2099-Dec-05 10:00:00
  2099-Dec-14 16:00:00
  2099-Dec-23 21:00:00
Beginning Simulation...
  2100-Jan-02 02:00:00 (0.3%)
  2100-Jan-11 04:00:00 (2.8%)
  2100-Jan-20 06:00:00 (5.3%)
  2100-Jan-29 07:00:00 (7.8%)
  2100-Feb-07 09:00:00 (10.2%)
  2100-Feb-16 10:00:00 (12.7%)
  2100-Feb-25 10:00:00 (15.2%)
  2100-Mar-06 10:00:00 (17.6%)
  2100-Mar-15 11:00:00 (20.1%)
  2100-Mar-24 11:00:00 (22.6%)
  2100-Apr-02 12:00:00 (25.1%)
  2100-Apr-11 12:00:00 (27.5%)
  2100-Apr-20 12:00:00 (30%)
  2100-Apr-29 13:00:00 (32.5%)
  2100-May-08 13:00:00 (34.9%)
  2100-May-17 13:00:00 (37.4%)
  2100-May-26 14:00:00 (39.9%)
  2100-Jun-04 15:00:00 (42.4%)
  2100-Jun-13 15:00:00 (44.8%)
  2100-Jun-22 15:00:00 (47.3%)
  2100-Jul-01 16:00:00 (49.8%)
  2100-Jul-10 16:00:00 (52.2%)
  2100-Jul-19 17:00:00 (54.7%)
  2100-Jul-28 17:00:00 (57.2%)
  2100-Aug-06 18:00:00 (59.7%)
  2100-Aug-15 18:00:00 (62.1%)
  2100-Aug-24 19:00:00 (64.6%)
  2100-Sep-02 19:00:00 (67.1%)
  2100-Sep-11 20:00:00 (69.5%)
  2100-Sep-20 20:00:00 (72%)
  2100-Sep-29 21:00:00 (74.5%)
  2100-Oct-08 22:00:00 (77%)
  2100-Oct-17 22:00:00 (79.4%)
  2100-Oct-26 22:00:00 (81.9%)
  2100-Nov-04 23:00:00 (84.4%)
  2100-Nov-13 23:00:00 (86.8%)
  2100-Nov-23 00:00:00 (89.3%)
  2100-Dec-02 00:00:00 (91.8%)
  2100-Dec-11 00:00:00 (94.2%)
  2100-Dec-20 01:00:00 (96.7%)
  2100-Dec-29 01:00:00 (99.2%)
  2100-Dec-31 23:00:00 (100%)
Finished Program: 2014-Nov-18 11:53:49.323633
Elapsed Time: 00:01:21.162077
