instance.yaml
kiva v0.2.0-21-g785bfe1
Copyright (C) 2012-2014 Big Ladder Software
Web: www.bigladdersoftware.com

Starting Program: 2014-Nov-18 11:07:25.812331
Creating Domain...
  X Cells: 85
  Y Cells: 1
  Z Cells: 113
  Total Cells: 9605
Initializing Temperatures...
  2098-Oct-01 23:00:00
  2099-Jan-16 20:00:00
  2099-Feb-10 10:00:00
  2099-Mar-07 00:00:00
  2099-Mar-31 14:00:00
  2099-Apr-25 04:00:00
  2099-May-19 18:00:00
  2099-Jun-13 08:00:00
  2099-Jul-07 23:00:00
  2099-Aug-01 13:00:00
  2099-Aug-26 03:00:00
  2099-Sep-19 17:00:00
  2099-Oct-14 07:00:00
  2099-Nov-07 22:00:00
  2099-Dec-02 12:00:00
  2099-Dec-27 02:00:00
Beginning Simulation...
  2100-Jan-20 05:00:00 (5.3%)
  2100-Feb-13 06:00:00 (11.8%)
  2100-Mar-09 07:00:00 (18.4%)
  2100-Apr-02 07:00:00 (25%)
  2100-Apr-26 08:00:00 (31.6%)
  2100-May-20 09:00:00 (38.2%)
  2100-Jun-13 10:00:00 (44.8%)
  2100-Jul-07 11:00:00 (51.4%)
  2100-Jul-31 12:00:00 (57.9%)
  2100-Aug-24 12:00:00 (64.5%)
  2100-Sep-17 13:00:00 (71.1%)
  2100-Oct-11 14:00:00 (77.7%)
  2100-Nov-04 15:00:00 (84.3%)
  2100-Nov-28 15:00:00 (90.9%)
  2100-Dec-22 16:00:00 (97.4%)
  2100-Dec-31 23:00:00 (100%)
Finished Program: 2014-Nov-18 11:07:56.387213
Elapsed Time: 00:00:30.574882
