instance.yaml
kiva v0.2.0-20-g4c7c200
Copyright (C) 2012-2014 Big Ladder Software
Web: www.bigladdersoftware.com

Starting Program: 2014-Nov-17 14:13:21.212080
Creating Domain...
  X Cells: 102
  Y Cells: 1
  Z Cells: 133
  Total Cells: 13566
Initializing Temperatures...
  2099-Jan-02 05:00:00
  2099-Jan-20 04:00:00
  2099-Feb-07 04:00:00
  2099-Feb-25 03:00:00
  2099-Mar-15 02:00:00
  2099-Apr-02 02:00:00
  2099-Apr-20 01:00:00
  2099-May-08 00:00:00
  2099-May-26 00:00:00
  2099-Jun-12 23:00:00
  2099-Jun-30 23:00:00
  2099-Jul-18 22:00:00
  2099-Aug-05 22:00:00
  2099-Aug-23 21:00:00
  2099-Sep-10 21:00:00
  2099-Sep-28 20:00:00
  2099-Oct-16 20:00:00
  2099-Nov-03 20:00:00
  2099-Nov-21 19:00:00
  2099-Dec-09 19:00:00
  2099-Dec-27 19:00:00
Beginning Simulation...
  2100-Jan-13 16:00:00 (3.5%)
  2100-Jan-30 06:00:00 (8%)
  2100-Feb-15 19:00:00 (12.5%)
  2100-Mar-04 08:00:00 (17.1%)
  2100-Mar-20 22:00:00 (21.6%)
  2100-Apr-06 11:00:00 (26.2%)
  2100-Apr-23 01:00:00 (30.7%)
  2100-May-09 15:00:00 (35.2%)
  2100-May-26 05:00:00 (39.8%)
  2100-Jun-11 19:00:00 (44.3%)
  2100-Jun-28 08:00:00 (48.9%)
  2100-Jul-14 22:00:00 (53.4%)
  2100-Jul-31 10:00:00 (57.9%)
  2100-Aug-17 00:00:00 (62.5%)
  2100-Sep-02 13:00:00 (67%)
  2100-Sep-19 03:00:00 (71.5%)
  2100-Oct-05 17:00:00 (76.1%)
  2100-Oct-22 07:00:00 (80.6%)
  2100-Nov-07 21:00:00 (85.2%)
  2100-Nov-24 11:00:00 (89.7%)
  2100-Dec-11 00:00:00 (94.2%)
  2100-Dec-27 14:00:00 (98.8%)
  2100-Dec-31 23:00:00 (100%)
Finished Program: 2014-Nov-17 14:14:04.265074
Elapsed Time: 00:00:43.052994
