instance.yaml
kiva v0.2.0-21-g785bfe1
Copyright (C) 2012-2014 Big Ladder Software
Web: www.bigladdersoftware.com

Starting Program: 2014-Nov-18 11:05:26.716489
Creating Domain...
  X Cells: 169
  Y Cells: 1
  Z Cells: 125
  Total Cells: 21125
Initializing Temperatures...
  2098-Oct-01 23:00:00
  2099-Jan-05 09:00:00
  2099-Jan-16 23:00:00
  2099-Jan-28 12:00:00
  2099-Feb-09 02:00:00
  2099-Feb-20 15:00:00
  2099-Mar-04 05:00:00
  2099-Mar-15 18:00:00
  2099-Mar-27 08:00:00
  2099-Apr-07 21:00:00
  2099-Apr-19 11:00:00
  2099-May-01 00:00:00
  2099-May-12 14:00:00
  2099-May-24 04:00:00
  2099-Jun-04 17:00:00
  2099-Jun-16 07:00:00
  2099-Jun-27 21:00:00
  2099-Jul-09 10:00:00
  2099-Jul-21 00:00:00
  2099-Aug-01 13:00:00
  2099-Aug-13 03:00:00
  2099-Aug-24 17:00:00
  2099-Sep-05 06:00:00
  2099-Sep-16 21:00:00
  2099-Sep-28 11:00:00
  2099-Oct-10 02:00:00
  2099-Oct-21 16:00:00
  2099-Nov-02 07:00:00
  2099-Nov-13 21:00:00
  2099-Nov-25 12:00:00
  2099-Dec-07 02:00:00
  2099-Dec-18 16:00:00
  2099-Dec-30 07:00:00
Beginning Simulation...
  2100-Jan-10 04:00:00 (2.5%)
  2100-Jan-20 22:00:00 (5.5%)
  2100-Jan-31 16:00:00 (8.4%)
  2100-Feb-11 10:00:00 (11.3%)
  2100-Feb-22 04:00:00 (14.3%)
  2100-Mar-04 21:00:00 (17.2%)
  2100-Mar-15 15:00:00 (20.2%)
  2100-Mar-26 09:00:00 (23.1%)
  2100-Apr-06 02:00:00 (26.1%)
  2100-Apr-16 20:00:00 (29%)
  2100-Apr-27 14:00:00 (31.9%)
  2100-May-08 08:00:00 (34.9%)
  2100-May-19 02:00:00 (37.8%)
  2100-May-29 20:00:00 (40.8%)
  2100-Jun-09 15:00:00 (43.7%)
  2100-Jun-20 09:00:00 (46.7%)
  2100-Jul-01 03:00:00 (49.6%)
  2100-Jul-11 22:00:00 (52.6%)
  2100-Jul-22 16:00:00 (55.5%)
  2100-Aug-02 10:00:00 (58.5%)
  2100-Aug-13 04:00:00 (61.4%)
  2100-Aug-23 22:00:00 (64.4%)
  2100-Sep-03 17:00:00 (67.3%)
  2100-Sep-14 11:00:00 (70.3%)
  2100-Sep-25 05:00:00 (73.2%)
  2100-Oct-06 00:00:00 (76.2%)
  2100-Oct-16 18:00:00 (79.1%)
  2100-Oct-27 12:00:00 (82.1%)
  2100-Nov-07 06:00:00 (85%)
  2100-Nov-18 00:00:00 (87.9%)
  2100-Nov-28 18:00:00 (90.9%)
  2100-Dec-09 12:00:00 (93.8%)
  2100-Dec-20 06:00:00 (96.8%)
  2100-Dec-31 00:00:00 (99.7%)
  2100-Dec-31 23:00:00 (100%)
Finished Program: 2014-Nov-18 11:06:33.092494
Elapsed Time: 00:01:06.376005
