instance.yaml
kiva v0.2.0-22-gd89b213
Copyright (C) 2012-2014 Big Ladder Software
Web: www.bigladdersoftware.com

Starting Program: 2014-Nov-19 10:38:45.267595
Creating Domain...
  X Cells: 165
  Y Cells: 1
  Z Cells: 133
  Total Cells: 21945
Initializing Temperatures...
  2098-Dec-03 23:00:00
  2099-Jan-09 16:00:00
  2099-Jan-20 20:00:00
  2099-Feb-01 01:00:00
  2099-Feb-12 05:00:00
  2099-Feb-23 10:00:00
  2099-Mar-06 14:00:00
  2099-Mar-17 19:00:00
  2099-Mar-28 23:00:00
  2099-Apr-09 04:00:00
  2099-Apr-20 08:00:00
  2099-May-01 13:00:00
  2099-May-12 17:00:00
  2099-May-23 21:00:00
  2099-Jun-04 02:00:00
  2099-Jun-15 06:00:00
  2099-Jun-26 11:00:00
  2099-Jul-07 15:00:00
  2099-Jul-18 20:00:00
  2099-Jul-30 00:00:00
  2099-Aug-10 04:00:00
  2099-Aug-21 09:00:00
  2099-Sep-01 13:00:00
  2099-Sep-12 18:00:00
  2099-Sep-23 22:00:00
  2099-Oct-05 03:00:00
  2099-Oct-16 07:00:00
  2099-Oct-27 12:00:00
  2099-Nov-07 17:00:00
  2099-Nov-18 21:00:00
  2099-Nov-30 02:00:00
  2099-Dec-11 07:00:00
  2099-Dec-22 11:00:00
Beginning Simulation...
  2100-Jan-02 13:00:00 (0.4%)
  2100-Jan-12 19:00:00 (3.2%)
  2100-Jan-23 01:00:00 (6%)
  2100-Feb-02 07:00:00 (8.8%)
  2100-Feb-12 13:00:00 (11.7%)
  2100-Feb-22 19:00:00 (14.5%)
  2100-Mar-05 01:00:00 (17.3%)
  2100-Mar-15 08:00:00 (20.1%)
  2100-Mar-25 14:00:00 (22.9%)
  2100-Apr-04 20:00:00 (25.7%)
  2100-Apr-15 02:00:00 (28.5%)
  2100-Apr-25 08:00:00 (31.3%)
  2100-May-05 14:00:00 (34.1%)
  2100-May-15 20:00:00 (36.9%)
  2100-May-26 02:00:00 (39.7%)
  2100-Jun-05 08:00:00 (42.6%)
  2100-Jun-15 14:00:00 (45.4%)
  2100-Jun-25 20:00:00 (48.2%)
  2100-Jul-06 03:00:00 (51%)
  2100-Jul-16 09:00:00 (53.8%)
  2100-Jul-26 15:00:00 (56.6%)
  2100-Aug-05 22:00:00 (59.4%)
  2100-Aug-16 04:00:00 (62.2%)
  2100-Aug-26 10:00:00 (65%)
  2100-Sep-05 16:00:00 (67.9%)
  2100-Sep-15 22:00:00 (70.7%)
  2100-Sep-26 05:00:00 (73.5%)
  2100-Oct-06 11:00:00 (76.3%)
  2100-Oct-16 17:00:00 (79.1%)
  2100-Oct-26 23:00:00 (81.9%)
  2100-Nov-06 06:00:00 (84.7%)
  2100-Nov-16 12:00:00 (87.5%)
  2100-Nov-26 18:00:00 (90.3%)
  2100-Dec-07 01:00:00 (93.2%)
  2100-Dec-17 04:00:00 (95.9%)
  2100-Dec-27 10:00:00 (98.7%)
  2100-Dec-31 23:00:00 (100%)
Finished Program: 2014-Nov-19 10:39:54.444292
Elapsed Time: 00:01:09.176697
