instance.yaml
kiva v0.2.0-21-g785bfe1
Copyright (C) 2012-2014 Big Ladder Software
Web: www.bigladdersoftware.com

Starting Program: 2014-Nov-18 11:07:25.744553
Creating Domain...
  X Cells: 185
  Y Cells: 1
  Z Cells: 113
  Total Cells: 20905
Initializing Temperatures...
  2098-Oct-01 23:00:00
  2099-Jan-04 00:00:00
  2099-Jan-14 16:00:00
  2099-Jan-25 08:00:00
  2099-Feb-05 01:00:00
  2099-Feb-15 17:00:00
  2099-Feb-26 09:00:00
  2099-Mar-09 01:00:00
  2099-Mar-19 17:00:00
  2099-Mar-30 10:00:00
  2099-Apr-10 02:00:00
  2099-Apr-20 18:00:00
  2099-May-01 11:00:00
  2099-May-12 03:00:00
  2099-May-22 19:00:00
  2099-Jun-02 12:00:00
  2099-Jun-13 04:00:00
  2099-Jun-23 21:00:00
  2099-Jul-04 13:00:00
  2099-Jul-15 05:00:00
  2099-Jul-25 22:00:00
  2099-Aug-05 14:00:00
  2099-Aug-16 06:00:00
  2099-Aug-26 23:00:00
  2099-Sep-06 15:00:00
  2099-Sep-17 07:00:00
  2099-Sep-28 00:00:00
  2099-Oct-08 16:00:00
  2099-Oct-19 08:00:00
  2099-Oct-30 01:00:00
  2099-Nov-09 17:00:00
  2099-Nov-20 09:00:00
  2099-Dec-01 02:00:00
  2099-Dec-11 18:00:00
  2099-Dec-22 10:00:00
Beginning Simulation...
  2100-Jan-02 02:00:00 (0.3%)
  2100-Jan-12 14:00:00 (3.2%)
  2100-Jan-23 03:00:00 (6.1%)
  2100-Feb-02 16:00:00 (8.9%)
  2100-Feb-13 04:00:00 (11.8%)
  2100-Feb-23 17:00:00 (14.7%)
  2100-Mar-06 05:00:00 (17.6%)
  2100-Mar-16 18:00:00 (20.5%)
  2100-Mar-27 06:00:00 (23.4%)
  2100-Apr-06 21:00:00 (26.3%)
  2100-Apr-17 12:00:00 (29.2%)
  2100-Apr-28 02:00:00 (32.1%)
  2100-May-08 17:00:00 (35%)
  2100-May-19 07:00:00 (37.9%)
  2100-May-29 22:00:00 (40.8%)
  2100-Jun-09 13:00:00 (43.7%)
  2100-Jun-20 04:00:00 (46.6%)
  2100-Jun-30 19:00:00 (49.5%)
  2100-Jul-11 10:00:00 (52.4%)
  2100-Jul-22 01:00:00 (55.4%)
  2100-Aug-01 16:00:00 (58.3%)
  2100-Aug-12 06:00:00 (61.2%)
  2100-Aug-22 21:00:00 (64.1%)
  2100-Sep-02 12:00:00 (67%)
  2100-Sep-13 03:00:00 (69.9%)
  2100-Sep-23 18:00:00 (72.8%)
  2100-Oct-04 09:00:00 (75.7%)
  2100-Oct-15 00:00:00 (78.6%)
  2100-Oct-25 15:00:00 (81.5%)
  2100-Nov-05 05:00:00 (84.4%)
  2100-Nov-15 20:00:00 (87.4%)
  2100-Nov-26 11:00:00 (90.3%)
  2100-Dec-07 02:00:00 (93.2%)
  2100-Dec-17 17:00:00 (96.1%)
  2100-Dec-28 08:00:00 (99%)
  2100-Dec-31 23:00:00 (100%)
Finished Program: 2014-Nov-18 11:08:35.350757
Elapsed Time: 00:01:09.606204
