instance.yaml
kiva v0.2.0-21-g785bfe1
Copyright (C) 2012-2014 Big Ladder Software
Web: www.bigladdersoftware.com

Starting Program: 2014-Nov-18 11:04:25.545609
Creating Domain...
  X Cells: 173
  Y Cells: 1
  Z Cells: 133
  Total Cells: 23009
Initializing Temperatures...
  2098-Oct-08 23:00:00
  2099-Jan-04 14:00:00
  2099-Jan-14 16:00:00
  2099-Jan-24 18:00:00
  2099-Feb-03 20:00:00
  2099-Feb-13 22:00:00
  2099-Feb-23 23:00:00
  2099-Mar-06 01:00:00
  2099-Mar-16 03:00:00
  2099-Mar-26 05:00:00
  2099-Apr-05 07:00:00
  2099-Apr-15 09:00:00
  2099-Apr-25 11:00:00
  2099-May-05 13:00:00
  2099-May-15 15:00:00
  2099-May-25 16:00:00
  2099-Jun-04 18:00:00
  2099-Jun-14 20:00:00
  2099-Jun-24 22:00:00
  2099-Jul-05 00:00:00
  2099-Jul-15 03:00:00
  2099-Jul-25 04:00:00
  2099-Aug-04 07:00:00
  2099-Aug-14 09:00:00
  2099-Aug-24 11:00:00
  2099-Sep-03 12:00:00
  2099-Sep-13 15:00:00
  2099-Sep-23 17:00:00
  2099-Oct-03 19:00:00
  2099-Oct-13 22:00:00
  2099-Oct-24 00:00:00
  2099-Nov-03 02:00:00
  2099-Nov-13 05:00:00
  2099-Nov-23 06:00:00
  2099-Dec-03 09:00:00
  2099-Dec-13 11:00:00
  2099-Dec-23 13:00:00
Beginning Simulation...
  2100-Jan-02 12:00:00 (0.4%)
  2100-Jan-11 21:00:00 (3%)
  2100-Jan-21 05:00:00 (5.5%)
  2100-Jan-30 14:00:00 (8.1%)
  2100-Feb-08 22:00:00 (10.7%)
  2100-Feb-18 07:00:00 (13.2%)
  2100-Feb-27 15:00:00 (15.8%)
  2100-Mar-09 00:00:00 (18.4%)
  2100-Mar-18 08:00:00 (20.9%)
  2100-Mar-27 16:00:00 (23.5%)
  2100-Apr-06 01:00:00 (26%)
  2100-Apr-15 09:00:00 (28.6%)
  2100-Apr-24 18:00:00 (31.2%)
  2100-May-04 03:00:00 (33.7%)
  2100-May-13 11:00:00 (36.3%)
  2100-May-22 20:00:00 (38.9%)
  2100-Jun-01 04:00:00 (41.4%)
  2100-Jun-10 13:00:00 (44%)
  2100-Jun-19 21:00:00 (46.5%)
  2100-Jun-29 06:00:00 (49.1%)
  2100-Jul-08 15:00:00 (51.7%)
  2100-Jul-17 23:00:00 (54.2%)
  2100-Jul-27 08:00:00 (56.8%)
  2100-Aug-05 16:00:00 (59.4%)
  2100-Aug-15 01:00:00 (61.9%)
  2100-Aug-24 10:00:00 (64.5%)
  2100-Sep-02 19:00:00 (67.1%)
  2100-Sep-12 03:00:00 (69.6%)
  2100-Sep-21 12:00:00 (72.2%)
  2100-Sep-30 20:00:00 (74.7%)
  2100-Oct-10 05:00:00 (77.3%)
  2100-Oct-19 14:00:00 (79.9%)
  2100-Oct-28 22:00:00 (82.4%)
  2100-Nov-07 07:00:00 (85%)
  2100-Nov-16 16:00:00 (87.6%)
  2100-Nov-25 22:00:00 (90.1%)
  2100-Dec-05 07:00:00 (92.7%)
  2100-Dec-14 15:00:00 (95.2%)
  2100-Dec-24 00:00:00 (97.8%)
  2100-Dec-31 23:00:00 (100%)
Finished Program: 2014-Nov-18 11:05:41.853618
Elapsed Time: 00:01:16.308009
