instance.yaml
kiva v0.2.0-21-g785bfe1
Copyright (C) 2012-2014 Big Ladder Software
Web: www.bigladdersoftware.com

Starting Program: 2014-Nov-18 11:09:27.309060
Creating Domain...
  X Cells: 184
  Y Cells: 1
  Z Cells: 103
  Total Cells: 18952
Initializing Temperatures...
  2098-Dec-03 23:00:00
  2099-Jan-09 23:00:00
  2099-Jan-21 16:00:00
  2099-Feb-02 09:00:00
  2099-Feb-14 02:00:00
  2099-Feb-25 19:00:00
  2099-Mar-09 12:00:00
  2099-Mar-21 05:00:00
  2099-Apr-01 22:00:00
  2099-Apr-13 15:00:00
  2099-Apr-25 08:00:00
  2099-May-07 01:00:00
  2099-May-18 18:00:00
  2099-May-30 11:00:00
  2099-Jun-11 04:00:00
  2099-Jun-22 20:00:00
  2099-Jul-04 13:00:00
  2099-Jul-16 06:00:00
  2099-Jul-27 23:00:00
  2099-Aug-08 16:00:00
  2099-Aug-20 09:00:00
  2099-Sep-01 02:00:00
  2099-Sep-12 19:00:00
  2099-Sep-24 12:00:00
  2099-Oct-06 05:00:00
  2099-Oct-17 22:00:00
  2099-Oct-29 15:00:00
  2099-Nov-10 08:00:00
  2099-Nov-22 01:00:00
  2099-Dec-03 18:00:00
  2099-Dec-15 11:00:00
  2099-Dec-27 04:00:00
Beginning Simulation...
  2100-Jan-07 19:00:00 (1.9%)
  2100-Jan-19 08:00:00 (5%)
  2100-Jan-30 20:00:00 (8.2%)
  2100-Feb-11 09:00:00 (11.3%)
  2100-Feb-22 22:00:00 (14.5%)
  2100-Mar-06 10:00:00 (17.6%)
  2100-Mar-17 23:00:00 (20.8%)
  2100-Mar-29 12:00:00 (24%)
  2100-Apr-10 01:00:00 (27.1%)
  2100-Apr-21 14:00:00 (30.3%)
  2100-May-03 03:00:00 (33.5%)
  2100-May-14 16:00:00 (36.6%)
  2100-May-26 04:00:00 (39.8%)
  2100-Jun-06 17:00:00 (42.9%)
  2100-Jun-18 06:00:00 (46.1%)
  2100-Jun-29 19:00:00 (49.3%)
  2100-Jul-11 07:00:00 (52.4%)
  2100-Jul-22 20:00:00 (55.6%)
  2100-Aug-03 09:00:00 (58.7%)
  2100-Aug-14 22:00:00 (61.9%)
  2100-Aug-26 10:00:00 (65%)
  2100-Sep-06 23:00:00 (68.2%)
  2100-Sep-18 12:00:00 (71.4%)
  2100-Sep-30 01:00:00 (74.5%)
  2100-Oct-11 13:00:00 (77.7%)
  2100-Oct-23 02:00:00 (80.8%)
  2100-Nov-03 15:00:00 (84%)
  2100-Nov-15 04:00:00 (87.2%)
  2100-Nov-26 17:00:00 (90.3%)
  2100-Dec-08 05:00:00 (93.5%)
  2100-Dec-19 17:00:00 (96.6%)
  2100-Dec-31 06:00:00 (99.8%)
  2100-Dec-31 23:00:00 (100%)
Finished Program: 2014-Nov-18 11:10:31.061743
Elapsed Time: 00:01:03.752683
