instance.yaml
kiva v0.2.0-19-ge248292
Copyright (C) 2012-2014 Big Ladder Software
Web: www.bigladdersoftware.com

Starting Program: 2014-Nov-17 08:42:12.908447
Creating Domain...
  X Cells: 61
  Y Cells: 1
  Z Cells: 133
  Total Cells: 8113
Initializing Temperatures...
  2099-Jan-17 11:00:00
  2099-Feb-14 14:00:00
  2099-Mar-14 16:00:00
  2099-Apr-11 18:00:00
  2099-May-09 21:00:00
  2099-Jun-07 00:00:00
  2099-Jul-05 02:00:00
  2099-Aug-02 05:00:00
  2099-Aug-30 08:00:00
  2099-Sep-27 10:00:00
  2099-Oct-25 13:00:00
  2099-Nov-22 16:00:00
  2099-Dec-20 18:00:00
Beginning Simulation...
  2100-Jan-15 20:00:00 (4.1%)
  2100-Feb-09 12:00:00 (10.8%)
  2100-Mar-06 05:00:00 (17.6%)
  2100-Mar-30 21:00:00 (24.3%)
  2100-Apr-24 13:00:00 (31.1%)
  2100-May-19 06:00:00 (37.9%)
  2100-Jun-12 23:00:00 (44.6%)
  2100-Jul-07 15:00:00 (51.4%)
  2100-Aug-01 07:00:00 (58.2%)
  2100-Aug-26 00:00:00 (64.9%)
  2100-Sep-19 16:00:00 (71.7%)
  2100-Oct-14 09:00:00 (78.5%)
  2100-Nov-08 01:00:00 (85.2%)
  2100-Dec-02 18:00:00 (92%)
  2100-Dec-27 11:00:00 (98.8%)
  2100-Dec-31 23:00:00 (100%)
Finished Program: 2014-Nov-17 08:42:41.183785
Elapsed Time: 00:00:28.275338
