instance.yaml
kiva v0.2.0-21-g785bfe1
Copyright (C) 2012-2014 Big Ladder Software
Web: www.bigladdersoftware.com

Starting Program: 2014-Nov-18 11:03:23.605698
Creating Domain...
  X Cells: 86
  Y Cells: 1
  Z Cells: 133
  Total Cells: 11438
Initializing Temperatures...
  2098-Oct-29 23:00:00
  2099-Jan-16 12:00:00
  2099-Feb-05 14:00:00
  2099-Feb-25 16:00:00
  2099-Mar-17 18:00:00
  2099-Apr-06 20:00:00
  2099-Apr-26 22:00:00
  2099-May-17 01:00:00
  2099-Jun-06 03:00:00
  2099-Jun-26 06:00:00
  2099-Jul-16 08:00:00
  2099-Aug-05 11:00:00
  2099-Aug-25 13:00:00
  2099-Sep-14 16:00:00
  2099-Oct-04 18:00:00
  2099-Oct-24 21:00:00
  2099-Nov-14 00:00:00
  2099-Dec-04 02:00:00
  2099-Dec-24 05:00:00
Beginning Simulation...
  2100-Jan-12 07:00:00 (3.1%)
  2100-Jan-30 18:00:00 (8.2%)
  2100-Feb-18 05:00:00 (13.2%)
  2100-Mar-08 16:00:00 (18.3%)
  2100-Mar-27 02:00:00 (23.3%)
  2100-Apr-14 18:00:00 (28.4%)
  2100-May-03 11:00:00 (33.6%)
  2100-May-22 05:00:00 (38.7%)
  2100-Jun-09 22:00:00 (43.8%)
  2100-Jun-28 16:00:00 (48.9%)
  2100-Jul-17 10:00:00 (54.1%)
  2100-Aug-05 03:00:00 (59.2%)
  2100-Aug-23 21:00:00 (64.3%)
  2100-Sep-11 15:00:00 (69.5%)
  2100-Sep-30 09:00:00 (74.6%)
  2100-Oct-19 02:00:00 (79.7%)
  2100-Nov-06 17:00:00 (84.9%)
  2100-Nov-25 10:00:00 (90%)
  2100-Dec-14 04:00:00 (95.1%)
  2100-Dec-31 23:00:00 (100%)
Finished Program: 2014-Nov-18 11:04:01.951199
Elapsed Time: 00:00:38.345501
