instance.yaml
kiva v0.2.0-9-g526928a
Copyright (C) 2012-2014 Big Ladder Software
Web: www.bigladdersoftware.com

Starting Program: 2014-Nov-15 11:52:42.918812
Creating Domain...
  X Cells: 188
  Y Cells: 1
  Z Cells: 125
  Total Cells: 23500
Initializing Temperatures...
  2099-Jan-01 14:00:00
  2099-Jan-12 08:00:00
  2099-Jan-23 01:00:00
  2099-Feb-02 19:00:00
  2099-Feb-13 13:00:00
  2099-Feb-24 07:00:00
  2099-Mar-07 00:00:00
  2099-Mar-17 18:00:00
  2099-Mar-28 12:00:00
  2099-Apr-08 06:00:00
  2099-Apr-19 00:00:00
  2099-Apr-29 17:00:00
  2099-May-10 11:00:00
  2099-May-21 05:00:00
  2099-May-31 23:00:00
  2099-Jun-11 17:00:00
  2099-Jun-22 10:00:00
  2099-Jul-03 04:00:00
  2099-Jul-13 22:00:00
  2099-Jul-24 16:00:00
  2099-Aug-04 10:00:00
  2099-Aug-15 04:00:00
  2099-Aug-25 22:00:00
  2099-Sep-05 16:00:00
  2099-Sep-16 09:00:00
  2099-Sep-27 03:00:00
  2099-Oct-07 21:00:00
  2099-Oct-18 15:00:00
  2099-Oct-29 09:00:00
  2099-Nov-09 03:00:00
  2099-Nov-19 20:00:00
  2099-Nov-30 14:00:00
  2099-Dec-11 08:00:00
  2099-Dec-22 02:00:00
Beginning Simulation...
  2100-Jan-01 19:00:00 (0.2%)
  2100-Jan-11 18:00:00 (2.9%)
  2100-Jan-21 17:00:00 (5.7%)
  2100-Jan-31 16:00:00 (8.4%)
  2100-Feb-10 14:00:00 (11.1%)
  2100-Feb-20 13:00:00 (13.8%)
  2100-Mar-02 12:00:00 (16.6%)
  2100-Mar-12 11:00:00 (19.3%)
  2100-Mar-22 10:00:00 (22%)
  2100-Apr-01 09:00:00 (24.8%)
  2100-Apr-11 08:00:00 (27.5%)
  2100-Apr-21 06:00:00 (30.2%)
  2100-May-01 05:00:00 (32.9%)
  2100-May-11 04:00:00 (35.7%)
  2100-May-21 03:00:00 (38.4%)
  2100-May-31 02:00:00 (41.1%)
  2100-Jun-10 01:00:00 (43.8%)
  2100-Jun-20 00:00:00 (46.6%)
  2100-Jun-29 23:00:00 (49.3%)
  2100-Jul-09 22:00:00 (52%)
  2100-Jul-19 21:00:00 (54.8%)
  2100-Jul-29 20:00:00 (57.5%)
  2100-Aug-08 19:00:00 (60.2%)
  2100-Aug-18 18:00:00 (62.9%)
  2100-Aug-28 17:00:00 (65.7%)
  2100-Sep-07 16:00:00 (68.4%)
  2100-Sep-17 15:00:00 (71.1%)
  2100-Sep-27 14:00:00 (73.9%)
  2100-Oct-07 13:00:00 (76.6%)
  2100-Oct-17 12:00:00 (79.3%)
  2100-Oct-27 11:00:00 (82%)
  2100-Nov-06 10:00:00 (84.8%)
  2100-Nov-16 09:00:00 (87.5%)
  2100-Nov-26 08:00:00 (90.2%)
  2100-Dec-06 07:00:00 (93%)
  2100-Dec-16 03:00:00 (95.7%)
  2100-Dec-26 02:00:00 (98.4%)
  2100-Dec-31 23:00:00 (100%)
Finished Program: 2014-Nov-15 11:53:54.592453
Elapsed Time: 00:01:11.673641
