instance.yaml
kiva v0.2.0-9-g526928a
Copyright (C) 2012-2014 Big Ladder Software
Web: www.bigladdersoftware.com

Starting Program: 2014-Oct-26 15:55:06.502034
Creating Domain...
  X Cells: 96
  Y Cells: 1
  Z Cells: 113
  Total Cells: 10848
Initializing Temperatures...
  2098-Oct-15 23:00:00
  2099-Jan-05 13:00:00
  2099-Jan-26 12:00:00
  2099-Feb-18 11:00:00
  2099-Mar-13 11:00:00
  2099-Apr-05 11:00:00
  2099-Apr-28 11:00:00
  2099-May-21 11:00:00
  2099-Jun-13 11:00:00
  2099-Jul-06 11:00:00
  2099-Jul-29 11:00:00
  2099-Aug-21 11:00:00
  2099-Sep-13 11:00:00
  2099-Oct-06 11:00:00
  2099-Oct-29 11:00:00
  2099-Nov-21 11:00:00
  2099-Dec-14 11:00:00
Beginning Simulation...
  2100-Jan-06 08:00:00 (1.5%)
  2100-Jan-28 20:00:00 (7.6%)
  2100-Feb-20 07:00:00 (13.8%)
  2100-Mar-14 18:00:00 (19.9%)
  2100-Apr-06 06:00:00 (26.1%)
  2100-Apr-28 17:00:00 (32.2%)
  2100-May-21 05:00:00 (38.4%)
  2100-Jun-12 16:00:00 (44.6%)
  2100-Jul-05 03:00:00 (50.7%)
  2100-Jul-27 15:00:00 (56.9%)
  2100-Aug-19 03:00:00 (63%)
  2100-Sep-10 14:00:00 (69.2%)
  2100-Oct-03 02:00:00 (75.4%)
  2100-Oct-25 13:00:00 (81.5%)
  2100-Nov-17 01:00:00 (87.7%)
  2100-Dec-09 11:00:00 (93.8%)
  2100-Dec-31 18:00:00 (99.9%)
  2100-Dec-31 23:00:00 (100%)
Finished Program: 2014-Oct-26 15:55:40.009551
Elapsed Time: 00:00:33.507517
