instance.yaml
kiva v0.2.0-19-ge248292
Copyright (C) 2012-2014 Big Ladder Software
Web: www.bigladdersoftware.com

Starting Program: 2014-Nov-17 08:42:14.551591
Creating Domain...
  X Cells: 71
  Y Cells: 1
  Z Cells: 133
  Total Cells: 9443
Initializing Temperatures...
  2098-Nov-05 23:00:00
  2099-Jan-20 13:00:00
  2099-Feb-13 05:00:00
  2099-Mar-08 20:00:00
  2099-Apr-01 11:00:00
  2099-Apr-25 02:00:00
  2099-May-18 18:00:00
  2099-Jun-11 07:00:00
  2099-Jul-04 21:00:00
  2099-Jul-28 12:00:00
  2099-Aug-21 04:00:00
  2099-Sep-13 19:00:00
  2099-Oct-07 10:00:00
  2099-Oct-31 02:00:00
  2099-Nov-23 17:00:00
  2099-Dec-17 09:00:00
Beginning Simulation...
  2100-Jan-09 01:00:00 (2.2%)
  2100-Jan-31 01:00:00 (8.2%)
  2100-Feb-23 04:00:00 (14.6%)
  2100-Mar-18 07:00:00 (20.9%)
  2100-Apr-10 10:00:00 (27.2%)
  2100-May-03 13:00:00 (33.6%)
  2100-May-26 16:00:00 (39.9%)
  2100-Jun-18 18:00:00 (46.2%)
  2100-Jul-11 21:00:00 (52.6%)
  2100-Aug-04 00:00:00 (58.9%)
  2100-Aug-27 03:00:00 (65.2%)
  2100-Sep-19 06:00:00 (71.6%)
  2100-Oct-12 09:00:00 (77.9%)
  2100-Nov-04 11:00:00 (84.2%)
  2100-Nov-27 09:00:00 (90.5%)
  2100-Dec-20 12:00:00 (96.8%)
  2100-Dec-31 23:00:00 (100%)
Finished Program: 2014-Nov-17 08:42:46.497204
Elapsed Time: 00:00:31.945613
