instance.yaml
kiva v0.2.0-21-g785bfe1
Copyright (C) 2012-2014 Big Ladder Software
Web: www.bigladdersoftware.com

Starting Program: 2014-Nov-18 11:09:23.724014
Creating Domain...
  X Cells: 92
  Y Cells: 1
  Z Cells: 103
  Total Cells: 9476
Initializing Temperatures...
  2098-Oct-22 23:00:00
  2099-Jan-17 17:00:00
  2099-Feb-11 15:00:00
  2099-Mar-08 14:00:00
  2099-Apr-02 12:00:00
  2099-Apr-27 10:00:00
  2099-May-22 08:00:00
  2099-Jun-16 07:00:00
  2099-Jul-11 05:00:00
  2099-Aug-05 03:00:00
  2099-Aug-30 01:00:00
  2099-Sep-23 23:00:00
  2099-Oct-18 21:00:00
  2099-Nov-12 19:00:00
  2099-Dec-07 18:00:00
Beginning Simulation...
  2100-Jan-01 16:00:00 (0.2%)
  2100-Jan-26 00:00:00 (6.8%)
  2100-Feb-19 08:00:00 (13.5%)
  2100-Mar-15 16:00:00 (20.2%)
  2100-Apr-08 22:00:00 (26.8%)
  2100-May-03 07:00:00 (33.5%)
  2100-May-27 15:00:00 (40.2%)
  2100-Jun-20 23:00:00 (46.8%)
  2100-Jul-15 07:00:00 (53.5%)
  2100-Aug-08 15:00:00 (60.2%)
  2100-Sep-01 23:00:00 (66.8%)
  2100-Sep-26 07:00:00 (73.5%)
  2100-Oct-20 15:00:00 (80.2%)
  2100-Nov-14 00:00:00 (86.8%)
  2100-Dec-08 08:00:00 (93.5%)
  2100-Dec-31 23:00:00 (100%)
Finished Program: 2014-Nov-18 11:09:53.971562
Elapsed Time: 00:00:30.247548
