instance.yaml
kiva v0.2.0-21-g785bfe1
Copyright (C) 2012-2014 Big Ladder Software
Web: www.bigladdersoftware.com

Starting Program: 2014-Nov-18 11:16:27.988561
Creating Domain...
  X Cells: 208
  Y Cells: 1
  Z Cells: 125
  Total Cells: 26000
Initializing Temperatures...
  2098-Dec-24 23:00:00
  2099-Jan-09 21:00:00
  2099-Jan-19 13:00:00
  2099-Jan-29 05:00:00
  2099-Feb-07 21:00:00
  2099-Feb-17 14:00:00
  2099-Feb-27 06:00:00
  2099-Mar-08 22:00:00
  2099-Mar-18 14:00:00
  2099-Mar-28 07:00:00
  2099-Apr-06 23:00:00
  2099-Apr-16 15:00:00
  2099-Apr-26 08:00:00
  2099-May-06 00:00:00
  2099-May-15 16:00:00
  2099-May-25 08:00:00
  2099-Jun-04 01:00:00
  2099-Jun-13 17:00:00
  2099-Jun-23 09:00:00
  2099-Jul-03 02:00:00
  2099-Jul-12 18:00:00
  2099-Jul-22 10:00:00
  2099-Aug-01 03:00:00
  2099-Aug-10 19:00:00
  2099-Aug-20 11:00:00
  2099-Aug-30 04:00:00
  2099-Sep-08 20:00:00
  2099-Sep-18 12:00:00
  2099-Sep-28 05:00:00
  2099-Oct-07 21:00:00
  2099-Oct-17 13:00:00
  2099-Oct-27 06:00:00
  2099-Nov-05 22:00:00
  2099-Nov-15 14:00:00
  2099-Nov-25 07:00:00
  2099-Dec-04 23:00:00
  2099-Dec-14 15:00:00
  2099-Dec-24 08:00:00
Beginning Simulation...
  2100-Jan-02 20:00:00 (0.5%)
  2100-Jan-11 21:00:00 (3%)
  2100-Jan-20 21:00:00 (5.4%)
  2100-Jan-29 22:00:00 (7.9%)
  2100-Feb-07 23:00:00 (10.4%)
  2100-Feb-16 23:00:00 (12.9%)
  2100-Feb-26 00:00:00 (15.3%)
  2100-Mar-07 00:00:00 (17.8%)
  2100-Mar-16 01:00:00 (20.3%)
  2100-Mar-25 01:00:00 (22.8%)
  2100-Apr-03 02:00:00 (25.2%)
  2100-Apr-12 02:00:00 (27.7%)
  2100-Apr-21 03:00:00 (30.2%)
  2100-Apr-30 03:00:00 (32.6%)
  2100-May-09 04:00:00 (35.1%)
  2100-May-18 05:00:00 (37.6%)
  2100-May-27 05:00:00 (40.1%)
  2100-Jun-05 06:00:00 (42.5%)
  2100-Jun-14 07:00:00 (45%)
  2100-Jun-23 07:00:00 (47.5%)
  2100-Jul-02 08:00:00 (50%)
  2100-Jul-11 09:00:00 (52.4%)
  2100-Jul-20 09:00:00 (54.9%)
  2100-Jul-29 10:00:00 (57.4%)
  2100-Aug-07 11:00:00 (59.9%)
  2100-Aug-16 12:00:00 (62.3%)
  2100-Aug-25 12:00:00 (64.8%)
  2100-Sep-03 13:00:00 (67.3%)
  2100-Sep-12 14:00:00 (69.7%)
  2100-Sep-21 15:00:00 (72.2%)
  2100-Sep-30 15:00:00 (74.7%)
  2100-Oct-09 15:00:00 (77.2%)
  2100-Oct-18 15:00:00 (79.6%)
  2100-Oct-27 16:00:00 (82.1%)
  2100-Nov-05 17:00:00 (84.6%)
  2100-Nov-14 17:00:00 (87%)
  2100-Nov-23 18:00:00 (89.5%)
  2100-Dec-02 19:00:00 (92%)
  2100-Dec-11 19:00:00 (94.5%)
  2100-Dec-20 20:00:00 (96.9%)
  2100-Dec-29 20:00:00 (99.4%)
  2100-Dec-31 23:00:00 (100%)
Finished Program: 2014-Nov-18 11:17:47.235618
Elapsed Time: 00:01:19.247057
