instance.yaml
kiva v0.2.0-19-ge248292
Copyright (C) 2012-2014 Big Ladder Software
Web: www.bigladdersoftware.com

Starting Program: 2014-Nov-17 08:41:13.989599
Creating Domain...
  X Cells: 87
  Y Cells: 1
  Z Cells: 113
  Total Cells: 9831
Initializing Temperatures...
  2099-Jan-12 15:00:00
  2099-Feb-05 16:00:00
  2099-Mar-01 17:00:00
  2099-Mar-25 17:00:00
  2099-Apr-18 18:00:00
  2099-May-12 19:00:00
  2099-Jun-05 20:00:00
  2099-Jun-29 21:00:00
  2099-Jul-23 22:00:00
  2099-Aug-16 23:00:00
  2099-Sep-10 01:00:00
  2099-Oct-04 02:00:00
  2099-Oct-28 03:00:00
  2099-Nov-21 04:00:00
  2099-Dec-15 05:00:00
Beginning Simulation...
  2100-Jan-08 02:00:00 (1.9%)
  2100-Jan-31 14:00:00 (8.4%)
  2100-Feb-24 00:00:00 (14.8%)
  2100-Mar-19 12:00:00 (21.2%)
  2100-Apr-11 23:00:00 (27.7%)
  2100-May-05 10:00:00 (34.1%)
  2100-May-28 21:00:00 (40.5%)
  2100-Jun-21 09:00:00 (47%)
  2100-Jul-14 20:00:00 (53.4%)
  2100-Aug-07 08:00:00 (59.8%)
  2100-Aug-30 19:00:00 (66.2%)
  2100-Sep-23 07:00:00 (72.7%)
  2100-Oct-16 19:00:00 (79.1%)
  2100-Nov-09 06:00:00 (85.5%)
  2100-Dec-02 17:00:00 (92%)
  2100-Dec-26 05:00:00 (98.4%)
  2100-Dec-31 23:00:00 (100%)
Finished Program: 2014-Nov-17 08:41:45.246199
Elapsed Time: 00:00:31.256600
