instance.yaml
kiva v0.2.0-22-gd89b213
Copyright (C) 2012-2014 Big Ladder Software
Web: www.bigladdersoftware.com

Starting Program: 2014-Nov-19 10:39:43.018186
Creating Domain...
  X Cells: 174
  Y Cells: 1
  Z Cells: 113
  Total Cells: 19662
Initializing Temperatures...
  2099-Jan-02 04:00:00
  2099-Jan-14 10:00:00
  2099-Jan-26 16:00:00
  2099-Feb-07 22:00:00
  2099-Feb-20 04:00:00
  2099-Mar-04 10:00:00
  2099-Mar-16 16:00:00
  2099-Mar-28 22:00:00
  2099-Apr-10 04:00:00
  2099-Apr-22 10:00:00
  2099-May-04 16:00:00
  2099-May-16 22:00:00
  2099-May-29 04:00:00
  2099-Jun-10 10:00:00
  2099-Jun-22 16:00:00
  2099-Jul-04 22:00:00
  2099-Jul-17 04:00:00
  2099-Jul-29 11:00:00
  2099-Aug-10 17:00:00
  2099-Aug-22 23:00:00
  2099-Sep-04 05:00:00
  2099-Sep-16 11:00:00
  2099-Sep-28 17:00:00
  2099-Oct-10 23:00:00
  2099-Oct-23 05:00:00
  2099-Nov-04 11:00:00
  2099-Nov-16 17:00:00
  2099-Nov-28 23:00:00
  2099-Dec-11 05:00:00
  2099-Dec-23 11:00:00
Beginning Simulation...
  2100-Jan-04 16:00:00 (1%)
  2100-Jan-16 16:00:00 (4.3%)
  2100-Jan-28 17:00:00 (7.6%)
  2100-Feb-09 17:00:00 (10.9%)
  2100-Feb-21 18:00:00 (14.2%)
  2100-Mar-05 18:00:00 (17.5%)
  2100-Mar-17 19:00:00 (20.8%)
  2100-Mar-29 19:00:00 (24.1%)
  2100-Apr-10 20:00:00 (27.4%)
  2100-Apr-22 21:00:00 (30.7%)
  2100-May-04 21:00:00 (33.9%)
  2100-May-16 22:00:00 (37.2%)
  2100-May-28 22:00:00 (40.5%)
  2100-Jun-09 23:00:00 (43.8%)
  2100-Jun-22 00:00:00 (47.1%)
  2100-Jul-03 23:00:00 (50.4%)
  2100-Jul-16 00:00:00 (53.7%)
  2100-Jul-28 00:00:00 (57%)
  2100-Aug-09 01:00:00 (60.3%)
  2100-Aug-21 02:00:00 (63.6%)
  2100-Sep-02 02:00:00 (66.9%)
  2100-Sep-14 03:00:00 (70.2%)
  2100-Sep-26 03:00:00 (73.5%)
  2100-Oct-08 04:00:00 (76.8%)
  2100-Oct-20 05:00:00 (80.1%)
  2100-Nov-01 05:00:00 (83.3%)
  2100-Nov-13 06:00:00 (86.6%)
  2100-Nov-25 07:00:00 (89.9%)
  2100-Dec-07 07:00:00 (93.2%)
  2100-Dec-19 08:00:00 (96.5%)
  2100-Dec-31 08:00:00 (99.8%)
  2100-Dec-31 23:00:00 (100%)
Finished Program: 2014-Nov-19 10:40:44.052015
Elapsed Time: 00:01:01.033829
