instance.yaml
kiva v0.2.0-21-g785bfe1
Copyright (C) 2012-2014 Big Ladder Software
Web: www.bigladdersoftware.com

Starting Program: 2014-Nov-18 11:21:26.430081
Creating Domain...
  X Cells: 86
  Y Cells: 1
  Z Cells: 113
  Total Cells: 9718
Initializing Temperatures...
  2099-Jan-02 07:00:00
  2099-Jan-26 09:00:00
  2099-Feb-19 12:00:00
  2099-Mar-15 15:00:00
  2099-Apr-08 18:00:00
  2099-May-02 21:00:00
  2099-May-27 00:00:00
  2099-Jun-20 04:00:00
  2099-Jul-14 07:00:00
  2099-Aug-07 10:00:00
  2099-Aug-31 13:00:00
  2099-Sep-24 17:00:00
  2099-Oct-18 20:00:00
  2099-Nov-11 23:00:00
  2099-Dec-06 02:00:00
  2099-Dec-30 06:00:00
Beginning Simulation...
  2100-Jan-22 19:00:00 (6%)
  2100-Feb-15 08:00:00 (12.4%)
  2100-Mar-10 20:00:00 (18.9%)
  2100-Apr-03 08:00:00 (25.3%)
  2100-Apr-26 21:00:00 (31.7%)
  2100-May-20 10:00:00 (38.2%)
  2100-Jun-12 22:00:00 (44.6%)
  2100-Jul-06 11:00:00 (51.1%)
  2100-Jul-30 00:00:00 (57.5%)
  2100-Aug-22 12:00:00 (64%)
  2100-Sep-15 01:00:00 (70.4%)
  2100-Oct-08 13:00:00 (76.9%)
  2100-Nov-01 02:00:00 (83.3%)
  2100-Nov-24 14:00:00 (89.7%)
  2100-Dec-18 02:00:00 (96.2%)
  2100-Dec-31 23:00:00 (100%)
Finished Program: 2014-Nov-18 11:21:57.590553
Elapsed Time: 00:00:31.160472
