instance.yaml
kiva v0.2.0-20-g4c7c200
Copyright (C) 2012-2014 Big Ladder Software
Web: www.bigladdersoftware.com

Starting Program: 2014-Nov-17 14:09:17.007667
Creating Domain...
  X Cells: 92
  Y Cells: 1
  Z Cells: 113
  Total Cells: 10396
Initializing Temperatures...
  2099-Jan-11 06:00:00
  2099-Feb-03 03:00:00
  2099-Feb-26 00:00:00
  2099-Mar-20 21:00:00
  2099-Apr-12 18:00:00
  2099-May-05 15:00:00
  2099-May-28 12:00:00
  2099-Jun-20 09:00:00
  2099-Jul-13 06:00:00
  2099-Aug-05 03:00:00
  2099-Aug-28 00:00:00
  2099-Sep-19 21:00:00
  2099-Oct-12 18:00:00
  2099-Nov-04 15:00:00
  2099-Nov-27 12:00:00
  2099-Dec-20 09:00:00
Beginning Simulation...
  2100-Jan-12 01:00:00 (3%)
  2100-Feb-03 10:00:00 (9.2%)
  2100-Feb-25 19:00:00 (15.3%)
  2100-Mar-20 04:00:00 (21.4%)
  2100-Apr-11 14:00:00 (27.6%)
  2100-May-04 00:00:00 (33.7%)
  2100-May-26 10:00:00 (39.8%)
  2100-Jun-17 20:00:00 (46%)
  2100-Jul-10 06:00:00 (52.1%)
  2100-Aug-01 14:00:00 (58.2%)
  2100-Aug-23 23:00:00 (64.4%)
  2100-Sep-15 09:00:00 (70.5%)
  2100-Oct-07 18:00:00 (76.6%)
  2100-Oct-30 04:00:00 (82.8%)
  2100-Nov-21 14:00:00 (88.9%)
  2100-Dec-13 19:00:00 (95%)
  2100-Dec-31 23:00:00 (100%)
Finished Program: 2014-Nov-17 14:09:49.811427
Elapsed Time: 00:00:32.803760
