instance.yaml
kiva v0.2.0-21-g785bfe1
Copyright (C) 2012-2014 Big Ladder Software
Web: www.bigladdersoftware.com

Starting Program: 2014-Nov-18 10:54:22.821597
Creating Domain...
  X Cells: 109
  Y Cells: 1
  Z Cells: 125
  Total Cells: 13625
Initializing Temperatures...
  2099-Jan-09 23:00:00
  2099-Jan-27 17:00:00
  2099-Feb-14 10:00:00
  2099-Mar-04 04:00:00
  2099-Mar-21 22:00:00
  2099-Apr-08 16:00:00
  2099-Apr-26 09:00:00
  2099-May-14 03:00:00
  2099-May-31 21:00:00
  2099-Jun-18 15:00:00
  2099-Jul-06 09:00:00
  2099-Jul-24 03:00:00
  2099-Aug-10 21:00:00
  2099-Aug-28 14:00:00
  2099-Sep-15 08:00:00
  2099-Oct-03 02:00:00
  2099-Oct-20 20:00:00
  2099-Nov-07 14:00:00
  2099-Nov-25 08:00:00
  2099-Dec-13 02:00:00
  2099-Dec-30 20:00:00
Beginning Simulation...
  2100-Jan-16 10:00:00 (4.2%)
  2100-Feb-01 22:00:00 (8.7%)
  2100-Feb-18 10:00:00 (13.3%)
  2100-Mar-06 22:00:00 (17.8%)
  2100-Mar-23 10:00:00 (22.3%)
  2100-Apr-08 22:00:00 (26.8%)
  2100-Apr-25 09:00:00 (31.3%)
  2100-May-11 21:00:00 (35.9%)
  2100-May-28 10:00:00 (40.4%)
  2100-Jun-13 22:00:00 (44.9%)
  2100-Jun-30 10:00:00 (49.4%)
  2100-Jul-16 22:00:00 (53.9%)
  2100-Aug-02 10:00:00 (58.5%)
  2100-Aug-18 19:00:00 (63%)
  2100-Sep-04 07:00:00 (67.5%)
  2100-Sep-20 20:00:00 (72%)
  2100-Oct-07 08:00:00 (76.5%)
  2100-Oct-23 20:00:00 (81.1%)
  2100-Nov-09 08:00:00 (85.6%)
  2100-Nov-25 20:00:00 (90.1%)
  2100-Dec-12 08:00:00 (94.6%)
  2100-Dec-28 20:00:00 (99.1%)
  2100-Dec-31 23:00:00 (100%)
Finished Program: 2014-Nov-18 10:55:06.190201
Elapsed Time: 00:00:43.368604
