instance.yaml
kiva v0.2.0-21-g785bfe1
Copyright (C) 2012-2014 Big Ladder Software
Web: www.bigladdersoftware.com

Starting Program: 2014-Nov-18 10:54:26.716867
Creating Domain...
  X Cells: 102
  Y Cells: 1
  Z Cells: 125
  Total Cells: 12750
Initializing Temperatures...
  2098-Oct-15 23:00:00
  2099-Jan-13 14:00:00
  2099-Feb-01 06:00:00
  2099-Feb-19 22:00:00
  2099-Mar-10 14:00:00
  2099-Mar-29 06:00:00
  2099-Apr-16 21:00:00
  2099-May-05 13:00:00
  2099-May-24 06:00:00
  2099-Jun-11 21:00:00
  2099-Jun-30 14:00:00
  2099-Jul-19 06:00:00
  2099-Aug-06 22:00:00
  2099-Aug-25 14:00:00
  2099-Sep-13 06:00:00
  2099-Oct-01 22:00:00
  2099-Oct-20 14:00:00
  2099-Nov-08 06:00:00
  2099-Nov-26 22:00:00
  2099-Dec-15 14:00:00
Beginning Simulation...
  2100-Jan-03 02:00:00 (0.6%)
  2100-Jan-20 09:00:00 (5.3%)
  2100-Feb-06 16:00:00 (10%)
  2100-Feb-23 23:00:00 (14.8%)
  2100-Mar-13 06:00:00 (19.5%)
  2100-Mar-30 13:00:00 (24.3%)
  2100-Apr-16 20:00:00 (29%)
  2100-May-04 03:00:00 (33.7%)
  2100-May-21 10:00:00 (38.5%)
  2100-Jun-07 18:00:00 (43.2%)
  2100-Jun-25 01:00:00 (48%)
  2100-Jul-12 05:00:00 (52.7%)
  2100-Jul-29 12:00:00 (57.4%)
  2100-Aug-15 19:00:00 (62.1%)
  2100-Sep-02 03:00:00 (66.9%)
  2100-Sep-19 09:00:00 (71.6%)
  2100-Oct-06 17:00:00 (76.4%)
  2100-Oct-24 00:00:00 (81.1%)
  2100-Nov-10 07:00:00 (85.8%)
  2100-Nov-27 14:00:00 (90.6%)
  2100-Dec-14 21:00:00 (95.3%)
  2100-Dec-31 23:00:00 (100%)
Finished Program: 2014-Nov-18 10:55:07.989869
Elapsed Time: 00:00:41.273002
