instance.yaml
kiva v0.2.0-22-gd89b213
Copyright (C) 2012-2014 Big Ladder Software
Web: www.bigladdersoftware.com

Starting Program: 2014-Nov-19 10:36:54.156237
Creating Domain...
  X Cells: 181
  Y Cells: 1
  Z Cells: 125
  Total Cells: 22625
Initializing Temperatures...
  2098-Dec-10 23:00:00
  2099-Jan-09 15:00:00
  2099-Jan-19 23:00:00
  2099-Jan-30 08:00:00
  2099-Feb-09 16:00:00
  2099-Feb-20 00:00:00
  2099-Mar-02 08:00:00
  2099-Mar-12 16:00:00
  2099-Mar-23 00:00:00
  2099-Apr-02 09:00:00
  2099-Apr-12 17:00:00
  2099-Apr-23 01:00:00
  2099-May-03 10:00:00
  2099-May-13 18:00:00
  2099-May-24 03:00:00
  2099-Jun-03 11:00:00
  2099-Jun-13 20:00:00
  2099-Jun-24 04:00:00
  2099-Jul-04 12:00:00
  2099-Jul-14 21:00:00
  2099-Jul-25 05:00:00
  2099-Aug-04 14:00:00
  2099-Aug-14 22:00:00
  2099-Aug-25 07:00:00
  2099-Sep-04 15:00:00
  2099-Sep-15 00:00:00
  2099-Sep-25 08:00:00
  2099-Oct-05 16:00:00
  2099-Oct-16 01:00:00
  2099-Oct-26 09:00:00
  2099-Nov-05 18:00:00
  2099-Nov-16 02:00:00
  2099-Nov-26 11:00:00
  2099-Dec-06 19:00:00
  2099-Dec-17 04:00:00
  2099-Dec-27 12:00:00
Beginning Simulation...
  2100-Jan-06 10:00:00 (1.5%)
  2100-Jan-16 01:00:00 (4.1%)
  2100-Jan-25 16:00:00 (6.8%)
  2100-Feb-04 06:00:00 (9.4%)
  2100-Feb-13 21:00:00 (12%)
  2100-Feb-23 11:00:00 (14.6%)
  2100-Mar-05 02:00:00 (17.3%)
  2100-Mar-14 16:00:00 (19.9%)
  2100-Mar-24 07:00:00 (22.5%)
  2100-Apr-02 21:00:00 (25.2%)
  2100-Apr-12 12:00:00 (27.8%)
  2100-Apr-22 03:00:00 (30.4%)
  2100-May-01 17:00:00 (33.1%)
  2100-May-11 08:00:00 (35.7%)
  2100-May-20 23:00:00 (38.3%)
  2100-May-30 13:00:00 (41%)
  2100-Jun-09 03:00:00 (43.6%)
  2100-Jun-18 18:00:00 (46.2%)
  2100-Jun-28 10:00:00 (48.9%)
  2100-Jul-08 03:00:00 (51.5%)
  2100-Jul-17 20:00:00 (54.2%)
  2100-Jul-27 12:00:00 (56.8%)
  2100-Aug-06 05:00:00 (59.5%)
  2100-Aug-15 21:00:00 (62.2%)
  2100-Aug-25 14:00:00 (64.8%)
  2100-Sep-04 07:00:00 (67.5%)
  2100-Sep-14 00:00:00 (70.1%)
  2100-Sep-23 16:00:00 (72.8%)
  2100-Oct-03 10:00:00 (75.5%)
  2100-Oct-13 04:00:00 (78.1%)
  2100-Oct-22 20:00:00 (80.8%)
  2100-Nov-01 14:00:00 (83.4%)
  2100-Nov-11 08:00:00 (86.1%)
  2100-Nov-21 03:00:00 (88.8%)
  2100-Nov-30 21:00:00 (91.5%)
  2100-Dec-10 15:00:00 (94.1%)
  2100-Dec-20 09:00:00 (96.8%)
  2100-Dec-30 03:00:00 (99.5%)
  2100-Dec-31 23:00:00 (100%)
Finished Program: 2014-Nov-19 10:38:08.191061
Elapsed Time: 00:01:14.034824
