instance.yaml
kiva v0.2.0-21-g785bfe1
Copyright (C) 2012-2014 Big Ladder Software
Web: www.bigladdersoftware.com

Starting Program: 2014-Nov-18 11:13:26.066990
Creating Domain...
  X Cells: 91
  Y Cells: 1
  Z Cells: 113
  Total Cells: 10283
Initializing Temperatures...
  2099-Jan-10 15:00:00
  2099-Feb-02 16:00:00
  2099-Feb-25 16:00:00
  2099-Mar-20 17:00:00
  2099-Apr-12 16:00:00
  2099-May-05 17:00:00
  2099-May-28 18:00:00
  2099-Jun-20 19:00:00
  2099-Jul-13 20:00:00
  2099-Aug-05 21:00:00
  2099-Aug-28 22:00:00
  2099-Sep-20 23:00:00
  2099-Oct-14 00:00:00
  2099-Nov-06 01:00:00
  2099-Nov-29 02:00:00
  2099-Dec-22 03:00:00
Beginning Simulation...
  2100-Jan-13 21:00:00 (3.5%)
  2100-Feb-05 09:00:00 (9.7%)
  2100-Feb-27 21:00:00 (15.9%)
  2100-Mar-22 08:00:00 (22%)
  2100-Apr-13 20:00:00 (28.2%)
  2100-May-06 08:00:00 (34.3%)
  2100-May-28 20:00:00 (40.5%)
  2100-Jun-20 08:00:00 (46.7%)
  2100-Jul-12 20:00:00 (52.8%)
  2100-Aug-04 08:00:00 (59%)
  2100-Aug-26 20:00:00 (65.2%)
  2100-Sep-18 07:00:00 (71.3%)
  2100-Oct-10 20:00:00 (77.5%)
  2100-Nov-02 08:00:00 (83.7%)
  2100-Nov-24 20:00:00 (89.8%)
  2100-Dec-17 04:00:00 (95.9%)
  2100-Dec-31 23:00:00 (100%)
Finished Program: 2014-Nov-18 11:13:58.659274
Elapsed Time: 00:00:32.592284
