instance.yaml
kiva v0.2.0-9-g526928a
Copyright (C) 2012-2014 Big Ladder Software
Web: www.bigladdersoftware.com

Starting Program: 2014-Oct-19 02:57:08.928129
Creating Domain...
  X Cells: 99
  Y Cells: 1
  Z Cells: 125
  Total Cells: 12375
Initializing Temperatures...
  2099-Jan-01 00:00:00
  2099-Jan-21 22:00:00
  2099-Feb-12 18:00:00
  2099-Mar-06 14:00:00
  2099-Mar-28 10:00:00
  2099-Apr-19 06:00:00
  2099-May-11 01:00:00
  2099-Jun-01 21:00:00
  2099-Jun-23 17:00:00
  2099-Jul-15 13:00:00
  2099-Aug-06 09:00:00
  2099-Aug-28 05:00:00
  2099-Sep-19 00:00:00
  2099-Oct-10 20:00:00
  2099-Nov-01 16:00:00
  2099-Nov-23 12:00:00
  2099-Dec-15 08:00:00
Beginning Simulation...
  2100-Jan-05 19:00:00 (1.3%)
  2100-Jan-26 02:00:00 (6.9%)
  2100-Feb-15 09:00:00 (12.4%)
  2100-Mar-07 16:00:00 (18%)
  2100-Mar-28 00:00:00 (23.6%)
  2100-Apr-17 07:00:00 (29.1%)
  2100-May-07 14:00:00 (34.7%)
  2100-May-27 21:00:00 (40.2%)
  2100-Jun-17 05:00:00 (45.8%)
  2100-Jul-07 12:00:00 (51.4%)
  2100-Jul-27 20:00:00 (56.9%)
  2100-Aug-17 03:00:00 (62.5%)
  2100-Sep-06 10:00:00 (68.1%)
  2100-Sep-26 18:00:00 (73.6%)
  2100-Oct-17 02:00:00 (79.2%)
  2100-Oct-25 12:00:00 (81.5%)
  2100-Nov-11 04:00:00 (86.1%)
  2100-Dec-01 12:00:00 (91.6%)
  2100-Dec-21 19:00:00 (97.2%)
  2100-Dec-31 23:00:00 (100%)
Finished Program: 2014-Oct-19 02:57:45.501897
Elapsed Time: 00:00:36.573768
