instance.yaml
kiva v0.2.0-20-g4c7c200
Copyright (C) 2012-2014 Big Ladder Software
Web: www.bigladdersoftware.com

Starting Program: 2014-Nov-17 14:17:17.597538
Creating Domain...
  X Cells: 102
  Y Cells: 1
  Z Cells: 125
  Total Cells: 12750
Initializing Temperatures...
  2098-Nov-12 23:00:00
  2099-Jan-16 00:00:00
  2099-Feb-03 23:00:00
  2099-Feb-22 22:00:00
  2099-Mar-13 21:00:00
  2099-Apr-01 20:00:00
  2099-Apr-20 19:00:00
  2099-May-09 18:00:00
  2099-May-28 18:00:00
  2099-Jun-16 17:00:00
  2099-Jul-05 16:00:00
  2099-Jul-24 15:00:00
  2099-Aug-12 14:00:00
  2099-Aug-31 14:00:00
  2099-Sep-19 13:00:00
  2099-Oct-08 12:00:00
  2099-Oct-27 11:00:00
  2099-Nov-15 10:00:00
  2099-Dec-04 09:00:00
  2099-Dec-23 08:00:00
Beginning Simulation...
  2100-Jan-10 13:00:00 (2.6%)
  2100-Jan-28 01:00:00 (7.4%)
  2100-Feb-14 14:00:00 (12.2%)
  2100-Mar-04 02:00:00 (17%)
  2100-Mar-21 15:00:00 (21.8%)
  2100-Apr-08 04:00:00 (26.6%)
  2100-Apr-25 17:00:00 (31.4%)
  2100-May-13 06:00:00 (36.2%)
  2100-May-30 18:00:00 (41%)
  2100-Jun-17 07:00:00 (45.8%)
  2100-Jul-04 20:00:00 (50.6%)
  2100-Jul-22 09:00:00 (55.4%)
  2100-Aug-08 19:00:00 (60.2%)
  2100-Aug-26 08:00:00 (65%)
  2100-Sep-12 21:00:00 (69.8%)
  2100-Sep-30 10:00:00 (74.6%)
  2100-Oct-17 22:00:00 (79.4%)
  2100-Nov-04 11:00:00 (84.2%)
  2100-Nov-22 00:00:00 (89%)
  2100-Dec-09 13:00:00 (93.8%)
  2100-Dec-27 01:00:00 (98.6%)
  2100-Dec-31 23:00:00 (100%)
Finished Program: 2014-Nov-17 14:17:58.283181
Elapsed Time: 00:00:40.685643
