instance.yaml
kiva v0.2.0-20-g4c7c200
Copyright (C) 2012-2014 Big Ladder Software
Web: www.bigladdersoftware.com

Starting Program: 2014-Nov-17 14:07:18.042136
Creating Domain...
  X Cells: 97
  Y Cells: 1
  Z Cells: 158
  Total Cells: 15326
Initializing Temperatures...
  2099-Jan-04 12:00:00
  2099-Jan-20 03:00:00
  2099-Feb-04 19:00:00
  2099-Feb-20 10:00:00
  2099-Mar-08 01:00:00
  2099-Mar-23 16:00:00
  2099-Apr-08 07:00:00
  2099-Apr-23 22:00:00
  2099-May-09 13:00:00
  2099-May-25 04:00:00
  2099-Jun-09 19:00:00
  2099-Jun-25 11:00:00
  2099-Jul-11 02:00:00
  2099-Jul-26 18:00:00
  2099-Aug-11 09:00:00
  2099-Aug-27 01:00:00
  2099-Sep-11 16:00:00
  2099-Sep-27 08:00:00
  2099-Oct-12 23:00:00
  2099-Oct-28 15:00:00
  2099-Nov-13 07:00:00
  2099-Nov-28 23:00:00
  2099-Dec-14 14:00:00
  2099-Dec-30 05:00:00
Beginning Simulation...
  2100-Jan-13 16:00:00 (3.5%)
  2100-Jan-27 23:00:00 (7.4%)
  2100-Feb-11 06:00:00 (11.3%)
  2100-Feb-25 14:00:00 (15.2%)
  2100-Mar-11 21:00:00 (19.1%)
  2100-Mar-26 04:00:00 (23.1%)
  2100-Apr-09 11:00:00 (27%)
  2100-Apr-23 19:00:00 (30.9%)
  2100-May-08 02:00:00 (34.8%)
  2100-May-22 09:00:00 (38.7%)
  2100-Jun-05 14:00:00 (42.6%)
  2100-Jun-19 22:00:00 (46.6%)
  2100-Jul-04 05:00:00 (50.5%)
  2100-Jul-18 13:00:00 (54.4%)
  2100-Aug-01 21:00:00 (58.3%)
  2100-Aug-16 04:00:00 (62.2%)
  2100-Aug-30 12:00:00 (66.2%)
  2100-Sep-13 19:00:00 (70.1%)
  2100-Sep-28 03:00:00 (74%)
  2100-Oct-12 10:00:00 (77.9%)
  2100-Oct-26 18:00:00 (81.8%)
  2100-Nov-10 01:00:00 (85.8%)
  2100-Nov-24 09:00:00 (89.7%)
  2100-Dec-08 16:00:00 (93.6%)
  2100-Dec-23 00:00:00 (97.5%)
  2100-Dec-31 23:00:00 (100%)
Finished Program: 2014-Nov-17 14:08:07.628625
Elapsed Time: 00:00:49.586489
