instance.yaml
kiva v0.2.0-19-ge248292
Copyright (C) 2012-2014 Big Ladder Software
Web: www.bigladdersoftware.com

Starting Program: 2014-Nov-17 08:45:16.448632
Creating Domain...
  X Cells: 107
  Y Cells: 1
  Z Cells: 125
  Total Cells: 13375
Initializing Temperatures...
  2098-Dec-17 23:00:00
  2099-Jan-18 11:00:00
  2099-Feb-06 14:00:00
  2099-Feb-25 16:00:00
  2099-Mar-16 08:00:00
  2099-Apr-04 10:00:00
  2099-Apr-23 13:00:00
  2099-May-12 16:00:00
  2099-May-31 22:00:00
  2099-Jun-20 05:00:00
  2099-Jul-09 11:00:00
  2099-Jul-28 17:00:00
  2099-Aug-17 00:00:00
  2099-Sep-05 06:00:00
  2099-Sep-24 13:00:00
  2099-Oct-13 19:00:00
  2099-Nov-02 02:00:00
  2099-Nov-21 08:00:00
  2099-Dec-10 15:00:00
  2099-Dec-29 21:00:00
Beginning Simulation...
  2100-Jan-16 20:00:00 (4.3%)
  2100-Feb-03 15:00:00 (9.2%)
  2100-Feb-21 10:00:00 (14.1%)
  2100-Mar-11 05:00:00 (19%)
  2100-Mar-29 01:00:00 (23.8%)
  2100-Apr-15 20:00:00 (28.7%)
  2100-May-03 16:00:00 (33.6%)
  2100-May-21 10:00:00 (38.5%)
  2100-Jun-08 06:00:00 (43.4%)
  2100-Jun-26 01:00:00 (48.2%)
  2100-Jul-13 21:00:00 (53.1%)
  2100-Jul-31 16:00:00 (58%)
  2100-Aug-18 12:00:00 (62.9%)
  2100-Sep-05 08:00:00 (67.8%)
  2100-Sep-23 01:00:00 (72.6%)
  2100-Oct-10 20:00:00 (77.5%)
  2100-Oct-28 16:00:00 (82.4%)
  2100-Nov-15 12:00:00 (87.3%)
  2100-Dec-03 08:00:00 (92.1%)
  2100-Dec-21 04:00:00 (97%)
  2100-Dec-31 23:00:00 (100%)
Finished Program: 2014-Nov-17 08:45:56.608636
Elapsed Time: 00:00:40.160004
