instance.yaml
kiva v0.2.0-21-g785bfe1
Copyright (C) 2012-2014 Big Ladder Software
Web: www.bigladdersoftware.com

Starting Program: 2014-Nov-18 11:23:24.535054
Creating Domain...
  X Cells: 237
  Y Cells: 1
  Z Cells: 132
  Total Cells: 31284
Initializing Temperatures...
  2098-Oct-15 23:00:00
  2099-Jan-01 18:00:00
  2099-Jan-10 05:00:00
  2099-Jan-18 16:00:00
  2099-Jan-27 01:00:00
  2099-Feb-04 12:00:00
  2099-Feb-12 23:00:00
  2099-Feb-21 10:00:00
  2099-Mar-01 20:00:00
  2099-Mar-10 07:00:00
  2099-Mar-18 18:00:00
  2099-Mar-27 04:00:00
  2099-Apr-04 15:00:00
  2099-Apr-13 02:00:00
  2099-Apr-21 12:00:00
  2099-Apr-29 23:00:00
  2099-May-08 10:00:00
  2099-May-16 21:00:00
  2099-May-25 07:00:00
  2099-Jun-02 18:00:00
  2099-Jun-11 05:00:00
  2099-Jun-19 16:00:00
  2099-Jun-28 02:00:00
  2099-Jul-06 13:00:00
  2099-Jul-15 00:00:00
  2099-Jul-23 10:00:00
  2099-Jul-31 21:00:00
  2099-Aug-09 08:00:00
  2099-Aug-17 18:00:00
  2099-Aug-26 05:00:00
  2099-Sep-03 16:00:00
  2099-Sep-12 02:00:00
  2099-Sep-20 13:00:00
  2099-Sep-29 00:00:00
  2099-Oct-07 10:00:00
  2099-Oct-15 21:00:00
  2099-Oct-24 08:00:00
  2099-Nov-01 18:00:00
  2099-Nov-10 05:00:00
  2099-Nov-18 16:00:00
  2099-Nov-27 03:00:00
  2099-Dec-05 13:00:00
  2099-Dec-14 00:00:00
  2099-Dec-22 11:00:00
  2099-Dec-30 22:00:00
Beginning Simulation...
  2100-Jan-07 21:00:00 (1.9%)
  2100-Jan-15 18:00:00 (4%)
  2100-Jan-23 15:00:00 (6.2%)
  2100-Jan-31 13:00:00 (8.4%)
  2100-Feb-08 09:00:00 (10.5%)
  2100-Feb-16 07:00:00 (12.7%)
  2100-Feb-24 04:00:00 (14.8%)
  2100-Mar-04 01:00:00 (17%)
  2100-Mar-11 23:00:00 (19.2%)
  2100-Mar-19 20:00:00 (21.3%)
  2100-Mar-27 18:00:00 (23.5%)
  2100-Apr-04 15:00:00 (25.7%)
  2100-Apr-12 12:00:00 (27.8%)
  2100-Apr-20 10:00:00 (30%)
  2100-Apr-28 10:00:00 (32.2%)
  2100-May-06 11:00:00 (34.4%)
  2100-May-14 11:00:00 (36.6%)
  2100-May-22 11:00:00 (38.8%)
  2100-May-30 12:00:00 (41%)
  2100-Jun-07 12:00:00 (43.2%)
  2100-Jun-15 12:00:00 (45.3%)
  2100-Jun-23 13:00:00 (47.5%)
  2100-Jul-01 13:00:00 (49.7%)
  2100-Jul-09 13:00:00 (51.9%)
  2100-Jul-17 14:00:00 (54.1%)
  2100-Jul-25 14:00:00 (56.3%)
  2100-Aug-02 14:00:00 (58.5%)
  2100-Aug-10 15:00:00 (60.7%)
  2100-Aug-18 15:00:00 (62.9%)
  2100-Aug-26 16:00:00 (65.1%)
  2100-Sep-03 16:00:00 (67.3%)
  2100-Sep-11 17:00:00 (69.5%)
  2100-Sep-19 16:00:00 (71.7%)
  2100-Sep-27 17:00:00 (73.9%)
  2100-Oct-05 17:00:00 (76.1%)
  2100-Oct-13 17:00:00 (78.3%)
  2100-Oct-21 18:00:00 (80.5%)
  2100-Oct-29 18:00:00 (82.7%)
  2100-Nov-06 19:00:00 (84.9%)
  2100-Nov-14 19:00:00 (87.1%)
  2100-Nov-22 20:00:00 (89.3%)
  2100-Nov-30 20:00:00 (91.5%)
  2100-Dec-08 21:00:00 (93.7%)
  2100-Dec-16 21:00:00 (95.9%)
  2100-Dec-24 21:00:00 (98%)
  2100-Dec-31 23:00:00 (100%)
Finished Program: 2014-Nov-18 11:24:54.884919
Elapsed Time: 00:01:30.349865
