instance.yaml
kiva v0.2.0-21-g785bfe1
Copyright (C) 2012-2014 Big Ladder Software
Web: www.bigladdersoftware.com

Starting Program: 2014-Nov-18 11:25:27.567878
Creating Domain...
  X Cells: 99
  Y Cells: 1
  Z Cells: 113
  Total Cells: 11187
Initializing Temperatures...
  2098-Nov-26 23:00:00
  2099-Jan-19 07:00:00
  2099-Feb-09 14:00:00
  2099-Mar-02 22:00:00
  2099-Mar-24 05:00:00
  2099-Apr-14 12:00:00
  2099-May-05 20:00:00
  2099-May-27 04:00:00
  2099-Jun-17 11:00:00
  2099-Jul-08 19:00:00
  2099-Jul-30 02:00:00
  2099-Aug-20 09:00:00
  2099-Sep-10 17:00:00
  2099-Oct-02 00:00:00
  2099-Oct-23 08:00:00
  2099-Nov-13 16:00:00
  2099-Dec-04 21:00:00
  2099-Dec-26 04:00:00
Beginning Simulation...
  2100-Jan-16 03:00:00 (4.1%)
  2100-Feb-05 23:00:00 (9.9%)
  2100-Feb-26 19:00:00 (15.6%)
  2100-Mar-19 15:00:00 (21.3%)
  2100-Apr-09 11:00:00 (27%)
  2100-Apr-30 07:00:00 (32.7%)
  2100-May-21 04:00:00 (38.4%)
  2100-Jun-11 00:00:00 (44.1%)
  2100-Jul-01 20:00:00 (49.8%)
  2100-Jul-22 16:00:00 (55.5%)
  2100-Aug-12 11:00:00 (61.2%)
  2100-Sep-02 07:00:00 (66.9%)
  2100-Sep-23 03:00:00 (72.6%)
  2100-Oct-13 23:00:00 (78.3%)
  2100-Nov-03 15:00:00 (84%)
  2100-Nov-24 11:00:00 (89.7%)
  2100-Dec-15 07:00:00 (95.4%)
  2100-Dec-31 23:00:00 (100%)
Finished Program: 2014-Nov-18 11:26:02.801225
Elapsed Time: 00:00:35.233347
