instance.yaml
kiva v0.2.0-21-g785bfe1
Copyright (C) 2012-2014 Big Ladder Software
Web: www.bigladdersoftware.com

Starting Program: 2014-Nov-18 11:12:26.693248
Creating Domain...
  X Cells: 245
  Y Cells: 1
  Z Cells: 96
  Total Cells: 23520
Initializing Temperatures...
  2098-Oct-08 23:00:00
  2099-Jan-04 05:00:00
  2099-Jan-13 08:00:00
  2099-Jan-22 12:00:00
  2099-Jan-31 15:00:00
  2099-Feb-09 18:00:00
  2099-Feb-18 21:00:00
  2099-Feb-28 00:00:00
  2099-Mar-09 03:00:00
  2099-Mar-18 06:00:00
  2099-Mar-27 09:00:00
  2099-Apr-05 13:00:00
  2099-Apr-14 16:00:00
  2099-Apr-23 19:00:00
  2099-May-02 22:00:00
  2099-May-12 01:00:00
  2099-May-21 05:00:00
  2099-May-30 08:00:00
  2099-Jun-08 11:00:00
  2099-Jun-17 13:00:00
  2099-Jun-26 17:00:00
  2099-Jul-05 20:00:00
  2099-Jul-14 23:00:00
  2099-Jul-24 02:00:00
  2099-Aug-02 05:00:00
  2099-Aug-11 08:00:00
  2099-Aug-20 11:00:00
  2099-Aug-29 14:00:00
  2099-Sep-07 17:00:00
  2099-Sep-16 20:00:00
  2099-Sep-25 23:00:00
  2099-Oct-05 02:00:00
  2099-Oct-14 05:00:00
  2099-Oct-23 08:00:00
  2099-Nov-01 12:00:00
  2099-Nov-10 15:00:00
  2099-Nov-19 18:00:00
  2099-Nov-28 21:00:00
  2099-Dec-08 00:00:00
  2099-Dec-17 03:00:00
  2099-Dec-26 06:00:00
Beginning Simulation...
  2100-Jan-04 07:00:00 (0.9%)
  2100-Jan-13 05:00:00 (3.3%)
  2100-Jan-22 04:00:00 (5.8%)
  2100-Jan-31 02:00:00 (8.2%)
  2100-Feb-09 00:00:00 (10.7%)
  2100-Feb-17 22:00:00 (13.1%)
  2100-Feb-26 20:00:00 (15.6%)
  2100-Mar-07 18:00:00 (18%)
  2100-Mar-16 16:00:00 (20.5%)
  2100-Mar-25 14:00:00 (22.9%)
  2100-Apr-03 13:00:00 (25.4%)
  2100-Apr-12 12:00:00 (27.8%)
  2100-Apr-21 11:00:00 (30.3%)
  2100-Apr-30 11:00:00 (32.7%)
  2100-May-09 10:00:00 (35.2%)
  2100-May-18 09:00:00 (37.6%)
  2100-May-27 08:00:00 (40.1%)
  2100-Jun-05 08:00:00 (42.6%)
  2100-Jun-14 07:00:00 (45%)
  2100-Jun-23 07:00:00 (47.5%)
  2100-Jul-02 06:00:00 (49.9%)
  2100-Jul-11 04:00:00 (52.4%)
  2100-Jul-20 03:00:00 (54.8%)
  2100-Jul-29 01:00:00 (57.3%)
  2100-Aug-07 00:00:00 (59.7%)
  2100-Aug-15 23:00:00 (62.2%)
  2100-Aug-24 21:00:00 (64.6%)
  2100-Sep-02 20:00:00 (67.1%)
  2100-Sep-11 19:00:00 (69.5%)
  2100-Sep-20 18:00:00 (72%)
  2100-Sep-29 16:00:00 (74.4%)
  2100-Oct-08 15:00:00 (76.9%)
  2100-Oct-17 14:00:00 (79.3%)
  2100-Oct-26 11:00:00 (81.8%)
  2100-Nov-04 10:00:00 (84.2%)
  2100-Nov-13 09:00:00 (86.7%)
  2100-Nov-22 08:00:00 (89.1%)
  2100-Dec-01 07:00:00 (91.6%)
  2100-Dec-10 05:00:00 (94%)
  2100-Dec-19 04:00:00 (96.5%)
  2100-Dec-28 03:00:00 (98.9%)
  2100-Dec-31 23:00:00 (100%)
Finished Program: 2014-Nov-18 11:13:48.430879
Elapsed Time: 00:01:21.737631
