instance.yaml
kiva v0.2.0-21-g785bfe1
Copyright (C) 2012-2014 Big Ladder Software
Web: www.bigladdersoftware.com

Starting Program: 2014-Nov-18 11:14:23.524351
Creating Domain...
  X Cells: 208
  Y Cells: 1
  Z Cells: 133
  Total Cells: 27664
Initializing Temperatures...
  2098-Oct-15 23:00:00
  2099-Jan-04 00:00:00
  2099-Jan-13 06:00:00
  2099-Jan-22 12:00:00
  2099-Jan-31 18:00:00
  2099-Feb-10 00:00:00
  2099-Feb-19 07:00:00
  2099-Feb-28 13:00:00
  2099-Mar-09 19:00:00
  2099-Mar-19 01:00:00
  2099-Mar-28 07:00:00
  2099-Apr-06 13:00:00
  2099-Apr-15 19:00:00
  2099-Apr-25 01:00:00
  2099-May-04 07:00:00
  2099-May-13 13:00:00
  2099-May-22 20:00:00
  2099-Jun-01 02:00:00
  2099-Jun-10 08:00:00
  2099-Jun-19 14:00:00
  2099-Jun-28 20:00:00
  2099-Jul-08 02:00:00
  2099-Jul-17 08:00:00
  2099-Jul-26 14:00:00
  2099-Aug-04 21:00:00
  2099-Aug-14 03:00:00
  2099-Aug-23 09:00:00
  2099-Sep-01 15:00:00
  2099-Sep-10 21:00:00
  2099-Sep-20 03:00:00
  2099-Sep-29 09:00:00
  2099-Oct-08 16:00:00
  2099-Oct-17 22:00:00
  2099-Oct-27 04:00:00
  2099-Nov-05 10:00:00
  2099-Nov-14 16:00:00
  2099-Nov-23 22:00:00
  2099-Dec-03 04:00:00
  2099-Dec-12 10:00:00
  2099-Dec-21 16:00:00
  2099-Dec-30 22:00:00
Beginning Simulation...
  2100-Jan-08 15:00:00 (2.1%)
  2100-Jan-17 05:00:00 (4.4%)
  2100-Jan-25 20:00:00 (6.8%)
  2100-Feb-03 10:00:00 (9.2%)
  2100-Feb-12 01:00:00 (11.5%)
  2100-Feb-20 16:00:00 (13.9%)
  2100-Mar-01 06:00:00 (16.2%)
  2100-Mar-09 21:00:00 (18.6%)
  2100-Mar-18 11:00:00 (20.9%)
  2100-Mar-27 01:00:00 (23.3%)
  2100-Apr-04 16:00:00 (25.7%)
  2100-Apr-13 06:00:00 (28%)
  2100-Apr-21 21:00:00 (30.4%)
  2100-Apr-30 12:00:00 (32.7%)
  2100-May-09 02:00:00 (35.1%)
  2100-May-17 17:00:00 (37.5%)
  2100-May-26 08:00:00 (39.8%)
  2100-Jun-03 22:00:00 (42.2%)
  2100-Jun-12 13:00:00 (44.5%)
  2100-Jun-21 03:00:00 (46.9%)
  2100-Jun-29 18:00:00 (49.2%)
  2100-Jul-08 09:00:00 (51.6%)
  2100-Jul-17 00:00:00 (54%)
  2100-Jul-25 15:00:00 (56.3%)
  2100-Aug-03 05:00:00 (58.7%)
  2100-Aug-11 20:00:00 (61.1%)
  2100-Aug-20 11:00:00 (63.4%)
  2100-Aug-29 02:00:00 (65.8%)
  2100-Sep-06 17:00:00 (68.1%)
  2100-Sep-15 08:00:00 (70.5%)
  2100-Sep-23 22:00:00 (72.9%)
  2100-Oct-02 13:00:00 (75.2%)
  2100-Oct-11 04:00:00 (77.6%)
  2100-Oct-19 19:00:00 (79.9%)
  2100-Oct-28 08:00:00 (82.3%)
  2100-Nov-05 23:00:00 (84.6%)
  2100-Nov-14 14:00:00 (87%)
  2100-Nov-23 05:00:00 (89.4%)
  2100-Dec-01 19:00:00 (91.7%)
  2100-Dec-10 10:00:00 (94.1%)
  2100-Dec-19 01:00:00 (96.4%)
  2100-Dec-27 15:00:00 (98.8%)
  2100-Dec-31 23:00:00 (100%)
Finished Program: 2014-Nov-18 11:15:46.504397
Elapsed Time: 00:01:22.980046
