instance.yaml
kiva v0.2.0-21-g785bfe1
Copyright (C) 2012-2014 Big Ladder Software
Web: www.bigladdersoftware.com

Starting Program: 2014-Nov-18 11:18:28.856006
Creating Domain...
  X Cells: 87
  Y Cells: 1
  Z Cells: 133
  Total Cells: 11571
Initializing Temperatures...
  2099-Jan-11 13:00:00
  2099-Feb-01 09:00:00
  2099-Feb-22 05:00:00
  2099-Mar-15 01:00:00
  2099-Apr-04 21:00:00
  2099-Apr-25 18:00:00
  2099-May-16 14:00:00
  2099-Jun-06 10:00:00
  2099-Jun-27 07:00:00
  2099-Jul-18 03:00:00
  2099-Aug-08 00:00:00
  2099-Aug-28 20:00:00
  2099-Sep-18 16:00:00
  2099-Oct-09 13:00:00
  2099-Oct-30 09:00:00
  2099-Nov-20 06:00:00
  2099-Dec-11 02:00:00
  2099-Dec-31 23:00:00
Beginning Simulation...
  2100-Jan-20 06:00:00 (5.3%)
  2100-Feb-08 13:00:00 (10.6%)
  2100-Feb-27 20:00:00 (15.8%)
  2100-Mar-19 03:00:00 (21.1%)
  2100-Apr-07 10:00:00 (26.4%)
  2100-Apr-26 17:00:00 (31.7%)
  2100-May-16 00:00:00 (37%)
  2100-Jun-04 06:00:00 (42.3%)
  2100-Jun-23 11:00:00 (47.5%)
  2100-Jul-12 18:00:00 (52.8%)
  2100-Jul-31 23:00:00 (58.1%)
  2100-Aug-20 05:00:00 (63.3%)
  2100-Sep-08 12:00:00 (68.6%)
  2100-Sep-27 19:00:00 (73.9%)
  2100-Oct-16 23:00:00 (79.2%)
  2100-Nov-05 07:00:00 (84.5%)
  2100-Nov-24 16:00:00 (89.8%)
  2100-Dec-14 03:00:00 (95.1%)
  2100-Dec-31 23:00:00 (100%)
Finished Program: 2014-Nov-18 11:19:05.915586
Elapsed Time: 00:00:37.059580
