instance.yaml
kiva v0.2.0-21-g785bfe1
Copyright (C) 2012-2014 Big Ladder Software
Web: www.bigladdersoftware.com

Starting Program: 2014-Nov-18 11:24:27.885189
Creating Domain...
  X Cells: 92
  Y Cells: 1
  Z Cells: 113
  Total Cells: 10396
Initializing Temperatures...
  2099-Jan-13 05:00:00
  2099-Feb-03 15:00:00
  2099-Feb-25 01:00:00
  2099-Mar-18 11:00:00
  2099-Apr-08 21:00:00
  2099-Apr-30 07:00:00
  2099-May-21 18:00:00
  2099-Jun-12 04:00:00
  2099-Jul-03 14:00:00
  2099-Jul-25 01:00:00
  2099-Aug-15 11:00:00
  2099-Sep-05 21:00:00
  2099-Sep-27 08:00:00
  2099-Oct-18 18:00:00
  2099-Nov-09 05:00:00
  2099-Nov-30 15:00:00
  2099-Dec-22 01:00:00
Beginning Simulation...
  2100-Jan-12 06:00:00 (3.1%)
  2100-Feb-02 04:00:00 (8.8%)
  2100-Feb-23 03:00:00 (14.6%)
  2100-Mar-16 01:00:00 (20.3%)
  2100-Apr-06 00:00:00 (26%)
  2100-Apr-26 22:00:00 (31.8%)
  2100-May-17 21:00:00 (37.5%)
  2100-Jun-07 20:00:00 (43.2%)
  2100-Jun-28 19:00:00 (49%)
  2100-Jul-19 17:00:00 (54.7%)
  2100-Aug-09 16:00:00 (60.5%)
  2100-Aug-30 15:00:00 (66.2%)
  2100-Sep-20 13:00:00 (71.9%)
  2100-Oct-11 11:00:00 (77.7%)
  2100-Nov-01 10:00:00 (83.4%)
  2100-Nov-22 05:00:00 (89.1%)
  2100-Dec-13 03:00:00 (94.8%)
  2100-Dec-31 23:00:00 (100%)
Finished Program: 2014-Nov-18 11:25:02.899271
Elapsed Time: 00:00:35.014082
