instance.yaml
kiva v0.2.0-19-ge248292
Copyright (C) 2012-2014 Big Ladder Software
Web: www.bigladdersoftware.com

Starting Program: 2014-Nov-17 08:41:13.273827
Creating Domain...
  X Cells: 115
  Y Cells: 1
  Z Cells: 96
  Total Cells: 11040
Initializing Temperatures...
  2099-Jan-02 04:00:00
  2099-Jan-23 20:00:00
  2099-Feb-14 11:00:00
  2099-Mar-08 03:00:00
  2099-Mar-29 18:00:00
  2099-Apr-20 10:00:00
  2099-May-12 01:00:00
  2099-Jun-02 17:00:00
  2099-Jun-24 08:00:00
  2099-Jul-16 00:00:00
  2099-Aug-06 15:00:00
  2099-Aug-28 07:00:00
  2099-Sep-18 23:00:00
  2099-Oct-10 14:00:00
  2099-Nov-01 06:00:00
  2099-Nov-22 22:00:00
  2099-Dec-14 14:00:00
Beginning Simulation...
  2100-Jan-05 02:00:00 (1.1%)
  2100-Jan-26 02:00:00 (6.9%)
  2100-Feb-16 02:00:00 (12.6%)
  2100-Mar-09 02:00:00 (18.4%)
  2100-Mar-30 02:00:00 (24.1%)
  2100-Apr-20 02:00:00 (29.9%)
  2100-May-11 02:00:00 (35.6%)
  2100-Jun-01 03:00:00 (41.4%)
  2100-Jun-22 03:00:00 (47.2%)
  2100-Jul-13 03:00:00 (52.9%)
  2100-Aug-03 03:00:00 (58.7%)
  2100-Aug-24 02:00:00 (64.4%)
  2100-Sep-14 02:00:00 (70.2%)
  2100-Oct-05 03:00:00 (75.9%)
  2100-Oct-26 00:00:00 (81.6%)
  2100-Nov-16 00:00:00 (87.4%)
  2100-Dec-07 00:00:00 (93.2%)
  2100-Dec-28 00:00:00 (98.9%)
  2100-Dec-31 23:00:00 (100%)
Finished Program: 2014-Nov-17 08:41:48.189410
Elapsed Time: 00:00:34.915583
