instance.yaml
kiva v0.2.0-9-g526928a
Copyright (C) 2012-2014 Big Ladder Software
Web: www.bigladdersoftware.com

Starting Program: 2014-Nov-15 11:51:42.383445
Creating Domain...
  X Cells: 204
  Y Cells: 1
  Z Cells: 96
  Total Cells: 19584
Initializing Temperatures...
  2098-Nov-26 23:00:00
  2099-Jan-09 13:00:00
  2099-Jan-20 19:00:00
  2099-Feb-01 02:00:00
  2099-Feb-12 08:00:00
  2099-Feb-23 15:00:00
  2099-Mar-06 22:00:00
  2099-Mar-18 04:00:00
  2099-Mar-29 11:00:00
  2099-Apr-09 17:00:00
  2099-Apr-21 00:00:00
  2099-May-02 04:00:00
  2099-May-13 11:00:00
  2099-May-24 18:00:00
  2099-Jun-05 01:00:00
  2099-Jun-16 07:00:00
  2099-Jun-27 14:00:00
  2099-Jul-08 21:00:00
  2099-Jul-20 04:00:00
  2099-Jul-31 10:00:00
  2099-Aug-11 17:00:00
  2099-Aug-23 00:00:00
  2099-Sep-03 07:00:00
  2099-Sep-14 14:00:00
  2099-Sep-25 20:00:00
  2099-Oct-07 03:00:00
  2099-Oct-18 10:00:00
  2099-Oct-29 17:00:00
  2099-Nov-10 00:00:00
  2099-Nov-21 06:00:00
  2099-Dec-02 13:00:00
  2099-Dec-13 20:00:00
  2099-Dec-25 03:00:00
Beginning Simulation...
  2100-Jan-05 08:00:00 (1.2%)
  2100-Jan-16 10:00:00 (4.2%)
  2100-Jan-27 12:00:00 (7.3%)
  2100-Feb-07 14:00:00 (10.3%)
  2100-Feb-18 16:00:00 (13.3%)
  2100-Mar-01 18:00:00 (16.4%)
  2100-Mar-12 21:00:00 (19.4%)
  2100-Mar-23 23:00:00 (22.5%)
  2100-Apr-04 01:00:00 (25.5%)
  2100-Apr-15 03:00:00 (28.5%)
  2100-Apr-26 05:00:00 (31.6%)
  2100-May-07 07:00:00 (34.6%)
  2100-May-18 09:00:00 (37.6%)
  2100-May-29 11:00:00 (40.7%)
  2100-Jun-09 13:00:00 (43.7%)
  2100-Jun-20 16:00:00 (46.8%)
  2100-Jul-01 18:00:00 (49.8%)
  2100-Jul-12 20:00:00 (52.8%)
  2100-Jul-23 22:00:00 (55.9%)
  2100-Aug-04 01:00:00 (58.9%)
  2100-Aug-15 03:00:00 (62%)
  2100-Aug-26 05:00:00 (65%)
  2100-Sep-06 07:00:00 (68%)
  2100-Sep-17 10:00:00 (71.1%)
  2100-Sep-28 12:00:00 (74.1%)
  2100-Oct-09 15:00:00 (77.2%)
  2100-Oct-20 17:00:00 (80.2%)
  2100-Oct-31 19:00:00 (83.2%)
  2100-Nov-11 21:00:00 (86.3%)
  2100-Nov-23 00:00:00 (89.3%)
  2100-Dec-04 02:00:00 (92.4%)
  2100-Dec-15 04:00:00 (95.4%)
  2100-Dec-26 04:00:00 (98.4%)
  2100-Dec-31 23:00:00 (100%)
Finished Program: 2014-Nov-15 11:52:48.522443
Elapsed Time: 00:01:06.138998
