instance.yaml
kiva v0.2.0-20-g4c7c200
Copyright (C) 2012-2014 Big Ladder Software
Web: www.bigladdersoftware.com

Starting Program: 2014-Nov-17 14:16:19.263193
Creating Domain...
  X Cells: 103
  Y Cells: 1
  Z Cells: 158
  Total Cells: 16274
Initializing Temperatures...
  2098-Dec-31 23:00:00
  2099-Jan-15 17:00:00
  2099-Jan-30 15:00:00
  2099-Feb-14 14:00:00
  2099-Mar-01 12:00:00
  2099-Mar-16 11:00:00
  2099-Mar-31 10:00:00
  2099-Apr-15 08:00:00
  2099-Apr-30 06:00:00
  2099-May-15 05:00:00
  2099-May-30 05:00:00
  2099-Jun-14 07:00:00
  2099-Jun-29 09:00:00
  2099-Jul-14 11:00:00
  2099-Jul-29 13:00:00
  2099-Aug-13 14:00:00
  2099-Aug-28 16:00:00
  2099-Sep-12 18:00:00
  2099-Sep-27 20:00:00
  2099-Oct-12 22:00:00
  2099-Oct-28 00:00:00
  2099-Nov-12 02:00:00
  2099-Nov-27 04:00:00
  2099-Dec-12 06:00:00
  2099-Dec-27 07:00:00
Beginning Simulation...
  2100-Jan-10 12:00:00 (2.6%)
  2100-Jan-24 07:00:00 (6.4%)
  2100-Feb-07 02:00:00 (10.2%)
  2100-Feb-20 20:00:00 (13.9%)
  2100-Mar-06 15:00:00 (17.7%)
  2100-Mar-20 10:00:00 (21.5%)
  2100-Apr-03 05:00:00 (25.3%)
  2100-Apr-17 00:00:00 (29%)
  2100-Apr-30 19:00:00 (32.8%)
  2100-May-14 14:00:00 (36.6%)
  2100-May-28 09:00:00 (40.4%)
  2100-Jun-11 05:00:00 (44.2%)
  2100-Jun-25 00:00:00 (47.9%)
  2100-Jul-08 20:00:00 (51.7%)
  2100-Jul-22 15:00:00 (55.5%)
  2100-Aug-05 10:00:00 (59.3%)
  2100-Aug-19 05:00:00 (63.1%)
  2100-Sep-02 01:00:00 (66.9%)
  2100-Sep-15 20:00:00 (70.6%)
  2100-Sep-29 16:00:00 (74.4%)
  2100-Oct-13 11:00:00 (78.2%)
  2100-Oct-27 07:00:00 (82%)
  2100-Nov-10 02:00:00 (85.8%)
  2100-Nov-23 22:00:00 (89.6%)
  2100-Dec-07 17:00:00 (93.3%)
  2100-Dec-21 12:00:00 (97.1%)
  2100-Dec-31 23:00:00 (100%)
Finished Program: 2014-Nov-17 14:17:10.758825
Elapsed Time: 00:00:51.495632
