instance.yaml
kiva v0.2.0-22-gd89b213
Copyright (C) 2012-2014 Big Ladder Software
Web: www.bigladdersoftware.com

Starting Program: 2014-Nov-19 10:40:45.644210
Creating Domain...
  X Cells: 173
  Y Cells: 1
  Z Cells: 113
  Total Cells: 19549
Initializing Temperatures...
  2098-Oct-15 23:00:00
  2099-Jan-06 22:00:00
  2099-Jan-19 05:00:00
  2099-Jan-31 12:00:00
  2099-Feb-12 19:00:00
  2099-Feb-25 03:00:00
  2099-Mar-09 10:00:00
  2099-Mar-21 17:00:00
  2099-Apr-03 00:00:00
  2099-Apr-15 07:00:00
  2099-Apr-27 15:00:00
  2099-May-09 22:00:00
  2099-May-22 05:00:00
  2099-Jun-03 13:00:00
  2099-Jun-15 20:00:00
  2099-Jun-28 03:00:00
  2099-Jul-10 11:00:00
  2099-Jul-22 18:00:00
  2099-Aug-04 01:00:00
  2099-Aug-16 08:00:00
  2099-Aug-28 16:00:00
  2099-Sep-10 00:00:00
  2099-Sep-22 09:00:00
  2099-Oct-04 17:00:00
  2099-Oct-17 01:00:00
  2099-Oct-29 09:00:00
  2099-Nov-10 18:00:00
  2099-Nov-23 02:00:00
  2099-Dec-05 10:00:00
  2099-Dec-17 18:00:00
  2099-Dec-30 05:00:00
Beginning Simulation...
  2100-Jan-11 10:00:00 (2.9%)
  2100-Jan-23 14:00:00 (6.2%)
  2100-Feb-04 18:00:00 (9.5%)
  2100-Feb-16 22:00:00 (12.9%)
  2100-Mar-01 02:00:00 (16.2%)
  2100-Mar-13 06:00:00 (19.5%)
  2100-Mar-25 10:00:00 (22.9%)
  2100-Apr-06 14:00:00 (26.2%)
  2100-Apr-18 18:00:00 (29.5%)
  2100-Apr-30 22:00:00 (32.9%)
  2100-May-13 03:00:00 (36.2%)
  2100-May-25 07:00:00 (39.5%)
  2100-Jun-06 11:00:00 (42.9%)
  2100-Jun-18 16:00:00 (46.2%)
  2100-Jun-30 20:00:00 (49.5%)
  2100-Jul-13 00:00:00 (52.9%)
  2100-Jul-25 05:00:00 (56.2%)
  2100-Aug-06 09:00:00 (59.6%)
  2100-Aug-18 13:00:00 (62.9%)
  2100-Aug-30 18:00:00 (66.2%)
  2100-Sep-11 22:00:00 (69.6%)
  2100-Sep-24 03:00:00 (72.9%)
  2100-Oct-06 07:00:00 (76.2%)
  2100-Oct-18 12:00:00 (79.6%)
  2100-Oct-30 16:00:00 (82.9%)
  2100-Nov-11 20:00:00 (86.3%)
  2100-Nov-24 00:00:00 (89.6%)
  2100-Dec-06 05:00:00 (92.9%)
  2100-Dec-18 09:00:00 (96.3%)
  2100-Dec-30 13:00:00 (99.6%)
  2100-Dec-31 23:00:00 (100%)
Finished Program: 2014-Nov-19 10:41:46.118505
Elapsed Time: 00:01:00.474295
