instance.yaml
kiva v0.2.0-9-g526928a
Copyright (C) 2012-2014 Big Ladder Software
Web: www.bigladdersoftware.com

Starting Program: 2014-Oct-26 15:39:12.755430
Creating Domain...
  X Cells: 110
  Y Cells: 1
  Z Cells: 96
  Total Cells: 10560
Initializing Temperatures...
  2099-Jan-02 11:00:00
  2099-Jan-23 19:00:00
  2099-Feb-16 22:00:00
  2099-Mar-13 00:00:00
  2099-Apr-06 03:00:00
  2099-Apr-30 05:00:00
  2099-May-24 07:00:00
  2099-Jun-17 09:00:00
  2099-Jul-11 12:00:00
  2099-Aug-04 14:00:00
  2099-Aug-28 16:00:00
  2099-Sep-21 19:00:00
  2099-Oct-15 22:00:00
  2099-Nov-09 00:00:00
  2099-Dec-03 02:00:00
  2099-Dec-27 05:00:00
Beginning Simulation...
  2100-Jan-19 19:00:00 (5.1%)
  2100-Feb-12 05:00:00 (11.6%)
  2100-Mar-07 16:00:00 (18%)
  2100-Mar-31 02:00:00 (24.4%)
  2100-Apr-23 12:00:00 (30.8%)
  2100-May-16 23:00:00 (37.2%)
  2100-Jun-09 09:00:00 (43.7%)
  2100-Jul-02 20:00:00 (50.1%)
  2100-Jul-26 08:00:00 (56.5%)
  2100-Aug-18 19:00:00 (63%)
  2100-Sep-11 07:00:00 (69.4%)
  2100-Oct-04 18:00:00 (75.8%)
  2100-Oct-28 05:00:00 (82.2%)
  2100-Nov-20 15:00:00 (88.7%)
  2100-Dec-14 02:00:00 (95.1%)
  2100-Dec-31 23:00:00 (100%)
Finished Program: 2014-Oct-26 15:39:44.763646
Elapsed Time: 00:00:32.008216
