instance.yaml
kiva v0.2.0-20-g4c7c200
Copyright (C) 2012-2014 Big Ladder Software
Web: www.bigladdersoftware.com

Starting Program: 2014-Nov-17 14:18:19.283235
Creating Domain...
  X Cells: 144
  Y Cells: 1
  Z Cells: 133
  Total Cells: 19152
Initializing Temperatures...
  2098-Dec-03 23:00:00
  2099-Jan-11 02:00:00
  2099-Jan-23 11:00:00
  2099-Feb-04 19:00:00
  2099-Feb-17 03:00:00
  2099-Mar-01 12:00:00
  2099-Mar-13 20:00:00
  2099-Mar-26 04:00:00
  2099-Apr-07 12:00:00
  2099-Apr-19 21:00:00
  2099-May-02 05:00:00
  2099-May-14 13:00:00
  2099-May-26 22:00:00
  2099-Jun-08 06:00:00
  2099-Jun-20 15:00:00
  2099-Jul-02 23:00:00
  2099-Jul-15 07:00:00
  2099-Jul-27 16:00:00
  2099-Aug-09 00:00:00
  2099-Aug-21 09:00:00
  2099-Sep-02 18:00:00
  2099-Sep-15 02:00:00
  2099-Sep-27 11:00:00
  2099-Oct-09 19:00:00
  2099-Oct-22 04:00:00
  2099-Nov-03 12:00:00
  2099-Nov-15 21:00:00
  2099-Nov-28 05:00:00
  2099-Dec-10 14:00:00
  2099-Dec-22 22:00:00
Beginning Simulation...
  2100-Jan-03 23:00:00 (0.8%)
  2100-Jan-15 05:00:00 (3.9%)
  2100-Jan-26 10:00:00 (7%)
  2100-Feb-06 16:00:00 (10%)
  2100-Feb-17 21:00:00 (13.1%)
  2100-Mar-01 03:00:00 (16.2%)
  2100-Mar-12 08:00:00 (19.3%)
  2100-Mar-23 12:00:00 (22.3%)
  2100-Apr-03 17:00:00 (25.4%)
  2100-Apr-14 23:00:00 (28.5%)
  2100-Apr-26 04:00:00 (31.6%)
  2100-May-07 10:00:00 (34.6%)
  2100-May-18 15:00:00 (37.7%)
  2100-May-29 21:00:00 (40.8%)
  2100-Jun-10 03:00:00 (43.9%)
  2100-Jun-21 08:00:00 (46.9%)
  2100-Jul-02 14:00:00 (50%)
  2100-Jul-13 19:00:00 (53.1%)
  2100-Jul-25 01:00:00 (56.2%)
  2100-Aug-05 07:00:00 (59.3%)
  2100-Aug-16 12:00:00 (62.3%)
  2100-Aug-27 18:00:00 (65.4%)
  2100-Sep-07 23:00:00 (68.5%)
  2100-Sep-19 05:00:00 (71.6%)
  2100-Sep-30 11:00:00 (74.6%)
  2100-Oct-11 16:00:00 (77.7%)
  2100-Oct-22 22:00:00 (80.8%)
  2100-Nov-03 04:00:00 (83.9%)
  2100-Nov-14 09:00:00 (87%)
  2100-Nov-25 15:00:00 (90%)
  2100-Dec-06 21:00:00 (93.1%)
  2100-Dec-18 03:00:00 (96.2%)
  2100-Dec-29 09:00:00 (99.3%)
  2100-Dec-31 23:00:00 (100%)
Finished Program: 2014-Nov-17 14:19:22.233589
Elapsed Time: 00:01:02.950354
