instance.yaml
kiva v0.2.0-9-g526928a
Copyright (C) 2012-2014 Big Ladder Software
Web: www.bigladdersoftware.com

Starting Program: 2014-Nov-15 11:22:45.550605
Creating Domain...
  X Cells: 239
  Y Cells: 1
  Z Cells: 103
  Total Cells: 24617
Initializing Temperatures...
  2098-Oct-22 23:00:00
  2099-Jan-04 00:00:00
  2099-Jan-13 07:00:00
  2099-Jan-22 13:00:00
  2099-Jan-31 20:00:00
  2099-Feb-10 02:00:00
  2099-Feb-19 09:00:00
  2099-Feb-28 15:00:00
  2099-Mar-09 22:00:00
  2099-Mar-19 04:00:00
  2099-Mar-28 11:00:00
  2099-Apr-06 18:00:00
  2099-Apr-16 00:00:00
  2099-Apr-25 07:00:00
  2099-May-04 13:00:00
  2099-May-13 20:00:00
  2099-May-23 02:00:00
  2099-Jun-01 09:00:00
  2099-Jun-10 16:00:00
  2099-Jun-19 22:00:00
  2099-Jun-29 05:00:00
  2099-Jul-08 11:00:00
  2099-Jul-17 18:00:00
  2099-Jul-27 01:00:00
  2099-Aug-05 07:00:00
  2099-Aug-14 14:00:00
  2099-Aug-23 20:00:00
  2099-Sep-02 03:00:00
  2099-Sep-11 09:00:00
  2099-Sep-20 15:00:00
  2099-Sep-29 22:00:00
  2099-Oct-09 04:00:00
  2099-Oct-18 11:00:00
  2099-Oct-27 17:00:00
  2099-Nov-06 00:00:00
  2099-Nov-15 07:00:00
  2099-Nov-24 13:00:00
  2099-Dec-03 20:00:00
  2099-Dec-13 03:00:00
  2099-Dec-22 09:00:00
  2099-Dec-31 16:00:00
Beginning Simulation...
  2100-Jan-09 17:00:00 (2.4%)
  2100-Jan-18 19:00:00 (4.9%)
  2100-Jan-27 20:00:00 (7.4%)
  2100-Feb-05 22:00:00 (9.8%)
  2100-Feb-14 23:00:00 (12.3%)
  2100-Feb-24 00:00:00 (14.8%)
  2100-Mar-05 02:00:00 (17.3%)
  2100-Mar-14 03:00:00 (19.8%)
  2100-Mar-23 05:00:00 (22.2%)
  2100-Apr-01 06:00:00 (24.7%)
  2100-Apr-10 07:00:00 (27.2%)
  2100-Apr-19 09:00:00 (29.7%)
  2100-Apr-28 10:00:00 (32.2%)
  2100-May-07 12:00:00 (34.7%)
  2100-May-16 13:00:00 (37.1%)
  2100-May-25 14:00:00 (39.6%)
  2100-Jun-03 16:00:00 (42.1%)
  2100-Jun-12 17:00:00 (44.6%)
  2100-Jun-21 19:00:00 (47.1%)
  2100-Jun-30 20:00:00 (49.5%)
  2100-Jul-09 22:00:00 (52%)
  2100-Jul-18 23:00:00 (54.5%)
  2100-Jul-28 00:00:00 (57%)
  2100-Aug-06 02:00:00 (59.5%)
  2100-Aug-15 03:00:00 (62%)
  2100-Aug-24 04:00:00 (64.4%)
  2100-Sep-02 06:00:00 (66.9%)
  2100-Sep-11 07:00:00 (69.4%)
  2100-Sep-20 09:00:00 (71.9%)
  2100-Sep-29 10:00:00 (74.4%)
  2100-Oct-08 11:00:00 (76.8%)
  2100-Oct-17 11:00:00 (79.3%)
  2100-Oct-26 13:00:00 (81.8%)
  2100-Nov-04 14:00:00 (84.3%)
  2100-Nov-13 15:00:00 (86.7%)
  2100-Nov-22 17:00:00 (89.2%)
  2100-Dec-01 18:00:00 (91.7%)
  2100-Dec-10 20:00:00 (94.2%)
  2100-Dec-19 21:00:00 (96.7%)
  2100-Dec-28 22:00:00 (99.2%)
  2100-Dec-31 23:00:00 (100%)
Finished Program: 2014-Nov-15 11:24:06.336448
Elapsed Time: 00:01:20.785843
