instance.yaml
kiva v0.2.0-22-gd89b213
Copyright (C) 2012-2014 Big Ladder Software
Web: www.bigladdersoftware.com

Starting Program: 2014-Nov-19 10:42:45.947056
Creating Domain...
  X Cells: 189
  Y Cells: 1
  Z Cells: 125
  Total Cells: 23625
Initializing Temperatures...
  2099-Jan-01 11:00:00
  2099-Jan-11 11:00:00
  2099-Jan-21 10:00:00
  2099-Jan-31 10:00:00
  2099-Feb-10 09:00:00
  2099-Feb-20 09:00:00
  2099-Mar-02 08:00:00
  2099-Mar-12 08:00:00
  2099-Mar-22 07:00:00
  2099-Apr-01 06:00:00
  2099-Apr-11 06:00:00
  2099-Apr-21 05:00:00
  2099-May-01 05:00:00
  2099-May-11 04:00:00
  2099-May-21 04:00:00
  2099-May-31 04:00:00
  2099-Jun-10 03:00:00
  2099-Jun-20 03:00:00
  2099-Jun-30 03:00:00
  2099-Jul-10 02:00:00
  2099-Jul-20 02:00:00
  2099-Jul-30 01:00:00
  2099-Aug-09 01:00:00
  2099-Aug-19 00:00:00
  2099-Aug-29 00:00:00
  2099-Sep-07 23:00:00
  2099-Sep-17 23:00:00
  2099-Sep-27 23:00:00
  2099-Oct-07 22:00:00
  2099-Oct-17 22:00:00
  2099-Oct-27 21:00:00
  2099-Nov-06 21:00:00
  2099-Nov-16 20:00:00
  2099-Nov-26 20:00:00
  2099-Dec-06 19:00:00
  2099-Dec-16 19:00:00
  2099-Dec-26 18:00:00
Beginning Simulation...
  2100-Jan-05 09:00:00 (1.2%)
  2100-Jan-14 16:00:00 (3.7%)
  2100-Jan-23 22:00:00 (6.3%)
  2100-Feb-02 04:00:00 (8.8%)
  2100-Feb-11 11:00:00 (11.4%)
  2100-Feb-20 17:00:00 (13.9%)
  2100-Mar-01 23:00:00 (16.4%)
  2100-Mar-11 05:00:00 (19%)
  2100-Mar-20 11:00:00 (21.5%)
  2100-Mar-29 18:00:00 (24%)
  2100-Apr-08 01:00:00 (26.6%)
  2100-Apr-17 11:00:00 (29.2%)
  2100-Apr-26 21:00:00 (31.7%)
  2100-May-06 06:00:00 (34.3%)
  2100-May-15 16:00:00 (36.9%)
  2100-May-25 01:00:00 (39.5%)
  2100-Jun-03 11:00:00 (42%)
  2100-Jun-12 21:00:00 (44.6%)
  2100-Jun-22 07:00:00 (47.2%)
  2100-Jul-01 17:00:00 (49.8%)
  2100-Jul-11 02:00:00 (52.4%)
  2100-Jul-20 12:00:00 (54.9%)
  2100-Jul-29 22:00:00 (57.5%)
  2100-Aug-08 07:00:00 (60.1%)
  2100-Aug-17 17:00:00 (62.7%)
  2100-Aug-27 03:00:00 (65.2%)
  2100-Sep-05 13:00:00 (67.8%)
  2100-Sep-14 22:00:00 (70.4%)
  2100-Sep-24 08:00:00 (73%)
  2100-Oct-03 18:00:00 (75.5%)
  2100-Oct-13 03:00:00 (78.1%)
  2100-Oct-22 12:00:00 (80.7%)
  2100-Oct-31 22:00:00 (83.3%)
  2100-Nov-10 08:00:00 (85.8%)
  2100-Nov-19 18:00:00 (88.4%)
  2100-Nov-29 03:00:00 (91%)
  2100-Dec-08 13:00:00 (93.6%)
  2100-Dec-17 22:00:00 (96.1%)
  2100-Dec-27 08:00:00 (98.7%)
  2100-Dec-31 23:00:00 (100%)
Finished Program: 2014-Nov-19 10:44:02.494174
Elapsed Time: 00:01:16.547118
