instance.yaml
kiva v0.2.0-21-g785bfe1
Copyright (C) 2012-2014 Big Ladder Software
Web: www.bigladdersoftware.com

Starting Program: 2014-Nov-18 11:16:27.194757
Creating Domain...
  X Cells: 95
  Y Cells: 1
  Z Cells: 125
  Total Cells: 11875
Initializing Temperatures...
  2099-Jan-05 02:00:00
  2099-Jan-26 01:00:00
  2099-Feb-16 01:00:00
  2099-Mar-08 23:00:00
  2099-Mar-29 23:00:00
  2099-Apr-19 22:00:00
  2099-May-10 21:00:00
  2099-May-31 21:00:00
  2099-Jun-21 20:00:00
  2099-Jul-12 20:00:00
  2099-Aug-02 19:00:00
  2099-Aug-23 19:00:00
  2099-Sep-13 18:00:00
  2099-Oct-04 18:00:00
  2099-Oct-25 17:00:00
  2099-Nov-15 17:00:00
  2099-Dec-06 16:00:00
  2099-Dec-27 16:00:00
Beginning Simulation...
  2100-Jan-16 08:00:00 (4.2%)
  2100-Feb-04 15:00:00 (9.5%)
  2100-Feb-23 22:00:00 (14.8%)
  2100-Mar-15 04:00:00 (20%)
  2100-Apr-03 11:00:00 (25.3%)
  2100-Apr-22 18:00:00 (30.6%)
  2100-May-12 01:00:00 (35.9%)
  2100-May-31 07:00:00 (41.2%)
  2100-Jun-19 15:00:00 (46.5%)
  2100-Jul-08 22:00:00 (51.8%)
  2100-Jul-28 05:00:00 (57%)
  2100-Aug-16 12:00:00 (62.3%)
  2100-Sep-04 19:00:00 (67.6%)
  2100-Sep-24 02:00:00 (72.9%)
  2100-Oct-13 09:00:00 (78.2%)
  2100-Nov-01 16:00:00 (83.5%)
  2100-Nov-20 19:00:00 (88.7%)
  2100-Dec-10 02:00:00 (94%)
  2100-Dec-29 09:00:00 (99.3%)
  2100-Dec-31 23:00:00 (100%)
Finished Program: 2014-Nov-18 11:17:04.135389
Elapsed Time: 00:00:36.940632
