instance.yaml
kiva v0.2.0-20-g4c7c200
Copyright (C) 2012-2014 Big Ladder Software
Web: www.bigladdersoftware.com

Starting Program: 2014-Nov-17 14:15:20.954681
Creating Domain...
  X Cells: 97
  Y Cells: 1
  Z Cells: 96
  Total Cells: 9312
Initializing Temperatures...
  2099-Jan-14 08:00:00
  2099-Feb-08 09:00:00
  2099-Mar-05 10:00:00
  2099-Mar-30 12:00:00
  2099-Apr-24 13:00:00
  2099-May-19 15:00:00
  2099-Jun-13 16:00:00
  2099-Jul-08 18:00:00
  2099-Aug-02 20:00:00
  2099-Aug-27 21:00:00
  2099-Sep-21 23:00:00
  2099-Oct-17 01:00:00
  2099-Nov-11 02:00:00
  2099-Dec-06 04:00:00
  2099-Dec-31 06:00:00
Beginning Simulation...
  2100-Jan-24 14:00:00 (6.5%)
  2100-Feb-17 21:00:00 (13.1%)
  2100-Mar-14 05:00:00 (19.8%)
  2100-Apr-07 12:00:00 (26.4%)
  2100-May-01 20:00:00 (33.1%)
  2100-May-26 05:00:00 (39.8%)
  2100-Jun-19 12:00:00 (46.4%)
  2100-Jul-13 20:00:00 (53.1%)
  2100-Aug-07 04:00:00 (59.8%)
  2100-Aug-31 13:00:00 (66.4%)
  2100-Sep-24 22:00:00 (73.1%)
  2100-Oct-19 06:00:00 (79.8%)
  2100-Nov-12 14:00:00 (86.5%)
  2100-Dec-06 22:00:00 (93.1%)
  2100-Dec-31 06:00:00 (99.8%)
  2100-Dec-31 23:00:00 (100%)
Finished Program: 2014-Nov-17 14:15:51.030214
Elapsed Time: 00:00:30.075533
