instance.yaml
kiva v0.2.0-9-g526928a
Copyright (C) 2012-2014 Big Ladder Software
Web: www.bigladdersoftware.com

Starting Program: 2014-Nov-15 12:22:42.688566
Creating Domain...
  X Cells: 171
  Y Cells: 1
  Z Cells: 113
  Total Cells: 19323
Initializing Temperatures...
  2098-Oct-08 23:00:00
  2099-Jan-06 05:00:00
  2099-Jan-17 16:00:00
  2099-Jan-29 04:00:00
  2099-Feb-09 16:00:00
  2099-Feb-21 04:00:00
  2099-Mar-04 15:00:00
  2099-Mar-16 03:00:00
  2099-Mar-27 15:00:00
  2099-Apr-08 03:00:00
  2099-Apr-19 15:00:00
  2099-May-01 02:00:00
  2099-May-12 14:00:00
  2099-May-24 02:00:00
  2099-Jun-04 14:00:00
  2099-Jun-16 02:00:00
  2099-Jun-27 14:00:00
  2099-Jul-09 02:00:00
  2099-Jul-20 14:00:00
  2099-Aug-01 02:00:00
  2099-Aug-12 14:00:00
  2099-Aug-24 02:00:00
  2099-Sep-04 14:00:00
  2099-Sep-16 02:00:00
  2099-Sep-27 14:00:00
  2099-Oct-09 02:00:00
  2099-Oct-20 14:00:00
  2099-Nov-01 02:00:00
  2099-Nov-12 14:00:00
  2099-Nov-24 02:00:00
  2099-Dec-05 14:00:00
  2099-Dec-17 01:00:00
  2099-Dec-28 13:00:00
Beginning Simulation...
  2100-Jan-08 21:00:00 (2.2%)
  2100-Jan-20 05:00:00 (5.3%)
  2100-Jan-31 13:00:00 (8.4%)
  2100-Feb-11 21:00:00 (11.5%)
  2100-Feb-23 04:00:00 (14.6%)
  2100-Mar-06 12:00:00 (17.7%)
  2100-Mar-17 20:00:00 (20.8%)
  2100-Mar-29 03:00:00 (23.9%)
  2100-Apr-09 11:00:00 (27%)
  2100-Apr-20 18:00:00 (30.1%)
  2100-May-02 02:00:00 (33.2%)
  2100-May-13 10:00:00 (36.3%)
  2100-May-24 18:00:00 (39.4%)
  2100-Jun-05 02:00:00 (42.5%)
  2100-Jun-16 10:00:00 (45.6%)
  2100-Jun-27 18:00:00 (48.7%)
  2100-Jul-09 01:00:00 (51.8%)
  2100-Jul-20 09:00:00 (54.9%)
  2100-Jul-31 17:00:00 (58%)
  2100-Aug-12 00:00:00 (61.1%)
  2100-Aug-23 08:00:00 (64.2%)
  2100-Sep-03 16:00:00 (67.3%)
  2100-Sep-15 00:00:00 (70.4%)
  2100-Sep-26 08:00:00 (73.5%)
  2100-Oct-07 15:00:00 (76.6%)
  2100-Oct-18 23:00:00 (79.7%)
  2100-Oct-30 07:00:00 (82.8%)
  2100-Nov-10 15:00:00 (85.9%)
  2100-Nov-21 22:00:00 (89%)
  2100-Dec-03 06:00:00 (92.1%)
  2100-Dec-14 14:00:00 (95.2%)
  2100-Dec-25 21:00:00 (98.3%)
  2100-Dec-31 23:00:00 (100%)
Finished Program: 2014-Nov-15 12:23:47.538032
Elapsed Time: 00:01:04.849466
