instance.yaml
kiva v0.2.0-19-ge248292
Copyright (C) 2012-2014 Big Ladder Software
Web: www.bigladdersoftware.com

Starting Program: 2014-Nov-17 08:39:14.524862
Creating Domain...
  X Cells: 88
  Y Cells: 1
  Z Cells: 133
  Total Cells: 11704
Initializing Temperatures...
  2098-Nov-19 23:00:00
  2099-Jan-18 22:00:00
  2099-Feb-09 06:00:00
  2099-Mar-02 13:00:00
  2099-Mar-23 20:00:00
  2099-Apr-14 04:00:00
  2099-May-05 11:00:00
  2099-May-26 18:00:00
  2099-Jun-17 02:00:00
  2099-Jul-08 10:00:00
  2099-Jul-29 17:00:00
  2099-Aug-20 00:00:00
  2099-Sep-10 08:00:00
  2099-Oct-01 15:00:00
  2099-Oct-22 23:00:00
  2099-Nov-13 07:00:00
  2099-Dec-04 14:00:00
  2099-Dec-25 22:00:00
Beginning Simulation...
  2100-Jan-14 22:00:00 (3.8%)
  2100-Feb-03 09:00:00 (9.1%)
  2100-Feb-22 19:00:00 (14.5%)
  2100-Mar-14 06:00:00 (19.8%)
  2100-Apr-02 17:00:00 (25.1%)
  2100-Apr-22 04:00:00 (30.5%)
  2100-May-11 16:00:00 (35.8%)
  2100-May-31 03:00:00 (41.1%)
  2100-Jun-19 15:00:00 (46.5%)
  2100-Jul-09 03:00:00 (51.8%)
  2100-Jul-28 14:00:00 (57.1%)
  2100-Aug-17 01:00:00 (62.5%)
  2100-Sep-05 13:00:00 (67.8%)
  2100-Sep-25 00:00:00 (73.2%)
  2100-Oct-14 12:00:00 (78.5%)
  2100-Nov-03 00:00:00 (83.8%)
  2100-Nov-22 06:00:00 (89.1%)
  2100-Dec-11 17:00:00 (94.4%)
  2100-Dec-31 05:00:00 (99.8%)
  2100-Dec-31 23:00:00 (100%)
Finished Program: 2014-Nov-17 08:39:51.040802
Elapsed Time: 00:00:36.515940
