instance.yaml
kiva v0.2.0-22-gd89b213
Copyright (C) 2012-2014 Big Ladder Software
Web: www.bigladdersoftware.com

Starting Program: 2014-Nov-19 10:36:53.997961
Creating Domain...
  X Cells: 245
  Y Cells: 1
  Z Cells: 127
  Total Cells: 31115
Initializing Temperatures...
  2098-Dec-10 23:00:00
  2099-Jan-07 04:00:00
  2099-Jan-15 09:00:00
  2099-Jan-23 15:00:00
  2099-Jan-31 21:00:00
  2099-Feb-09 02:00:00
  2099-Feb-17 08:00:00
  2099-Feb-25 12:00:00
  2099-Mar-05 18:00:00
  2099-Mar-13 23:00:00
  2099-Mar-22 05:00:00
  2099-Mar-30 11:00:00
  2099-Apr-07 16:00:00
  2099-Apr-15 22:00:00
  2099-Apr-24 03:00:00
  2099-May-02 09:00:00
  2099-May-10 15:00:00
  2099-May-18 20:00:00
  2099-May-27 02:00:00
  2099-Jun-04 08:00:00
  2099-Jun-12 13:00:00
  2099-Jun-20 19:00:00
  2099-Jun-29 01:00:00
  2099-Jul-07 06:00:00
  2099-Jul-15 12:00:00
  2099-Jul-23 17:00:00
  2099-Jul-31 23:00:00
  2099-Aug-09 05:00:00
  2099-Aug-17 10:00:00
  2099-Aug-25 16:00:00
  2099-Sep-02 21:00:00
  2099-Sep-11 03:00:00
  2099-Sep-19 09:00:00
  2099-Sep-27 14:00:00
  2099-Oct-05 20:00:00
  2099-Oct-14 01:00:00
  2099-Oct-22 07:00:00
  2099-Oct-30 13:00:00
  2099-Nov-07 18:00:00
  2099-Nov-16 00:00:00
  2099-Nov-24 06:00:00
  2099-Dec-02 11:00:00
  2099-Dec-10 17:00:00
  2099-Dec-18 23:00:00
  2099-Dec-27 04:00:00
Beginning Simulation...
  2100-Jan-04 04:00:00 (0.9%)
  2100-Jan-11 21:00:00 (3%)
  2100-Jan-19 13:00:00 (5.1%)
  2100-Jan-27 05:00:00 (7.2%)
  2100-Feb-03 22:00:00 (9.3%)
  2100-Feb-11 14:00:00 (11.4%)
  2100-Feb-19 06:00:00 (13.5%)
  2100-Feb-26 22:00:00 (15.6%)
  2100-Mar-06 14:00:00 (17.7%)
  2100-Mar-14 06:00:00 (19.8%)
  2100-Mar-21 23:00:00 (21.9%)
  2100-Mar-29 15:00:00 (24%)
  2100-Apr-06 07:00:00 (26.1%)
  2100-Apr-14 00:00:00 (28.2%)
  2100-Apr-21 16:00:00 (30.3%)
  2100-Apr-29 09:00:00 (32.4%)
  2100-May-07 01:00:00 (34.5%)
  2100-May-14 16:00:00 (36.6%)
  2100-May-22 09:00:00 (38.7%)
  2100-May-30 01:00:00 (40.8%)
  2100-Jun-06 17:00:00 (42.9%)
  2100-Jun-14 09:00:00 (45%)
  2100-Jun-22 01:00:00 (47.1%)
  2100-Jun-29 17:00:00 (49.2%)
  2100-Jul-07 09:00:00 (51.3%)
  2100-Jul-15 01:00:00 (53.4%)
  2100-Jul-22 17:00:00 (55.5%)
  2100-Jul-30 09:00:00 (57.6%)
  2100-Aug-07 01:00:00 (59.7%)
  2100-Aug-14 18:00:00 (61.8%)
  2100-Aug-22 10:00:00 (63.9%)
  2100-Aug-30 02:00:00 (66.1%)
  2100-Sep-06 18:00:00 (68.2%)
  2100-Sep-14 10:00:00 (70.3%)
  2100-Sep-22 02:00:00 (72.4%)
  2100-Sep-29 18:00:00 (74.5%)
  2100-Oct-07 10:00:00 (76.6%)
  2100-Oct-15 02:00:00 (78.7%)
  2100-Oct-22 19:00:00 (80.8%)
  2100-Oct-30 11:00:00 (82.9%)
  2100-Nov-07 03:00:00 (85%)
  2100-Nov-14 19:00:00 (87.1%)
  2100-Nov-22 12:00:00 (89.2%)
  2100-Nov-30 04:00:00 (91.3%)
  2100-Dec-07 20:00:00 (93.4%)
  2100-Dec-15 12:00:00 (95.5%)
  2100-Dec-23 05:00:00 (97.6%)
  2100-Dec-30 21:00:00 (99.7%)
  2100-Dec-31 23:00:00 (100%)
Finished Program: 2014-Nov-19 10:38:27.144799
Elapsed Time: 00:01:33.146838
