instance.yaml
kiva v0.2.0-9-g526928a
Copyright (C) 2012-2014 Big Ladder Software
Web: www.bigladdersoftware.com

Starting Program: 2014-Nov-15 12:24:43.218112
Creating Domain...
  X Cells: 159
  Y Cells: 1
  Z Cells: 133
  Total Cells: 21147
Initializing Temperatures...
  2098-Dec-17 23:00:00
  2099-Jan-10 23:00:00
  2099-Jan-21 21:00:00
  2099-Feb-01 19:00:00
  2099-Feb-12 17:00:00
  2099-Feb-23 15:00:00
  2099-Mar-06 13:00:00
  2099-Mar-17 11:00:00
  2099-Mar-28 08:00:00
  2099-Apr-08 06:00:00
  2099-Apr-19 04:00:00
  2099-Apr-30 02:00:00
  2099-May-11 00:00:00
  2099-May-21 22:00:00
  2099-Jun-01 20:00:00
  2099-Jun-12 18:00:00
  2099-Jun-23 16:00:00
  2099-Jul-04 14:00:00
  2099-Jul-15 12:00:00
  2099-Jul-26 10:00:00
  2099-Aug-06 08:00:00
  2099-Aug-17 06:00:00
  2099-Aug-28 03:00:00
  2099-Sep-08 01:00:00
  2099-Sep-18 23:00:00
  2099-Sep-29 22:00:00
  2099-Oct-10 19:00:00
  2099-Oct-21 17:00:00
  2099-Nov-01 15:00:00
  2099-Nov-12 14:00:00
  2099-Nov-23 12:00:00
  2099-Dec-04 10:00:00
  2099-Dec-15 08:00:00
  2099-Dec-26 06:00:00
Beginning Simulation...
  2100-Jan-05 18:00:00 (1.3%)
  2100-Jan-15 18:00:00 (4%)
  2100-Jan-25 18:00:00 (6.8%)
  2100-Feb-04 18:00:00 (9.5%)
  2100-Feb-14 18:00:00 (12.3%)
  2100-Feb-24 18:00:00 (15%)
  2100-Mar-06 18:00:00 (17.7%)
  2100-Mar-16 18:00:00 (20.5%)
  2100-Mar-26 18:00:00 (23.2%)
  2100-Apr-05 18:00:00 (26%)
  2100-Apr-15 18:00:00 (28.7%)
  2100-Apr-25 18:00:00 (31.4%)
  2100-May-05 18:00:00 (34.2%)
  2100-May-15 18:00:00 (36.9%)
  2100-May-25 18:00:00 (39.7%)
  2100-Jun-04 18:00:00 (42.4%)
  2100-Jun-14 18:00:00 (45.1%)
  2100-Jun-24 18:00:00 (47.9%)
  2100-Jul-04 18:00:00 (50.6%)
  2100-Jul-14 18:00:00 (53.4%)
  2100-Jul-24 18:00:00 (56.1%)
  2100-Aug-03 18:00:00 (58.8%)
  2100-Aug-13 19:00:00 (61.6%)
  2100-Aug-23 17:00:00 (64.3%)
  2100-Sep-02 17:00:00 (67%)
  2100-Sep-12 18:00:00 (69.8%)
  2100-Sep-22 18:00:00 (72.5%)
  2100-Oct-02 18:00:00 (75.3%)
  2100-Oct-12 18:00:00 (78%)
  2100-Oct-22 18:00:00 (80.8%)
  2100-Nov-01 18:00:00 (83.5%)
  2100-Nov-11 19:00:00 (86.2%)
  2100-Nov-21 19:00:00 (89%)
  2100-Dec-01 18:00:00 (91.7%)
  2100-Dec-11 18:00:00 (94.5%)
  2100-Dec-21 18:00:00 (97.2%)
  2100-Dec-31 18:00:00 (99.9%)
  2100-Dec-31 23:00:00 (100%)
Finished Program: 2014-Nov-15 12:25:54.023697
Elapsed Time: 00:01:10.805585
