instance.yaml
kiva v0.2.0-21-g785bfe1
Copyright (C) 2012-2014 Big Ladder Software
Web: www.bigladdersoftware.com

Starting Program: 2014-Nov-18 11:09:28.559210
Creating Domain...
  X Cells: 92
  Y Cells: 1
  Z Cells: 158
  Total Cells: 14536
Initializing Temperatures...
  2098-Nov-12 23:00:00
  2099-Jan-14 12:00:00
  2099-Feb-01 00:00:00
  2099-Feb-18 11:00:00
  2099-Mar-07 23:00:00
  2099-Mar-25 11:00:00
  2099-Apr-11 23:00:00
  2099-Apr-29 11:00:00
  2099-May-16 23:00:00
  2099-Jun-03 12:00:00
  2099-Jun-21 01:00:00
  2099-Jul-08 16:00:00
  2099-Jul-26 07:00:00
  2099-Aug-12 22:00:00
  2099-Aug-30 11:00:00
  2099-Sep-17 02:00:00
  2099-Oct-04 17:00:00
  2099-Oct-22 08:00:00
  2099-Nov-08 23:00:00
  2099-Nov-26 14:00:00
  2099-Dec-14 04:00:00
  2099-Dec-31 19:00:00
Beginning Simulation...
  2100-Jan-16 17:00:00 (4.3%)
  2100-Feb-01 15:00:00 (8.7%)
  2100-Feb-17 13:00:00 (13%)
  2100-Mar-05 11:00:00 (17.4%)
  2100-Mar-21 08:00:00 (21.7%)
  2100-Apr-06 05:00:00 (26.1%)
  2100-Apr-22 03:00:00 (30.4%)
  2100-May-08 01:00:00 (34.8%)
  2100-May-23 23:00:00 (39.2%)
  2100-Jun-08 21:00:00 (43.5%)
  2100-Jun-24 19:00:00 (47.9%)
  2100-Jul-10 15:00:00 (52.2%)
  2100-Jul-26 13:00:00 (56.6%)
  2100-Aug-11 11:00:00 (60.9%)
  2100-Aug-27 09:00:00 (65.3%)
  2100-Sep-12 07:00:00 (69.7%)
  2100-Sep-28 05:00:00 (74%)
  2100-Oct-14 03:00:00 (78.4%)
  2100-Oct-30 01:00:00 (82.8%)
  2100-Nov-14 23:00:00 (87.1%)
  2100-Nov-30 21:00:00 (91.5%)
  2100-Dec-16 18:00:00 (95.8%)
  2100-Dec-31 23:00:00 (100%)
Finished Program: 2014-Nov-18 11:10:12.956421
Elapsed Time: 00:00:44.397211
