instance.yaml
kiva v0.2.0-21-g785bfe1
Copyright (C) 2012-2014 Big Ladder Software
Web: www.bigladdersoftware.com

Starting Program: 2014-Nov-18 11:07:25.709469
Creating Domain...
  X Cells: 171
  Y Cells: 1
  Z Cells: 113
  Total Cells: 19323
Initializing Temperatures...
  2098-Oct-08 23:00:00
  2099-Jan-06 00:00:00
  2099-Jan-17 12:00:00
  2099-Jan-29 00:00:00
  2099-Feb-09 12:00:00
  2099-Feb-20 23:00:00
  2099-Mar-04 11:00:00
  2099-Mar-15 23:00:00
  2099-Mar-27 11:00:00
  2099-Apr-07 23:00:00
  2099-Apr-19 11:00:00
  2099-Apr-30 23:00:00
  2099-May-12 11:00:00
  2099-May-23 23:00:00
  2099-Jun-04 11:00:00
  2099-Jun-15 23:00:00
  2099-Jun-27 11:00:00
  2099-Jul-08 22:00:00
  2099-Jul-20 10:00:00
  2099-Jul-31 22:00:00
  2099-Aug-12 10:00:00
  2099-Aug-23 22:00:00
  2099-Sep-04 10:00:00
  2099-Sep-15 22:00:00
  2099-Sep-27 10:00:00
  2099-Oct-08 22:00:00
  2099-Oct-20 10:00:00
  2099-Oct-31 22:00:00
  2099-Nov-12 10:00:00
  2099-Nov-23 22:00:00
  2099-Dec-05 09:00:00
  2099-Dec-16 21:00:00
  2099-Dec-28 09:00:00
Beginning Simulation...
  2100-Jan-08 18:00:00 (2.1%)
  2100-Jan-20 01:00:00 (5.2%)
  2100-Jan-31 09:00:00 (8.3%)
  2100-Feb-11 16:00:00 (11.4%)
  2100-Feb-23 00:00:00 (14.5%)
  2100-Mar-06 08:00:00 (17.6%)
  2100-Mar-17 15:00:00 (20.7%)
  2100-Mar-28 23:00:00 (23.8%)
  2100-Apr-09 06:00:00 (26.9%)
  2100-Apr-20 14:00:00 (30%)
  2100-May-01 21:00:00 (33.1%)
  2100-May-13 05:00:00 (36.2%)
  2100-May-24 13:00:00 (39.3%)
  2100-Jun-04 20:00:00 (42.4%)
  2100-Jun-16 04:00:00 (45.5%)
  2100-Jun-27 12:00:00 (48.6%)
  2100-Jul-08 20:00:00 (51.7%)
  2100-Jul-20 03:00:00 (54.8%)
  2100-Jul-31 11:00:00 (57.9%)
  2100-Aug-11 19:00:00 (61%)
  2100-Aug-23 03:00:00 (64.1%)
  2100-Sep-03 11:00:00 (67.2%)
  2100-Sep-14 18:00:00 (70.3%)
  2100-Sep-26 02:00:00 (73.4%)
  2100-Oct-07 10:00:00 (76.6%)
  2100-Oct-18 18:00:00 (79.7%)
  2100-Oct-30 02:00:00 (82.8%)
  2100-Nov-10 09:00:00 (85.9%)
  2100-Nov-21 17:00:00 (89%)
  2100-Dec-03 01:00:00 (92.1%)
  2100-Dec-14 08:00:00 (95.2%)
  2100-Dec-25 16:00:00 (98.3%)
  2100-Dec-31 23:00:00 (100%)
Finished Program: 2014-Nov-18 11:08:30.557507
Elapsed Time: 00:01:04.848038
