instance.yaml
kiva v0.2.0-21-g785bfe1
Copyright (C) 2012-2014 Big Ladder Software
Web: www.bigladdersoftware.com

Starting Program: 2014-Nov-18 11:09:24.383655
Creating Domain...
  X Cells: 92
  Y Cells: 1
  Z Cells: 103
  Total Cells: 9476
Initializing Temperatures...
  2099-Jan-02 02:00:00
  2099-Jan-25 11:00:00
  2099-Feb-17 21:00:00
  2099-Mar-13 06:00:00
  2099-Apr-05 15:00:00
  2099-Apr-29 01:00:00
  2099-May-22 10:00:00
  2099-Jun-14 20:00:00
  2099-Jul-08 06:00:00
  2099-Jul-31 15:00:00
  2099-Aug-24 01:00:00
  2099-Sep-16 10:00:00
  2099-Oct-09 20:00:00
  2099-Nov-02 05:00:00
  2099-Nov-25 17:00:00
  2099-Dec-19 09:00:00
Beginning Simulation...
  2100-Jan-11 18:00:00 (2.9%)
  2100-Feb-03 21:00:00 (9.3%)
  2100-Feb-26 23:00:00 (15.6%)
  2100-Mar-22 02:00:00 (21.9%)
  2100-Apr-14 05:00:00 (28.3%)
  2100-May-07 09:00:00 (34.6%)
  2100-May-30 12:00:00 (41%)
  2100-Jun-22 16:00:00 (47.3%)
  2100-Jul-15 19:00:00 (53.6%)
  2100-Aug-07 23:00:00 (60%)
  2100-Aug-31 03:00:00 (66.3%)
  2100-Sep-23 06:00:00 (72.7%)
  2100-Oct-16 10:00:00 (79%)
  2100-Nov-08 13:00:00 (85.4%)
  2100-Dec-01 17:00:00 (91.7%)
  2100-Dec-24 15:00:00 (98%)
  2100-Dec-31 23:00:00 (100%)
Finished Program: 2014-Nov-18 11:09:56.317709
Elapsed Time: 00:00:31.934054
