instance.yaml
kiva v0.2.0-19-ge248292
Copyright (C) 2012-2014 Big Ladder Software
Web: www.bigladdersoftware.com

Starting Program: 2014-Nov-17 08:46:14.010718
Creating Domain...
  X Cells: 61
  Y Cells: 1
  Z Cells: 125
  Total Cells: 7625
Initializing Temperatures...
  2099-Jan-15 11:00:00
  2099-Feb-13 05:00:00
  2099-Mar-13 23:00:00
  2099-Apr-11 17:00:00
  2099-May-10 12:00:00
  2099-Jun-08 06:00:00
  2099-Jul-07 00:00:00
  2099-Aug-04 18:00:00
  2099-Sep-02 13:00:00
  2099-Oct-01 07:00:00
  2099-Oct-30 01:00:00
  2099-Nov-27 20:00:00
  2099-Dec-26 14:00:00
Beginning Simulation...
  2100-Jan-21 16:00:00 (5.7%)
  2100-Feb-16 02:00:00 (12.6%)
  2100-Mar-13 13:00:00 (19.6%)
  2100-Apr-08 01:00:00 (26.6%)
  2100-May-03 12:00:00 (33.6%)
  2100-May-29 00:00:00 (40.5%)
  2100-Jun-23 11:00:00 (47.5%)
  2100-Jul-18 22:00:00 (54.5%)
  2100-Aug-04 11:00:00 (59%)
  2100-Aug-29 23:00:00 (66%)
  2100-Sep-24 10:00:00 (73%)
  2100-Oct-19 22:00:00 (80%)
  2100-Nov-14 09:00:00 (87%)
  2100-Dec-09 21:00:00 (93.9%)
  2100-Dec-31 23:00:00 (100%)
Finished Program: 2014-Nov-17 08:46:41.867376
Elapsed Time: 00:00:27.856658
