instance.yaml
kiva v0.2.0-21-g785bfe1
Copyright (C) 2012-2014 Big Ladder Software
Web: www.bigladdersoftware.com

Starting Program: 2014-Nov-18 11:24:29.264089
Creating Domain...
  X Cells: 128
  Y Cells: 1
  Z Cells: 103
  Total Cells: 13184
Initializing Temperatures...
  2099-Jan-02 04:00:00
  2099-Jan-20 02:00:00
  2099-Feb-07 00:00:00
  2099-Feb-24 22:00:00
  2099-Mar-14 20:00:00
  2099-Apr-01 18:00:00
  2099-Apr-19 16:00:00
  2099-May-07 14:00:00
  2099-May-25 12:00:00
  2099-Jun-12 10:00:00
  2099-Jun-30 08:00:00
  2099-Jul-18 06:00:00
  2099-Aug-05 05:00:00
  2099-Aug-23 03:00:00
  2099-Sep-10 01:00:00
  2099-Sep-27 23:00:00
  2099-Oct-15 21:00:00
  2099-Nov-02 20:00:00
  2099-Nov-20 18:00:00
  2099-Dec-08 16:00:00
  2099-Dec-26 14:00:00
Beginning Simulation...
  2100-Jan-13 07:00:00 (3.4%)
  2100-Jan-30 21:00:00 (8.2%)
  2100-Feb-17 11:00:00 (13%)
  2100-Mar-07 01:00:00 (17.8%)
  2100-Mar-24 15:00:00 (22.6%)
  2100-Apr-11 05:00:00 (27.5%)
  2100-Apr-28 19:00:00 (32.3%)
  2100-May-16 09:00:00 (37.1%)
  2100-Jun-02 22:00:00 (41.9%)
  2100-Jun-20 12:00:00 (46.7%)
  2100-Jul-08 01:00:00 (51.5%)
  2100-Jul-25 15:00:00 (56.3%)
  2100-Aug-12 05:00:00 (61.2%)
  2100-Aug-29 19:00:00 (66%)
  2100-Sep-16 09:00:00 (70.8%)
  2100-Oct-04 00:00:00 (75.6%)
  2100-Oct-21 14:00:00 (80.4%)
  2100-Nov-08 05:00:00 (85.3%)
  2100-Nov-25 19:00:00 (90.1%)
  2100-Dec-13 09:00:00 (94.9%)
  2100-Dec-30 23:00:00 (99.7%)
  2100-Dec-31 23:00:00 (100%)
Finished Program: 2014-Nov-18 11:25:11.058024
Elapsed Time: 00:00:41.793935
