instance.yaml
kiva v0.2.0-21-g785bfe1
Copyright (C) 2012-2014 Big Ladder Software
Web: www.bigladdersoftware.com

Starting Program: 2014-Nov-18 11:18:26.411874
Creating Domain...
  X Cells: 196
  Y Cells: 1
  Z Cells: 96
  Total Cells: 18816
Initializing Temperatures...
  2098-Nov-26 23:00:00
  2099-Jan-09 22:00:00
  2099-Jan-21 10:00:00
  2099-Feb-01 22:00:00
  2099-Feb-13 09:00:00
  2099-Feb-24 21:00:00
  2099-Mar-08 09:00:00
  2099-Mar-19 21:00:00
  2099-Mar-31 09:00:00
  2099-Apr-11 21:00:00
  2099-Apr-23 09:00:00
  2099-May-04 21:00:00
  2099-May-16 09:00:00
  2099-May-27 21:00:00
  2099-Jun-08 09:00:00
  2099-Jun-19 21:00:00
  2099-Jul-01 09:00:00
  2099-Jul-12 21:00:00
  2099-Jul-24 09:00:00
  2099-Aug-04 21:00:00
  2099-Aug-16 09:00:00
  2099-Aug-27 21:00:00
  2099-Sep-08 09:00:00
  2099-Sep-19 21:00:00
  2099-Oct-01 09:00:00
  2099-Oct-12 21:00:00
  2099-Oct-24 09:00:00
  2099-Nov-04 21:00:00
  2099-Nov-16 09:00:00
  2099-Nov-27 21:00:00
  2099-Dec-09 09:00:00
  2099-Dec-20 20:00:00
Beginning Simulation...
  2100-Jan-01 08:00:00 (0.1%)
  2100-Jan-12 15:00:00 (3.2%)
  2100-Jan-23 21:00:00 (6.3%)
  2100-Feb-04 04:00:00 (9.4%)
  2100-Feb-15 11:00:00 (12.5%)
  2100-Feb-26 17:00:00 (15.5%)
  2100-Mar-10 00:00:00 (18.6%)
  2100-Mar-21 07:00:00 (21.7%)
  2100-Apr-01 13:00:00 (24.8%)
  2100-Apr-12 20:00:00 (27.9%)
  2100-Apr-24 03:00:00 (31%)
  2100-May-05 10:00:00 (34.1%)
  2100-May-16 17:00:00 (37.2%)
  2100-May-27 23:00:00 (40.3%)
  2100-Jun-08 06:00:00 (43.4%)
  2100-Jun-19 13:00:00 (46.4%)
  2100-Jun-30 20:00:00 (49.5%)
  2100-Jul-12 03:00:00 (52.6%)
  2100-Jul-23 09:00:00 (55.7%)
  2100-Aug-03 16:00:00 (58.8%)
  2100-Aug-14 23:00:00 (61.9%)
  2100-Aug-26 05:00:00 (65%)
  2100-Sep-06 12:00:00 (68.1%)
  2100-Sep-17 19:00:00 (71.2%)
  2100-Sep-29 02:00:00 (74.3%)
  2100-Oct-10 09:00:00 (77.4%)
  2100-Oct-21 16:00:00 (80.5%)
  2100-Nov-01 23:00:00 (83.6%)
  2100-Nov-13 06:00:00 (86.6%)
  2100-Nov-24 13:00:00 (89.7%)
  2100-Dec-05 19:00:00 (92.8%)
  2100-Dec-17 02:00:00 (95.9%)
  2100-Dec-28 09:00:00 (99%)
  2100-Dec-31 23:00:00 (100%)
Finished Program: 2014-Nov-18 11:19:31.319475
Elapsed Time: 00:01:04.907601
