instance.yaml
kiva v0.2.0-19-ge248292
Copyright (C) 2012-2014 Big Ladder Software
Web: www.bigladdersoftware.com

Starting Program: 2014-Nov-17 08:46:12.050745
Creating Domain...
  X Cells: 138
  Y Cells: 1
  Z Cells: 132
  Total Cells: 18216
Initializing Temperatures...
  2099-Jan-03 12:00:00
  2099-Jan-17 17:00:00
  2099-Jan-31 23:00:00
  2099-Feb-15 05:00:00
  2099-Mar-01 11:00:00
  2099-Mar-15 17:00:00
  2099-Mar-29 23:00:00
  2099-Apr-13 05:00:00
  2099-Apr-27 11:00:00
  2099-May-11 17:00:00
  2099-May-25 23:00:00
  2099-Jun-09 05:00:00
  2099-Jun-23 11:00:00
  2099-Jul-07 17:00:00
  2099-Jul-21 23:00:00
  2099-Aug-05 05:00:00
  2099-Aug-19 10:00:00
  2099-Sep-02 16:00:00
  2099-Sep-16 22:00:00
  2099-Oct-01 04:00:00
  2099-Oct-15 10:00:00
  2099-Oct-29 16:00:00
  2099-Nov-12 22:00:00
  2099-Nov-27 04:00:00
  2099-Dec-11 10:00:00
  2099-Dec-25 16:00:00
Beginning Simulation...
  2100-Jan-08 10:00:00 (2%)
  2100-Jan-21 19:00:00 (5.7%)
  2100-Feb-04 03:00:00 (9.3%)
  2100-Feb-17 12:00:00 (13%)
  2100-Feb-26 03:00:00 (15.4%)
  2100-Mar-08 22:00:00 (18.3%)
  2100-Mar-22 06:00:00 (22%)
  2100-Apr-04 15:00:00 (25.7%)
  2100-Apr-18 00:00:00 (29.3%)
  2100-May-01 08:00:00 (33%)
  2100-May-14 17:00:00 (36.6%)
  2100-May-28 01:00:00 (40.3%)
  2100-Jun-10 10:00:00 (43.9%)
  2100-Jun-23 18:00:00 (47.6%)
  2100-Jul-07 03:00:00 (51.3%)
  2100-Jul-20 11:00:00 (54.9%)
  2100-Aug-02 20:00:00 (58.6%)
  2100-Aug-16 04:00:00 (62.2%)
  2100-Aug-29 12:00:00 (65.9%)
  2100-Sep-11 21:00:00 (69.6%)
  2100-Sep-25 05:00:00 (73.2%)
  2100-Oct-08 14:00:00 (76.9%)
  2100-Oct-21 22:00:00 (80.5%)
  2100-Nov-04 07:00:00 (84.2%)
  2100-Nov-17 15:00:00 (87.8%)
  2100-Dec-01 00:00:00 (91.5%)
  2100-Dec-14 08:00:00 (95.2%)
  2100-Dec-27 17:00:00 (98.8%)
  2100-Dec-31 23:00:00 (100%)
Finished Program: 2014-Nov-17 08:47:06.320481
Elapsed Time: 00:00:54.269736
