instance.yaml
kiva v0.2.0-21-g785bfe1
Copyright (C) 2012-2014 Big Ladder Software
Web: www.bigladdersoftware.com

Starting Program: 2014-Nov-18 11:01:27.675986
Creating Domain...
  X Cells: 93
  Y Cells: 1
  Z Cells: 133
  Total Cells: 12369
Initializing Temperatures...
  2098-Oct-01 23:00:00
  2099-Jan-13 01:00:00
  2099-Feb-01 19:00:00
  2099-Feb-21 14:00:00
  2099-Mar-13 08:00:00
  2099-Apr-02 02:00:00
  2099-Apr-21 20:00:00
  2099-May-11 15:00:00
  2099-May-31 09:00:00
  2099-Jun-20 03:00:00
  2099-Jul-09 21:00:00
  2099-Jul-29 16:00:00
  2099-Aug-18 10:00:00
  2099-Sep-07 04:00:00
  2099-Sep-26 23:00:00
  2099-Oct-16 17:00:00
  2099-Nov-05 12:00:00
  2099-Nov-25 06:00:00
  2099-Dec-15 00:00:00
Beginning Simulation...
  2100-Jan-03 13:00:00 (0.7%)
  2100-Jan-21 18:00:00 (5.7%)
  2100-Feb-08 21:00:00 (10.7%)
  2100-Feb-27 01:00:00 (15.6%)
  2100-Mar-17 05:00:00 (20.6%)
  2100-Apr-04 09:00:00 (25.6%)
  2100-Apr-22 14:00:00 (30.6%)
  2100-May-10 18:00:00 (35.5%)
  2100-May-28 22:00:00 (40.5%)
  2100-Jun-16 02:00:00 (45.5%)
  2100-Jul-04 06:00:00 (50.5%)
  2100-Jul-22 11:00:00 (55.5%)
  2100-Aug-09 15:00:00 (60.4%)
  2100-Aug-27 20:00:00 (65.4%)
  2100-Sep-14 22:00:00 (70.4%)
  2100-Oct-03 03:00:00 (75.4%)
  2100-Oct-21 07:00:00 (80.4%)
  2100-Nov-08 12:00:00 (85.3%)
  2100-Nov-26 17:00:00 (90.3%)
  2100-Dec-14 21:00:00 (95.3%)
  2100-Dec-31 23:00:00 (100%)
Finished Program: 2014-Nov-18 11:02:06.940613
Elapsed Time: 00:00:39.264627
