instance.yaml
kiva v0.2.0-9-g526928a
Copyright (C) 2012-2014 Big Ladder Software
Web: www.bigladdersoftware.com

Starting Program: 2014-Oct-26 15:37:39.504395
Creating Domain...
  X Cells: 86
  Y Cells: 1
  Z Cells: 133
  Total Cells: 11438
Initializing Temperatures...
  2098-Oct-01 23:00:00
  2099-Jan-09 22:00:00
  2099-Feb-02 15:00:00
  2099-Feb-26 08:00:00
  2099-Mar-20 20:00:00
  2099-Apr-13 13:00:00
  2099-May-07 06:00:00
  2099-May-30 22:00:00
  2099-Jun-23 15:00:00
  2099-Jul-17 07:00:00
  2099-Aug-10 00:00:00
  2099-Sep-02 16:00:00
  2099-Sep-26 09:00:00
  2099-Oct-20 01:00:00
  2099-Nov-12 18:00:00
  2099-Dec-06 11:00:00
  2099-Dec-30 03:00:00
Beginning Simulation...
  2100-Jan-21 01:00:00 (5.5%)
  2100-Feb-11 19:00:00 (11.4%)
  2100-Mar-05 13:00:00 (17.4%)
  2100-Mar-27 07:00:00 (23.4%)
  2100-Apr-18 01:00:00 (29.3%)
  2100-May-09 19:00:00 (35.3%)
  2100-May-31 12:00:00 (41.2%)
  2100-Jun-22 05:00:00 (47.2%)
  2100-Jul-13 23:00:00 (53.1%)
  2100-Aug-04 16:00:00 (59.1%)
  2100-Aug-26 10:00:00 (65%)
  2100-Sep-17 03:00:00 (71%)
  2100-Oct-08 20:00:00 (76.9%)
  2100-Oct-30 13:00:00 (82.9%)
  2100-Nov-21 07:00:00 (88.8%)
  2100-Dec-13 01:00:00 (94.8%)
  2100-Dec-31 23:00:00 (100%)
Finished Program: 2014-Oct-26 15:38:12.872565
Elapsed Time: 00:00:33.368170
