instance.yaml
kiva v0.2.0-22-gd89b213
Copyright (C) 2012-2014 Big Ladder Software
Web: www.bigladdersoftware.com

Starting Program: 2014-Nov-19 10:42:43.791000
Creating Domain...
  X Cells: 232
  Y Cells: 1
  Z Cells: 96
  Total Cells: 22272
Initializing Temperatures...
  2099-Jan-03 13:00:00
  2099-Jan-13 08:00:00
  2099-Jan-23 02:00:00
  2099-Feb-01 21:00:00
  2099-Feb-11 16:00:00
  2099-Feb-21 10:00:00
  2099-Mar-03 05:00:00
  2099-Mar-12 23:00:00
  2099-Mar-22 18:00:00
  2099-Apr-01 12:00:00
  2099-Apr-11 07:00:00
  2099-Apr-21 02:00:00
  2099-Apr-30 20:00:00
  2099-May-10 15:00:00
  2099-May-20 09:00:00
  2099-May-30 04:00:00
  2099-Jun-08 23:00:00
  2099-Jun-18 17:00:00
  2099-Jun-28 12:00:00
  2099-Jul-08 07:00:00
  2099-Jul-18 01:00:00
  2099-Jul-27 20:00:00
  2099-Aug-06 14:00:00
  2099-Aug-16 09:00:00
  2099-Aug-26 04:00:00
  2099-Sep-04 22:00:00
  2099-Sep-14 17:00:00
  2099-Sep-24 11:00:00
  2099-Oct-04 06:00:00
  2099-Oct-14 01:00:00
  2099-Oct-23 19:00:00
  2099-Nov-02 14:00:00
  2099-Nov-12 09:00:00
  2099-Nov-22 03:00:00
  2099-Dec-01 22:00:00
  2099-Dec-11 17:00:00
  2099-Dec-21 11:00:00
  2099-Dec-31 05:00:00
Beginning Simulation...
  2100-Jan-09 19:00:00 (2.4%)
  2100-Jan-19 07:00:00 (5%)
  2100-Jan-28 20:00:00 (7.6%)
  2100-Feb-07 09:00:00 (10.2%)
  2100-Feb-16 22:00:00 (12.9%)
  2100-Feb-26 11:00:00 (15.5%)
  2100-Mar-08 00:00:00 (18.1%)
  2100-Mar-17 12:00:00 (20.7%)
  2100-Mar-27 00:00:00 (23.3%)
  2100-Apr-05 13:00:00 (25.9%)
  2100-Apr-15 03:00:00 (28.5%)
  2100-Apr-24 16:00:00 (31.1%)
  2100-May-04 05:00:00 (33.8%)
  2100-May-13 18:00:00 (36.4%)
  2100-May-23 07:00:00 (39%)
  2100-Jun-01 20:00:00 (41.6%)
  2100-Jun-11 10:00:00 (44.2%)
  2100-Jun-20 23:00:00 (46.8%)
  2100-Jun-30 12:00:00 (49.5%)
  2100-Jul-10 01:00:00 (52.1%)
  2100-Jul-19 13:00:00 (54.7%)
  2100-Jul-29 02:00:00 (57.3%)
  2100-Aug-07 15:00:00 (59.9%)
  2100-Aug-17 04:00:00 (62.5%)
  2100-Aug-26 17:00:00 (65.1%)
  2100-Sep-05 06:00:00 (67.7%)
  2100-Sep-14 19:00:00 (70.4%)
  2100-Sep-24 08:00:00 (73%)
  2100-Oct-03 21:00:00 (75.6%)
  2100-Oct-13 10:00:00 (78.2%)
  2100-Oct-22 21:00:00 (80.8%)
  2100-Nov-01 10:00:00 (83.4%)
  2100-Nov-10 23:00:00 (86%)
  2100-Nov-20 13:00:00 (88.6%)
  2100-Nov-30 01:00:00 (91.2%)
  2100-Dec-09 14:00:00 (93.9%)
  2100-Dec-19 03:00:00 (96.5%)
  2100-Dec-28 16:00:00 (99.1%)
  2100-Dec-31 23:00:00 (100%)
Finished Program: 2014-Nov-19 10:44:00.345864
Elapsed Time: 00:01:16.554864
