instance.yaml
kiva v0.2.0-19-ge248292
Copyright (C) 2012-2014 Big Ladder Software
Web: www.bigladdersoftware.com

Starting Program: 2014-Nov-17 08:46:15.180406
Creating Domain...
  X Cells: 97
  Y Cells: 1
  Z Cells: 125
  Total Cells: 12125
Initializing Temperatures...
  2099-Jan-05 20:00:00
  2099-Jan-26 21:00:00
  2099-Feb-16 22:00:00
  2099-Mar-09 22:00:00
  2099-Mar-30 19:00:00
  2099-Apr-20 19:00:00
  2099-May-11 19:00:00
  2099-Jun-01 19:00:00
  2099-Jun-22 19:00:00
  2099-Jul-13 20:00:00
  2099-Aug-03 21:00:00
  2099-Aug-24 22:00:00
  2099-Sep-14 23:00:00
  2099-Oct-06 00:00:00
  2099-Oct-27 01:00:00
  2099-Nov-17 02:00:00
  2099-Dec-08 03:00:00
  2099-Dec-29 05:00:00
Beginning Simulation...
  2100-Jan-17 18:00:00 (4.6%)
  2100-Feb-06 03:00:00 (9.9%)
  2100-Feb-25 11:00:00 (15.2%)
  2100-Mar-16 20:00:00 (20.5%)
  2100-Apr-05 04:00:00 (25.8%)
  2100-Apr-24 12:00:00 (31.1%)
  2100-May-13 20:00:00 (36.4%)
  2100-Jun-02 04:00:00 (41.7%)
  2100-Jun-21 13:00:00 (47%)
  2100-Jul-10 21:00:00 (52.3%)
  2100-Jul-30 05:00:00 (57.6%)
  2100-Aug-18 14:00:00 (62.9%)
  2100-Sep-06 18:00:00 (68.2%)
  2100-Sep-26 02:00:00 (73.4%)
  2100-Oct-15 11:00:00 (78.8%)
  2100-Nov-03 19:00:00 (84.1%)
  2100-Nov-23 03:00:00 (89.3%)
  2100-Dec-12 11:00:00 (94.6%)
  2100-Dec-31 19:00:00 (99.9%)
  2100-Dec-31 23:00:00 (100%)
Finished Program: 2014-Nov-17 08:46:52.008945
Elapsed Time: 00:00:36.828539
