instance.yaml
kiva v0.2.0-9-g526928a
Copyright (C) 2012-2014 Big Ladder Software
Web: www.bigladdersoftware.com

Starting Program: 2014-Oct-26 15:37:33.498520
Creating Domain...
  X Cells: 98
  Y Cells: 1
  Z Cells: 93
  Total Cells: 9114
Initializing Temperatures...
  2098-Nov-05 23:00:00
  2099-Jan-18 13:00:00
  2099-Feb-14 11:00:00
  2099-Mar-13 09:00:00
  2099-Apr-09 07:00:00
  2099-May-06 05:00:00
  2099-Jun-02 03:00:00
  2099-Jun-29 01:00:00
  2099-Jul-25 23:00:00
  2099-Aug-21 21:00:00
  2099-Sep-16 12:00:00
  2099-Oct-13 13:00:00
  2099-Nov-09 13:00:00
  2099-Dec-06 14:00:00
Beginning Simulation...
  2100-Jan-02 13:00:00 (0.4%)
  2100-Jan-28 18:00:00 (7.6%)
  2100-Feb-23 23:00:00 (14.8%)
  2100-Mar-22 04:00:00 (22%)
  2100-Apr-17 08:00:00 (29.1%)
  2100-May-13 13:00:00 (36.3%)
  2100-Jun-08 18:00:00 (43.5%)
  2100-Jul-04 23:00:00 (50.7%)
  2100-Jul-31 03:00:00 (57.8%)
  2100-Aug-26 08:00:00 (65%)
  2100-Sep-21 13:00:00 (72.2%)
  2100-Oct-17 17:00:00 (79.4%)
  2100-Nov-12 22:00:00 (86.6%)
  2100-Dec-09 03:00:00 (93.7%)
  2100-Dec-31 23:00:00 (100%)
Finished Program: 2014-Oct-26 15:38:01.872318
Elapsed Time: 00:00:28.373798
