instance.yaml
kiva v0.2.0-22-gd89b213
Copyright (C) 2012-2014 Big Ladder Software
Web: www.bigladdersoftware.com

Starting Program: 2014-Nov-19 10:41:45.884910
Creating Domain...
  X Cells: 152
  Y Cells: 1
  Z Cells: 113
  Total Cells: 17176
Initializing Temperatures...
  2099-Jan-05 00:00:00
  2099-Jan-18 01:00:00
  2099-Jan-31 02:00:00
  2099-Feb-13 04:00:00
  2099-Feb-26 05:00:00
  2099-Mar-11 07:00:00
  2099-Mar-24 08:00:00
  2099-Apr-06 10:00:00
  2099-Apr-19 11:00:00
  2099-May-02 12:00:00
  2099-May-15 14:00:00
  2099-May-28 15:00:00
  2099-Jun-10 17:00:00
  2099-Jun-23 18:00:00
  2099-Jul-06 20:00:00
  2099-Jul-19 21:00:00
  2099-Aug-01 23:00:00
  2099-Aug-15 00:00:00
  2099-Aug-28 02:00:00
  2099-Sep-10 03:00:00
  2099-Sep-23 05:00:00
  2099-Oct-06 07:00:00
  2099-Oct-19 09:00:00
  2099-Nov-01 12:00:00
  2099-Nov-14 14:00:00
  2099-Nov-27 16:00:00
  2099-Dec-10 18:00:00
  2099-Dec-23 21:00:00
Beginning Simulation...
  2100-Jan-05 21:00:00 (1.3%)
  2100-Jan-18 18:00:00 (4.9%)
  2100-Jan-31 14:00:00 (8.4%)
  2100-Feb-13 11:00:00 (11.9%)
  2100-Feb-26 08:00:00 (15.4%)
  2100-Mar-11 04:00:00 (18.9%)
  2100-Mar-24 01:00:00 (22.5%)
  2100-Apr-05 21:00:00 (26%)
  2100-Apr-18 18:00:00 (29.5%)
  2100-May-01 15:00:00 (33%)
  2100-May-14 12:00:00 (36.6%)
  2100-May-27 09:00:00 (40.1%)
  2100-Jun-09 06:00:00 (43.6%)
  2100-Jun-22 03:00:00 (47.2%)
  2100-Jul-04 23:00:00 (50.7%)
  2100-Jul-17 20:00:00 (54.2%)
  2100-Jul-30 17:00:00 (57.7%)
  2100-Aug-12 14:00:00 (61.3%)
  2100-Aug-25 11:00:00 (64.8%)
  2100-Sep-07 08:00:00 (68.3%)
  2100-Sep-20 05:00:00 (71.8%)
  2100-Oct-03 02:00:00 (75.4%)
  2100-Oct-15 22:00:00 (78.9%)
  2100-Oct-28 19:00:00 (82.4%)
  2100-Nov-10 16:00:00 (85.9%)
  2100-Nov-23 13:00:00 (89.5%)
  2100-Dec-06 09:00:00 (93%)
  2100-Dec-19 06:00:00 (96.5%)
  2100-Dec-31 23:00:00 (100%)
Finished Program: 2014-Nov-19 10:42:42.989132
Elapsed Time: 00:00:57.104222
