instance.yaml
kiva v0.2.0-20-g4c7c200
Copyright (C) 2012-2014 Big Ladder Software
Web: www.bigladdersoftware.com

Starting Program: 2014-Nov-17 14:15:19.029205
Creating Domain...
  X Cells: 98
  Y Cells: 1
  Z Cells: 93
  Total Cells: 9114
Initializing Temperatures...
  2099-Jan-13 01:00:00
  2099-Feb-06 03:00:00
  2099-Mar-02 05:00:00
  2099-Mar-26 07:00:00
  2099-Apr-19 09:00:00
  2099-May-13 11:00:00
  2099-Jun-06 13:00:00
  2099-Jun-30 15:00:00
  2099-Jul-24 17:00:00
  2099-Aug-17 19:00:00
  2099-Sep-10 21:00:00
  2099-Oct-04 23:00:00
  2099-Oct-29 01:00:00
  2099-Nov-22 04:00:00
  2099-Dec-16 06:00:00
Beginning Simulation...
  2100-Jan-09 03:00:00 (2.2%)
  2100-Feb-01 12:00:00 (8.6%)
  2100-Feb-24 22:00:00 (15%)
  2100-Mar-20 07:00:00 (21.4%)
  2100-Apr-12 17:00:00 (27.9%)
  2100-May-06 02:00:00 (34.3%)
  2100-May-29 11:00:00 (40.7%)
  2100-Jun-21 21:00:00 (47.1%)
  2100-Jul-15 05:00:00 (53.5%)
  2100-Aug-07 14:00:00 (59.9%)
  2100-Aug-31 00:00:00 (66.3%)
  2100-Sep-23 09:00:00 (72.7%)
  2100-Oct-16 19:00:00 (79.1%)
  2100-Nov-09 04:00:00 (85.5%)
  2100-Dec-02 13:00:00 (91.9%)
  2100-Dec-26 04:00:00 (98.4%)
  2100-Dec-31 23:00:00 (100%)
Finished Program: 2014-Nov-17 14:15:50.245387
Elapsed Time: 00:00:31.216182
