instance.yaml
kiva v0.2.0-9-g526928a
Copyright (C) 2012-2014 Big Ladder Software
Web: www.bigladdersoftware.com

Starting Program: 2014-Nov-15 12:22:45.678862
Creating Domain...
  X Cells: 185
  Y Cells: 1
  Z Cells: 133
  Total Cells: 24605
Initializing Temperatures...
  2098-Oct-01 23:00:00
  2099-Jan-03 12:00:00
  2099-Jan-13 01:00:00
  2099-Jan-22 15:00:00
  2099-Feb-01 05:00:00
  2099-Feb-10 19:00:00
  2099-Feb-20 09:00:00
  2099-Mar-01 22:00:00
  2099-Mar-11 12:00:00
  2099-Mar-21 01:00:00
  2099-Mar-30 15:00:00
  2099-Apr-09 05:00:00
  2099-Apr-18 19:00:00
  2099-Apr-28 09:00:00
  2099-May-07 23:00:00
  2099-May-17 12:00:00
  2099-May-27 02:00:00
  2099-Jun-05 16:00:00
  2099-Jun-15 06:00:00
  2099-Jun-24 20:00:00
  2099-Jul-04 10:00:00
  2099-Jul-14 00:00:00
  2099-Jul-23 14:00:00
  2099-Aug-02 04:00:00
  2099-Aug-11 18:00:00
  2099-Aug-21 08:00:00
  2099-Aug-30 22:00:00
  2099-Sep-09 12:00:00
  2099-Sep-19 03:00:00
  2099-Sep-28 16:00:00
  2099-Oct-08 06:00:00
  2099-Oct-17 20:00:00
  2099-Oct-27 10:00:00
  2099-Nov-06 00:00:00
  2099-Nov-15 15:00:00
  2099-Nov-25 05:00:00
  2099-Dec-04 19:00:00
  2099-Dec-14 09:00:00
  2099-Dec-23 23:00:00
Beginning Simulation...
  2100-Jan-02 10:00:00 (0.4%)
  2100-Jan-11 08:00:00 (2.8%)
  2100-Jan-20 05:00:00 (5.3%)
  2100-Jan-29 03:00:00 (7.7%)
  2100-Feb-07 00:00:00 (10.1%)
  2100-Feb-15 22:00:00 (12.6%)
  2100-Feb-24 19:00:00 (15%)
  2100-Mar-05 17:00:00 (17.5%)
  2100-Mar-14 15:00:00 (19.9%)
  2100-Mar-23 12:00:00 (22.3%)
  2100-Apr-01 09:00:00 (24.8%)
  2100-Apr-10 07:00:00 (27.2%)
  2100-Apr-19 05:00:00 (29.6%)
  2100-Apr-28 02:00:00 (32.1%)
  2100-May-07 00:00:00 (34.5%)
  2100-May-15 22:00:00 (37%)
  2100-May-24 19:00:00 (39.4%)
  2100-Jun-02 17:00:00 (41.8%)
  2100-Jun-11 14:00:00 (44.3%)
  2100-Jun-20 12:00:00 (46.7%)
  2100-Jun-29 09:00:00 (49.1%)
  2100-Jul-08 07:00:00 (51.6%)
  2100-Jul-17 04:00:00 (54%)
  2100-Jul-26 02:00:00 (56.5%)
  2100-Aug-04 00:00:00 (58.9%)
  2100-Aug-12 21:00:00 (61.3%)
  2100-Aug-21 19:00:00 (63.8%)
  2100-Aug-30 17:00:00 (66.2%)
  2100-Sep-08 14:00:00 (68.7%)
  2100-Sep-17 12:00:00 (71.1%)
  2100-Sep-26 10:00:00 (73.5%)
  2100-Oct-05 07:00:00 (76%)
  2100-Oct-14 05:00:00 (78.4%)
  2100-Oct-23 01:00:00 (80.8%)
  2100-Oct-31 22:00:00 (83.3%)
  2100-Nov-09 20:00:00 (85.7%)
  2100-Nov-18 17:00:00 (88.1%)
  2100-Nov-27 15:00:00 (90.6%)
  2100-Dec-06 13:00:00 (93%)
  2100-Dec-15 10:00:00 (95.5%)
  2100-Dec-24 08:00:00 (97.9%)
  2100-Dec-31 23:00:00 (100%)
Finished Program: 2014-Nov-15 12:24:05.859743
Elapsed Time: 00:01:20.180881
