instance.yaml
kiva v0.2.0-20-g4c7c200
Copyright (C) 2012-2014 Big Ladder Software
Web: www.bigladdersoftware.com

Starting Program: 2014-Nov-17 14:19:21.208968
Creating Domain...
  X Cells: 167
  Y Cells: 1
  Z Cells: 158
  Total Cells: 26386
Initializing Temperatures...
  2098-Nov-26 23:00:00
  2099-Jan-07 06:00:00
  2099-Jan-15 19:00:00
  2099-Jan-24 08:00:00
  2099-Feb-01 21:00:00
  2099-Feb-10 10:00:00
  2099-Feb-18 23:00:00
  2099-Feb-27 11:00:00
  2099-Mar-08 00:00:00
  2099-Mar-16 13:00:00
  2099-Mar-25 02:00:00
  2099-Apr-02 15:00:00
  2099-Apr-11 04:00:00
  2099-Apr-19 17:00:00
  2099-Apr-28 06:00:00
  2099-May-06 19:00:00
  2099-May-15 08:00:00
  2099-May-23 21:00:00
  2099-Jun-01 11:00:00
  2099-Jun-10 00:00:00
  2099-Jun-18 14:00:00
  2099-Jun-27 02:00:00
  2099-Jul-05 15:00:00
  2099-Jul-14 04:00:00
  2099-Jul-22 17:00:00
  2099-Jul-31 07:00:00
  2099-Aug-08 20:00:00
  2099-Aug-17 09:00:00
  2099-Aug-25 23:00:00
  2099-Sep-03 12:00:00
  2099-Sep-12 01:00:00
  2099-Sep-20 14:00:00
  2099-Sep-29 04:00:00
  2099-Oct-07 17:00:00
  2099-Oct-16 06:00:00
  2099-Oct-24 20:00:00
  2099-Nov-02 09:00:00
  2099-Nov-10 22:00:00
  2099-Nov-19 11:00:00
  2099-Nov-28 00:00:00
  2099-Dec-06 13:00:00
  2099-Dec-15 02:00:00
  2099-Dec-23 15:00:00
Beginning Simulation...
  2100-Jan-01 04:00:00 (0%)
  2100-Jan-08 23:00:00 (2.2%)
  2100-Jan-16 18:00:00 (4.3%)
  2100-Jan-24 13:00:00 (6.4%)
  2100-Feb-01 07:00:00 (8.6%)
  2100-Feb-09 02:00:00 (10.7%)
  2100-Feb-16 21:00:00 (12.8%)
  2100-Feb-24 16:00:00 (15%)
  2100-Mar-04 10:00:00 (17.1%)
  2100-Mar-12 05:00:00 (19.2%)
  2100-Mar-20 02:00:00 (21.4%)
  2100-Mar-28 01:00:00 (23.6%)
  2100-Apr-05 00:00:00 (25.8%)
  2100-Apr-12 23:00:00 (27.9%)
  2100-Apr-20 22:00:00 (30.1%)
  2100-Apr-28 21:00:00 (32.3%)
  2100-May-06 21:00:00 (34.5%)
  2100-May-14 20:00:00 (36.7%)
  2100-May-22 20:00:00 (38.9%)
  2100-May-30 19:00:00 (41%)
  2100-Jun-07 19:00:00 (43.2%)
  2100-Jun-15 18:00:00 (45.4%)
  2100-Jun-23 18:00:00 (47.6%)
  2100-Jul-01 17:00:00 (49.8%)
  2100-Jul-09 15:00:00 (52%)
  2100-Jul-17 14:00:00 (54.1%)
  2100-Jul-25 13:00:00 (56.3%)
  2100-Aug-02 13:00:00 (58.5%)
  2100-Aug-10 12:00:00 (60.7%)
  2100-Aug-18 11:00:00 (62.9%)
  2100-Aug-26 11:00:00 (65.1%)
  2100-Sep-03 10:00:00 (67.2%)
  2100-Sep-11 10:00:00 (69.4%)
  2100-Sep-19 09:00:00 (71.6%)
  2100-Sep-27 07:00:00 (73.8%)
  2100-Oct-05 07:00:00 (76%)
  2100-Oct-13 06:00:00 (78.2%)
  2100-Oct-21 06:00:00 (80.3%)
  2100-Oct-29 05:00:00 (82.5%)
  2100-Nov-06 04:00:00 (84.7%)
  2100-Nov-14 04:00:00 (86.9%)
  2100-Nov-22 03:00:00 (89.1%)
  2100-Nov-30 02:00:00 (91.3%)
  2100-Dec-08 01:00:00 (93.4%)
  2100-Dec-16 01:00:00 (95.6%)
  2100-Dec-24 00:00:00 (97.8%)
  2100-Dec-31 23:00:00 (100%)
  2100-Dec-31 23:00:00 (100%)
Finished Program: 2014-Nov-17 14:20:51.002422
Elapsed Time: 00:01:29.793454
