instance.yaml
kiva v0.2.0-21-g785bfe1
Copyright (C) 2012-2014 Big Ladder Software
Web: www.bigladdersoftware.com

Starting Program: 2014-Nov-18 11:07:25.779481
Creating Domain...
  X Cells: 185
  Y Cells: 1
  Z Cells: 113
  Total Cells: 20905
Initializing Temperatures...
  2098-Oct-01 23:00:00
  2099-Jan-04 06:00:00
  2099-Jan-14 22:00:00
  2099-Jan-25 14:00:00
  2099-Feb-05 06:00:00
  2099-Feb-15 22:00:00
  2099-Feb-26 14:00:00
  2099-Mar-09 06:00:00
  2099-Mar-19 22:00:00
  2099-Mar-30 15:00:00
  2099-Apr-10 07:00:00
  2099-Apr-20 22:00:00
  2099-May-01 15:00:00
  2099-May-12 07:00:00
  2099-May-22 23:00:00
  2099-Jun-02 15:00:00
  2099-Jun-13 08:00:00
  2099-Jun-24 00:00:00
  2099-Jul-04 16:00:00
  2099-Jul-15 08:00:00
  2099-Jul-26 01:00:00
  2099-Aug-05 17:00:00
  2099-Aug-16 12:00:00
  2099-Aug-27 08:00:00
  2099-Sep-07 03:00:00
  2099-Sep-17 22:00:00
  2099-Sep-28 18:00:00
  2099-Oct-09 13:00:00
  2099-Oct-20 08:00:00
  2099-Oct-31 04:00:00
  2099-Nov-10 23:00:00
  2099-Nov-21 19:00:00
  2099-Dec-02 14:00:00
  2099-Dec-13 09:00:00
  2099-Dec-24 04:00:00
Beginning Simulation...
  2100-Jan-03 22:00:00 (0.8%)
  2100-Jan-14 14:00:00 (3.7%)
  2100-Jan-25 05:00:00 (6.6%)
  2100-Feb-04 21:00:00 (9.6%)
  2100-Feb-15 13:00:00 (12.5%)
  2100-Feb-26 05:00:00 (15.4%)
  2100-Mar-08 20:00:00 (18.3%)
  2100-Mar-19 12:00:00 (21.2%)
  2100-Mar-30 04:00:00 (24.2%)
  2100-Apr-09 19:00:00 (27.1%)
  2100-Apr-20 11:00:00 (30%)
  2100-May-01 02:00:00 (32.9%)
  2100-May-11 18:00:00 (35.8%)
  2100-May-22 10:00:00 (38.7%)
  2100-Jun-02 02:00:00 (41.7%)
  2100-Jun-12 18:00:00 (44.6%)
  2100-Jun-23 10:00:00 (47.5%)
  2100-Jul-04 02:00:00 (50.4%)
  2100-Jul-14 18:00:00 (53.4%)
  2100-Jul-25 09:00:00 (56.3%)
  2100-Aug-05 01:00:00 (59.2%)
  2100-Aug-15 17:00:00 (62.1%)
  2100-Aug-26 09:00:00 (65%)
  2100-Sep-06 01:00:00 (68%)
  2100-Sep-16 17:00:00 (70.9%)
  2100-Sep-27 09:00:00 (73.8%)
  2100-Oct-08 01:00:00 (76.7%)
  2100-Oct-18 17:00:00 (79.6%)
  2100-Oct-29 08:00:00 (82.6%)
  2100-Nov-09 00:00:00 (85.5%)
  2100-Nov-19 16:00:00 (88.4%)
  2100-Nov-30 08:00:00 (91.3%)
  2100-Dec-10 23:00:00 (94.2%)
  2100-Dec-21 14:00:00 (97.1%)
  2100-Dec-31 23:00:00 (100%)
Finished Program: 2014-Nov-18 11:08:34.973975
Elapsed Time: 00:01:09.194494
