instance.yaml
kiva v0.2.0-9-g526928a
Copyright (C) 2012-2014 Big Ladder Software
Web: www.bigladdersoftware.com

Starting Program: 2014-Nov-15 12:22:42.650104
Creating Domain...
  X Cells: 232
  Y Cells: 1
  Z Cells: 103
  Total Cells: 23896
Initializing Temperatures...
  2098-Oct-08 23:00:00
  2099-Jan-03 05:00:00
  2099-Jan-12 11:00:00
  2099-Jan-21 18:00:00
  2099-Jan-31 00:00:00
  2099-Feb-09 06:00:00
  2099-Feb-18 13:00:00
  2099-Feb-27 19:00:00
  2099-Mar-09 02:00:00
  2099-Mar-18 08:00:00
  2099-Mar-27 14:00:00
  2099-Apr-05 21:00:00
  2099-Apr-15 03:00:00
  2099-Apr-24 10:00:00
  2099-May-03 16:00:00
  2099-May-12 23:00:00
  2099-May-22 05:00:00
  2099-May-31 12:00:00
  2099-Jun-09 18:00:00
  2099-Jun-19 01:00:00
  2099-Jun-28 08:00:00
  2099-Jul-07 14:00:00
  2099-Jul-16 20:00:00
  2099-Jul-26 03:00:00
  2099-Aug-04 09:00:00
  2099-Aug-13 16:00:00
  2099-Aug-22 22:00:00
  2099-Sep-01 05:00:00
  2099-Sep-10 11:00:00
  2099-Sep-19 18:00:00
  2099-Sep-29 00:00:00
  2099-Oct-08 07:00:00
  2099-Oct-17 12:00:00
  2099-Oct-26 19:00:00
  2099-Nov-05 01:00:00
  2099-Nov-14 08:00:00
  2099-Nov-23 14:00:00
  2099-Dec-02 21:00:00
  2099-Dec-12 03:00:00
  2099-Dec-21 10:00:00
  2099-Dec-30 16:00:00
Beginning Simulation...
  2100-Jan-08 19:00:00 (2.1%)
  2100-Jan-17 21:00:00 (4.6%)
  2100-Jan-26 23:00:00 (7.1%)
  2100-Feb-05 01:00:00 (9.6%)
  2100-Feb-14 03:00:00 (12.1%)
  2100-Feb-23 06:00:00 (14.6%)
  2100-Mar-04 08:00:00 (17.1%)
  2100-Mar-13 12:00:00 (19.6%)
  2100-Mar-22 19:00:00 (22.1%)
  2100-Apr-01 01:00:00 (24.7%)
  2100-Apr-10 08:00:00 (27.2%)
  2100-Apr-19 16:00:00 (29.8%)
  2100-Apr-28 22:00:00 (32.3%)
  2100-May-08 05:00:00 (34.9%)
  2100-May-17 12:00:00 (37.4%)
  2100-May-26 19:00:00 (39.9%)
  2100-Jun-05 02:00:00 (42.5%)
  2100-Jun-14 09:00:00 (45%)
  2100-Jun-23 16:00:00 (47.6%)
  2100-Jul-02 23:00:00 (50.1%)
  2100-Jul-12 06:00:00 (52.7%)
  2100-Jul-21 13:00:00 (55.2%)
  2100-Jul-30 19:00:00 (57.8%)
  2100-Aug-09 02:00:00 (60.3%)
  2100-Aug-18 09:00:00 (62.8%)
  2100-Aug-27 16:00:00 (65.4%)
  2100-Sep-05 23:00:00 (67.9%)
  2100-Sep-15 06:00:00 (70.5%)
  2100-Sep-24 13:00:00 (73%)
  2100-Oct-03 20:00:00 (75.6%)
  2100-Oct-13 03:00:00 (78.1%)
  2100-Oct-22 10:00:00 (80.7%)
  2100-Oct-31 17:00:00 (83.2%)
  2100-Nov-09 22:00:00 (85.7%)
  2100-Nov-19 05:00:00 (88.3%)
  2100-Nov-28 12:00:00 (90.8%)
  2100-Dec-07 19:00:00 (93.4%)
  2100-Dec-17 01:00:00 (95.9%)
  2100-Dec-26 08:00:00 (98.4%)
  2100-Dec-31 23:00:00 (100%)
Finished Program: 2014-Nov-15 12:24:02.606580
Elapsed Time: 00:01:19.956476
