instance.yaml
kiva v0.2.0-22-gd89b213
Copyright (C) 2012-2014 Big Ladder Software
Web: www.bigladdersoftware.com

Starting Program: 2014-Nov-19 10:45:45.521481
Creating Domain...
  X Cells: 170
  Y Cells: 1
  Z Cells: 113
  Total Cells: 19210
Initializing Temperatures...
  2098-Nov-05 23:00:00
  2099-Jan-08 01:00:00
  2099-Jan-19 17:00:00
  2099-Jan-31 10:00:00
  2099-Feb-12 02:00:00
  2099-Feb-23 18:00:00
  2099-Mar-07 10:00:00
  2099-Mar-19 02:00:00
  2099-Mar-30 18:00:00
  2099-Apr-11 10:00:00
  2099-Apr-23 02:00:00
  2099-May-04 18:00:00
  2099-May-16 10:00:00
  2099-May-28 02:00:00
  2099-Jun-08 18:00:00
  2099-Jun-20 11:00:00
  2099-Jul-02 03:00:00
  2099-Jul-13 19:00:00
  2099-Jul-25 11:00:00
  2099-Aug-06 03:00:00
  2099-Aug-17 19:00:00
  2099-Aug-29 11:00:00
  2099-Sep-10 04:00:00
  2099-Sep-21 20:00:00
  2099-Oct-03 12:00:00
  2099-Oct-15 04:00:00
  2099-Oct-26 20:00:00
  2099-Nov-07 12:00:00
  2099-Nov-19 04:00:00
  2099-Nov-30 21:00:00
  2099-Dec-12 13:00:00
  2099-Dec-24 05:00:00
Beginning Simulation...
  2100-Jan-04 19:00:00 (1%)
  2100-Jan-16 06:00:00 (4.2%)
  2100-Jan-27 18:00:00 (7.3%)
  2100-Feb-08 04:00:00 (10.5%)
  2100-Feb-19 15:00:00 (13.6%)
  2100-Mar-03 02:00:00 (16.7%)
  2100-Mar-14 14:00:00 (19.9%)
  2100-Mar-26 01:00:00 (23%)
  2100-Apr-06 12:00:00 (26.2%)
  2100-Apr-17 23:00:00 (29.3%)
  2100-Apr-29 10:00:00 (32.4%)
  2100-May-10 21:00:00 (35.6%)
  2100-May-22 08:00:00 (38.7%)
  2100-Jun-02 19:00:00 (41.9%)
  2100-Jun-14 06:00:00 (45%)
  2100-Jun-25 17:00:00 (48.1%)
  2100-Jul-07 05:00:00 (51.3%)
  2100-Jul-18 16:00:00 (54.4%)
  2100-Jul-30 03:00:00 (57.6%)
  2100-Aug-10 14:00:00 (60.7%)
  2100-Aug-22 01:00:00 (63.8%)
  2100-Sep-02 13:00:00 (67%)
  2100-Sep-14 00:00:00 (70.1%)
  2100-Sep-25 11:00:00 (73.3%)
  2100-Oct-06 22:00:00 (76.4%)
  2100-Oct-18 09:00:00 (79.6%)
  2100-Oct-29 21:00:00 (82.7%)
  2100-Nov-10 08:00:00 (85.8%)
  2100-Nov-21 19:00:00 (89%)
  2100-Dec-03 06:00:00 (92.1%)
  2100-Dec-14 17:00:00 (95.3%)
  2100-Dec-26 05:00:00 (98.4%)
  2100-Dec-31 23:00:00 (100%)
Finished Program: 2014-Nov-19 10:46:49.504551
Elapsed Time: 00:01:03.983070
