instance.yaml
kiva v0.2.0-20-g4c7c200
Copyright (C) 2012-2014 Big Ladder Software
Web: www.bigladdersoftware.com

Starting Program: 2014-Nov-17 14:13:17.227045
Creating Domain...
  X Cells: 102
  Y Cells: 1
  Z Cells: 113
  Total Cells: 11526
Initializing Temperatures...
  2099-Jan-05 01:00:00
  2099-Jan-24 20:00:00
  2099-Feb-13 15:00:00
  2099-Mar-05 10:00:00
  2099-Mar-25 05:00:00
  2099-Apr-14 00:00:00
  2099-May-03 19:00:00
  2099-May-23 14:00:00
  2099-Jun-12 09:00:00
  2099-Jul-02 04:00:00
  2099-Jul-22 00:00:00
  2099-Aug-10 18:00:00
  2099-Aug-30 13:00:00
  2099-Sep-19 08:00:00
  2099-Oct-09 03:00:00
  2099-Oct-28 22:00:00
  2099-Nov-17 17:00:00
  2099-Dec-07 13:00:00
  2099-Dec-27 08:00:00
Beginning Simulation...
  2100-Jan-15 19:00:00 (4.1%)
  2100-Feb-04 04:00:00 (9.4%)
  2100-Feb-23 12:00:00 (14.7%)
  2100-Mar-14 19:00:00 (19.9%)
  2100-Apr-03 02:00:00 (25.2%)
  2100-Apr-22 11:00:00 (30.5%)
  2100-May-11 15:00:00 (35.8%)
  2100-May-30 23:00:00 (41.1%)
  2100-Jun-19 08:00:00 (46.4%)
  2100-Jul-08 17:00:00 (51.7%)
  2100-Jul-28 02:00:00 (57%)
  2100-Aug-16 11:00:00 (62.3%)
  2100-Sep-04 20:00:00 (67.6%)
  2100-Sep-24 05:00:00 (72.9%)
  2100-Oct-13 15:00:00 (78.3%)
  2100-Nov-01 20:00:00 (83.5%)
  2100-Nov-21 05:00:00 (88.8%)
  2100-Dec-10 15:00:00 (94.1%)
  2100-Dec-30 00:00:00 (99.5%)
  2100-Dec-31 23:00:00 (100%)
Finished Program: 2014-Nov-17 14:13:55.102914
Elapsed Time: 00:00:37.875869
