instance.yaml
kiva v0.2.0-9-g526928a
Copyright (C) 2012-2014 Big Ladder Software
Web: www.bigladdersoftware.com

Starting Program: 2014-Nov-15 11:22:47.656684
Creating Domain...
  X Cells: 229
  Y Cells: 1
  Z Cells: 127
  Total Cells: 29083
Initializing Temperatures...
  2098-Oct-01 23:00:00
  2099-Jan-02 06:00:00
  2099-Jan-10 22:00:00
  2099-Jan-19 14:00:00
  2099-Jan-28 06:00:00
  2099-Feb-05 22:00:00
  2099-Feb-14 14:00:00
  2099-Feb-23 06:00:00
  2099-Mar-03 22:00:00
  2099-Mar-12 14:00:00
  2099-Mar-21 06:00:00
  2099-Mar-29 22:00:00
  2099-Apr-07 13:00:00
  2099-Apr-16 06:00:00
  2099-Apr-24 21:00:00
  2099-May-03 13:00:00
  2099-May-12 05:00:00
  2099-May-20 22:00:00
  2099-May-29 14:00:00
  2099-Jun-07 06:00:00
  2099-Jun-15 22:00:00
  2099-Jun-24 14:00:00
  2099-Jul-03 06:00:00
  2099-Jul-11 22:00:00
  2099-Jul-20 14:00:00
  2099-Jul-29 06:00:00
  2099-Aug-06 22:00:00
  2099-Aug-15 13:00:00
  2099-Aug-24 05:00:00
  2099-Sep-01 21:00:00
  2099-Sep-10 13:00:00
  2099-Sep-19 05:00:00
  2099-Sep-27 21:00:00
  2099-Oct-06 13:00:00
  2099-Oct-15 05:00:00
  2099-Oct-23 21:00:00
  2099-Nov-01 13:00:00
  2099-Nov-10 05:00:00
  2099-Nov-18 21:00:00
  2099-Nov-27 13:00:00
  2099-Dec-06 05:00:00
  2099-Dec-14 21:00:00
  2099-Dec-23 13:00:00
Beginning Simulation...
  2100-Jan-01 05:00:00 (0.1%)
  2100-Jan-09 07:00:00 (2.3%)
  2100-Jan-17 09:00:00 (4.5%)
  2100-Jan-25 12:00:00 (6.7%)
  2100-Feb-02 14:00:00 (8.9%)
  2100-Feb-10 16:00:00 (11.1%)
  2100-Feb-18 18:00:00 (13.4%)
  2100-Feb-26 21:00:00 (15.6%)
  2100-Mar-06 23:00:00 (17.8%)
  2100-Mar-15 01:00:00 (20%)
  2100-Mar-23 03:00:00 (22.2%)
  2100-Mar-31 06:00:00 (24.5%)
  2100-Apr-08 08:00:00 (26.7%)
  2100-Apr-16 10:00:00 (28.9%)
  2100-Apr-24 12:00:00 (31.1%)
  2100-May-02 15:00:00 (33.3%)
  2100-May-10 17:00:00 (35.5%)
  2100-May-18 20:00:00 (37.8%)
  2100-May-26 22:00:00 (40%)
  2100-Jun-04 00:00:00 (42.2%)
  2100-Jun-12 02:00:00 (44.4%)
  2100-Jun-20 05:00:00 (46.6%)
  2100-Jun-28 07:00:00 (48.8%)
  2100-Jul-06 09:00:00 (51.1%)
  2100-Jul-14 11:00:00 (53.3%)
  2100-Jul-22 14:00:00 (55.5%)
  2100-Jul-30 16:00:00 (57.7%)
  2100-Aug-07 18:00:00 (59.9%)
  2100-Aug-15 20:00:00 (62.1%)
  2100-Aug-23 22:00:00 (64.4%)
  2100-Sep-01 00:00:00 (66.6%)
  2100-Sep-09 02:00:00 (68.8%)
  2100-Sep-17 04:00:00 (71%)
  2100-Sep-25 07:00:00 (73.2%)
  2100-Oct-03 09:00:00 (75.4%)
  2100-Oct-11 10:00:00 (77.6%)
  2100-Oct-19 13:00:00 (79.9%)
  2100-Oct-27 15:00:00 (82.1%)
  2100-Nov-04 17:00:00 (84.3%)
  2100-Nov-12 19:00:00 (86.5%)
  2100-Nov-20 21:00:00 (88.7%)
  2100-Nov-29 00:00:00 (91%)
  2100-Dec-07 02:00:00 (93.2%)
  2100-Dec-15 04:00:00 (95.4%)
  2100-Dec-23 07:00:00 (97.6%)
  2100-Dec-31 09:00:00 (99.8%)
  2100-Dec-31 23:00:00 (100%)
Finished Program: 2014-Nov-15 11:24:16.074502
Elapsed Time: 00:01:28.417818
