instance.yaml
kiva v0.2.0-9-g526928a
Copyright (C) 2012-2014 Big Ladder Software
Web: www.bigladdersoftware.com

Starting Program: 2014-Oct-19 02:43:03.242881
Creating Domain...
  X Cells: 92
  Y Cells: 1
  Z Cells: 133
  Total Cells: 12236
Initializing Temperatures...
Warning: Solution did not converge after 529 iterations.
  The final residual was: 0.00124522
  Solver status: 2
  2098-Nov-05 23:00:00
  2099-Jan-07 19:00:00
  2099-Jan-30 10:00:00
  2099-Feb-22 01:00:00
  2099-Mar-16 15:00:00
  2099-Apr-08 05:00:00
  2099-Apr-30 21:00:00
  2099-May-23 12:00:00
  2099-Jun-15 03:00:00
  2099-Jul-07 18:00:00
  2099-Jul-30 09:00:00
  2099-Aug-22 01:00:00
  2099-Sep-13 16:00:00
  2099-Oct-06 07:00:00
  2099-Oct-28 22:00:00
  2099-Nov-20 13:00:00
  2099-Dec-13 05:00:00
Beginning Simulation...
  2100-Jan-04 13:00:00 (1%)
  2100-Jan-25 08:00:00 (6.7%)
  2100-Feb-15 03:00:00 (12.4%)
  2100-Mar-07 23:00:00 (18.1%)
  2100-Mar-28 17:00:00 (23.8%)
  2100-Apr-18 13:00:00 (29.5%)
  2100-May-09 09:00:00 (35.2%)
  2100-May-30 05:00:00 (40.9%)
  2100-Jun-20 01:00:00 (46.6%)
  2100-Jul-10 20:00:00 (52.3%)
  2100-Jul-31 16:00:00 (58%)
  2100-Aug-21 11:00:00 (63.7%)
  2100-Sep-11 08:00:00 (69.4%)
  2100-Oct-02 04:00:00 (75.1%)
  2100-Oct-23 00:00:00 (80.8%)
  2100-Nov-12 19:00:00 (86.5%)
  2100-Dec-03 09:00:00 (92.2%)
  2100-Dec-24 04:00:00 (97.9%)
  2100-Dec-31 23:00:00 (100%)
Finished Program: 2014-Oct-19 02:43:38.375087
Elapsed Time: 00:00:35.132206
