instance.yaml
kiva v0.2.0-21-g785bfe1
Copyright (C) 2012-2014 Big Ladder Software
Web: www.bigladdersoftware.com

Starting Program: 2014-Nov-18 11:14:25.413530
Creating Domain...
  X Cells: 199
  Y Cells: 1
  Z Cells: 158
  Total Cells: 31442
Initializing Temperatures...
  2098-Oct-29 23:00:00
  2099-Jan-03 08:00:00
  2099-Jan-09 18:00:00
  2099-Jan-16 05:00:00
  2099-Jan-22 15:00:00
  2099-Jan-29 00:00:00
  2099-Feb-04 10:00:00
  2099-Feb-10 20:00:00
  2099-Feb-17 06:00:00
  2099-Feb-23 16:00:00
  2099-Mar-02 03:00:00
  2099-Mar-08 12:00:00
  2099-Mar-15 00:00:00
  2099-Mar-21 11:00:00
  2099-Mar-27 23:00:00
  2099-Apr-03 10:00:00
  2099-Apr-09 22:00:00
  2099-Apr-16 09:00:00
  2099-Apr-22 21:00:00
  2099-Apr-29 08:00:00
  2099-May-05 20:00:00
  2099-May-12 08:00:00
  2099-May-18 19:00:00
  2099-May-25 06:00:00
  2099-May-31 17:00:00
  2099-Jun-07 04:00:00
  2099-Jun-13 16:00:00
  2099-Jun-20 03:00:00
  2099-Jun-26 14:00:00
  2099-Jul-03 01:00:00
  2099-Jul-09 12:00:00
  2099-Jul-16 00:00:00
  2099-Jul-22 11:00:00
  2099-Jul-28 22:00:00
  2099-Aug-04 09:00:00
  2099-Aug-10 19:00:00
  2099-Aug-17 06:00:00
  2099-Aug-23 17:00:00
  2099-Aug-30 05:00:00
  2099-Sep-05 16:00:00
  2099-Sep-12 03:00:00
  2099-Sep-18 14:00:00
  2099-Sep-25 01:00:00
  2099-Oct-01 13:00:00
  2099-Oct-08 00:00:00
  2099-Oct-14 11:00:00
  2099-Oct-20 22:00:00
  2099-Oct-27 10:00:00
  2099-Nov-02 21:00:00
  2099-Nov-09 08:00:00
  2099-Nov-15 19:00:00
  2099-Nov-22 06:00:00
  2099-Nov-28 18:00:00
  2099-Dec-05 05:00:00
  2099-Dec-11 16:00:00
  2099-Dec-18 03:00:00
  2099-Dec-24 14:00:00
  2099-Dec-31 01:00:00
Beginning Simulation...
  2100-Jan-06 03:00:00 (1.4%)
  2100-Jan-12 03:00:00 (3%)
  2100-Jan-18 02:00:00 (4.7%)
  2100-Jan-24 02:00:00 (6.3%)
  2100-Jan-30 02:00:00 (8%)
  2100-Feb-05 02:00:00 (9.6%)
  2100-Feb-11 02:00:00 (11.3%)
  2100-Feb-17 01:00:00 (12.9%)
  2100-Feb-23 01:00:00 (14.5%)
  2100-Mar-01 01:00:00 (16.2%)
  2100-Mar-07 01:00:00 (17.8%)
  2100-Mar-12 21:00:00 (19.4%)
  2100-Mar-18 21:00:00 (21.1%)
  2100-Mar-24 21:00:00 (22.7%)
  2100-Mar-30 21:00:00 (24.3%)
  2100-Apr-05 21:00:00 (26%)
  2100-Apr-11 20:00:00 (27.6%)
  2100-Apr-17 20:00:00 (29.3%)
  2100-Apr-23 20:00:00 (30.9%)
  2100-Apr-29 20:00:00 (32.6%)
  2100-May-05 20:00:00 (34.2%)
  2100-May-11 20:00:00 (35.8%)
  2100-May-17 19:00:00 (37.5%)
  2100-May-23 19:00:00 (39.1%)
  2100-May-29 19:00:00 (40.8%)
  2100-Jun-04 19:00:00 (42.4%)
  2100-Jun-10 19:00:00 (44.1%)
  2100-Jun-16 19:00:00 (45.7%)
  2100-Jun-22 19:00:00 (47.3%)
  2100-Jun-28 19:00:00 (49%)
  2100-Jul-04 19:00:00 (50.6%)
  2100-Jul-10 19:00:00 (52.3%)
  2100-Jul-16 19:00:00 (53.9%)
  2100-Jul-22 19:00:00 (55.6%)
  2100-Jul-28 19:00:00 (57.2%)
  2100-Aug-03 19:00:00 (58.8%)
  2100-Aug-09 18:00:00 (60.5%)
  2100-Aug-15 18:00:00 (62.1%)
  2100-Aug-21 18:00:00 (63.8%)
  2100-Aug-27 19:00:00 (65.4%)
  2100-Sep-02 19:00:00 (67.1%)
  2100-Sep-08 19:00:00 (68.7%)
  2100-Sep-14 19:00:00 (70.4%)
  2100-Sep-20 19:00:00 (72%)
  2100-Sep-26 19:00:00 (73.6%)
  2100-Oct-02 19:00:00 (75.3%)
  2100-Oct-08 19:00:00 (76.9%)
  2100-Oct-14 19:00:00 (78.6%)
  2100-Oct-20 19:00:00 (80.2%)
  2100-Oct-26 18:00:00 (81.8%)
  2100-Nov-01 18:00:00 (83.5%)
  2100-Nov-07 18:00:00 (85.1%)
  2100-Nov-13 18:00:00 (86.8%)
  2100-Nov-19 18:00:00 (88.4%)
  2100-Nov-25 17:00:00 (90.1%)
  2100-Dec-01 17:00:00 (91.7%)
  2100-Dec-07 17:00:00 (93.3%)
  2100-Dec-13 17:00:00 (95%)
  2100-Dec-19 17:00:00 (96.6%)
  2100-Dec-25 17:00:00 (98.3%)
  2100-Dec-31 17:00:00 (99.9%)
  2100-Dec-31 23:00:00 (100%)
Finished Program: 2014-Nov-18 11:16:24.047188
Elapsed Time: 00:01:58.633658
