instance.yaml
kiva v0.2.0-21-g785bfe1
Copyright (C) 2012-2014 Big Ladder Software
Web: www.bigladdersoftware.com

Starting Program: 2014-Nov-18 11:16:27.212595
Creating Domain...
  X Cells: 256
  Y Cells: 1
  Z Cells: 96
  Total Cells: 24576
Initializing Temperatures...
  2098-Dec-03 23:00:00
  2099-Jan-07 10:00:00
  2099-Jan-15 21:00:00
  2099-Jan-24 07:00:00
  2099-Feb-01 18:00:00
  2099-Feb-10 05:00:00
  2099-Feb-18 15:00:00
  2099-Feb-27 02:00:00
  2099-Mar-07 13:00:00
  2099-Mar-16 00:00:00
  2099-Mar-24 11:00:00
  2099-Apr-01 21:00:00
  2099-Apr-10 08:00:00
  2099-Apr-18 19:00:00
  2099-Apr-27 06:00:00
  2099-May-05 17:00:00
  2099-May-14 04:00:00
  2099-May-22 15:00:00
  2099-May-31 02:00:00
  2099-Jun-08 13:00:00
  2099-Jun-17 00:00:00
  2099-Jun-25 11:00:00
  2099-Jul-03 22:00:00
  2099-Jul-12 09:00:00
  2099-Jul-20 19:00:00
  2099-Jul-29 06:00:00
  2099-Aug-06 17:00:00
  2099-Aug-15 04:00:00
  2099-Aug-23 15:00:00
  2099-Sep-01 02:00:00
  2099-Sep-09 13:00:00
  2099-Sep-18 00:00:00
  2099-Sep-26 11:00:00
  2099-Oct-04 22:00:00
  2099-Oct-13 09:00:00
  2099-Oct-21 20:00:00
  2099-Oct-30 06:00:00
  2099-Nov-07 17:00:00
  2099-Nov-16 04:00:00
  2099-Nov-24 15:00:00
  2099-Dec-03 02:00:00
  2099-Dec-11 13:00:00
  2099-Dec-20 00:00:00
  2099-Dec-28 11:00:00
Beginning Simulation...
  2100-Jan-05 20:00:00 (1.3%)
  2100-Jan-14 04:00:00 (3.6%)
  2100-Jan-22 12:00:00 (5.9%)
  2100-Jan-30 20:00:00 (8.2%)
  2100-Feb-08 03:00:00 (10.4%)
  2100-Feb-16 11:00:00 (12.7%)
  2100-Feb-24 19:00:00 (15%)
  2100-Mar-05 03:00:00 (17.3%)
  2100-Mar-13 10:00:00 (19.6%)
  2100-Mar-21 18:00:00 (21.8%)
  2100-Mar-30 02:00:00 (24.1%)
  2100-Apr-07 10:00:00 (26.4%)
  2100-Apr-15 18:00:00 (28.7%)
  2100-Apr-24 02:00:00 (31%)
  2100-May-02 10:00:00 (33.3%)
  2100-May-10 18:00:00 (35.5%)
  2100-May-19 01:00:00 (37.8%)
  2100-May-27 09:00:00 (40.1%)
  2100-Jun-04 17:00:00 (42.4%)
  2100-Jun-13 01:00:00 (44.7%)
  2100-Jun-21 09:00:00 (47%)
  2100-Jun-29 17:00:00 (49.2%)
  2100-Jul-08 01:00:00 (51.5%)
  2100-Jul-16 09:00:00 (53.8%)
  2100-Jul-24 17:00:00 (56.1%)
  2100-Aug-02 01:00:00 (58.4%)
  2100-Aug-10 09:00:00 (60.7%)
  2100-Aug-18 17:00:00 (62.9%)
  2100-Aug-27 00:00:00 (65.2%)
  2100-Sep-04 08:00:00 (67.5%)
  2100-Sep-12 16:00:00 (69.8%)
  2100-Sep-21 00:00:00 (72.1%)
  2100-Sep-29 08:00:00 (74.3%)
  2100-Oct-07 15:00:00 (76.6%)
  2100-Oct-15 23:00:00 (78.9%)
  2100-Oct-24 07:00:00 (81.2%)
  2100-Nov-01 15:00:00 (83.5%)
  2100-Nov-09 23:00:00 (85.7%)
  2100-Nov-18 07:00:00 (88%)
  2100-Nov-26 15:00:00 (90.3%)
  2100-Dec-04 23:00:00 (92.6%)
  2100-Dec-13 07:00:00 (94.9%)
  2100-Dec-21 15:00:00 (97.2%)
  2100-Dec-29 23:00:00 (99.4%)
  2100-Dec-31 23:00:00 (100%)
Finished Program: 2014-Nov-18 11:17:55.244568
Elapsed Time: 00:01:28.031973
