instance.yaml
kiva v0.2.0-21-g785bfe1
Copyright (C) 2012-2014 Big Ladder Software
Web: www.bigladdersoftware.com

Starting Program: 2014-Nov-18 11:04:27.529592
Creating Domain...
  X Cells: 175
  Y Cells: 1
  Z Cells: 133
  Total Cells: 23275
Initializing Temperatures...
  2098-Oct-08 23:00:00
  2099-Jan-04 20:00:00
  2099-Jan-14 19:00:00
  2099-Jan-24 18:00:00
  2099-Feb-03 17:00:00
  2099-Feb-13 16:00:00
  2099-Feb-23 14:00:00
  2099-Mar-05 13:00:00
  2099-Mar-15 12:00:00
  2099-Mar-25 11:00:00
  2099-Apr-04 10:00:00
  2099-Apr-14 08:00:00
  2099-Apr-24 07:00:00
  2099-May-04 06:00:00
  2099-May-14 05:00:00
  2099-May-24 04:00:00
  2099-Jun-03 03:00:00
  2099-Jun-13 02:00:00
  2099-Jun-23 01:00:00
  2099-Jul-03 00:00:00
  2099-Jul-12 22:00:00
  2099-Jul-22 21:00:00
  2099-Aug-01 20:00:00
  2099-Aug-11 19:00:00
  2099-Aug-21 18:00:00
  2099-Aug-31 17:00:00
  2099-Sep-10 16:00:00
  2099-Sep-20 15:00:00
  2099-Sep-30 14:00:00
  2099-Oct-10 13:00:00
  2099-Oct-20 12:00:00
  2099-Oct-30 11:00:00
  2099-Nov-09 09:00:00
  2099-Nov-19 08:00:00
  2099-Nov-29 07:00:00
  2099-Dec-09 06:00:00
  2099-Dec-19 05:00:00
  2099-Dec-29 04:00:00
Beginning Simulation...
  2100-Jan-07 14:00:00 (1.8%)
  2100-Jan-16 19:00:00 (4.3%)
  2100-Jan-26 01:00:00 (6.9%)
  2100-Feb-04 06:00:00 (9.4%)
  2100-Feb-13 12:00:00 (11.9%)
  2100-Feb-22 17:00:00 (14.4%)
  2100-Mar-03 23:00:00 (17%)
  2100-Mar-13 04:00:00 (19.5%)
  2100-Mar-22 09:00:00 (22%)
  2100-Mar-31 15:00:00 (24.6%)
  2100-Apr-09 20:00:00 (27.1%)
  2100-Apr-19 02:00:00 (29.6%)
  2100-Apr-28 07:00:00 (32.1%)
  2100-May-07 12:00:00 (34.7%)
  2100-May-16 18:00:00 (37.2%)
  2100-May-25 23:00:00 (39.7%)
  2100-Jun-04 05:00:00 (42.2%)
  2100-Jun-13 10:00:00 (44.8%)
  2100-Jun-22 16:00:00 (47.3%)
  2100-Jul-01 22:00:00 (49.8%)
  2100-Jul-11 03:00:00 (52.4%)
  2100-Jul-20 09:00:00 (54.9%)
  2100-Jul-29 14:00:00 (57.4%)
  2100-Aug-07 20:00:00 (60%)
  2100-Aug-17 02:00:00 (62.5%)
  2100-Aug-26 07:00:00 (65%)
  2100-Sep-04 13:00:00 (67.5%)
  2100-Sep-13 18:00:00 (70.1%)
  2100-Sep-23 00:00:00 (72.6%)
  2100-Oct-02 06:00:00 (75.1%)
  2100-Oct-11 10:00:00 (77.6%)
  2100-Oct-20 16:00:00 (80.2%)
  2100-Oct-29 22:00:00 (82.7%)
  2100-Nov-08 03:00:00 (85.2%)
  2100-Nov-17 08:00:00 (87.8%)
  2100-Nov-26 14:00:00 (90.3%)
  2100-Dec-05 19:00:00 (92.8%)
  2100-Dec-15 01:00:00 (95.4%)
  2100-Dec-24 06:00:00 (97.9%)
  2100-Dec-31 23:00:00 (100%)
Finished Program: 2014-Nov-18 11:05:44.839044
Elapsed Time: 00:01:17.309452
