instance.yaml
kiva v0.2.0-19-ge248292
Copyright (C) 2012-2014 Big Ladder Software
Web: www.bigladdersoftware.com

Starting Program: 2014-Nov-17 08:44:16.181898
Creating Domain...
  X Cells: 125
  Y Cells: 1
  Z Cells: 96
  Total Cells: 12000
Initializing Temperatures...
  2098-Nov-26 23:00:00
  2099-Jan-16 23:00:00
  2099-Feb-04 16:00:00
  2099-Feb-23 09:00:00
  2099-Mar-14 02:00:00
  2099-Apr-01 19:00:00
  2099-Apr-20 13:00:00
  2099-May-09 06:00:00
  2099-May-27 23:00:00
  2099-Jun-15 17:00:00
  2099-Jul-04 10:00:00
  2099-Jul-23 03:00:00
  2099-Aug-10 20:00:00
  2099-Aug-29 13:00:00
  2099-Sep-17 06:00:00
  2099-Oct-05 23:00:00
  2099-Oct-24 17:00:00
  2099-Nov-12 10:00:00
  2099-Dec-01 04:00:00
  2099-Dec-19 21:00:00
Beginning Simulation...
  2100-Jan-07 10:00:00 (1.8%)
  2100-Jan-25 14:00:00 (6.7%)
  2100-Feb-12 18:00:00 (11.7%)
  2100-Mar-02 22:00:00 (16.7%)
  2100-Mar-21 02:00:00 (21.7%)
  2100-Apr-08 06:00:00 (26.6%)
  2100-Apr-26 10:00:00 (31.6%)
  2100-May-14 15:00:00 (36.6%)
  2100-Jun-01 19:00:00 (41.6%)
  2100-Jun-20 00:00:00 (46.6%)
  2100-Jul-08 04:00:00 (51.6%)
  2100-Jul-26 08:00:00 (56.5%)
  2100-Aug-13 09:00:00 (61.5%)
  2100-Aug-31 13:00:00 (66.4%)
  2100-Sep-18 17:00:00 (71.4%)
  2100-Oct-06 22:00:00 (76.4%)
  2100-Oct-25 02:00:00 (81.4%)
  2100-Nov-12 06:00:00 (86.4%)
  2100-Nov-30 10:00:00 (91.3%)
  2100-Dec-18 15:00:00 (96.3%)
  2100-Dec-31 23:00:00 (100%)
Finished Program: 2014-Nov-17 08:44:56.736479
Elapsed Time: 00:00:40.554581
