instance.yaml
kiva v0.2.0-21-g785bfe1
Copyright (C) 2012-2014 Big Ladder Software
Web: www.bigladdersoftware.com

Starting Program: 2014-Nov-18 11:29:28.936985
Creating Domain...
  X Cells: 187
  Y Cells: 1
  Z Cells: 113
  Total Cells: 21131
Initializing Temperatures...
  2099-Jan-02 07:00:00
  2099-Jan-12 22:00:00
  2099-Jan-23 13:00:00
  2099-Feb-03 05:00:00
  2099-Feb-13 20:00:00
  2099-Feb-24 11:00:00
  2099-Mar-07 02:00:00
  2099-Mar-17 17:00:00
  2099-Mar-28 08:00:00
  2099-Apr-07 23:00:00
  2099-Apr-18 15:00:00
  2099-Apr-29 06:00:00
  2099-May-09 21:00:00
  2099-May-20 12:00:00
  2099-May-31 03:00:00
  2099-Jun-10 18:00:00
  2099-Jun-21 09:00:00
  2099-Jul-02 01:00:00
  2099-Jul-12 16:00:00
  2099-Jul-23 07:00:00
  2099-Aug-02 22:00:00
  2099-Aug-13 14:00:00
  2099-Aug-24 05:00:00
  2099-Sep-03 20:00:00
  2099-Sep-14 11:00:00
  2099-Sep-25 03:00:00
  2099-Oct-05 18:00:00
  2099-Oct-16 09:00:00
  2099-Oct-27 00:00:00
  2099-Nov-06 16:00:00
  2099-Nov-17 07:00:00
  2099-Nov-27 22:00:00
  2099-Dec-08 13:00:00
  2099-Dec-19 05:00:00
  2099-Dec-29 20:00:00
Beginning Simulation...
  2100-Jan-09 07:00:00 (2.3%)
  2100-Jan-19 18:00:00 (5.1%)
  2100-Jan-30 04:00:00 (8%)
  2100-Feb-09 15:00:00 (10.9%)
  2100-Feb-20 01:00:00 (13.7%)
  2100-Mar-02 12:00:00 (16.6%)
  2100-Mar-12 22:00:00 (19.4%)
  2100-Mar-23 08:00:00 (22.3%)
  2100-Apr-02 19:00:00 (25.1%)
  2100-Apr-13 05:00:00 (28%)
  2100-Apr-23 16:00:00 (30.9%)
  2100-May-04 03:00:00 (33.7%)
  2100-May-14 13:00:00 (36.6%)
  2100-May-25 00:00:00 (39.5%)
  2100-Jun-04 11:00:00 (42.3%)
  2100-Jun-14 21:00:00 (45.2%)
  2100-Jun-25 08:00:00 (48%)
  2100-Jul-05 19:00:00 (50.9%)
  2100-Jul-16 05:00:00 (53.8%)
  2100-Jul-26 16:00:00 (56.6%)
  2100-Aug-06 02:00:00 (59.5%)
  2100-Aug-16 13:00:00 (62.3%)
  2100-Aug-27 00:00:00 (65.2%)
  2100-Sep-06 11:00:00 (68.1%)
  2100-Sep-16 21:00:00 (70.9%)
  2100-Sep-27 07:00:00 (73.8%)
  2100-Oct-07 18:00:00 (76.6%)
  2100-Oct-18 05:00:00 (79.5%)
  2100-Oct-28 16:00:00 (82.4%)
  2100-Nov-08 02:00:00 (85.2%)
  2100-Nov-18 11:00:00 (88.1%)
  2100-Nov-28 22:00:00 (90.9%)
  2100-Dec-09 09:00:00 (93.8%)
  2100-Dec-19 19:00:00 (96.7%)
  2100-Dec-30 06:00:00 (99.5%)
  2100-Dec-31 23:00:00 (100%)
Finished Program: 2014-Nov-18 11:30:39.165042
Elapsed Time: 00:01:10.228057
