instance.yaml
kiva v0.2.0-9-g526928a
Copyright (C) 2012-2014 Big Ladder Software
Web: www.bigladdersoftware.com

Starting Program: 2014-Nov-15 12:22:47.368398
Creating Domain...
  X Cells: 210
  Y Cells: 1
  Z Cells: 113
  Total Cells: 23730
Initializing Temperatures...
  2098-Nov-12 23:00:00
  2099-Jan-06 19:00:00
  2099-Jan-16 08:00:00
  2099-Jan-25 21:00:00
  2099-Feb-04 09:00:00
  2099-Feb-13 22:00:00
  2099-Feb-23 11:00:00
  2099-Mar-04 23:00:00
  2099-Mar-14 12:00:00
  2099-Mar-24 01:00:00
  2099-Apr-02 13:00:00
  2099-Apr-12 02:00:00
  2099-Apr-21 15:00:00
  2099-May-01 04:00:00
  2099-May-10 17:00:00
  2099-May-20 05:00:00
  2099-May-29 18:00:00
  2099-Jun-08 07:00:00
  2099-Jun-17 20:00:00
  2099-Jun-27 09:00:00
  2099-Jul-06 21:00:00
  2099-Jul-16 10:00:00
  2099-Jul-25 23:00:00
  2099-Aug-04 12:00:00
  2099-Aug-14 01:00:00
  2099-Aug-23 13:00:00
  2099-Sep-02 02:00:00
  2099-Sep-11 14:00:00
  2099-Sep-21 03:00:00
  2099-Sep-30 16:00:00
  2099-Oct-10 05:00:00
  2099-Oct-19 19:00:00
  2099-Oct-29 08:00:00
  2099-Nov-07 22:00:00
  2099-Nov-17 11:00:00
  2099-Nov-27 00:00:00
  2099-Dec-06 13:00:00
  2099-Dec-16 03:00:00
  2099-Dec-25 16:00:00
Beginning Simulation...
  2100-Jan-04 04:00:00 (0.9%)
  2100-Jan-13 13:00:00 (3.4%)
  2100-Jan-22 23:00:00 (6%)
  2100-Feb-01 08:00:00 (8.6%)
  2100-Feb-10 17:00:00 (11.2%)
  2100-Feb-20 03:00:00 (13.7%)
  2100-Mar-01 12:00:00 (16.3%)
  2100-Mar-10 22:00:00 (18.9%)
  2100-Mar-20 07:00:00 (21.4%)
  2100-Mar-29 16:00:00 (24%)
  2100-Apr-08 02:00:00 (26.6%)
  2100-Apr-17 11:00:00 (29.2%)
  2100-Apr-26 20:00:00 (31.7%)
  2100-May-06 06:00:00 (34.3%)
  2100-May-15 16:00:00 (36.9%)
  2100-May-25 01:00:00 (39.5%)
  2100-Jun-03 11:00:00 (42%)
  2100-Jun-12 20:00:00 (44.6%)
  2100-Jun-22 06:00:00 (47.2%)
  2100-Jul-01 15:00:00 (49.8%)
  2100-Jul-11 00:00:00 (52.3%)
  2100-Jul-20 10:00:00 (54.9%)
  2100-Jul-29 19:00:00 (57.5%)
  2100-Aug-08 05:00:00 (60.1%)
  2100-Aug-17 14:00:00 (62.6%)
  2100-Aug-27 00:00:00 (65.2%)
  2100-Sep-05 09:00:00 (67.8%)
  2100-Sep-14 19:00:00 (70.4%)
  2100-Sep-24 04:00:00 (72.9%)
  2100-Oct-03 14:00:00 (75.5%)
  2100-Oct-12 22:00:00 (78.1%)
  2100-Oct-22 08:00:00 (80.6%)
  2100-Oct-31 18:00:00 (83.2%)
  2100-Nov-10 03:00:00 (85.8%)
  2100-Nov-19 12:00:00 (88.4%)
  2100-Nov-28 22:00:00 (90.9%)
  2100-Dec-08 07:00:00 (93.5%)
  2100-Dec-17 17:00:00 (96.1%)
  2100-Dec-27 02:00:00 (98.7%)
  2100-Dec-31 23:00:00 (100%)
Finished Program: 2014-Nov-15 12:24:05.521465
Elapsed Time: 00:01:18.153067
