instance.yaml
kiva v0.2.0-21-g785bfe1
Copyright (C) 2012-2014 Big Ladder Software
Web: www.bigladdersoftware.com

Starting Program: 2014-Nov-18 11:08:23.974515
Creating Domain...
  X Cells: 92
  Y Cells: 1
  Z Cells: 113
  Total Cells: 10396
Initializing Temperatures...
  2099-Jan-11 20:00:00
  2099-Feb-03 15:00:00
  2099-Feb-26 11:00:00
  2099-Mar-21 07:00:00
  2099-Apr-13 02:00:00
  2099-May-05 22:00:00
  2099-May-28 18:00:00
  2099-Jun-20 14:00:00
  2099-Jul-13 10:00:00
  2099-Aug-05 06:00:00
  2099-Aug-28 02:00:00
  2099-Sep-19 22:00:00
  2099-Oct-12 18:00:00
  2099-Nov-04 14:00:00
  2099-Nov-27 11:00:00
  2099-Dec-20 07:00:00
Beginning Simulation...
  2100-Jan-11 21:00:00 (3%)
  2100-Feb-03 05:00:00 (9.1%)
  2100-Feb-25 14:00:00 (15.2%)
  2100-Mar-19 22:00:00 (21.3%)
  2100-Apr-11 06:00:00 (27.5%)
  2100-May-03 15:00:00 (33.6%)
  2100-May-25 23:00:00 (39.7%)
  2100-Jun-17 08:00:00 (45.8%)
  2100-Jul-09 16:00:00 (52%)
  2100-Aug-01 01:00:00 (58.1%)
  2100-Aug-23 10:00:00 (64.2%)
  2100-Sep-14 18:00:00 (70.3%)
  2100-Oct-07 03:00:00 (76.5%)
  2100-Oct-29 12:00:00 (82.6%)
  2100-Nov-20 17:00:00 (88.7%)
  2100-Dec-13 02:00:00 (94.8%)
  2100-Dec-31 23:00:00 (100%)
Finished Program: 2014-Nov-18 11:08:56.845165
Elapsed Time: 00:00:32.870650
