instance.yaml
kiva v0.2.0-21-g785bfe1
Copyright (C) 2012-2014 Big Ladder Software
Web: www.bigladdersoftware.com

Starting Program: 2014-Nov-18 11:26:27.434742
Creating Domain...
  X Cells: 106
  Y Cells: 1
  Z Cells: 133
  Total Cells: 14098
Initializing Temperatures...
  2098-Nov-12 23:00:00
  2099-Jan-14 13:00:00
  2099-Feb-01 19:00:00
  2099-Feb-20 00:00:00
  2099-Mar-10 06:00:00
  2099-Mar-28 12:00:00
  2099-Apr-15 18:00:00
  2099-May-04 00:00:00
  2099-May-22 06:00:00
  2099-Jun-09 11:00:00
  2099-Jun-27 17:00:00
  2099-Jul-15 23:00:00
  2099-Aug-03 05:00:00
  2099-Aug-21 11:00:00
  2099-Sep-08 17:00:00
  2099-Sep-26 23:00:00
  2099-Oct-15 05:00:00
  2099-Nov-02 11:00:00
  2099-Nov-20 17:00:00
  2099-Dec-08 23:00:00
  2099-Dec-27 05:00:00
Beginning Simulation...
  2100-Jan-13 10:00:00 (3.4%)
  2100-Jan-30 05:00:00 (8%)
  2100-Feb-16 01:00:00 (12.6%)
  2100-Mar-04 21:00:00 (17.2%)
  2100-Mar-21 16:00:00 (21.8%)
  2100-Apr-07 12:00:00 (26.4%)
  2100-Apr-24 07:00:00 (31%)
  2100-May-11 03:00:00 (35.7%)
  2100-May-27 23:00:00 (40.3%)
  2100-Jun-13 18:00:00 (44.9%)
  2100-Jun-30 12:00:00 (49.5%)
  2100-Jul-17 07:00:00 (54.1%)
  2100-Aug-03 03:00:00 (58.7%)
  2100-Aug-20 00:00:00 (63.3%)
  2100-Sep-05 23:00:00 (67.9%)
  2100-Sep-22 22:00:00 (72.6%)
  2100-Oct-09 21:00:00 (77.2%)
  2100-Oct-26 20:00:00 (81.9%)
  2100-Nov-12 19:00:00 (86.5%)
  2100-Nov-29 19:00:00 (91.2%)
  2100-Dec-16 18:00:00 (95.8%)
  2100-Dec-31 23:00:00 (100%)
Finished Program: 2014-Nov-18 11:27:09.899014
Elapsed Time: 00:00:42.464272
