instance.yaml
kiva v0.2.0-21-g785bfe1
Copyright (C) 2012-2014 Big Ladder Software
Web: www.bigladdersoftware.com

Starting Program: 2014-Nov-18 11:48:27.856186
Creating Domain...
  X Cells: 176
  Y Cells: 1
  Z Cells: 125
  Total Cells: 22000
Initializing Temperatures...
  2099-Jan-03 02:00:00
  2099-Jan-13 18:00:00
  2099-Jan-24 11:00:00
  2099-Feb-04 03:00:00
  2099-Feb-14 20:00:00
  2099-Feb-25 12:00:00
  2099-Mar-08 05:00:00
  2099-Mar-18 21:00:00
  2099-Mar-29 14:00:00
  2099-Apr-09 06:00:00
  2099-Apr-19 23:00:00
  2099-Apr-30 16:00:00
  2099-May-11 08:00:00
  2099-May-22 01:00:00
  2099-Jun-01 17:00:00
  2099-Jun-12 10:00:00
  2099-Jun-23 03:00:00
  2099-Jul-03 20:00:00
  2099-Jul-14 12:00:00
  2099-Jul-25 05:00:00
  2099-Aug-04 21:00:00
  2099-Aug-15 14:00:00
  2099-Aug-26 07:00:00
  2099-Sep-05 23:00:00
  2099-Sep-16 16:00:00
  2099-Sep-27 09:00:00
  2099-Oct-08 02:00:00
  2099-Oct-18 18:00:00
  2099-Oct-29 10:00:00
  2099-Nov-09 03:00:00
  2099-Nov-19 20:00:00
  2099-Nov-30 12:00:00
  2099-Dec-11 05:00:00
  2099-Dec-21 22:00:00
Beginning Simulation...
  2100-Jan-01 13:00:00 (0.1%)
  2100-Jan-11 12:00:00 (2.9%)
  2100-Jan-21 10:00:00 (5.6%)
  2100-Jan-31 09:00:00 (8.3%)
  2100-Feb-10 08:00:00 (11.1%)
  2100-Feb-20 06:00:00 (13.8%)
  2100-Mar-02 05:00:00 (16.5%)
  2100-Mar-12 03:00:00 (19.2%)
  2100-Mar-22 02:00:00 (21.9%)
  2100-Apr-01 00:00:00 (24.7%)
  2100-Apr-10 23:00:00 (27.4%)
  2100-Apr-20 22:00:00 (30.1%)
  2100-Apr-30 20:00:00 (32.8%)
  2100-May-10 19:00:00 (35.6%)
  2100-May-20 17:00:00 (38.3%)
  2100-May-30 16:00:00 (41%)
  2100-Jun-09 14:00:00 (43.7%)
  2100-Jun-19 13:00:00 (46.4%)
  2100-Jun-29 12:00:00 (49.2%)
  2100-Jul-09 11:00:00 (51.9%)
  2100-Jul-19 09:00:00 (54.6%)
  2100-Jul-29 08:00:00 (57.4%)
  2100-Aug-08 07:00:00 (60.1%)
  2100-Aug-18 05:00:00 (62.8%)
  2100-Aug-28 04:00:00 (65.5%)
  2100-Sep-07 03:00:00 (68.3%)
  2100-Sep-17 02:00:00 (71%)
  2100-Sep-27 01:00:00 (73.7%)
  2100-Oct-06 23:00:00 (76.4%)
  2100-Oct-16 22:00:00 (79.2%)
  2100-Oct-26 21:00:00 (81.9%)
  2100-Nov-05 20:00:00 (84.6%)
  2100-Nov-15 18:00:00 (87.3%)
  2100-Nov-25 15:00:00 (90%)
  2100-Dec-05 13:00:00 (92.8%)
  2100-Dec-15 12:00:00 (95.5%)
  2100-Dec-25 11:00:00 (98.2%)
  2100-Dec-31 23:00:00 (100%)
Finished Program: 2014-Nov-18 11:49:39.657787
Elapsed Time: 00:01:11.801601
