instance.yaml
kiva v0.2.0-8-gc565062
Copyright (C) 2012-2014 Big Ladder Software
Web: www.bigladdersoftware.com

Starting Program: 2014-Oct-02 15:17:20.973601
Creating Domain...
  X Cells: 100
  Y Cells: 1
  Z Cells: 279
  Total Cells: 27900
Initializing Temperatures...
Warning: Solution did not converge after 386 iterations.
  The final residual was: 0.00344232
  Solver status: 2
  2098-Oct-22 23:00:00
  2098-Dec-03 23:00:00
  2099-Jan-02 14:00:00
  2099-Jan-09 21:00:00
  2099-Jan-19 00:00:00
  2099-Jan-28 02:00:00
  2099-Feb-06 04:00:00
  2099-Feb-15 07:00:00
  2099-Feb-24 10:00:00
  2099-Mar-05 12:00:00
  2099-Mar-14 15:00:00
  2099-Mar-23 17:00:00
  2099-Apr-01 20:00:00
  2099-Apr-10 23:00:00
  2099-Apr-20 02:00:00
  2099-Apr-29 04:00:00
  2099-May-08 07:00:00
  2099-May-17 15:00:00
  2099-May-26 22:00:00
  2099-Jun-05 06:00:00
  2099-Jun-14 14:00:00
  2099-Jun-23 21:00:00
  2099-Jul-03 05:00:00
  2099-Jul-12 12:00:00
  2099-Jul-21 20:00:00
  2099-Jul-31 04:00:00
  2099-Aug-09 13:00:00
  2099-Aug-19 02:00:00
  2099-Aug-28 16:00:00
  2099-Sep-07 06:00:00
  2099-Sep-16 20:00:00
  2099-Sep-26 10:00:00
  2099-Oct-05 23:00:00
  2099-Oct-15 13:00:00
  2099-Oct-25 03:00:00
  2099-Nov-03 17:00:00
  2099-Nov-13 07:00:00
  2099-Nov-22 20:00:00
  2099-Dec-02 10:00:00
  2099-Dec-12 00:00:00
  2099-Dec-21 14:00:00
  2099-Dec-31 04:00:00
Beginning Simulation...
  2100-Jan-09 15:00:00 (2.4%)
  2100-Jan-19 01:00:00 (4.9%)
  2100-Jan-28 12:00:00 (7.5%)
  2100-Feb-06 23:00:00 (10.1%)
  2100-Feb-16 10:00:00 (12.7%)
  2100-Feb-25 21:00:00 (15.3%)
  2100-Mar-07 08:00:00 (17.9%)
  2100-Mar-16 18:00:00 (20.5%)
  2100-Mar-26 05:00:00 (23.1%)
  2100-Apr-04 15:00:00 (25.7%)
  2100-Apr-14 02:00:00 (28.2%)
  2100-Apr-23 13:00:00 (30.8%)
  2100-May-03 00:00:00 (33.4%)
  2100-May-12 11:00:00 (36%)
  2100-May-21 22:00:00 (38.6%)
  2100-May-31 08:00:00 (41.2%)
  2100-Jun-09 19:00:00 (43.8%)
  2100-Jun-19 06:00:00 (46.4%)
  2100-Jun-28 17:00:00 (49%)
  2100-Jul-08 04:00:00 (51.6%)
  2100-Jul-17 15:00:00 (54.1%)
  2100-Jul-27 01:00:00 (56.7%)
  2100-Aug-05 12:00:00 (59.3%)
  2100-Aug-14 23:00:00 (61.9%)
  2100-Aug-24 10:00:00 (64.5%)
  2100-Sep-02 20:00:00 (67.1%)
  2100-Sep-12 06:00:00 (69.7%)
  2100-Sep-21 17:00:00 (72.2%)
  2100-Oct-01 04:00:00 (74.8%)
  2100-Oct-10 15:00:00 (77.4%)
  2100-Oct-20 02:00:00 (80%)
  2100-Oct-29 12:00:00 (82.6%)
  2100-Nov-07 22:00:00 (85.2%)
  2100-Nov-17 09:00:00 (87.8%)
  2100-Nov-26 19:00:00 (90.4%)
  2100-Dec-06 06:00:00 (92.9%)
  2100-Dec-15 17:00:00 (95.5%)
  2100-Dec-25 04:00:00 (98.1%)
  2100-Dec-31 23:00:00 (100%)
Finished Program: 2014-Oct-02 15:18:41.729445
Elapsed Time: 00:01:20.755844

