instance.yaml
kiva v0.2.0-8-gc565062
Copyright (C) 2012-2014 Big Ladder Software
Web: www.bigladdersoftware.com

Starting Program: 2014-Oct-03 08:56:28.512697
Creating Domain...
  X Cells: 106
  Y Cells: 1
  Z Cells: 279
  Total Cells: 29574
Initializing Temperatures...
Warning: Solution did not converge after 363 iterations.
  The final residual was: 0.00459397
  Solver status: 2
  2098-Oct-01 23:00:00
  2098-Nov-12 23:00:00
  2098-Dec-17 23:00:00
  2099-Jan-04 02:00:00
  2099-Jan-12 15:00:00
  2099-Jan-21 12:00:00
  2099-Jan-30 09:00:00
  2099-Feb-08 06:00:00
  2099-Feb-17 02:00:00
  2099-Feb-25 23:00:00
  2099-Mar-06 20:00:00
  2099-Mar-15 17:00:00
  2099-Mar-24 13:00:00
  2099-Apr-02 10:00:00
  2099-Apr-11 06:00:00
  2099-Apr-20 03:00:00
  2099-Apr-29 00:00:00
  2099-May-07 20:00:00
  2099-May-16 17:00:00
  2099-May-25 14:00:00
  2099-Jun-03 10:00:00
  2099-Jun-12 07:00:00
  2099-Jun-21 04:00:00
  2099-Jun-30 01:00:00
  2099-Jul-08 21:00:00
  2099-Jul-17 18:00:00
  2099-Jul-26 15:00:00
  2099-Aug-04 12:00:00
  2099-Aug-13 08:00:00
  2099-Aug-22 05:00:00
  2099-Aug-31 02:00:00
  2099-Sep-08 23:00:00
  2099-Sep-17 19:00:00
  2099-Sep-26 16:00:00
  2099-Oct-05 13:00:00
  2099-Oct-14 10:00:00
  2099-Oct-23 06:00:00
  2099-Nov-01 03:00:00
  2099-Nov-10 00:00:00
  2099-Nov-18 21:00:00
  2099-Nov-27 18:00:00
  2099-Dec-06 14:00:00
  2099-Dec-15 11:00:00
  2099-Dec-24 08:00:00
Beginning Simulation...
  2100-Jan-02 04:00:00 (0.3%)
  2100-Jan-10 22:00:00 (2.7%)
  2100-Jan-19 16:00:00 (5.1%)
  2100-Jan-28 10:00:00 (7.5%)
  2100-Feb-06 04:00:00 (9.9%)
  2100-Feb-14 22:00:00 (12.3%)
  2100-Feb-23 16:00:00 (14.7%)
  2100-Mar-04 10:00:00 (17.1%)
  2100-Mar-13 04:00:00 (19.5%)
  2100-Mar-21 22:00:00 (21.9%)
  2100-Mar-30 16:00:00 (24.3%)
  2100-Apr-08 09:00:00 (26.7%)
  2100-Apr-17 03:00:00 (29.1%)
  2100-Apr-25 21:00:00 (31.5%)
  2100-May-04 15:00:00 (33.9%)
  2100-May-13 09:00:00 (36.3%)
  2100-May-22 02:00:00 (38.7%)
  2100-May-30 20:00:00 (41.1%)
  2100-Jun-08 14:00:00 (43.4%)
  2100-Jun-17 08:00:00 (45.8%)
  2100-Jun-26 02:00:00 (48.2%)
  2100-Jul-04 20:00:00 (50.6%)
  2100-Jul-13 14:00:00 (53%)
  2100-Jul-22 07:00:00 (55.4%)
  2100-Jul-31 01:00:00 (57.8%)
  2100-Aug-08 19:00:00 (60.2%)
  2100-Aug-17 12:00:00 (62.6%)
  2100-Aug-26 06:00:00 (65%)
  2100-Sep-04 00:00:00 (67.4%)
  2100-Sep-12 18:00:00 (69.8%)
  2100-Sep-21 12:00:00 (72.2%)
  2100-Sep-30 06:00:00 (74.6%)
  2100-Oct-08 23:00:00 (77%)
  2100-Oct-17 17:00:00 (79.4%)
  2100-Oct-26 12:00:00 (81.8%)
  2100-Nov-04 07:00:00 (84.2%)
  2100-Nov-13 02:00:00 (86.6%)
  2100-Nov-21 21:00:00 (89%)
  2100-Nov-30 16:00:00 (91.4%)
  2100-Dec-09 11:00:00 (93.8%)
  2100-Dec-18 06:00:00 (96.2%)
  2100-Dec-27 02:00:00 (98.7%)
  2100-Dec-31 23:00:00 (100%)
Finished Program: 2014-Oct-03 08:57:54.558352
Elapsed Time: 00:01:26.045655

