instance.yaml
kiva v0.2.0-19-ge248292
Copyright (C) 2012-2014 Big Ladder Software
Web: www.bigladdersoftware.com

Starting Program: 2014-Nov-17 08:40:15.403381
Creating Domain...
  X Cells: 88
  Y Cells: 1
  Z Cells: 125
  Total Cells: 11000
Initializing Temperatures...
  2099-Jan-01 11:00:00
  2099-Jan-22 08:00:00
  2099-Feb-12 07:00:00
  2099-Mar-05 06:00:00
  2099-Mar-26 04:00:00
  2099-Apr-16 03:00:00
  2099-May-07 02:00:00
  2099-May-28 01:00:00
  2099-Jun-17 23:00:00
  2099-Jul-08 22:00:00
  2099-Jul-29 21:00:00
  2099-Aug-19 20:00:00
  2099-Sep-09 19:00:00
  2099-Sep-30 17:00:00
  2099-Oct-21 16:00:00
  2099-Nov-11 15:00:00
  2099-Dec-02 14:00:00
  2099-Dec-23 13:00:00
Beginning Simulation...
  2100-Jan-12 13:00:00 (3.2%)
  2100-Jan-31 21:00:00 (8.5%)
  2100-Feb-20 04:00:00 (13.7%)
  2100-Mar-11 12:00:00 (19%)
  2100-Mar-30 20:00:00 (24.3%)
  2100-Apr-19 04:00:00 (29.6%)
  2100-May-08 12:00:00 (34.9%)
  2100-May-27 20:00:00 (40.2%)
  2100-Jun-16 04:00:00 (45.5%)
  2100-Jul-05 12:00:00 (50.8%)
  2100-Jul-24 21:00:00 (56.1%)
  2100-Aug-13 05:00:00 (61.4%)
  2100-Sep-01 11:00:00 (66.7%)
  2100-Sep-20 19:00:00 (72%)
  2100-Oct-10 03:00:00 (77.3%)
  2100-Oct-29 11:00:00 (82.6%)
  2100-Nov-17 19:00:00 (87.9%)
  2100-Dec-07 02:00:00 (93.2%)
  2100-Dec-26 10:00:00 (98.5%)
  2100-Dec-31 23:00:00 (100%)
Finished Program: 2014-Nov-17 08:40:52.288944
Elapsed Time: 00:00:36.885563
