instance.yaml
kiva v0.2.0-20-g4c7c200
Copyright (C) 2012-2014 Big Ladder Software
Web: www.bigladdersoftware.com

Starting Program: 2014-Nov-17 14:09:16.687300
Creating Domain...
  X Cells: 111
  Y Cells: 1
  Z Cells: 127
  Total Cells: 14097
Initializing Temperatures...
  2098-Oct-08 23:00:00
  2099-Jan-11 22:00:00
  2099-Jan-30 10:00:00
  2099-Feb-17 23:00:00
  2099-Mar-08 16:00:00
  2099-Mar-27 08:00:00
  2099-Apr-15 00:00:00
  2099-May-03 17:00:00
  2099-May-22 09:00:00
  2099-Jun-10 02:00:00
  2099-Jun-28 18:00:00
  2099-Jul-17 11:00:00
  2099-Aug-05 03:00:00
  2099-Aug-23 20:00:00
  2099-Sep-11 12:00:00
  2099-Sep-30 04:00:00
  2099-Oct-18 21:00:00
  2099-Nov-06 13:00:00
  2099-Nov-25 06:00:00
  2099-Dec-13 23:00:00
Beginning Simulation...
  2100-Jan-01 14:00:00 (0.2%)
  2100-Jan-18 21:00:00 (4.9%)
  2100-Feb-05 03:00:00 (9.6%)
  2100-Feb-22 10:00:00 (14.4%)
  2100-Mar-11 17:00:00 (19.1%)
  2100-Mar-28 23:00:00 (23.8%)
  2100-Apr-15 05:00:00 (28.6%)
  2100-May-02 12:00:00 (33.3%)
  2100-May-19 19:00:00 (38%)
  2100-Jun-06 03:00:00 (42.8%)
  2100-Jun-23 10:00:00 (47.5%)
  2100-Jul-10 15:00:00 (52.2%)
  2100-Jul-27 22:00:00 (57%)
  2100-Aug-14 05:00:00 (61.7%)
  2100-Aug-31 12:00:00 (66.4%)
  2100-Sep-17 19:00:00 (71.2%)
  2100-Oct-05 03:00:00 (75.9%)
  2100-Oct-22 10:00:00 (80.7%)
  2100-Nov-08 16:00:00 (85.4%)
  2100-Nov-25 23:00:00 (90.1%)
  2100-Dec-13 06:00:00 (94.9%)
  2100-Dec-30 13:00:00 (99.6%)
  2100-Dec-31 23:00:00 (100%)
Finished Program: 2014-Nov-17 14:09:58.082737
Elapsed Time: 00:00:41.395437
