instance.yaml
kiva v0.2.0-9-g526928a
Copyright (C) 2012-2014 Big Ladder Software
Web: www.bigladdersoftware.com

Starting Program: 2014-Oct-19 03:35:34.321202
Creating Domain...
  X Cells: 90
  Y Cells: 1
  Z Cells: 125
  Total Cells: 11250
Initializing Temperatures...
  2098-Nov-05 23:00:00
  2099-Jan-07 04:00:00
  2099-Jan-28 05:00:00
  2099-Feb-20 03:00:00
  2099-Mar-15 02:00:00
  2099-Apr-07 00:00:00
  2099-Apr-29 23:00:00
  2099-May-22 22:00:00
  2099-Jun-14 21:00:00
  2099-Jul-07 20:00:00
  2099-Jul-30 18:00:00
  2099-Aug-22 17:00:00
  2099-Sep-14 16:00:00
  2099-Oct-07 15:00:00
  2099-Oct-30 14:00:00
  2099-Nov-22 13:00:00
  2099-Dec-15 12:00:00
Beginning Simulation...
  2100-Jan-06 23:00:00 (1.6%)
  2100-Jan-28 03:00:00 (7.4%)
  2100-Feb-18 08:00:00 (13.2%)
  2100-Mar-11 13:00:00 (19.1%)
  2100-Apr-01 18:00:00 (24.9%)
  2100-Apr-22 23:00:00 (30.7%)
  2100-May-14 04:00:00 (36.5%)
  2100-Jun-04 09:00:00 (42.3%)
  2100-Jun-25 14:00:00 (48.1%)
  2100-Jul-16 20:00:00 (53.9%)
  2100-Aug-07 01:00:00 (59.7%)
  2100-Aug-28 06:00:00 (65.5%)
  2100-Sep-18 12:00:00 (71.4%)
  2100-Oct-09 17:00:00 (77.2%)
  2100-Oct-30 22:00:00 (83%)
  2100-Nov-21 03:00:00 (88.8%)
  2100-Dec-12 03:00:00 (94.6%)
  2100-Dec-31 23:00:00 (100%)
Finished Program: 2014-Oct-19 03:36:09.936436
Elapsed Time: 00:00:35.615234
