instance.yaml
kiva v0.2.0-9-g526928a
Copyright (C) 2012-2014 Big Ladder Software
Web: www.bigladdersoftware.com

Starting Program: 2014-Nov-15 11:22:44.669768
Creating Domain...
  X Cells: 194
  Y Cells: 1
  Z Cells: 133
  Total Cells: 25802
Initializing Temperatures...
  2098-Oct-01 23:00:00
  2099-Jan-03 02:00:00
  2099-Jan-12 11:00:00
  2099-Jan-21 20:00:00
  2099-Jan-31 05:00:00
  2099-Feb-09 13:00:00
  2099-Feb-18 22:00:00
  2099-Feb-28 07:00:00
  2099-Mar-09 15:00:00
  2099-Mar-19 00:00:00
  2099-Mar-28 09:00:00
  2099-Apr-06 18:00:00
  2099-Apr-16 02:00:00
  2099-Apr-25 11:00:00
  2099-May-04 20:00:00
  2099-May-14 05:00:00
  2099-May-23 14:00:00
  2099-Jun-01 22:00:00
  2099-Jun-11 07:00:00
  2099-Jun-20 16:00:00
  2099-Jun-30 01:00:00
  2099-Jul-09 10:00:00
  2099-Jul-18 18:00:00
  2099-Jul-28 03:00:00
  2099-Aug-06 12:00:00
  2099-Aug-15 21:00:00
  2099-Aug-25 06:00:00
  2099-Sep-03 15:00:00
  2099-Sep-12 23:00:00
  2099-Sep-22 08:00:00
  2099-Oct-01 16:00:00
  2099-Oct-11 01:00:00
  2099-Oct-20 10:00:00
  2099-Oct-29 19:00:00
  2099-Nov-08 04:00:00
  2099-Nov-17 13:00:00
  2099-Nov-26 21:00:00
  2099-Dec-06 06:00:00
  2099-Dec-15 15:00:00
  2099-Dec-25 00:00:00
Beginning Simulation...
  2100-Jan-03 05:00:00 (0.6%)
  2100-Jan-11 21:00:00 (3%)
  2100-Jan-20 14:00:00 (5.4%)
  2100-Jan-29 07:00:00 (7.8%)
  2100-Feb-07 00:00:00 (10.1%)
  2100-Feb-15 17:00:00 (12.5%)
  2100-Feb-24 09:00:00 (14.9%)
  2100-Mar-05 02:00:00 (17.3%)
  2100-Mar-13 19:00:00 (19.7%)
  2100-Mar-22 12:00:00 (22.1%)
  2100-Mar-31 04:00:00 (24.4%)
  2100-Apr-08 21:00:00 (26.8%)
  2100-Apr-17 14:00:00 (29.2%)
  2100-Apr-26 07:00:00 (31.6%)
  2100-May-04 23:00:00 (34%)
  2100-May-13 16:00:00 (36.3%)
  2100-May-22 09:00:00 (38.7%)
  2100-May-31 02:00:00 (41.1%)
  2100-Jun-08 19:00:00 (43.5%)
  2100-Jun-17 12:00:00 (45.9%)
  2100-Jun-26 04:00:00 (48.3%)
  2100-Jul-04 21:00:00 (50.7%)
  2100-Jul-13 14:00:00 (53%)
  2100-Jul-22 06:00:00 (55.4%)
  2100-Jul-30 23:00:00 (57.8%)
  2100-Aug-08 16:00:00 (60.2%)
  2100-Aug-17 09:00:00 (62.6%)
  2100-Aug-26 02:00:00 (65%)
  2100-Sep-03 19:00:00 (67.3%)
  2100-Sep-12 11:00:00 (69.7%)
  2100-Sep-21 04:00:00 (72.1%)
  2100-Sep-29 21:00:00 (74.5%)
  2100-Oct-08 13:00:00 (76.9%)
  2100-Oct-17 06:00:00 (79.2%)
  2100-Oct-25 21:00:00 (81.6%)
  2100-Nov-03 14:00:00 (84%)
  2100-Nov-12 06:00:00 (86.4%)
  2100-Nov-20 23:00:00 (88.8%)
  2100-Nov-29 16:00:00 (91.1%)
  2100-Dec-08 09:00:00 (93.5%)
  2100-Dec-17 02:00:00 (95.9%)
  2100-Dec-25 18:00:00 (98.3%)
  2100-Dec-31 23:00:00 (100%)
Finished Program: 2014-Nov-15 11:24:06.714861
Elapsed Time: 00:01:22.045093
