instance.yaml
kiva v0.2.0-19-ge248292
Copyright (C) 2012-2014 Big Ladder Software
Web: www.bigladdersoftware.com

Starting Program: 2014-Nov-17 08:42:17.873004
Creating Domain...
  X Cells: 101
  Y Cells: 1
  Z Cells: 125
  Total Cells: 12625
Initializing Temperatures...
  2099-Jan-11 08:00:00
  2099-Jan-30 22:00:00
  2099-Feb-19 13:00:00
  2099-Mar-11 04:00:00
  2099-Mar-30 18:00:00
  2099-Apr-19 09:00:00
  2099-May-09 00:00:00
  2099-May-28 15:00:00
  2099-Jun-17 06:00:00
  2099-Jul-06 21:00:00
  2099-Jul-26 12:00:00
  2099-Aug-15 03:00:00
  2099-Sep-03 19:00:00
  2099-Sep-23 10:00:00
  2099-Oct-13 01:00:00
  2099-Nov-01 16:00:00
  2099-Nov-21 07:00:00
  2099-Dec-10 22:00:00
  2099-Dec-30 13:00:00
Beginning Simulation...
  2100-Jan-17 19:00:00 (4.6%)
  2100-Feb-04 23:00:00 (9.6%)
  2100-Feb-23 02:00:00 (14.5%)
  2100-Mar-13 06:00:00 (19.5%)
  2100-Mar-31 10:00:00 (24.5%)
  2100-Apr-18 14:00:00 (29.5%)
  2100-May-06 17:00:00 (34.4%)
  2100-May-24 20:00:00 (39.4%)
  2100-Jun-12 00:00:00 (44.4%)
  2100-Jun-30 04:00:00 (49.4%)
  2100-Jul-18 09:00:00 (54.3%)
  2100-Aug-05 10:00:00 (59.3%)
  2100-Aug-23 14:00:00 (64.3%)
  2100-Sep-10 18:00:00 (69.2%)
  2100-Sep-28 22:00:00 (74.2%)
  2100-Oct-17 02:00:00 (79.2%)
  2100-Nov-04 06:00:00 (84.2%)
  2100-Nov-22 10:00:00 (89.2%)
  2100-Dec-10 14:00:00 (94.1%)
  2100-Dec-28 18:00:00 (99.1%)
  2100-Dec-31 23:00:00 (100%)
Finished Program: 2014-Nov-17 08:42:57.178279
Elapsed Time: 00:00:39.305275
