instance.yaml
kiva v0.2.0-19-ge248292
Copyright (C) 2012-2014 Big Ladder Software
Web: www.bigladdersoftware.com

Starting Program: 2014-Nov-17 08:41:17.132997
Creating Domain...
  X Cells: 61
  Y Cells: 1
  Z Cells: 93
  Total Cells: 5673
Initializing Temperatures...
  2099-Jan-18 19:00:00
  2099-Feb-24 01:00:00
  2099-Apr-01 08:00:00
  2099-May-07 15:00:00
  2099-Jun-12 21:00:00
  2099-Jul-19 04:00:00
  2099-Aug-24 11:00:00
  2099-Sep-29 18:00:00
  2099-Nov-05 01:00:00
  2099-Dec-11 07:00:00
Beginning Simulation...
  2100-Jan-16 09:00:00 (4.2%)
  2100-Feb-21 01:00:00 (14%)
  2100-Mar-28 18:00:00 (23.8%)
  2100-May-03 11:00:00 (33.6%)
  2100-Jun-08 04:00:00 (43.3%)
  2100-Jul-13 21:00:00 (53.1%)
  2100-Aug-18 14:00:00 (62.9%)
  2100-Sep-23 07:00:00 (72.7%)
  2100-Oct-29 00:00:00 (82.5%)
  2100-Dec-03 17:00:00 (92.2%)
  2100-Dec-31 23:00:00 (100%)
Finished Program: 2014-Nov-17 08:41:37.790901
Elapsed Time: 00:00:20.657904
