instance.yaml
kiva v0.2.0-21-g785bfe1
Copyright (C) 2012-2014 Big Ladder Software
Web: www.bigladdersoftware.com

Starting Program: 2014-Nov-18 11:08:24.121781
Creating Domain...
  X Cells: 220
  Y Cells: 1
  Z Cells: 96
  Total Cells: 21120
Initializing Temperatures...
  2098-Dec-31 23:00:00
  2099-Jan-11 01:00:00
  2099-Jan-21 05:00:00
  2099-Jan-31 09:00:00
  2099-Feb-10 13:00:00
  2099-Feb-20 17:00:00
  2099-Mar-02 21:00:00
  2099-Mar-13 01:00:00
  2099-Mar-23 05:00:00
  2099-Apr-02 08:00:00
  2099-Apr-12 12:00:00
  2099-Apr-22 16:00:00
  2099-May-02 21:00:00
  2099-May-13 01:00:00
  2099-May-23 05:00:00
  2099-Jun-02 09:00:00
  2099-Jun-12 13:00:00
  2099-Jun-22 17:00:00
  2099-Jul-02 21:00:00
  2099-Jul-13 01:00:00
  2099-Jul-23 05:00:00
  2099-Aug-02 09:00:00
  2099-Aug-11 22:00:00
  2099-Aug-22 02:00:00
  2099-Sep-01 06:00:00
  2099-Sep-11 10:00:00
  2099-Sep-21 14:00:00
  2099-Oct-01 18:00:00
  2099-Oct-11 22:00:00
  2099-Oct-22 02:00:00
  2099-Nov-01 06:00:00
  2099-Nov-11 10:00:00
  2099-Nov-21 14:00:00
  2099-Dec-01 18:00:00
  2099-Dec-11 22:00:00
  2099-Dec-22 02:00:00
Beginning Simulation...
  2100-Jan-01 06:00:00 (0.1%)
  2100-Jan-11 05:00:00 (2.8%)
  2100-Jan-21 04:00:00 (5.5%)
  2100-Jan-31 03:00:00 (8.3%)
  2100-Feb-10 02:00:00 (11%)
  2100-Feb-20 00:00:00 (13.7%)
  2100-Mar-01 23:00:00 (16.4%)
  2100-Mar-11 22:00:00 (19.2%)
  2100-Mar-21 21:00:00 (21.9%)
  2100-Mar-31 19:00:00 (24.6%)
  2100-Apr-10 18:00:00 (27.3%)
  2100-Apr-20 17:00:00 (30.1%)
  2100-Apr-30 16:00:00 (32.8%)
  2100-May-10 15:00:00 (35.5%)
  2100-May-20 14:00:00 (38.2%)
  2100-May-30 13:00:00 (41%)
  2100-Jun-09 12:00:00 (43.7%)
  2100-Jun-19 11:00:00 (46.4%)
  2100-Jun-29 10:00:00 (49.2%)
  2100-Jul-09 08:00:00 (51.9%)
  2100-Jul-19 07:00:00 (54.6%)
  2100-Jul-29 06:00:00 (57.3%)
  2100-Aug-08 05:00:00 (60.1%)
  2100-Aug-18 04:00:00 (62.8%)
  2100-Aug-28 03:00:00 (65.5%)
  2100-Sep-07 02:00:00 (68.2%)
  2100-Sep-17 01:00:00 (71%)
  2100-Sep-26 23:00:00 (73.7%)
  2100-Oct-06 22:00:00 (76.4%)
  2100-Oct-16 21:00:00 (79.1%)
  2100-Oct-26 20:00:00 (81.9%)
  2100-Nov-05 19:00:00 (84.6%)
  2100-Nov-15 18:00:00 (87.3%)
  2100-Nov-25 17:00:00 (90.1%)
  2100-Dec-05 15:00:00 (92.8%)
  2100-Dec-15 15:00:00 (95.5%)
  2100-Dec-25 15:00:00 (98.3%)
  2100-Dec-31 23:00:00 (100%)
Finished Program: 2014-Nov-18 11:09:37.632814
Elapsed Time: 00:01:13.511033
