instance.yaml
kiva v0.2.0-20-g4c7c200
Copyright (C) 2012-2014 Big Ladder Software
Web: www.bigladdersoftware.com

Starting Program: 2014-Nov-17 14:13:20.294990
Creating Domain...
  X Cells: 102
  Y Cells: 1
  Z Cells: 103
  Total Cells: 10506
Initializing Temperatures...
  2099-Jan-02 23:00:00
  2099-Jan-24 00:00:00
  2099-Feb-14 01:00:00
  2099-Mar-07 02:00:00
  2099-Mar-28 03:00:00
  2099-Apr-18 04:00:00
  2099-May-09 06:00:00
  2099-May-30 07:00:00
  2099-Jun-20 07:00:00
  2099-Jul-11 08:00:00
  2099-Aug-01 09:00:00
  2099-Aug-22 10:00:00
  2099-Sep-12 11:00:00
  2099-Oct-03 13:00:00
  2099-Oct-24 14:00:00
  2099-Nov-14 15:00:00
  2099-Dec-05 16:00:00
  2099-Dec-26 17:00:00
Beginning Simulation...
  2100-Jan-16 13:00:00 (4.3%)
  2100-Feb-06 06:00:00 (9.9%)
  2100-Feb-26 23:00:00 (15.6%)
  2100-Mar-19 16:00:00 (21.3%)
  2100-Apr-09 09:00:00 (27%)
  2100-Apr-30 02:00:00 (32.6%)
  2100-May-20 19:00:00 (38.3%)
  2100-Jun-10 12:00:00 (44%)
  2100-Jul-01 05:00:00 (49.6%)
  2100-Jul-21 22:00:00 (55.3%)
  2100-Aug-11 15:00:00 (61%)
  2100-Sep-01 08:00:00 (66.7%)
  2100-Sep-22 01:00:00 (72.3%)
  2100-Oct-12 18:00:00 (78%)
  2100-Nov-02 11:00:00 (83.7%)
  2100-Nov-23 05:00:00 (89.4%)
  2100-Dec-13 18:00:00 (95%)
  2100-Dec-31 23:00:00 (100%)
Finished Program: 2014-Nov-17 14:13:55.879538
Elapsed Time: 00:00:35.584548
