instance.yaml
kiva v0.2.0-9-g526928a
Copyright (C) 2012-2014 Big Ladder Software
Web: www.bigladdersoftware.com

Starting Program: 2014-Nov-15 11:23:42.508723
Creating Domain...
  X Cells: 243
  Y Cells: 1
  Z Cells: 96
  Total Cells: 23328
Initializing Temperatures...
  2098-Oct-29 23:00:00
  2099-Jan-06 00:00:00
  2099-Jan-15 13:00:00
  2099-Jan-25 01:00:00
  2099-Feb-03 14:00:00
  2099-Feb-13 02:00:00
  2099-Feb-22 15:00:00
  2099-Mar-04 03:00:00
  2099-Mar-13 15:00:00
  2099-Mar-23 04:00:00
  2099-Apr-01 16:00:00
  2099-Apr-11 05:00:00
  2099-Apr-20 17:00:00
  2099-Apr-30 06:00:00
  2099-May-09 18:00:00
  2099-May-19 07:00:00
  2099-May-28 20:00:00
  2099-Jun-07 08:00:00
  2099-Jun-16 20:00:00
  2099-Jun-26 08:00:00
  2099-Jul-05 21:00:00
  2099-Jul-15 10:00:00
  2099-Jul-24 22:00:00
  2099-Aug-03 10:00:00
  2099-Aug-12 23:00:00
  2099-Aug-22 11:00:00
  2099-Aug-31 23:00:00
  2099-Sep-10 12:00:00
  2099-Sep-20 00:00:00
  2099-Sep-29 13:00:00
  2099-Oct-09 01:00:00
  2099-Oct-18 14:00:00
  2099-Oct-28 02:00:00
  2099-Nov-06 15:00:00
  2099-Nov-16 03:00:00
  2099-Nov-25 16:00:00
  2099-Dec-05 04:00:00
  2099-Dec-14 17:00:00
  2099-Dec-24 05:00:00
Beginning Simulation...
  2100-Jan-02 17:00:00 (0.5%)
  2100-Jan-11 23:00:00 (3%)
  2100-Jan-21 06:00:00 (5.5%)
  2100-Jan-30 13:00:00 (8.1%)
  2100-Feb-08 19:00:00 (10.6%)
  2100-Feb-18 02:00:00 (13.2%)
  2100-Feb-27 09:00:00 (15.7%)
  2100-Mar-08 15:00:00 (18.3%)
  2100-Mar-17 22:00:00 (20.8%)
  2100-Mar-27 04:00:00 (23.3%)
  2100-Apr-05 11:00:00 (25.9%)
  2100-Apr-14 18:00:00 (28.4%)
  2100-Apr-24 01:00:00 (31%)
  2100-May-03 07:00:00 (33.5%)
  2100-May-12 14:00:00 (36.1%)
  2100-May-21 21:00:00 (38.6%)
  2100-May-31 04:00:00 (41.1%)
  2100-Jun-09 11:00:00 (43.7%)
  2100-Jun-18 17:00:00 (46.2%)
  2100-Jun-28 00:00:00 (48.8%)
  2100-Jul-07 07:00:00 (51.3%)
  2100-Jul-16 14:00:00 (53.9%)
  2100-Jul-25 20:00:00 (56.4%)
  2100-Aug-04 02:00:00 (58.9%)
  2100-Aug-13 09:00:00 (61.5%)
  2100-Aug-22 15:00:00 (64%)
  2100-Aug-31 22:00:00 (66.6%)
  2100-Sep-10 05:00:00 (69.1%)
  2100-Sep-19 11:00:00 (71.6%)
  2100-Sep-28 18:00:00 (74.2%)
  2100-Oct-08 01:00:00 (76.7%)
  2100-Oct-15 03:00:00 (78.7%)
  2100-Oct-24 08:00:00 (81.2%)
  2100-Nov-02 15:00:00 (83.7%)
  2100-Nov-11 22:00:00 (86.3%)
  2100-Nov-21 05:00:00 (88.8%)
  2100-Nov-30 11:00:00 (91.4%)
  2100-Dec-09 18:00:00 (93.9%)
  2100-Dec-19 01:00:00 (96.4%)
  2100-Dec-28 07:00:00 (99%)
  2100-Dec-31 23:00:00 (100%)
Finished Program: 2014-Nov-15 11:25:01.395491
Elapsed Time: 00:01:18.886768
