instance.yaml
kiva v0.2.0-20-g4c7c200
Copyright (C) 2012-2014 Big Ladder Software
Web: www.bigladdersoftware.com

Starting Program: 2014-Nov-17 14:17:18.501660
Creating Domain...
  X Cells: 135
  Y Cells: 1
  Z Cells: 127
  Total Cells: 17145
Initializing Temperatures...
  2098-Nov-12 23:00:00
  2099-Jan-11 20:00:00
  2099-Jan-26 14:00:00
  2099-Feb-10 09:00:00
  2099-Feb-25 04:00:00
  2099-Mar-11 23:00:00
  2099-Mar-26 18:00:00
  2099-Apr-10 12:00:00
  2099-Apr-25 07:00:00
  2099-May-10 02:00:00
  2099-May-24 21:00:00
  2099-Jun-08 16:00:00
  2099-Jun-23 11:00:00
  2099-Jul-08 06:00:00
  2099-Jul-23 01:00:00
  2099-Aug-06 20:00:00
  2099-Aug-21 14:00:00
  2099-Sep-05 09:00:00
  2099-Sep-20 06:00:00
  2099-Oct-05 05:00:00
  2099-Oct-20 04:00:00
  2099-Nov-04 02:00:00
  2099-Nov-19 01:00:00
  2099-Dec-04 00:00:00
  2099-Dec-18 23:00:00
Beginning Simulation...
  2100-Jan-02 18:00:00 (0.5%)
  2100-Jan-16 17:00:00 (4.3%)
  2100-Jan-30 16:00:00 (8.1%)
  2100-Feb-13 17:00:00 (12%)
  2100-Feb-27 21:00:00 (15.9%)
  2100-Mar-14 00:00:00 (19.7%)
  2100-Mar-28 03:00:00 (23.6%)
  2100-Apr-11 06:00:00 (27.5%)
  2100-Apr-25 09:00:00 (31.3%)
  2100-May-09 12:00:00 (35.2%)
  2100-May-23 16:00:00 (39.1%)
  2100-Jun-06 19:00:00 (43%)
  2100-Jun-20 23:00:00 (46.8%)
  2100-Jul-05 02:00:00 (50.7%)
  2100-Jul-19 05:00:00 (54.6%)
  2100-Aug-02 07:00:00 (58.4%)
  2100-Aug-16 10:00:00 (62.3%)
  2100-Aug-30 13:00:00 (66.2%)
  2100-Sep-13 17:00:00 (70.1%)
  2100-Sep-27 20:00:00 (73.9%)
  2100-Oct-11 23:00:00 (77.8%)
  2100-Oct-26 03:00:00 (81.7%)
  2100-Nov-09 06:00:00 (85.5%)
  2100-Nov-23 10:00:00 (89.4%)
  2100-Dec-07 13:00:00 (93.3%)
  2100-Dec-21 16:00:00 (97.2%)
  2100-Dec-31 23:00:00 (100%)
Finished Program: 2014-Nov-17 14:18:09.728370
Elapsed Time: 00:00:51.226710
