instance.yaml
kiva v0.2.0-21-g785bfe1
Copyright (C) 2012-2014 Big Ladder Software
Web: www.bigladdersoftware.com

Starting Program: 2014-Nov-18 11:26:24.806956
Creating Domain...
  X Cells: 180
  Y Cells: 1
  Z Cells: 158
  Total Cells: 28440
Initializing Temperatures...
  2099-Jan-01 09:00:00
  2099-Jan-09 07:00:00
  2099-Jan-17 06:00:00
  2099-Jan-25 03:00:00
  2099-Feb-02 01:00:00
  2099-Feb-10 00:00:00
  2099-Feb-17 23:00:00
  2099-Feb-25 21:00:00
  2099-Mar-05 20:00:00
  2099-Mar-13 19:00:00
  2099-Mar-21 17:00:00
  2099-Mar-29 16:00:00
  2099-Apr-06 14:00:00
  2099-Apr-14 13:00:00
  2099-Apr-22 12:00:00
  2099-Apr-30 11:00:00
  2099-May-08 10:00:00
  2099-May-16 09:00:00
  2099-May-24 08:00:00
  2099-Jun-01 07:00:00
  2099-Jun-09 06:00:00
  2099-Jun-17 05:00:00
  2099-Jun-25 04:00:00
  2099-Jul-03 03:00:00
  2099-Jul-11 02:00:00
  2099-Jul-19 01:00:00
  2099-Jul-27 00:00:00
  2099-Aug-03 23:00:00
  2099-Aug-11 22:00:00
  2099-Aug-19 21:00:00
  2099-Aug-27 20:00:00
  2099-Sep-04 19:00:00
  2099-Sep-12 18:00:00
  2099-Sep-20 17:00:00
  2099-Sep-28 16:00:00
  2099-Oct-06 15:00:00
  2099-Oct-14 14:00:00
  2099-Oct-22 13:00:00
  2099-Oct-30 12:00:00
  2099-Nov-07 11:00:00
  2099-Nov-15 10:00:00
  2099-Nov-23 08:00:00
  2099-Dec-01 07:00:00
  2099-Dec-09 06:00:00
  2099-Dec-17 05:00:00
  2099-Dec-25 04:00:00
Beginning Simulation...
  2100-Jan-02 01:00:00 (0.3%)
  2100-Jan-09 07:00:00 (2.3%)
  2100-Jan-16 12:00:00 (4.2%)
  2100-Jan-23 19:00:00 (6.2%)
  2100-Jan-31 01:00:00 (8.2%)
  2100-Feb-07 08:00:00 (10.2%)
  2100-Feb-14 14:00:00 (12.2%)
  2100-Feb-21 21:00:00 (14.2%)
  2100-Feb-28 23:00:00 (16.2%)
  2100-Mar-07 11:00:00 (17.9%)
  2100-Mar-14 03:00:00 (19.8%)
  2100-Mar-21 08:00:00 (21.7%)
  2100-Mar-28 11:00:00 (23.7%)
  2100-Apr-04 13:00:00 (25.6%)
  2100-Apr-11 19:00:00 (27.6%)
  2100-Apr-19 02:00:00 (29.6%)
  2100-Apr-26 09:00:00 (31.6%)
  2100-May-03 15:00:00 (33.6%)
  2100-May-10 22:00:00 (35.6%)
  2100-May-18 05:00:00 (37.6%)
  2100-May-25 12:00:00 (39.6%)
  2100-Jun-01 19:00:00 (41.6%)
  2100-Jun-09 01:00:00 (43.6%)
  2100-Jun-16 08:00:00 (45.6%)
  2100-Jun-23 15:00:00 (47.6%)
  2100-Jun-30 22:00:00 (49.6%)
  2100-Jul-08 04:00:00 (51.6%)
  2100-Jul-15 11:00:00 (53.6%)
  2100-Jul-22 18:00:00 (55.5%)
  2100-Jul-30 00:00:00 (57.5%)
  2100-Aug-06 07:00:00 (59.5%)
  2100-Aug-13 14:00:00 (61.5%)
  2100-Aug-20 21:00:00 (63.5%)
  2100-Aug-28 02:00:00 (65.5%)
  2100-Sep-04 09:00:00 (67.5%)
  2100-Sep-11 16:00:00 (69.5%)
  2100-Sep-18 23:00:00 (71.5%)
  2100-Sep-26 06:00:00 (73.5%)
  2100-Oct-03 13:00:00 (75.5%)
  2100-Oct-10 20:00:00 (77.5%)
  2100-Oct-18 02:00:00 (79.5%)
  2100-Oct-25 09:00:00 (81.5%)
  2100-Nov-01 09:00:00 (83.4%)
  2100-Nov-08 16:00:00 (85.4%)
  2100-Nov-15 22:00:00 (87.4%)
  2100-Nov-23 05:00:00 (89.4%)
  2100-Nov-30 12:00:00 (91.4%)
  2100-Dec-07 17:00:00 (93.3%)
  2100-Dec-15 00:00:00 (95.3%)
  2100-Dec-22 06:00:00 (97.3%)
  2100-Dec-29 13:00:00 (99.3%)
  2100-Dec-31 23:00:00 (100%)
Finished Program: 2014-Nov-18 11:28:02.336070
Elapsed Time: 00:01:37.529114
