instance.yaml
kiva v0.2.0-21-g785bfe1
Copyright (C) 2012-2014 Big Ladder Software
Web: www.bigladdersoftware.com

Starting Program: 2014-Nov-18 11:04:23.947117
Creating Domain...
  X Cells: 186
  Y Cells: 1
  Z Cells: 133
  Total Cells: 24738
Initializing Temperatures...
Warning: Solution did not converge after 345 iterations.
  The final residual was: 0.00112839
  Solver status: 2
  2098-Dec-31 23:00:00
  2099-Jan-10 04:00:00
  2099-Jan-19 10:00:00
  2099-Jan-28 17:00:00
  2099-Feb-07 00:00:00
  2099-Feb-16 06:00:00
  2099-Feb-25 13:00:00
  2099-Mar-06 19:00:00
  2099-Mar-16 02:00:00
  2099-Mar-25 09:00:00
  2099-Apr-03 15:00:00
  2099-Apr-12 22:00:00
  2099-Apr-22 04:00:00
  2099-May-01 11:00:00
  2099-May-10 18:00:00
  2099-May-20 00:00:00
  2099-May-29 07:00:00
  2099-Jun-07 14:00:00
  2099-Jun-16 20:00:00
  2099-Jun-26 03:00:00
  2099-Jul-05 10:00:00
  2099-Jul-14 16:00:00
  2099-Jul-23 23:00:00
  2099-Aug-02 06:00:00
  2099-Aug-11 12:00:00
  2099-Aug-20 19:00:00
  2099-Aug-30 02:00:00
  2099-Sep-08 09:00:00
  2099-Sep-17 15:00:00
  2099-Sep-26 22:00:00
  2099-Oct-06 05:00:00
  2099-Oct-15 12:00:00
  2099-Oct-24 18:00:00
  2099-Nov-03 01:00:00
  2099-Nov-12 07:00:00
  2099-Nov-21 14:00:00
  2099-Nov-30 20:00:00
  2099-Dec-10 03:00:00
  2099-Dec-19 09:00:00
  2099-Dec-28 16:00:00
Beginning Simulation...
  2100-Jan-06 13:00:00 (1.5%)
  2100-Jan-15 04:00:00 (3.9%)
  2100-Jan-23 19:00:00 (6.2%)
  2100-Feb-01 11:00:00 (8.6%)
  2100-Feb-10 02:00:00 (11%)
  2100-Feb-18 17:00:00 (13.3%)
  2100-Feb-27 09:00:00 (15.7%)
  2100-Mar-08 00:00:00 (18.1%)
  2100-Mar-16 15:00:00 (20.4%)
  2100-Mar-25 06:00:00 (22.8%)
  2100-Apr-02 21:00:00 (25.2%)
  2100-Apr-11 13:00:00 (27.5%)
  2100-Apr-20 04:00:00 (29.9%)
  2100-Apr-28 19:00:00 (32.3%)
  2100-May-07 10:00:00 (34.6%)
  2100-May-16 02:00:00 (37%)
  2100-May-24 17:00:00 (39.4%)
  2100-Jun-02 08:00:00 (41.7%)
  2100-Jun-11 00:00:00 (44.1%)
  2100-Jun-19 15:00:00 (46.5%)
  2100-Jun-28 06:00:00 (48.8%)
  2100-Jul-06 22:00:00 (51.2%)
  2100-Jul-15 13:00:00 (53.6%)
  2100-Jul-24 04:00:00 (55.9%)
  2100-Aug-01 20:00:00 (58.3%)
  2100-Aug-10 11:00:00 (60.7%)
  2100-Aug-19 03:00:00 (63%)
  2100-Aug-27 18:00:00 (65.4%)
  2100-Sep-05 10:00:00 (67.8%)
  2100-Sep-14 01:00:00 (70.1%)
  2100-Sep-22 16:00:00 (72.5%)
  2100-Oct-01 07:00:00 (74.9%)
  2100-Oct-09 22:00:00 (77.2%)
  2100-Oct-18 13:00:00 (79.6%)
  2100-Oct-27 05:00:00 (82%)
  2100-Nov-04 20:00:00 (84.3%)
  2100-Nov-13 12:00:00 (86.7%)
  2100-Nov-22 03:00:00 (89.1%)
  2100-Nov-30 18:00:00 (91.4%)
  2100-Dec-09 09:00:00 (93.8%)
  2100-Dec-18 00:00:00 (96.2%)
  2100-Dec-26 15:00:00 (98.5%)
  2100-Dec-31 23:00:00 (100%)
Finished Program: 2014-Nov-18 11:05:46.617589
Elapsed Time: 00:01:22.670472
