instance.yaml
kiva v0.2.0-22-gd89b213
Copyright (C) 2012-2014 Big Ladder Software
Web: www.bigladdersoftware.com

Starting Program: 2014-Nov-19 10:39:45.767398
Creating Domain...
  X Cells: 204
  Y Cells: 1
  Z Cells: 96
  Total Cells: 19584
Initializing Temperatures...
  2098-Oct-01 23:00:00
  2099-Jan-05 04:00:00
  2099-Jan-16 09:00:00
  2099-Jan-27 15:00:00
  2099-Feb-07 20:00:00
  2099-Feb-19 02:00:00
  2099-Mar-02 07:00:00
  2099-Mar-13 12:00:00
  2099-Mar-24 18:00:00
  2099-Apr-04 23:00:00
  2099-Apr-16 05:00:00
  2099-Apr-27 10:00:00
  2099-May-08 16:00:00
  2099-May-19 22:00:00
  2099-May-31 03:00:00
  2099-Jun-11 09:00:00
  2099-Jun-22 14:00:00
  2099-Jul-03 20:00:00
  2099-Jul-15 01:00:00
  2099-Jul-26 07:00:00
  2099-Aug-06 12:00:00
  2099-Aug-17 18:00:00
  2099-Aug-28 23:00:00
  2099-Sep-09 05:00:00
  2099-Sep-20 11:00:00
  2099-Oct-01 16:00:00
  2099-Oct-12 22:00:00
  2099-Oct-24 04:00:00
  2099-Nov-04 09:00:00
  2099-Nov-15 15:00:00
  2099-Nov-26 20:00:00
  2099-Dec-08 02:00:00
  2099-Dec-19 07:00:00
  2099-Dec-30 13:00:00
Beginning Simulation...
  2100-Jan-10 15:00:00 (2.6%)
  2100-Jan-21 17:00:00 (5.7%)
  2100-Feb-01 18:00:00 (8.7%)
  2100-Feb-12 19:00:00 (11.7%)
  2100-Feb-23 21:00:00 (14.8%)
  2100-Mar-06 22:00:00 (17.8%)
  2100-Mar-18 00:00:00 (20.8%)
  2100-Mar-29 01:00:00 (23.8%)
  2100-Apr-09 03:00:00 (26.9%)
  2100-Apr-20 03:00:00 (29.9%)
  2100-May-01 05:00:00 (32.9%)
  2100-May-12 06:00:00 (36%)
  2100-May-23 08:00:00 (39%)
  2100-Jun-03 10:00:00 (42%)
  2100-Jun-14 12:00:00 (45.1%)
  2100-Jun-25 13:00:00 (48.1%)
  2100-Jul-06 15:00:00 (51.1%)
  2100-Jul-17 17:00:00 (54.2%)
  2100-Jul-28 18:00:00 (57.2%)
  2100-Aug-08 20:00:00 (60.2%)
  2100-Aug-19 22:00:00 (63.3%)
  2100-Aug-30 23:00:00 (66.3%)
  2100-Sep-11 01:00:00 (69.3%)
  2100-Sep-22 03:00:00 (72.4%)
  2100-Oct-03 04:00:00 (75.4%)
  2100-Oct-14 06:00:00 (78.4%)
  2100-Oct-25 08:00:00 (81.5%)
  2100-Nov-05 10:00:00 (84.5%)
  2100-Nov-16 11:00:00 (87.5%)
  2100-Nov-27 13:00:00 (90.6%)
  2100-Dec-08 14:00:00 (93.6%)
  2100-Dec-19 16:00:00 (96.6%)
  2100-Dec-30 17:00:00 (99.6%)
  2100-Dec-31 23:00:00 (100%)
Finished Program: 2014-Nov-19 10:40:52.113801
Elapsed Time: 00:01:06.346403
