instance.yaml
kiva v0.2.0-21-g785bfe1
Copyright (C) 2012-2014 Big Ladder Software
Web: www.bigladdersoftware.com

Starting Program: 2014-Nov-18 11:12:24.247682
Creating Domain...
  X Cells: 179
  Y Cells: 1
  Z Cells: 125
  Total Cells: 22375
Initializing Temperatures...
  2098-Dec-03 23:00:00
  2099-Jan-09 08:00:00
  2099-Jan-19 14:00:00
  2099-Jan-29 21:00:00
  2099-Feb-09 03:00:00
  2099-Feb-19 10:00:00
  2099-Mar-01 16:00:00
  2099-Mar-11 23:00:00
  2099-Mar-22 06:00:00
  2099-Apr-01 12:00:00
  2099-Apr-11 19:00:00
  2099-Apr-22 02:00:00
  2099-May-02 08:00:00
  2099-May-12 15:00:00
  2099-May-22 22:00:00
  2099-Jun-02 04:00:00
  2099-Jun-12 11:00:00
  2099-Jun-22 18:00:00
  2099-Jul-03 00:00:00
  2099-Jul-13 07:00:00
  2099-Jul-23 14:00:00
  2099-Aug-02 19:00:00
  2099-Aug-13 01:00:00
  2099-Aug-23 08:00:00
  2099-Sep-02 14:00:00
  2099-Sep-12 21:00:00
  2099-Sep-23 03:00:00
  2099-Oct-03 10:00:00
  2099-Oct-13 16:00:00
  2099-Oct-23 23:00:00
  2099-Nov-03 05:00:00
  2099-Nov-13 12:00:00
  2099-Nov-23 18:00:00
  2099-Dec-04 00:00:00
  2099-Dec-14 07:00:00
  2099-Dec-24 13:00:00
Beginning Simulation...
  2100-Jan-03 15:00:00 (0.7%)
  2100-Jan-13 05:00:00 (3.3%)
  2100-Jan-22 19:00:00 (6%)
  2100-Feb-01 09:00:00 (8.6%)
  2100-Feb-10 23:00:00 (11.2%)
  2100-Feb-20 13:00:00 (13.8%)
  2100-Mar-02 02:00:00 (16.5%)
  2100-Mar-11 19:00:00 (19.1%)
  2100-Mar-21 14:00:00 (21.8%)
  2100-Mar-31 08:00:00 (24.5%)
  2100-Apr-10 02:00:00 (27.1%)
  2100-Apr-19 20:00:00 (29.8%)
  2100-Apr-29 15:00:00 (32.5%)
  2100-May-09 09:00:00 (35.2%)
  2100-May-19 03:00:00 (37.8%)
  2100-May-28 21:00:00 (40.5%)
  2100-Jun-07 16:00:00 (43.2%)
  2100-Jun-17 10:00:00 (45.9%)
  2100-Jun-27 04:00:00 (48.5%)
  2100-Jul-06 23:00:00 (51.2%)
  2100-Jul-16 17:00:00 (53.9%)
  2100-Jul-26 11:00:00 (56.6%)
  2100-Aug-05 05:00:00 (59.2%)
  2100-Aug-15 00:00:00 (61.9%)
  2100-Aug-24 18:00:00 (64.6%)
  2100-Sep-03 12:00:00 (67.3%)
  2100-Sep-13 07:00:00 (69.9%)
  2100-Sep-23 01:00:00 (72.6%)
  2100-Oct-02 19:00:00 (75.3%)
  2100-Oct-12 14:00:00 (78%)
  2100-Oct-22 07:00:00 (80.6%)
  2100-Nov-01 01:00:00 (83.3%)
  2100-Nov-10 19:00:00 (86%)
  2100-Nov-20 13:00:00 (88.6%)
  2100-Nov-30 06:00:00 (91.3%)
  2100-Dec-10 00:00:00 (94%)
  2100-Dec-19 19:00:00 (96.7%)
  2100-Dec-29 13:00:00 (99.3%)
  2100-Dec-31 23:00:00 (100%)
Finished Program: 2014-Nov-18 11:13:38.249470
Elapsed Time: 00:01:14.001788
