instance.yaml
kiva v0.2.0-9-g526928a
Copyright (C) 2012-2014 Big Ladder Software
Web: www.bigladdersoftware.com

Starting Program: 2014-Nov-15 12:23:43.558979
Creating Domain...
  X Cells: 138
  Y Cells: 1
  Z Cells: 133
  Total Cells: 18354
Initializing Temperatures...
  2098-Nov-05 23:00:00
  2099-Jan-09 21:00:00
  2099-Jan-22 12:00:00
  2099-Feb-04 02:00:00
  2099-Feb-16 16:00:00
  2099-Mar-01 06:00:00
  2099-Mar-13 20:00:00
  2099-Mar-26 10:00:00
  2099-Apr-08 01:00:00
  2099-Apr-20 15:00:00
  2099-May-03 05:00:00
  2099-May-15 21:00:00
  2099-May-28 12:00:00
  2099-Jun-10 03:00:00
  2099-Jun-22 19:00:00
  2099-Jul-05 10:00:00
  2099-Jul-18 01:00:00
  2099-Jul-30 16:00:00
  2099-Aug-12 08:00:00
  2099-Aug-24 23:00:00
  2099-Sep-06 15:00:00
  2099-Sep-19 06:00:00
  2099-Oct-01 22:00:00
  2099-Oct-14 13:00:00
  2099-Oct-27 05:00:00
  2099-Nov-08 20:00:00
  2099-Nov-21 12:00:00
  2099-Dec-04 03:00:00
  2099-Dec-16 19:00:00
  2099-Dec-29 10:00:00
Beginning Simulation...
  2100-Jan-10 03:00:00 (2.5%)
  2100-Jan-21 13:00:00 (5.6%)
  2100-Feb-01 23:00:00 (8.8%)
  2100-Feb-13 09:00:00 (11.9%)
  2100-Feb-24 18:00:00 (15%)
  2100-Mar-08 04:00:00 (18.1%)
  2100-Mar-19 14:00:00 (21.3%)
  2100-Mar-31 00:00:00 (24.4%)
  2100-Apr-11 10:00:00 (27.5%)
  2100-Apr-22 20:00:00 (30.6%)
  2100-May-04 07:00:00 (33.8%)
  2100-May-15 17:00:00 (36.9%)
  2100-May-27 03:00:00 (40%)
  2100-Jun-07 13:00:00 (43.2%)
  2100-Jun-18 23:00:00 (46.3%)
  2100-Jun-30 09:00:00 (49.4%)
  2100-Jul-11 20:00:00 (52.6%)
  2100-Jul-23 06:00:00 (55.7%)
  2100-Aug-03 16:00:00 (58.8%)
  2100-Aug-15 02:00:00 (61.9%)
  2100-Aug-26 12:00:00 (65.1%)
  2100-Sep-06 22:00:00 (68.2%)
  2100-Sep-18 09:00:00 (71.3%)
  2100-Sep-29 19:00:00 (74.5%)
  2100-Oct-11 05:00:00 (77.6%)
  2100-Oct-22 15:00:00 (80.7%)
  2100-Nov-03 01:00:00 (83.8%)
  2100-Nov-14 09:00:00 (87%)
  2100-Nov-25 20:00:00 (90.1%)
  2100-Dec-07 06:00:00 (93.2%)
  2100-Dec-18 16:00:00 (96.3%)
  2100-Dec-30 02:00:00 (99.5%)
  2100-Dec-31 23:00:00 (100%)
Finished Program: 2014-Nov-15 12:24:45.166992
Elapsed Time: 00:01:01.608013
