instance.yaml
kiva v0.2.0-9-g526928a
Copyright (C) 2012-2014 Big Ladder Software
Web: www.bigladdersoftware.com

Starting Program: 2014-Nov-15 11:51:43.070566
Creating Domain...
  X Cells: 160
  Y Cells: 1
  Z Cells: 133
  Total Cells: 21280
Initializing Temperatures...
  2098-Dec-24 23:00:00
  2099-Jan-12 03:00:00
  2099-Jan-23 21:00:00
  2099-Feb-04 15:00:00
  2099-Feb-16 09:00:00
  2099-Feb-28 03:00:00
  2099-Mar-11 21:00:00
  2099-Mar-23 15:00:00
  2099-Apr-04 09:00:00
  2099-Apr-16 03:00:00
  2099-Apr-27 19:00:00
  2099-May-09 13:00:00
  2099-May-21 07:00:00
  2099-Jun-02 02:00:00
  2099-Jun-13 20:00:00
  2099-Jun-25 14:00:00
  2099-Jul-07 08:00:00
  2099-Jul-19 02:00:00
  2099-Jul-30 21:00:00
  2099-Aug-11 15:00:00
  2099-Aug-23 10:00:00
  2099-Sep-04 04:00:00
  2099-Sep-15 22:00:00
  2099-Sep-27 16:00:00
  2099-Oct-09 11:00:00
  2099-Oct-21 05:00:00
  2099-Nov-02 00:00:00
  2099-Nov-13 18:00:00
  2099-Nov-25 12:00:00
  2099-Dec-07 07:00:00
  2099-Dec-19 01:00:00
  2099-Dec-30 19:00:00
Beginning Simulation...
  2100-Jan-10 16:00:00 (2.6%)
  2100-Jan-21 10:00:00 (5.6%)
  2100-Feb-01 04:00:00 (8.5%)
  2100-Feb-11 22:00:00 (11.5%)
  2100-Feb-22 16:00:00 (14.4%)
  2100-Mar-05 09:00:00 (17.4%)
  2100-Mar-16 03:00:00 (20.3%)
  2100-Mar-26 21:00:00 (23.3%)
  2100-Apr-06 15:00:00 (26.2%)
  2100-Apr-17 09:00:00 (29.1%)
  2100-Apr-28 03:00:00 (32.1%)
  2100-May-08 21:00:00 (35%)
  2100-May-19 15:00:00 (38%)
  2100-May-30 08:00:00 (40.9%)
  2100-Jun-10 02:00:00 (43.9%)
  2100-Jun-20 20:00:00 (46.8%)
  2100-Jul-01 14:00:00 (49.7%)
  2100-Jul-12 08:00:00 (52.7%)
  2100-Jul-23 02:00:00 (55.6%)
  2100-Aug-02 20:00:00 (58.6%)
  2100-Aug-13 14:00:00 (61.5%)
  2100-Aug-24 08:00:00 (64.5%)
  2100-Sep-04 02:00:00 (67.4%)
  2100-Sep-14 20:00:00 (70.4%)
  2100-Sep-25 15:00:00 (73.3%)
  2100-Oct-06 09:00:00 (76.3%)
  2100-Oct-17 03:00:00 (79.2%)
  2100-Oct-27 21:00:00 (82.2%)
  2100-Nov-07 15:00:00 (85.1%)
  2100-Nov-18 09:00:00 (88%)
  2100-Nov-29 03:00:00 (91%)
  2100-Dec-09 21:00:00 (93.9%)
  2100-Dec-20 15:00:00 (96.9%)
  2100-Dec-31 09:00:00 (99.8%)
  2100-Dec-31 23:00:00 (100%)
Finished Program: 2014-Nov-15 11:52:49.054926
Elapsed Time: 00:01:05.984360
