instance.yaml
kiva v0.2.0-21-g785bfe1
Copyright (C) 2012-2014 Big Ladder Software
Web: www.bigladdersoftware.com

Starting Program: 2014-Nov-18 11:23:28.211712
Creating Domain...
  X Cells: 90
  Y Cells: 1
  Z Cells: 133
  Total Cells: 11970
Initializing Temperatures...
  2099-Jan-03 22:00:00
  2099-Jan-25 01:00:00
  2099-Feb-15 04:00:00
  2099-Mar-08 06:00:00
  2099-Mar-29 09:00:00
  2099-Apr-19 12:00:00
  2099-May-10 15:00:00
  2099-May-31 18:00:00
  2099-Jun-21 21:00:00
  2099-Jul-13 00:00:00
  2099-Aug-03 03:00:00
  2099-Aug-24 06:00:00
  2099-Sep-14 10:00:00
  2099-Oct-05 13:00:00
  2099-Oct-26 16:00:00
  2099-Nov-16 19:00:00
  2099-Dec-07 23:00:00
  2099-Dec-29 02:00:00
Beginning Simulation...
  2100-Jan-17 15:00:00 (4.6%)
  2100-Feb-05 21:00:00 (9.8%)
  2100-Feb-25 03:00:00 (15.1%)
  2100-Mar-16 09:00:00 (20.4%)
  2100-Apr-04 15:00:00 (25.7%)
  2100-Apr-23 21:00:00 (30.9%)
  2100-May-13 03:00:00 (36.2%)
  2100-Jun-01 10:00:00 (41.5%)
  2100-Jun-20 16:00:00 (46.8%)
  2100-Jul-09 23:00:00 (52%)
  2100-Jul-29 06:00:00 (57.3%)
  2100-Aug-17 12:00:00 (62.6%)
  2100-Sep-05 18:00:00 (67.9%)
  2100-Sep-24 22:00:00 (73.1%)
  2100-Oct-14 04:00:00 (78.4%)
  2100-Nov-02 10:00:00 (83.7%)
  2100-Nov-21 17:00:00 (89%)
  2100-Dec-11 00:00:00 (94.2%)
  2100-Dec-30 06:00:00 (99.5%)
  2100-Dec-31 23:00:00 (100%)
Finished Program: 2014-Nov-18 11:24:05.089282
Elapsed Time: 00:00:36.877570
