instance.yaml
kiva v0.2.0-20-g4c7c200
Copyright (C) 2012-2014 Big Ladder Software
Web: www.bigladdersoftware.com

Starting Program: 2014-Nov-17 14:13:19.630031
Creating Domain...
  X Cells: 105
  Y Cells: 1
  Z Cells: 158
  Total Cells: 16590
Initializing Temperatures...
Warning: Solution did not converge after 528 iterations.
  The final residual was: 0.000481159
  Solver status: 2
  2098-Oct-15 23:00:00
  2099-Jan-10 13:00:00
  2099-Jan-26 01:00:00
  2099-Feb-10 13:00:00
  2099-Feb-26 01:00:00
  2099-Mar-13 13:00:00
  2099-Mar-29 01:00:00
  2099-Apr-13 13:00:00
  2099-Apr-29 02:00:00
  2099-May-14 13:00:00
  2099-May-30 01:00:00
  2099-Jun-14 14:00:00
  2099-Jun-30 02:00:00
  2099-Jul-15 15:00:00
  2099-Jul-31 03:00:00
  2099-Aug-15 16:00:00
  2099-Aug-31 04:00:00
  2099-Sep-15 17:00:00
  2099-Oct-01 05:00:00
  2099-Oct-16 17:00:00
  2099-Nov-01 06:00:00
  2099-Nov-16 19:00:00
  2099-Dec-02 07:00:00
  2099-Dec-17 20:00:00
Beginning Simulation...
  2100-Jan-02 05:00:00 (0.3%)
  2100-Jan-16 09:00:00 (4.2%)
  2100-Jan-30 12:00:00 (8.1%)
  2100-Feb-13 16:00:00 (12%)
  2100-Feb-27 19:00:00 (15.8%)
  2100-Mar-13 23:00:00 (19.7%)
  2100-Mar-28 02:00:00 (23.6%)
  2100-Apr-11 06:00:00 (27.5%)
  2100-Apr-25 10:00:00 (31.3%)
  2100-May-09 14:00:00 (35.2%)
  2100-May-23 16:00:00 (39.1%)
  2100-Jun-06 20:00:00 (43%)
  2100-Jun-21 00:00:00 (46.8%)
  2100-Jul-05 05:00:00 (50.7%)
  2100-Jul-19 09:00:00 (54.6%)
  2100-Aug-02 13:00:00 (58.5%)
  2100-Aug-16 17:00:00 (62.4%)
  2100-Aug-30 22:00:00 (66.3%)
  2100-Sep-14 02:00:00 (70.2%)
  2100-Sep-28 06:00:00 (74%)
  2100-Oct-12 10:00:00 (77.9%)
  2100-Oct-26 14:00:00 (81.8%)
  2100-Nov-09 18:00:00 (85.7%)
  2100-Nov-23 22:00:00 (89.6%)
  2100-Dec-08 03:00:00 (93.5%)
  2100-Dec-22 06:00:00 (97.3%)
  2100-Dec-31 23:00:00 (100%)
Finished Program: 2014-Nov-17 14:14:09.686818
Elapsed Time: 00:00:50.056787
