instance.yaml
kiva v0.2.0-21-g785bfe1
Copyright (C) 2012-2014 Big Ladder Software
Web: www.bigladdersoftware.com

Starting Program: 2014-Nov-18 10:53:21.032597
Creating Domain...
  X Cells: 102
  Y Cells: 1
  Z Cells: 113
  Total Cells: 11526
Initializing Temperatures...
  2099-Jan-08 20:00:00
  2099-Jan-28 06:00:00
  2099-Feb-16 15:00:00
  2099-Mar-08 01:00:00
  2099-Mar-27 11:00:00
  2099-Apr-15 20:00:00
  2099-May-05 05:00:00
  2099-May-24 15:00:00
  2099-Jun-13 01:00:00
  2099-Jul-02 11:00:00
  2099-Jul-21 21:00:00
  2099-Aug-10 07:00:00
  2099-Aug-29 16:00:00
  2099-Sep-18 02:00:00
  2099-Oct-07 12:00:00
  2099-Oct-26 22:00:00
  2099-Nov-15 08:00:00
  2099-Dec-04 18:00:00
  2099-Dec-24 04:00:00
Beginning Simulation...
  2100-Jan-12 08:00:00 (3.1%)
  2100-Jan-31 08:00:00 (8.3%)
  2100-Feb-19 07:00:00 (13.5%)
  2100-Mar-10 07:00:00 (18.7%)
  2100-Mar-29 07:00:00 (23.9%)
  2100-Apr-17 07:00:00 (29.1%)
  2100-May-06 07:00:00 (34.3%)
  2100-May-25 07:00:00 (39.5%)
  2100-Jun-13 09:00:00 (44.8%)
  2100-Jul-02 17:00:00 (50.1%)
  2100-Jul-22 01:00:00 (55.4%)
  2100-Aug-10 09:00:00 (60.7%)
  2100-Aug-29 16:00:00 (65.9%)
  2100-Sep-18 00:00:00 (71.2%)
  2100-Oct-07 08:00:00 (76.5%)
  2100-Oct-26 13:00:00 (81.8%)
  2100-Nov-14 21:00:00 (87.1%)
  2100-Dec-04 05:00:00 (92.4%)
  2100-Dec-23 12:00:00 (97.7%)
  2100-Dec-31 23:00:00 (100%)
Finished Program: 2014-Nov-18 10:53:59.437589
Elapsed Time: 00:00:38.404992
