instance.yaml
kiva v0.2.0-21-g785bfe1
Copyright (C) 2012-2014 Big Ladder Software
Web: www.bigladdersoftware.com

Starting Program: 2014-Nov-18 11:17:25.902897
Creating Domain...
  X Cells: 273
  Y Cells: 1
  Z Cells: 103
  Total Cells: 28119
Initializing Temperatures...
  2098-Dec-24 23:00:00
  2099-Jan-08 00:00:00
  2099-Jan-16 00:00:00
  2099-Jan-23 23:00:00
  2099-Jan-31 22:00:00
  2099-Feb-08 22:00:00
  2099-Feb-16 21:00:00
  2099-Feb-24 20:00:00
  2099-Mar-04 19:00:00
  2099-Mar-12 19:00:00
  2099-Mar-20 18:00:00
  2099-Mar-28 17:00:00
  2099-Apr-05 17:00:00
  2099-Apr-13 16:00:00
  2099-Apr-21 15:00:00
  2099-Apr-29 15:00:00
  2099-May-07 14:00:00
  2099-May-15 13:00:00
  2099-May-23 12:00:00
  2099-May-31 12:00:00
  2099-Jun-08 11:00:00
  2099-Jun-16 11:00:00
  2099-Jun-24 10:00:00
  2099-Jul-02 09:00:00
  2099-Jul-10 08:00:00
  2099-Jul-18 08:00:00
  2099-Jul-26 07:00:00
  2099-Aug-03 06:00:00
  2099-Aug-11 05:00:00
  2099-Aug-19 05:00:00
  2099-Aug-27 04:00:00
  2099-Sep-04 03:00:00
  2099-Sep-12 03:00:00
  2099-Sep-20 02:00:00
  2099-Sep-28 00:00:00
  2099-Oct-05 23:00:00
  2099-Oct-13 23:00:00
  2099-Oct-21 22:00:00
  2099-Oct-29 21:00:00
  2099-Nov-06 21:00:00
  2099-Nov-14 20:00:00
  2099-Nov-22 20:00:00
  2099-Nov-30 19:00:00
  2099-Dec-08 18:00:00
  2099-Dec-16 18:00:00
  2099-Dec-24 18:00:00
Beginning Simulation...
  2100-Jan-01 19:00:00 (0.2%)
  2100-Jan-09 15:00:00 (2.4%)
  2100-Jan-17 11:00:00 (4.5%)
  2100-Jan-25 08:00:00 (6.7%)
  2100-Feb-02 04:00:00 (8.8%)
  2100-Feb-10 01:00:00 (11%)
  2100-Feb-17 21:00:00 (13.1%)
  2100-Feb-25 18:00:00 (15.3%)
  2100-Mar-05 14:00:00 (17.4%)
  2100-Mar-13 11:00:00 (19.6%)
  2100-Mar-21 07:00:00 (21.7%)
  2100-Mar-29 03:00:00 (23.9%)
  2100-Apr-06 00:00:00 (26%)
  2100-Apr-13 20:00:00 (28.2%)
  2100-Apr-21 17:00:00 (30.3%)
  2100-Apr-29 13:00:00 (32.5%)
  2100-May-07 10:00:00 (34.6%)
  2100-May-15 06:00:00 (36.8%)
  2100-May-23 03:00:00 (38.9%)
  2100-May-30 23:00:00 (41.1%)
  2100-Jun-07 19:00:00 (43.2%)
  2100-Jun-15 16:00:00 (45.4%)
  2100-Jun-23 12:00:00 (47.5%)
  2100-Jul-01 09:00:00 (49.7%)
  2100-Jul-09 05:00:00 (51.8%)
  2100-Jul-17 02:00:00 (54%)
  2100-Jul-24 22:00:00 (56.1%)
  2100-Aug-01 18:00:00 (58.3%)
  2100-Aug-09 15:00:00 (60.4%)
  2100-Aug-17 11:00:00 (62.6%)
  2100-Aug-25 08:00:00 (64.7%)
  2100-Sep-02 04:00:00 (66.9%)
  2100-Sep-10 00:00:00 (69%)
  2100-Sep-17 21:00:00 (71.2%)
  2100-Sep-25 17:00:00 (73.3%)
  2100-Oct-03 13:00:00 (75.5%)
  2100-Oct-11 10:00:00 (77.6%)
  2100-Oct-19 06:00:00 (79.8%)
  2100-Oct-27 03:00:00 (82%)
  2100-Nov-03 23:00:00 (84.1%)
  2100-Nov-11 19:00:00 (86.2%)
  2100-Nov-19 16:00:00 (88.4%)
  2100-Nov-27 12:00:00 (90.5%)
  2100-Dec-05 09:00:00 (92.7%)
  2100-Dec-13 05:00:00 (94.9%)
  2100-Dec-21 01:00:00 (97%)
  2100-Dec-28 22:00:00 (99.2%)
  2100-Dec-31 23:00:00 (100%)
Finished Program: 2014-Nov-18 11:18:59.392305
Elapsed Time: 00:01:33.489408
