instance.yaml
kiva v0.2.0-21-g785bfe1
Copyright (C) 2012-2014 Big Ladder Software
Web: www.bigladdersoftware.com

Starting Program: 2014-Nov-18 11:25:25.128373
Creating Domain...
  X Cells: 244
  Y Cells: 1
  Z Cells: 103
  Total Cells: 25132
Initializing Temperatures...
  2098-Dec-03 23:00:00
  2099-Jan-07 16:00:00
  2099-Jan-16 16:00:00
  2099-Jan-25 17:00:00
  2099-Feb-03 17:00:00
  2099-Feb-12 17:00:00
  2099-Feb-21 17:00:00
  2099-Mar-02 17:00:00
  2099-Mar-11 17:00:00
  2099-Mar-20 17:00:00
  2099-Mar-29 17:00:00
  2099-Apr-07 17:00:00
  2099-Apr-16 17:00:00
  2099-Apr-25 17:00:00
  2099-May-04 18:00:00
  2099-May-13 18:00:00
  2099-May-22 18:00:00
  2099-May-31 18:00:00
  2099-Jun-09 18:00:00
  2099-Jun-18 17:00:00
  2099-Jun-27 17:00:00
  2099-Jul-06 18:00:00
  2099-Jul-15 17:00:00
  2099-Jul-24 18:00:00
  2099-Aug-02 18:00:00
  2099-Aug-11 18:00:00
  2099-Aug-20 18:00:00
  2099-Aug-29 18:00:00
  2099-Sep-07 18:00:00
  2099-Sep-16 18:00:00
  2099-Sep-25 18:00:00
  2099-Oct-04 18:00:00
  2099-Oct-13 18:00:00
  2099-Oct-22 18:00:00
  2099-Oct-31 19:00:00
  2099-Nov-09 19:00:00
  2099-Nov-18 19:00:00
  2099-Nov-27 19:00:00
  2099-Dec-06 19:00:00
  2099-Dec-15 19:00:00
  2099-Dec-24 19:00:00
Beginning Simulation...
  2100-Jan-02 18:00:00 (0.5%)
  2100-Jan-11 13:00:00 (2.9%)
  2100-Jan-20 08:00:00 (5.3%)
  2100-Jan-29 04:00:00 (7.7%)
  2100-Feb-06 23:00:00 (10.1%)
  2100-Feb-15 18:00:00 (12.5%)
  2100-Feb-24 14:00:00 (15%)
  2100-Mar-05 09:00:00 (17.4%)
  2100-Mar-14 04:00:00 (19.8%)
  2100-Mar-23 01:00:00 (22.2%)
  2100-Mar-31 22:00:00 (24.6%)
  2100-Apr-09 19:00:00 (27.1%)
  2100-Apr-18 16:00:00 (29.5%)
  2100-Apr-27 12:00:00 (31.9%)
  2100-May-06 09:00:00 (34.3%)
  2100-May-15 06:00:00 (36.8%)
  2100-May-24 03:00:00 (39.2%)
  2100-Jun-02 00:00:00 (41.6%)
  2100-Jun-10 21:00:00 (44.1%)
  2100-Jun-19 17:00:00 (46.5%)
  2100-Jun-28 14:00:00 (48.9%)
  2100-Jul-07 11:00:00 (51.4%)
  2100-Jul-16 07:00:00 (53.8%)
  2100-Jul-25 04:00:00 (56.2%)
  2100-Aug-03 00:00:00 (58.6%)
  2100-Aug-11 21:00:00 (61.1%)
  2100-Aug-20 17:00:00 (63.5%)
  2100-Aug-29 14:00:00 (65.9%)
  2100-Sep-07 11:00:00 (68.3%)
  2100-Sep-16 08:00:00 (70.8%)
  2100-Sep-25 04:00:00 (73.2%)
  2100-Oct-04 01:00:00 (75.6%)
  2100-Oct-12 21:00:00 (78%)
  2100-Oct-21 18:00:00 (80.5%)
  2100-Oct-30 14:00:00 (82.9%)
  2100-Nov-08 11:00:00 (85.3%)
  2100-Nov-17 08:00:00 (87.8%)
  2100-Nov-26 04:00:00 (90.2%)
  2100-Dec-05 01:00:00 (92.6%)
  2100-Dec-13 22:00:00 (95%)
  2100-Dec-22 19:00:00 (97.5%)
  2100-Dec-31 16:00:00 (99.9%)
  2100-Dec-31 23:00:00 (100%)
Finished Program: 2014-Nov-18 11:26:48.036639
Elapsed Time: 00:01:22.908266
