instance.yaml
kiva v0.2.0-21-g785bfe1
Copyright (C) 2012-2014 Big Ladder Software
Web: www.bigladdersoftware.com

Starting Program: 2014-Nov-18 11:01:27.689196
Creating Domain...
  X Cells: 86
  Y Cells: 1
  Z Cells: 125
  Total Cells: 10750
Initializing Temperatures...
  2098-Oct-29 23:00:00
  2099-Jan-17 22:00:00
  2099-Feb-09 11:00:00
  2099-Mar-04 00:00:00
  2099-Mar-26 12:00:00
  2099-Apr-18 01:00:00
  2099-May-10 13:00:00
  2099-Jun-02 02:00:00
  2099-Jun-24 15:00:00
  2099-Jul-17 04:00:00
  2099-Aug-08 17:00:00
  2099-Aug-31 06:00:00
  2099-Sep-22 19:00:00
  2099-Oct-15 09:00:00
  2099-Nov-06 22:00:00
  2099-Nov-29 11:00:00
  2099-Dec-21 23:00:00
Beginning Simulation...
  2100-Jan-12 12:00:00 (3.2%)
  2100-Feb-02 03:00:00 (8.8%)
  2100-Feb-22 20:00:00 (14.5%)
  2100-Mar-15 12:00:00 (20.1%)
  2100-Apr-05 03:00:00 (25.8%)
  2100-Apr-25 19:00:00 (31.4%)
  2100-May-16 12:00:00 (37.1%)
  2100-Jun-06 04:00:00 (42.8%)
  2100-Jun-26 21:00:00 (48.5%)
  2100-Jul-17 14:00:00 (54.1%)
  2100-Aug-07 07:00:00 (59.8%)
  2100-Aug-28 00:00:00 (65.5%)
  2100-Sep-17 17:00:00 (71.2%)
  2100-Oct-08 11:00:00 (76.8%)
  2100-Oct-29 03:00:00 (82.5%)
  2100-Nov-18 19:00:00 (88.2%)
  2100-Dec-09 06:00:00 (93.8%)
  2100-Dec-29 23:00:00 (99.4%)
  2100-Dec-31 23:00:00 (100%)
Finished Program: 2014-Nov-18 11:02:02.098390
Elapsed Time: 00:00:34.409194
