instance.yaml
kiva v0.2.0-21-g785bfe1
Copyright (C) 2012-2014 Big Ladder Software
Web: www.bigladdersoftware.com

Starting Program: 2014-Nov-18 11:28:25.512812
Creating Domain...
  X Cells: 138
  Y Cells: 1
  Z Cells: 132
  Total Cells: 18216
Initializing Temperatures...
  2098-Nov-12 23:00:00
  2099-Jan-10 12:00:00
  2099-Jan-24 07:00:00
  2099-Feb-07 02:00:00
  2099-Feb-20 21:00:00
  2099-Mar-06 16:00:00
  2099-Mar-20 11:00:00
  2099-Apr-03 06:00:00
  2099-Apr-17 02:00:00
  2099-Apr-30 21:00:00
  2099-May-14 16:00:00
  2099-May-28 11:00:00
  2099-Jun-11 06:00:00
  2099-Jun-25 01:00:00
  2099-Jul-08 20:00:00
  2099-Jul-22 15:00:00
  2099-Aug-05 10:00:00
  2099-Aug-19 05:00:00
  2099-Sep-02 01:00:00
  2099-Sep-15 20:00:00
  2099-Sep-29 15:00:00
  2099-Oct-13 10:00:00
  2099-Oct-27 05:00:00
  2099-Nov-10 00:00:00
  2099-Nov-23 19:00:00
  2099-Dec-07 14:00:00
  2099-Dec-21 10:00:00
Beginning Simulation...
  2100-Jan-04 00:00:00 (0.8%)
  2100-Jan-17 00:00:00 (4.4%)
  2100-Jan-30 01:00:00 (8%)
  2100-Feb-12 02:00:00 (11.5%)
  2100-Feb-25 02:00:00 (15.1%)
  2100-Mar-10 02:00:00 (18.7%)
  2100-Mar-23 03:00:00 (22.2%)
  2100-Apr-05 03:00:00 (25.8%)
  2100-Apr-18 04:00:00 (29.4%)
  2100-May-01 05:00:00 (32.9%)
  2100-May-14 06:00:00 (36.5%)
  2100-May-27 06:00:00 (40.1%)
  2100-Jun-09 07:00:00 (43.6%)
  2100-Jun-22 08:00:00 (47.2%)
  2100-Jul-05 08:00:00 (50.8%)
  2100-Jul-18 09:00:00 (54.3%)
  2100-Jul-31 10:00:00 (57.9%)
  2100-Aug-13 10:00:00 (61.5%)
  2100-Aug-26 11:00:00 (65.1%)
  2100-Sep-08 11:00:00 (68.6%)
  2100-Sep-21 12:00:00 (72.2%)
  2100-Oct-04 13:00:00 (75.8%)
  2100-Oct-17 14:00:00 (79.3%)
  2100-Oct-30 14:00:00 (82.9%)
  2100-Nov-12 15:00:00 (86.5%)
  2100-Nov-25 16:00:00 (90%)
  2100-Dec-08 17:00:00 (93.6%)
  2100-Dec-21 17:00:00 (97.2%)
  2100-Dec-31 23:00:00 (100%)
Finished Program: 2014-Nov-18 11:29:20.788007
Elapsed Time: 00:00:55.275195
