instance.yaml
kiva v0.2.0-9-g526928a
Copyright (C) 2012-2014 Big Ladder Software
Web: www.bigladdersoftware.com

Starting Program: 2014-Oct-25 13:02:14.213982
Creating Domain...
  X Cells: 129
  Y Cells: 1
  Z Cells: 132
  Total Cells: 17028
Initializing Temperatures...
Warning: Solution did not converge after 508 iterations.
  The final residual was: 0.000190594
  Solver status: 2
  2098-Nov-05 23:00:00
  2099-Jan-06 16:00:00
  2099-Jan-23 12:00:00
  2099-Feb-09 08:00:00
  2099-Feb-26 04:00:00
  2099-Mar-15 00:00:00
  2099-Mar-31 20:00:00
  2099-Apr-17 16:00:00
  2099-May-04 12:00:00
  2099-May-21 08:00:00
  2099-Jun-07 03:00:00
  2099-Jun-23 23:00:00
  2099-Jul-10 19:00:00
  2099-Jul-27 15:00:00
  2099-Aug-13 11:00:00
  2099-Aug-30 07:00:00
  2099-Sep-16 03:00:00
  2099-Oct-02 22:00:00
  2099-Oct-19 18:00:00
  2099-Nov-05 14:00:00
  2099-Nov-22 10:00:00
  2099-Dec-09 06:00:00
  2099-Dec-26 01:00:00
Beginning Simulation...
  2100-Jan-11 06:00:00 (2.8%)
  2100-Jan-27 02:00:00 (7.1%)
  2100-Feb-11 23:00:00 (11.5%)
  2100-Feb-27 19:00:00 (15.8%)
  2100-Mar-15 15:00:00 (20.2%)
  2100-Mar-31 11:00:00 (24.5%)
  2100-Apr-16 08:00:00 (28.9%)
  2100-May-02 04:00:00 (33.2%)
  2100-May-18 00:00:00 (37.5%)
  2100-Jun-02 20:00:00 (41.9%)
  2100-Jun-18 16:00:00 (46.2%)
  2100-Jul-04 13:00:00 (50.6%)
  2100-Jul-20 09:00:00 (54.9%)
  2100-Aug-05 05:00:00 (59.2%)
  2100-Aug-21 01:00:00 (63.6%)
  2100-Sep-05 22:00:00 (67.9%)
  2100-Sep-21 18:00:00 (72.3%)
  2100-Oct-07 14:00:00 (76.6%)
  2100-Oct-23 10:00:00 (80.9%)
  2100-Nov-08 06:00:00 (85.3%)
  2100-Nov-24 03:00:00 (89.6%)
  2100-Dec-09 23:00:00 (94%)
  2100-Dec-25 20:00:00 (98.3%)
  2100-Dec-31 23:00:00 (100%)
Finished Program: 2014-Oct-25 13:03:00.388554
Elapsed Time: 00:00:46.174572
