instance.yaml
kiva v0.2.0-21-g785bfe1
Copyright (C) 2012-2014 Big Ladder Software
Web: www.bigladdersoftware.com

Starting Program: 2014-Nov-18 11:15:25.081757
Creating Domain...
  X Cells: 98
  Y Cells: 1
  Z Cells: 125
  Total Cells: 12250
Initializing Temperatures...
  2099-Jan-06 11:00:00
  2099-Jan-25 16:00:00
  2099-Feb-13 21:00:00
  2099-Mar-05 02:00:00
  2099-Mar-24 07:00:00
  2099-Apr-12 12:00:00
  2099-May-01 17:00:00
  2099-May-20 23:00:00
  2099-Jun-09 04:00:00
  2099-Jun-28 00:00:00
  2099-Jul-17 05:00:00
  2099-Aug-05 11:00:00
  2099-Aug-24 16:00:00
  2099-Sep-12 22:00:00
  2099-Oct-02 03:00:00
  2099-Oct-21 09:00:00
  2099-Nov-09 14:00:00
  2099-Nov-28 20:00:00
  2099-Dec-18 01:00:00
Beginning Simulation...
  2100-Jan-05 21:00:00 (1.3%)
  2100-Jan-23 16:00:00 (6.2%)
  2100-Feb-10 12:00:00 (11.1%)
  2100-Feb-28 08:00:00 (16%)
  2100-Mar-18 03:00:00 (20.9%)
  2100-Apr-04 22:00:00 (25.7%)
  2100-Apr-22 18:00:00 (30.6%)
  2100-May-10 14:00:00 (35.5%)
  2100-May-28 09:00:00 (40.4%)
  2100-Jun-15 05:00:00 (45.3%)
  2100-Jul-03 01:00:00 (50.1%)
  2100-Jul-20 19:00:00 (55%)
  2100-Aug-07 15:00:00 (59.9%)
  2100-Aug-25 10:00:00 (64.8%)
  2100-Sep-12 06:00:00 (69.7%)
  2100-Sep-30 02:00:00 (74.5%)
  2100-Oct-17 22:00:00 (79.4%)
  2100-Nov-04 18:00:00 (84.3%)
  2100-Nov-22 14:00:00 (89.2%)
  2100-Dec-10 09:00:00 (94.1%)
  2100-Dec-28 05:00:00 (99%)
  2100-Dec-31 23:00:00 (100%)
Finished Program: 2014-Nov-18 11:16:05.212970
Elapsed Time: 00:00:40.131213
