instance.yaml
kiva v0.2.0-9-g526928a
Copyright (C) 2012-2014 Big Ladder Software
Web: www.bigladdersoftware.com

Starting Program: 2014-Oct-26 15:34:34.812544
Creating Domain...
  X Cells: 102
  Y Cells: 1
  Z Cells: 113
  Total Cells: 11526
Initializing Temperatures...
  2099-Jan-01 19:00:00
  2099-Jan-17 13:00:00
  2099-Feb-08 05:00:00
  2099-Mar-01 21:00:00
  2099-Mar-23 13:00:00
  2099-Apr-14 05:00:00
  2099-May-05 21:00:00
  2099-May-27 13:00:00
  2099-Jun-18 05:00:00
  2099-Jul-09 21:00:00
  2099-Jul-31 13:00:00
  2099-Aug-22 05:00:00
  2099-Sep-12 21:00:00
  2099-Oct-04 13:00:00
  2099-Oct-26 05:00:00
  2099-Nov-16 21:00:00
  2099-Dec-08 13:00:00
  2099-Dec-30 05:00:00
Beginning Simulation...
  2100-Jan-20 11:00:00 (5.3%)
  2100-Feb-10 15:00:00 (11.1%)
  2100-Mar-03 19:00:00 (16.9%)
  2100-Mar-24 23:00:00 (22.7%)
  2100-Apr-15 02:00:00 (28.5%)
  2100-May-06 06:00:00 (34.3%)
  2100-May-27 10:00:00 (40.1%)
  2100-Jun-17 14:00:00 (45.9%)
  2100-Jul-08 18:00:00 (51.7%)
  2100-Jul-29 22:00:00 (57.5%)
  2100-Aug-20 02:00:00 (63.3%)
  2100-Sep-10 06:00:00 (69.1%)
  2100-Oct-01 11:00:00 (74.9%)
  2100-Oct-22 15:00:00 (80.7%)
  2100-Nov-12 19:00:00 (86.5%)
  2100-Dec-03 23:00:00 (92.3%)
  2100-Dec-24 23:00:00 (98.1%)
  2100-Dec-31 23:00:00 (100%)
Finished Program: 2014-Oct-26 15:35:10.332711
Elapsed Time: 00:00:35.520167
