instance.yaml
kiva v0.2.0-21-g785bfe1
Copyright (C) 2012-2014 Big Ladder Software
Web: www.bigladdersoftware.com

Starting Program: 2014-Nov-18 11:52:28.433897
Creating Domain...
  X Cells: 182
  Y Cells: 1
  Z Cells: 125
  Total Cells: 22750
Initializing Temperatures...
  2098-Nov-05 23:00:00
  2099-Jan-07 02:00:00
  2099-Jan-17 16:00:00
  2099-Jan-28 05:00:00
  2099-Feb-07 19:00:00
  2099-Feb-18 08:00:00
  2099-Feb-28 22:00:00
  2099-Mar-11 11:00:00
  2099-Mar-22 01:00:00
  2099-Apr-01 14:00:00
  2099-Apr-12 04:00:00
  2099-Apr-22 18:00:00
  2099-May-03 07:00:00
  2099-May-13 20:00:00
  2099-May-24 10:00:00
  2099-Jun-04 00:00:00
  2099-Jun-14 13:00:00
  2099-Jun-25 03:00:00
  2099-Jul-05 17:00:00
  2099-Jul-16 06:00:00
  2099-Jul-26 20:00:00
  2099-Aug-06 09:00:00
  2099-Aug-16 23:00:00
  2099-Aug-27 13:00:00
  2099-Sep-07 02:00:00
  2099-Sep-17 16:00:00
  2099-Sep-28 06:00:00
  2099-Oct-08 20:00:00
  2099-Oct-19 09:00:00
  2099-Oct-29 23:00:00
  2099-Nov-09 13:00:00
  2099-Nov-20 02:00:00
  2099-Nov-30 16:00:00
  2099-Dec-11 05:00:00
  2099-Dec-21 19:00:00
Beginning Simulation...
  2100-Jan-01 08:00:00 (0.1%)
  2100-Jan-11 04:00:00 (2.8%)
  2100-Jan-20 23:00:00 (5.5%)
  2100-Jan-30 18:00:00 (8.2%)
  2100-Feb-09 14:00:00 (10.8%)
  2100-Feb-19 09:00:00 (13.5%)
  2100-Mar-01 04:00:00 (16.2%)
  2100-Mar-11 00:00:00 (18.9%)
  2100-Mar-20 19:00:00 (21.6%)
  2100-Mar-30 15:00:00 (24.3%)
  2100-Apr-09 10:00:00 (27%)
  2100-Apr-19 05:00:00 (29.6%)
  2100-Apr-29 01:00:00 (32.3%)
  2100-May-08 20:00:00 (35%)
  2100-May-18 16:00:00 (37.7%)
  2100-May-28 11:00:00 (40.4%)
  2100-Jun-07 07:00:00 (43.1%)
  2100-Jun-17 02:00:00 (45.8%)
  2100-Jun-26 22:00:00 (48.5%)
  2100-Jul-06 17:00:00 (51.2%)
  2100-Jul-16 13:00:00 (53.8%)
  2100-Jul-26 08:00:00 (56.5%)
  2100-Aug-05 04:00:00 (59.2%)
  2100-Aug-14 23:00:00 (61.9%)
  2100-Aug-24 18:00:00 (64.6%)
  2100-Sep-03 14:00:00 (67.3%)
  2100-Sep-13 09:00:00 (70%)
  2100-Sep-23 05:00:00 (72.7%)
  2100-Oct-03 00:00:00 (75.3%)
  2100-Oct-12 20:00:00 (78%)
  2100-Oct-22 15:00:00 (80.7%)
  2100-Nov-01 11:00:00 (83.4%)
  2100-Nov-11 06:00:00 (86.1%)
  2100-Nov-21 02:00:00 (88.8%)
  2100-Nov-30 19:00:00 (91.4%)
  2100-Dec-10 15:00:00 (94.1%)
  2100-Dec-20 10:00:00 (96.8%)
  2100-Dec-30 06:00:00 (99.5%)
  2100-Dec-31 23:00:00 (100%)
Finished Program: 2014-Nov-18 11:53:41.178092
Elapsed Time: 00:01:12.744195
