instance.yaml
kiva v0.2.0-9-g526928a
Copyright (C) 2012-2014 Big Ladder Software
Web: www.bigladdersoftware.com

Starting Program: 2014-Oct-26 15:42:15.242742
Creating Domain...
  X Cells: 88
  Y Cells: 1
  Z Cells: 93
  Total Cells: 8184
Initializing Temperatures...
  2098-Nov-19 23:00:00
  2099-Jan-17 12:00:00
  2099-Feb-17 13:00:00
  2099-Mar-20 14:00:00
  2099-Apr-20 15:00:00
  2099-May-21 17:00:00
  2099-Jun-21 18:00:00
  2099-Jul-22 19:00:00
  2099-Aug-22 20:00:00
  2099-Sep-22 21:00:00
  2099-Oct-23 23:00:00
  2099-Nov-24 00:00:00
  2099-Dec-25 02:00:00
Beginning Simulation...
  2100-Jan-24 10:00:00 (6.4%)
  2100-Feb-23 14:00:00 (14.7%)
  2100-Mar-25 17:00:00 (22.9%)
  2100-Apr-24 20:00:00 (31.2%)
  2100-May-25 00:00:00 (39.5%)
  2100-Jun-24 03:00:00 (47.7%)
  2100-Jul-24 07:00:00 (56%)
  2100-Aug-23 10:00:00 (64.2%)
  2100-Sep-22 14:00:00 (72.5%)
  2100-Oct-22 18:00:00 (80.8%)
  2100-Nov-21 21:00:00 (89%)
  2100-Dec-22 01:00:00 (97.3%)
  2100-Dec-31 23:00:00 (100%)
Finished Program: 2014-Oct-26 15:42:40.330229
Elapsed Time: 00:00:25.087487
