instance.yaml
kiva v0.2.0-22-gd89b213
Copyright (C) 2012-2014 Big Ladder Software
Web: www.bigladdersoftware.com

Starting Program: 2014-Nov-19 10:44:45.459432
Creating Domain...
  X Cells: 167
  Y Cells: 1
  Z Cells: 103
  Total Cells: 17201
Initializing Temperatures...
  2098-Nov-12 23:00:00
  2099-Jan-09 03:00:00
  2099-Jan-22 00:00:00
  2099-Feb-03 20:00:00
  2099-Feb-16 16:00:00
  2099-Mar-01 12:00:00
  2099-Mar-14 08:00:00
  2099-Mar-27 05:00:00
  2099-Apr-09 01:00:00
  2099-Apr-21 22:00:00
  2099-May-04 18:00:00
  2099-May-17 14:00:00
  2099-May-30 11:00:00
  2099-Jun-12 07:00:00
  2099-Jun-25 03:00:00
  2099-Jul-07 23:00:00
  2099-Jul-20 19:00:00
  2099-Aug-02 15:00:00
  2099-Aug-15 11:00:00
  2099-Aug-28 08:00:00
  2099-Sep-10 04:00:00
  2099-Sep-23 00:00:00
  2099-Oct-05 21:00:00
  2099-Oct-18 17:00:00
  2099-Oct-31 13:00:00
  2099-Nov-13 10:00:00
  2099-Nov-26 06:00:00
  2099-Dec-09 02:00:00
  2099-Dec-21 23:00:00
Beginning Simulation...
  2100-Jan-03 18:00:00 (0.8%)
  2100-Jan-16 09:00:00 (4.2%)
  2100-Jan-29 00:00:00 (7.7%)
  2100-Feb-10 15:00:00 (11.1%)
  2100-Feb-23 06:00:00 (14.6%)
  2100-Mar-07 21:00:00 (18%)
  2100-Mar-20 12:00:00 (21.5%)
  2100-Apr-02 03:00:00 (25%)
  2100-Apr-14 18:00:00 (28.4%)
  2100-Apr-27 09:00:00 (31.9%)
  2100-May-10 00:00:00 (35.3%)
  2100-May-22 16:00:00 (38.8%)
  2100-Jun-04 07:00:00 (42.3%)
  2100-Jun-16 22:00:00 (45.7%)
  2100-Jun-29 13:00:00 (49.2%)
  2100-Jul-12 04:00:00 (52.6%)
  2100-Jul-24 19:00:00 (56.1%)
  2100-Aug-06 10:00:00 (59.6%)
  2100-Aug-19 01:00:00 (63%)
  2100-Aug-31 16:00:00 (66.5%)
  2100-Sep-13 07:00:00 (69.9%)
  2100-Sep-25 22:00:00 (73.4%)
  2100-Oct-08 13:00:00 (76.9%)
  2100-Oct-21 04:00:00 (80.3%)
  2100-Nov-02 19:00:00 (83.8%)
  2100-Nov-15 11:00:00 (87.2%)
  2100-Nov-28 02:00:00 (90.7%)
  2100-Dec-10 17:00:00 (94.2%)
  2100-Dec-23 08:00:00 (97.6%)
  2100-Dec-31 23:00:00 (100%)
Finished Program: 2014-Nov-19 10:45:43.685185
Elapsed Time: 00:00:58.225753
