instance.yaml
kiva v0.2.0-9-g526928a
Copyright (C) 2012-2014 Big Ladder Software
Web: www.bigladdersoftware.com

Starting Program: 2014-Nov-15 11:22:46.576253
Creating Domain...
  X Cells: 167
  Y Cells: 1
  Z Cells: 125
  Total Cells: 20875
Initializing Temperatures...
  2098-Oct-22 23:00:00
  2099-Jan-05 23:00:00
  2099-Jan-17 07:00:00
  2099-Jan-28 16:00:00
  2099-Feb-09 00:00:00
  2099-Feb-20 09:00:00
  2099-Mar-03 17:00:00
  2099-Mar-15 02:00:00
  2099-Mar-26 10:00:00
  2099-Apr-06 19:00:00
  2099-Apr-18 03:00:00
  2099-Apr-29 12:00:00
  2099-May-10 20:00:00
  2099-May-22 05:00:00
  2099-Jun-02 14:00:00
  2099-Jun-13 23:00:00
  2099-Jun-25 07:00:00
  2099-Jul-06 16:00:00
  2099-Jul-18 00:00:00
  2099-Jul-29 09:00:00
  2099-Aug-09 18:00:00
  2099-Aug-21 02:00:00
  2099-Sep-01 11:00:00
  2099-Sep-12 20:00:00
  2099-Sep-24 04:00:00
  2099-Oct-05 13:00:00
  2099-Oct-16 22:00:00
  2099-Oct-28 06:00:00
  2099-Nov-08 14:00:00
  2099-Nov-19 23:00:00
  2099-Dec-01 07:00:00
  2099-Dec-12 16:00:00
  2099-Dec-24 01:00:00
Beginning Simulation...
  2100-Jan-04 03:00:00 (0.9%)
  2100-Jan-14 15:00:00 (3.7%)
  2100-Jan-25 03:00:00 (6.6%)
  2100-Feb-04 15:00:00 (9.5%)
  2100-Feb-15 03:00:00 (12.4%)
  2100-Feb-25 15:00:00 (15.2%)
  2100-Mar-08 03:00:00 (18.1%)
  2100-Mar-18 15:00:00 (21%)
  2100-Mar-29 04:00:00 (23.9%)
  2100-Apr-08 16:00:00 (26.8%)
  2100-Apr-19 04:00:00 (29.6%)
  2100-Apr-29 16:00:00 (32.5%)
  2100-May-10 04:00:00 (35.4%)
  2100-May-20 16:00:00 (38.3%)
  2100-May-31 05:00:00 (41.2%)
  2100-Jun-10 17:00:00 (44%)
  2100-Jun-21 05:00:00 (46.9%)
  2100-Jul-01 17:00:00 (49.8%)
  2100-Jul-12 05:00:00 (52.7%)
  2100-Jul-22 17:00:00 (55.5%)
  2100-Aug-02 05:00:00 (58.4%)
  2100-Aug-12 18:00:00 (61.3%)
  2100-Aug-23 06:00:00 (64.2%)
  2100-Sep-02 18:00:00 (67.1%)
  2100-Sep-13 06:00:00 (69.9%)
  2100-Sep-23 18:00:00 (72.8%)
  2100-Oct-04 06:00:00 (75.7%)
  2100-Oct-14 19:00:00 (78.6%)
  2100-Oct-25 07:00:00 (81.4%)
  2100-Nov-04 19:00:00 (84.3%)
  2100-Nov-15 07:00:00 (87.2%)
  2100-Nov-25 19:00:00 (90.1%)
  2100-Dec-06 08:00:00 (93%)
  2100-Dec-16 20:00:00 (95.8%)
  2100-Dec-27 08:00:00 (98.7%)
  2100-Dec-31 23:00:00 (100%)
Finished Program: 2014-Nov-15 11:23:54.441123
Elapsed Time: 00:01:07.864870
