instance.yaml
kiva v0.2.0-9-g526928a
Copyright (C) 2012-2014 Big Ladder Software
Web: www.bigladdersoftware.com

Starting Program: 2014-Oct-19 03:40:00.067826
Creating Domain...
  X Cells: 96
  Y Cells: 1
  Z Cells: 133
  Total Cells: 12768
Initializing Temperatures...
  2098-Nov-19 23:00:00
  2099-Jan-13 14:00:00
  2099-Feb-03 15:00:00
  2099-Feb-24 16:00:00
  2099-Mar-17 18:00:00
  2099-Apr-07 19:00:00
  2099-Apr-28 20:00:00
  2099-May-19 21:00:00
  2099-Jun-09 22:00:00
  2099-Jul-01 00:00:00
  2099-Jul-22 02:00:00
  2099-Aug-12 03:00:00
  2099-Sep-02 05:00:00
  2099-Sep-23 07:00:00
  2099-Oct-14 10:00:00
  2099-Nov-04 12:00:00
  2099-Nov-25 14:00:00
  2099-Dec-16 16:00:00
Beginning Simulation...
  2100-Jan-06 07:00:00 (1.4%)
  2100-Jan-25 17:00:00 (6.8%)
  2100-Feb-14 02:00:00 (12.1%)
  2100-Mar-05 12:00:00 (17.4%)
  2100-Mar-24 23:00:00 (22.7%)
  2100-Apr-13 10:00:00 (28.1%)
  2100-May-02 21:00:00 (33.4%)
  2100-May-22 08:00:00 (38.7%)
  2100-Jun-10 20:00:00 (44.1%)
  2100-Jun-30 07:00:00 (49.4%)
  2100-Jul-19 18:00:00 (54.7%)
  2100-Aug-08 05:00:00 (60.1%)
  2100-Aug-27 16:00:00 (65.4%)
  2100-Sep-16 00:00:00 (70.7%)
  2100-Oct-05 12:00:00 (76%)
  2100-Oct-24 23:00:00 (81.4%)
  2100-Nov-13 10:00:00 (86.7%)
  2100-Dec-02 21:00:00 (92%)
  2100-Dec-22 08:00:00 (97.4%)
  2100-Dec-31 23:00:00 (100%)
Finished Program: 2014-Oct-19 03:40:37.494445
Elapsed Time: 00:00:37.426619
