instance.yaml
kiva v0.2.0-9-g526928a
Copyright (C) 2012-2014 Big Ladder Software
Web: www.bigladdersoftware.com

Starting Program: 2014-Nov-15 12:24:42.103701
Creating Domain...
  X Cells: 145
  Y Cells: 1
  Z Cells: 125
  Total Cells: 18125
Initializing Temperatures...
  2099-Jan-02 21:00:00
  2099-Jan-15 06:00:00
  2099-Jan-27 14:00:00
  2099-Feb-08 23:00:00
  2099-Feb-21 08:00:00
  2099-Mar-05 17:00:00
  2099-Mar-18 02:00:00
  2099-Mar-30 11:00:00
  2099-Apr-11 20:00:00
  2099-Apr-24 05:00:00
  2099-May-06 14:00:00
  2099-May-18 23:00:00
  2099-May-31 08:00:00
  2099-Jun-12 17:00:00
  2099-Jun-25 02:00:00
  2099-Jul-07 11:00:00
  2099-Jul-19 20:00:00
  2099-Aug-01 05:00:00
  2099-Aug-13 14:00:00
  2099-Aug-25 23:00:00
  2099-Sep-07 08:00:00
  2099-Sep-19 17:00:00
  2099-Oct-02 02:00:00
  2099-Oct-14 11:00:00
  2099-Oct-26 20:00:00
  2099-Nov-08 05:00:00
  2099-Nov-20 14:00:00
  2099-Dec-02 23:00:00
  2099-Dec-15 08:00:00
  2099-Dec-27 22:00:00
Beginning Simulation...
  2100-Jan-08 19:00:00 (2.1%)
  2100-Jan-20 07:00:00 (5.3%)
  2100-Jan-31 18:00:00 (8.4%)
  2100-Feb-12 06:00:00 (11.6%)
  2100-Feb-23 18:00:00 (14.7%)
  2100-Mar-07 06:00:00 (17.9%)
  2100-Mar-18 18:00:00 (21%)
  2100-Mar-30 06:00:00 (24.2%)
  2100-Apr-10 17:00:00 (27.3%)
  2100-Apr-22 05:00:00 (30.5%)
  2100-May-03 17:00:00 (33.6%)
  2100-May-15 05:00:00 (36.8%)
  2100-May-26 17:00:00 (39.9%)
  2100-Jun-07 06:00:00 (43.1%)
  2100-Jun-18 18:00:00 (46.2%)
  2100-Jun-30 06:00:00 (49.4%)
  2100-Jul-11 18:00:00 (52.5%)
  2100-Jul-23 06:00:00 (55.7%)
  2100-Aug-03 17:00:00 (58.8%)
  2100-Aug-15 05:00:00 (62%)
  2100-Aug-26 17:00:00 (65.1%)
  2100-Sep-07 06:00:00 (68.3%)
  2100-Sep-18 17:00:00 (71.4%)
  2100-Sep-30 05:00:00 (74.6%)
  2100-Oct-11 18:00:00 (77.7%)
  2100-Oct-23 06:00:00 (80.9%)
  2100-Nov-03 18:00:00 (84%)
  2100-Nov-15 06:00:00 (87.2%)
  2100-Nov-26 16:00:00 (90.3%)
  2100-Dec-08 04:00:00 (93.5%)
  2100-Dec-19 16:00:00 (96.6%)
  2100-Dec-31 04:00:00 (99.8%)
  2100-Dec-31 23:00:00 (100%)
Finished Program: 2014-Nov-15 12:25:44.070175
Elapsed Time: 00:01:01.966474
