instance.yaml
kiva v0.2.0-21-g785bfe1
Copyright (C) 2012-2014 Big Ladder Software
Web: www.bigladdersoftware.com

Starting Program: 2014-Nov-18 11:23:27.104160
Creating Domain...
  X Cells: 93
  Y Cells: 1
  Z Cells: 133
  Total Cells: 12369
Initializing Temperatures...
  2099-Jan-06 04:00:00
  2099-Jan-26 05:00:00
  2099-Feb-15 08:00:00
  2099-Mar-07 10:00:00
  2099-Mar-27 13:00:00
  2099-Apr-16 16:00:00
  2099-May-06 18:00:00
  2099-May-26 21:00:00
  2099-Jun-16 00:00:00
  2099-Jul-06 03:00:00
  2099-Jul-26 05:00:00
  2099-Aug-15 08:00:00
  2099-Sep-04 11:00:00
  2099-Sep-24 14:00:00
  2099-Oct-14 17:00:00
  2099-Nov-03 20:00:00
  2099-Nov-23 23:00:00
  2099-Dec-14 02:00:00
Beginning Simulation...
  2100-Jan-03 00:00:00 (0.5%)
  2100-Jan-21 10:00:00 (5.6%)
  2100-Feb-08 20:00:00 (10.6%)
  2100-Feb-27 06:00:00 (15.7%)
  2100-Mar-17 16:00:00 (20.7%)
  2100-Apr-05 02:00:00 (25.8%)
  2100-Apr-23 12:00:00 (30.8%)
  2100-May-11 22:00:00 (35.9%)
  2100-May-30 08:00:00 (40.9%)
  2100-Jun-17 19:00:00 (46%)
  2100-Jul-06 05:00:00 (51%)
  2100-Jul-24 16:00:00 (56.1%)
  2100-Aug-12 02:00:00 (61.1%)
  2100-Aug-30 12:00:00 (66.2%)
  2100-Sep-17 20:00:00 (71.2%)
  2100-Oct-06 06:00:00 (76.2%)
  2100-Oct-24 16:00:00 (81.3%)
  2100-Nov-12 02:00:00 (86.3%)
  2100-Nov-30 13:00:00 (91.4%)
  2100-Dec-18 23:00:00 (96.4%)
  2100-Dec-31 23:00:00 (100%)
Finished Program: 2014-Nov-18 11:24:05.706759
Elapsed Time: 00:00:38.602599
