instance.yaml
kiva v0.2.0-9-g526928a
Copyright (C) 2012-2014 Big Ladder Software
Web: www.bigladdersoftware.com

Starting Program: 2014-Nov-15 12:24:46.266394
Creating Domain...
  X Cells: 147
  Y Cells: 1
  Z Cells: 125
  Total Cells: 18375
Initializing Temperatures...
  2098-Dec-31 23:00:00
  2099-Jan-12 22:00:00
  2099-Jan-25 04:00:00
  2099-Feb-06 10:00:00
  2099-Feb-18 16:00:00
  2099-Mar-02 21:00:00
  2099-Mar-15 03:00:00
  2099-Mar-27 09:00:00
  2099-Apr-08 14:00:00
  2099-Apr-20 20:00:00
  2099-May-03 02:00:00
  2099-May-15 08:00:00
  2099-May-27 13:00:00
  2099-Jun-08 19:00:00
  2099-Jun-21 01:00:00
  2099-Jul-03 07:00:00
  2099-Jul-15 12:00:00
  2099-Jul-27 18:00:00
  2099-Aug-09 00:00:00
  2099-Aug-21 06:00:00
  2099-Sep-02 11:00:00
  2099-Sep-14 17:00:00
  2099-Sep-26 23:00:00
  2099-Oct-09 05:00:00
  2099-Oct-21 11:00:00
  2099-Nov-02 17:00:00
  2099-Nov-14 23:00:00
  2099-Nov-27 04:00:00
  2099-Dec-09 10:00:00
  2099-Dec-21 16:00:00
Beginning Simulation...
  2100-Jan-02 18:00:00 (0.5%)
  2100-Jan-13 23:00:00 (3.6%)
  2100-Jan-25 04:00:00 (6.6%)
  2100-Feb-05 09:00:00 (9.7%)
  2100-Feb-16 14:00:00 (12.8%)
  2100-Feb-27 19:00:00 (15.8%)
  2100-Mar-11 00:00:00 (18.9%)
  2100-Mar-22 05:00:00 (22%)
  2100-Apr-02 10:00:00 (25%)
  2100-Apr-13 15:00:00 (28.1%)
  2100-Apr-24 20:00:00 (31.2%)
  2100-May-06 01:00:00 (34.3%)
  2100-May-17 06:00:00 (37.3%)
  2100-May-28 11:00:00 (40.4%)
  2100-Jun-08 16:00:00 (43.5%)
  2100-Jun-19 21:00:00 (46.5%)
  2100-Jul-01 02:00:00 (49.6%)
  2100-Jul-12 08:00:00 (52.7%)
  2100-Jul-23 13:00:00 (55.8%)
  2100-Aug-03 18:00:00 (58.8%)
  2100-Aug-14 23:00:00 (61.9%)
  2100-Aug-26 04:00:00 (65%)
  2100-Sep-06 10:00:00 (68.1%)
  2100-Sep-17 15:00:00 (71.1%)
  2100-Sep-28 20:00:00 (74.2%)
  2100-Oct-10 02:00:00 (77.3%)
  2100-Oct-21 07:00:00 (80.4%)
  2100-Nov-01 12:00:00 (83.4%)
  2100-Nov-12 18:00:00 (86.5%)
  2100-Nov-23 21:00:00 (89.6%)
  2100-Dec-05 02:00:00 (92.6%)
  2100-Dec-16 07:00:00 (95.7%)
  2100-Dec-27 12:00:00 (98.8%)
  2100-Dec-31 23:00:00 (100%)
Finished Program: 2014-Nov-15 12:25:49.398528
Elapsed Time: 00:01:03.132134
