instance.yaml
kiva v0.2.0-20-g4c7c200
Copyright (C) 2012-2014 Big Ladder Software
Web: www.bigladdersoftware.com

Starting Program: 2014-Nov-17 14:15:20.454001
Creating Domain...
  X Cells: 89
  Y Cells: 1
  Z Cells: 113
  Total Cells: 10057
Initializing Temperatures...
  2099-Jan-01 02:00:00
  2099-Jan-23 05:00:00
  2099-Feb-14 08:00:00
  2099-Mar-08 11:00:00
  2099-Mar-30 14:00:00
  2099-Apr-21 17:00:00
  2099-May-13 20:00:00
  2099-Jun-05 00:00:00
  2099-Jun-27 03:00:00
  2099-Jul-19 07:00:00
  2099-Aug-10 10:00:00
  2099-Sep-01 13:00:00
  2099-Sep-23 17:00:00
  2099-Oct-15 21:00:00
  2099-Nov-07 01:00:00
  2099-Nov-29 05:00:00
  2099-Dec-21 08:00:00
Beginning Simulation...
  2100-Jan-12 06:00:00 (3.1%)
  2100-Feb-02 21:00:00 (9%)
  2100-Feb-24 12:00:00 (14.9%)
  2100-Mar-18 04:00:00 (20.9%)
  2100-Apr-08 19:00:00 (26.8%)
  2100-Apr-30 09:00:00 (32.7%)
  2100-May-21 07:00:00 (38.4%)
  2100-Jun-11 23:00:00 (44.4%)
  2100-Jul-03 15:00:00 (50.3%)
  2100-Jul-25 07:00:00 (56.2%)
  2100-Aug-15 22:00:00 (62.2%)
  2100-Sep-06 14:00:00 (68.1%)
  2100-Sep-28 06:00:00 (74%)
  2100-Oct-19 22:00:00 (80%)
  2100-Nov-10 14:00:00 (85.9%)
  2100-Dec-02 02:00:00 (91.8%)
  2100-Dec-23 17:00:00 (97.7%)
  2100-Dec-31 23:00:00 (100%)
Finished Program: 2014-Nov-17 14:15:54.381277
Elapsed Time: 00:00:33.927276
