instance.yaml
kiva v0.2.0-9-g526928a
Copyright (C) 2012-2014 Big Ladder Software
Web: www.bigladdersoftware.com

Starting Program: 2014-Nov-15 12:23:46.759231
Creating Domain...
  X Cells: 136
  Y Cells: 1
  Z Cells: 113
  Total Cells: 15368
Initializing Temperatures...
  2098-Oct-01 23:00:00
  2099-Jan-08 18:00:00
  2099-Jan-22 22:00:00
  2099-Feb-06 02:00:00
  2099-Feb-20 05:00:00
  2099-Mar-06 09:00:00
  2099-Mar-20 13:00:00
  2099-Apr-03 17:00:00
  2099-Apr-17 21:00:00
  2099-May-02 01:00:00
  2099-May-16 05:00:00
  2099-May-30 09:00:00
  2099-Jun-13 13:00:00
  2099-Jun-27 16:00:00
  2099-Jul-11 20:00:00
  2099-Jul-26 00:00:00
  2099-Aug-09 04:00:00
  2099-Aug-23 08:00:00
  2099-Sep-06 12:00:00
  2099-Sep-20 16:00:00
  2099-Oct-04 20:00:00
  2099-Oct-19 00:00:00
  2099-Nov-02 04:00:00
  2099-Nov-16 08:00:00
  2099-Nov-30 12:00:00
  2099-Dec-14 16:00:00
  2099-Dec-28 20:00:00
Beginning Simulation...
  2100-Jan-11 18:00:00 (2.9%)
  2100-Jan-25 14:00:00 (6.7%)
  2100-Feb-08 09:00:00 (10.5%)
  2100-Feb-22 05:00:00 (14.3%)
  2100-Mar-08 00:00:00 (18.1%)
  2100-Mar-21 20:00:00 (21.9%)
  2100-Apr-04 15:00:00 (25.7%)
  2100-Apr-18 10:00:00 (29.4%)
  2100-May-02 06:00:00 (33.2%)
  2100-May-16 02:00:00 (37%)
  2100-May-29 22:00:00 (40.8%)
  2100-Jun-12 18:00:00 (44.6%)
  2100-Jun-26 14:00:00 (48.4%)
  2100-Jul-10 10:00:00 (52.2%)
  2100-Jul-24 06:00:00 (56%)
  2100-Aug-07 02:00:00 (59.7%)
  2100-Aug-21 02:00:00 (63.6%)
  2100-Sep-04 01:00:00 (67.4%)
  2100-Sep-18 01:00:00 (71.2%)
  2100-Oct-02 01:00:00 (75.1%)
  2100-Oct-16 00:00:00 (78.9%)
  2100-Oct-30 00:00:00 (82.7%)
  2100-Nov-13 00:00:00 (86.6%)
  2100-Nov-27 00:00:00 (90.4%)
  2100-Dec-11 00:00:00 (94.2%)
  2100-Dec-24 23:00:00 (98.1%)
  2100-Dec-31 23:00:00 (100%)
Finished Program: 2014-Nov-15 12:24:39.500375
Elapsed Time: 00:00:52.741144
