instance.yaml
kiva v0.2.0-21-g785bfe1
Copyright (C) 2012-2014 Big Ladder Software
Web: www.bigladdersoftware.com

Starting Program: 2014-Nov-18 11:29:28.838227
Creating Domain...
  X Cells: 235
  Y Cells: 1
  Z Cells: 96
  Total Cells: 22560
Initializing Temperatures...
  2099-Jan-02 17:00:00
  2099-Jan-12 03:00:00
  2099-Jan-21 14:00:00
  2099-Jan-31 00:00:00
  2099-Feb-09 11:00:00
  2099-Feb-18 21:00:00
  2099-Feb-28 08:00:00
  2099-Mar-09 18:00:00
  2099-Mar-19 05:00:00
  2099-Mar-28 15:00:00
  2099-Apr-07 02:00:00
  2099-Apr-16 12:00:00
  2099-Apr-25 23:00:00
  2099-May-05 10:00:00
  2099-May-14 20:00:00
  2099-May-24 06:00:00
  2099-Jun-02 17:00:00
  2099-Jun-12 04:00:00
  2099-Jun-21 15:00:00
  2099-Jul-01 01:00:00
  2099-Jul-10 12:00:00
  2099-Jul-19 23:00:00
  2099-Jul-29 09:00:00
  2099-Aug-07 20:00:00
  2099-Aug-17 07:00:00
  2099-Aug-26 17:00:00
  2099-Sep-05 04:00:00
  2099-Sep-14 14:00:00
  2099-Sep-24 01:00:00
  2099-Oct-03 12:00:00
  2099-Oct-12 22:00:00
  2099-Oct-22 09:00:00
  2099-Oct-31 20:00:00
  2099-Nov-10 06:00:00
  2099-Nov-19 17:00:00
  2099-Nov-29 04:00:00
  2099-Dec-08 14:00:00
  2099-Dec-18 01:00:00
  2099-Dec-27 12:00:00
Beginning Simulation...
  2100-Jan-05 20:00:00 (1.3%)
  2100-Jan-15 03:00:00 (3.9%)
  2100-Jan-24 10:00:00 (6.4%)
  2100-Feb-02 17:00:00 (9%)
  2100-Feb-12 00:00:00 (11.5%)
  2100-Feb-21 07:00:00 (14.1%)
  2100-Mar-02 14:00:00 (16.6%)
  2100-Mar-11 21:00:00 (19.1%)
  2100-Mar-21 04:00:00 (21.7%)
  2100-Mar-30 11:00:00 (24.2%)
  2100-Apr-08 17:00:00 (26.8%)
  2100-Apr-18 00:00:00 (29.3%)
  2100-Apr-27 07:00:00 (31.9%)
  2100-May-06 14:00:00 (34.4%)
  2100-May-15 22:00:00 (37%)
  2100-May-25 05:00:00 (39.5%)
  2100-Jun-03 12:00:00 (42.1%)
  2100-Jun-12 19:00:00 (44.6%)
  2100-Jun-22 02:00:00 (47.1%)
  2100-Jul-01 09:00:00 (49.7%)
  2100-Jul-10 16:00:00 (52.2%)
  2100-Jul-19 22:00:00 (54.8%)
  2100-Jul-29 06:00:00 (57.3%)
  2100-Aug-07 13:00:00 (59.9%)
  2100-Aug-16 20:00:00 (62.4%)
  2100-Aug-26 03:00:00 (65%)
  2100-Sep-04 10:00:00 (67.5%)
  2100-Sep-13 17:00:00 (70.1%)
  2100-Sep-23 00:00:00 (72.6%)
  2100-Oct-02 07:00:00 (75.1%)
  2100-Oct-11 15:00:00 (77.7%)
  2100-Oct-20 22:00:00 (80.3%)
  2100-Oct-30 05:00:00 (82.8%)
  2100-Nov-08 12:00:00 (85.3%)
  2100-Nov-17 17:00:00 (87.9%)
  2100-Nov-27 00:00:00 (90.4%)
  2100-Dec-06 07:00:00 (93%)
  2100-Dec-15 14:00:00 (95.5%)
  2100-Dec-24 21:00:00 (98%)
  2100-Dec-31 23:00:00 (100%)
Finished Program: 2014-Nov-18 11:30:47.763363
Elapsed Time: 00:01:18.925136
