instance.yaml
kiva v0.2.0-9-g526928a
Copyright (C) 2012-2014 Big Ladder Software
Web: www.bigladdersoftware.com

Starting Program: 2014-Oct-26 15:39:50.839511
Creating Domain...
  X Cells: 92
  Y Cells: 1
  Z Cells: 133
  Total Cells: 12236
Initializing Temperatures...
  2098-Dec-24 23:00:00
  2099-Jan-14 13:00:00
  2099-Feb-05 19:00:00
  2099-Feb-28 01:00:00
  2099-Mar-22 07:00:00
  2099-Apr-13 13:00:00
  2099-May-05 18:00:00
  2099-May-28 00:00:00
  2099-Jun-19 05:00:00
  2099-Jul-11 11:00:00
  2099-Aug-02 16:00:00
  2099-Aug-24 22:00:00
  2099-Sep-16 03:00:00
  2099-Oct-08 09:00:00
  2099-Oct-30 14:00:00
  2099-Nov-21 20:00:00
  2099-Dec-14 02:00:00
Beginning Simulation...
  2100-Jan-05 00:00:00 (1.1%)
  2100-Jan-25 11:00:00 (6.7%)
  2100-Feb-14 22:00:00 (12.3%)
  2100-Mar-07 09:00:00 (17.9%)
  2100-Mar-27 20:00:00 (23.5%)
  2100-Apr-17 07:00:00 (29.1%)
  2100-May-07 18:00:00 (34.7%)
  2100-May-28 05:00:00 (40.3%)
  2100-Jun-17 15:00:00 (45.9%)
  2100-Jul-08 02:00:00 (51.5%)
  2100-Jul-28 13:00:00 (57.1%)
  2100-Aug-18 00:00:00 (62.7%)
  2100-Sep-07 10:00:00 (68.3%)
  2100-Sep-27 21:00:00 (73.9%)
  2100-Oct-18 04:00:00 (79.5%)
  2100-Nov-07 15:00:00 (85.1%)
  2100-Nov-28 01:00:00 (90.7%)
  2100-Dec-18 13:00:00 (96.3%)
  2100-Dec-31 23:00:00 (100%)
Finished Program: 2014-Oct-26 15:40:26.657879
Elapsed Time: 00:00:35.818368
