instance.yaml
kiva v0.2.0-9-g526928a
Copyright (C) 2012-2014 Big Ladder Software
Web: www.bigladdersoftware.com

Starting Program: 2014-Nov-15 11:22:44.689240
Creating Domain...
  X Cells: 181
  Y Cells: 1
  Z Cells: 125
  Total Cells: 22625
Initializing Temperatures...
  2098-Oct-01 23:00:00
  2099-Jan-04 13:00:00
  2099-Jan-15 01:00:00
  2099-Jan-25 12:00:00
  2099-Feb-05 00:00:00
  2099-Feb-15 12:00:00
  2099-Feb-25 23:00:00
  2099-Mar-08 11:00:00
  2099-Mar-18 23:00:00
  2099-Mar-29 11:00:00
  2099-Apr-08 22:00:00
  2099-Apr-19 10:00:00
  2099-Apr-29 22:00:00
  2099-May-10 10:00:00
  2099-May-20 22:00:00
  2099-May-31 10:00:00
  2099-Jun-10 22:00:00
  2099-Jun-21 09:00:00
  2099-Jul-01 21:00:00
  2099-Jul-12 09:00:00
  2099-Jul-22 21:00:00
  2099-Aug-02 09:00:00
  2099-Aug-12 21:00:00
  2099-Aug-23 09:00:00
  2099-Sep-02 21:00:00
  2099-Sep-13 09:00:00
  2099-Sep-23 21:00:00
  2099-Oct-04 08:00:00
  2099-Oct-14 20:00:00
  2099-Oct-25 08:00:00
  2099-Nov-04 20:00:00
  2099-Nov-15 08:00:00
  2099-Nov-25 20:00:00
  2099-Dec-06 08:00:00
  2099-Dec-16 21:00:00
  2099-Dec-27 09:00:00
Beginning Simulation...
  2100-Jan-06 11:00:00 (1.5%)
  2100-Jan-16 05:00:00 (4.2%)
  2100-Jan-25 23:00:00 (6.8%)
  2100-Feb-04 18:00:00 (9.5%)
  2100-Feb-14 12:00:00 (12.2%)
  2100-Feb-24 06:00:00 (14.9%)
  2100-Mar-06 00:00:00 (17.5%)
  2100-Mar-15 19:00:00 (20.2%)
  2100-Mar-25 13:00:00 (22.9%)
  2100-Apr-04 07:00:00 (25.6%)
  2100-Apr-14 02:00:00 (28.2%)
  2100-Apr-23 20:00:00 (30.9%)
  2100-May-03 14:00:00 (33.6%)
  2100-May-13 09:00:00 (36.3%)
  2100-May-23 03:00:00 (38.9%)
  2100-Jun-01 21:00:00 (41.6%)
  2100-Jun-11 16:00:00 (44.3%)
  2100-Jun-21 10:00:00 (47%)
  2100-Jul-01 05:00:00 (49.6%)
  2100-Jul-10 23:00:00 (52.3%)
  2100-Jul-20 18:00:00 (55%)
  2100-Jul-30 12:00:00 (57.7%)
  2100-Aug-09 06:00:00 (60.3%)
  2100-Aug-19 01:00:00 (63%)
  2100-Aug-28 19:00:00 (65.7%)
  2100-Sep-07 14:00:00 (68.4%)
  2100-Sep-17 08:00:00 (71.1%)
  2100-Sep-27 02:00:00 (73.7%)
  2100-Oct-06 21:00:00 (76.4%)
  2100-Oct-16 15:00:00 (79.1%)
  2100-Oct-26 10:00:00 (81.8%)
  2100-Nov-05 04:00:00 (84.4%)
  2100-Nov-14 23:00:00 (87.1%)
  2100-Nov-24 16:00:00 (89.8%)
  2100-Dec-04 10:00:00 (92.4%)
  2100-Dec-14 04:00:00 (95.1%)
  2100-Dec-23 23:00:00 (97.8%)
  2100-Dec-31 23:00:00 (100%)
Finished Program: 2014-Nov-15 11:23:57.822988
Elapsed Time: 00:01:13.133748
