instance.yaml
kiva v0.2.0-19-ge248292
Copyright (C) 2012-2014 Big Ladder Software
Web: www.bigladdersoftware.com

Starting Program: 2014-Nov-17 08:41:14.479233
Creating Domain...
  X Cells: 94
  Y Cells: 1
  Z Cells: 113
  Total Cells: 10622
Initializing Temperatures...
  2098-Dec-24 23:00:00
  2099-Jan-22 15:00:00
  2099-Feb-14 00:00:00
  2099-Mar-08 08:00:00
  2099-Mar-30 17:00:00
  2099-Apr-22 01:00:00
  2099-May-14 10:00:00
  2099-Jun-05 19:00:00
  2099-Jun-28 04:00:00
  2099-Jul-20 12:00:00
  2099-Aug-11 21:00:00
  2099-Sep-03 05:00:00
  2099-Sep-25 14:00:00
  2099-Oct-17 23:00:00
  2099-Nov-09 08:00:00
  2099-Dec-01 17:00:00
  2099-Dec-24 02:00:00
Beginning Simulation...
  2100-Jan-15 03:00:00 (3.9%)
  2100-Feb-06 00:00:00 (9.9%)
  2100-Feb-27 21:00:00 (15.9%)
  2100-Mar-21 18:00:00 (21.8%)
  2100-Apr-12 15:00:00 (27.8%)
  2100-May-04 12:00:00 (33.8%)
  2100-May-26 10:00:00 (39.8%)
  2100-Jun-17 07:00:00 (45.8%)
  2100-Jul-09 04:00:00 (51.8%)
  2100-Jul-31 01:00:00 (57.8%)
  2100-Aug-21 23:00:00 (63.8%)
  2100-Sep-12 20:00:00 (69.8%)
  2100-Oct-04 18:00:00 (75.8%)
  2100-Oct-26 15:00:00 (81.8%)
  2100-Nov-17 08:00:00 (87.8%)
  2100-Dec-09 06:00:00 (93.8%)
  2100-Dec-31 03:00:00 (99.8%)
  2100-Dec-31 23:00:00 (100%)
Finished Program: 2014-Nov-17 08:41:48.039921
Elapsed Time: 00:00:33.560688
