instance.yaml
kiva v0.2.0-21-g785bfe1
Copyright (C) 2012-2014 Big Ladder Software
Web: www.bigladdersoftware.com

Starting Program: 2014-Nov-18 11:04:25.976657
Creating Domain...
  X Cells: 167
  Y Cells: 1
  Z Cells: 133
  Total Cells: 22211
Initializing Temperatures...
  2099-Jan-01 16:00:00
  2099-Jan-11 23:00:00
  2099-Jan-22 06:00:00
  2099-Feb-01 13:00:00
  2099-Feb-11 19:00:00
  2099-Feb-22 02:00:00
  2099-Mar-04 09:00:00
  2099-Mar-14 16:00:00
  2099-Mar-24 22:00:00
  2099-Apr-04 05:00:00
  2099-Apr-14 12:00:00
  2099-Apr-24 19:00:00
  2099-May-05 01:00:00
  2099-May-15 08:00:00
  2099-May-25 15:00:00
  2099-Jun-04 22:00:00
  2099-Jun-15 05:00:00
  2099-Jun-25 12:00:00
  2099-Jul-05 19:00:00
  2099-Jul-16 02:00:00
  2099-Jul-26 09:00:00
  2099-Aug-05 16:00:00
  2099-Aug-15 23:00:00
  2099-Aug-26 05:00:00
  2099-Sep-05 12:00:00
  2099-Sep-15 19:00:00
  2099-Sep-26 02:00:00
  2099-Oct-06 09:00:00
  2099-Oct-16 16:00:00
  2099-Oct-26 23:00:00
  2099-Nov-06 06:00:00
  2099-Nov-16 13:00:00
  2099-Nov-26 20:00:00
  2099-Dec-07 02:00:00
  2099-Dec-17 09:00:00
  2099-Dec-27 16:00:00
Beginning Simulation...
  2100-Jan-06 12:00:00 (1.5%)
  2100-Jan-16 00:00:00 (4.1%)
  2100-Jan-25 12:00:00 (6.7%)
  2100-Feb-04 00:00:00 (9.3%)
  2100-Feb-13 12:00:00 (11.9%)
  2100-Feb-23 00:00:00 (14.5%)
  2100-Mar-04 12:00:00 (17.1%)
  2100-Mar-14 00:00:00 (19.7%)
  2100-Mar-23 12:00:00 (22.3%)
  2100-Apr-02 00:00:00 (24.9%)
  2100-Apr-11 12:00:00 (27.5%)
  2100-Apr-21 00:00:00 (30.1%)
  2100-Apr-30 12:00:00 (32.7%)
  2100-May-10 00:00:00 (35.3%)
  2100-May-19 12:00:00 (37.9%)
  2100-May-29 00:00:00 (40.5%)
  2100-Jun-07 12:00:00 (43.2%)
  2100-Jun-17 00:00:00 (45.8%)
  2100-Jun-26 13:00:00 (48.4%)
  2100-Jul-06 00:00:00 (51%)
  2100-Jul-15 13:00:00 (53.6%)
  2100-Jul-25 01:00:00 (56.2%)
  2100-Aug-03 13:00:00 (58.8%)
  2100-Aug-13 01:00:00 (61.4%)
  2100-Aug-22 13:00:00 (64%)
  2100-Sep-01 01:00:00 (66.6%)
  2100-Sep-10 13:00:00 (69.2%)
  2100-Sep-20 01:00:00 (71.8%)
  2100-Sep-29 14:00:00 (74.4%)
  2100-Oct-09 02:00:00 (77%)
  2100-Oct-18 14:00:00 (79.6%)
  2100-Oct-28 01:00:00 (82.2%)
  2100-Nov-06 12:00:00 (84.8%)
  2100-Nov-16 00:00:00 (87.4%)
  2100-Nov-25 13:00:00 (90%)
  2100-Dec-05 01:00:00 (92.6%)
  2100-Dec-14 13:00:00 (95.2%)
  2100-Dec-24 01:00:00 (97.8%)
  2100-Dec-31 23:00:00 (100%)
Finished Program: 2014-Nov-18 11:05:40.836884
Elapsed Time: 00:01:14.860227
