instance.yaml
kiva v0.2.0-9-g526928a
Copyright (C) 2012-2014 Big Ladder Software
Web: www.bigladdersoftware.com

Starting Program: 2014-Oct-26 15:38:23.521406
Creating Domain...
  X Cells: 93
  Y Cells: 1
  Z Cells: 125
  Total Cells: 11625
Initializing Temperatures...
  2098-Oct-22 23:00:00
  2099-Jan-08 18:00:00
  2099-Jan-29 13:00:00
  2099-Feb-21 11:00:00
  2099-Mar-16 09:00:00
  2099-Apr-08 07:00:00
  2099-May-01 05:00:00
  2099-May-24 03:00:00
  2099-Jun-16 01:00:00
  2099-Jul-08 23:00:00
  2099-Jul-31 21:00:00
  2099-Aug-23 19:00:00
  2099-Sep-15 18:00:00
  2099-Oct-08 16:00:00
  2099-Oct-31 14:00:00
  2099-Nov-23 12:00:00
  2099-Dec-16 11:00:00
Beginning Simulation...
  2100-Jan-07 20:00:00 (1.9%)
  2100-Jan-29 03:00:00 (7.7%)
  2100-Feb-19 10:00:00 (13.5%)
  2100-Mar-12 16:00:00 (19.4%)
  2100-Apr-02 22:00:00 (25.2%)
  2100-Apr-24 04:00:00 (31%)
  2100-May-15 11:00:00 (36.8%)
  2100-Jun-05 18:00:00 (42.7%)
  2100-Jun-27 00:00:00 (48.5%)
  2100-Jul-18 07:00:00 (54.3%)
  2100-Aug-08 13:00:00 (60.1%)
  2100-Aug-29 20:00:00 (66%)
  2100-Sep-20 08:00:00 (71.9%)
  2100-Oct-11 20:00:00 (77.8%)
  2100-Nov-02 08:00:00 (83.7%)
  2100-Nov-23 20:00:00 (89.5%)
  2100-Dec-15 08:00:00 (95.4%)
  2100-Dec-31 23:00:00 (100%)
Finished Program: 2014-Oct-26 15:38:57.775386
Elapsed Time: 00:00:34.253980
