instance.yaml
kiva v0.2.0-9-g526928a
Copyright (C) 2012-2014 Big Ladder Software
Web: www.bigladdersoftware.com

Starting Program: 2014-Nov-15 11:52:42.402862
Creating Domain...
  X Cells: 237
  Y Cells: 1
  Z Cells: 96
  Total Cells: 22752
Initializing Temperatures...
  2098-Nov-12 23:00:00
  2099-Jan-07 05:00:00
  2099-Jan-17 02:00:00
  2099-Jan-26 23:00:00
  2099-Feb-05 19:00:00
  2099-Feb-15 16:00:00
  2099-Feb-25 12:00:00
  2099-Mar-07 09:00:00
  2099-Mar-17 06:00:00
  2099-Mar-27 02:00:00
  2099-Apr-05 23:00:00
  2099-Apr-15 19:00:00
  2099-Apr-25 16:00:00
  2099-May-05 12:00:00
  2099-May-15 09:00:00
  2099-May-25 06:00:00
  2099-Jun-04 02:00:00
  2099-Jun-13 23:00:00
  2099-Jun-23 20:00:00
  2099-Jul-03 16:00:00
  2099-Jul-13 13:00:00
  2099-Jul-23 09:00:00
  2099-Aug-02 06:00:00
  2099-Aug-12 03:00:00
  2099-Aug-21 23:00:00
  2099-Aug-31 20:00:00
  2099-Sep-10 17:00:00
  2099-Sep-20 13:00:00
  2099-Sep-30 10:00:00
  2099-Oct-10 07:00:00
  2099-Oct-20 03:00:00
  2099-Oct-29 23:00:00
  2099-Nov-08 20:00:00
  2099-Nov-18 17:00:00
  2099-Nov-28 13:00:00
  2099-Dec-08 10:00:00
  2099-Dec-18 06:00:00
  2099-Dec-28 03:00:00
Beginning Simulation...
  2100-Jan-06 20:00:00 (1.6%)
  2100-Jan-16 10:00:00 (4.2%)
  2100-Jan-26 01:00:00 (6.9%)
  2100-Feb-04 15:00:00 (9.5%)
  2100-Feb-14 05:00:00 (12.1%)
  2100-Feb-23 20:00:00 (14.7%)
  2100-Mar-05 10:00:00 (17.4%)
  2100-Mar-15 00:00:00 (20%)
  2100-Mar-24 14:00:00 (22.6%)
  2100-Apr-03 04:00:00 (25.3%)
  2100-Apr-12 19:00:00 (27.9%)
  2100-Apr-22 09:00:00 (30.5%)
  2100-May-02 00:00:00 (33.2%)
  2100-May-11 14:00:00 (35.8%)
  2100-May-21 04:00:00 (38.4%)
  2100-May-30 19:00:00 (41%)
  2100-Jun-09 09:00:00 (43.7%)
  2100-Jun-19 00:00:00 (46.3%)
  2100-Jun-28 14:00:00 (48.9%)
  2100-Jul-08 04:00:00 (51.6%)
  2100-Jul-17 19:00:00 (54.2%)
  2100-Jul-27 09:00:00 (56.8%)
  2100-Aug-05 23:00:00 (59.4%)
  2100-Aug-15 14:00:00 (62.1%)
  2100-Aug-25 04:00:00 (64.7%)
  2100-Sep-03 19:00:00 (67.3%)
  2100-Sep-13 09:00:00 (70%)
  2100-Sep-22 23:00:00 (72.6%)
  2100-Oct-02 14:00:00 (75.2%)
  2100-Oct-12 04:00:00 (77.9%)
  2100-Oct-21 19:00:00 (80.5%)
  2100-Oct-31 09:00:00 (83.1%)
  2100-Nov-09 23:00:00 (85.7%)
  2100-Nov-19 14:00:00 (88.4%)
  2100-Nov-29 03:00:00 (91%)
  2100-Dec-08 17:00:00 (93.6%)
  2100-Dec-18 08:00:00 (96.3%)
  2100-Dec-27 22:00:00 (98.9%)
  2100-Dec-31 23:00:00 (100%)
Finished Program: 2014-Nov-15 11:53:58.422879
Elapsed Time: 00:01:16.020017
