instance.yaml
kiva v0.2.0-9-g526928a
Copyright (C) 2012-2014 Big Ladder Software
Web: www.bigladdersoftware.com

Starting Program: 2014-Oct-19 03:11:38.212665
Creating Domain...
  X Cells: 105
  Y Cells: 1
  Z Cells: 133
  Total Cells: 13965
Initializing Temperatures...
  2098-Oct-08 23:00:00
  2099-Jan-02 18:00:00
  2099-Jan-19 10:00:00
  2099-Feb-08 12:00:00
  2099-Feb-28 14:00:00
  2099-Mar-20 16:00:00
  2099-Apr-09 18:00:00
  2099-Apr-29 20:00:00
  2099-May-19 22:00:00
  2099-Jun-09 01:00:00
  2099-Jun-29 03:00:00
  2099-Jul-19 05:00:00
  2099-Aug-08 07:00:00
  2099-Aug-28 09:00:00
  2099-Sep-17 12:00:00
  2099-Oct-07 14:00:00
  2099-Oct-27 16:00:00
  2099-Nov-16 18:00:00
  2099-Dec-06 21:00:00
  2099-Dec-26 23:00:00
Beginning Simulation...
  2100-Jan-14 23:00:00 (3.8%)
  2100-Feb-02 14:00:00 (8.9%)
  2100-Feb-21 05:00:00 (14%)
  2100-Mar-11 20:00:00 (19.1%)
  2100-Mar-30 11:00:00 (24.2%)
  2100-Apr-18 02:00:00 (29.3%)
  2100-May-06 17:00:00 (34.4%)
  2100-May-25 09:00:00 (39.6%)
  2100-Jun-13 01:00:00 (44.7%)
  2100-Jul-01 16:00:00 (49.8%)
  2100-Jul-20 07:00:00 (54.9%)
  2100-Aug-07 23:00:00 (60%)
  2100-Aug-26 15:00:00 (65.1%)
  2100-Sep-14 03:00:00 (70.2%)
  2100-Oct-02 19:00:00 (75.3%)
  2100-Oct-21 11:00:00 (80.4%)
  2100-Nov-09 02:00:00 (85.5%)
  2100-Nov-27 18:00:00 (90.6%)
  2100-Dec-16 10:00:00 (95.7%)
  2100-Dec-31 23:00:00 (100%)
Finished Program: 2014-Oct-19 03:12:17.835524
Elapsed Time: 00:00:39.622859
