instance.yaml
kiva v0.2.0-20-g4c7c200
Copyright (C) 2012-2014 Big Ladder Software
Web: www.bigladdersoftware.com

Starting Program: 2014-Nov-17 14:19:20.231223
Creating Domain...
  X Cells: 244
  Y Cells: 1
  Z Cells: 132
  Total Cells: 32208
Initializing Temperatures...
  2098-Nov-12 23:00:00
  2099-Jan-04 06:00:00
  2099-Jan-11 22:00:00
  2099-Jan-19 14:00:00
  2099-Jan-27 07:00:00
  2099-Feb-03 23:00:00
  2099-Feb-11 16:00:00
  2099-Feb-19 08:00:00
  2099-Feb-27 00:00:00
  2099-Mar-06 17:00:00
  2099-Mar-14 09:00:00
  2099-Mar-22 02:00:00
  2099-Mar-29 18:00:00
  2099-Apr-06 11:00:00
  2099-Apr-14 03:00:00
  2099-Apr-21 20:00:00
  2099-Apr-29 12:00:00
  2099-May-07 04:00:00
  2099-May-14 21:00:00
  2099-May-22 13:00:00
  2099-May-30 06:00:00
  2099-Jun-06 22:00:00
  2099-Jun-14 14:00:00
  2099-Jun-22 06:00:00
  2099-Jun-29 23:00:00
  2099-Jul-07 15:00:00
  2099-Jul-15 08:00:00
  2099-Jul-23 00:00:00
  2099-Jul-30 16:00:00
  2099-Aug-07 09:00:00
  2099-Aug-15 01:00:00
  2099-Aug-22 18:00:00
  2099-Aug-30 10:00:00
  2099-Sep-07 03:00:00
  2099-Sep-14 19:00:00
  2099-Sep-22 12:00:00
  2099-Sep-30 04:00:00
  2099-Oct-07 21:00:00
  2099-Oct-15 13:00:00
  2099-Oct-23 06:00:00
  2099-Oct-30 22:00:00
  2099-Nov-07 15:00:00
  2099-Nov-15 07:00:00
  2099-Nov-23 00:00:00
  2099-Nov-30 16:00:00
  2099-Dec-08 09:00:00
  2099-Dec-16 01:00:00
  2099-Dec-23 18:00:00
  2099-Dec-31 10:00:00
Beginning Simulation...
  2100-Jan-07 16:00:00 (1.8%)
  2100-Jan-14 22:00:00 (3.8%)
  2100-Jan-22 03:00:00 (5.8%)
  2100-Jan-29 08:00:00 (7.8%)
  2100-Feb-05 14:00:00 (9.7%)
  2100-Feb-12 19:00:00 (11.7%)
  2100-Feb-20 01:00:00 (13.7%)
  2100-Feb-27 06:00:00 (15.7%)
  2100-Mar-06 11:00:00 (17.7%)
  2100-Mar-13 16:00:00 (19.6%)
  2100-Mar-20 22:00:00 (21.6%)
  2100-Mar-28 03:00:00 (23.6%)
  2100-Apr-04 09:00:00 (25.6%)
  2100-Apr-11 14:00:00 (27.6%)
  2100-Apr-18 19:00:00 (29.5%)
  2100-Apr-26 00:00:00 (31.5%)
  2100-May-03 06:00:00 (33.5%)
  2100-May-10 11:00:00 (35.5%)
  2100-May-17 16:00:00 (37.4%)
  2100-May-24 20:00:00 (39.4%)
  2100-Jun-01 02:00:00 (41.4%)
  2100-Jun-08 07:00:00 (43.4%)
  2100-Jun-15 12:00:00 (45.3%)
  2100-Jun-22 18:00:00 (47.3%)
  2100-Jun-29 23:00:00 (49.3%)
  2100-Jul-07 04:00:00 (51.3%)
  2100-Jul-14 10:00:00 (53.3%)
  2100-Jul-21 15:00:00 (55.2%)
  2100-Jul-28 20:00:00 (57.2%)
  2100-Aug-05 02:00:00 (59.2%)
  2100-Aug-12 07:00:00 (61.2%)
  2100-Aug-19 12:00:00 (63.2%)
  2100-Aug-26 17:00:00 (65.1%)
  2100-Sep-02 23:00:00 (67.1%)
  2100-Sep-10 04:00:00 (69.1%)
  2100-Sep-17 08:00:00 (71.1%)
  2100-Sep-24 14:00:00 (73%)
  2100-Oct-01 19:00:00 (75%)
  2100-Oct-09 00:00:00 (77%)
  2100-Oct-16 06:00:00 (79%)
  2100-Oct-23 11:00:00 (80.9%)
  2100-Oct-30 16:00:00 (82.9%)
  2100-Nov-06 22:00:00 (84.9%)
  2100-Nov-14 03:00:00 (86.9%)
  2100-Nov-21 08:00:00 (88.9%)
  2100-Nov-28 13:00:00 (90.8%)
  2100-Dec-05 18:00:00 (92.8%)
  2100-Dec-13 00:00:00 (94.8%)
  2100-Dec-20 05:00:00 (96.8%)
  2100-Dec-27 11:00:00 (98.8%)
  2100-Dec-31 23:00:00 (100%)
Finished Program: 2014-Nov-17 14:20:59.628064
Elapsed Time: 00:01:39.396841
