instance.yaml
kiva v0.2.0-21-g785bfe1
Copyright (C) 2012-2014 Big Ladder Software
Web: www.bigladdersoftware.com

Starting Program: 2014-Nov-18 11:18:26.412210
Creating Domain...
  X Cells: 104
  Y Cells: 1
  Z Cells: 113
  Total Cells: 11752
Initializing Temperatures...
  2099-Jan-01 09:00:00
  2099-Jan-21 17:00:00
  2099-Feb-11 00:00:00
  2099-Mar-03 08:00:00
  2099-Mar-23 15:00:00
  2099-Apr-12 22:00:00
  2099-May-03 06:00:00
  2099-May-23 14:00:00
  2099-Jun-12 21:00:00
  2099-Jul-03 05:00:00
  2099-Jul-23 13:00:00
  2099-Aug-12 20:00:00
  2099-Sep-02 04:00:00
  2099-Sep-22 13:00:00
  2099-Oct-12 23:00:00
  2099-Nov-02 09:00:00
  2099-Nov-22 18:00:00
  2099-Dec-13 04:00:00
Beginning Simulation...
  2100-Jan-02 13:00:00 (0.4%)
  2100-Jan-22 11:00:00 (5.9%)
  2100-Feb-11 09:00:00 (11.3%)
  2100-Mar-03 07:00:00 (16.8%)
  2100-Mar-23 05:00:00 (22.2%)
  2100-Apr-12 09:00:00 (27.8%)
  2100-May-02 12:00:00 (33.3%)
  2100-May-22 15:00:00 (38.8%)
  2100-Jun-11 19:00:00 (44.3%)
  2100-Jul-01 22:00:00 (49.8%)
  2100-Jul-22 01:00:00 (55.4%)
  2100-Aug-11 04:00:00 (60.9%)
  2100-Aug-31 08:00:00 (66.4%)
  2100-Sep-20 10:00:00 (71.9%)
  2100-Oct-10 10:00:00 (77.4%)
  2100-Oct-30 13:00:00 (82.9%)
  2100-Nov-19 17:00:00 (88.4%)
  2100-Dec-09 20:00:00 (93.9%)
  2100-Dec-30 00:00:00 (99.5%)
  2100-Dec-31 23:00:00 (100%)
Finished Program: 2014-Nov-18 11:19:03.099222
Elapsed Time: 00:00:36.687012
