instance.yaml
kiva v0.2.0-21-g785bfe1
Copyright (C) 2012-2014 Big Ladder Software
Web: www.bigladdersoftware.com

Starting Program: 2014-Nov-18 11:25:29.050283
Creating Domain...
  X Cells: 123
  Y Cells: 1
  Z Cells: 96
  Total Cells: 11808
Initializing Temperatures...
  2099-Jan-07 20:00:00
  2099-Jan-26 12:00:00
  2099-Feb-14 04:00:00
  2099-Mar-04 21:00:00
  2099-Mar-23 13:00:00
  2099-Apr-11 05:00:00
  2099-Apr-29 22:00:00
  2099-May-18 14:00:00
  2099-Jun-06 07:00:00
  2099-Jun-24 23:00:00
  2099-Jul-13 16:00:00
  2099-Aug-01 08:00:00
  2099-Aug-20 00:00:00
  2099-Sep-07 17:00:00
  2099-Sep-26 08:00:00
  2099-Oct-15 00:00:00
  2099-Nov-02 17:00:00
  2099-Nov-21 10:00:00
  2099-Dec-10 02:00:00
  2099-Dec-28 18:00:00
Beginning Simulation...
  2100-Jan-16 00:00:00 (4.1%)
  2100-Feb-03 04:00:00 (9.1%)
  2100-Feb-21 07:00:00 (14.1%)
  2100-Mar-11 11:00:00 (19%)
  2100-Mar-29 14:00:00 (24%)
  2100-Apr-16 18:00:00 (29%)
  2100-May-04 22:00:00 (33.9%)
  2100-May-23 01:00:00 (38.9%)
  2100-Jun-10 05:00:00 (43.9%)
  2100-Jun-28 09:00:00 (48.9%)
  2100-Jul-16 11:00:00 (53.8%)
  2100-Aug-03 14:00:00 (58.8%)
  2100-Aug-21 18:00:00 (63.8%)
  2100-Sep-08 21:00:00 (68.7%)
  2100-Sep-27 01:00:00 (73.7%)
  2100-Oct-15 05:00:00 (78.7%)
  2100-Nov-02 08:00:00 (83.7%)
  2100-Nov-20 12:00:00 (88.6%)
  2100-Dec-08 15:00:00 (93.6%)
  2100-Dec-26 19:00:00 (98.6%)
  2100-Dec-31 23:00:00 (100%)
Finished Program: 2014-Nov-18 11:26:09.286365
Elapsed Time: 00:00:40.236082
