instance.yaml
kiva v0.2.0-9-g526928a
Copyright (C) 2012-2014 Big Ladder Software
Web: www.bigladdersoftware.com

Starting Program: 2014-Oct-26 15:53:52.027515
Creating Domain...
  X Cells: 90
  Y Cells: 1
  Z Cells: 125
  Total Cells: 11250
Initializing Temperatures...
  2098-Dec-17 23:00:00
  2099-Jan-14 03:00:00
  2099-Feb-06 12:00:00
  2099-Mar-01 21:00:00
  2099-Mar-25 06:00:00
  2099-Apr-17 16:00:00
  2099-May-11 01:00:00
  2099-Jun-03 10:00:00
  2099-Jun-26 19:00:00
  2099-Jul-20 03:00:00
  2099-Aug-12 12:00:00
  2099-Sep-04 21:00:00
  2099-Sep-28 06:00:00
  2099-Oct-21 15:00:00
  2099-Nov-14 00:00:00
  2099-Dec-07 10:00:00
  2099-Dec-30 18:00:00
Beginning Simulation...
  2100-Jan-21 10:00:00 (5.6%)
  2100-Feb-12 00:00:00 (11.5%)
  2100-Mar-05 14:00:00 (17.4%)
  2100-Mar-27 03:00:00 (23.3%)
  2100-Apr-17 17:00:00 (29.2%)
  2100-May-09 07:00:00 (35.1%)
  2100-May-30 20:00:00 (41.1%)
  2100-Jun-21 10:00:00 (47%)
  2100-Jul-12 23:00:00 (52.9%)
  2100-Aug-03 13:00:00 (58.8%)
  2100-Aug-25 02:00:00 (64.7%)
  2100-Sep-15 16:00:00 (70.6%)
  2100-Oct-07 06:00:00 (76.5%)
  2100-Oct-28 15:00:00 (82.4%)
  2100-Nov-19 05:00:00 (88.3%)
  2100-Dec-10 19:00:00 (94.2%)
  2100-Dec-31 23:00:00 (100%)
Finished Program: 2014-Oct-26 15:54:25.982329
Elapsed Time: 00:00:33.954814
