instance.yaml
kiva v0.2.0-9-g526928a
Copyright (C) 2012-2014 Big Ladder Software
Web: www.bigladdersoftware.com

Starting Program: 2014-Nov-15 11:23:44.894815
Creating Domain...
  X Cells: 192
  Y Cells: 1
  Z Cells: 103
  Total Cells: 19776
Initializing Temperatures...
  2099-Jan-02 03:00:00
  2099-Jan-13 12:00:00
  2099-Jan-24 20:00:00
  2099-Feb-05 05:00:00
  2099-Feb-16 14:00:00
  2099-Feb-27 22:00:00
  2099-Mar-11 07:00:00
  2099-Mar-22 15:00:00
  2099-Apr-03 00:00:00
  2099-Apr-14 08:00:00
  2099-Apr-25 17:00:00
  2099-May-07 02:00:00
  2099-May-18 10:00:00
  2099-May-29 19:00:00
  2099-Jun-10 04:00:00
  2099-Jun-21 12:00:00
  2099-Jul-02 20:00:00
  2099-Jul-14 05:00:00
  2099-Jul-25 14:00:00
  2099-Aug-05 22:00:00
  2099-Aug-17 07:00:00
  2099-Aug-28 15:00:00
  2099-Sep-09 00:00:00
  2099-Sep-20 08:00:00
  2099-Oct-01 17:00:00
  2099-Oct-13 02:00:00
  2099-Oct-24 11:00:00
  2099-Nov-04 19:00:00
  2099-Nov-16 04:00:00
  2099-Nov-27 13:00:00
  2099-Dec-08 21:00:00
  2099-Dec-20 06:00:00
  2099-Dec-31 15:00:00
Beginning Simulation...
  2100-Jan-11 18:00:00 (2.9%)
  2100-Jan-22 22:00:00 (6%)
  2100-Feb-03 01:00:00 (9.1%)
  2100-Feb-14 04:00:00 (12.1%)
  2100-Feb-25 07:00:00 (15.1%)
  2100-Mar-08 11:00:00 (18.2%)
  2100-Mar-19 14:00:00 (21.3%)
  2100-Mar-30 18:00:00 (24.3%)
  2100-Apr-10 21:00:00 (27.4%)
  2100-Apr-22 00:00:00 (30.4%)
  2100-May-03 04:00:00 (33.5%)
  2100-May-14 07:00:00 (36.5%)
  2100-May-25 11:00:00 (39.6%)
  2100-Jun-05 14:00:00 (42.6%)
  2100-Jun-16 17:00:00 (45.7%)
  2100-Jun-27 21:00:00 (48.7%)
  2100-Jul-09 00:00:00 (51.8%)
  2100-Jul-20 04:00:00 (54.8%)
  2100-Jul-31 07:00:00 (57.9%)
  2100-Aug-11 11:00:00 (60.9%)
  2100-Aug-22 14:00:00 (64%)
  2100-Sep-02 17:00:00 (67%)
  2100-Sep-13 21:00:00 (70.1%)
  2100-Sep-25 00:00:00 (73.2%)
  2100-Oct-06 04:00:00 (76.2%)
  2100-Oct-17 07:00:00 (79.3%)
  2100-Oct-28 10:00:00 (82.3%)
  2100-Nov-08 14:00:00 (85.4%)
  2100-Nov-19 17:00:00 (88.4%)
  2100-Nov-30 21:00:00 (91.5%)
  2100-Dec-12 00:00:00 (94.5%)
  2100-Dec-23 04:00:00 (97.6%)
  2100-Dec-31 23:00:00 (100%)
Finished Program: 2014-Nov-15 11:24:50.792478
Elapsed Time: 00:01:05.897663
