instance.yaml
kiva v0.2.0-21-g785bfe1
Copyright (C) 2012-2014 Big Ladder Software
Web: www.bigladdersoftware.com

Starting Program: 2014-Nov-18 11:21:29.067632
Creating Domain...
  X Cells: 118
  Y Cells: 1
  Z Cells: 103
  Total Cells: 12154
Initializing Temperatures...
  2099-Jan-06 11:00:00
  2099-Jan-25 05:00:00
  2099-Feb-12 23:00:00
  2099-Mar-03 18:00:00
  2099-Mar-22 12:00:00
  2099-Apr-10 06:00:00
  2099-Apr-29 00:00:00
  2099-May-17 19:00:00
  2099-Jun-05 13:00:00
  2099-Jun-24 07:00:00
  2099-Jul-13 01:00:00
  2099-Jul-31 20:00:00
  2099-Aug-19 15:00:00
  2099-Sep-07 11:00:00
  2099-Sep-26 06:00:00
  2099-Oct-15 02:00:00
  2099-Nov-02 21:00:00
  2099-Nov-21 17:00:00
  2099-Dec-10 12:00:00
  2099-Dec-29 08:00:00
Beginning Simulation...
  2100-Jan-16 17:00:00 (4.3%)
  2100-Feb-04 01:00:00 (9.3%)
  2100-Feb-22 09:00:00 (14.3%)
  2100-Mar-12 17:00:00 (19.4%)
  2100-Mar-31 01:00:00 (24.4%)
  2100-Apr-18 10:00:00 (29.4%)
  2100-May-06 18:00:00 (34.5%)
  2100-May-25 03:00:00 (39.5%)
  2100-Jun-12 11:00:00 (44.5%)
  2100-Jun-30 19:00:00 (49.5%)
  2100-Jul-19 04:00:00 (54.6%)
  2100-Aug-06 13:00:00 (59.6%)
  2100-Aug-24 20:00:00 (64.6%)
  2100-Sep-12 05:00:00 (69.6%)
  2100-Sep-30 13:00:00 (74.7%)
  2100-Oct-18 22:00:00 (79.7%)
  2100-Nov-06 07:00:00 (84.7%)
  2100-Nov-24 16:00:00 (89.8%)
  2100-Dec-13 00:00:00 (94.8%)
  2100-Dec-31 08:00:00 (99.8%)
  2100-Dec-31 23:00:00 (100%)
Finished Program: 2014-Nov-18 11:22:09.034549
Elapsed Time: 00:00:39.966917
