instance.yaml
kiva v0.2.0-21-g785bfe1
Copyright (C) 2012-2014 Big Ladder Software
Web: www.bigladdersoftware.com

Starting Program: 2014-Nov-18 11:12:26.845675
Creating Domain...
  X Cells: 257
  Y Cells: 1
  Z Cells: 103
  Total Cells: 26471
Initializing Temperatures...
  2098-Dec-31 23:00:00
  2099-Jan-09 05:00:00
  2099-Jan-17 16:00:00
  2099-Jan-26 02:00:00
  2099-Feb-03 13:00:00
  2099-Feb-11 23:00:00
  2099-Feb-20 10:00:00
  2099-Feb-28 20:00:00
  2099-Mar-09 06:00:00
  2099-Mar-17 17:00:00
  2099-Mar-26 04:00:00
  2099-Apr-03 15:00:00
  2099-Apr-12 03:00:00
  2099-Apr-20 14:00:00
  2099-Apr-29 00:00:00
  2099-May-07 11:00:00
  2099-May-15 22:00:00
  2099-May-24 09:00:00
  2099-Jun-01 20:00:00
  2099-Jun-10 07:00:00
  2099-Jun-18 18:00:00
  2099-Jun-27 06:00:00
  2099-Jul-05 17:00:00
  2099-Jul-14 04:00:00
  2099-Jul-22 16:00:00
  2099-Jul-31 03:00:00
  2099-Aug-08 14:00:00
  2099-Aug-17 01:00:00
  2099-Aug-25 13:00:00
  2099-Sep-03 00:00:00
  2099-Sep-11 11:00:00
  2099-Sep-19 23:00:00
  2099-Sep-28 10:00:00
  2099-Oct-06 21:00:00
  2099-Oct-15 09:00:00
  2099-Oct-23 20:00:00
  2099-Nov-01 07:00:00
  2099-Nov-09 19:00:00
  2099-Nov-18 06:00:00
  2099-Nov-26 17:00:00
  2099-Dec-05 04:00:00
  2099-Dec-13 16:00:00
  2099-Dec-22 03:00:00
  2099-Dec-30 14:00:00
Beginning Simulation...
  2100-Jan-07 22:00:00 (1.9%)
  2100-Jan-16 05:00:00 (4.2%)
  2100-Jan-24 12:00:00 (6.4%)
  2100-Feb-01 18:00:00 (8.7%)
  2100-Feb-10 01:00:00 (11%)
  2100-Feb-18 08:00:00 (13.2%)
  2100-Feb-26 15:00:00 (15.5%)
  2100-Mar-06 22:00:00 (17.8%)
  2100-Mar-15 05:00:00 (20.1%)
  2100-Mar-23 12:00:00 (22.3%)
  2100-Mar-31 18:00:00 (24.6%)
  2100-Apr-09 01:00:00 (26.9%)
  2100-Apr-17 08:00:00 (29.1%)
  2100-Apr-25 15:00:00 (31.4%)
  2100-May-03 22:00:00 (33.7%)
  2100-May-12 05:00:00 (35.9%)
  2100-May-20 12:00:00 (38.2%)
  2100-May-28 19:00:00 (40.5%)
  2100-Jun-06 01:00:00 (42.8%)
  2100-Jun-14 08:00:00 (45%)
  2100-Jun-22 14:00:00 (47.3%)
  2100-Jun-30 21:00:00 (49.6%)
  2100-Jul-09 04:00:00 (51.8%)
  2100-Jul-17 10:00:00 (54.1%)
  2100-Jul-25 17:00:00 (56.4%)
  2100-Aug-03 00:00:00 (58.6%)
  2100-Aug-11 07:00:00 (60.9%)
  2100-Aug-19 14:00:00 (63.2%)
  2100-Aug-27 20:00:00 (65.4%)
  2100-Sep-05 03:00:00 (67.7%)
  2100-Sep-13 10:00:00 (70%)
  2100-Sep-21 17:00:00 (72.2%)
  2100-Sep-30 00:00:00 (74.5%)
  2100-Oct-08 06:00:00 (76.8%)
  2100-Oct-16 13:00:00 (79.1%)
  2100-Oct-24 20:00:00 (81.3%)
  2100-Nov-02 03:00:00 (83.6%)
  2100-Nov-10 10:00:00 (85.9%)
  2100-Nov-18 16:00:00 (88.1%)
  2100-Nov-26 23:00:00 (90.4%)
  2100-Dec-05 06:00:00 (92.7%)
  2100-Dec-13 13:00:00 (94.9%)
  2100-Dec-21 20:00:00 (97.2%)
  2100-Dec-30 03:00:00 (99.5%)
  2100-Dec-31 23:00:00 (100%)
Finished Program: 2014-Nov-18 11:13:55.224581
Elapsed Time: 00:01:28.378906
