instance.yaml
kiva v0.2.0-22-gd89b213
Copyright (C) 2012-2014 Big Ladder Software
Web: www.bigladdersoftware.com

Starting Program: 2014-Nov-19 10:44:46.374861
Creating Domain...
  X Cells: 154
  Y Cells: 1
  Z Cells: 113
  Total Cells: 17402
Initializing Temperatures...
  2098-Dec-03 23:00:00
  2099-Jan-11 10:00:00
  2099-Jan-24 08:00:00
  2099-Feb-06 05:00:00
  2099-Feb-19 02:00:00
  2099-Mar-03 23:00:00
  2099-Mar-16 20:00:00
  2099-Mar-29 17:00:00
  2099-Apr-11 14:00:00
  2099-Apr-24 11:00:00
  2099-May-07 08:00:00
  2099-May-20 06:00:00
  2099-Jun-02 03:00:00
  2099-Jun-15 00:00:00
  2099-Jun-27 21:00:00
  2099-Jul-10 18:00:00
  2099-Jul-23 15:00:00
  2099-Aug-05 12:00:00
  2099-Aug-18 10:00:00
  2099-Aug-31 07:00:00
  2099-Sep-13 04:00:00
  2099-Sep-26 01:00:00
  2099-Oct-08 23:00:00
  2099-Oct-21 20:00:00
  2099-Nov-03 17:00:00
  2099-Nov-16 14:00:00
  2099-Nov-29 12:00:00
  2099-Dec-12 09:00:00
  2099-Dec-25 06:00:00
Beginning Simulation...
  2100-Jan-07 01:00:00 (1.7%)
  2100-Jan-19 16:00:00 (5.1%)
  2100-Feb-01 08:00:00 (8.6%)
  2100-Feb-14 00:00:00 (12.1%)
  2100-Feb-26 16:00:00 (15.5%)
  2100-Mar-11 07:00:00 (19%)
  2100-Mar-23 23:00:00 (22.5%)
  2100-Apr-05 15:00:00 (25.9%)
  2100-Apr-18 07:00:00 (29.4%)
  2100-Apr-30 23:00:00 (32.9%)
  2100-May-13 15:00:00 (36.3%)
  2100-May-26 07:00:00 (39.8%)
  2100-Jun-07 22:00:00 (43.3%)
  2100-Jun-20 14:00:00 (46.7%)
  2100-Jul-03 06:00:00 (50.2%)
  2100-Jul-15 22:00:00 (53.7%)
  2100-Jul-28 14:00:00 (57.1%)
  2100-Aug-10 06:00:00 (60.6%)
  2100-Aug-22 22:00:00 (64.1%)
  2100-Sep-04 14:00:00 (67.6%)
  2100-Sep-17 06:00:00 (71%)
  2100-Sep-29 22:00:00 (74.5%)
  2100-Oct-12 14:00:00 (78%)
  2100-Oct-25 06:00:00 (81.4%)
  2100-Nov-06 22:00:00 (84.9%)
  2100-Nov-19 14:00:00 (88.4%)
  2100-Dec-02 06:00:00 (91.8%)
  2100-Dec-14 22:00:00 (95.3%)
  2100-Dec-27 14:00:00 (98.8%)
  2100-Dec-31 23:00:00 (100%)
Finished Program: 2014-Nov-19 10:45:44.348138
Elapsed Time: 00:00:57.973277
