instance.yaml
kiva v0.2.0-22-gd89b213
Copyright (C) 2012-2014 Big Ladder Software
Web: www.bigladdersoftware.com

Starting Program: 2014-Nov-19 10:39:42.848158
Creating Domain...
  X Cells: 157
  Y Cells: 1
  Z Cells: 133
  Total Cells: 20881
Initializing Temperatures...
  2099-Jan-03 08:00:00
  2099-Jan-15 08:00:00
  2099-Jan-27 07:00:00
  2099-Feb-08 06:00:00
  2099-Feb-20 05:00:00
  2099-Mar-04 04:00:00
  2099-Mar-16 03:00:00
  2099-Mar-28 02:00:00
  2099-Apr-09 01:00:00
  2099-Apr-21 00:00:00
  2099-May-03 00:00:00
  2099-May-14 23:00:00
  2099-May-26 22:00:00
  2099-Jun-07 21:00:00
  2099-Jun-19 20:00:00
  2099-Jul-01 19:00:00
  2099-Jul-13 18:00:00
  2099-Jul-25 18:00:00
  2099-Aug-06 17:00:00
  2099-Aug-18 16:00:00
  2099-Aug-30 15:00:00
  2099-Sep-11 14:00:00
  2099-Sep-23 13:00:00
  2099-Oct-05 12:00:00
  2099-Oct-17 11:00:00
  2099-Oct-29 11:00:00
  2099-Nov-10 10:00:00
  2099-Nov-22 09:00:00
  2099-Dec-04 09:00:00
  2099-Dec-16 08:00:00
  2099-Dec-28 07:00:00
Beginning Simulation...
  2100-Jan-08 12:00:00 (2.1%)
  2100-Jan-19 09:00:00 (5%)
  2100-Jan-30 06:00:00 (8%)
  2100-Feb-10 03:00:00 (11%)
  2100-Feb-21 00:00:00 (14%)
  2100-Mar-03 21:00:00 (17%)
  2100-Mar-14 18:00:00 (19.9%)
  2100-Mar-25 15:00:00 (22.9%)
  2100-Apr-05 11:00:00 (25.9%)
  2100-Apr-16 08:00:00 (28.9%)
  2100-Apr-27 05:00:00 (31.8%)
  2100-May-08 02:00:00 (34.8%)
  2100-May-18 23:00:00 (37.8%)
  2100-May-29 20:00:00 (40.8%)
  2100-Jun-09 16:00:00 (43.7%)
  2100-Jun-20 13:00:00 (46.7%)
  2100-Jul-01 10:00:00 (49.7%)
  2100-Jul-12 07:00:00 (52.7%)
  2100-Jul-23 04:00:00 (55.7%)
  2100-Aug-03 01:00:00 (58.6%)
  2100-Aug-13 23:00:00 (61.6%)
  2100-Aug-24 20:00:00 (64.6%)
  2100-Sep-04 17:00:00 (67.6%)
  2100-Sep-15 14:00:00 (70.6%)
  2100-Sep-26 10:00:00 (73.5%)
  2100-Oct-07 07:00:00 (76.5%)
  2100-Oct-18 05:00:00 (79.5%)
  2100-Oct-29 02:00:00 (82.5%)
  2100-Nov-08 23:00:00 (85.5%)
  2100-Nov-19 20:00:00 (88.4%)
  2100-Nov-30 17:00:00 (91.4%)
  2100-Dec-11 14:00:00 (94.4%)
  2100-Dec-22 11:00:00 (97.4%)
  2100-Dec-31 23:00:00 (100%)
Finished Program: 2014-Nov-19 10:40:47.874756
Elapsed Time: 00:01:05.026598
