instance.yaml
kiva v0.2.0-21-g785bfe1
Copyright (C) 2012-2014 Big Ladder Software
Web: www.bigladdersoftware.com

Starting Program: 2014-Nov-18 11:24:24.995949
Creating Domain...
  X Cells: 93
  Y Cells: 1
  Z Cells: 125
  Total Cells: 11625
Initializing Temperatures...
  2099-Jan-08 23:00:00
  2099-Jan-28 23:00:00
  2099-Feb-18 00:00:00
  2099-Mar-10 00:00:00
  2099-Mar-30 01:00:00
  2099-Apr-19 01:00:00
  2099-May-09 02:00:00
  2099-May-29 03:00:00
  2099-Jun-18 03:00:00
  2099-Jul-08 04:00:00
  2099-Jul-28 04:00:00
  2099-Aug-17 05:00:00
  2099-Sep-06 06:00:00
  2099-Sep-26 07:00:00
  2099-Oct-16 07:00:00
  2099-Nov-05 08:00:00
  2099-Nov-25 09:00:00
  2099-Dec-15 10:00:00
Beginning Simulation...
  2100-Jan-04 04:00:00 (0.9%)
  2100-Jan-22 17:00:00 (5.9%)
  2100-Feb-10 04:00:00 (11%)
  2100-Feb-28 17:00:00 (16.1%)
  2100-Mar-19 04:00:00 (21.1%)
  2100-Apr-06 16:00:00 (26.2%)
  2100-Apr-25 04:00:00 (31.3%)
  2100-May-13 16:00:00 (36.3%)
  2100-Jun-01 04:00:00 (41.4%)
  2100-Jun-19 17:00:00 (46.5%)
  2100-Jul-08 05:00:00 (51.6%)
  2100-Jul-26 17:00:00 (56.6%)
  2100-Aug-14 05:00:00 (61.7%)
  2100-Sep-01 17:00:00 (66.8%)
  2100-Sep-20 06:00:00 (71.8%)
  2100-Oct-08 14:00:00 (76.9%)
  2100-Oct-27 02:00:00 (81.9%)
  2100-Nov-14 15:00:00 (87%)
  2100-Dec-03 02:00:00 (92.1%)
  2100-Dec-21 15:00:00 (97.2%)
  2100-Dec-31 23:00:00 (100%)
Finished Program: 2014-Nov-18 11:25:03.560598
Elapsed Time: 00:00:38.564649
