instance.yaml
kiva v0.2.0-20-g4c7c200
Copyright (C) 2012-2014 Big Ladder Software
Web: www.bigladdersoftware.com

Starting Program: 2014-Nov-17 14:15:20.439119
Creating Domain...
  X Cells: 90
  Y Cells: 1
  Z Cells: 125
  Total Cells: 11250
Initializing Temperatures...
  2098-Dec-31 23:00:00
  2099-Jan-21 09:00:00
  2099-Feb-10 22:00:00
  2099-Mar-03 10:00:00
  2099-Mar-23 23:00:00
  2099-Apr-13 12:00:00
  2099-May-04 00:00:00
  2099-May-24 13:00:00
  2099-Jun-14 02:00:00
  2099-Jul-04 15:00:00
  2099-Jul-25 04:00:00
  2099-Aug-14 17:00:00
  2099-Sep-04 06:00:00
  2099-Sep-24 19:00:00
  2099-Oct-15 08:00:00
  2099-Nov-04 21:00:00
  2099-Nov-25 10:00:00
  2099-Dec-15 23:00:00
Beginning Simulation...
  2100-Jan-05 04:00:00 (1.1%)
  2100-Jan-24 02:00:00 (6.3%)
  2100-Feb-12 01:00:00 (11.5%)
  2100-Mar-03 00:00:00 (16.7%)
  2100-Mar-21 21:00:00 (21.9%)
  2100-Apr-09 20:00:00 (27.1%)
  2100-Apr-28 20:00:00 (32.3%)
  2100-May-17 19:00:00 (37.5%)
  2100-Jun-05 21:00:00 (42.7%)
  2100-Jun-25 02:00:00 (48%)
  2100-Jul-14 07:00:00 (53.2%)
  2100-Aug-02 12:00:00 (58.5%)
  2100-Aug-21 17:00:00 (63.8%)
  2100-Sep-09 22:00:00 (69%)
  2100-Sep-29 03:00:00 (74.3%)
  2100-Oct-18 07:00:00 (79.5%)
  2100-Nov-06 12:00:00 (84.8%)
  2100-Nov-25 13:00:00 (90%)
  2100-Dec-14 17:00:00 (95.3%)
  2100-Dec-31 23:00:00 (100%)
Finished Program: 2014-Nov-17 14:15:57.898679
Elapsed Time: 00:00:37.459560
