instance.yaml
kiva v0.2.0-21-g785bfe1
Copyright (C) 2012-2014 Big Ladder Software
Web: www.bigladdersoftware.com

Starting Program: 2014-Nov-18 11:03:25.636538
Creating Domain...
  X Cells: 175
  Y Cells: 1
  Z Cells: 133
  Total Cells: 23275
Initializing Temperatures...
  2098-Oct-01 23:00:00
  2099-Jan-03 23:00:00
  2099-Jan-13 19:00:00
  2099-Jan-23 15:00:00
  2099-Feb-02 10:00:00
  2099-Feb-12 06:00:00
  2099-Feb-22 02:00:00
  2099-Mar-03 23:00:00
  2099-Mar-13 19:00:00
  2099-Mar-23 15:00:00
  2099-Apr-02 11:00:00
  2099-Apr-12 07:00:00
  2099-Apr-22 03:00:00
  2099-May-01 23:00:00
  2099-May-11 19:00:00
  2099-May-21 15:00:00
  2099-May-31 11:00:00
  2099-Jun-10 07:00:00
  2099-Jun-20 03:00:00
  2099-Jun-30 00:00:00
  2099-Jul-09 20:00:00
  2099-Jul-19 16:00:00
  2099-Jul-29 12:00:00
  2099-Aug-08 08:00:00
  2099-Aug-18 04:00:00
  2099-Aug-28 01:00:00
  2099-Sep-06 21:00:00
  2099-Sep-16 17:00:00
  2099-Sep-26 13:00:00
  2099-Oct-06 10:00:00
  2099-Oct-16 06:00:00
  2099-Oct-26 02:00:00
  2099-Nov-04 22:00:00
  2099-Nov-14 19:00:00
  2099-Nov-24 15:00:00
  2099-Dec-04 11:00:00
  2099-Dec-14 07:00:00
  2099-Dec-24 03:00:00
Beginning Simulation...
  2100-Jan-02 20:00:00 (0.5%)
  2100-Jan-11 23:00:00 (3%)
  2100-Jan-21 01:00:00 (5.5%)
  2100-Jan-30 04:00:00 (8%)
  2100-Feb-08 06:00:00 (10.5%)
  2100-Feb-17 08:00:00 (13%)
  2100-Feb-26 11:00:00 (15.5%)
  2100-Mar-07 13:00:00 (18%)
  2100-Mar-16 16:00:00 (20.5%)
  2100-Mar-25 18:00:00 (22.9%)
  2100-Apr-03 20:00:00 (25.4%)
  2100-Apr-12 22:00:00 (27.9%)
  2100-Apr-22 01:00:00 (30.4%)
  2100-May-01 03:00:00 (32.9%)
  2100-May-10 06:00:00 (35.4%)
  2100-May-19 09:00:00 (37.9%)
  2100-May-28 11:00:00 (40.4%)
  2100-Jun-06 13:00:00 (42.9%)
  2100-Jun-15 16:00:00 (45.4%)
  2100-Jun-24 19:00:00 (47.9%)
  2100-Jul-03 21:00:00 (50.4%)
  2100-Jul-13 00:00:00 (52.9%)
  2100-Jul-22 02:00:00 (55.4%)
  2100-Jul-31 05:00:00 (57.9%)
  2100-Aug-09 07:00:00 (60.4%)
  2100-Aug-18 10:00:00 (62.9%)
  2100-Aug-27 13:00:00 (65.4%)
  2100-Sep-05 15:00:00 (67.8%)
  2100-Sep-14 18:00:00 (70.3%)
  2100-Sep-23 21:00:00 (72.8%)
  2100-Oct-03 00:00:00 (75.3%)
  2100-Oct-12 01:00:00 (77.8%)
  2100-Oct-21 03:00:00 (80.3%)
  2100-Oct-30 06:00:00 (82.8%)
  2100-Nov-08 09:00:00 (85.3%)
  2100-Nov-17 11:00:00 (87.8%)
  2100-Nov-26 14:00:00 (90.3%)
  2100-Dec-05 17:00:00 (92.8%)
  2100-Dec-14 19:00:00 (95.3%)
  2100-Dec-23 22:00:00 (97.8%)
  2100-Dec-31 23:00:00 (100%)
Finished Program: 2014-Nov-18 11:04:43.887098
Elapsed Time: 00:01:18.250560
