instance.yaml
kiva v0.2.0-21-g785bfe1
Copyright (C) 2012-2014 Big Ladder Software
Web: www.bigladdersoftware.com

Starting Program: 2014-Nov-18 11:11:27.080231
Creating Domain...
  X Cells: 99
  Y Cells: 1
  Z Cells: 125
  Total Cells: 12375
Initializing Temperatures...
  2099-Jan-07 12:00:00
  2099-Jan-27 18:00:00
  2099-Feb-17 01:00:00
  2099-Mar-09 08:00:00
  2099-Mar-29 14:00:00
  2099-Apr-18 21:00:00
  2099-May-09 04:00:00
  2099-May-29 11:00:00
  2099-Jun-18 18:00:00
  2099-Jul-08 23:00:00
  2099-Jul-29 06:00:00
  2099-Aug-18 13:00:00
  2099-Sep-07 20:00:00
  2099-Sep-28 03:00:00
  2099-Oct-18 10:00:00
  2099-Nov-07 18:00:00
  2099-Nov-28 01:00:00
  2099-Dec-18 08:00:00
Beginning Simulation...
  2100-Jan-07 03:00:00 (1.7%)
  2100-Jan-25 20:00:00 (6.8%)
  2100-Feb-13 14:00:00 (11.9%)
  2100-Mar-04 07:00:00 (17.1%)
  2100-Mar-23 01:00:00 (22.2%)
  2100-Apr-10 19:00:00 (27.3%)
  2100-Apr-29 12:00:00 (32.5%)
  2100-May-18 06:00:00 (37.6%)
  2100-Jun-06 00:00:00 (42.7%)
  2100-Jun-24 18:00:00 (47.9%)
  2100-Jul-13 12:00:00 (53%)
  2100-Aug-01 06:00:00 (58.2%)
  2100-Aug-20 01:00:00 (63.3%)
  2100-Sep-07 19:00:00 (68.4%)
  2100-Sep-26 12:00:00 (73.6%)
  2100-Oct-15 03:00:00 (78.7%)
  2100-Nov-02 21:00:00 (83.8%)
  2100-Nov-21 15:00:00 (88.9%)
  2100-Dec-10 09:00:00 (94.1%)
  2100-Dec-29 03:00:00 (99.2%)
  2100-Dec-31 23:00:00 (100%)
Finished Program: 2014-Nov-18 11:12:05.152621
Elapsed Time: 00:00:38.072390
