instance.yaml
kiva v0.2.0-9-g526928a
Copyright (C) 2012-2014 Big Ladder Software
Web: www.bigladdersoftware.com

Starting Program: 2014-Oct-19 03:39:44.132706
Creating Domain...
  X Cells: 86
  Y Cells: 1
  Z Cells: 93
  Total Cells: 7998
Initializing Temperatures...
  2098-Dec-17 23:00:00
  2099-Jan-19 23:00:00
  2099-Feb-19 11:00:00
  2099-Mar-21 23:00:00
  2099-Apr-21 11:00:00
  2099-May-21 23:00:00
  2099-Jun-21 12:00:00
  2099-Jul-22 00:00:00
  2099-Aug-21 12:00:00
  2099-Sep-21 00:00:00
  2099-Oct-21 12:00:00
  2099-Nov-21 00:00:00
  2099-Dec-21 13:00:00
Beginning Simulation...
  2100-Jan-20 10:00:00 (5.3%)
  2100-Feb-19 00:00:00 (13.4%)
  2100-Mar-20 14:00:00 (21.5%)
  2100-Apr-19 05:00:00 (29.6%)
  2100-May-18 19:00:00 (37.8%)
  2100-Jun-17 10:00:00 (45.9%)
  2100-Jul-17 00:00:00 (54%)
  2100-Aug-15 15:00:00 (62.1%)
  2100-Sep-14 05:00:00 (70.2%)
  2100-Oct-13 20:00:00 (78.3%)
  2100-Nov-12 09:00:00 (86.4%)
  2100-Dec-12 00:00:00 (94.5%)
  2100-Dec-31 23:00:00 (100%)
Finished Program: 2014-Oct-19 03:40:09.676689
Elapsed Time: 00:00:25.543983
