instance.yaml
kiva v0.2.0-9-g526928a
Copyright (C) 2012-2014 Big Ladder Software
Web: www.bigladdersoftware.com

Starting Program: 2014-Oct-26 15:39:48.544001
Creating Domain...
  X Cells: 82
  Y Cells: 1
  Z Cells: 93
  Total Cells: 7626
Initializing Temperatures...
  2098-Oct-08 23:00:00
  2099-Jan-09 09:00:00
  2099-Feb-09 16:00:00
  2099-Mar-14 22:00:00
  2099-Apr-17 04:00:00
  2099-May-20 10:00:00
  2099-Jun-22 15:00:00
  2099-Jul-25 21:00:00
  2099-Aug-28 02:00:00
  2099-Sep-30 08:00:00
  2099-Nov-02 14:00:00
  2099-Dec-05 20:00:00
Beginning Simulation...
  2100-Jan-07 21:00:00 (1.9%)
  2100-Feb-09 04:00:00 (10.7%)
  2100-Mar-13 12:00:00 (19.6%)
  2100-Apr-14 19:00:00 (28.4%)
  2100-May-17 02:00:00 (37.3%)
  2100-Jun-18 09:00:00 (46.1%)
  2100-Jul-20 16:00:00 (55%)
  2100-Aug-22 00:00:00 (63.8%)
  2100-Sep-23 07:00:00 (72.7%)
  2100-Oct-25 14:00:00 (81.5%)
  2100-Nov-26 21:00:00 (90.4%)
  2100-Dec-29 04:00:00 (99.2%)
  2100-Dec-31 23:00:00 (100%)
Finished Program: 2014-Oct-26 15:40:12.086545
Elapsed Time: 00:00:23.542544
