instance.yaml
kiva v0.2.0-9-g526928a
Copyright (C) 2012-2014 Big Ladder Software
Web: www.bigladdersoftware.com

Starting Program: 2014-Oct-19 03:37:06.902088
Creating Domain...
  X Cells: 125
  Y Cells: 1
  Z Cells: 103
  Total Cells: 12875
Initializing Temperatures...
  2098-Dec-24 23:00:00
  2099-Jan-13 11:00:00
  2099-Feb-01 09:00:00
  2099-Feb-20 06:00:00
  2099-Mar-11 04:00:00
  2099-Mar-30 02:00:00
  2099-Apr-18 01:00:00
  2099-May-06 22:00:00
  2099-May-25 21:00:00
  2099-Jun-13 18:00:00
  2099-Jul-02 16:00:00
  2099-Jul-21 14:00:00
  2099-Aug-09 12:00:00
  2099-Aug-28 10:00:00
  2099-Sep-16 08:00:00
  2099-Oct-05 06:00:00
  2099-Oct-24 05:00:00
  2099-Nov-12 03:00:00
  2099-Dec-01 00:00:00
  2099-Dec-19 22:00:00
Beginning Simulation...
  2100-Jan-07 17:00:00 (1.8%)
  2100-Jan-26 07:00:00 (6.9%)
  2100-Feb-13 20:00:00 (12%)
  2100-Mar-04 09:00:00 (17.1%)
  2100-Mar-22 22:00:00 (22.2%)
  2100-Apr-10 11:00:00 (27.2%)
  2100-Apr-29 01:00:00 (32.3%)
  2100-May-17 14:00:00 (37.4%)
  2100-Jun-05 04:00:00 (42.5%)
  2100-Jun-23 18:00:00 (47.6%)
  2100-Jul-12 07:00:00 (52.7%)
  2100-Jul-30 21:00:00 (57.8%)
  2100-Aug-18 10:00:00 (62.9%)
  2100-Sep-06 00:00:00 (67.9%)
  2100-Sep-24 12:00:00 (73%)
  2100-Oct-13 01:00:00 (78.1%)
  2100-Oct-31 15:00:00 (83.2%)
  2100-Nov-19 05:00:00 (88.3%)
  2100-Dec-07 18:00:00 (93.4%)
  2100-Dec-26 07:00:00 (98.4%)
  2100-Dec-31 23:00:00 (100%)
Finished Program: 2014-Oct-19 03:37:47.305016
Elapsed Time: 00:00:40.402928
