instance.yaml
kiva v0.2.0-22-gd89b213
Copyright (C) 2012-2014 Big Ladder Software
Web: www.bigladdersoftware.com

Starting Program: 2014-Nov-19 10:36:54.113590
Creating Domain...
  X Cells: 229
  Y Cells: 1
  Z Cells: 127
  Total Cells: 29083
Initializing Temperatures...
  2098-Nov-26 23:00:00
  2099-Jan-06 17:00:00
  2099-Jan-15 07:00:00
  2099-Jan-23 22:00:00
  2099-Feb-01 12:00:00
  2099-Feb-10 02:00:00
  2099-Feb-18 16:00:00
  2099-Feb-27 05:00:00
  2099-Mar-07 19:00:00
  2099-Mar-16 09:00:00
  2099-Mar-24 23:00:00
  2099-Apr-02 13:00:00
  2099-Apr-11 03:00:00
  2099-Apr-19 18:00:00
  2099-Apr-28 08:00:00
  2099-May-06 22:00:00
  2099-May-15 12:00:00
  2099-May-24 02:00:00
  2099-Jun-01 17:00:00
  2099-Jun-10 07:00:00
  2099-Jun-18 21:00:00
  2099-Jun-27 11:00:00
  2099-Jul-06 01:00:00
  2099-Jul-14 15:00:00
  2099-Jul-23 06:00:00
  2099-Jul-31 20:00:00
  2099-Aug-09 10:00:00
  2099-Aug-18 00:00:00
  2099-Aug-26 14:00:00
  2099-Sep-04 04:00:00
  2099-Sep-12 18:00:00
  2099-Sep-21 08:00:00
  2099-Sep-29 22:00:00
  2099-Oct-08 13:00:00
  2099-Oct-17 03:00:00
  2099-Oct-25 17:00:00
  2099-Nov-03 07:00:00
  2099-Nov-11 21:00:00
  2099-Nov-20 11:00:00
  2099-Nov-29 01:00:00
  2099-Dec-07 15:00:00
  2099-Dec-16 06:00:00
  2099-Dec-24 20:00:00
Beginning Simulation...
  2100-Jan-02 08:00:00 (0.4%)
  2100-Jan-10 08:00:00 (2.6%)
  2100-Jan-18 08:00:00 (4.7%)
  2100-Jan-26 08:00:00 (6.9%)
  2100-Feb-03 08:00:00 (9.1%)
  2100-Feb-11 09:00:00 (11.3%)
  2100-Feb-19 09:00:00 (13.5%)
  2100-Feb-27 12:00:00 (15.8%)
  2100-Mar-07 15:00:00 (18%)
  2100-Mar-15 17:00:00 (20.2%)
  2100-Mar-23 20:00:00 (22.4%)
  2100-Mar-31 23:00:00 (24.6%)
  2100-Apr-09 01:00:00 (26.9%)
  2100-Apr-17 04:00:00 (29.1%)
  2100-Apr-25 07:00:00 (31.3%)
  2100-May-03 10:00:00 (33.5%)
  2100-May-11 13:00:00 (35.8%)
  2100-May-19 16:00:00 (38%)
  2100-May-27 19:00:00 (40.2%)
  2100-Jun-04 22:00:00 (42.4%)
  2100-Jun-13 01:00:00 (44.7%)
  2100-Jun-21 04:00:00 (46.9%)
  2100-Jun-29 07:00:00 (49.1%)
  2100-Jul-07 10:00:00 (51.3%)
  2100-Jul-15 13:00:00 (53.6%)
  2100-Jul-23 16:00:00 (55.8%)
  2100-Jul-31 19:00:00 (58%)
  2100-Aug-08 22:00:00 (60.3%)
  2100-Aug-17 01:00:00 (62.5%)
  2100-Aug-25 04:00:00 (64.7%)
  2100-Sep-02 07:00:00 (66.9%)
  2100-Sep-10 10:00:00 (69.2%)
  2100-Sep-18 13:00:00 (71.4%)
  2100-Sep-26 16:00:00 (73.6%)
  2100-Oct-04 18:00:00 (75.8%)
  2100-Oct-12 20:00:00 (78%)
  2100-Oct-20 23:00:00 (80.3%)
  2100-Oct-29 02:00:00 (82.5%)
  2100-Nov-06 05:00:00 (84.7%)
  2100-Nov-14 08:00:00 (86.9%)
  2100-Nov-22 11:00:00 (89.2%)
  2100-Nov-30 14:00:00 (91.4%)
  2100-Dec-08 17:00:00 (93.6%)
  2100-Dec-16 20:00:00 (95.8%)
  2100-Dec-24 23:00:00 (98.1%)
  2100-Dec-31 23:00:00 (100%)
Finished Program: 2014-Nov-19 10:38:22.865830
Elapsed Time: 00:01:28.752240
