instance.yaml
kiva v0.2.0-22-gd89b213
Copyright (C) 2012-2014 Big Ladder Software
Web: www.bigladdersoftware.com

Starting Program: 2014-Nov-19 10:41:43.486367
Creating Domain...
  X Cells: 154
  Y Cells: 1
  Z Cells: 133
  Total Cells: 20482
Initializing Temperatures...
  2098-Oct-22 23:00:00
  2099-Jan-07 06:00:00
  2099-Jan-18 13:00:00
  2099-Jan-29 20:00:00
  2099-Feb-10 03:00:00
  2099-Feb-21 10:00:00
  2099-Mar-04 17:00:00
  2099-Mar-16 00:00:00
  2099-Mar-27 07:00:00
  2099-Apr-07 14:00:00
  2099-Apr-18 21:00:00
  2099-Apr-30 05:00:00
  2099-May-11 12:00:00
  2099-May-22 19:00:00
  2099-Jun-03 02:00:00
  2099-Jun-14 10:00:00
  2099-Jun-25 16:00:00
  2099-Jul-06 23:00:00
  2099-Jul-18 07:00:00
  2099-Jul-29 14:00:00
  2099-Aug-09 21:00:00
  2099-Aug-21 04:00:00
  2099-Sep-01 12:00:00
  2099-Sep-12 19:00:00
  2099-Sep-24 02:00:00
  2099-Oct-05 10:00:00
  2099-Oct-16 17:00:00
  2099-Oct-28 00:00:00
  2099-Nov-08 08:00:00
  2099-Nov-19 15:00:00
  2099-Nov-30 22:00:00
  2099-Dec-12 05:00:00
  2099-Dec-23 13:00:00
Beginning Simulation...
  2100-Jan-03 14:00:00 (0.7%)
  2100-Jan-13 22:00:00 (3.5%)
  2100-Jan-24 06:00:00 (6.4%)
  2100-Feb-03 14:00:00 (9.2%)
  2100-Feb-13 22:00:00 (12%)
  2100-Feb-24 06:00:00 (14.9%)
  2100-Mar-06 14:00:00 (17.7%)
  2100-Mar-16 22:00:00 (20.5%)
  2100-Mar-27 06:00:00 (23.4%)
  2100-Apr-06 13:00:00 (26.2%)
  2100-Apr-16 22:00:00 (29%)
  2100-Apr-27 06:00:00 (31.8%)
  2100-May-07 14:00:00 (34.7%)
  2100-May-17 22:00:00 (37.5%)
  2100-May-28 06:00:00 (40.3%)
  2100-Jun-07 15:00:00 (43.2%)
  2100-Jun-17 23:00:00 (46%)
  2100-Jun-28 07:00:00 (48.8%)
  2100-Jul-08 15:00:00 (51.7%)
  2100-Jul-18 23:00:00 (54.5%)
  2100-Jul-29 08:00:00 (57.4%)
  2100-Aug-08 16:00:00 (60.2%)
  2100-Aug-19 00:00:00 (63%)
  2100-Aug-29 08:00:00 (65.8%)
  2100-Sep-08 17:00:00 (68.7%)
  2100-Sep-19 01:00:00 (71.5%)
  2100-Sep-29 10:00:00 (74.4%)
  2100-Oct-09 18:00:00 (77.2%)
  2100-Oct-20 04:00:00 (80%)
  2100-Oct-30 15:00:00 (82.9%)
  2100-Nov-10 01:00:00 (85.8%)
  2100-Nov-20 12:00:00 (88.6%)
  2100-Nov-30 22:00:00 (91.5%)
  2100-Dec-11 09:00:00 (94.3%)
  2100-Dec-21 19:00:00 (97.2%)
  2100-Dec-31 23:00:00 (100%)
Finished Program: 2014-Nov-19 10:42:51.975386
Elapsed Time: 00:01:08.489019
