instance.yaml
kiva v0.2.0-9-g526928a
Copyright (C) 2012-2014 Big Ladder Software
Web: www.bigladdersoftware.com

Starting Program: 2014-Nov-15 12:24:42.366762
Creating Domain...
  X Cells: 191
  Y Cells: 1
  Z Cells: 96
  Total Cells: 18336
Initializing Temperatures...
  2098-Dec-10 23:00:00
  2099-Jan-10 22:00:00
  2099-Jan-22 09:00:00
  2099-Feb-02 20:00:00
  2099-Feb-14 08:00:00
  2099-Feb-25 19:00:00
  2099-Mar-09 06:00:00
  2099-Mar-20 17:00:00
  2099-Apr-01 05:00:00
  2099-Apr-12 16:00:00
  2099-Apr-24 03:00:00
  2099-May-05 14:00:00
  2099-May-17 02:00:00
  2099-May-28 13:00:00
  2099-Jun-09 00:00:00
  2099-Jun-20 12:00:00
  2099-Jul-01 23:00:00
  2099-Jul-13 11:00:00
  2099-Jul-24 22:00:00
  2099-Aug-05 09:00:00
  2099-Aug-16 20:00:00
  2099-Aug-28 08:00:00
  2099-Sep-08 19:00:00
  2099-Sep-20 06:00:00
  2099-Oct-01 18:00:00
  2099-Oct-13 05:00:00
  2099-Oct-24 16:00:00
  2099-Nov-05 04:00:00
  2099-Nov-16 15:00:00
  2099-Nov-28 03:00:00
  2099-Dec-09 14:00:00
  2099-Dec-21 02:00:00
Beginning Simulation...
  2100-Jan-01 13:00:00 (0.1%)
  2100-Jan-12 17:00:00 (3.2%)
  2100-Jan-23 21:00:00 (6.3%)
  2100-Feb-04 01:00:00 (9.3%)
  2100-Feb-15 06:00:00 (12.4%)
  2100-Feb-26 11:00:00 (15.5%)
  2100-Mar-09 16:00:00 (18.5%)
  2100-Mar-20 21:00:00 (21.6%)
  2100-Apr-01 02:00:00 (24.7%)
  2100-Apr-12 07:00:00 (27.8%)
  2100-Apr-23 13:00:00 (30.8%)
  2100-May-04 18:00:00 (33.9%)
  2100-May-15 23:00:00 (37%)
  2100-May-27 04:00:00 (40%)
  2100-Jun-07 10:00:00 (43.1%)
  2100-Jun-18 15:00:00 (46.2%)
  2100-Jun-29 19:00:00 (49.3%)
  2100-Jul-11 01:00:00 (52.3%)
  2100-Jul-22 06:00:00 (55.4%)
  2100-Aug-02 11:00:00 (58.5%)
  2100-Aug-13 16:00:00 (61.6%)
  2100-Aug-24 22:00:00 (64.6%)
  2100-Sep-05 03:00:00 (67.7%)
  2100-Sep-16 08:00:00 (70.8%)
  2100-Sep-27 13:00:00 (73.8%)
  2100-Oct-08 18:00:00 (76.9%)
  2100-Oct-20 00:00:00 (80%)
  2100-Oct-31 05:00:00 (83.1%)
  2100-Nov-11 10:00:00 (86.1%)
  2100-Nov-22 16:00:00 (89.2%)
  2100-Dec-03 21:00:00 (92.3%)
  2100-Dec-15 02:00:00 (95.4%)
  2100-Dec-26 07:00:00 (98.4%)
  2100-Dec-31 23:00:00 (100%)
Finished Program: 2014-Nov-15 12:25:47.504736
Elapsed Time: 00:01:05.137974
