instance.yaml
kiva v0.2.0-9-g526928a
Copyright (C) 2012-2014 Big Ladder Software
Web: www.bigladdersoftware.com

Starting Program: 2014-Nov-15 12:24:45.540713
Creating Domain...
  X Cells: 202
  Y Cells: 1
  Z Cells: 103
  Total Cells: 20806
Initializing Temperatures...
  2098-Nov-05 23:00:00
  2099-Jan-07 17:00:00
  2099-Jan-18 03:00:00
  2099-Jan-28 13:00:00
  2099-Feb-07 23:00:00
  2099-Feb-18 09:00:00
  2099-Feb-28 19:00:00
  2099-Mar-11 06:00:00
  2099-Mar-21 16:00:00
  2099-Apr-01 02:00:00
  2099-Apr-11 13:00:00
  2099-Apr-21 22:00:00
  2099-May-02 09:00:00
  2099-May-12 19:00:00
  2099-May-23 06:00:00
  2099-Jun-02 16:00:00
  2099-Jun-13 02:00:00
  2099-Jun-23 12:00:00
  2099-Jul-03 23:00:00
  2099-Jul-14 09:00:00
  2099-Jul-24 19:00:00
  2099-Aug-04 05:00:00
  2099-Aug-14 16:00:00
  2099-Aug-25 02:00:00
  2099-Sep-04 12:00:00
  2099-Sep-14 23:00:00
  2099-Sep-25 09:00:00
  2099-Oct-05 19:00:00
  2099-Oct-16 06:00:00
  2099-Oct-26 16:00:00
  2099-Nov-06 02:00:00
  2099-Nov-16 15:00:00
  2099-Nov-27 04:00:00
  2099-Dec-07 17:00:00
  2099-Dec-18 06:00:00
  2099-Dec-28 19:00:00
Beginning Simulation...
  2100-Jan-08 04:00:00 (2%)
  2100-Jan-18 10:00:00 (4.8%)
  2100-Jan-28 17:00:00 (7.6%)
  2100-Feb-08 00:00:00 (10.4%)
  2100-Feb-18 06:00:00 (13.2%)
  2100-Feb-28 13:00:00 (16%)
  2100-Mar-10 19:00:00 (18.8%)
  2100-Mar-21 02:00:00 (21.7%)
  2100-Mar-31 08:00:00 (24.5%)
  2100-Apr-10 14:00:00 (27.3%)
  2100-Apr-20 21:00:00 (30.1%)
  2100-May-01 03:00:00 (32.9%)
  2100-May-11 10:00:00 (35.7%)
  2100-May-21 17:00:00 (38.6%)
  2100-May-31 23:00:00 (41.4%)
  2100-Jun-11 06:00:00 (44.2%)
  2100-Jun-21 13:00:00 (47%)
  2100-Jul-01 19:00:00 (49.8%)
  2100-Jul-12 02:00:00 (52.6%)
  2100-Jul-22 08:00:00 (55.4%)
  2100-Aug-01 15:00:00 (58.3%)
  2100-Aug-11 21:00:00 (61.1%)
  2100-Aug-22 04:00:00 (63.9%)
  2100-Sep-01 10:00:00 (66.7%)
  2100-Sep-11 17:00:00 (69.5%)
  2100-Sep-21 23:00:00 (72.3%)
  2100-Oct-02 06:00:00 (75.1%)
  2100-Oct-12 12:00:00 (77.9%)
  2100-Oct-22 19:00:00 (80.8%)
  2100-Nov-02 02:00:00 (83.6%)
  2100-Nov-12 07:00:00 (86.4%)
  2100-Nov-22 14:00:00 (89.2%)
  2100-Dec-02 21:00:00 (92%)
  2100-Dec-13 03:00:00 (94.8%)
  2100-Dec-23 10:00:00 (97.6%)
  2100-Dec-31 23:00:00 (100%)
Finished Program: 2014-Nov-15 12:25:56.833303
Elapsed Time: 00:01:11.292590
