instance.yaml
kiva v0.2.0-21-g785bfe1
Copyright (C) 2012-2014 Big Ladder Software
Web: www.bigladdersoftware.com

Starting Program: 2014-Nov-18 11:25:29.038502
Creating Domain...
  X Cells: 232
  Y Cells: 1
  Z Cells: 96
  Total Cells: 22272
Initializing Temperatures...
  2099-Jan-01 06:00:00
  2099-Jan-10 21:00:00
  2099-Jan-20 12:00:00
  2099-Jan-30 04:00:00
  2099-Feb-08 19:00:00
  2099-Feb-18 11:00:00
  2099-Feb-28 02:00:00
  2099-Mar-09 18:00:00
  2099-Mar-19 09:00:00
  2099-Mar-29 01:00:00
  2099-Apr-07 16:00:00
  2099-Apr-17 08:00:00
  2099-Apr-26 23:00:00
  2099-May-06 15:00:00
  2099-May-16 06:00:00
  2099-May-25 21:00:00
  2099-Jun-04 13:00:00
  2099-Jun-14 04:00:00
  2099-Jun-23 20:00:00
  2099-Jul-03 11:00:00
  2099-Jul-13 03:00:00
  2099-Jul-22 18:00:00
  2099-Aug-01 10:00:00
  2099-Aug-11 01:00:00
  2099-Aug-20 17:00:00
  2099-Aug-30 08:00:00
  2099-Sep-09 00:00:00
  2099-Sep-18 15:00:00
  2099-Sep-28 07:00:00
  2099-Oct-08 00:00:00
  2099-Oct-17 16:00:00
  2099-Oct-27 09:00:00
  2099-Nov-06 01:00:00
  2099-Nov-15 18:00:00
  2099-Nov-25 11:00:00
  2099-Dec-05 03:00:00
  2099-Dec-14 20:00:00
  2099-Dec-24 12:00:00
Beginning Simulation...
  2100-Jan-03 03:00:00 (0.6%)
  2100-Jan-12 13:00:00 (3.2%)
  2100-Jan-21 23:00:00 (5.7%)
  2100-Jan-31 09:00:00 (8.3%)
  2100-Feb-09 19:00:00 (10.9%)
  2100-Feb-19 05:00:00 (13.5%)
  2100-Feb-28 15:00:00 (16.1%)
  2100-Mar-10 01:00:00 (18.6%)
  2100-Mar-19 12:00:00 (21.2%)
  2100-Mar-28 22:00:00 (23.8%)
  2100-Apr-07 08:00:00 (26.4%)
  2100-Apr-16 18:00:00 (29%)
  2100-Apr-26 04:00:00 (31.6%)
  2100-May-05 14:00:00 (34.1%)
  2100-May-15 00:00:00 (36.7%)
  2100-May-24 11:00:00 (39.3%)
  2100-Jun-02 21:00:00 (41.9%)
  2100-Jun-12 07:00:00 (44.5%)
  2100-Jun-21 17:00:00 (47%)
  2100-Jul-01 04:00:00 (49.6%)
  2100-Jul-10 14:00:00 (52.2%)
  2100-Jul-19 23:00:00 (54.8%)
  2100-Jul-29 09:00:00 (57.4%)
  2100-Aug-07 19:00:00 (59.9%)
  2100-Aug-17 06:00:00 (62.5%)
  2100-Aug-26 16:00:00 (65.1%)
  2100-Sep-05 02:00:00 (67.7%)
  2100-Sep-14 12:00:00 (70.3%)
  2100-Sep-23 22:00:00 (72.9%)
  2100-Oct-03 08:00:00 (75.4%)
  2100-Oct-12 18:00:00 (78%)
  2100-Oct-22 04:00:00 (80.6%)
  2100-Oct-31 15:00:00 (83.2%)
  2100-Nov-10 00:00:00 (85.8%)
  2100-Nov-19 10:00:00 (88.3%)
  2100-Nov-28 20:00:00 (90.9%)
  2100-Dec-08 06:00:00 (93.5%)
  2100-Dec-17 16:00:00 (96.1%)
  2100-Dec-27 03:00:00 (98.7%)
  2100-Dec-31 23:00:00 (100%)
Finished Program: 2014-Nov-18 11:26:46.516822
Elapsed Time: 00:01:17.478320
