instance.yaml
kiva v0.2.0-9-g526928a
Copyright (C) 2012-2014 Big Ladder Software
Web: www.bigladdersoftware.com

Starting Program: 2014-Oct-26 16:00:27.384417
Creating Domain...
  X Cells: 93
  Y Cells: 1
  Z Cells: 125
  Total Cells: 11625
Initializing Temperatures...
  2098-Nov-05 23:00:00
  2099-Jan-14 00:00:00
  2099-Feb-05 13:00:00
  2099-Feb-28 02:00:00
  2099-Mar-22 15:00:00
  2099-Apr-14 04:00:00
  2099-May-06 17:00:00
  2099-May-29 07:00:00
  2099-Jun-20 20:00:00
  2099-Jul-13 09:00:00
  2099-Aug-04 21:00:00
  2099-Aug-27 10:00:00
  2099-Sep-18 23:00:00
  2099-Oct-11 12:00:00
  2099-Nov-03 01:00:00
  2099-Nov-25 14:00:00
  2099-Dec-18 03:00:00
Beginning Simulation...
  2100-Jan-09 00:00:00 (2.2%)
  2100-Jan-29 20:00:00 (7.9%)
  2100-Feb-19 15:00:00 (13.6%)
  2100-Mar-12 10:00:00 (19.3%)
  2100-Apr-02 06:00:00 (25%)
  2100-Apr-23 01:00:00 (30.7%)
  2100-May-13 21:00:00 (36.4%)
  2100-Jun-03 16:00:00 (42.1%)
  2100-Jun-24 12:00:00 (47.8%)
  2100-Jul-15 07:00:00 (53.5%)
  2100-Aug-05 01:00:00 (59.2%)
  2100-Aug-25 20:00:00 (64.9%)
  2100-Sep-15 16:00:00 (70.6%)
  2100-Oct-06 11:00:00 (76.3%)
  2100-Oct-27 07:00:00 (82%)
  2100-Nov-17 02:00:00 (87.7%)
  2100-Dec-07 22:00:00 (93.4%)
  2100-Dec-28 17:00:00 (99.1%)
  2100-Dec-31 23:00:00 (100%)
Finished Program: 2014-Oct-26 16:01:02.156990
Elapsed Time: 00:00:34.772573
