instance.yaml
kiva v0.2.0-9-g526928a
Copyright (C) 2012-2014 Big Ladder Software
Web: www.bigladdersoftware.com

Starting Program: 2014-Nov-15 11:22:47.689139
Creating Domain...
  X Cells: 181
  Y Cells: 1
  Z Cells: 158
  Total Cells: 28598
Initializing Temperatures...
  2098-Oct-01 23:00:00
  2099-Jan-01 23:00:00
  2099-Jan-09 10:00:00
  2099-Jan-16 23:00:00
  2099-Jan-24 11:00:00
  2099-Feb-01 00:00:00
  2099-Feb-08 12:00:00
  2099-Feb-16 01:00:00
  2099-Feb-23 13:00:00
  2099-Mar-03 01:00:00
  2099-Mar-10 14:00:00
  2099-Mar-18 02:00:00
  2099-Mar-25 15:00:00
  2099-Apr-02 04:00:00
  2099-Apr-09 16:00:00
  2099-Apr-17 05:00:00
  2099-Apr-24 18:00:00
  2099-May-02 06:00:00
  2099-May-09 19:00:00
  2099-May-17 08:00:00
  2099-May-24 21:00:00
  2099-Jun-01 10:00:00
  2099-Jun-08 23:00:00
  2099-Jun-16 12:00:00
  2099-Jun-24 00:00:00
  2099-Jul-01 13:00:00
  2099-Jul-09 02:00:00
  2099-Jul-16 13:00:00
  2099-Jul-24 02:00:00
  2099-Jul-31 15:00:00
  2099-Aug-08 04:00:00
  2099-Aug-15 17:00:00
  2099-Aug-23 06:00:00
  2099-Aug-30 19:00:00
  2099-Sep-07 08:00:00
  2099-Sep-14 21:00:00
  2099-Sep-22 09:00:00
  2099-Sep-29 22:00:00
  2099-Oct-07 11:00:00
  2099-Oct-15 00:00:00
  2099-Oct-22 13:00:00
  2099-Oct-30 02:00:00
  2099-Nov-06 15:00:00
  2099-Nov-14 03:00:00
  2099-Nov-21 16:00:00
  2099-Nov-29 05:00:00
  2099-Dec-06 16:00:00
  2099-Dec-14 02:00:00
  2099-Dec-21 12:00:00
  2099-Dec-28 23:00:00
Beginning Simulation...
  2100-Jan-05 00:00:00 (1.1%)
  2100-Jan-11 20:00:00 (3%)
  2100-Jan-18 16:00:00 (4.8%)
  2100-Jan-25 12:00:00 (6.7%)
  2100-Feb-01 08:00:00 (8.6%)
  2100-Feb-08 04:00:00 (10.5%)
  2100-Feb-15 00:00:00 (12.3%)
  2100-Feb-21 19:00:00 (14.2%)
  2100-Feb-28 15:00:00 (16.1%)
  2100-Mar-07 11:00:00 (17.9%)
  2100-Mar-14 07:00:00 (19.8%)
  2100-Mar-21 03:00:00 (21.7%)
  2100-Mar-27 23:00:00 (23.6%)
  2100-Apr-03 19:00:00 (25.4%)
  2100-Apr-10 15:00:00 (27.3%)
  2100-Apr-17 11:00:00 (29.2%)
  2100-Apr-24 06:00:00 (31%)
  2100-May-01 02:00:00 (32.9%)
  2100-May-07 22:00:00 (34.8%)
  2100-May-14 18:00:00 (36.6%)
  2100-May-21 14:00:00 (38.5%)
  2100-May-28 10:00:00 (40.4%)
  2100-Jun-04 06:00:00 (42.3%)
  2100-Jun-11 01:00:00 (44.1%)
  2100-Jun-17 21:00:00 (46%)
  2100-Jun-24 17:00:00 (47.9%)
  2100-Jul-01 13:00:00 (49.7%)
  2100-Jul-08 09:00:00 (51.6%)
  2100-Jul-15 05:00:00 (53.5%)
  2100-Jul-22 01:00:00 (55.4%)
  2100-Jul-28 21:00:00 (57.2%)
  2100-Aug-04 17:00:00 (59.1%)
  2100-Aug-11 13:00:00 (61%)
  2100-Aug-18 09:00:00 (62.8%)
  2100-Aug-25 05:00:00 (64.7%)
  2100-Sep-01 01:00:00 (66.6%)
  2100-Sep-07 21:00:00 (68.5%)
  2100-Sep-14 17:00:00 (70.3%)
  2100-Sep-21 13:00:00 (72.2%)
  2100-Sep-28 09:00:00 (74.1%)
  2100-Oct-05 05:00:00 (75.9%)
  2100-Oct-12 01:00:00 (77.8%)
  2100-Oct-18 21:00:00 (79.7%)
  2100-Oct-25 17:00:00 (81.6%)
  2100-Nov-01 13:00:00 (83.4%)
  2100-Nov-08 09:00:00 (85.3%)
  2100-Nov-15 05:00:00 (87.2%)
  2100-Nov-22 01:00:00 (89.1%)
  2100-Nov-28 21:00:00 (90.9%)
  2100-Dec-05 17:00:00 (92.8%)
  2100-Dec-12 13:00:00 (94.7%)
  2100-Dec-19 09:00:00 (96.5%)
  2100-Dec-26 05:00:00 (98.4%)
  2100-Dec-31 23:00:00 (100%)
Finished Program: 2014-Nov-15 11:24:30.847869
Elapsed Time: 00:01:43.158730
