instance.yaml
kiva v0.2.0-22-gd89b213
Copyright (C) 2012-2014 Big Ladder Software
Web: www.bigladdersoftware.com

Starting Program: 2014-Nov-19 10:44:44.354110
Creating Domain...
  X Cells: 156
  Y Cells: 1
  Z Cells: 133
  Total Cells: 20748
Initializing Temperatures...
  2098-Nov-19 23:00:00
  2099-Jan-09 02:00:00
  2099-Jan-20 05:00:00
  2099-Jan-31 08:00:00
  2099-Feb-11 12:00:00
  2099-Feb-22 15:00:00
  2099-Mar-05 18:00:00
  2099-Mar-16 22:00:00
  2099-Mar-28 01:00:00
  2099-Apr-08 04:00:00
  2099-Apr-19 07:00:00
  2099-Apr-30 11:00:00
  2099-May-11 14:00:00
  2099-May-22 17:00:00
  2099-Jun-02 21:00:00
  2099-Jun-13 23:00:00
  2099-Jun-25 03:00:00
  2099-Jul-06 06:00:00
  2099-Jul-17 09:00:00
  2099-Jul-28 12:00:00
  2099-Aug-08 16:00:00
  2099-Aug-19 19:00:00
  2099-Aug-30 22:00:00
  2099-Sep-11 01:00:00
  2099-Sep-22 05:00:00
  2099-Oct-03 08:00:00
  2099-Oct-14 12:00:00
  2099-Oct-25 15:00:00
  2099-Nov-05 18:00:00
  2099-Nov-16 22:00:00
  2099-Nov-28 01:00:00
  2099-Dec-09 05:00:00
  2099-Dec-20 08:00:00
  2099-Dec-31 12:00:00
Beginning Simulation...
  2100-Jan-10 18:00:00 (2.7%)
  2100-Jan-20 22:00:00 (5.5%)
  2100-Jan-31 03:00:00 (8.3%)
  2100-Feb-10 08:00:00 (11.1%)
  2100-Feb-20 13:00:00 (13.8%)
  2100-Mar-02 18:00:00 (16.6%)
  2100-Mar-13 02:00:00 (19.5%)
  2100-Mar-23 09:00:00 (22.3%)
  2100-Apr-02 17:00:00 (25.1%)
  2100-Apr-13 00:00:00 (27.9%)
  2100-Apr-23 08:00:00 (30.8%)
  2100-May-03 16:00:00 (33.6%)
  2100-May-13 23:00:00 (36.4%)
  2100-May-24 07:00:00 (39.3%)
  2100-Jun-03 15:00:00 (42.1%)
  2100-Jun-13 23:00:00 (44.9%)
  2100-Jun-24 06:00:00 (47.7%)
  2100-Jul-04 14:00:00 (50.6%)
  2100-Jul-14 22:00:00 (53.4%)
  2100-Jul-25 06:00:00 (56.2%)
  2100-Aug-04 13:00:00 (59.1%)
  2100-Aug-14 21:00:00 (61.9%)
  2100-Aug-25 04:00:00 (64.7%)
  2100-Sep-04 12:00:00 (67.5%)
  2100-Sep-14 20:00:00 (70.4%)
  2100-Sep-25 04:00:00 (73.2%)
  2100-Oct-05 11:00:00 (76%)
  2100-Oct-15 18:00:00 (78.8%)
  2100-Oct-26 02:00:00 (81.7%)
  2100-Nov-05 10:00:00 (84.5%)
  2100-Nov-15 16:00:00 (87.3%)
  2100-Nov-25 23:00:00 (90.1%)
  2100-Dec-06 07:00:00 (93%)
  2100-Dec-16 15:00:00 (95.8%)
  2100-Dec-26 22:00:00 (98.6%)
  2100-Dec-31 23:00:00 (100%)
Finished Program: 2014-Nov-19 10:45:53.488565
Elapsed Time: 00:01:09.134455
