instance.yaml
kiva v0.2.0-9-g526928a
Copyright (C) 2012-2014 Big Ladder Software
Web: www.bigladdersoftware.com

Starting Program: 2014-Nov-15 12:24:46.411551
Creating Domain...
  X Cells: 198
  Y Cells: 1
  Z Cells: 96
  Total Cells: 19008
Initializing Temperatures...
  2098-Dec-03 23:00:00
  2099-Jan-09 20:00:00
  2099-Jan-20 16:00:00
  2099-Jan-31 11:00:00
  2099-Feb-11 07:00:00
  2099-Feb-22 02:00:00
  2099-Mar-04 22:00:00
  2099-Mar-15 17:00:00
  2099-Mar-26 13:00:00
  2099-Apr-06 08:00:00
  2099-Apr-17 04:00:00
  2099-Apr-27 23:00:00
  2099-May-08 19:00:00
  2099-May-19 15:00:00
  2099-May-30 10:00:00
  2099-Jun-10 06:00:00
  2099-Jun-21 01:00:00
  2099-Jul-01 21:00:00
  2099-Jul-12 16:00:00
  2099-Jul-23 12:00:00
  2099-Aug-03 07:00:00
  2099-Aug-14 02:00:00
  2099-Aug-24 22:00:00
  2099-Sep-04 18:00:00
  2099-Sep-15 13:00:00
  2099-Sep-26 08:00:00
  2099-Oct-07 04:00:00
  2099-Oct-17 23:00:00
  2099-Oct-28 19:00:00
  2099-Nov-08 14:00:00
  2099-Nov-19 10:00:00
  2099-Nov-30 06:00:00
  2099-Dec-11 01:00:00
  2099-Dec-21 21:00:00
Beginning Simulation...
  2100-Jan-01 16:00:00 (0.2%)
  2100-Jan-12 07:00:00 (3.1%)
  2100-Jan-22 22:00:00 (6%)
  2100-Feb-02 13:00:00 (8.9%)
  2100-Feb-13 03:00:00 (11.8%)
  2100-Feb-23 18:00:00 (14.7%)
  2100-Mar-06 09:00:00 (17.6%)
  2100-Mar-17 00:00:00 (20.5%)
  2100-Mar-27 14:00:00 (23.4%)
  2100-Apr-07 05:00:00 (26.4%)
  2100-Apr-17 20:00:00 (29.3%)
  2100-Apr-28 11:00:00 (32.2%)
  2100-May-09 01:00:00 (35.1%)
  2100-May-19 16:00:00 (38%)
  2100-May-30 07:00:00 (40.9%)
  2100-Jun-09 22:00:00 (43.8%)
  2100-Jun-20 13:00:00 (46.7%)
  2100-Jul-01 04:00:00 (49.6%)
  2100-Jul-11 19:00:00 (52.5%)
  2100-Jul-22 09:00:00 (55.4%)
  2100-Aug-02 00:00:00 (58.4%)
  2100-Aug-12 15:00:00 (61.3%)
  2100-Aug-23 06:00:00 (64.2%)
  2100-Sep-02 21:00:00 (67.1%)
  2100-Sep-13 11:00:00 (70%)
  2100-Sep-24 02:00:00 (72.9%)
  2100-Oct-04 17:00:00 (75.8%)
  2100-Oct-15 07:00:00 (78.7%)
  2100-Oct-25 22:00:00 (81.6%)
  2100-Nov-05 13:00:00 (84.5%)
  2100-Nov-16 04:00:00 (87.4%)
  2100-Nov-26 19:00:00 (90.4%)
  2100-Dec-07 10:00:00 (93.3%)
  2100-Dec-18 01:00:00 (96.2%)
  2100-Dec-28 16:00:00 (99.1%)
  2100-Dec-31 23:00:00 (100%)
Finished Program: 2014-Nov-15 12:25:55.311959
Elapsed Time: 00:01:08.900408
