instance.yaml
kiva v0.2.0-21-g785bfe1
Copyright (C) 2012-2014 Big Ladder Software
Web: www.bigladdersoftware.com

Starting Program: 2014-Nov-18 11:26:28.575154
Creating Domain...
  X Cells: 99
  Y Cells: 1
  Z Cells: 158
  Total Cells: 15642
Initializing Temperatures...
  2098-Nov-05 23:00:00
  2099-Jan-12 09:00:00
  2099-Jan-28 06:00:00
  2099-Feb-13 04:00:00
  2099-Mar-01 01:00:00
  2099-Mar-16 22:00:00
  2099-Apr-01 19:00:00
  2099-Apr-17 17:00:00
  2099-May-03 14:00:00
  2099-May-19 11:00:00
  2099-Jun-04 09:00:00
  2099-Jun-20 07:00:00
  2099-Jul-06 04:00:00
  2099-Jul-22 02:00:00
  2099-Aug-06 23:00:00
  2099-Aug-22 21:00:00
  2099-Sep-07 19:00:00
  2099-Sep-23 16:00:00
  2099-Oct-09 14:00:00
  2099-Oct-25 12:00:00
  2099-Nov-10 09:00:00
  2099-Nov-26 07:00:00
  2099-Dec-12 04:00:00
  2099-Dec-28 02:00:00
Beginning Simulation...
  2100-Jan-11 22:00:00 (3%)
  2100-Jan-26 09:00:00 (7%)
  2100-Feb-09 20:00:00 (10.9%)
  2100-Feb-24 08:00:00 (14.9%)
  2100-Mar-10 19:00:00 (18.8%)
  2100-Mar-25 06:00:00 (22.8%)
  2100-Apr-08 18:00:00 (26.8%)
  2100-Apr-23 05:00:00 (30.7%)
  2100-May-07 15:00:00 (34.7%)
  2100-May-22 03:00:00 (38.7%)
  2100-Jun-05 15:00:00 (42.6%)
  2100-Jun-20 02:00:00 (46.6%)
  2100-Jul-04 14:00:00 (50.6%)
  2100-Jul-19 02:00:00 (54.5%)
  2100-Aug-02 14:00:00 (58.5%)
  2100-Aug-17 02:00:00 (62.5%)
  2100-Aug-31 13:00:00 (66.4%)
  2100-Sep-15 01:00:00 (70.4%)
  2100-Sep-29 13:00:00 (74.4%)
  2100-Oct-14 01:00:00 (78.4%)
  2100-Oct-28 13:00:00 (82.3%)
  2100-Nov-11 23:00:00 (86.3%)
  2100-Nov-26 11:00:00 (90.3%)
  2100-Dec-10 22:00:00 (94.2%)
  2100-Dec-25 10:00:00 (98.2%)
  2100-Dec-31 23:00:00 (100%)
Finished Program: 2014-Nov-18 11:27:17.453453
Elapsed Time: 00:00:48.878299
