instance.yaml
kiva v0.2.0-19-ge248292
Copyright (C) 2012-2014 Big Ladder Software
Web: www.bigladdersoftware.com

Starting Program: 2014-Nov-17 08:43:19.557666
Creating Domain...
  X Cells: 179
  Y Cells: 1
  Z Cells: 113
  Total Cells: 20227
Initializing Temperatures...
  2098-Oct-22 23:00:00
  2099-Jan-06 12:00:00
  2099-Jan-17 08:00:00
  2099-Jan-28 05:00:00
  2099-Feb-05 01:00:00
  2099-Feb-15 22:00:00
  2099-Feb-26 19:00:00
  2099-Mar-09 16:00:00
  2099-Mar-20 13:00:00
  2099-Mar-31 09:00:00
  2099-Apr-11 06:00:00
  2099-Apr-22 03:00:00
  2099-May-03 00:00:00
  2099-May-13 22:00:00
  2099-May-24 20:00:00
  2099-Jun-04 19:00:00
  2099-Jun-15 17:00:00
  2099-Jun-26 15:00:00
  2099-Jul-07 13:00:00
  2099-Jul-18 11:00:00
  2099-Jul-29 09:00:00
  2099-Aug-09 07:00:00
  2099-Aug-20 05:00:00
  2099-Aug-31 03:00:00
  2099-Sep-11 02:00:00
  2099-Sep-22 00:00:00
  2099-Oct-02 22:00:00
  2099-Oct-13 20:00:00
  2099-Oct-24 18:00:00
  2099-Nov-04 16:00:00
  2099-Nov-15 15:00:00
  2099-Nov-26 13:00:00
  2099-Dec-07 11:00:00
  2099-Dec-18 09:00:00
  2099-Dec-29 07:00:00
Beginning Simulation...
  2100-Jan-09 02:00:00 (2.2%)
  2100-Jan-19 19:00:00 (5.1%)
  2100-Jan-30 13:00:00 (8.1%)
  2100-Feb-10 06:00:00 (11%)
  2100-Feb-21 00:00:00 (14%)
  2100-Mar-03 17:00:00 (16.9%)
  2100-Mar-14 11:00:00 (19.9%)
  2100-Mar-25 03:00:00 (22.8%)
  2100-Apr-04 12:00:00 (25.6%)
  2100-Apr-15 00:00:00 (28.5%)
  2100-Apr-25 16:00:00 (31.4%)
  2100-May-06 09:00:00 (34.3%)
  2100-May-16 22:00:00 (37.2%)
  2100-May-27 16:00:00 (40.2%)
  2100-Jun-07 09:00:00 (43.1%)
  2100-Jun-18 03:00:00 (46.1%)
  2100-Jun-28 21:00:00 (49%)
  2100-Jul-09 14:00:00 (51.9%)
  2100-Jul-20 08:00:00 (54.9%)
  2100-Jul-31 01:00:00 (57.8%)
  2100-Aug-10 19:00:00 (60.8%)
  2100-Aug-20 11:00:00 (63.4%)
  2100-Aug-31 05:00:00 (66.4%)
  2100-Sep-10 23:00:00 (69.3%)
  2100-Sep-21 16:00:00 (72.2%)
  2100-Oct-02 10:00:00 (75.2%)
  2100-Oct-13 04:00:00 (78.1%)
  2100-Oct-23 21:00:00 (81.1%)
  2100-Nov-03 15:00:00 (84%)
  2100-Nov-14 09:00:00 (87%)
  2100-Nov-25 03:00:00 (89.9%)
  2100-Dec-05 20:00:00 (92.8%)
  2100-Dec-16 12:00:00 (95.8%)
  2100-Dec-27 05:00:00 (98.7%)
  2100-Dec-31 23:00:00 (100%)
Finished Program: 2014-Nov-17 08:44:28.443391
Elapsed Time: 00:01:08.885725
