instance.yaml
kiva v0.2.0-21-g785bfe1
Copyright (C) 2012-2014 Big Ladder Software
Web: www.bigladdersoftware.com

Starting Program: 2014-Nov-18 11:05:24.792591
Creating Domain...
  X Cells: 222
  Y Cells: 1
  Z Cells: 127
  Total Cells: 28194
Initializing Temperatures...
  2099-Jan-01 09:00:00
  2099-Jan-10 01:00:00
  2099-Jan-18 17:00:00
  2099-Jan-27 09:00:00
  2099-Feb-05 01:00:00
  2099-Feb-13 17:00:00
  2099-Feb-22 09:00:00
  2099-Mar-03 01:00:00
  2099-Mar-11 17:00:00
  2099-Mar-20 09:00:00
  2099-Mar-29 01:00:00
  2099-Apr-06 17:00:00
  2099-Apr-15 09:00:00
  2099-Apr-24 01:00:00
  2099-May-02 17:00:00
  2099-May-11 10:00:00
  2099-May-20 02:00:00
  2099-May-28 18:00:00
  2099-Jun-06 09:00:00
  2099-Jun-15 02:00:00
  2099-Jun-23 18:00:00
  2099-Jul-02 10:00:00
  2099-Jul-11 02:00:00
  2099-Jul-19 18:00:00
  2099-Jul-28 10:00:00
  2099-Aug-06 01:00:00
  2099-Aug-14 18:00:00
  2099-Aug-23 10:00:00
  2099-Sep-01 02:00:00
  2099-Sep-09 18:00:00
  2099-Sep-18 10:00:00
  2099-Sep-27 02:00:00
  2099-Oct-05 18:00:00
  2099-Oct-14 11:00:00
  2099-Oct-23 03:00:00
  2099-Oct-31 18:00:00
  2099-Nov-09 09:00:00
  2099-Nov-18 00:00:00
  2099-Nov-26 15:00:00
  2099-Dec-05 06:00:00
  2099-Dec-13 21:00:00
  2099-Dec-22 12:00:00
  2099-Dec-31 03:00:00
Beginning Simulation...
  2100-Jan-08 06:00:00 (2%)
  2100-Jan-16 08:00:00 (4.2%)
  2100-Jan-24 11:00:00 (6.4%)
  2100-Feb-01 13:00:00 (8.6%)
  2100-Feb-09 15:00:00 (10.9%)
  2100-Feb-17 18:00:00 (13.1%)
  2100-Feb-25 20:00:00 (15.3%)
  2100-Mar-05 22:00:00 (17.5%)
  2100-Mar-14 01:00:00 (19.7%)
  2100-Mar-22 03:00:00 (22%)
  2100-Mar-30 05:00:00 (24.2%)
  2100-Apr-07 08:00:00 (26.4%)
  2100-Apr-15 10:00:00 (28.6%)
  2100-Apr-23 13:00:00 (30.8%)
  2100-May-01 15:00:00 (33%)
  2100-May-09 17:00:00 (35.3%)
  2100-May-17 20:00:00 (37.5%)
  2100-May-25 22:00:00 (39.7%)
  2100-Jun-03 01:00:00 (41.9%)
  2100-Jun-11 03:00:00 (44.1%)
  2100-Jun-19 05:00:00 (46.4%)
  2100-Jun-27 07:00:00 (48.6%)
  2100-Jul-05 10:00:00 (50.8%)
  2100-Jul-13 12:00:00 (53%)
  2100-Jul-21 14:00:00 (55.2%)
  2100-Jul-29 17:00:00 (57.5%)
  2100-Aug-06 19:00:00 (59.7%)
  2100-Aug-14 21:00:00 (61.9%)
  2100-Aug-23 00:00:00 (64.1%)
  2100-Aug-31 02:00:00 (66.3%)
  2100-Sep-08 04:00:00 (68.5%)
  2100-Sep-16 07:00:00 (70.8%)
  2100-Sep-24 09:00:00 (73%)
  2100-Oct-02 11:00:00 (75.2%)
  2100-Oct-10 13:00:00 (77.4%)
  2100-Oct-18 15:00:00 (79.6%)
  2100-Oct-26 18:00:00 (81.8%)
  2100-Nov-03 20:00:00 (84.1%)
  2100-Nov-11 22:00:00 (86.3%)
  2100-Nov-20 01:00:00 (88.5%)
  2100-Nov-28 03:00:00 (90.7%)
  2100-Dec-06 05:00:00 (92.9%)
  2100-Dec-14 07:00:00 (95.1%)
  2100-Dec-22 10:00:00 (97.4%)
  2100-Dec-30 12:00:00 (99.6%)
  2100-Dec-31 23:00:00 (100%)
Finished Program: 2014-Nov-18 11:06:53.181930
Elapsed Time: 00:01:28.389339
