instance.yaml
kiva v0.2.0-9-g526928a
Copyright (C) 2012-2014 Big Ladder Software
Web: www.bigladdersoftware.com

Starting Program: 2014-Nov-15 12:24:45.179513
Creating Domain...
  X Cells: 147
  Y Cells: 1
  Z Cells: 133
  Total Cells: 19551
Initializing Temperatures...
  2099-Jan-01 13:00:00
  2099-Jan-13 02:00:00
  2099-Jan-24 15:00:00
  2099-Feb-05 05:00:00
  2099-Feb-16 18:00:00
  2099-Feb-28 07:00:00
  2099-Mar-11 20:00:00
  2099-Mar-23 10:00:00
  2099-Apr-03 23:00:00
  2099-Apr-15 12:00:00
  2099-Apr-27 02:00:00
  2099-May-08 15:00:00
  2099-May-20 05:00:00
  2099-May-31 18:00:00
  2099-Jun-12 07:00:00
  2099-Jun-23 21:00:00
  2099-Jul-05 10:00:00
  2099-Jul-16 23:00:00
  2099-Jul-28 13:00:00
  2099-Aug-09 02:00:00
  2099-Aug-20 16:00:00
  2099-Sep-01 05:00:00
  2099-Sep-12 19:00:00
  2099-Sep-24 08:00:00
  2099-Oct-05 21:00:00
  2099-Oct-17 11:00:00
  2099-Oct-29 01:00:00
  2099-Nov-09 14:00:00
  2099-Nov-21 03:00:00
  2099-Dec-02 17:00:00
  2099-Dec-14 07:00:00
  2099-Dec-25 20:00:00
Beginning Simulation...
  2100-Jan-05 22:00:00 (1.3%)
  2100-Jan-16 11:00:00 (4.2%)
  2100-Jan-27 00:00:00 (7.1%)
  2100-Feb-06 12:00:00 (10%)
  2100-Feb-17 01:00:00 (12.9%)
  2100-Feb-27 13:00:00 (15.8%)
  2100-Mar-10 02:00:00 (18.7%)
  2100-Mar-20 14:00:00 (21.5%)
  2100-Mar-31 03:00:00 (24.4%)
  2100-Apr-10 16:00:00 (27.3%)
  2100-Apr-21 04:00:00 (30.2%)
  2100-May-01 17:00:00 (33.1%)
  2100-May-12 05:00:00 (35.9%)
  2100-May-22 18:00:00 (38.8%)
  2100-Jun-02 07:00:00 (41.7%)
  2100-Jun-12 19:00:00 (44.6%)
  2100-Jun-23 08:00:00 (47.5%)
  2100-Jul-03 21:00:00 (50.4%)
  2100-Jul-14 10:00:00 (53.3%)
  2100-Jul-24 22:00:00 (56.1%)
  2100-Aug-04 11:00:00 (59%)
  2100-Aug-15 00:00:00 (61.9%)
  2100-Aug-25 13:00:00 (64.8%)
  2100-Sep-05 02:00:00 (67.7%)
  2100-Sep-15 14:00:00 (70.6%)
  2100-Sep-26 03:00:00 (73.5%)
  2100-Oct-06 16:00:00 (76.3%)
  2100-Oct-17 05:00:00 (79.2%)
  2100-Oct-27 18:00:00 (82.1%)
  2100-Nov-07 07:00:00 (85%)
  2100-Nov-17 20:00:00 (87.9%)
  2100-Nov-28 07:00:00 (90.8%)
  2100-Dec-08 20:00:00 (93.7%)
  2100-Dec-19 09:00:00 (96.5%)
  2100-Dec-29 22:00:00 (99.4%)
  2100-Dec-31 23:00:00 (100%)
Finished Program: 2014-Nov-15 12:25:52.195692
Elapsed Time: 00:01:07.016179
