instance.yaml
kiva v0.2.0-19-ge248292
Copyright (C) 2012-2014 Big Ladder Software
Web: www.bigladdersoftware.com

Starting Program: 2014-Nov-17 08:47:16.316109
Creating Domain...
  X Cells: 96
  Y Cells: 1
  Z Cells: 93
  Total Cells: 8928
Initializing Temperatures...
  2098-Oct-15 23:00:00
  2099-Jan-19 11:00:00
  2099-Feb-12 23:00:00
  2099-Mar-09 13:00:00
  2099-Apr-03 01:00:00
  2099-Apr-27 15:00:00
  2099-May-22 04:00:00
  2099-Jun-15 17:00:00
  2099-Jul-10 06:00:00
  2099-Aug-03 19:00:00
  2099-Aug-28 08:00:00
  2099-Sep-21 21:00:00
  2099-Oct-16 10:00:00
  2099-Nov-09 23:00:00
  2099-Dec-04 12:00:00
  2099-Dec-29 01:00:00
Beginning Simulation...
  2100-Jan-22 00:00:00 (5.8%)
  2100-Feb-14 20:00:00 (12.3%)
  2100-Mar-10 16:00:00 (18.8%)
  2100-Apr-03 12:00:00 (25.3%)
  2100-Apr-27 09:00:00 (31.9%)
  2100-May-21 05:00:00 (38.4%)
  2100-Jun-14 01:00:00 (44.9%)
  2100-Jul-07 21:00:00 (51.5%)
  2100-Jul-31 17:00:00 (58%)
  2100-Aug-24 14:00:00 (64.5%)
  2100-Sep-17 10:00:00 (71.1%)
  2100-Oct-11 06:00:00 (77.6%)
  2100-Nov-04 03:00:00 (84.1%)
  2100-Nov-28 00:00:00 (90.7%)
  2100-Dec-21 20:00:00 (97.2%)
  2100-Dec-31 23:00:00 (100%)
Finished Program: 2014-Nov-17 08:47:47.425789
Elapsed Time: 00:00:31.109680
