instance.yaml
kiva v0.2.0-9-g526928a
Copyright (C) 2012-2014 Big Ladder Software
Web: www.bigladdersoftware.com

Starting Program: 2014-Nov-15 12:22:44.865834
Creating Domain...
  X Cells: 198
  Y Cells: 1
  Z Cells: 133
  Total Cells: 26334
Initializing Temperatures...
  2098-Dec-24 23:00:00
  2099-Jan-08 21:00:00
  2099-Jan-17 16:00:00
  2099-Jan-26 12:00:00
  2099-Feb-04 07:00:00
  2099-Feb-13 02:00:00
  2099-Feb-21 21:00:00
  2099-Mar-02 16:00:00
  2099-Mar-11 12:00:00
  2099-Mar-20 07:00:00
  2099-Mar-29 02:00:00
  2099-Apr-06 21:00:00
  2099-Apr-15 16:00:00
  2099-Apr-24 12:00:00
  2099-May-03 07:00:00
  2099-May-12 02:00:00
  2099-May-20 21:00:00
  2099-May-29 17:00:00
  2099-Jun-07 12:00:00
  2099-Jun-16 07:00:00
  2099-Jun-25 02:00:00
  2099-Jul-03 21:00:00
  2099-Jul-12 17:00:00
  2099-Jul-21 12:00:00
  2099-Jul-30 07:00:00
  2099-Aug-08 02:00:00
  2099-Aug-16 22:00:00
  2099-Aug-25 17:00:00
  2099-Sep-03 12:00:00
  2099-Sep-12 07:00:00
  2099-Sep-21 02:00:00
  2099-Sep-29 21:00:00
  2099-Oct-08 16:00:00
  2099-Oct-17 12:00:00
  2099-Oct-26 07:00:00
  2099-Nov-04 02:00:00
  2099-Nov-12 22:00:00
  2099-Nov-21 17:00:00
  2099-Nov-30 12:00:00
  2099-Dec-09 07:00:00
  2099-Dec-18 03:00:00
  2099-Dec-26 22:00:00
Beginning Simulation...
  2100-Jan-04 11:00:00 (0.9%)
  2100-Jan-12 17:00:00 (3.2%)
  2100-Jan-20 22:00:00 (5.5%)
  2100-Jan-29 03:00:00 (7.7%)
  2100-Feb-06 08:00:00 (10%)
  2100-Feb-14 13:00:00 (12.2%)
  2100-Feb-22 18:00:00 (14.5%)
  2100-Mar-02 23:00:00 (16.7%)
  2100-Mar-11 05:00:00 (19%)
  2100-Mar-19 10:00:00 (21.2%)
  2100-Mar-27 15:00:00 (23.5%)
  2100-Apr-04 20:00:00 (25.7%)
  2100-Apr-13 01:00:00 (28%)
  2100-Apr-21 07:00:00 (30.2%)
  2100-Apr-29 12:00:00 (32.5%)
  2100-May-07 17:00:00 (34.7%)
  2100-May-15 22:00:00 (37%)
  2100-May-24 03:00:00 (39.2%)
  2100-Jun-01 08:00:00 (41.5%)
  2100-Jun-09 13:00:00 (43.7%)
  2100-Jun-17 19:00:00 (46%)
  2100-Jun-26 00:00:00 (48.2%)
  2100-Jul-04 05:00:00 (50.5%)
  2100-Jul-12 10:00:00 (52.7%)
  2100-Jul-20 15:00:00 (55%)
  2100-Jul-28 21:00:00 (57.2%)
  2100-Aug-06 02:00:00 (59.5%)
  2100-Aug-14 07:00:00 (61.7%)
  2100-Aug-22 13:00:00 (64%)
  2100-Aug-30 18:00:00 (66.2%)
  2100-Sep-07 23:00:00 (68.5%)
  2100-Sep-16 04:00:00 (70.7%)
  2100-Sep-24 09:00:00 (73%)
  2100-Oct-02 14:00:00 (75.2%)
  2100-Oct-10 20:00:00 (77.5%)
  2100-Oct-18 23:00:00 (79.7%)
  2100-Oct-27 05:00:00 (82%)
  2100-Nov-04 10:00:00 (84.2%)
  2100-Nov-12 15:00:00 (86.5%)
  2100-Nov-20 21:00:00 (88.7%)
  2100-Nov-29 02:00:00 (91%)
  2100-Dec-07 07:00:00 (93.2%)
  2100-Dec-15 13:00:00 (95.5%)
  2100-Dec-23 18:00:00 (97.7%)
  2100-Dec-31 23:00:00 (100%)
  2100-Dec-31 23:00:00 (100%)
Finished Program: 2014-Nov-15 12:24:12.002636
Elapsed Time: 00:01:27.136802
