instance.yaml
kiva v0.2.0-22-gd89b213
Copyright (C) 2012-2014 Big Ladder Software
Web: www.bigladdersoftware.com

Starting Program: 2014-Nov-19 10:45:44.466516
Creating Domain...
  X Cells: 184
  Y Cells: 1
  Z Cells: 113
  Total Cells: 20792
Initializing Temperatures...
  2098-Nov-05 23:00:00
  2099-Jan-07 12:00:00
  2099-Jan-18 11:00:00
  2099-Jan-29 09:00:00
  2099-Feb-09 08:00:00
  2099-Feb-20 06:00:00
  2099-Mar-03 05:00:00
  2099-Mar-14 03:00:00
  2099-Mar-25 01:00:00
  2099-Apr-05 00:00:00
  2099-Apr-15 22:00:00
  2099-Apr-26 21:00:00
  2099-May-07 19:00:00
  2099-May-18 18:00:00
  2099-May-29 16:00:00
  2099-Jun-09 15:00:00
  2099-Jun-20 14:00:00
  2099-Jul-01 12:00:00
  2099-Jul-12 11:00:00
  2099-Jul-23 09:00:00
  2099-Aug-03 08:00:00
  2099-Aug-14 06:00:00
  2099-Aug-25 05:00:00
  2099-Sep-05 03:00:00
  2099-Sep-16 02:00:00
  2099-Sep-27 00:00:00
  2099-Oct-07 23:00:00
  2099-Oct-18 22:00:00
  2099-Oct-29 20:00:00
  2099-Nov-09 19:00:00
  2099-Nov-20 18:00:00
  2099-Dec-01 16:00:00
  2099-Dec-12 15:00:00
  2099-Dec-23 13:00:00
Beginning Simulation...
  2100-Jan-03 11:00:00 (0.7%)
  2100-Jan-14 05:00:00 (3.6%)
  2100-Jan-24 23:00:00 (6.6%)
  2100-Feb-04 17:00:00 (9.5%)
  2100-Feb-15 12:00:00 (12.5%)
  2100-Feb-26 06:00:00 (15.4%)
  2100-Mar-09 00:00:00 (18.4%)
  2100-Mar-19 18:00:00 (21.3%)
  2100-Mar-30 12:00:00 (24.2%)
  2100-Apr-10 07:00:00 (27.2%)
  2100-Apr-21 01:00:00 (30.1%)
  2100-May-01 19:00:00 (33.1%)
  2100-May-12 13:00:00 (36%)
  2100-May-23 07:00:00 (39%)
  2100-Jun-03 01:00:00 (41.9%)
  2100-Jun-13 20:00:00 (44.9%)
  2100-Jun-24 14:00:00 (47.8%)
  2100-Jul-05 09:00:00 (50.8%)
  2100-Jul-16 03:00:00 (53.7%)
  2100-Jul-26 21:00:00 (56.7%)
  2100-Aug-06 16:00:00 (59.6%)
  2100-Aug-17 10:00:00 (62.6%)
  2100-Aug-28 04:00:00 (65.5%)
  2100-Sep-07 22:00:00 (68.5%)
  2100-Sep-18 17:00:00 (71.4%)
  2100-Sep-29 11:00:00 (74.4%)
  2100-Oct-10 05:00:00 (77.3%)
  2100-Oct-21 00:00:00 (80.3%)
  2100-Oct-31 18:00:00 (83.2%)
  2100-Nov-11 13:00:00 (86.2%)
  2100-Nov-22 07:00:00 (89.1%)
  2100-Dec-03 01:00:00 (92.1%)
  2100-Dec-13 20:00:00 (95%)
  2100-Dec-24 14:00:00 (98%)
  2100-Dec-31 23:00:00 (100%)
Finished Program: 2014-Nov-19 10:46:52.688170
Elapsed Time: 00:01:08.221654
