instance.yaml
kiva v0.2.0-9-g526928a
Copyright (C) 2012-2014 Big Ladder Software
Web: www.bigladdersoftware.com

Starting Program: 2014-Oct-26 15:38:09.432502
Creating Domain...
  X Cells: 83
  Y Cells: 1
  Z Cells: 133
  Total Cells: 11039
Initializing Temperatures...
  2098-Oct-29 23:00:00
  2099-Jan-11 21:00:00
  2099-Feb-03 08:00:00
  2099-Feb-27 20:00:00
  2099-Mar-24 08:00:00
  2099-Apr-17 20:00:00
  2099-May-12 08:00:00
  2099-Jun-05 20:00:00
  2099-Jun-30 08:00:00
  2099-Jul-24 20:00:00
  2099-Aug-18 07:00:00
  2099-Sep-11 19:00:00
  2099-Oct-06 07:00:00
  2099-Oct-30 18:00:00
  2099-Nov-24 05:00:00
  2099-Dec-18 13:00:00
Beginning Simulation...
  2100-Jan-11 02:00:00 (2.8%)
  2100-Feb-02 10:00:00 (8.9%)
  2100-Feb-24 19:00:00 (15%)
  2100-Mar-19 03:00:00 (21.1%)
  2100-Apr-10 11:00:00 (27.2%)
  2100-May-02 20:00:00 (33.4%)
  2100-May-25 06:00:00 (39.5%)
  2100-Jun-16 15:00:00 (45.7%)
  2100-Jul-09 00:00:00 (51.8%)
  2100-Jul-31 09:00:00 (57.9%)
  2100-Aug-22 18:00:00 (64%)
  2100-Sep-14 03:00:00 (70.2%)
  2100-Oct-06 12:00:00 (76.3%)
  2100-Oct-28 21:00:00 (82.4%)
  2100-Nov-20 07:00:00 (88.6%)
  2100-Dec-12 16:00:00 (94.7%)
  2100-Dec-31 23:00:00 (100%)
Finished Program: 2014-Oct-26 15:38:41.872971
Elapsed Time: 00:00:32.440469
