instance.yaml
kiva v0.2.0-22-gd89b213
Copyright (C) 2012-2014 Big Ladder Software
Web: www.bigladdersoftware.com

Starting Program: 2014-Nov-19 10:44:43.723881
Creating Domain...
  X Cells: 185
  Y Cells: 1
  Z Cells: 133
  Total Cells: 24605
Initializing Temperatures...
  2098-Oct-01 23:00:00
  2099-Jan-02 09:00:00
  2099-Jan-11 20:00:00
  2099-Jan-21 08:00:00
  2099-Jan-30 20:00:00
  2099-Feb-09 07:00:00
  2099-Feb-18 19:00:00
  2099-Feb-28 07:00:00
  2099-Mar-09 19:00:00
  2099-Mar-19 06:00:00
  2099-Mar-28 18:00:00
  2099-Apr-07 06:00:00
  2099-Apr-16 18:00:00
  2099-Apr-26 05:00:00
  2099-May-05 17:00:00
  2099-May-15 05:00:00
  2099-May-24 16:00:00
  2099-Jun-03 04:00:00
  2099-Jun-12 16:00:00
  2099-Jun-22 03:00:00
  2099-Jul-01 15:00:00
  2099-Jul-11 03:00:00
  2099-Jul-20 15:00:00
  2099-Jul-30 03:00:00
  2099-Aug-08 14:00:00
  2099-Aug-18 02:00:00
  2099-Aug-27 14:00:00
  2099-Sep-06 02:00:00
  2099-Sep-15 14:00:00
  2099-Sep-25 01:00:00
  2099-Oct-04 13:00:00
  2099-Oct-14 01:00:00
  2099-Oct-23 13:00:00
  2099-Nov-02 01:00:00
  2099-Nov-11 13:00:00
  2099-Nov-21 01:00:00
  2099-Nov-30 13:00:00
  2099-Dec-10 00:00:00
  2099-Dec-19 12:00:00
  2099-Dec-29 00:00:00
Beginning Simulation...
  2100-Jan-07 00:00:00 (1.6%)
  2100-Jan-15 19:00:00 (4.1%)
  2100-Jan-24 14:00:00 (6.5%)
  2100-Feb-02 09:00:00 (8.9%)
  2100-Feb-11 04:00:00 (11.3%)
  2100-Feb-19 23:00:00 (13.7%)
  2100-Feb-28 18:00:00 (16.1%)
  2100-Mar-09 13:00:00 (18.5%)
  2100-Mar-18 08:00:00 (20.9%)
  2100-Mar-27 03:00:00 (23.3%)
  2100-Apr-04 22:00:00 (25.7%)
  2100-Apr-13 17:00:00 (28.1%)
  2100-Apr-22 12:00:00 (30.5%)
  2100-May-01 07:00:00 (33%)
  2100-May-10 04:00:00 (35.4%)
  2100-May-19 03:00:00 (37.8%)
  2100-May-28 02:00:00 (40.3%)
  2100-Jun-06 01:00:00 (42.8%)
  2100-Jun-15 00:00:00 (45.2%)
  2100-Jun-23 23:00:00 (47.7%)
  2100-Jul-02 22:00:00 (50.1%)
  2100-Jul-11 20:00:00 (52.6%)
  2100-Jul-20 19:00:00 (55%)
  2100-Jul-29 17:00:00 (57.5%)
  2100-Aug-07 16:00:00 (59.9%)
  2100-Aug-16 15:00:00 (62.4%)
  2100-Aug-25 14:00:00 (64.8%)
  2100-Sep-03 14:00:00 (67.3%)
  2100-Sep-12 12:00:00 (69.7%)
  2100-Sep-21 11:00:00 (72.2%)
  2100-Sep-30 10:00:00 (74.6%)
  2100-Oct-09 09:00:00 (77.1%)
  2100-Oct-18 08:00:00 (79.5%)
  2100-Oct-27 07:00:00 (82%)
  2100-Nov-05 04:00:00 (84.4%)
  2100-Nov-14 03:00:00 (86.9%)
  2100-Nov-23 03:00:00 (89.3%)
  2100-Dec-02 02:00:00 (91.8%)
  2100-Dec-11 01:00:00 (94.3%)
  2100-Dec-19 23:00:00 (96.7%)
  2100-Dec-28 22:00:00 (99.2%)
  2100-Dec-31 23:00:00 (100%)
Finished Program: 2014-Nov-19 10:46:04.339814
Elapsed Time: 00:01:20.615933
