instance.yaml
kiva v0.2.0-9-g526928a
Copyright (C) 2012-2014 Big Ladder Software
Web: www.bigladdersoftware.com

Starting Program: 2014-Nov-15 12:23:44.458635
Creating Domain...
  X Cells: 157
  Y Cells: 1
  Z Cells: 133
  Total Cells: 20881
Initializing Temperatures...
  2098-Nov-05 23:00:00
  2099-Jan-08 17:00:00
  2099-Jan-19 21:00:00
  2099-Jan-31 00:00:00
  2099-Feb-11 03:00:00
  2099-Feb-22 07:00:00
  2099-Mar-05 10:00:00
  2099-Mar-16 13:00:00
  2099-Mar-27 16:00:00
  2099-Apr-07 20:00:00
  2099-Apr-18 23:00:00
  2099-Apr-30 02:00:00
  2099-May-11 06:00:00
  2099-May-22 09:00:00
  2099-Jun-02 13:00:00
  2099-Jun-13 16:00:00
  2099-Jun-24 19:00:00
  2099-Jul-05 23:00:00
  2099-Jul-17 02:00:00
  2099-Jul-28 05:00:00
  2099-Aug-08 09:00:00
  2099-Aug-19 12:00:00
  2099-Aug-30 16:00:00
  2099-Sep-10 19:00:00
  2099-Sep-21 22:00:00
  2099-Oct-03 02:00:00
  2099-Oct-14 05:00:00
  2099-Oct-25 09:00:00
  2099-Nov-05 12:00:00
  2099-Nov-16 16:00:00
  2099-Nov-27 20:00:00
  2099-Dec-08 23:00:00
  2099-Dec-20 03:00:00
  2099-Dec-31 06:00:00
Beginning Simulation...
  2100-Jan-10 12:00:00 (2.6%)
  2100-Jan-20 16:00:00 (5.4%)
  2100-Jan-30 21:00:00 (8.2%)
  2100-Feb-10 00:00:00 (11%)
  2100-Feb-20 05:00:00 (13.8%)
  2100-Mar-02 09:00:00 (16.5%)
  2100-Mar-12 13:00:00 (19.3%)
  2100-Mar-22 17:00:00 (22.1%)
  2100-Apr-01 22:00:00 (24.9%)
  2100-Apr-12 02:00:00 (27.7%)
  2100-Apr-22 06:00:00 (30.5%)
  2100-May-02 11:00:00 (33.3%)
  2100-May-12 15:00:00 (36.1%)
  2100-May-22 20:00:00 (38.9%)
  2100-Jun-02 00:00:00 (41.6%)
  2100-Jun-12 04:00:00 (44.4%)
  2100-Jun-22 09:00:00 (47.2%)
  2100-Jul-02 13:00:00 (50%)
  2100-Jul-12 18:00:00 (52.8%)
  2100-Jul-22 22:00:00 (55.6%)
  2100-Aug-02 02:00:00 (58.4%)
  2100-Aug-12 06:00:00 (61.2%)
  2100-Aug-22 11:00:00 (64%)
  2100-Sep-01 15:00:00 (66.7%)
  2100-Sep-11 20:00:00 (69.5%)
  2100-Sep-22 00:00:00 (72.3%)
  2100-Oct-02 04:00:00 (75.1%)
  2100-Oct-12 08:00:00 (77.9%)
  2100-Oct-22 13:00:00 (80.7%)
  2100-Nov-01 18:00:00 (83.5%)
  2100-Nov-11 22:00:00 (86.3%)
  2100-Nov-22 03:00:00 (89.1%)
  2100-Dec-02 06:00:00 (91.8%)
  2100-Dec-12 10:00:00 (94.6%)
  2100-Dec-22 15:00:00 (97.4%)
  2100-Dec-31 23:00:00 (100%)
Finished Program: 2014-Nov-15 12:24:53.920460
Elapsed Time: 00:01:09.461825
