instance.yaml
kiva v0.2.0-9-g526928a
Copyright (C) 2012-2014 Big Ladder Software
Web: www.bigladdersoftware.com

Starting Program: 2014-Oct-26 15:55:46.542360
Creating Domain...
  X Cells: 96
  Y Cells: 1
  Z Cells: 103
  Total Cells: 9888
Initializing Temperatures...
  2098-Oct-08 23:00:00
  2099-Jan-04 17:00:00
  2099-Jan-28 15:00:00
  2099-Feb-22 17:00:00
  2099-Mar-19 20:00:00
  2099-Apr-13 23:00:00
  2099-May-09 02:00:00
  2099-Jun-03 05:00:00
  2099-Jun-28 08:00:00
  2099-Jul-23 11:00:00
  2099-Aug-17 14:00:00
  2099-Sep-11 18:00:00
  2099-Oct-06 21:00:00
  2099-Nov-01 00:00:00
  2099-Nov-26 03:00:00
  2099-Dec-21 05:00:00
Beginning Simulation...
  2100-Jan-15 00:00:00 (3.8%)
  2100-Feb-08 12:00:00 (10.5%)
  2100-Mar-05 01:00:00 (17.3%)
  2100-Mar-29 13:00:00 (24%)
  2100-Apr-23 01:00:00 (30.7%)
  2100-May-17 13:00:00 (37.4%)
  2100-Jun-11 02:00:00 (44.1%)
  2100-Jul-05 14:00:00 (50.8%)
  2100-Jul-30 03:00:00 (57.6%)
  2100-Aug-23 16:00:00 (64.3%)
  2100-Sep-17 05:00:00 (71%)
  2100-Oct-11 17:00:00 (77.7%)
  2100-Nov-05 06:00:00 (84.5%)
  2100-Nov-29 18:00:00 (91.2%)
  2100-Dec-24 06:00:00 (97.9%)
  2100-Dec-31 23:00:00 (100%)
Finished Program: 2014-Oct-26 15:56:17.315144
Elapsed Time: 00:00:30.772784
