instance.yaml
kiva v0.2.0-21-g785bfe1
Copyright (C) 2012-2014 Big Ladder Software
Web: www.bigladdersoftware.com

Starting Program: 2014-Nov-18 11:12:27.705081
Creating Domain...
  X Cells: 199
  Y Cells: 1
  Z Cells: 113
  Total Cells: 22487
Initializing Temperatures...
  2098-Oct-01 23:00:00
  2099-Jan-04 05:00:00
  2099-Jan-14 04:00:00
  2099-Jan-24 02:00:00
  2099-Feb-03 01:00:00
  2099-Feb-13 00:00:00
  2099-Feb-22 22:00:00
  2099-Mar-04 21:00:00
  2099-Mar-14 19:00:00
  2099-Mar-24 18:00:00
  2099-Apr-03 16:00:00
  2099-Apr-13 15:00:00
  2099-Apr-23 13:00:00
  2099-May-03 12:00:00
  2099-May-13 11:00:00
  2099-May-23 09:00:00
  2099-Jun-02 08:00:00
  2099-Jun-12 07:00:00
  2099-Jun-22 05:00:00
  2099-Jul-02 03:00:00
  2099-Jul-12 02:00:00
  2099-Jul-22 00:00:00
  2099-Jul-31 23:00:00
  2099-Aug-10 21:00:00
  2099-Aug-20 20:00:00
  2099-Aug-30 18:00:00
  2099-Sep-09 17:00:00
  2099-Sep-19 15:00:00
  2099-Sep-29 14:00:00
  2099-Oct-09 13:00:00
  2099-Oct-19 11:00:00
  2099-Oct-29 10:00:00
  2099-Nov-08 09:00:00
  2099-Nov-18 07:00:00
  2099-Nov-28 06:00:00
  2099-Dec-08 04:00:00
  2099-Dec-18 03:00:00
  2099-Dec-28 02:00:00
Beginning Simulation...
  2100-Jan-06 22:00:00 (1.6%)
  2100-Jan-16 17:00:00 (4.3%)
  2100-Jan-26 11:00:00 (7%)
  2100-Feb-05 06:00:00 (9.7%)
  2100-Feb-15 01:00:00 (12.3%)
  2100-Feb-24 19:00:00 (15%)
  2100-Mar-06 14:00:00 (17.7%)
  2100-Mar-16 09:00:00 (20.4%)
  2100-Mar-26 03:00:00 (23%)
  2100-Apr-04 22:00:00 (25.7%)
  2100-Apr-14 17:00:00 (28.4%)
  2100-Apr-24 12:00:00 (31.1%)
  2100-May-04 07:00:00 (33.8%)
  2100-May-14 02:00:00 (36.5%)
  2100-May-23 21:00:00 (39.1%)
  2100-Jun-02 16:00:00 (41.8%)
  2100-Jun-12 10:00:00 (44.5%)
  2100-Jun-22 05:00:00 (47.2%)
  2100-Jul-02 00:00:00 (49.9%)
  2100-Jul-11 19:00:00 (52.5%)
  2100-Jul-21 14:00:00 (55.2%)
  2100-Jul-31 09:00:00 (57.9%)
  2100-Aug-10 04:00:00 (60.6%)
  2100-Aug-19 23:00:00 (63.3%)
  2100-Aug-29 18:00:00 (66%)
  2100-Sep-08 12:00:00 (68.6%)
  2100-Sep-18 07:00:00 (71.3%)
  2100-Sep-28 02:00:00 (74%)
  2100-Oct-07 21:00:00 (76.7%)
  2100-Oct-17 16:00:00 (79.4%)
  2100-Oct-27 11:00:00 (82%)
  2100-Nov-06 06:00:00 (84.7%)
  2100-Nov-16 01:00:00 (87.4%)
  2100-Nov-25 20:00:00 (90.1%)
  2100-Dec-05 13:00:00 (92.8%)
  2100-Dec-15 08:00:00 (95.4%)
  2100-Dec-25 03:00:00 (98.1%)
  2100-Dec-31 23:00:00 (100%)
Finished Program: 2014-Nov-18 11:13:42.701419
Elapsed Time: 00:01:14.996338
