instance.yaml
kiva v0.2.0-22-gd89b213
Copyright (C) 2012-2014 Big Ladder Software
Web: www.bigladdersoftware.com

Starting Program: 2014-Nov-19 10:42:42.178418
Creating Domain...
  X Cells: 186
  Y Cells: 1
  Z Cells: 133
  Total Cells: 24738
Initializing Temperatures...
  2098-Nov-19 23:00:00
  2099-Jan-07 07:00:00
  2099-Jan-16 20:00:00
  2099-Jan-26 10:00:00
  2099-Feb-04 23:00:00
  2099-Feb-14 13:00:00
  2099-Feb-24 03:00:00
  2099-Mar-05 16:00:00
  2099-Mar-15 06:00:00
  2099-Mar-24 20:00:00
  2099-Apr-03 09:00:00
  2099-Apr-12 23:00:00
  2099-Apr-22 13:00:00
  2099-May-02 03:00:00
  2099-May-11 16:00:00
  2099-May-21 06:00:00
  2099-May-30 20:00:00
  2099-Jun-09 10:00:00
  2099-Jun-18 23:00:00
  2099-Jun-28 13:00:00
  2099-Jul-08 03:00:00
  2099-Jul-17 17:00:00
  2099-Jul-27 07:00:00
  2099-Aug-05 20:00:00
  2099-Aug-15 10:00:00
  2099-Aug-25 00:00:00
  2099-Sep-03 14:00:00
  2099-Sep-13 03:00:00
  2099-Sep-22 17:00:00
  2099-Oct-02 07:00:00
  2099-Oct-11 21:00:00
  2099-Oct-21 11:00:00
  2099-Oct-31 00:00:00
  2099-Nov-09 14:00:00
  2099-Nov-19 04:00:00
  2099-Nov-28 18:00:00
  2099-Dec-08 08:00:00
  2099-Dec-17 21:00:00
  2099-Dec-27 11:00:00
Beginning Simulation...
  2100-Jan-05 16:00:00 (1.3%)
  2100-Jan-14 13:00:00 (3.7%)
  2100-Jan-23 09:00:00 (6.1%)
  2100-Feb-01 06:00:00 (8.6%)
  2100-Feb-10 02:00:00 (11%)
  2100-Feb-18 23:00:00 (13.4%)
  2100-Feb-27 20:00:00 (15.8%)
  2100-Mar-08 16:00:00 (18.3%)
  2100-Mar-17 12:00:00 (20.7%)
  2100-Mar-26 09:00:00 (23.1%)
  2100-Apr-04 06:00:00 (25.5%)
  2100-Apr-13 03:00:00 (28%)
  2100-Apr-21 23:00:00 (30.4%)
  2100-Apr-30 20:00:00 (32.8%)
  2100-May-09 17:00:00 (35.3%)
  2100-May-18 13:00:00 (37.7%)
  2100-May-27 10:00:00 (40.1%)
  2100-Jun-05 08:00:00 (42.6%)
  2100-Jun-14 06:00:00 (45%)
  2100-Jun-23 04:00:00 (47.4%)
  2100-Jul-02 02:00:00 (49.9%)
  2100-Jul-11 01:00:00 (52.3%)
  2100-Jul-19 23:00:00 (54.8%)
  2100-Jul-28 21:00:00 (57.2%)
  2100-Aug-06 19:00:00 (59.7%)
  2100-Aug-15 17:00:00 (62.1%)
  2100-Aug-24 16:00:00 (64.6%)
  2100-Sep-02 14:00:00 (67%)
  2100-Sep-11 12:00:00 (69.5%)
  2100-Sep-20 11:00:00 (71.9%)
  2100-Sep-29 09:00:00 (74.3%)
  2100-Oct-08 07:00:00 (76.8%)
  2100-Oct-17 06:00:00 (79.2%)
  2100-Oct-26 04:00:00 (81.7%)
  2100-Nov-04 02:00:00 (84.1%)
  2100-Nov-13 00:00:00 (86.6%)
  2100-Nov-21 23:00:00 (89%)
  2100-Nov-30 21:00:00 (91.5%)
  2100-Dec-09 19:00:00 (93.9%)
  2100-Dec-18 18:00:00 (96.4%)
  2100-Dec-27 16:00:00 (98.8%)
  2100-Dec-31 23:00:00 (100%)
Finished Program: 2014-Nov-19 10:44:02.483468
Elapsed Time: 00:01:20.305050
