instance.yaml
kiva v0.2.0-21-g785bfe1
Copyright (C) 2012-2014 Big Ladder Software
Web: www.bigladdersoftware.com

Starting Program: 2014-Nov-18 11:02:25.953334
Creating Domain...
  X Cells: 98
  Y Cells: 1
  Z Cells: 133
  Total Cells: 13034
Initializing Temperatures...
  2099-Jan-05 19:00:00
  2099-Jan-25 11:00:00
  2099-Feb-14 03:00:00
  2099-Mar-05 19:00:00
  2099-Mar-25 11:00:00
  2099-Apr-14 03:00:00
  2099-May-03 19:00:00
  2099-May-23 11:00:00
  2099-Jun-12 04:00:00
  2099-Jul-01 20:00:00
  2099-Jul-21 12:00:00
  2099-Aug-10 04:00:00
  2099-Aug-29 20:00:00
  2099-Sep-18 13:00:00
  2099-Oct-08 07:00:00
  2099-Oct-28 01:00:00
  2099-Nov-16 19:00:00
  2099-Dec-06 12:00:00
  2099-Dec-26 06:00:00
Beginning Simulation...
  2100-Jan-13 20:00:00 (3.5%)
  2100-Jan-31 21:00:00 (8.5%)
  2100-Feb-19 00:00:00 (13.4%)
  2100-Mar-09 01:00:00 (18.4%)
  2100-Mar-27 03:00:00 (23.3%)
  2100-Apr-14 05:00:00 (28.3%)
  2100-May-02 08:00:00 (33.2%)
  2100-May-20 10:00:00 (38.2%)
  2100-Jun-07 13:00:00 (43.2%)
  2100-Jun-25 15:00:00 (48.1%)
  2100-Jul-13 18:00:00 (53.1%)
  2100-Jul-31 21:00:00 (58%)
  2100-Aug-18 23:00:00 (63%)
  2100-Sep-06 02:00:00 (68%)
  2100-Sep-24 03:00:00 (72.9%)
  2100-Oct-12 06:00:00 (77.9%)
  2100-Oct-30 08:00:00 (82.8%)
  2100-Nov-17 10:00:00 (87.8%)
  2100-Dec-05 13:00:00 (92.8%)
  2100-Dec-23 16:00:00 (97.7%)
  2100-Dec-31 23:00:00 (100%)
Finished Program: 2014-Nov-18 11:03:05.459923
Elapsed Time: 00:00:39.506589
