instance.yaml
kiva v0.2.0-19-ge248292
Copyright (C) 2012-2014 Big Ladder Software
Web: www.bigladdersoftware.com

Starting Program: 2014-Nov-17 08:46:14.176759
Creating Domain...
  X Cells: 97
  Y Cells: 1
  Z Cells: 125
  Total Cells: 12125
Initializing Temperatures...
  2099-Jan-04 14:00:00
  2099-Jan-24 10:00:00
  2099-Feb-13 07:00:00
  2099-Mar-05 04:00:00
  2099-Mar-25 00:00:00
  2099-Apr-13 21:00:00
  2099-May-03 17:00:00
  2099-May-23 14:00:00
  2099-Jun-12 10:00:00
  2099-Jul-02 07:00:00
  2099-Jul-22 04:00:00
  2099-Aug-11 00:00:00
  2099-Aug-30 21:00:00
  2099-Sep-19 18:00:00
  2099-Oct-09 13:00:00
  2099-Oct-29 10:00:00
  2099-Nov-18 07:00:00
  2099-Dec-08 04:00:00
  2099-Dec-28 02:00:00
Beginning Simulation...
  2100-Jan-15 18:00:00 (4%)
  2100-Feb-03 02:00:00 (9.1%)
  2100-Feb-21 10:00:00 (14.1%)
  2100-Mar-11 19:00:00 (19.1%)
  2100-Mar-30 03:00:00 (24.1%)
  2100-Apr-17 11:00:00 (29.2%)
  2100-May-05 19:00:00 (34.2%)
  2100-May-24 04:00:00 (39.2%)
  2100-Jun-11 12:00:00 (44.2%)
  2100-Jun-29 21:00:00 (49.3%)
  2100-Jul-18 05:00:00 (54.3%)
  2100-Aug-05 14:00:00 (59.3%)
  2100-Aug-23 22:00:00 (64.4%)
  2100-Sep-11 07:00:00 (69.4%)
  2100-Sep-29 16:00:00 (74.4%)
  2100-Oct-17 21:00:00 (79.4%)
  2100-Nov-05 06:00:00 (84.5%)
  2100-Nov-23 14:00:00 (89.5%)
  2100-Dec-11 22:00:00 (94.5%)
  2100-Dec-30 07:00:00 (99.5%)
  2100-Dec-31 23:00:00 (100%)
Finished Program: 2014-Nov-17 08:46:53.092964
Elapsed Time: 00:00:38.916205
