instance.yaml
kiva v0.2.0-19-ge248292
Copyright (C) 2012-2014 Big Ladder Software
Web: www.bigladdersoftware.com

Starting Program: 2014-Nov-17 08:43:17.372379
Creating Domain...
  X Cells: 91
  Y Cells: 1
  Z Cells: 125
  Total Cells: 11375
Initializing Temperatures...
  2099-Jan-02 11:00:00
  2099-Jan-23 05:00:00
  2099-Feb-13 00:00:00
  2099-Mar-05 19:00:00
  2099-Mar-26 13:00:00
  2099-Apr-16 08:00:00
  2099-May-07 03:00:00
  2099-May-27 22:00:00
  2099-Jun-17 17:00:00
  2099-Jul-08 12:00:00
  2099-Jul-29 07:00:00
  2099-Aug-19 01:00:00
  2099-Sep-08 20:00:00
  2099-Sep-29 16:00:00
  2099-Oct-20 11:00:00
  2099-Nov-10 06:00:00
  2099-Dec-01 02:00:00
  2099-Dec-20 00:00:00
Beginning Simulation...
  2100-Jan-09 01:00:00 (2.2%)
  2100-Jan-28 01:00:00 (7.4%)
  2100-Feb-16 01:00:00 (12.6%)
  2100-Mar-07 00:00:00 (17.8%)
  2100-Mar-26 00:00:00 (23%)
  2100-Apr-14 00:00:00 (28.2%)
  2100-May-02 23:00:00 (33.4%)
  2100-May-21 22:00:00 (38.6%)
  2100-Jun-09 22:00:00 (43.8%)
  2100-Jun-28 22:00:00 (49%)
  2100-Jul-17 21:00:00 (54.2%)
  2100-Aug-05 20:00:00 (59.4%)
  2100-Aug-24 20:00:00 (64.6%)
  2100-Sep-12 19:00:00 (69.8%)
  2100-Oct-01 19:00:00 (75%)
  2100-Oct-20 16:00:00 (80.2%)
  2100-Nov-08 15:00:00 (85.4%)
  2100-Nov-27 15:00:00 (90.6%)
  2100-Dec-16 15:00:00 (95.8%)
  2100-Dec-31 23:00:00 (100%)
Finished Program: 2014-Nov-17 08:43:54.809686
Elapsed Time: 00:00:37.437307
