instance.yaml
kiva v0.2.0-9-g526928a
Copyright (C) 2012-2014 Big Ladder Software
Web: www.bigladdersoftware.com

Starting Program: 2014-Nov-15 11:50:46.612903
Creating Domain...
  X Cells: 144
  Y Cells: 1
  Z Cells: 133
  Total Cells: 19152
Initializing Temperatures...
  2098-Oct-08 23:00:00
  2099-Jan-06 19:00:00
  2099-Jan-19 11:00:00
  2099-Feb-01 03:00:00
  2099-Feb-13 19:00:00
  2099-Feb-26 10:00:00
  2099-Mar-11 02:00:00
  2099-Mar-23 18:00:00
  2099-Apr-05 10:00:00
  2099-Apr-18 01:00:00
  2099-Apr-30 17:00:00
  2099-May-13 09:00:00
  2099-May-26 00:00:00
  2099-Jun-07 16:00:00
  2099-Jun-20 08:00:00
  2099-Jul-03 00:00:00
  2099-Jul-15 16:00:00
  2099-Jul-28 08:00:00
  2099-Aug-10 00:00:00
  2099-Aug-22 16:00:00
  2099-Sep-04 08:00:00
  2099-Sep-17 00:00:00
  2099-Sep-29 16:00:00
  2099-Oct-12 08:00:00
  2099-Oct-25 00:00:00
  2099-Nov-06 16:00:00
  2099-Nov-19 08:00:00
  2099-Dec-02 00:00:00
  2099-Dec-14 16:00:00
  2099-Dec-27 08:00:00
Beginning Simulation...
  2100-Jan-08 06:00:00 (2%)
  2100-Jan-19 19:00:00 (5.1%)
  2100-Jan-31 08:00:00 (8.3%)
  2100-Feb-11 21:00:00 (11.5%)
  2100-Feb-23 11:00:00 (14.6%)
  2100-Mar-07 02:00:00 (17.8%)
  2100-Mar-18 17:00:00 (21%)
  2100-Mar-30 08:00:00 (24.2%)
  2100-Apr-10 23:00:00 (27.4%)
  2100-Apr-22 14:00:00 (30.6%)
  2100-May-04 06:00:00 (33.8%)
  2100-May-15 21:00:00 (37%)
  2100-May-27 12:00:00 (40.1%)
  2100-Jun-08 04:00:00 (43.3%)
  2100-Jun-19 20:00:00 (46.5%)
  2100-Jul-01 11:00:00 (49.7%)
  2100-Jul-13 02:00:00 (52.9%)
  2100-Jul-24 18:00:00 (56.1%)
  2100-Aug-05 09:00:00 (59.3%)
  2100-Aug-17 01:00:00 (62.5%)
  2100-Aug-28 16:00:00 (65.7%)
  2100-Sep-09 08:00:00 (68.9%)
  2100-Sep-20 23:00:00 (72%)
  2100-Oct-02 15:00:00 (75.2%)
  2100-Oct-14 06:00:00 (78.4%)
  2100-Oct-25 21:00:00 (81.6%)
  2100-Nov-06 13:00:00 (84.8%)
  2100-Nov-18 04:00:00 (88%)
  2100-Nov-29 19:00:00 (91.2%)
  2100-Dec-11 10:00:00 (94.4%)
  2100-Dec-23 01:00:00 (97.5%)
  2100-Dec-31 23:00:00 (100%)
Finished Program: 2014-Nov-15 11:51:47.766235
Elapsed Time: 00:01:01.153332
