instance.yaml
kiva v0.2.0-21-g785bfe1
Copyright (C) 2012-2014 Big Ladder Software
Web: www.bigladdersoftware.com

Starting Program: 2014-Nov-18 11:01:27.799085
Creating Domain...
  X Cells: 121
  Y Cells: 1
  Z Cells: 103
  Total Cells: 12463
Initializing Temperatures...
  2098-Oct-01 23:00:00
  2099-Jan-11 15:00:00
  2099-Jan-30 04:00:00
  2099-Feb-17 17:00:00
  2099-Mar-08 06:00:00
  2099-Mar-26 19:00:00
  2099-Apr-14 13:00:00
  2099-May-03 08:00:00
  2099-May-22 02:00:00
  2099-Jun-09 20:00:00
  2099-Jun-28 15:00:00
  2099-Jul-17 09:00:00
  2099-Aug-05 03:00:00
  2099-Aug-23 22:00:00
  2099-Sep-11 16:00:00
  2099-Sep-30 11:00:00
  2099-Oct-19 05:00:00
  2099-Nov-07 00:00:00
  2099-Nov-25 18:00:00
  2099-Dec-14 12:00:00
Beginning Simulation...
  2100-Jan-02 06:00:00 (0.3%)
  2100-Jan-20 16:00:00 (5.4%)
  2100-Feb-08 02:00:00 (10.4%)
  2100-Feb-26 12:00:00 (15.5%)
  2100-Mar-16 22:00:00 (20.5%)
  2100-Apr-04 07:00:00 (25.6%)
  2100-Apr-22 17:00:00 (30.6%)
  2100-May-11 03:00:00 (35.7%)
  2100-May-29 14:00:00 (40.7%)
  2100-Jun-17 00:00:00 (45.8%)
  2100-Jul-05 11:00:00 (50.8%)
  2100-Jul-23 19:00:00 (55.8%)
  2100-Aug-11 06:00:00 (60.9%)
  2100-Aug-29 16:00:00 (65.9%)
  2100-Sep-17 02:00:00 (71%)
  2100-Oct-05 13:00:00 (76%)
  2100-Oct-23 23:00:00 (81.1%)
  2100-Nov-11 10:00:00 (86.1%)
  2100-Nov-29 21:00:00 (91.2%)
  2100-Dec-18 07:00:00 (96.2%)
  2100-Dec-31 23:00:00 (100%)
Finished Program: 2014-Nov-18 11:02:07.744353
Elapsed Time: 00:00:39.945268
