instance.yaml
kiva v0.2.0-9-g526928a
Copyright (C) 2012-2014 Big Ladder Software
Web: www.bigladdersoftware.com

Starting Program: 2014-Oct-19 03:35:27.540350
Creating Domain...
  X Cells: 126
  Y Cells: 1
  Z Cells: 129
  Total Cells: 16254
Initializing Temperatures...
  2098-Oct-01 23:00:00
  2098-Nov-19 23:00:00
  2099-Jan-04 20:00:00
  2099-Jan-19 05:00:00
  2099-Feb-05 05:00:00
  2099-Feb-22 02:00:00
  2099-Mar-11 03:00:00
  2099-Mar-28 03:00:00
  2099-Apr-14 03:00:00
  2099-May-01 04:00:00
  2099-May-18 04:00:00
  2099-Jun-04 05:00:00
  2099-Jun-21 05:00:00
  2099-Jul-08 06:00:00
  2099-Jul-25 07:00:00
  2099-Aug-11 07:00:00
  2099-Aug-28 08:00:00
  2099-Sep-14 08:00:00
  2099-Oct-01 09:00:00
  2099-Oct-18 09:00:00
  2099-Nov-04 10:00:00
  2099-Nov-21 11:00:00
  2099-Dec-08 11:00:00
  2099-Dec-25 12:00:00
Beginning Simulation...
  2100-Jan-10 20:00:00 (2.7%)
  2100-Jan-26 19:00:00 (7.1%)
  2100-Feb-11 18:00:00 (11.4%)
  2100-Feb-27 16:00:00 (15.8%)
  2100-Mar-15 15:00:00 (20.2%)
  2100-Mar-31 13:00:00 (24.5%)
  2100-Apr-16 12:00:00 (28.9%)
  2100-May-02 11:00:00 (33.3%)
  2100-May-18 12:00:00 (37.7%)
  2100-Jun-03 17:00:00 (42.1%)
  2100-Jun-19 21:00:00 (46.5%)
  2100-Jul-06 02:00:00 (51%)
  2100-Jul-22 07:00:00 (55.4%)
  2100-Aug-07 11:00:00 (59.9%)
  2100-Aug-23 16:00:00 (64.3%)
  2100-Sep-08 21:00:00 (68.7%)
  2100-Sep-25 02:00:00 (73.2%)
  2100-Oct-11 06:00:00 (77.6%)
  2100-Oct-27 11:00:00 (82%)
  2100-Nov-12 16:00:00 (86.5%)
  2100-Nov-28 20:00:00 (90.9%)
  2100-Dec-15 01:00:00 (95.4%)
  2100-Dec-31 06:00:00 (99.8%)
  2100-Dec-31 23:00:00 (100%)
Finished Program: 2014-Oct-19 03:36:16.046389
Elapsed Time: 00:00:48.506039
