instance.yaml
kiva v0.2.0-21-g785bfe1
Copyright (C) 2012-2014 Big Ladder Software
Web: www.bigladdersoftware.com

Starting Program: 2014-Nov-18 11:20:29.083553
Creating Domain...
  X Cells: 205
  Y Cells: 1
  Z Cells: 127
  Total Cells: 26035
Initializing Temperatures...
  2098-Dec-10 23:00:00
  2099-Jan-08 11:00:00
  2099-Jan-17 22:00:00
  2099-Jan-27 09:00:00
  2099-Feb-05 19:00:00
  2099-Feb-15 06:00:00
  2099-Feb-24 16:00:00
  2099-Mar-06 03:00:00
  2099-Mar-15 14:00:00
  2099-Mar-24 20:00:00
  2099-Apr-03 06:00:00
  2099-Apr-12 17:00:00
  2099-Apr-22 04:00:00
  2099-May-01 14:00:00
  2099-May-11 01:00:00
  2099-May-20 12:00:00
  2099-May-29 22:00:00
  2099-Jun-08 09:00:00
  2099-Jun-17 20:00:00
  2099-Jun-27 07:00:00
  2099-Jul-06 17:00:00
  2099-Jul-16 04:00:00
  2099-Jul-25 15:00:00
  2099-Aug-04 01:00:00
  2099-Aug-13 12:00:00
  2099-Aug-22 23:00:00
  2099-Sep-01 09:00:00
  2099-Sep-10 20:00:00
  2099-Sep-20 07:00:00
  2099-Sep-29 17:00:00
  2099-Oct-09 04:00:00
  2099-Oct-18 15:00:00
  2099-Oct-28 02:00:00
  2099-Nov-06 12:00:00
  2099-Nov-15 23:00:00
  2099-Nov-25 10:00:00
  2099-Dec-04 20:00:00
  2099-Dec-14 07:00:00
  2099-Dec-23 18:00:00
Beginning Simulation...
  2100-Jan-02 03:00:00 (0.3%)
  2100-Jan-10 22:00:00 (2.7%)
  2100-Jan-19 17:00:00 (5.1%)
  2100-Jan-28 12:00:00 (7.5%)
  2100-Feb-06 07:00:00 (9.9%)
  2100-Feb-15 02:00:00 (12.4%)
  2100-Feb-23 21:00:00 (14.8%)
  2100-Mar-04 16:00:00 (17.2%)
  2100-Mar-13 12:00:00 (19.6%)
  2100-Mar-22 07:00:00 (22%)
  2100-Mar-31 02:00:00 (24.4%)
  2100-Apr-08 21:00:00 (26.8%)
  2100-Apr-17 17:00:00 (29.2%)
  2100-Apr-26 12:00:00 (31.6%)
  2100-May-05 07:00:00 (34.1%)
  2100-May-14 03:00:00 (36.5%)
  2100-May-22 22:00:00 (38.9%)
  2100-May-31 17:00:00 (41.3%)
  2100-Jun-09 13:00:00 (43.7%)
  2100-Jun-18 08:00:00 (46.1%)
  2100-Jun-27 04:00:00 (48.5%)
  2100-Jul-05 23:00:00 (50.9%)
  2100-Jul-14 18:00:00 (53.4%)
  2100-Jul-23 13:00:00 (55.8%)
  2100-Aug-01 09:00:00 (58.2%)
  2100-Aug-10 04:00:00 (60.6%)
  2100-Aug-18 23:00:00 (63%)
  2100-Aug-27 19:00:00 (65.4%)
  2100-Sep-05 14:00:00 (67.8%)
  2100-Sep-14 09:00:00 (70.2%)
  2100-Sep-23 04:00:00 (72.6%)
  2100-Oct-02 00:00:00 (75.1%)
  2100-Oct-10 19:00:00 (77.5%)
  2100-Oct-19 15:00:00 (79.9%)
  2100-Oct-28 09:00:00 (82.3%)
  2100-Nov-06 04:00:00 (84.7%)
  2100-Nov-15 00:00:00 (87.1%)
  2100-Nov-23 19:00:00 (89.5%)
  2100-Dec-02 12:00:00 (91.9%)
  2100-Dec-10 21:00:00 (94.2%)
  2100-Dec-19 10:00:00 (96.6%)
  2100-Dec-28 04:00:00 (98.9%)
  2100-Dec-31 23:00:00 (100%)
Finished Program: 2014-Nov-18 11:21:50.435828
Elapsed Time: 00:01:21.352275
