instance.yaml
kiva v0.2.0-21-g785bfe1
Copyright (C) 2012-2014 Big Ladder Software
Web: www.bigladdersoftware.com

Starting Program: 2014-Nov-18 11:04:24.839047
Creating Domain...
  X Cells: 163
  Y Cells: 1
  Z Cells: 133
  Total Cells: 21679
Initializing Temperatures...
  2099-Jan-04 00:00:00
  2099-Jan-15 05:00:00
  2099-Jan-26 09:00:00
  2099-Feb-06 13:00:00
  2099-Feb-17 17:00:00
  2099-Feb-28 21:00:00
  2099-Mar-12 01:00:00
  2099-Mar-23 06:00:00
  2099-Apr-03 10:00:00
  2099-Apr-14 14:00:00
  2099-Apr-25 18:00:00
  2099-May-06 22:00:00
  2099-May-18 03:00:00
  2099-May-29 07:00:00
  2099-Jun-09 11:00:00
  2099-Jun-20 15:00:00
  2099-Jul-01 20:00:00
  2099-Jul-13 00:00:00
  2099-Jul-24 04:00:00
  2099-Aug-04 08:00:00
  2099-Aug-15 13:00:00
  2099-Aug-26 01:00:00
  2099-Sep-06 05:00:00
  2099-Sep-17 09:00:00
  2099-Sep-28 14:00:00
  2099-Oct-09 18:00:00
  2099-Oct-20 22:00:00
  2099-Nov-01 03:00:00
  2099-Nov-12 07:00:00
  2099-Nov-23 12:00:00
  2099-Dec-04 19:00:00
  2099-Dec-16 02:00:00
  2099-Dec-27 09:00:00
Beginning Simulation...
  2100-Jan-07 03:00:00 (1.7%)
  2100-Jan-17 12:00:00 (4.5%)
  2100-Jan-27 22:00:00 (7.4%)
  2100-Feb-07 07:00:00 (10.2%)
  2100-Feb-17 16:00:00 (13.1%)
  2100-Feb-28 01:00:00 (15.9%)
  2100-Mar-10 10:00:00 (18.7%)
  2100-Mar-20 20:00:00 (21.6%)
  2100-Mar-31 05:00:00 (24.4%)
  2100-Apr-10 14:00:00 (27.3%)
  2100-Apr-20 23:00:00 (30.1%)
  2100-May-01 08:00:00 (33%)
  2100-May-11 18:00:00 (35.8%)
  2100-May-22 03:00:00 (38.7%)
  2100-Jun-01 12:00:00 (41.5%)
  2100-Jun-11 22:00:00 (44.4%)
  2100-Jun-22 07:00:00 (47.2%)
  2100-Jul-02 17:00:00 (50.1%)
  2100-Jul-13 02:00:00 (52.9%)
  2100-Jul-23 11:00:00 (55.7%)
  2100-Aug-02 21:00:00 (58.6%)
  2100-Aug-13 06:00:00 (61.4%)
  2100-Aug-23 16:00:00 (64.3%)
  2100-Sep-03 01:00:00 (67.1%)
  2100-Sep-13 10:00:00 (70%)
  2100-Sep-23 20:00:00 (72.8%)
  2100-Oct-04 05:00:00 (75.7%)
  2100-Oct-14 15:00:00 (78.5%)
  2100-Oct-25 00:00:00 (81.4%)
  2100-Nov-04 10:00:00 (84.2%)
  2100-Nov-14 19:00:00 (87.1%)
  2100-Nov-25 05:00:00 (89.9%)
  2100-Dec-05 14:00:00 (92.8%)
  2100-Dec-16 00:00:00 (95.6%)
  2100-Dec-26 07:00:00 (98.4%)
  2100-Dec-31 23:00:00 (100%)
Finished Program: 2014-Nov-18 11:05:33.546757
Elapsed Time: 00:01:08.707710
