instance.yaml
kiva v0.2.0-9-g526928a
Copyright (C) 2012-2014 Big Ladder Software
Web: www.bigladdersoftware.com

Starting Program: 2014-Oct-26 15:38:58.551738
Creating Domain...
  X Cells: 121
  Y Cells: 1
  Z Cells: 103
  Total Cells: 12463
Initializing Temperatures...
  2098-Oct-08 23:00:00
  2099-Jan-02 21:00:00
  2099-Jan-20 16:00:00
  2099-Feb-10 00:00:00
  2099-Mar-02 08:00:00
  2099-Mar-22 16:00:00
  2099-Apr-11 23:00:00
  2099-May-02 07:00:00
  2099-May-22 15:00:00
  2099-Jun-11 23:00:00
  2099-Jul-02 07:00:00
  2099-Jul-22 14:00:00
  2099-Aug-11 22:00:00
  2099-Sep-01 06:00:00
  2099-Sep-21 14:00:00
  2099-Oct-11 22:00:00
  2099-Nov-01 06:00:00
  2099-Nov-21 14:00:00
  2099-Dec-11 22:00:00
Beginning Simulation...
  2100-Jan-01 06:00:00 (0.1%)
  2100-Jan-21 05:00:00 (5.5%)
  2100-Feb-10 04:00:00 (11%)
  2100-Mar-02 03:00:00 (16.5%)
  2100-Mar-22 02:00:00 (21.9%)
  2100-Apr-11 00:00:00 (27.4%)
  2100-Apr-30 23:00:00 (32.9%)
  2100-May-20 22:00:00 (38.3%)
  2100-Jun-09 21:00:00 (43.8%)
  2100-Jun-29 21:00:00 (49.3%)
  2100-Jul-19 20:00:00 (54.7%)
  2100-Aug-08 19:00:00 (60.2%)
  2100-Aug-28 18:00:00 (65.7%)
  2100-Sep-17 17:00:00 (71.2%)
  2100-Oct-07 16:00:00 (76.6%)
  2100-Oct-27 12:00:00 (82.1%)
  2100-Nov-16 11:00:00 (87.5%)
  2100-Dec-06 10:00:00 (93%)
  2100-Dec-26 10:00:00 (98.5%)
  2100-Dec-31 23:00:00 (100%)
Finished Program: 2014-Oct-26 15:39:36.280430
Elapsed Time: 00:00:37.728692
