instance.yaml
kiva v0.2.0-9-g526928a
Copyright (C) 2012-2014 Big Ladder Software
Web: www.bigladdersoftware.com

Starting Program: 2014-Oct-26 15:38:30.418422
Creating Domain...
  X Cells: 86
  Y Cells: 1
  Z Cells: 125
  Total Cells: 10750
Initializing Temperatures...
  2098-Oct-01 23:00:00
  2098-Nov-19 23:00:00
  2098-Dec-31 23:00:00
  2099-Jan-05 19:00:00
  2099-Jan-13 07:00:00
  2099-Jan-20 20:00:00
  2099-Jan-28 09:00:00
  2099-Feb-04 20:00:00
  2099-Feb-12 07:00:00
  2099-Feb-19 15:00:00
  2099-Feb-27 00:00:00
  2099-Mar-06 11:00:00
  2099-Mar-13 23:00:00
  2099-Mar-21 06:00:00
  2099-Mar-28 15:00:00
  2099-Apr-05 03:00:00
  2099-Apr-12 18:00:00
  2099-Apr-20 07:00:00
  2099-Apr-27 17:00:00
  2099-May-05 07:00:00
  2099-May-12 15:00:00
  2099-May-19 23:00:00
  2099-May-27 10:00:00
  2099-Jun-03 21:00:00
  2099-Jun-11 04:00:00
  2099-Jun-18 12:00:00
  2099-Jun-25 20:00:00
  2099-Jul-03 04:00:00
  2099-Jul-10 11:00:00
  2099-Jul-17 23:00:00
  2099-Jul-25 09:00:00
  2099-Aug-01 20:00:00
  2099-Aug-09 04:00:00
  2099-Aug-16 12:00:00
  2099-Aug-23 20:00:00
  2099-Aug-31 04:00:00
  2099-Sep-07 13:00:00
  2099-Sep-14 19:00:00
  2099-Sep-22 07:00:00
  2099-Sep-29 17:00:00
  2099-Oct-07 01:00:00
  2099-Oct-14 10:00:00
  2099-Oct-21 19:00:00
  2099-Oct-29 06:00:00
  2099-Nov-05 14:00:00
  2099-Nov-12 23:00:00
  2099-Nov-20 09:00:00
  2099-Nov-27 18:00:00
  2099-Dec-05 06:00:00
  2099-Dec-12 14:00:00
  2099-Dec-19 23:00:00
  2099-Dec-27 08:00:00
Beginning Simulation...
  2100-Jan-03 12:00:00 (0.7%)
  2100-Jan-10 07:00:00 (2.5%)
  2100-Jan-17 00:00:00 (4.4%)
  2100-Jan-23 17:00:00 (6.2%)
  2100-Jan-30 14:00:00 (8.1%)
  2100-Feb-06 14:00:00 (10%)
  2100-Feb-13 10:00:00 (11.9%)
  2100-Feb-20 09:00:00 (13.8%)
  2100-Feb-27 07:00:00 (15.7%)
  2100-Mar-06 02:00:00 (17.6%)
  2100-Mar-12 20:00:00 (19.4%)
  2100-Mar-19 13:00:00 (21.2%)
  2100-Mar-26 06:00:00 (23.1%)
  2100-Apr-02 00:00:00 (24.9%)
  2100-Apr-08 19:00:00 (26.8%)
  2100-Apr-15 12:00:00 (28.6%)
  2100-Apr-22 05:00:00 (30.5%)
  2100-Apr-28 23:00:00 (32.3%)
  2100-May-05 16:00:00 (34.2%)
  2100-May-12 10:00:00 (36%)
  2100-May-19 05:00:00 (37.9%)
  2100-May-25 22:00:00 (39.7%)
  2100-Jun-01 15:00:00 (41.5%)
  2100-Jun-08 08:00:00 (43.4%)
  2100-Jun-15 01:00:00 (45.2%)
  2100-Jun-21 19:00:00 (47.1%)
  2100-Jun-28 12:00:00 (48.9%)
  2100-Jul-05 04:00:00 (50.7%)
  2100-Jul-11 22:00:00 (52.6%)
  2100-Jul-18 15:00:00 (54.4%)
  2100-Jul-25 09:00:00 (56.3%)
  2100-Aug-01 04:00:00 (58.1%)
  2100-Aug-07 22:00:00 (60%)
  2100-Aug-14 15:00:00 (61.8%)
  2100-Aug-21 08:00:00 (63.7%)
  2100-Aug-28 02:00:00 (65.5%)
  2100-Sep-03 19:00:00 (67.3%)
  2100-Sep-10 13:00:00 (69.2%)
  2100-Sep-17 06:00:00 (71%)
  2100-Sep-23 23:00:00 (72.9%)
  2100-Sep-30 16:00:00 (74.7%)
  2100-Oct-07 09:00:00 (76.5%)
  2100-Oct-14 03:00:00 (78.4%)
  2100-Oct-20 20:00:00 (80.2%)
  2100-Oct-27 17:00:00 (82.1%)
  2100-Nov-03 12:00:00 (84%)
  2100-Nov-10 06:00:00 (85.8%)
  2100-Nov-16 23:00:00 (87.7%)
  2100-Nov-23 16:00:00 (89.5%)
  2100-Nov-30 09:00:00 (91.3%)
  2100-Dec-07 05:00:00 (93.2%)
  2100-Dec-14 03:00:00 (95.1%)
  2100-Dec-20 21:00:00 (97%)
  2100-Dec-27 14:00:00 (98.8%)
  2100-Dec-31 23:00:00 (100%)
Finished Program: 2014-Oct-26 15:40:16.666432
Elapsed Time: 00:01:46.248010
