instance.yaml
kiva v0.2.0-9-g526928a
Copyright (C) 2012-2014 Big Ladder Software
Web: www.bigladdersoftware.com

Starting Program: 2014-Oct-26 15:42:22.664654
Creating Domain...
  X Cells: 105
  Y Cells: 1
  Z Cells: 133
  Total Cells: 13965
Initializing Temperatures...
  2098-Oct-01 23:00:00
  2098-Dec-17 23:00:00
  2099-Jan-12 03:00:00
  2099-Feb-01 05:00:00
  2099-Feb-21 07:00:00
  2099-Mar-13 10:00:00
  2099-Apr-02 12:00:00
  2099-Apr-22 15:00:00
  2099-May-12 17:00:00
  2099-Jun-01 20:00:00
  2099-Jun-21 23:00:00
  2099-Jul-12 01:00:00
  2099-Aug-01 04:00:00
  2099-Aug-21 06:00:00
  2099-Sep-10 09:00:00
  2099-Sep-30 12:00:00
  2099-Oct-20 14:00:00
  2099-Nov-09 16:00:00
  2099-Nov-29 17:00:00
  2099-Dec-19 19:00:00
Beginning Simulation...
  2100-Jan-08 07:00:00 (2%)
  2100-Jan-26 22:00:00 (7.1%)
  2100-Feb-14 12:00:00 (12.2%)
  2100-Mar-05 02:00:00 (17.3%)
  2100-Mar-23 17:00:00 (22.4%)
  2100-Apr-11 07:00:00 (27.5%)
  2100-Apr-29 23:00:00 (32.6%)
  2100-May-18 16:00:00 (37.7%)
  2100-Jun-06 09:00:00 (42.8%)
  2100-Jun-25 02:00:00 (48%)
  2100-Jul-13 19:00:00 (53.1%)
  2100-Aug-01 12:00:00 (58.2%)
  2100-Aug-20 04:00:00 (63.3%)
  2100-Sep-07 22:00:00 (68.5%)
  2100-Sep-26 15:00:00 (73.6%)
  2100-Oct-15 05:00:00 (78.7%)
  2100-Nov-02 22:00:00 (83.8%)
  2100-Nov-21 16:00:00 (88.9%)
  2100-Dec-10 10:00:00 (94.1%)
  2100-Dec-29 04:00:00 (99.2%)
  2100-Dec-31 23:00:00 (100%)
Finished Program: 2014-Oct-26 15:43:02.149481
Elapsed Time: 00:00:39.484827
