instance.yaml
kiva v0.2.0-21-g785bfe1
Copyright (C) 2012-2014 Big Ladder Software
Web: www.bigladdersoftware.com

Starting Program: 2014-Nov-18 11:17:28.571312
Creating Domain...
  X Cells: 97
  Y Cells: 1
  Z Cells: 113
  Total Cells: 10961
Initializing Temperatures...
  2098-Nov-26 23:00:00
  2099-Jan-20 07:00:00
  2099-Feb-11 09:00:00
  2099-Mar-05 11:00:00
  2099-Mar-27 12:00:00
  2099-Apr-18 14:00:00
  2099-May-10 16:00:00
  2099-Jun-01 18:00:00
  2099-Jun-23 20:00:00
  2099-Jul-15 22:00:00
  2099-Aug-07 00:00:00
  2099-Aug-29 02:00:00
  2099-Sep-20 04:00:00
  2099-Oct-12 06:00:00
  2099-Nov-03 08:00:00
  2099-Nov-25 10:00:00
  2099-Dec-17 12:00:00
Beginning Simulation...
  2100-Jan-08 09:00:00 (2%)
  2100-Jan-29 22:00:00 (7.9%)
  2100-Feb-20 10:00:00 (13.8%)
  2100-Mar-13 23:00:00 (19.7%)
  2100-Apr-04 12:00:00 (25.6%)
  2100-Apr-26 00:00:00 (31.5%)
  2100-May-17 13:00:00 (37.4%)
  2100-Jun-08 01:00:00 (43.3%)
  2100-Jun-29 14:00:00 (49.2%)
  2100-Jul-21 03:00:00 (55.1%)
  2100-Aug-11 15:00:00 (61%)
  2100-Sep-02 04:00:00 (66.9%)
  2100-Sep-23 16:00:00 (72.8%)
  2100-Oct-15 05:00:00 (78.7%)
  2100-Nov-05 18:00:00 (84.6%)
  2100-Nov-27 06:00:00 (90.5%)
  2100-Dec-18 17:00:00 (96.4%)
  2100-Dec-31 23:00:00 (100%)
Finished Program: 2014-Nov-18 11:18:02.614486
Elapsed Time: 00:00:34.043174
