instance.yaml
kiva v0.2.0-9-g526928a
Copyright (C) 2012-2014 Big Ladder Software
Web: www.bigladdersoftware.com

Starting Program: 2014-Oct-26 15:35:16.884683
Creating Domain...
  X Cells: 109
  Y Cells: 1
  Z Cells: 133
  Total Cells: 14497
Initializing Temperatures...
Warning: Solution did not converge after 1027 iterations.
  The final residual was: 0.00167367
  Solver status: 2
  2098-Dec-10 23:00:00
  2099-Jan-14 20:00:00
  2099-Feb-02 15:00:00
  2099-Feb-21 10:00:00
  2099-Mar-12 05:00:00
  2099-Mar-31 00:00:00
  2099-Apr-18 19:00:00
  2099-May-07 15:00:00
  2099-May-26 10:00:00
  2099-Jun-14 05:00:00
  2099-Jul-03 01:00:00
  2099-Jul-21 20:00:00
  2099-Aug-09 15:00:00
  2099-Aug-28 10:00:00
  2099-Sep-16 05:00:00
  2099-Oct-05 01:00:00
  2099-Oct-23 20:00:00
  2099-Nov-11 15:00:00
  2099-Nov-30 10:00:00
  2099-Dec-19 05:00:00
Beginning Simulation...
  2100-Jan-06 14:00:00 (1.5%)
  2100-Jan-24 00:00:00 (6.3%)
  2100-Feb-10 09:00:00 (11.1%)
  2100-Feb-27 22:00:00 (15.9%)
  2100-Mar-17 11:00:00 (20.7%)
  2100-Apr-04 01:00:00 (25.5%)
  2100-Apr-21 15:00:00 (30.3%)
  2100-May-09 05:00:00 (35.1%)
  2100-May-26 19:00:00 (39.9%)
  2100-Jun-13 08:00:00 (44.7%)
  2100-Jun-30 22:00:00 (49.6%)
  2100-Jul-18 12:00:00 (54.4%)
  2100-Aug-05 02:00:00 (59.2%)
  2100-Aug-22 16:00:00 (64%)
  2100-Sep-09 03:00:00 (68.8%)
  2100-Sep-26 16:00:00 (73.6%)
  2100-Oct-14 06:00:00 (78.4%)
  2100-Oct-31 20:00:00 (83.2%)
  2100-Nov-18 09:00:00 (88%)
  2100-Dec-05 22:00:00 (92.9%)
  2100-Dec-23 12:00:00 (97.7%)
  2100-Dec-31 23:00:00 (100%)
Finished Program: 2014-Oct-26 15:35:58.483774
Elapsed Time: 00:00:41.599091
