instance.yaml
kiva v0.2.0-21-g785bfe1
Copyright (C) 2012-2014 Big Ladder Software
Web: www.bigladdersoftware.com

Starting Program: 2014-Nov-18 11:23:24.418369
Creating Domain...
  X Cells: 93
  Y Cells: 1
  Z Cells: 125
  Total Cells: 11625
Initializing Temperatures...
  2099-Jan-01 02:00:00
  2099-Jan-21 03:00:00
  2099-Feb-10 05:00:00
  2099-Mar-02 06:00:00
  2099-Mar-22 06:00:00
  2099-Apr-11 07:00:00
  2099-May-01 08:00:00
  2099-May-21 09:00:00
  2099-Jun-10 11:00:00
  2099-Jun-30 12:00:00
  2099-Jul-20 13:00:00
  2099-Aug-09 15:00:00
  2099-Aug-29 16:00:00
  2099-Sep-18 17:00:00
  2099-Oct-08 19:00:00
  2099-Oct-28 20:00:00
  2099-Nov-17 21:00:00
  2099-Dec-07 23:00:00
  2099-Dec-28 00:00:00
Beginning Simulation...
  2100-Jan-15 20:00:00 (4.1%)
  2100-Feb-03 09:00:00 (9.1%)
  2100-Feb-21 22:00:00 (14.2%)
  2100-Mar-12 11:00:00 (19.3%)
  2100-Mar-30 22:00:00 (24.4%)
  2100-Apr-18 10:00:00 (29.4%)
  2100-May-06 23:00:00 (34.5%)
  2100-May-25 12:00:00 (39.6%)
  2100-Jun-13 02:00:00 (44.7%)
  2100-Jul-01 20:00:00 (49.8%)
  2100-Jul-20 14:00:00 (55%)
  2100-Aug-08 08:00:00 (60.1%)
  2100-Aug-27 00:00:00 (65.2%)
  2100-Sep-14 19:00:00 (70.4%)
  2100-Oct-03 13:00:00 (75.5%)
  2100-Oct-22 07:00:00 (80.6%)
  2100-Nov-10 01:00:00 (85.8%)
  2100-Nov-28 19:00:00 (90.9%)
  2100-Dec-17 12:00:00 (96%)
  2100-Dec-31 23:00:00 (100%)
Finished Program: 2014-Nov-18 11:24:02.771508
Elapsed Time: 00:00:38.353139
