instance.yaml
kiva v0.2.0-19-ge248292
Copyright (C) 2012-2014 Big Ladder Software
Web: www.bigladdersoftware.com

Starting Program: 2014-Nov-17 08:42:14.938378
Creating Domain...
  X Cells: 94
  Y Cells: 1
  Z Cells: 133
  Total Cells: 12502
Initializing Temperatures...
  2099-Jan-07 12:00:00
  2099-Jan-26 15:00:00
  2099-Feb-14 19:00:00
  2099-Mar-05 22:00:00
  2099-Mar-25 01:00:00
  2099-Apr-13 04:00:00
  2099-May-02 08:00:00
  2099-May-21 11:00:00
  2099-Jun-09 15:00:00
  2099-Jun-28 18:00:00
  2099-Jul-17 22:00:00
  2099-Aug-06 01:00:00
  2099-Aug-25 05:00:00
  2099-Sep-13 08:00:00
  2099-Oct-02 12:00:00
  2099-Oct-21 16:00:00
  2099-Nov-09 20:00:00
  2099-Nov-28 23:00:00
  2099-Dec-18 03:00:00
Beginning Simulation...
  2100-Jan-05 21:00:00 (1.3%)
  2100-Jan-23 11:00:00 (6.2%)
  2100-Feb-10 01:00:00 (11%)
  2100-Feb-27 18:00:00 (15.8%)
  2100-Mar-17 10:00:00 (20.7%)
  2100-Apr-04 02:00:00 (25.5%)
  2100-Apr-21 19:00:00 (30.4%)
  2100-May-09 12:00:00 (35.2%)
  2100-May-27 05:00:00 (40.1%)
  2100-Jun-13 20:00:00 (44.9%)
  2100-Jul-01 13:00:00 (49.7%)
  2100-Jul-19 04:00:00 (54.6%)
  2100-Aug-05 20:00:00 (59.4%)
  2100-Aug-23 13:00:00 (64.3%)
  2100-Sep-10 05:00:00 (69.1%)
  2100-Sep-27 22:00:00 (73.9%)
  2100-Oct-15 15:00:00 (78.8%)
  2100-Nov-02 08:00:00 (83.7%)
  2100-Nov-20 00:00:00 (88.5%)
  2100-Dec-07 17:00:00 (93.3%)
  2100-Dec-25 10:00:00 (98.2%)
  2100-Dec-31 23:00:00 (100%)
Finished Program: 2014-Nov-17 08:42:55.371737
Elapsed Time: 00:00:40.433359
