instance.yaml
kiva v0.2.0-21-g785bfe1
Copyright (C) 2012-2014 Big Ladder Software
Web: www.bigladdersoftware.com

Starting Program: 2014-Nov-18 11:25:26.121190
Creating Domain...
  X Cells: 223
  Y Cells: 1
  Z Cells: 96
  Total Cells: 21408
Initializing Temperatures...
  2098-Dec-31 23:00:00
  2099-Jan-11 05:00:00
  2099-Jan-21 17:00:00
  2099-Feb-01 05:00:00
  2099-Feb-11 18:00:00
  2099-Feb-22 06:00:00
  2099-Mar-04 18:00:00
  2099-Mar-15 07:00:00
  2099-Mar-25 19:00:00
  2099-Apr-05 08:00:00
  2099-Apr-15 20:00:00
  2099-Apr-26 09:00:00
  2099-May-06 21:00:00
  2099-May-17 10:00:00
  2099-May-27 22:00:00
  2099-Jun-07 11:00:00
  2099-Jun-17 23:00:00
  2099-Jun-28 11:00:00
  2099-Jul-09 00:00:00
  2099-Jul-19 13:00:00
  2099-Jul-30 02:00:00
  2099-Aug-09 14:00:00
  2099-Aug-20 03:00:00
  2099-Aug-30 16:00:00
  2099-Sep-10 05:00:00
  2099-Sep-20 18:00:00
  2099-Oct-01 07:00:00
  2099-Oct-11 19:00:00
  2099-Oct-22 08:00:00
  2099-Nov-01 21:00:00
  2099-Nov-12 10:00:00
  2099-Nov-22 23:00:00
  2099-Dec-03 12:00:00
  2099-Dec-14 01:00:00
  2099-Dec-24 14:00:00
Beginning Simulation...
  2100-Jan-04 01:00:00 (0.8%)
  2100-Jan-14 07:00:00 (3.6%)
  2100-Jan-24 14:00:00 (6.5%)
  2100-Feb-03 20:00:00 (9.3%)
  2100-Feb-14 02:00:00 (12.1%)
  2100-Feb-24 09:00:00 (14.9%)
  2100-Mar-06 15:00:00 (17.7%)
  2100-Mar-16 22:00:00 (20.5%)
  2100-Mar-27 04:00:00 (23.3%)
  2100-Apr-06 11:00:00 (26.2%)
  2100-Apr-16 17:00:00 (29%)
  2100-Apr-27 00:00:00 (31.8%)
  2100-May-07 06:00:00 (34.6%)
  2100-May-17 13:00:00 (37.4%)
  2100-May-27 19:00:00 (40.2%)
  2100-Jun-07 02:00:00 (43%)
  2100-Jun-17 08:00:00 (45.8%)
  2100-Jun-27 15:00:00 (48.7%)
  2100-Jul-07 21:00:00 (51.5%)
  2100-Jul-18 03:00:00 (54.3%)
  2100-Jul-28 10:00:00 (57.1%)
  2100-Aug-07 16:00:00 (59.9%)
  2100-Aug-17 23:00:00 (62.7%)
  2100-Aug-28 05:00:00 (65.5%)
  2100-Sep-07 12:00:00 (68.4%)
  2100-Sep-17 18:00:00 (71.2%)
  2100-Sep-28 01:00:00 (74%)
  2100-Oct-08 07:00:00 (76.8%)
  2100-Oct-18 13:00:00 (79.6%)
  2100-Oct-28 20:00:00 (82.4%)
  2100-Nov-08 02:00:00 (85.2%)
  2100-Nov-18 07:00:00 (88%)
  2100-Nov-28 14:00:00 (90.8%)
  2100-Dec-08 20:00:00 (93.7%)
  2100-Dec-19 03:00:00 (96.5%)
  2100-Dec-29 09:00:00 (99.3%)
  2100-Dec-31 23:00:00 (100%)
Finished Program: 2014-Nov-18 11:26:37.253806
Elapsed Time: 00:01:11.132616
