instance.yaml
kiva v0.2.0-20-g4c7c200
Copyright (C) 2012-2014 Big Ladder Software
Web: www.bigladdersoftware.com

Starting Program: 2014-Nov-17 14:11:16.859985
Creating Domain...
  X Cells: 92
  Y Cells: 1
  Z Cells: 125
  Total Cells: 11500
Initializing Temperatures...
  2099-Jan-12 21:00:00
  2099-Feb-03 16:00:00
  2099-Feb-25 10:00:00
  2099-Mar-19 05:00:00
  2099-Apr-09 23:00:00
  2099-May-01 18:00:00
  2099-May-23 13:00:00
  2099-Jun-14 08:00:00
  2099-Jul-06 04:00:00
  2099-Jul-27 22:00:00
  2099-Aug-18 17:00:00
  2099-Sep-09 12:00:00
  2099-Oct-01 07:00:00
  2099-Oct-23 03:00:00
  2099-Nov-13 22:00:00
  2099-Dec-05 16:00:00
  2099-Dec-27 11:00:00
Beginning Simulation...
  2100-Jan-16 20:00:00 (4.3%)
  2100-Feb-05 21:00:00 (9.8%)
  2100-Feb-25 21:00:00 (15.3%)
  2100-Mar-17 21:00:00 (20.8%)
  2100-Apr-06 21:00:00 (26.3%)
  2100-Apr-26 21:00:00 (31.7%)
  2100-May-16 22:00:00 (37.2%)
  2100-Jun-05 23:00:00 (42.7%)
  2100-Jun-26 00:00:00 (48.2%)
  2100-Jul-16 01:00:00 (53.7%)
  2100-Aug-05 03:00:00 (59.2%)
  2100-Aug-25 03:00:00 (64.7%)
  2100-Sep-14 05:00:00 (70.2%)
  2100-Oct-04 07:00:00 (75.7%)
  2100-Oct-24 08:00:00 (81.2%)
  2100-Nov-13 09:00:00 (86.7%)
  2100-Dec-03 05:00:00 (92.1%)
  2100-Dec-23 06:00:00 (97.6%)
  2100-Dec-31 23:00:00 (100%)
Finished Program: 2014-Nov-17 14:11:52.436514
Elapsed Time: 00:00:35.576529
