instance.yaml
kiva v0.2.0-21-g785bfe1
Copyright (C) 2012-2014 Big Ladder Software
Web: www.bigladdersoftware.com

Starting Program: 2014-Nov-18 11:31:26.555333
Creating Domain...
  X Cells: 140
  Y Cells: 1
  Z Cells: 133
  Total Cells: 18620
Initializing Temperatures...
Warning: Solution did not converge after 630 iterations.
  The final residual was: 4.88861e-05
  Solver status: 2
  2098-Oct-15 23:00:00
  2099-Jan-07 21:00:00
  2099-Jan-20 11:00:00
  2099-Feb-02 02:00:00
  2099-Feb-14 16:00:00
  2099-Feb-27 07:00:00
  2099-Mar-11 21:00:00
  2099-Mar-24 12:00:00
  2099-Apr-06 02:00:00
  2099-Apr-18 17:00:00
  2099-May-01 07:00:00
  2099-May-13 21:00:00
  2099-May-26 12:00:00
  2099-Jun-08 03:00:00
  2099-Jun-20 17:00:00
  2099-Jul-03 08:00:00
  2099-Jul-15 22:00:00
  2099-Jul-28 13:00:00
  2099-Aug-10 03:00:00
  2099-Aug-22 18:00:00
  2099-Sep-04 08:00:00
  2099-Sep-16 23:00:00
  2099-Sep-29 14:00:00
  2099-Oct-12 04:00:00
  2099-Oct-24 19:00:00
  2099-Nov-06 10:00:00
  2099-Nov-19 00:00:00
  2099-Dec-01 15:00:00
  2099-Dec-14 05:00:00
  2099-Dec-26 20:00:00
Beginning Simulation...
  2100-Jan-07 19:00:00 (1.9%)
  2100-Jan-19 06:00:00 (5%)
  2100-Jan-30 17:00:00 (8.1%)
  2100-Feb-11 04:00:00 (11.3%)
  2100-Feb-22 15:00:00 (14.4%)
  2100-Mar-06 02:00:00 (17.6%)
  2100-Mar-17 13:00:00 (20.7%)
  2100-Mar-29 00:00:00 (23.8%)
  2100-Apr-09 12:00:00 (27%)
  2100-Apr-20 23:00:00 (30.1%)
  2100-May-02 10:00:00 (33.3%)
  2100-May-13 21:00:00 (36.4%)
  2100-May-25 09:00:00 (39.6%)
  2100-Jun-05 20:00:00 (42.7%)
  2100-Jun-17 08:00:00 (45.8%)
  2100-Jun-28 19:00:00 (49%)
  2100-Jul-10 06:00:00 (52.1%)
  2100-Jul-21 18:00:00 (55.3%)
  2100-Aug-02 05:00:00 (58.4%)
  2100-Aug-13 16:00:00 (61.6%)
  2100-Aug-25 04:00:00 (64.7%)
  2100-Sep-05 15:00:00 (67.8%)
  2100-Sep-17 03:00:00 (71%)
  2100-Sep-28 14:00:00 (74.1%)
  2100-Oct-10 02:00:00 (77.3%)
  2100-Oct-21 13:00:00 (80.4%)
  2100-Nov-02 01:00:00 (83.6%)
  2100-Nov-13 12:00:00 (86.7%)
  2100-Nov-25 00:00:00 (89.9%)
  2100-Dec-06 11:00:00 (93%)
  2100-Dec-17 22:00:00 (96.1%)
  2100-Dec-29 09:00:00 (99.3%)
  2100-Dec-31 23:00:00 (100%)
Finished Program: 2014-Nov-18 11:32:28.226190
Elapsed Time: 00:01:01.670857
