instance.yaml
kiva v0.2.0-9-g526928a
Copyright (C) 2012-2014 Big Ladder Software
Web: www.bigladdersoftware.com

Starting Program: 2014-Nov-15 12:23:44.509060
Creating Domain...
  X Cells: 130
  Y Cells: 1
  Z Cells: 93
  Total Cells: 12090
Initializing Temperatures...
  2098-Dec-17 23:00:00
  2099-Jan-17 05:00:00
  2099-Feb-03 14:00:00
  2099-Feb-20 23:00:00
  2099-Mar-10 08:00:00
  2099-Mar-27 17:00:00
  2099-Apr-14 02:00:00
  2099-May-01 11:00:00
  2099-May-18 20:00:00
  2099-Jun-05 05:00:00
  2099-Jun-22 14:00:00
  2099-Jul-09 22:00:00
  2099-Jul-27 07:00:00
  2099-Aug-13 16:00:00
  2099-Aug-31 01:00:00
  2099-Sep-17 09:00:00
  2099-Oct-04 18:00:00
  2099-Oct-22 03:00:00
  2099-Nov-08 12:00:00
  2099-Nov-25 21:00:00
  2099-Dec-13 06:00:00
  2099-Dec-30 15:00:00
Beginning Simulation...
  2100-Jan-16 13:00:00 (4.3%)
  2100-Feb-02 10:00:00 (8.9%)
  2100-Feb-19 06:00:00 (13.5%)
  2100-Mar-08 03:00:00 (18.1%)
  2100-Mar-25 00:00:00 (22.7%)
  2100-Apr-10 21:00:00 (27.4%)
  2100-Apr-27 18:00:00 (32%)
  2100-May-14 15:00:00 (36.6%)
  2100-May-31 12:00:00 (41.2%)
  2100-Jun-17 09:00:00 (45.9%)
  2100-Jul-04 05:00:00 (50.5%)
  2100-Jul-21 02:00:00 (55.1%)
  2100-Aug-06 23:00:00 (59.7%)
  2100-Aug-23 18:00:00 (64.3%)
  2100-Sep-09 15:00:00 (68.9%)
  2100-Sep-26 12:00:00 (73.6%)
  2100-Oct-13 08:00:00 (78.2%)
  2100-Oct-30 05:00:00 (82.8%)
  2100-Nov-16 03:00:00 (87.4%)
  2100-Dec-02 23:00:00 (92%)
  2100-Dec-19 21:00:00 (96.7%)
  2100-Dec-31 23:00:00 (100%)
Finished Program: 2014-Nov-15 12:24:27.718140
Elapsed Time: 00:00:43.209080
