instance.yaml
kiva v0.2.0-20-g4c7c200
Copyright (C) 2012-2014 Big Ladder Software
Web: www.bigladdersoftware.com

Starting Program: 2014-Nov-17 14:13:20.283966
Creating Domain...
  X Cells: 92
  Y Cells: 1
  Z Cells: 93
  Total Cells: 8556
Initializing Temperatures...
  2099-Jan-07 18:00:00
  2099-Feb-02 09:00:00
  2099-Feb-27 23:00:00
  2099-Mar-25 14:00:00
  2099-Apr-20 05:00:00
  2099-May-15 20:00:00
  2099-Jun-10 11:00:00
  2099-Jul-06 02:00:00
  2099-Jul-31 15:00:00
  2099-Aug-26 06:00:00
  2099-Sep-20 21:00:00
  2099-Oct-16 12:00:00
  2099-Nov-11 02:00:00
  2099-Dec-06 17:00:00
Beginning Simulation...
  2100-Jan-01 08:00:00 (0.1%)
  2100-Jan-26 05:00:00 (6.9%)
  2100-Feb-20 02:00:00 (13.7%)
  2100-Mar-16 23:00:00 (20.5%)
  2100-Apr-10 20:00:00 (27.4%)
  2100-May-05 17:00:00 (34.2%)
  2100-May-30 15:00:00 (41%)
  2100-Jun-24 12:00:00 (47.8%)
  2100-Jul-19 09:00:00 (54.6%)
  2100-Aug-12 21:00:00 (61.3%)
  2100-Sep-07 00:00:00 (68.2%)
  2100-Oct-02 02:00:00 (75.1%)
  2100-Oct-27 04:00:00 (82%)
  2100-Nov-21 06:00:00 (88.8%)
  2100-Dec-16 09:00:00 (95.7%)
  2100-Dec-31 23:00:00 (100%)
Finished Program: 2014-Nov-17 14:13:49.621619
Elapsed Time: 00:00:29.337653
