instance.yaml
kiva v0.2.0-22-gd89b213
Copyright (C) 2012-2014 Big Ladder Software
Web: www.bigladdersoftware.com

Starting Program: 2014-Nov-19 10:35:43.936807
Creating Domain...
  X Cells: 157
  Y Cells: 1
  Z Cells: 125
  Total Cells: 19625
Initializing Temperatures...
  2099-Jan-02 14:00:00
  2099-Jan-14 07:00:00
  2099-Jan-26 00:00:00
  2099-Feb-06 17:00:00
  2099-Feb-18 10:00:00
  2099-Mar-02 03:00:00
  2099-Mar-13 20:00:00
  2099-Mar-25 12:00:00
  2099-Apr-06 05:00:00
  2099-Apr-17 22:00:00
  2099-Apr-29 15:00:00
  2099-May-11 08:00:00
  2099-May-23 01:00:00
  2099-Jun-03 19:00:00
  2099-Jun-15 12:00:00
  2099-Jun-27 05:00:00
  2099-Jul-08 22:00:00
  2099-Jul-20 15:00:00
  2099-Aug-01 08:00:00
  2099-Aug-13 01:00:00
  2099-Aug-24 18:00:00
  2099-Sep-05 11:00:00
  2099-Sep-17 04:00:00
  2099-Sep-28 22:00:00
  2099-Oct-10 15:00:00
  2099-Oct-22 08:00:00
  2099-Nov-03 01:00:00
  2099-Nov-14 18:00:00
  2099-Nov-26 12:00:00
  2099-Dec-08 05:00:00
  2099-Dec-19 22:00:00
  2099-Dec-31 15:00:00
Beginning Simulation...
  2100-Jan-11 10:00:00 (2.9%)
  2100-Jan-22 05:00:00 (5.8%)
  2100-Feb-02 00:00:00 (8.8%)
  2100-Feb-12 19:00:00 (11.7%)
  2100-Feb-23 14:00:00 (14.7%)
  2100-Mar-06 09:00:00 (17.6%)
  2100-Mar-17 04:00:00 (20.6%)
  2100-Mar-27 22:00:00 (23.5%)
  2100-Apr-07 17:00:00 (26.5%)
  2100-Apr-18 13:00:00 (29.5%)
  2100-Apr-29 08:00:00 (32.4%)
  2100-May-10 03:00:00 (35.4%)
  2100-May-20 22:00:00 (38.3%)
  2100-May-31 17:00:00 (41.3%)
  2100-Jun-11 12:00:00 (44.2%)
  2100-Jun-22 07:00:00 (47.2%)
  2100-Jul-03 03:00:00 (50.2%)
  2100-Jul-13 22:00:00 (53.1%)
  2100-Jul-24 17:00:00 (56.1%)
  2100-Aug-04 12:00:00 (59%)
  2100-Aug-15 07:00:00 (62%)
  2100-Aug-26 02:00:00 (65%)
  2100-Sep-05 21:00:00 (67.9%)
  2100-Sep-16 16:00:00 (70.9%)
  2100-Sep-27 11:00:00 (73.8%)
  2100-Oct-08 07:00:00 (76.8%)
  2100-Oct-19 02:00:00 (79.7%)
  2100-Oct-29 21:00:00 (82.7%)
  2100-Nov-09 16:00:00 (85.7%)
  2100-Nov-20 11:00:00 (88.6%)
  2100-Dec-01 06:00:00 (91.6%)
  2100-Dec-12 01:00:00 (94.5%)
  2100-Dec-22 20:00:00 (97.5%)
  2100-Dec-31 23:00:00 (100%)
Finished Program: 2014-Nov-19 10:36:49.843909
Elapsed Time: 00:01:05.907102
