instance.yaml
kiva v0.2.0-21-g785bfe1
Copyright (C) 2012-2014 Big Ladder Software
Web: www.bigladdersoftware.com

Starting Program: 2014-Nov-18 11:19:27.626753
Creating Domain...
  X Cells: 157
  Y Cells: 1
  Z Cells: 133
  Total Cells: 20881
Initializing Temperatures...
  2098-Oct-01 23:00:00
  2099-Jan-05 15:00:00
  2099-Jan-16 20:00:00
  2099-Jan-28 01:00:00
  2099-Feb-08 06:00:00
  2099-Feb-19 11:00:00
  2099-Mar-02 17:00:00
  2099-Mar-13 22:00:00
  2099-Mar-25 03:00:00
  2099-Apr-05 08:00:00
  2099-Apr-16 13:00:00
  2099-Apr-27 19:00:00
  2099-May-09 00:00:00
  2099-May-20 05:00:00
  2099-May-31 11:00:00
  2099-Jun-11 16:00:00
  2099-Jun-22 21:00:00
  2099-Jul-04 02:00:00
  2099-Jul-15 08:00:00
  2099-Jul-26 13:00:00
  2099-Aug-06 18:00:00
  2099-Aug-18 00:00:00
  2099-Aug-29 05:00:00
  2099-Sep-09 10:00:00
  2099-Sep-20 16:00:00
  2099-Oct-01 21:00:00
  2099-Oct-13 02:00:00
  2099-Oct-24 08:00:00
  2099-Nov-04 11:00:00
  2099-Nov-15 06:00:00
  2099-Nov-26 06:00:00
  2099-Dec-07 10:00:00
  2099-Dec-18 15:00:00
  2099-Dec-29 17:00:00
Beginning Simulation...
  2100-Jan-09 05:00:00 (2.2%)
  2100-Jan-19 12:00:00 (5.1%)
  2100-Jan-29 19:00:00 (7.9%)
  2100-Feb-09 02:00:00 (10.7%)
  2100-Feb-19 09:00:00 (13.5%)
  2100-Mar-01 16:00:00 (16.3%)
  2100-Mar-11 23:00:00 (19.2%)
  2100-Mar-22 06:00:00 (22%)
  2100-Apr-01 13:00:00 (24.8%)
  2100-Apr-11 20:00:00 (27.6%)
  2100-Apr-22 04:00:00 (30.5%)
  2100-May-02 11:00:00 (33.3%)
  2100-May-12 18:00:00 (36.1%)
  2100-May-23 01:00:00 (38.9%)
  2100-Jun-02 08:00:00 (41.7%)
  2100-Jun-12 15:00:00 (44.6%)
  2100-Jun-22 22:00:00 (47.4%)
  2100-Jul-03 06:00:00 (50.2%)
  2100-Jul-13 13:00:00 (53%)
  2100-Jul-23 20:00:00 (55.8%)
  2100-Aug-03 03:00:00 (58.7%)
  2100-Aug-13 10:00:00 (61.5%)
  2100-Aug-23 18:00:00 (64.3%)
  2100-Sep-03 01:00:00 (67.1%)
  2100-Sep-13 08:00:00 (70%)
  2100-Sep-23 15:00:00 (72.8%)
  2100-Oct-03 22:00:00 (75.6%)
  2100-Oct-14 05:00:00 (78.4%)
  2100-Oct-24 12:00:00 (81.2%)
  2100-Nov-03 19:00:00 (84.1%)
  2100-Nov-14 03:00:00 (86.9%)
  2100-Nov-24 10:00:00 (89.7%)
  2100-Dec-04 15:00:00 (92.5%)
  2100-Dec-14 22:00:00 (95.3%)
  2100-Dec-25 05:00:00 (98.1%)
  2100-Dec-31 23:00:00 (100%)
Finished Program: 2014-Nov-18 11:20:36.657817
Elapsed Time: 00:01:09.031064
