instance.yaml
kiva v0.2.0-19-ge248292
Copyright (C) 2012-2014 Big Ladder Software
Web: www.bigladdersoftware.com

Starting Program: 2014-Nov-17 08:45:12.255611
Creating Domain...
  X Cells: 107
  Y Cells: 1
  Z Cells: 158
  Total Cells: 16906
Initializing Temperatures...
  2099-Jan-01 05:00:00
  2099-Jan-15 15:00:00
  2099-Jan-30 02:00:00
  2099-Feb-13 12:00:00
  2099-Feb-27 22:00:00
  2099-Mar-14 09:00:00
  2099-Mar-28 19:00:00
  2099-Apr-12 06:00:00
  2099-Apr-26 17:00:00
  2099-May-11 03:00:00
  2099-May-25 14:00:00
  2099-Jun-09 01:00:00
  2099-Jun-23 12:00:00
  2099-Jul-07 23:00:00
  2099-Jul-22 10:00:00
  2099-Aug-05 21:00:00
  2099-Aug-20 08:00:00
  2099-Sep-03 19:00:00
  2099-Sep-18 06:00:00
  2099-Oct-02 17:00:00
  2099-Oct-17 04:00:00
  2099-Oct-31 15:00:00
  2099-Nov-15 02:00:00
  2099-Nov-29 13:00:00
  2099-Dec-14 00:00:00
  2099-Dec-28 11:00:00
Beginning Simulation...
  2100-Jan-10 23:00:00 (2.7%)
  2100-Jan-24 05:00:00 (6.4%)
  2100-Feb-06 10:00:00 (10%)
  2100-Feb-19 16:00:00 (13.6%)
  2100-Mar-04 22:00:00 (17.2%)
  2100-Mar-18 01:00:00 (20.8%)
  2100-Mar-31 06:00:00 (24.5%)
  2100-Apr-13 12:00:00 (28.1%)
  2100-Apr-26 18:00:00 (31.7%)
  2100-May-09 23:00:00 (35.3%)
  2100-May-23 05:00:00 (39%)
  2100-Jun-05 11:00:00 (42.6%)
  2100-Jun-18 17:00:00 (46.2%)
  2100-Jul-01 23:00:00 (49.9%)
  2100-Jul-15 05:00:00 (53.5%)
  2100-Jul-28 12:00:00 (57.1%)
  2100-Aug-10 17:00:00 (60.7%)
  2100-Aug-23 23:00:00 (64.4%)
  2100-Sep-06 06:00:00 (68%)
  2100-Sep-19 12:00:00 (71.6%)
  2100-Oct-02 18:00:00 (75.3%)
  2100-Oct-16 00:00:00 (78.9%)
  2100-Oct-29 07:00:00 (82.5%)
  2100-Nov-11 13:00:00 (86.2%)
  2100-Nov-24 19:00:00 (89.8%)
  2100-Dec-08 01:00:00 (93.4%)
  2100-Dec-21 12:00:00 (97.1%)
  2100-Dec-31 23:00:00 (100%)
Finished Program: 2014-Nov-17 08:46:05.775102
Elapsed Time: 00:00:53.519491
