instance.yaml
kiva v0.2.0-8-gc565062
Copyright (C) 2012-2014 Big Ladder Software
Web: www.bigladdersoftware.com

Starting Program: 2014-Oct-02 14:41:37.063046
Creating Domain...
  X Cells: 96
  Y Cells: 1
  Z Cells: 279
  Total Cells: 26784
Initializing Temperatures...
  2098-Oct-15 23:00:00
  2098-Dec-03 23:00:00
  2099-Jan-02 01:00:00
  2099-Jan-09 16:00:00
  2099-Jan-19 15:00:00
  2099-Jan-29 13:00:00
  2099-Feb-08 12:00:00
  2099-Feb-18 10:00:00
  2099-Feb-28 08:00:00
  2099-Mar-10 07:00:00
  2099-Mar-20 05:00:00
  2099-Mar-30 03:00:00
  2099-Apr-09 02:00:00
  2099-Apr-19 00:00:00
  2099-Apr-28 23:00:00
  2099-May-08 21:00:00
  2099-May-18 19:00:00
  2099-May-28 18:00:00
  2099-Jun-07 16:00:00
  2099-Jun-17 15:00:00
  2099-Jun-27 12:00:00
  2099-Jul-07 11:00:00
  2099-Jul-17 09:00:00
  2099-Jul-27 07:00:00
  2099-Aug-06 06:00:00
  2099-Aug-16 04:00:00
  2099-Aug-26 03:00:00
  2099-Sep-05 01:00:00
  2099-Sep-15 00:00:00
  2099-Sep-24 22:00:00
  2099-Oct-04 20:00:00
  2099-Oct-14 19:00:00
  2099-Oct-24 17:00:00
  2099-Nov-03 16:00:00
  2099-Nov-13 14:00:00
  2099-Nov-23 13:00:00
  2099-Dec-03 11:00:00
  2099-Dec-13 09:00:00
  2099-Dec-23 08:00:00
Beginning Simulation...
  2100-Jan-02 06:00:00 (0.3%)
  2100-Jan-12 01:00:00 (3%)
  2100-Jan-21 21:00:00 (5.7%)
  2100-Jan-31 16:00:00 (8.4%)
  2100-Feb-10 11:00:00 (11.1%)
  2100-Feb-20 07:00:00 (13.8%)
  2100-Mar-02 02:00:00 (16.5%)
  2100-Mar-11 21:00:00 (19.1%)
  2100-Mar-21 17:00:00 (21.8%)
  2100-Mar-31 12:00:00 (24.5%)
  2100-Apr-10 07:00:00 (27.2%)
  2100-Apr-20 03:00:00 (29.9%)
  2100-Apr-29 22:00:00 (32.6%)
  2100-May-09 17:00:00 (35.3%)
  2100-May-19 13:00:00 (38%)
  2100-May-29 08:00:00 (40.6%)
  2100-Jun-08 03:00:00 (43.3%)
  2100-Jun-17 23:00:00 (46%)
  2100-Jun-27 18:00:00 (48.7%)
  2100-Jul-07 13:00:00 (51.4%)
  2100-Jul-17 09:00:00 (54.1%)
  2100-Jul-27 03:00:00 (56.7%)
  2100-Aug-05 23:00:00 (59.4%)
  2100-Aug-15 19:00:00 (62.1%)
  2100-Aug-25 15:00:00 (64.8%)
  2100-Sep-04 11:00:00 (67.5%)
  2100-Sep-14 06:00:00 (70.2%)
  2100-Sep-24 02:00:00 (72.9%)
  2100-Oct-03 22:00:00 (75.6%)
  2100-Oct-13 18:00:00 (78.3%)
  2100-Oct-23 13:00:00 (81%)
  2100-Nov-02 07:00:00 (83.6%)
  2100-Nov-12 03:00:00 (86.3%)
  2100-Nov-21 23:00:00 (89%)
  2100-Dec-01 19:00:00 (91.7%)
  2100-Dec-11 15:00:00 (94.4%)
  2100-Dec-21 11:00:00 (97.1%)
  2100-Dec-31 07:00:00 (99.8%)
  2100-Dec-31 23:00:00 (100%)
Finished Program: 2014-Oct-02 14:42:54.071340
Elapsed Time: 00:01:17.008294

