instance.yaml
kiva v0.2.0-21-g785bfe1
Copyright (C) 2012-2014 Big Ladder Software
Web: www.bigladdersoftware.com

Starting Program: 2014-Nov-18 11:16:27.163224
Creating Domain...
  X Cells: 95
  Y Cells: 1
  Z Cells: 125
  Total Cells: 11875
Initializing Temperatures...
  2099-Jan-05 21:00:00
  2099-Jan-25 16:00:00
  2099-Feb-14 12:00:00
  2099-Mar-06 07:00:00
  2099-Mar-26 03:00:00
  2099-Apr-14 23:00:00
  2099-May-04 18:00:00
  2099-May-24 14:00:00
  2099-Jun-13 10:00:00
  2099-Jul-03 06:00:00
  2099-Jul-23 02:00:00
  2099-Aug-11 22:00:00
  2099-Aug-31 18:00:00
  2099-Sep-20 14:00:00
  2099-Oct-10 10:00:00
  2099-Oct-30 06:00:00
  2099-Nov-19 02:00:00
  2099-Dec-08 22:00:00
  2099-Dec-28 18:00:00
Beginning Simulation...
  2100-Jan-16 07:00:00 (4.2%)
  2100-Feb-03 16:00:00 (9.2%)
  2100-Feb-22 05:00:00 (14.3%)
  2100-Mar-12 19:00:00 (19.4%)
  2100-Mar-31 09:00:00 (24.5%)
  2100-Apr-18 23:00:00 (29.6%)
  2100-May-07 12:00:00 (34.7%)
  2100-May-26 02:00:00 (39.7%)
  2100-Jun-13 15:00:00 (44.8%)
  2100-Jul-02 05:00:00 (49.9%)
  2100-Jul-20 19:00:00 (55%)
  2100-Aug-08 09:00:00 (60.1%)
  2100-Aug-26 23:00:00 (65.2%)
  2100-Sep-14 10:00:00 (70.3%)
  2100-Oct-02 23:00:00 (75.3%)
  2100-Oct-21 13:00:00 (80.4%)
  2100-Nov-09 03:00:00 (85.5%)
  2100-Nov-27 16:00:00 (90.6%)
  2100-Dec-16 06:00:00 (95.7%)
  2100-Dec-31 23:00:00 (100%)
Finished Program: 2014-Nov-18 11:17:05.847112
Elapsed Time: 00:00:38.683888
