instance.yaml
kiva v0.2.0-19-ge248292
Copyright (C) 2012-2014 Big Ladder Software
Web: www.bigladdersoftware.com

Starting Program: 2014-Nov-17 08:43:17.560476
Creating Domain...
  X Cells: 64
  Y Cells: 1
  Z Cells: 113
  Total Cells: 7232
Initializing Temperatures...
  2098-Dec-17 23:00:00
  2099-Jan-28 20:00:00
  2099-Feb-27 05:00:00
  2099-Mar-28 15:00:00
  2099-Apr-27 00:00:00
  2099-May-26 10:00:00
  2099-Jun-24 19:00:00
  2099-Jul-24 05:00:00
  2099-Aug-22 15:00:00
  2099-Sep-21 00:00:00
  2099-Oct-20 10:00:00
  2099-Nov-18 18:00:00
  2099-Dec-18 04:00:00
Beginning Simulation...
  2100-Jan-16 09:00:00 (4.2%)
  2100-Feb-14 10:00:00 (12.2%)
  2100-Mar-15 10:00:00 (20.1%)
  2100-Apr-13 11:00:00 (28.1%)
  2100-May-12 11:00:00 (36%)
  2100-Jun-10 12:00:00 (44%)
  2100-Jul-09 13:00:00 (51.9%)
  2100-Aug-07 13:00:00 (59.9%)
  2100-Sep-05 14:00:00 (67.8%)
  2100-Oct-04 15:00:00 (75.8%)
  2100-Nov-02 15:00:00 (83.7%)
  2100-Dec-01 16:00:00 (91.7%)
  2100-Dec-30 17:00:00 (99.6%)
  2100-Dec-31 23:00:00 (100%)
Finished Program: 2014-Nov-17 08:43:43.044234
Elapsed Time: 00:00:25.483758
