instance.yaml
kiva v0.2.0-20-g4c7c200
Copyright (C) 2012-2014 Big Ladder Software
Web: www.bigladdersoftware.com

Starting Program: 2014-Nov-17 14:13:18.398225
Creating Domain...
  X Cells: 102
  Y Cells: 1
  Z Cells: 158
  Total Cells: 16116
Initializing Temperatures...
  2098-Dec-10 23:00:00
  2099-Jan-14 09:00:00
  2099-Jan-29 17:00:00
  2099-Feb-14 01:00:00
  2099-Mar-01 09:00:00
  2099-Mar-16 17:00:00
  2099-Apr-01 01:00:00
  2099-Apr-16 09:00:00
  2099-May-01 17:00:00
  2099-May-17 01:00:00
  2099-Jun-01 08:00:00
  2099-Jun-16 17:00:00
  2099-Jul-02 01:00:00
  2099-Jul-17 09:00:00
  2099-Aug-01 17:00:00
  2099-Aug-17 02:00:00
  2099-Sep-01 10:00:00
  2099-Sep-16 18:00:00
  2099-Oct-02 03:00:00
  2099-Oct-17 11:00:00
  2099-Nov-01 19:00:00
  2099-Nov-17 03:00:00
  2099-Dec-02 12:00:00
  2099-Dec-17 20:00:00
Beginning Simulation...
  2100-Jan-02 01:00:00 (0.3%)
  2100-Jan-16 01:00:00 (4.1%)
  2100-Jan-30 02:00:00 (8%)
  2100-Feb-13 01:00:00 (11.8%)
  2100-Feb-27 01:00:00 (15.6%)
  2100-Mar-13 01:00:00 (19.5%)
  2100-Mar-27 01:00:00 (23.3%)
  2100-Apr-10 01:00:00 (27.1%)
  2100-Apr-24 01:00:00 (31%)
  2100-May-08 01:00:00 (34.8%)
  2100-May-22 02:00:00 (38.7%)
  2100-Jun-05 02:00:00 (42.5%)
  2100-Jun-19 02:00:00 (46.3%)
  2100-Jul-03 02:00:00 (50.2%)
  2100-Jul-17 03:00:00 (54%)
  2100-Jul-31 03:00:00 (57.8%)
  2100-Aug-14 04:00:00 (61.7%)
  2100-Aug-28 04:00:00 (65.5%)
  2100-Sep-11 05:00:00 (69.4%)
  2100-Sep-25 05:00:00 (73.2%)
  2100-Oct-09 06:00:00 (77.1%)
  2100-Oct-23 06:00:00 (80.9%)
  2100-Nov-06 06:00:00 (84.7%)
  2100-Nov-20 07:00:00 (88.6%)
  2100-Dec-04 07:00:00 (92.4%)
  2100-Dec-18 07:00:00 (96.2%)
  2100-Dec-31 23:00:00 (100%)
Finished Program: 2014-Nov-17 14:14:08.976496
Elapsed Time: 00:00:50.578271
