instance.yaml
kiva v0.2.0-21-g785bfe1
Copyright (C) 2012-2014 Big Ladder Software
Web: www.bigladdersoftware.com

Starting Program: 2014-Nov-18 11:25:27.568342
Creating Domain...
  X Cells: 165
  Y Cells: 1
  Z Cells: 113
  Total Cells: 18645
Initializing Temperatures...
  2098-Oct-29 23:00:00
  2099-Jan-08 03:00:00
  2099-Jan-20 04:00:00
  2099-Feb-01 05:00:00
  2099-Feb-13 07:00:00
  2099-Feb-25 08:00:00
  2099-Mar-09 10:00:00
  2099-Mar-21 11:00:00
  2099-Apr-02 12:00:00
  2099-Apr-14 14:00:00
  2099-Apr-26 15:00:00
  2099-May-08 17:00:00
  2099-May-20 18:00:00
  2099-Jun-01 20:00:00
  2099-Jun-13 23:00:00
  2099-Jun-26 02:00:00
  2099-Jul-08 04:00:00
  2099-Jul-20 07:00:00
  2099-Aug-01 10:00:00
  2099-Aug-13 13:00:00
  2099-Aug-25 15:00:00
  2099-Sep-06 18:00:00
  2099-Sep-18 21:00:00
  2099-Oct-01 00:00:00
  2099-Oct-13 03:00:00
  2099-Oct-25 06:00:00
  2099-Nov-06 09:00:00
  2099-Nov-18 12:00:00
  2099-Nov-30 15:00:00
  2099-Dec-12 18:00:00
  2099-Dec-24 20:00:00
Beginning Simulation...
  2100-Jan-05 21:00:00 (1.3%)
  2100-Jan-17 19:00:00 (4.6%)
  2100-Jan-29 16:00:00 (7.9%)
  2100-Feb-10 14:00:00 (11.1%)
  2100-Feb-22 11:00:00 (14.4%)
  2100-Mar-06 08:00:00 (17.6%)
  2100-Mar-18 06:00:00 (20.9%)
  2100-Mar-30 03:00:00 (24.1%)
  2100-Apr-11 00:00:00 (27.4%)
  2100-Apr-22 22:00:00 (30.7%)
  2100-May-04 19:00:00 (33.9%)
  2100-May-16 17:00:00 (37.2%)
  2100-May-28 15:00:00 (40.4%)
  2100-Jun-09 12:00:00 (43.7%)
  2100-Jun-21 10:00:00 (47%)
  2100-Jul-03 08:00:00 (50.2%)
  2100-Jul-15 05:00:00 (53.5%)
  2100-Jul-27 03:00:00 (56.7%)
  2100-Aug-08 00:00:00 (60%)
  2100-Aug-19 22:00:00 (63.3%)
  2100-Aug-31 20:00:00 (66.5%)
  2100-Sep-12 17:00:00 (69.8%)
  2100-Sep-24 15:00:00 (73%)
  2100-Oct-06 12:00:00 (76.3%)
  2100-Oct-18 10:00:00 (79.6%)
  2100-Oct-30 08:00:00 (82.8%)
  2100-Nov-11 05:00:00 (86.1%)
  2100-Nov-23 03:00:00 (89.3%)
  2100-Dec-05 00:00:00 (92.6%)
  2100-Dec-16 22:00:00 (95.9%)
  2100-Dec-28 19:00:00 (99.1%)
  2100-Dec-31 23:00:00 (100%)
Finished Program: 2014-Nov-18 11:26:29.268568
Elapsed Time: 00:01:01.700226
