instance.yaml
kiva v0.2.0-21-g785bfe1
Copyright (C) 2012-2014 Big Ladder Software
Web: www.bigladdersoftware.com

Starting Program: 2014-Nov-18 11:18:28.475438
Creating Domain...
  X Cells: 196
  Y Cells: 1
  Z Cells: 96
  Total Cells: 18816
Initializing Temperatures...
  2098-Nov-12 23:00:00
  2099-Jan-08 21:00:00
  2099-Jan-20 08:00:00
  2099-Jan-31 20:00:00
  2099-Feb-12 07:00:00
  2099-Feb-23 18:00:00
  2099-Mar-07 05:00:00
  2099-Mar-18 17:00:00
  2099-Mar-30 04:00:00
  2099-Apr-10 15:00:00
  2099-Apr-22 02:00:00
  2099-May-03 14:00:00
  2099-May-15 01:00:00
  2099-May-26 13:00:00
  2099-Jun-07 00:00:00
  2099-Jun-18 11:00:00
  2099-Jun-29 22:00:00
  2099-Jul-11 10:00:00
  2099-Jul-22 20:00:00
  2099-Aug-03 08:00:00
  2099-Aug-14 19:00:00
  2099-Aug-26 06:00:00
  2099-Sep-06 18:00:00
  2099-Sep-18 05:00:00
  2099-Sep-29 16:00:00
  2099-Oct-11 04:00:00
  2099-Oct-22 15:00:00
  2099-Nov-03 03:00:00
  2099-Nov-14 14:00:00
  2099-Nov-26 04:00:00
  2099-Dec-07 18:00:00
  2099-Dec-19 07:00:00
  2099-Dec-30 21:00:00
Beginning Simulation...
  2100-Jan-11 06:00:00 (2.8%)
  2100-Jan-22 15:00:00 (5.9%)
  2100-Feb-03 00:00:00 (9%)
  2100-Feb-14 08:00:00 (12.1%)
  2100-Feb-25 17:00:00 (15.3%)
  2100-Mar-09 01:00:00 (18.4%)
  2100-Mar-20 10:00:00 (21.5%)
  2100-Mar-31 18:00:00 (24.6%)
  2100-Apr-12 03:00:00 (27.7%)
  2100-Apr-23 12:00:00 (30.8%)
  2100-May-04 21:00:00 (33.9%)
  2100-May-16 05:00:00 (37%)
  2100-May-27 14:00:00 (40.2%)
  2100-Jun-07 23:00:00 (43.3%)
  2100-Jun-19 08:00:00 (46.4%)
  2100-Jun-30 16:00:00 (49.5%)
  2100-Jul-12 01:00:00 (52.6%)
  2100-Jul-23 10:00:00 (55.7%)
  2100-Aug-03 18:00:00 (58.8%)
  2100-Aug-15 03:00:00 (62%)
  2100-Aug-26 12:00:00 (65.1%)
  2100-Sep-06 21:00:00 (68.2%)
  2100-Sep-18 05:00:00 (71.3%)
  2100-Sep-29 14:00:00 (74.4%)
  2100-Oct-10 23:00:00 (77.5%)
  2100-Oct-22 08:00:00 (80.6%)
  2100-Nov-02 17:00:00 (83.8%)
  2100-Nov-14 01:00:00 (86.9%)
  2100-Nov-25 10:00:00 (90%)
  2100-Dec-06 19:00:00 (93.1%)
  2100-Dec-18 03:00:00 (96.2%)
  2100-Dec-29 12:00:00 (99.3%)
  2100-Dec-31 23:00:00 (100%)
Finished Program: 2014-Nov-18 11:19:33.217746
Elapsed Time: 00:01:04.742308
