instance.yaml
kiva v0.2.0-22-gd89b213
Copyright (C) 2012-2014 Big Ladder Software
Web: www.bigladdersoftware.com

Starting Program: 2014-Nov-19 10:39:41.943192
Creating Domain...
  X Cells: 150
  Y Cells: 1
  Z Cells: 113
  Total Cells: 16950
Initializing Temperatures...
  2099-Jan-04 17:00:00
  2099-Jan-18 19:00:00
  2099-Feb-01 21:00:00
  2099-Feb-15 23:00:00
  2099-Mar-02 00:00:00
  2099-Mar-16 02:00:00
  2099-Mar-30 04:00:00
  2099-Apr-13 06:00:00
  2099-Apr-27 08:00:00
  2099-May-11 10:00:00
  2099-May-25 12:00:00
  2099-Jun-08 14:00:00
  2099-Jun-22 16:00:00
  2099-Jul-06 18:00:00
  2099-Jul-20 20:00:00
  2099-Aug-03 21:00:00
  2099-Aug-17 23:00:00
  2099-Sep-01 01:00:00
  2099-Sep-15 03:00:00
  2099-Sep-29 05:00:00
  2099-Oct-13 07:00:00
  2099-Oct-27 09:00:00
  2099-Nov-10 11:00:00
  2099-Nov-24 13:00:00
  2099-Dec-08 15:00:00
  2099-Dec-22 17:00:00
Beginning Simulation...
  2100-Jan-05 17:00:00 (1.3%)
  2100-Jan-19 12:00:00 (5.1%)
  2100-Feb-02 08:00:00 (8.9%)
  2100-Feb-16 04:00:00 (12.6%)
  2100-Mar-02 00:00:00 (16.4%)
  2100-Mar-15 19:00:00 (20.2%)
  2100-Mar-29 15:00:00 (24%)
  2100-Apr-12 11:00:00 (27.8%)
  2100-Apr-26 07:00:00 (31.6%)
  2100-May-10 03:00:00 (35.4%)
  2100-May-23 23:00:00 (39.2%)
  2100-Jun-06 19:00:00 (43%)
  2100-Jun-20 15:00:00 (46.7%)
  2100-Jul-04 11:00:00 (50.5%)
  2100-Jul-18 07:00:00 (54.3%)
  2100-Aug-01 02:00:00 (58.1%)
  2100-Aug-14 22:00:00 (61.9%)
  2100-Aug-28 18:00:00 (65.7%)
  2100-Sep-11 14:00:00 (69.5%)
  2100-Sep-25 10:00:00 (73.3%)
  2100-Oct-09 05:00:00 (77%)
  2100-Oct-23 02:00:00 (80.8%)
  2100-Nov-05 22:00:00 (84.6%)
  2100-Nov-19 17:00:00 (88.4%)
  2100-Dec-03 13:00:00 (92.2%)
  2100-Dec-17 09:00:00 (96%)
  2100-Dec-31 05:00:00 (99.8%)
  2100-Dec-31 23:00:00 (100%)
Finished Program: 2014-Nov-19 10:40:35.054604
Elapsed Time: 00:00:53.111412
