instance.yaml
kiva v0.2.0-20-g4c7c200
Copyright (C) 2012-2014 Big Ladder Software
Web: www.bigladdersoftware.com

Starting Program: 2014-Nov-17 14:11:21.327583
Creating Domain...
  X Cells: 134
  Y Cells: 1
  Z Cells: 132
  Total Cells: 17688
Initializing Temperatures...
  2098-Dec-17 23:00:00
  2099-Jan-13 19:00:00
  2099-Jan-28 00:00:00
  2099-Feb-11 05:00:00
  2099-Feb-25 10:00:00
  2099-Mar-11 15:00:00
  2099-Mar-25 20:00:00
  2099-Apr-09 01:00:00
  2099-Apr-23 06:00:00
  2099-May-07 11:00:00
  2099-May-21 16:00:00
  2099-Jun-05 01:00:00
  2099-Jun-19 09:00:00
  2099-Jul-03 17:00:00
  2099-Jul-18 01:00:00
  2099-Aug-01 10:00:00
  2099-Aug-15 18:00:00
  2099-Aug-30 02:00:00
  2099-Sep-13 11:00:00
  2099-Sep-27 19:00:00
  2099-Oct-12 03:00:00
  2099-Oct-26 12:00:00
  2099-Nov-09 20:00:00
  2099-Nov-24 04:00:00
  2099-Dec-08 13:00:00
  2099-Dec-22 21:00:00
Beginning Simulation...
  2100-Jan-05 22:00:00 (1.3%)
  2100-Jan-19 09:00:00 (5%)
  2100-Feb-01 20:00:00 (8.7%)
  2100-Feb-15 08:00:00 (12.4%)
  2100-Feb-28 19:00:00 (16.1%)
  2100-Mar-14 06:00:00 (19.8%)
  2100-Mar-27 17:00:00 (23.5%)
  2100-Apr-10 04:00:00 (27.2%)
  2100-Apr-23 15:00:00 (30.9%)
  2100-May-07 02:00:00 (34.5%)
  2100-May-20 13:00:00 (38.2%)
  2100-Jun-03 00:00:00 (41.9%)
  2100-Jun-16 11:00:00 (45.6%)
  2100-Jun-29 22:00:00 (49.3%)
  2100-Jul-13 10:00:00 (53%)
  2100-Jul-26 21:00:00 (56.7%)
  2100-Aug-09 08:00:00 (60.4%)
  2100-Aug-22 19:00:00 (64.1%)
  2100-Sep-05 06:00:00 (67.7%)
  2100-Sep-18 17:00:00 (71.4%)
  2100-Oct-02 04:00:00 (75.1%)
  2100-Oct-15 15:00:00 (78.8%)
  2100-Oct-29 02:00:00 (82.5%)
  2100-Nov-11 13:00:00 (86.2%)
  2100-Nov-25 01:00:00 (89.9%)
  2100-Dec-08 12:00:00 (93.6%)
  2100-Dec-21 23:00:00 (97.2%)
  2100-Dec-31 23:00:00 (100%)
Finished Program: 2014-Nov-17 14:12:14.742565
Elapsed Time: 00:00:53.414982
