instance.yaml
kiva v0.2.0-21-g785bfe1
Copyright (C) 2012-2014 Big Ladder Software
Web: www.bigladdersoftware.com

Starting Program: 2014-Nov-18 11:16:27.981095
Creating Domain...
  X Cells: 105
  Y Cells: 1
  Z Cells: 125
  Total Cells: 13125
Initializing Temperatures...
  2099-Jan-07 10:00:00
  2099-Jan-25 17:00:00
  2099-Feb-12 23:00:00
  2099-Mar-03 06:00:00
  2099-Mar-21 13:00:00
  2099-Apr-08 20:00:00
  2099-Apr-27 03:00:00
  2099-May-15 10:00:00
  2099-Jun-02 18:00:00
  2099-Jun-21 01:00:00
  2099-Jul-09 08:00:00
  2099-Jul-27 15:00:00
  2099-Aug-14 22:00:00
  2099-Sep-02 05:00:00
  2099-Sep-20 12:00:00
  2099-Oct-08 19:00:00
  2099-Oct-27 02:00:00
  2099-Nov-14 09:00:00
  2099-Dec-02 17:00:00
  2099-Dec-21 00:00:00
Beginning Simulation...
  2100-Jan-07 19:00:00 (1.9%)
  2100-Jan-24 18:00:00 (6.5%)
  2100-Feb-10 18:00:00 (11.2%)
  2100-Feb-27 18:00:00 (15.8%)
  2100-Mar-16 18:00:00 (20.5%)
  2100-Apr-02 18:00:00 (25.1%)
  2100-Apr-19 18:00:00 (29.8%)
  2100-May-06 18:00:00 (34.5%)
  2100-May-23 18:00:00 (39.1%)
  2100-Jun-09 17:00:00 (43.8%)
  2100-Jun-26 16:00:00 (48.4%)
  2100-Jul-13 16:00:00 (53.1%)
  2100-Jul-30 16:00:00 (57.7%)
  2100-Aug-16 16:00:00 (62.4%)
  2100-Sep-02 16:00:00 (67%)
  2100-Sep-19 16:00:00 (71.7%)
  2100-Oct-06 16:00:00 (76.3%)
  2100-Oct-23 16:00:00 (81%)
  2100-Nov-09 16:00:00 (85.7%)
  2100-Nov-26 16:00:00 (90.3%)
  2100-Dec-13 16:00:00 (95%)
  2100-Dec-30 16:00:00 (99.6%)
  2100-Dec-31 23:00:00 (100%)
Finished Program: 2014-Nov-18 11:17:10.077032
Elapsed Time: 00:00:42.095937
