instance.yaml
kiva v0.2.0-21-g785bfe1
Copyright (C) 2012-2014 Big Ladder Software
Web: www.bigladdersoftware.com

Starting Program: 2014-Nov-18 11:13:27.122144
Creating Domain...
  X Cells: 196
  Y Cells: 1
  Z Cells: 113
  Total Cells: 22148
Initializing Temperatures...
  2098-Dec-24 23:00:00
  2099-Jan-10 10:00:00
  2099-Jan-20 13:00:00
  2099-Jan-30 14:00:00
  2099-Feb-09 17:00:00
  2099-Feb-19 19:00:00
  2099-Mar-01 22:00:00
  2099-Mar-12 00:00:00
  2099-Mar-22 03:00:00
  2099-Apr-01 05:00:00
  2099-Apr-11 08:00:00
  2099-Apr-21 11:00:00
  2099-May-01 13:00:00
  2099-May-11 16:00:00
  2099-May-21 18:00:00
  2099-May-31 21:00:00
  2099-Jun-11 00:00:00
  2099-Jun-21 02:00:00
  2099-Jul-01 05:00:00
  2099-Jul-11 08:00:00
  2099-Jul-21 10:00:00
  2099-Jul-31 13:00:00
  2099-Aug-10 15:00:00
  2099-Aug-20 18:00:00
  2099-Aug-30 21:00:00
  2099-Sep-09 23:00:00
  2099-Sep-20 02:00:00
  2099-Sep-30 05:00:00
  2099-Oct-10 07:00:00
  2099-Oct-20 10:00:00
  2099-Oct-30 13:00:00
  2099-Nov-09 15:00:00
  2099-Nov-19 18:00:00
  2099-Nov-29 21:00:00
  2099-Dec-09 23:00:00
  2099-Dec-20 01:00:00
  2099-Dec-30 04:00:00
Beginning Simulation...
  2100-Jan-09 04:00:00 (2.2%)
  2100-Jan-19 03:00:00 (5%)
  2100-Jan-29 02:00:00 (7.7%)
  2100-Feb-08 01:00:00 (10.4%)
  2100-Feb-18 00:00:00 (13.2%)
  2100-Feb-27 23:00:00 (15.9%)
  2100-Mar-09 22:00:00 (18.6%)
  2100-Mar-19 22:00:00 (21.3%)
  2100-Mar-29 21:00:00 (24.1%)
  2100-Apr-08 20:00:00 (26.8%)
  2100-Apr-18 19:00:00 (29.5%)
  2100-Apr-28 18:00:00 (32.3%)
  2100-May-08 17:00:00 (35%)
  2100-May-18 16:00:00 (37.7%)
  2100-May-28 16:00:00 (40.5%)
  2100-Jun-07 15:00:00 (43.2%)
  2100-Jun-17 14:00:00 (45.9%)
  2100-Jun-27 13:00:00 (48.6%)
  2100-Jul-07 12:00:00 (51.4%)
  2100-Jul-17 12:00:00 (54.1%)
  2100-Jul-27 11:00:00 (56.8%)
  2100-Aug-06 10:00:00 (59.6%)
  2100-Aug-16 09:00:00 (62.3%)
  2100-Aug-26 08:00:00 (65%)
  2100-Sep-05 07:00:00 (67.8%)
  2100-Sep-15 07:00:00 (70.5%)
  2100-Sep-25 06:00:00 (73.2%)
  2100-Oct-05 05:00:00 (75.9%)
  2100-Oct-15 04:00:00 (78.7%)
  2100-Oct-25 03:00:00 (81.4%)
  2100-Nov-04 02:00:00 (84.1%)
  2100-Nov-14 02:00:00 (86.9%)
  2100-Nov-24 01:00:00 (89.6%)
  2100-Dec-04 00:00:00 (92.3%)
  2100-Dec-13 22:00:00 (95%)
  2100-Dec-23 22:00:00 (97.8%)
  2100-Dec-31 23:00:00 (100%)
Finished Program: 2014-Nov-18 11:14:40.811177
Elapsed Time: 00:01:13.689033
