instance.yaml
kiva v0.2.0-20-g4c7c200
Copyright (C) 2012-2014 Big Ladder Software
Web: www.bigladdersoftware.com

Starting Program: 2014-Nov-17 14:07:18.053025
Creating Domain...
  X Cells: 90
  Y Cells: 1
  Z Cells: 133
  Total Cells: 11970
Initializing Temperatures...
  2099-Jan-06 09:00:00
  2099-Jan-26 03:00:00
  2099-Feb-14 20:00:00
  2099-Mar-06 14:00:00
  2099-Mar-26 07:00:00
  2099-Apr-15 00:00:00
  2099-May-04 18:00:00
  2099-May-24 11:00:00
  2099-Jun-13 03:00:00
  2099-Jul-02 21:00:00
  2099-Jul-22 14:00:00
  2099-Aug-11 08:00:00
  2099-Aug-31 01:00:00
  2099-Sep-19 19:00:00
  2099-Oct-09 13:00:00
  2099-Oct-29 06:00:00
  2099-Nov-18 00:00:00
  2099-Dec-07 17:00:00
  2099-Dec-27 11:00:00
Beginning Simulation...
  2100-Jan-14 23:00:00 (3.8%)
  2100-Feb-02 01:00:00 (8.8%)
  2100-Feb-20 04:00:00 (13.7%)
  2100-Mar-10 06:00:00 (18.7%)
  2100-Mar-28 09:00:00 (23.7%)
  2100-Apr-15 12:00:00 (28.6%)
  2100-May-03 14:00:00 (33.6%)
  2100-May-21 17:00:00 (38.6%)
  2100-Jun-08 20:00:00 (43.5%)
  2100-Jun-26 23:00:00 (48.5%)
  2100-Jul-15 02:00:00 (53.4%)
  2100-Aug-02 05:00:00 (58.4%)
  2100-Aug-20 08:00:00 (63.4%)
  2100-Sep-07 11:00:00 (68.3%)
  2100-Sep-25 14:00:00 (73.3%)
  2100-Oct-13 17:00:00 (78.3%)
  2100-Oct-31 17:00:00 (83.2%)
  2100-Nov-18 20:00:00 (88.2%)
  2100-Dec-06 23:00:00 (93.1%)
  2100-Dec-25 01:00:00 (98.1%)
  2100-Dec-31 23:00:00 (100%)
Finished Program: 2014-Nov-17 14:07:57.382113
Elapsed Time: 00:00:39.329088
