instance.yaml
kiva v0.2.0-19-ge248292
Copyright (C) 2012-2014 Big Ladder Software
Web: www.bigladdersoftware.com

Starting Program: 2014-Nov-17 08:42:15.678064
Creating Domain...
  X Cells: 71
  Y Cells: 1
  Z Cells: 158
  Total Cells: 11218
Initializing Temperatures...
  2098-Oct-08 23:00:00
  2099-Jan-13 04:00:00
  2099-Feb-02 05:00:00
  2099-Feb-22 06:00:00
  2099-Mar-14 07:00:00
  2099-Apr-03 08:00:00
  2099-Apr-23 09:00:00
  2099-May-13 10:00:00
  2099-Jun-02 12:00:00
  2099-Jun-22 11:00:00
  2099-Jul-12 12:00:00
  2099-Aug-01 13:00:00
  2099-Aug-21 14:00:00
  2099-Sep-10 15:00:00
  2099-Sep-30 16:00:00
  2099-Oct-20 18:00:00
  2099-Nov-09 19:00:00
  2099-Nov-29 21:00:00
  2099-Dec-19 22:00:00
Beginning Simulation...
  2100-Jan-07 23:00:00 (1.9%)
  2100-Jan-25 12:00:00 (6.7%)
  2100-Feb-12 00:00:00 (11.5%)
  2100-Mar-01 13:00:00 (16.3%)
  2100-Mar-19 02:00:00 (21.1%)
  2100-Apr-05 14:00:00 (25.9%)
  2100-Apr-23 03:00:00 (30.7%)
  2100-May-10 15:00:00 (35.5%)
  2100-May-28 04:00:00 (40.3%)
  2100-Jun-14 15:00:00 (45.1%)
  2100-Jul-02 02:00:00 (49.9%)
  2100-Jul-19 15:00:00 (54.7%)
  2100-Aug-06 04:00:00 (59.5%)
  2100-Aug-24 21:00:00 (64.6%)
  2100-Sep-13 06:00:00 (69.9%)
  2100-Oct-02 16:00:00 (75.3%)
  2100-Oct-22 01:00:00 (80.6%)
  2100-Nov-10 10:00:00 (85.9%)
  2100-Nov-29 20:00:00 (91.2%)
  2100-Dec-19 05:00:00 (96.5%)
  2100-Dec-31 23:00:00 (100%)
Finished Program: 2014-Nov-17 08:42:54.658598
Elapsed Time: 00:00:38.980534
