instance.yaml
kiva v0.2.0-20-g4c7c200
Copyright (C) 2012-2014 Big Ladder Software
Web: www.bigladdersoftware.com

Starting Program: 2014-Nov-17 14:13:18.395903
Creating Domain...
  X Cells: 109
  Y Cells: 1
  Z Cells: 133
  Total Cells: 14497
Initializing Temperatures...
  2098-Dec-10 23:00:00
  2099-Jan-16 04:00:00
  2099-Feb-01 23:00:00
  2099-Feb-18 18:00:00
  2099-Mar-07 12:00:00
  2099-Mar-24 07:00:00
  2099-Apr-10 02:00:00
  2099-Apr-26 21:00:00
  2099-May-13 16:00:00
  2099-May-30 11:00:00
  2099-Jun-16 05:00:00
  2099-Jul-03 00:00:00
  2099-Jul-19 19:00:00
  2099-Aug-05 14:00:00
  2099-Aug-22 09:00:00
  2099-Sep-08 04:00:00
  2099-Sep-24 23:00:00
  2099-Oct-11 18:00:00
  2099-Oct-28 13:00:00
  2099-Nov-14 08:00:00
  2099-Dec-01 03:00:00
  2099-Dec-17 22:00:00
Beginning Simulation...
  2100-Jan-03 12:00:00 (0.7%)
  2100-Jan-19 02:00:00 (5%)
  2100-Feb-03 16:00:00 (9.2%)
  2100-Feb-19 05:00:00 (13.5%)
  2100-Mar-06 19:00:00 (17.8%)
  2100-Mar-22 08:00:00 (22%)
  2100-Apr-06 22:00:00 (26.3%)
  2100-Apr-22 12:00:00 (30.5%)
  2100-May-08 01:00:00 (34.8%)
  2100-May-23 15:00:00 (39.1%)
  2100-Jun-08 05:00:00 (43.3%)
  2100-Jun-23 18:00:00 (47.6%)
  2100-Jul-09 08:00:00 (51.9%)
  2100-Jul-24 20:00:00 (56.1%)
  2100-Aug-09 10:00:00 (60.4%)
  2100-Aug-24 23:00:00 (64.6%)
  2100-Sep-09 13:00:00 (68.9%)
  2100-Sep-25 02:00:00 (73.2%)
  2100-Oct-10 16:00:00 (77.4%)
  2100-Oct-26 06:00:00 (81.7%)
  2100-Nov-10 20:00:00 (86%)
  2100-Nov-26 10:00:00 (90.3%)
  2100-Dec-12 00:00:00 (94.5%)
  2100-Dec-27 14:00:00 (98.8%)
  2100-Dec-31 23:00:00 (100%)
Finished Program: 2014-Nov-17 14:14:04.283443
Elapsed Time: 00:00:45.887540
