instance.yaml
kiva v0.2.0-21-g785bfe1
Copyright (C) 2012-2014 Big Ladder Software
Web: www.bigladdersoftware.com

Starting Program: 2014-Nov-18 11:20:29.223160
Creating Domain...
  X Cells: 218
  Y Cells: 1
  Z Cells: 132
  Total Cells: 28776
Initializing Temperatures...
  2098-Nov-12 23:00:00
  2099-Jan-05 08:00:00
  2099-Jan-13 20:00:00
  2099-Jan-22 09:00:00
  2099-Jan-30 21:00:00
  2099-Feb-08 10:00:00
  2099-Feb-16 22:00:00
  2099-Feb-25 11:00:00
  2099-Mar-05 23:00:00
  2099-Mar-14 11:00:00
  2099-Mar-23 00:00:00
  2099-Mar-31 02:00:00
  2099-Apr-08 14:00:00
  2099-Apr-17 03:00:00
  2099-Apr-25 15:00:00
  2099-May-04 04:00:00
  2099-May-12 16:00:00
  2099-May-21 05:00:00
  2099-May-29 17:00:00
  2099-Jun-07 05:00:00
  2099-Jun-15 18:00:00
  2099-Jun-24 06:00:00
  2099-Jul-02 19:00:00
  2099-Jul-11 07:00:00
  2099-Jul-19 19:00:00
  2099-Jul-28 08:00:00
  2099-Aug-05 20:00:00
  2099-Aug-14 09:00:00
  2099-Aug-22 21:00:00
  2099-Aug-31 10:00:00
  2099-Sep-08 23:00:00
  2099-Sep-17 12:00:00
  2099-Sep-26 01:00:00
  2099-Oct-04 13:00:00
  2099-Oct-13 02:00:00
  2099-Oct-21 15:00:00
  2099-Oct-30 04:00:00
  2099-Nov-07 18:00:00
  2099-Nov-16 08:00:00
  2099-Nov-24 22:00:00
  2099-Dec-03 12:00:00
  2099-Dec-12 02:00:00
  2099-Dec-20 16:00:00
  2099-Dec-29 06:00:00
Beginning Simulation...
  2100-Jan-06 11:00:00 (1.5%)
  2100-Jan-14 12:00:00 (3.7%)
  2100-Jan-22 13:00:00 (5.9%)
  2100-Jan-30 14:00:00 (8.1%)
  2100-Feb-07 15:00:00 (10.3%)
  2100-Feb-15 16:00:00 (12.5%)
  2100-Feb-23 17:00:00 (14.7%)
  2100-Mar-03 19:00:00 (16.9%)
  2100-Mar-11 20:00:00 (19.1%)
  2100-Mar-19 21:00:00 (21.3%)
  2100-Mar-27 22:00:00 (23.5%)
  2100-Apr-04 23:00:00 (25.7%)
  2100-Apr-13 00:00:00 (27.9%)
  2100-Apr-21 01:00:00 (30.1%)
  2100-Apr-29 02:00:00 (32.4%)
  2100-May-07 03:00:00 (34.6%)
  2100-May-15 04:00:00 (36.8%)
  2100-May-23 05:00:00 (39%)
  2100-May-31 06:00:00 (41.2%)
  2100-Jun-08 07:00:00 (43.4%)
  2100-Jun-16 09:00:00 (45.6%)
  2100-Jun-24 10:00:00 (47.8%)
  2100-Jul-02 11:00:00 (50%)
  2100-Jul-10 12:00:00 (52.2%)
  2100-Jul-18 13:00:00 (54.4%)
  2100-Jul-26 14:00:00 (56.6%)
  2100-Aug-03 15:00:00 (58.8%)
  2100-Aug-11 16:00:00 (61%)
  2100-Aug-19 17:00:00 (63.2%)
  2100-Aug-27 18:00:00 (65.4%)
  2100-Sep-04 19:00:00 (67.6%)
  2100-Sep-12 20:00:00 (69.8%)
  2100-Sep-20 21:00:00 (72%)
  2100-Sep-28 21:00:00 (74.2%)
  2100-Oct-06 22:00:00 (76.4%)
  2100-Oct-14 23:00:00 (78.6%)
  2100-Oct-23 00:00:00 (80.8%)
  2100-Oct-31 01:00:00 (83%)
  2100-Nov-08 02:00:00 (85.2%)
  2100-Nov-16 03:00:00 (87.4%)
  2100-Nov-24 04:00:00 (89.6%)
  2100-Dec-02 06:00:00 (91.8%)
  2100-Dec-10 07:00:00 (94.1%)
  2100-Dec-18 08:00:00 (96.3%)
  2100-Dec-26 09:00:00 (98.5%)
  2100-Dec-31 23:00:00 (100%)
Finished Program: 2014-Nov-18 11:21:58.699132
Elapsed Time: 00:01:29.475972
