instance.yaml
kiva v0.2.0-22-gd89b213
Copyright (C) 2012-2014 Big Ladder Software
Web: www.bigladdersoftware.com

Starting Program: 2014-Nov-19 10:44:44.465579
Creating Domain...
  X Cells: 154
  Y Cells: 1
  Z Cells: 96
  Total Cells: 14784
Initializing Temperatures...
  2098-Dec-03 23:00:00
  2099-Jan-13 08:00:00
  2099-Jan-27 22:00:00
  2099-Feb-11 12:00:00
  2099-Feb-26 01:00:00
  2099-Mar-12 15:00:00
  2099-Mar-27 05:00:00
  2099-Apr-10 19:00:00
  2099-Apr-25 09:00:00
  2099-May-09 23:00:00
  2099-May-24 13:00:00
  2099-Jun-08 03:00:00
  2099-Jun-22 17:00:00
  2099-Jul-07 06:00:00
  2099-Jul-21 20:00:00
  2099-Aug-05 09:00:00
  2099-Aug-19 23:00:00
  2099-Sep-03 13:00:00
  2099-Sep-18 03:00:00
  2099-Oct-02 17:00:00
  2099-Oct-17 07:00:00
  2099-Oct-31 21:00:00
  2099-Nov-15 11:00:00
  2099-Nov-30 01:00:00
  2099-Dec-14 14:00:00
  2099-Dec-29 04:00:00
Beginning Simulation...
  2100-Jan-12 12:00:00 (3.2%)
  2100-Jan-26 19:00:00 (7.1%)
  2100-Feb-10 02:00:00 (11%)
  2100-Feb-24 09:00:00 (14.9%)
  2100-Mar-10 16:00:00 (18.8%)
  2100-Mar-24 23:00:00 (22.7%)
  2100-Apr-08 06:00:00 (26.6%)
  2100-Apr-22 13:00:00 (30.6%)
  2100-May-06 20:00:00 (34.5%)
  2100-May-21 03:00:00 (38.4%)
  2100-Jun-04 10:00:00 (42.3%)
  2100-Jun-18 18:00:00 (46.2%)
  2100-Jul-03 01:00:00 (50.1%)
  2100-Jul-17 08:00:00 (54.1%)
  2100-Jul-31 15:00:00 (58%)
  2100-Aug-14 22:00:00 (61.9%)
  2100-Aug-29 05:00:00 (65.8%)
  2100-Sep-12 12:00:00 (69.7%)
  2100-Sep-26 19:00:00 (73.6%)
  2100-Oct-11 02:00:00 (77.6%)
  2100-Oct-25 10:00:00 (81.5%)
  2100-Nov-08 17:00:00 (85.4%)
  2100-Nov-23 00:00:00 (89.3%)
  2100-Dec-07 07:00:00 (93.2%)
  2100-Dec-21 14:00:00 (97.1%)
  2100-Dec-31 23:00:00 (100%)
Finished Program: 2014-Nov-19 10:45:35.727774
Elapsed Time: 00:00:51.262195
