instance.yaml
kiva v0.2.0-21-g785bfe1
Copyright (C) 2012-2014 Big Ladder Software
Web: www.bigladdersoftware.com

Starting Program: 2014-Nov-18 11:31:27.093302
Creating Domain...
  X Cells: 105
  Y Cells: 1
  Z Cells: 113
  Total Cells: 11865
Initializing Temperatures...
  2099-Jan-07 18:00:00
  2099-Jan-27 21:00:00
  2099-Feb-17 00:00:00
  2099-Mar-09 02:00:00
  2099-Mar-29 05:00:00
  2099-Apr-18 07:00:00
  2099-May-08 10:00:00
  2099-May-28 13:00:00
  2099-Jun-17 15:00:00
  2099-Jul-07 18:00:00
  2099-Jul-27 20:00:00
  2099-Aug-16 23:00:00
  2099-Sep-06 02:00:00
  2099-Sep-26 04:00:00
  2099-Oct-16 07:00:00
  2099-Nov-05 10:00:00
  2099-Nov-25 12:00:00
  2099-Dec-15 17:00:00
Beginning Simulation...
  2100-Jan-04 19:00:00 (1%)
  2100-Jan-24 13:00:00 (6.4%)
  2100-Feb-13 06:00:00 (11.8%)
  2100-Mar-04 23:00:00 (17.2%)
  2100-Mar-24 17:00:00 (22.7%)
  2100-Apr-13 11:00:00 (28.1%)
  2100-May-03 04:00:00 (33.5%)
  2100-May-22 22:00:00 (38.9%)
  2100-Jun-11 15:00:00 (44.3%)
  2100-Jul-01 18:00:00 (49.8%)
  2100-Jul-21 21:00:00 (55.3%)
  2100-Aug-11 00:00:00 (60.8%)
  2100-Aug-31 03:00:00 (66.3%)
  2100-Sep-20 06:00:00 (71.8%)
  2100-Oct-10 05:00:00 (77.3%)
  2100-Oct-30 09:00:00 (82.8%)
  2100-Nov-19 12:00:00 (88.4%)
  2100-Dec-09 15:00:00 (93.9%)
  2100-Dec-29 18:00:00 (99.4%)
  2100-Dec-31 23:00:00 (100%)
Finished Program: 2014-Nov-18 11:32:04.109869
Elapsed Time: 00:00:37.016567
