instance.yaml
kiva v0.2.0-21-g785bfe1
Copyright (C) 2012-2014 Big Ladder Software
Web: www.bigladdersoftware.com

Starting Program: 2014-Nov-18 11:03:25.703021
Creating Domain...
  X Cells: 93
  Y Cells: 1
  Z Cells: 133
  Total Cells: 12369
Initializing Temperatures...
  2098-Oct-01 23:00:00
  2099-Jan-13 02:00:00
  2099-Feb-01 01:00:00
  2099-Feb-19 23:00:00
  2099-Mar-10 22:00:00
  2099-Mar-29 22:00:00
  2099-Apr-17 21:00:00
  2099-May-06 20:00:00
  2099-May-25 20:00:00
  2099-Jun-13 19:00:00
  2099-Jul-02 18:00:00
  2099-Jul-21 18:00:00
  2099-Aug-09 17:00:00
  2099-Aug-28 17:00:00
  2099-Sep-16 16:00:00
  2099-Oct-05 16:00:00
  2099-Oct-24 16:00:00
  2099-Nov-12 15:00:00
  2099-Dec-01 15:00:00
  2099-Dec-20 14:00:00
Beginning Simulation...
  2100-Jan-07 23:00:00 (1.9%)
  2100-Jan-25 11:00:00 (6.7%)
  2100-Feb-11 23:00:00 (11.5%)
  2100-Mar-01 11:00:00 (16.3%)
  2100-Mar-18 22:00:00 (21.1%)
  2100-Apr-05 10:00:00 (25.9%)
  2100-Apr-23 00:00:00 (30.7%)
  2100-May-10 13:00:00 (35.5%)
  2100-May-28 03:00:00 (40.3%)
  2100-Jun-14 17:00:00 (45.1%)
  2100-Jul-02 06:00:00 (49.9%)
  2100-Jul-19 17:00:00 (54.7%)
  2100-Aug-06 07:00:00 (59.5%)
  2100-Aug-23 21:00:00 (64.3%)
  2100-Sep-10 12:00:00 (69.2%)
  2100-Sep-28 01:00:00 (74%)
  2100-Oct-15 15:00:00 (78.8%)
  2100-Nov-02 05:00:00 (83.6%)
  2100-Nov-19 20:00:00 (88.4%)
  2100-Dec-07 10:00:00 (93.3%)
  2100-Dec-25 00:00:00 (98.1%)
  2100-Dec-31 23:00:00 (100%)
Finished Program: 2014-Nov-18 11:04:06.397473
Elapsed Time: 00:00:40.694452
