instance.yaml
kiva v0.2.0-21-g785bfe1
Copyright (C) 2012-2014 Big Ladder Software
Web: www.bigladdersoftware.com

Starting Program: 2014-Nov-18 11:19:26.950035
Creating Domain...
  X Cells: 156
  Y Cells: 1
  Z Cells: 125
  Total Cells: 19500
Initializing Temperatures...
  2099-Jan-03 00:00:00
  2099-Jan-14 20:00:00
  2099-Jan-26 16:00:00
  2099-Feb-07 11:00:00
  2099-Feb-19 07:00:00
  2099-Mar-03 03:00:00
  2099-Mar-14 23:00:00
  2099-Mar-26 19:00:00
  2099-Apr-07 15:00:00
  2099-Apr-19 10:00:00
  2099-May-01 06:00:00
  2099-May-13 02:00:00
  2099-May-24 22:00:00
  2099-Jun-05 18:00:00
  2099-Jun-17 14:00:00
  2099-Jun-29 10:00:00
  2099-Jul-11 06:00:00
  2099-Jul-23 02:00:00
  2099-Aug-03 22:00:00
  2099-Aug-15 18:00:00
  2099-Aug-27 14:00:00
  2099-Sep-08 10:00:00
  2099-Sep-20 06:00:00
  2099-Oct-02 02:00:00
  2099-Oct-13 22:00:00
  2099-Oct-25 18:00:00
  2099-Nov-06 14:00:00
  2099-Nov-18 10:00:00
  2099-Nov-30 06:00:00
  2099-Dec-12 02:00:00
  2099-Dec-23 22:00:00
Beginning Simulation...
  2100-Jan-04 11:00:00 (0.9%)
  2100-Jan-15 09:00:00 (3.9%)
  2100-Jan-26 07:00:00 (6.9%)
  2100-Feb-06 05:00:00 (9.9%)
  2100-Feb-17 04:00:00 (12.9%)
  2100-Feb-28 02:00:00 (15.9%)
  2100-Mar-11 00:00:00 (18.9%)
  2100-Mar-21 22:00:00 (21.9%)
  2100-Apr-01 21:00:00 (24.9%)
  2100-Apr-12 19:00:00 (27.9%)
  2100-Apr-23 17:00:00 (30.9%)
  2100-May-04 15:00:00 (33.9%)
  2100-May-15 13:00:00 (36.9%)
  2100-May-26 12:00:00 (39.9%)
  2100-Jun-06 10:00:00 (42.9%)
  2100-Jun-17 09:00:00 (45.9%)
  2100-Jun-28 07:00:00 (48.8%)
  2100-Jul-09 06:00:00 (51.8%)
  2100-Jul-20 04:00:00 (54.8%)
  2100-Jul-31 02:00:00 (57.8%)
  2100-Aug-11 01:00:00 (60.8%)
  2100-Aug-21 23:00:00 (63.8%)
  2100-Sep-01 21:00:00 (66.8%)
  2100-Sep-12 19:00:00 (69.8%)
  2100-Sep-23 18:00:00 (72.8%)
  2100-Oct-04 16:00:00 (75.8%)
  2100-Oct-15 15:00:00 (78.8%)
  2100-Oct-26 13:00:00 (81.8%)
  2100-Nov-06 13:00:00 (84.8%)
  2100-Nov-17 14:00:00 (87.8%)
  2100-Nov-28 14:00:00 (90.8%)
  2100-Dec-09 15:00:00 (93.9%)
  2100-Dec-20 15:00:00 (96.9%)
  2100-Dec-31 16:00:00 (99.9%)
  2100-Dec-31 23:00:00 (100%)
Finished Program: 2014-Nov-18 11:20:32.027808
Elapsed Time: 00:01:05.077773
