instance.yaml
kiva v0.2.0-21-g785bfe1
Copyright (C) 2012-2014 Big Ladder Software
Web: www.bigladdersoftware.com

Starting Program: 2014-Nov-18 11:23:25.517955
Creating Domain...
  X Cells: 124
  Y Cells: 1
  Z Cells: 127
  Total Cells: 15748
Initializing Temperatures...
  2098-Nov-19 23:00:00
  2099-Jan-13 23:00:00
  2099-Jan-30 19:00:00
  2099-Feb-16 14:00:00
  2099-Mar-05 10:00:00
  2099-Mar-22 05:00:00
  2099-Apr-08 01:00:00
  2099-Apr-24 21:00:00
  2099-May-11 17:00:00
  2099-May-28 13:00:00
  2099-Jun-14 09:00:00
  2099-Jul-01 05:00:00
  2099-Jul-18 01:00:00
  2099-Aug-03 21:00:00
  2099-Aug-20 17:00:00
  2099-Sep-06 13:00:00
  2099-Sep-23 09:00:00
  2099-Oct-10 05:00:00
  2099-Oct-27 01:00:00
  2099-Nov-12 21:00:00
  2099-Nov-29 17:00:00
  2099-Dec-16 13:00:00
Beginning Simulation...
  2100-Jan-02 05:00:00 (0.3%)
  2100-Jan-17 21:00:00 (4.6%)
  2100-Feb-02 12:00:00 (8.9%)
  2100-Feb-18 03:00:00 (13.2%)
  2100-Mar-05 18:00:00 (17.5%)
  2100-Mar-21 09:00:00 (21.7%)
  2100-Apr-06 00:00:00 (26%)
  2100-Apr-21 15:00:00 (30.3%)
  2100-May-07 07:00:00 (34.6%)
  2100-May-22 22:00:00 (38.9%)
  2100-Jun-07 13:00:00 (43.2%)
  2100-Jun-23 04:00:00 (47.4%)
  2100-Jul-08 18:00:00 (51.7%)
  2100-Jul-24 08:00:00 (56%)
  2100-Aug-09 00:00:00 (60.3%)
  2100-Aug-24 15:00:00 (64.6%)
  2100-Sep-09 06:00:00 (68.8%)
  2100-Sep-24 21:00:00 (73.1%)
  2100-Oct-10 12:00:00 (77.4%)
  2100-Oct-26 03:00:00 (81.7%)
  2100-Nov-10 18:00:00 (86%)
  2100-Nov-26 09:00:00 (90.2%)
  2100-Dec-12 01:00:00 (94.5%)
  2100-Dec-27 15:00:00 (98.8%)
  2100-Dec-31 23:00:00 (100%)
Finished Program: 2014-Nov-18 11:24:11.277639
Elapsed Time: 00:00:45.759684
