instance.yaml
kiva v0.2.0-21-g785bfe1
Copyright (C) 2012-2014 Big Ladder Software
Web: www.bigladdersoftware.com

Starting Program: 2014-Nov-18 11:22:28.480440
Creating Domain...
  X Cells: 172
  Y Cells: 1
  Z Cells: 158
  Total Cells: 27176
Initializing Temperatures...
  2098-Oct-22 23:00:00
  2099-Jan-04 04:00:00
  2099-Jan-12 01:00:00
  2099-Jan-19 22:00:00
  2099-Jan-27 18:00:00
  2099-Feb-04 15:00:00
  2099-Feb-12 09:00:00
  2099-Feb-19 16:00:00
  2099-Feb-26 21:00:00
  2099-Mar-06 08:00:00
  2099-Mar-14 02:00:00
  2099-Mar-21 20:00:00
  2099-Mar-29 14:00:00
  2099-Apr-06 11:00:00
  2099-Apr-14 08:00:00
  2099-Apr-22 04:00:00
  2099-Apr-30 00:00:00
  2099-May-07 21:00:00
  2099-May-15 17:00:00
  2099-May-23 14:00:00
  2099-May-31 11:00:00
  2099-Jun-08 08:00:00
  2099-Jun-16 05:00:00
  2099-Jun-24 01:00:00
  2099-Jul-01 22:00:00
  2099-Jul-09 19:00:00
  2099-Jul-17 16:00:00
  2099-Jul-25 12:00:00
  2099-Aug-02 09:00:00
  2099-Aug-10 06:00:00
  2099-Aug-18 03:00:00
  2099-Aug-25 23:00:00
  2099-Sep-02 20:00:00
  2099-Sep-10 17:00:00
  2099-Sep-18 14:00:00
  2099-Sep-26 11:00:00
  2099-Oct-04 08:00:00
  2099-Oct-12 05:00:00
  2099-Oct-20 02:00:00
  2099-Oct-27 22:00:00
  2099-Nov-04 19:00:00
  2099-Nov-12 16:00:00
  2099-Nov-20 13:00:00
  2099-Nov-28 09:00:00
  2099-Dec-06 06:00:00
  2099-Dec-14 03:00:00
  2099-Dec-22 00:00:00
  2099-Dec-29 20:00:00
Beginning Simulation...
  2100-Jan-06 06:00:00 (1.4%)
  2100-Jan-13 11:00:00 (3.4%)
  2100-Jan-20 16:00:00 (5.4%)
  2100-Jan-27 21:00:00 (7.4%)
  2100-Feb-04 02:00:00 (9.3%)
  2100-Feb-11 07:00:00 (11.3%)
  2100-Feb-18 12:00:00 (13.3%)
  2100-Feb-25 17:00:00 (15.3%)
  2100-Mar-04 22:00:00 (17.2%)
  2100-Mar-12 03:00:00 (19.2%)
  2100-Mar-19 08:00:00 (21.2%)
  2100-Mar-26 12:00:00 (23.2%)
  2100-Apr-02 16:00:00 (25.1%)
  2100-Apr-09 21:00:00 (27.1%)
  2100-Apr-17 02:00:00 (29.1%)
  2100-Apr-24 07:00:00 (31%)
  2100-May-01 12:00:00 (33%)
  2100-May-08 17:00:00 (35%)
  2100-May-15 22:00:00 (37%)
  2100-May-23 03:00:00 (38.9%)
  2100-May-30 08:00:00 (40.9%)
  2100-Jun-06 13:00:00 (42.9%)
  2100-Jun-13 18:00:00 (44.9%)
  2100-Jun-21 00:00:00 (46.8%)
  2100-Jun-28 05:00:00 (48.8%)
  2100-Jul-05 10:00:00 (50.8%)
  2100-Jul-12 15:00:00 (52.8%)
  2100-Jul-19 20:00:00 (54.7%)
  2100-Jul-27 01:00:00 (56.7%)
  2100-Aug-03 06:00:00 (58.7%)
  2100-Aug-10 11:00:00 (60.7%)
  2100-Aug-17 16:00:00 (62.6%)
  2100-Aug-24 21:00:00 (64.6%)
  2100-Sep-01 02:00:00 (66.6%)
  2100-Sep-08 07:00:00 (68.6%)
  2100-Sep-15 12:00:00 (70.5%)
  2100-Sep-22 17:00:00 (72.5%)
  2100-Sep-29 22:00:00 (74.5%)
  2100-Oct-07 03:00:00 (76.5%)
  2100-Oct-14 09:00:00 (78.5%)
  2100-Oct-21 14:00:00 (80.4%)
  2100-Oct-28 19:00:00 (82.4%)
  2100-Nov-05 00:00:00 (84.4%)
  2100-Nov-12 05:00:00 (86.4%)
  2100-Nov-19 10:00:00 (88.3%)
  2100-Nov-26 15:00:00 (90.3%)
  2100-Dec-03 20:00:00 (92.3%)
  2100-Dec-11 01:00:00 (94.3%)
  2100-Dec-18 06:00:00 (96.2%)
  2100-Dec-25 11:00:00 (98.2%)
  2100-Dec-31 23:00:00 (100%)
Finished Program: 2014-Nov-18 11:24:06.902701
Elapsed Time: 00:01:38.422261
