instance.yaml
kiva v0.2.0-21-g785bfe1
Copyright (C) 2012-2014 Big Ladder Software
Web: www.bigladdersoftware.com

Starting Program: 2014-Nov-18 11:30:24.959857
Creating Domain...
  X Cells: 105
  Y Cells: 1
  Z Cells: 113
  Total Cells: 11865
Initializing Temperatures...
  2099-Jan-10 09:00:00
  2099-Jan-30 22:00:00
  2099-Feb-20 11:00:00
  2099-Mar-13 01:00:00
  2099-Apr-02 13:00:00
  2099-Apr-23 02:00:00
  2099-May-13 16:00:00
  2099-Jun-03 05:00:00
  2099-Jun-23 18:00:00
  2099-Jul-14 08:00:00
  2099-Aug-03 21:00:00
  2099-Aug-24 10:00:00
  2099-Sep-14 00:00:00
  2099-Oct-04 13:00:00
  2099-Oct-25 02:00:00
  2099-Nov-14 16:00:00
  2099-Dec-05 05:00:00
  2099-Dec-25 18:00:00
Beginning Simulation...
  2100-Jan-14 23:00:00 (3.8%)
  2100-Feb-04 00:00:00 (9.3%)
  2100-Feb-24 01:00:00 (14.8%)
  2100-Mar-16 02:00:00 (20.3%)
  2100-Apr-05 04:00:00 (25.8%)
  2100-Apr-25 05:00:00 (31.3%)
  2100-May-15 06:00:00 (36.8%)
  2100-Jun-04 08:00:00 (42.3%)
  2100-Jun-24 10:00:00 (47.8%)
  2100-Jul-14 11:00:00 (53.3%)
  2100-Aug-03 13:00:00 (58.8%)
  2100-Aug-23 14:00:00 (64.3%)
  2100-Sep-12 13:00:00 (69.7%)
  2100-Oct-02 14:00:00 (75.2%)
  2100-Oct-22 16:00:00 (80.7%)
  2100-Nov-11 18:00:00 (86.2%)
  2100-Dec-01 19:00:00 (91.7%)
  2100-Dec-21 20:00:00 (97.2%)
  2100-Dec-31 23:00:00 (100%)
Finished Program: 2014-Nov-18 11:31:01.505604
Elapsed Time: 00:00:36.545747
