instance.yaml
kiva v0.2.0-21-g785bfe1
Copyright (C) 2012-2014 Big Ladder Software
Web: www.bigladdersoftware.com

Starting Program: 2014-Nov-18 11:14:26.029480
Creating Domain...
  X Cells: 179
  Y Cells: 1
  Z Cells: 93
  Total Cells: 16647
Initializing Temperatures...
  2099-Jan-04 03:00:00
  2099-Jan-16 22:00:00
  2099-Jan-29 18:00:00
  2099-Feb-11 13:00:00
  2099-Feb-24 09:00:00
  2099-Mar-09 05:00:00
  2099-Mar-22 00:00:00
  2099-Apr-03 20:00:00
  2099-Apr-16 16:00:00
  2099-Apr-29 11:00:00
  2099-May-12 07:00:00
  2099-May-25 02:00:00
  2099-Jun-06 22:00:00
  2099-Jun-19 18:00:00
  2099-Jul-02 14:00:00
  2099-Jul-15 09:00:00
  2099-Jul-28 05:00:00
  2099-Aug-10 01:00:00
  2099-Aug-22 21:00:00
  2099-Sep-04 16:00:00
  2099-Sep-17 12:00:00
  2099-Sep-30 08:00:00
  2099-Oct-13 03:00:00
  2099-Oct-25 23:00:00
  2099-Nov-07 19:00:00
  2099-Nov-20 15:00:00
  2099-Dec-03 11:00:00
  2099-Dec-16 06:00:00
  2099-Dec-29 02:00:00
Beginning Simulation...
  2100-Jan-10 17:00:00 (2.7%)
  2100-Jan-23 07:00:00 (6.1%)
  2100-Feb-04 21:00:00 (9.6%)
  2100-Feb-17 10:00:00 (13%)
  2100-Mar-02 00:00:00 (16.4%)
  2100-Mar-14 13:00:00 (19.9%)
  2100-Mar-27 03:00:00 (23.3%)
  2100-Apr-08 17:00:00 (26.8%)
  2100-Apr-21 07:00:00 (30.2%)
  2100-May-03 20:00:00 (33.7%)
  2100-May-16 10:00:00 (37.1%)
  2100-May-29 00:00:00 (40.5%)
  2100-Jun-10 14:00:00 (44%)
  2100-Jun-23 04:00:00 (47.4%)
  2100-Jul-05 17:00:00 (50.9%)
  2100-Jul-18 07:00:00 (54.3%)
  2100-Jul-30 21:00:00 (57.8%)
  2100-Aug-12 10:00:00 (61.2%)
  2100-Aug-25 00:00:00 (64.7%)
  2100-Sep-06 14:00:00 (68.1%)
  2100-Sep-19 04:00:00 (71.6%)
  2100-Oct-01 18:00:00 (75%)
  2100-Oct-14 07:00:00 (78.4%)
  2100-Oct-26 21:00:00 (81.9%)
  2100-Nov-08 11:00:00 (85.3%)
  2100-Nov-21 01:00:00 (88.8%)
  2100-Dec-03 15:00:00 (92.2%)
  2100-Dec-16 05:00:00 (95.7%)
  2100-Dec-28 18:00:00 (99.1%)
  2100-Dec-31 23:00:00 (100%)
Finished Program: 2014-Nov-18 11:15:24.255124
Elapsed Time: 00:00:58.225644
