instance.yaml
kiva v0.2.0-9-g526928a
Copyright (C) 2012-2014 Big Ladder Software
Web: www.bigladdersoftware.com

Starting Program: 2014-Nov-15 12:22:47.192296
Creating Domain...
  X Cells: 199
  Y Cells: 1
  Z Cells: 158
  Total Cells: 31442
Initializing Temperatures...
  2098-Nov-19 23:00:00
  2099-Jan-04 12:00:00
  2099-Jan-10 16:00:00
  2099-Jan-16 20:00:00
  2099-Jan-22 23:00:00
  2099-Jan-29 03:00:00
  2099-Feb-04 07:00:00
  2099-Feb-10 11:00:00
  2099-Feb-16 15:00:00
  2099-Feb-22 19:00:00
  2099-Feb-28 23:00:00
  2099-Mar-07 02:00:00
  2099-Mar-13 05:00:00
  2099-Mar-19 09:00:00
  2099-Mar-25 13:00:00
  2099-Mar-31 16:00:00
  2099-Apr-06 20:00:00
  2099-Apr-12 23:00:00
  2099-Apr-19 03:00:00
  2099-Apr-25 06:00:00
  2099-May-01 10:00:00
  2099-May-07 13:00:00
  2099-May-13 17:00:00
  2099-May-19 21:00:00
  2099-May-26 00:00:00
  2099-Jun-01 04:00:00
  2099-Jun-07 08:00:00
  2099-Jun-13 10:00:00
  2099-Jun-19 14:00:00
  2099-Jun-25 17:00:00
  2099-Jul-01 21:00:00
  2099-Jul-08 01:00:00
  2099-Jul-14 04:00:00
  2099-Jul-20 08:00:00
  2099-Jul-26 12:00:00
  2099-Aug-01 16:00:00
  2099-Aug-07 19:00:00
  2099-Aug-13 23:00:00
  2099-Aug-20 03:00:00
  2099-Aug-26 06:00:00
  2099-Sep-01 10:00:00
  2099-Sep-07 14:00:00
  2099-Sep-13 17:00:00
  2099-Sep-19 21:00:00
  2099-Sep-26 01:00:00
  2099-Oct-02 04:00:00
  2099-Oct-08 08:00:00
  2099-Oct-14 12:00:00
  2099-Oct-20 15:00:00
  2099-Oct-26 19:00:00
  2099-Nov-01 23:00:00
  2099-Nov-08 02:00:00
  2099-Nov-14 06:00:00
  2099-Nov-20 10:00:00
  2099-Nov-26 13:00:00
  2099-Dec-02 17:00:00
  2099-Dec-08 21:00:00
  2099-Dec-15 00:00:00
  2099-Dec-21 04:00:00
  2099-Dec-27 07:00:00
Beginning Simulation...
  2100-Jan-02 08:00:00 (0.4%)
  2100-Jan-08 02:00:00 (1.9%)
  2100-Jan-13 20:00:00 (3.5%)
  2100-Jan-19 13:00:00 (5.1%)
  2100-Jan-25 07:00:00 (6.7%)
  2100-Jan-31 00:00:00 (8.2%)
  2100-Feb-05 18:00:00 (9.8%)
  2100-Feb-11 12:00:00 (11.4%)
  2100-Feb-17 05:00:00 (12.9%)
  2100-Feb-22 22:00:00 (14.5%)
  2100-Feb-28 16:00:00 (16.1%)
  2100-Mar-06 10:00:00 (17.6%)
  2100-Mar-12 03:00:00 (19.2%)
  2100-Mar-17 20:00:00 (20.8%)
  2100-Mar-23 14:00:00 (22.4%)
  2100-Mar-29 07:00:00 (23.9%)
  2100-Apr-04 01:00:00 (25.5%)
  2100-Apr-09 19:00:00 (27.1%)
  2100-Apr-15 12:00:00 (28.6%)
  2100-Apr-21 06:00:00 (30.2%)
  2100-Apr-27 00:00:00 (31.8%)
  2100-May-02 17:00:00 (33.3%)
  2100-May-08 11:00:00 (34.9%)
  2100-May-14 05:00:00 (36.5%)
  2100-May-19 23:00:00 (38.1%)
  2100-May-25 16:00:00 (39.6%)
  2100-May-31 10:00:00 (41.2%)
  2100-Jun-06 04:00:00 (42.8%)
  2100-Jun-11 22:00:00 (44.4%)
  2100-Jun-17 16:00:00 (45.9%)
  2100-Jun-23 09:00:00 (47.5%)
  2100-Jun-29 03:00:00 (49.1%)
  2100-Jul-04 21:00:00 (50.7%)
  2100-Jul-10 14:00:00 (52.2%)
  2100-Jul-16 08:00:00 (53.8%)
  2100-Jul-22 02:00:00 (55.4%)
  2100-Jul-27 20:00:00 (56.9%)
  2100-Aug-02 13:00:00 (58.5%)
  2100-Aug-08 07:00:00 (60.1%)
  2100-Aug-14 01:00:00 (61.7%)
  2100-Aug-19 19:00:00 (63.2%)
  2100-Aug-25 13:00:00 (64.8%)
  2100-Aug-31 06:00:00 (66.4%)
  2100-Sep-06 00:00:00 (67.9%)
  2100-Sep-11 18:00:00 (69.5%)
  2100-Sep-17 12:00:00 (71.1%)
  2100-Sep-23 06:00:00 (72.7%)
  2100-Sep-28 23:00:00 (74.2%)
  2100-Oct-04 17:00:00 (75.8%)
  2100-Oct-10 11:00:00 (77.4%)
  2100-Oct-16 05:00:00 (79%)
  2100-Oct-21 23:00:00 (80.5%)
  2100-Oct-27 16:00:00 (82.1%)
  2100-Nov-02 10:00:00 (83.7%)
  2100-Nov-08 04:00:00 (85.3%)
  2100-Nov-13 22:00:00 (86.8%)
  2100-Nov-19 16:00:00 (88.4%)
  2100-Nov-25 08:00:00 (90%)
  2100-Dec-01 02:00:00 (91.5%)
  2100-Dec-06 20:00:00 (93.1%)
  2100-Dec-12 14:00:00 (94.7%)
  2100-Dec-18 07:00:00 (96.2%)
  2100-Dec-24 01:00:00 (97.8%)
  2100-Dec-29 19:00:00 (99.4%)
  2100-Dec-31 23:00:00 (100%)
Finished Program: 2014-Nov-15 12:24:51.383577
Elapsed Time: 00:02:04.191281
