instance.yaml
kiva v0.2.0-21-g785bfe1
Copyright (C) 2012-2014 Big Ladder Software
Web: www.bigladdersoftware.com

Starting Program: 2014-Nov-18 11:08:24.905674
Creating Domain...
  X Cells: 167
  Y Cells: 1
  Z Cells: 113
  Total Cells: 18871
Initializing Temperatures...
  2099-Jan-04 11:00:00
  2099-Jan-17 00:00:00
  2099-Jan-29 13:00:00
  2099-Feb-11 02:00:00
  2099-Feb-23 15:00:00
  2099-Mar-08 04:00:00
  2099-Mar-20 17:00:00
  2099-Apr-02 06:00:00
  2099-Apr-14 19:00:00
  2099-Apr-27 08:00:00
  2099-May-09 21:00:00
  2099-May-22 10:00:00
  2099-Jun-04 00:00:00
  2099-Jun-16 13:00:00
  2099-Jun-29 02:00:00
  2099-Jul-11 15:00:00
  2099-Jul-24 04:00:00
  2099-Aug-05 17:00:00
  2099-Aug-18 06:00:00
  2099-Aug-30 19:00:00
  2099-Sep-12 09:00:00
  2099-Sep-24 22:00:00
  2099-Oct-07 11:00:00
  2099-Oct-20 00:00:00
  2099-Nov-01 13:00:00
  2099-Nov-14 02:00:00
  2099-Nov-26 15:00:00
  2099-Dec-09 04:00:00
  2099-Dec-21 18:00:00
Beginning Simulation...
  2100-Jan-03 06:00:00 (0.6%)
  2100-Jan-15 14:00:00 (4%)
  2100-Jan-27 22:00:00 (7.4%)
  2100-Feb-09 06:00:00 (10.8%)
  2100-Feb-21 14:00:00 (14.1%)
  2100-Mar-05 21:00:00 (17.5%)
  2100-Mar-18 05:00:00 (20.9%)
  2100-Mar-30 13:00:00 (24.3%)
  2100-Apr-11 21:00:00 (27.6%)
  2100-Apr-24 05:00:00 (31%)
  2100-May-06 13:00:00 (34.4%)
  2100-May-18 22:00:00 (37.8%)
  2100-May-31 06:00:00 (41.2%)
  2100-Jun-12 15:00:00 (44.6%)
  2100-Jun-24 23:00:00 (47.9%)
  2100-Jul-07 07:00:00 (51.3%)
  2100-Jul-19 16:00:00 (54.7%)
  2100-Aug-01 00:00:00 (58.1%)
  2100-Aug-13 08:00:00 (61.5%)
  2100-Aug-25 17:00:00 (64.9%)
  2100-Sep-07 01:00:00 (68.2%)
  2100-Sep-19 09:00:00 (71.6%)
  2100-Oct-01 18:00:00 (75%)
  2100-Oct-14 02:00:00 (78.4%)
  2100-Oct-26 11:00:00 (81.8%)
  2100-Nov-07 19:00:00 (85.1%)
  2100-Nov-20 04:00:00 (88.5%)
  2100-Dec-02 14:00:00 (91.9%)
  2100-Dec-15 00:00:00 (95.3%)
  2100-Dec-27 10:00:00 (98.7%)
  2100-Dec-31 23:00:00 (100%)
Finished Program: 2014-Nov-18 11:09:24.365846
Elapsed Time: 00:00:59.460172
