instance.yaml
kiva v0.2.0-21-g785bfe1
Copyright (C) 2012-2014 Big Ladder Software
Web: www.bigladdersoftware.com

Starting Program: 2014-Nov-18 11:23:24.222874
Creating Domain...
  X Cells: 90
  Y Cells: 1
  Z Cells: 133
  Total Cells: 11970
Initializing Temperatures...
  2099-Jan-03 14:00:00
  2099-Jan-23 11:00:00
  2099-Feb-12 08:00:00
  2099-Mar-04 05:00:00
  2099-Mar-24 02:00:00
  2099-Apr-12 23:00:00
  2099-May-02 20:00:00
  2099-May-22 17:00:00
  2099-Jun-11 15:00:00
  2099-Jul-01 12:00:00
  2099-Jul-21 09:00:00
  2099-Aug-10 07:00:00
  2099-Aug-30 04:00:00
  2099-Sep-19 01:00:00
  2099-Oct-08 23:00:00
  2099-Oct-28 20:00:00
  2099-Nov-17 18:00:00
  2099-Dec-07 15:00:00
  2099-Dec-27 13:00:00
Beginning Simulation...
  2100-Jan-15 04:00:00 (3.9%)
  2100-Feb-02 10:00:00 (8.9%)
  2100-Feb-20 15:00:00 (13.9%)
  2100-Mar-10 21:00:00 (18.9%)
  2100-Mar-29 02:00:00 (23.9%)
  2100-Apr-16 08:00:00 (28.9%)
  2100-May-04 14:00:00 (33.9%)
  2100-May-22 20:00:00 (38.9%)
  2100-Jun-10 02:00:00 (43.9%)
  2100-Jun-28 08:00:00 (48.9%)
  2100-Jul-16 14:00:00 (53.9%)
  2100-Aug-03 20:00:00 (58.9%)
  2100-Aug-22 02:00:00 (63.9%)
  2100-Sep-09 05:00:00 (68.8%)
  2100-Sep-27 11:00:00 (73.8%)
  2100-Oct-15 17:00:00 (78.8%)
  2100-Nov-02 23:00:00 (83.8%)
  2100-Nov-21 05:00:00 (88.8%)
  2100-Dec-09 11:00:00 (93.8%)
  2100-Dec-27 17:00:00 (98.8%)
  2100-Dec-31 23:00:00 (100%)
Finished Program: 2014-Nov-18 11:24:03.233211
Elapsed Time: 00:00:39.010337
