instance.yaml
kiva v0.2.0-21-g785bfe1
Copyright (C) 2012-2014 Big Ladder Software
Web: www.bigladdersoftware.com

Starting Program: 2014-Nov-18 11:17:28.312585
Creating Domain...
  X Cells: 210
  Y Cells: 1
  Z Cells: 113
  Total Cells: 23730
Initializing Temperatures...
  2098-Nov-19 23:00:00
  2099-Jan-07 05:00:00
  2099-Jan-16 16:00:00
  2099-Jan-26 03:00:00
  2099-Feb-04 13:00:00
  2099-Feb-14 00:00:00
  2099-Feb-23 10:00:00
  2099-Mar-04 21:00:00
  2099-Mar-14 07:00:00
  2099-Mar-23 18:00:00
  2099-Apr-02 05:00:00
  2099-Apr-11 15:00:00
  2099-Apr-21 02:00:00
  2099-Apr-30 13:00:00
  2099-May-09 23:00:00
  2099-May-19 10:00:00
  2099-May-28 21:00:00
  2099-Jun-07 08:00:00
  2099-Jun-16 21:00:00
  2099-Jun-26 09:00:00
  2099-Jul-05 22:00:00
  2099-Jul-15 11:00:00
  2099-Jul-25 00:00:00
  2099-Aug-03 13:00:00
  2099-Aug-13 02:00:00
  2099-Aug-22 14:00:00
  2099-Sep-01 03:00:00
  2099-Sep-10 16:00:00
  2099-Sep-20 07:00:00
  2099-Sep-29 21:00:00
  2099-Oct-09 11:00:00
  2099-Oct-19 01:00:00
  2099-Oct-28 15:00:00
  2099-Nov-07 05:00:00
  2099-Nov-16 19:00:00
  2099-Nov-26 09:00:00
  2099-Dec-05 23:00:00
  2099-Dec-15 14:00:00
  2099-Dec-25 04:00:00
Beginning Simulation...
  2100-Jan-03 17:00:00 (0.7%)
  2100-Jan-13 03:00:00 (3.3%)
  2100-Jan-22 14:00:00 (5.9%)
  2100-Feb-01 00:00:00 (8.5%)
  2100-Feb-10 11:00:00 (11.1%)
  2100-Feb-19 21:00:00 (13.7%)
  2100-Mar-01 08:00:00 (16.3%)
  2100-Mar-10 18:00:00 (18.8%)
  2100-Mar-20 05:00:00 (21.4%)
  2100-Mar-29 15:00:00 (24%)
  2100-Apr-08 02:00:00 (26.6%)
  2100-Apr-17 12:00:00 (29.2%)
  2100-Apr-26 23:00:00 (31.8%)
  2100-May-06 09:00:00 (34.3%)
  2100-May-15 20:00:00 (36.9%)
  2100-May-25 07:00:00 (39.5%)
  2100-Jun-03 17:00:00 (42.1%)
  2100-Jun-13 04:00:00 (44.7%)
  2100-Jun-22 14:00:00 (47.3%)
  2100-Jul-02 00:00:00 (49.9%)
  2100-Jul-11 11:00:00 (52.5%)
  2100-Jul-20 21:00:00 (55%)
  2100-Jul-30 08:00:00 (57.6%)
  2100-Aug-08 18:00:00 (60.2%)
  2100-Aug-18 05:00:00 (62.8%)
  2100-Aug-27 15:00:00 (65.4%)
  2100-Sep-06 02:00:00 (68%)
  2100-Sep-15 13:00:00 (70.6%)
  2100-Sep-24 23:00:00 (73.1%)
  2100-Oct-04 10:00:00 (75.7%)
  2100-Oct-13 20:00:00 (78.3%)
  2100-Oct-23 07:00:00 (80.9%)
  2100-Nov-01 17:00:00 (83.5%)
  2100-Nov-11 02:00:00 (86.1%)
  2100-Nov-20 13:00:00 (88.6%)
  2100-Nov-30 00:00:00 (91.2%)
  2100-Dec-09 10:00:00 (93.8%)
  2100-Dec-18 21:00:00 (96.4%)
  2100-Dec-28 07:00:00 (99%)
  2100-Dec-31 23:00:00 (100%)
Finished Program: 2014-Nov-18 11:18:46.388891
Elapsed Time: 00:01:18.076306
