instance.yaml
kiva v0.2.0-19-ge248292
Copyright (C) 2012-2014 Big Ladder Software
Web: www.bigladdersoftware.com

Starting Program: 2014-Nov-17 08:45:16.420747
Creating Domain...
  X Cells: 100
  Y Cells: 1
  Z Cells: 125
  Total Cells: 12500
Initializing Temperatures...
  2098-Dec-24 23:00:00
  2099-Jan-19 03:00:00
  2099-Feb-07 02:00:00
  2099-Feb-26 01:00:00
  2099-Mar-16 15:00:00
  2099-Apr-04 17:00:00
  2099-Apr-23 19:00:00
  2099-May-12 21:00:00
  2099-Jun-01 00:00:00
  2099-Jun-20 02:00:00
  2099-Jul-09 05:00:00
  2099-Jul-28 07:00:00
  2099-Aug-16 10:00:00
  2099-Sep-04 12:00:00
  2099-Sep-23 15:00:00
  2099-Oct-12 18:00:00
  2099-Oct-31 20:00:00
  2099-Nov-19 23:00:00
  2099-Dec-09 01:00:00
  2099-Dec-28 04:00:00
Beginning Simulation...
  2100-Jan-15 03:00:00 (3.9%)
  2100-Feb-01 19:00:00 (8.7%)
  2100-Feb-19 11:00:00 (13.6%)
  2100-Mar-09 03:00:00 (18.4%)
  2100-Mar-26 19:00:00 (23.2%)
  2100-Apr-13 11:00:00 (28.1%)
  2100-May-01 03:00:00 (32.9%)
  2100-May-18 19:00:00 (37.8%)
  2100-Jun-05 11:00:00 (42.6%)
  2100-Jun-23 03:00:00 (47.4%)
  2100-Jul-10 20:00:00 (52.3%)
  2100-Jul-28 12:00:00 (57.1%)
  2100-Aug-15 04:00:00 (62%)
  2100-Sep-01 18:00:00 (66.8%)
  2100-Sep-19 11:00:00 (71.6%)
  2100-Oct-07 03:00:00 (76.5%)
  2100-Oct-24 20:00:00 (81.3%)
  2100-Nov-11 12:00:00 (86.2%)
  2100-Nov-29 04:00:00 (91%)
  2100-Dec-16 20:00:00 (95.8%)
  2100-Dec-31 23:00:00 (100%)
Finished Program: 2014-Nov-17 08:45:56.856275
Elapsed Time: 00:00:40.435528
