instance.yaml
kiva v0.2.0-22-gd89b213
Copyright (C) 2012-2014 Big Ladder Software
Web: www.bigladdersoftware.com

Starting Program: 2014-Nov-19 10:41:42.464086
Creating Domain...
  X Cells: 201
  Y Cells: 1
  Z Cells: 96
  Total Cells: 19296
Initializing Temperatures...
  2098-Nov-12 23:00:00
  2099-Jan-08 16:00:00
  2099-Jan-19 19:00:00
  2099-Jan-30 22:00:00
  2099-Feb-11 01:00:00
  2099-Feb-22 04:00:00
  2099-Mar-05 07:00:00
  2099-Mar-16 10:00:00
  2099-Mar-27 13:00:00
  2099-Apr-07 16:00:00
  2099-Apr-18 19:00:00
  2099-Apr-29 22:00:00
  2099-May-11 01:00:00
  2099-May-22 04:00:00
  2099-Jun-02 07:00:00
  2099-Jun-13 10:00:00
  2099-Jun-24 13:00:00
  2099-Jul-05 16:00:00
  2099-Jul-16 19:00:00
  2099-Jul-27 22:00:00
  2099-Aug-08 01:00:00
  2099-Aug-19 04:00:00
  2099-Aug-30 07:00:00
  2099-Sep-10 10:00:00
  2099-Sep-21 13:00:00
  2099-Oct-02 16:00:00
  2099-Oct-13 19:00:00
  2099-Oct-24 23:00:00
  2099-Nov-05 02:00:00
  2099-Nov-16 05:00:00
  2099-Nov-27 08:00:00
  2099-Dec-08 11:00:00
  2099-Dec-19 15:00:00
  2099-Dec-30 18:00:00
Beginning Simulation...
  2100-Jan-10 15:00:00 (2.6%)
  2100-Jan-21 12:00:00 (5.6%)
  2100-Feb-01 08:00:00 (8.6%)
  2100-Feb-12 05:00:00 (11.6%)
  2100-Feb-23 02:00:00 (14.5%)
  2100-Mar-05 22:00:00 (17.5%)
  2100-Mar-16 19:00:00 (20.5%)
  2100-Mar-27 15:00:00 (23.5%)
  2100-Apr-07 12:00:00 (26.4%)
  2100-Apr-18 09:00:00 (29.4%)
  2100-Apr-29 06:00:00 (32.4%)
  2100-May-10 02:00:00 (35.4%)
  2100-May-20 23:00:00 (38.3%)
  2100-May-31 20:00:00 (41.3%)
  2100-Jun-11 17:00:00 (44.3%)
  2100-Jun-22 13:00:00 (47.3%)
  2100-Jul-03 10:00:00 (50.3%)
  2100-Jul-14 07:00:00 (53.2%)
  2100-Jul-25 03:00:00 (56.2%)
  2100-Aug-05 00:00:00 (59.2%)
  2100-Aug-15 21:00:00 (62.2%)
  2100-Aug-26 18:00:00 (65.1%)
  2100-Sep-06 14:00:00 (68.1%)
  2100-Sep-17 11:00:00 (71.1%)
  2100-Sep-28 08:00:00 (74.1%)
  2100-Oct-09 04:00:00 (77%)
  2100-Oct-20 01:00:00 (80%)
  2100-Oct-30 22:00:00 (83%)
  2100-Nov-10 18:00:00 (86%)
  2100-Nov-21 15:00:00 (88.9%)
  2100-Dec-02 11:00:00 (91.9%)
  2100-Dec-13 08:00:00 (94.9%)
  2100-Dec-24 05:00:00 (97.9%)
  2100-Dec-31 23:00:00 (100%)
Finished Program: 2014-Nov-19 10:42:49.717149
Elapsed Time: 00:01:07.253063
