instance.yaml
kiva v0.2.0-9-g526928a
Copyright (C) 2012-2014 Big Ladder Software
Web: www.bigladdersoftware.com

Starting Program: 2014-Nov-15 11:23:42.521492
Creating Domain...
  X Cells: 235
  Y Cells: 1
  Z Cells: 96
  Total Cells: 22560
Initializing Temperatures...
  2098-Oct-22 23:00:00
  2099-Jan-04 03:00:00
  2099-Jan-13 10:00:00
  2099-Jan-22 16:00:00
  2099-Jan-31 23:00:00
  2099-Feb-10 05:00:00
  2099-Feb-19 12:00:00
  2099-Feb-28 18:00:00
  2099-Mar-10 01:00:00
  2099-Mar-19 07:00:00
  2099-Mar-28 14:00:00
  2099-Apr-06 20:00:00
  2099-Apr-16 02:00:00
  2099-Apr-25 09:00:00
  2099-May-04 16:00:00
  2099-May-13 22:00:00
  2099-May-23 05:00:00
  2099-Jun-01 12:00:00
  2099-Jun-10 18:00:00
  2099-Jun-20 00:00:00
  2099-Jun-29 07:00:00
  2099-Jul-08 13:00:00
  2099-Jul-17 20:00:00
  2099-Jul-27 03:00:00
  2099-Aug-05 09:00:00
  2099-Aug-14 16:00:00
  2099-Aug-23 22:00:00
  2099-Sep-02 05:00:00
  2099-Sep-11 11:00:00
  2099-Sep-20 18:00:00
  2099-Sep-30 01:00:00
  2099-Oct-09 07:00:00
  2099-Oct-18 14:00:00
  2099-Oct-27 20:00:00
  2099-Nov-06 03:00:00
  2099-Nov-15 10:00:00
  2099-Nov-24 16:00:00
  2099-Dec-03 23:00:00
  2099-Dec-13 05:00:00
  2099-Dec-22 12:00:00
  2099-Dec-31 19:00:00
Beginning Simulation...
  2100-Jan-09 21:00:00 (2.4%)
  2100-Jan-19 00:00:00 (4.9%)
  2100-Jan-28 03:00:00 (7.4%)
  2100-Feb-06 06:00:00 (9.9%)
  2100-Feb-15 09:00:00 (12.4%)
  2100-Feb-24 12:00:00 (14.9%)
  2100-Mar-05 14:00:00 (17.4%)
  2100-Mar-14 17:00:00 (19.9%)
  2100-Mar-23 20:00:00 (22.4%)
  2100-Apr-01 23:00:00 (24.9%)
  2100-Apr-11 02:00:00 (27.4%)
  2100-Apr-20 05:00:00 (29.9%)
  2100-Apr-29 08:00:00 (32.4%)
  2100-May-08 10:00:00 (34.9%)
  2100-May-17 13:00:00 (37.4%)
  2100-May-26 16:00:00 (39.9%)
  2100-Jun-04 19:00:00 (42.4%)
  2100-Jun-13 22:00:00 (44.9%)
  2100-Jun-23 01:00:00 (47.4%)
  2100-Jul-02 04:00:00 (49.9%)
  2100-Jul-11 07:00:00 (52.4%)
  2100-Jul-20 10:00:00 (54.9%)
  2100-Jul-29 13:00:00 (57.4%)
  2100-Aug-07 16:00:00 (59.9%)
  2100-Aug-16 18:00:00 (62.4%)
  2100-Aug-25 21:00:00 (64.9%)
  2100-Sep-04 00:00:00 (67.4%)
  2100-Sep-13 03:00:00 (69.9%)
  2100-Sep-22 06:00:00 (72.4%)
  2100-Sep-29 07:00:00 (74.3%)
  2100-Oct-08 08:00:00 (76.8%)
  2100-Oct-17 11:00:00 (79.3%)
  2100-Oct-26 14:00:00 (81.8%)
  2100-Nov-04 17:00:00 (84.3%)
  2100-Nov-13 20:00:00 (86.8%)
  2100-Nov-22 23:00:00 (89.3%)
  2100-Dec-02 02:00:00 (91.8%)
  2100-Dec-11 04:00:00 (94.3%)
  2100-Dec-20 07:00:00 (96.8%)
  2100-Dec-29 10:00:00 (99.3%)
  2100-Dec-31 23:00:00 (100%)
Finished Program: 2014-Nov-15 11:25:03.279291
Elapsed Time: 00:01:20.757799
