instance.yaml
kiva v0.2.0-22-gd89b213
Copyright (C) 2012-2014 Big Ladder Software
Web: www.bigladdersoftware.com

Starting Program: 2014-Nov-19 10:41:45.881770
Creating Domain...
  X Cells: 165
  Y Cells: 1
  Z Cells: 113
  Total Cells: 18645
Initializing Temperatures...
  2099-Jan-04 03:00:00
  2099-Jan-16 02:00:00
  2099-Jan-28 01:00:00
  2099-Feb-09 00:00:00
  2099-Feb-20 22:00:00
  2099-Mar-04 21:00:00
  2099-Mar-16 20:00:00
  2099-Mar-28 19:00:00
  2099-Apr-09 18:00:00
  2099-Apr-21 17:00:00
  2099-May-03 16:00:00
  2099-May-15 14:00:00
  2099-May-27 13:00:00
  2099-Jun-08 12:00:00
  2099-Jun-20 11:00:00
  2099-Jul-02 10:00:00
  2099-Jul-14 09:00:00
  2099-Jul-26 07:00:00
  2099-Aug-07 06:00:00
  2099-Aug-19 05:00:00
  2099-Aug-31 04:00:00
  2099-Sep-12 03:00:00
  2099-Sep-24 02:00:00
  2099-Oct-06 01:00:00
  2099-Oct-18 00:00:00
  2099-Oct-29 23:00:00
  2099-Nov-10 22:00:00
  2099-Nov-22 21:00:00
  2099-Dec-04 20:00:00
  2099-Dec-16 19:00:00
  2099-Dec-28 18:00:00
Beginning Simulation...
  2100-Jan-09 14:00:00 (2.4%)
  2100-Jan-21 08:00:00 (5.6%)
  2100-Feb-02 02:00:00 (8.8%)
  2100-Feb-13 21:00:00 (12%)
  2100-Feb-25 15:00:00 (15.2%)
  2100-Mar-09 09:00:00 (18.5%)
  2100-Mar-21 03:00:00 (21.7%)
  2100-Apr-01 22:00:00 (24.9%)
  2100-Apr-13 16:00:00 (28.1%)
  2100-Apr-25 10:00:00 (31.3%)
  2100-May-07 04:00:00 (34.6%)
  2100-May-18 23:00:00 (37.8%)
  2100-May-30 17:00:00 (41%)
  2100-Jun-11 12:00:00 (44.2%)
  2100-Jun-23 06:00:00 (47.5%)
  2100-Jul-05 01:00:00 (50.7%)
  2100-Jul-16 19:00:00 (53.9%)
  2100-Jul-28 14:00:00 (57.1%)
  2100-Aug-09 08:00:00 (60.4%)
  2100-Aug-21 02:00:00 (63.6%)
  2100-Sep-01 21:00:00 (66.8%)
  2100-Sep-13 15:00:00 (70%)
  2100-Sep-25 10:00:00 (73.3%)
  2100-Oct-07 04:00:00 (76.5%)
  2100-Oct-18 23:00:00 (79.7%)
  2100-Oct-30 17:00:00 (82.9%)
  2100-Nov-11 11:00:00 (86.2%)
  2100-Nov-23 05:00:00 (89.4%)
  2100-Dec-04 23:00:00 (92.6%)
  2100-Dec-16 18:00:00 (95.8%)
  2100-Dec-28 12:00:00 (99%)
  2100-Dec-31 23:00:00 (100%)
Finished Program: 2014-Nov-19 10:42:48.295224
Elapsed Time: 00:01:02.413454
