instance.yaml
kiva v0.2.0-21-g785bfe1
Copyright (C) 2012-2014 Big Ladder Software
Web: www.bigladdersoftware.com

Starting Program: 2014-Nov-18 11:23:24.180606
Creating Domain...
  X Cells: 100
  Y Cells: 1
  Z Cells: 133
  Total Cells: 13300
Initializing Temperatures...
  2099-Jan-04 13:00:00
  2099-Jan-22 05:00:00
  2099-Feb-08 21:00:00
  2099-Feb-26 14:00:00
  2099-Mar-16 05:00:00
  2099-Apr-02 21:00:00
  2099-Apr-20 14:00:00
  2099-May-08 06:00:00
  2099-May-25 22:00:00
  2099-Jun-12 15:00:00
  2099-Jun-30 07:00:00
  2099-Jul-17 23:00:00
  2099-Aug-04 15:00:00
  2099-Aug-22 08:00:00
  2099-Sep-09 00:00:00
  2099-Sep-26 16:00:00
  2099-Oct-14 09:00:00
  2099-Nov-01 01:00:00
  2099-Nov-18 18:00:00
  2099-Dec-06 10:00:00
  2099-Dec-24 02:00:00
Beginning Simulation...
  2100-Jan-10 01:00:00 (2.5%)
  2100-Jan-26 09:00:00 (7%)
  2100-Feb-11 17:00:00 (11.4%)
  2100-Feb-28 02:00:00 (15.9%)
  2100-Mar-16 10:00:00 (20.4%)
  2100-Apr-01 19:00:00 (24.9%)
  2100-Apr-18 03:00:00 (29.3%)
  2100-May-04 12:00:00 (33.8%)
  2100-May-20 20:00:00 (38.3%)
  2100-Jun-06 04:00:00 (42.8%)
  2100-Jun-22 13:00:00 (47.3%)
  2100-Jul-08 21:00:00 (51.7%)
  2100-Jul-25 06:00:00 (56.2%)
  2100-Aug-10 12:00:00 (60.7%)
  2100-Aug-26 21:00:00 (65.2%)
  2100-Sep-12 06:00:00 (69.7%)
  2100-Sep-28 14:00:00 (74.1%)
  2100-Oct-14 22:00:00 (78.6%)
  2100-Oct-31 07:00:00 (83.1%)
  2100-Nov-16 16:00:00 (87.6%)
  2100-Dec-03 01:00:00 (92.1%)
  2100-Dec-19 09:00:00 (96.5%)
  2100-Dec-31 23:00:00 (100%)
Finished Program: 2014-Nov-18 11:24:07.770435
Elapsed Time: 00:00:43.589829
