instance.yaml
kiva v0.2.0-21-g785bfe1
Copyright (C) 2012-2014 Big Ladder Software
Web: www.bigladdersoftware.com

Starting Program: 2014-Nov-18 11:06:23.807987
Creating Domain...
  X Cells: 117
  Y Cells: 1
  Z Cells: 132
  Total Cells: 15444
Initializing Temperatures...
  2098-Oct-01 23:00:00
  2099-Jan-08 16:00:00
  2099-Jan-25 09:00:00
  2099-Feb-11 02:00:00
  2099-Feb-27 18:00:00
  2099-Mar-16 10:00:00
  2099-Apr-02 03:00:00
  2099-Apr-18 20:00:00
  2099-May-05 13:00:00
  2099-May-22 06:00:00
  2099-Jun-07 22:00:00
  2099-Jun-24 15:00:00
  2099-Jul-11 08:00:00
  2099-Jul-28 01:00:00
  2099-Aug-13 17:00:00
  2099-Aug-30 10:00:00
  2099-Sep-16 03:00:00
  2099-Oct-02 20:00:00
  2099-Oct-19 13:00:00
  2099-Nov-05 05:00:00
  2099-Nov-21 22:00:00
  2099-Dec-08 15:00:00
  2099-Dec-25 08:00:00
Beginning Simulation...
  2100-Jan-09 22:00:00 (2.4%)
  2100-Jan-25 12:00:00 (6.7%)
  2100-Feb-10 02:00:00 (11%)
  2100-Feb-25 16:00:00 (15.3%)
  2100-Mar-13 06:00:00 (19.5%)
  2100-Mar-28 20:00:00 (23.8%)
  2100-Apr-13 10:00:00 (28.1%)
  2100-Apr-29 00:00:00 (32.3%)
  2100-May-14 10:00:00 (36.6%)
  2100-May-30 00:00:00 (40.8%)
  2100-Jun-14 13:00:00 (45.1%)
  2100-Jun-30 03:00:00 (49.3%)
  2100-Jul-15 17:00:00 (53.6%)
  2100-Jul-31 07:00:00 (57.9%)
  2100-Aug-15 21:00:00 (62.2%)
  2100-Aug-31 10:00:00 (66.4%)
  2100-Sep-16 00:00:00 (70.7%)
  2100-Oct-01 14:00:00 (75%)
  2100-Oct-17 04:00:00 (79.2%)
  2100-Nov-01 18:00:00 (83.5%)
  2100-Nov-17 08:00:00 (87.8%)
  2100-Dec-02 21:00:00 (92%)
  2100-Dec-18 11:00:00 (96.3%)
  2100-Dec-31 23:00:00 (100%)
Finished Program: 2014-Nov-18 11:07:09.867721
Elapsed Time: 00:00:46.059734
