instance.yaml
kiva v0.2.0-21-g785bfe1
Copyright (C) 2012-2014 Big Ladder Software
Web: www.bigladdersoftware.com

Starting Program: 2014-Nov-18 11:04:25.481338
Creating Domain...
  X Cells: 86
  Y Cells: 1
  Z Cells: 158
  Total Cells: 13588
Initializing Temperatures...
  2098-Dec-03 23:00:00
  2099-Jan-17 05:00:00
  2099-Feb-04 14:00:00
  2099-Feb-22 22:00:00
  2099-Mar-13 07:00:00
  2099-Mar-31 16:00:00
  2099-Apr-19 01:00:00
  2099-May-07 10:00:00
  2099-May-25 19:00:00
  2099-Jun-13 04:00:00
  2099-Jul-01 13:00:00
  2099-Jul-19 23:00:00
  2099-Aug-07 08:00:00
  2099-Aug-25 17:00:00
  2099-Sep-13 02:00:00
  2099-Oct-01 12:00:00
  2099-Oct-19 21:00:00
  2099-Nov-07 06:00:00
  2099-Nov-25 15:00:00
  2099-Dec-14 00:00:00
Beginning Simulation...
  2100-Jan-01 09:00:00 (0.1%)
  2100-Jan-17 23:00:00 (4.6%)
  2100-Feb-03 12:00:00 (9.2%)
  2100-Feb-20 02:00:00 (13.7%)
  2100-Mar-08 15:00:00 (18.3%)
  2100-Mar-25 05:00:00 (22.8%)
  2100-Apr-10 18:00:00 (27.3%)
  2100-Apr-27 08:00:00 (31.9%)
  2100-May-13 22:00:00 (36.4%)
  2100-May-30 13:00:00 (41%)
  2100-Jun-16 03:00:00 (45.5%)
  2100-Jul-02 17:00:00 (50.1%)
  2100-Jul-19 07:00:00 (54.6%)
  2100-Aug-04 20:00:00 (59.1%)
  2100-Aug-21 10:00:00 (63.7%)
  2100-Sep-06 22:00:00 (68.2%)
  2100-Sep-23 12:00:00 (72.7%)
  2100-Oct-10 02:00:00 (77.3%)
  2100-Oct-26 16:00:00 (81.8%)
  2100-Nov-12 06:00:00 (86.4%)
  2100-Nov-28 20:00:00 (90.9%)
  2100-Dec-15 10:00:00 (95.5%)
  2100-Dec-31 23:00:00 (100%)
Finished Program: 2014-Nov-18 11:05:07.998528
Elapsed Time: 00:00:42.517190
