instance.yaml
kiva v0.2.0-9-g526928a
Copyright (C) 2012-2014 Big Ladder Software
Web: www.bigladdersoftware.com

Starting Program: 2014-Oct-26 15:34:36.085240
Creating Domain...
  X Cells: 102
  Y Cells: 1
  Z Cells: 103
  Total Cells: 10506
Initializing Temperatures...
  2098-Dec-17 23:00:00
  2099-Jan-14 21:00:00
  2099-Feb-07 13:00:00
  2099-Mar-03 04:00:00
  2099-Mar-26 20:00:00
  2099-Apr-19 12:00:00
  2099-May-13 04:00:00
  2099-Jun-05 19:00:00
  2099-Jun-29 11:00:00
  2099-Jul-23 03:00:00
  2099-Aug-15 19:00:00
  2099-Sep-08 11:00:00
  2099-Oct-02 02:00:00
  2099-Oct-25 18:00:00
  2099-Nov-18 10:00:00
  2099-Dec-12 02:00:00
Beginning Simulation...
  2100-Jan-04 15:00:00 (1%)
  2100-Jan-27 20:00:00 (7.4%)
  2100-Feb-20 07:00:00 (13.8%)
  2100-Mar-15 18:00:00 (20.2%)
  2100-Apr-08 04:00:00 (26.6%)
  2100-May-01 15:00:00 (33%)
  2100-May-25 02:00:00 (39.5%)
  2100-Jun-17 13:00:00 (45.9%)
  2100-Jul-10 23:00:00 (52.3%)
  2100-Aug-03 10:00:00 (58.7%)
  2100-Aug-26 22:00:00 (65.2%)
  2100-Sep-19 09:00:00 (71.6%)
  2100-Oct-12 20:00:00 (78%)
  2100-Nov-05 07:00:00 (84.5%)
  2100-Nov-28 17:00:00 (90.9%)
  2100-Dec-22 04:00:00 (97.3%)
  2100-Dec-31 23:00:00 (100%)
Finished Program: 2014-Oct-26 15:35:08.418117
Elapsed Time: 00:00:32.332877
