instance.yaml
kiva v0.2.0-21-g785bfe1
Copyright (C) 2012-2014 Big Ladder Software
Web: www.bigladdersoftware.com

Starting Program: 2014-Nov-18 11:28:27.332888
Creating Domain...
  X Cells: 106
  Y Cells: 1
  Z Cells: 125
  Total Cells: 13250
Initializing Temperatures...
  2099-Jan-01 21:00:00
  2099-Jan-21 04:00:00
  2099-Feb-09 10:00:00
  2099-Feb-28 17:00:00
  2099-Mar-20 00:00:00
  2099-Apr-08 07:00:00
  2099-Apr-27 14:00:00
  2099-May-16 21:00:00
  2099-Jun-05 04:00:00
  2099-Jun-24 11:00:00
  2099-Jul-13 18:00:00
  2099-Aug-02 01:00:00
  2099-Aug-21 08:00:00
  2099-Sep-09 16:00:00
  2099-Sep-28 23:00:00
  2099-Oct-18 06:00:00
  2099-Nov-06 14:00:00
  2099-Nov-25 21:00:00
  2099-Dec-15 04:00:00
Beginning Simulation...
  2100-Jan-03 07:00:00 (0.6%)
  2100-Jan-21 02:00:00 (5.5%)
  2100-Feb-07 22:00:00 (10.4%)
  2100-Feb-25 18:00:00 (15.3%)
  2100-Mar-15 14:00:00 (20.2%)
  2100-Apr-02 10:00:00 (25%)
  2100-Apr-20 07:00:00 (29.9%)
  2100-May-08 03:00:00 (34.8%)
  2100-May-26 00:00:00 (39.7%)
  2100-Jun-12 20:00:00 (44.6%)
  2100-Jun-30 17:00:00 (49.5%)
  2100-Jul-18 12:00:00 (54.4%)
  2100-Aug-05 09:00:00 (59.3%)
  2100-Aug-23 03:00:00 (64.1%)
  2100-Sep-10 00:00:00 (69%)
  2100-Sep-27 20:00:00 (73.9%)
  2100-Oct-15 17:00:00 (78.8%)
  2100-Nov-02 14:00:00 (83.7%)
  2100-Nov-20 11:00:00 (88.6%)
  2100-Dec-08 07:00:00 (93.5%)
  2100-Dec-26 04:00:00 (98.4%)
  2100-Dec-31 23:00:00 (100%)
Finished Program: 2014-Nov-18 11:29:07.326644
Elapsed Time: 00:00:39.993756
