instance.yaml
kiva v0.2.0-21-g785bfe1
Copyright (C) 2012-2014 Big Ladder Software
Web: www.bigladdersoftware.com

Starting Program: 2014-Nov-18 11:31:26.141079
Creating Domain...
  X Cells: 98
  Y Cells: 1
  Z Cells: 96
  Total Cells: 9408
Initializing Temperatures...
  2099-Jan-09 17:00:00
  2099-Feb-03 12:00:00
  2099-Feb-28 09:00:00
  2099-Mar-25 06:00:00
  2099-Apr-19 03:00:00
  2099-May-14 00:00:00
  2099-Jun-07 22:00:00
  2099-Jul-02 19:00:00
  2099-Jul-27 16:00:00
  2099-Aug-21 13:00:00
  2099-Sep-15 10:00:00
  2099-Oct-10 07:00:00
  2099-Nov-04 05:00:00
  2099-Nov-29 02:00:00
  2099-Dec-23 23:00:00
Beginning Simulation...
  2100-Jan-17 09:00:00 (4.5%)
  2100-Feb-10 12:00:00 (11.1%)
  2100-Mar-06 16:00:00 (17.7%)
  2100-Mar-30 19:00:00 (24.3%)
  2100-Apr-23 22:00:00 (30.9%)
  2100-May-18 02:00:00 (37.6%)
  2100-Jun-11 05:00:00 (44.2%)
  2100-Jul-05 09:00:00 (50.8%)
  2100-Jul-29 13:00:00 (57.4%)
  2100-Aug-22 16:00:00 (64%)
  2100-Sep-15 20:00:00 (70.6%)
  2100-Oct-10 00:00:00 (77.3%)
  2100-Nov-03 03:00:00 (83.9%)
  2100-Nov-27 07:00:00 (90.5%)
  2100-Dec-21 10:00:00 (97.1%)
  2100-Dec-31 23:00:00 (100%)
Finished Program: 2014-Nov-18 11:31:56.436786
Elapsed Time: 00:00:30.295707
