instance.yaml
kiva v0.2.0-22-gd89b213
Copyright (C) 2012-2014 Big Ladder Software
Web: www.bigladdersoftware.com

Starting Program: 2014-Nov-19 10:36:43.302486
Creating Domain...
  X Cells: 178
  Y Cells: 1
  Z Cells: 113
  Total Cells: 20114
Initializing Temperatures...
  2098-Dec-03 23:00:00
  2099-Jan-09 21:00:00
  2099-Jan-21 02:00:00
  2099-Feb-01 06:00:00
  2099-Feb-12 11:00:00
  2099-Feb-23 15:00:00
  2099-Mar-06 20:00:00
  2099-Mar-18 00:00:00
  2099-Mar-29 05:00:00
  2099-Apr-09 09:00:00
  2099-Apr-20 16:00:00
  2099-May-01 22:00:00
  2099-May-13 04:00:00
  2099-May-24 11:00:00
  2099-Jun-04 17:00:00
  2099-Jun-16 00:00:00
  2099-Jun-27 06:00:00
  2099-Jul-08 12:00:00
  2099-Jul-19 18:00:00
  2099-Jul-31 00:00:00
  2099-Aug-11 07:00:00
  2099-Aug-22 13:00:00
  2099-Sep-02 20:00:00
  2099-Sep-14 02:00:00
  2099-Sep-25 08:00:00
  2099-Oct-06 15:00:00
  2099-Oct-17 21:00:00
  2099-Oct-29 04:00:00
  2099-Nov-09 10:00:00
  2099-Nov-20 17:00:00
  2099-Dec-01 23:00:00
  2099-Dec-13 05:00:00
  2099-Dec-24 12:00:00
Beginning Simulation...
  2100-Jan-04 17:00:00 (1%)
  2100-Jan-15 18:00:00 (4%)
  2100-Jan-26 19:00:00 (7.1%)
  2100-Feb-06 20:00:00 (10.1%)
  2100-Feb-17 21:00:00 (13.1%)
  2100-Feb-28 22:00:00 (16.1%)
  2100-Mar-11 23:00:00 (19.2%)
  2100-Mar-23 00:00:00 (22.2%)
  2100-Apr-03 01:00:00 (25.2%)
  2100-Apr-14 02:00:00 (28.2%)
  2100-Apr-25 03:00:00 (31.3%)
  2100-May-06 04:00:00 (34.3%)
  2100-May-17 05:00:00 (37.3%)
  2100-May-28 06:00:00 (40.3%)
  2100-Jun-08 08:00:00 (43.4%)
  2100-Jun-19 09:00:00 (46.4%)
  2100-Jun-30 10:00:00 (49.4%)
  2100-Jul-11 11:00:00 (52.5%)
  2100-Jul-22 12:00:00 (55.5%)
  2100-Aug-02 13:00:00 (58.5%)
  2100-Aug-13 14:00:00 (61.5%)
  2100-Aug-24 15:00:00 (64.6%)
  2100-Sep-04 17:00:00 (67.6%)
  2100-Sep-15 18:00:00 (70.6%)
  2100-Sep-26 19:00:00 (73.6%)
  2100-Oct-07 20:00:00 (76.7%)
  2100-Oct-18 21:00:00 (79.7%)
  2100-Oct-29 23:00:00 (82.7%)
  2100-Nov-10 00:00:00 (85.8%)
  2100-Nov-21 01:00:00 (88.8%)
  2100-Dec-02 01:00:00 (91.8%)
  2100-Dec-13 02:00:00 (94.8%)
  2100-Dec-24 04:00:00 (97.9%)
  2100-Dec-31 23:00:00 (100%)
Finished Program: 2014-Nov-19 10:37:49.709330
Elapsed Time: 00:01:06.406844
