instance.yaml
kiva v0.2.0-20-g4c7c200
Copyright (C) 2012-2014 Big Ladder Software
Web: www.bigladdersoftware.com

Starting Program: 2014-Nov-17 14:15:17.022937
Creating Domain...
  X Cells: 87
  Y Cells: 1
  Z Cells: 133
  Total Cells: 11571
Initializing Temperatures...
  2099-Jan-07 23:00:00
  2099-Jan-28 01:00:00
  2099-Feb-17 03:00:00
  2099-Mar-09 05:00:00
  2099-Mar-29 07:00:00
  2099-Apr-18 08:00:00
  2099-May-08 10:00:00
  2099-May-28 12:00:00
  2099-Jun-17 14:00:00
  2099-Jul-07 16:00:00
  2099-Jul-27 18:00:00
  2099-Aug-16 20:00:00
  2099-Sep-05 22:00:00
  2099-Sep-26 00:00:00
  2099-Oct-16 02:00:00
  2099-Nov-05 04:00:00
  2099-Nov-25 07:00:00
  2099-Dec-15 09:00:00
Beginning Simulation...
  2100-Jan-04 04:00:00 (0.9%)
  2100-Jan-22 13:00:00 (5.9%)
  2100-Feb-09 23:00:00 (10.9%)
  2100-Feb-28 08:00:00 (16%)
  2100-Mar-18 17:00:00 (21%)
  2100-Apr-06 03:00:00 (26.1%)
  2100-Apr-24 12:00:00 (31.1%)
  2100-May-12 20:00:00 (36.1%)
  2100-May-31 05:00:00 (41.2%)
  2100-Jun-18 15:00:00 (46.2%)
  2100-Jul-07 01:00:00 (51.2%)
  2100-Jul-25 11:00:00 (56.3%)
  2100-Aug-12 21:00:00 (61.3%)
  2100-Aug-31 04:00:00 (66.3%)
  2100-Sep-18 14:00:00 (71.4%)
  2100-Oct-07 00:00:00 (76.4%)
  2100-Oct-25 10:00:00 (81.5%)
  2100-Nov-12 20:00:00 (86.5%)
  2100-Dec-01 05:00:00 (91.6%)
  2100-Dec-19 15:00:00 (96.6%)
  2100-Dec-31 23:00:00 (100%)
Finished Program: 2014-Nov-17 14:15:55.670904
Elapsed Time: 00:00:38.647967
