instance.yaml
kiva v0.2.0-19-ge248292
Copyright (C) 2012-2014 Big Ladder Software
Web: www.bigladdersoftware.com

Starting Program: 2014-Nov-17 08:45:13.992355
Creating Domain...
  X Cells: 187
  Y Cells: 1
  Z Cells: 158
  Total Cells: 29546
Initializing Temperatures...
  2098-Dec-17 23:00:00
  2099-Jan-07 00:00:00
  2099-Jan-14 05:00:00
  2099-Jan-21 09:00:00
  2099-Jan-28 14:00:00
  2099-Feb-04 19:00:00
  2099-Feb-12 00:00:00
  2099-Feb-19 04:00:00
  2099-Feb-26 09:00:00
  2099-Mar-05 14:00:00
  2099-Mar-12 18:00:00
  2099-Mar-19 23:00:00
  2099-Mar-27 04:00:00
  2099-Apr-03 08:00:00
  2099-Apr-10 13:00:00
  2099-Apr-17 18:00:00
  2099-Apr-24 22:00:00
  2099-May-02 05:00:00
  2099-May-09 18:00:00
  2099-May-17 06:00:00
  2099-May-24 19:00:00
  2099-Jun-01 08:00:00
  2099-Jun-08 21:00:00
  2099-Jun-16 09:00:00
  2099-Jun-23 22:00:00
  2099-Jul-01 11:00:00
  2099-Jul-09 00:00:00
  2099-Jul-16 12:00:00
  2099-Jul-24 01:00:00
  2099-Jul-31 12:00:00
  2099-Aug-08 01:00:00
  2099-Aug-15 14:00:00
  2099-Aug-23 02:00:00
  2099-Aug-30 14:00:00
  2099-Sep-07 03:00:00
  2099-Sep-14 16:00:00
  2099-Sep-22 04:00:00
  2099-Sep-29 17:00:00
  2099-Oct-07 06:00:00
  2099-Oct-14 18:00:00
  2099-Oct-22 07:00:00
  2099-Oct-29 20:00:00
  2099-Nov-06 09:00:00
  2099-Nov-13 22:00:00
  2099-Nov-21 10:00:00
  2099-Nov-28 23:00:00
  2099-Dec-06 12:00:00
  2099-Dec-14 01:00:00
  2099-Dec-21 13:00:00
  2099-Dec-29 02:00:00
Beginning Simulation...
  2100-Jan-05 06:00:00 (1.2%)
  2100-Jan-12 04:00:00 (3.1%)
  2100-Jan-19 01:00:00 (4.9%)
  2100-Jan-25 23:00:00 (6.8%)
  2100-Feb-01 21:00:00 (8.7%)
  2100-Feb-08 18:00:00 (10.6%)
  2100-Feb-15 16:00:00 (12.5%)
  2100-Feb-22 14:00:00 (14.4%)
  2100-Mar-01 12:00:00 (16.3%)
  2100-Mar-08 09:00:00 (18.2%)
  2100-Mar-15 07:00:00 (20.1%)
  2100-Mar-22 05:00:00 (22%)
  2100-Mar-29 03:00:00 (23.9%)
  2100-Apr-05 00:00:00 (25.8%)
  2100-Apr-11 22:00:00 (27.6%)
  2100-Apr-18 19:00:00 (29.5%)
  2100-Apr-25 17:00:00 (31.4%)
  2100-May-02 15:00:00 (33.3%)
  2100-May-09 13:00:00 (35.2%)
  2100-May-16 10:00:00 (37.1%)
  2100-May-23 08:00:00 (39%)
  2100-May-30 06:00:00 (40.9%)
  2100-Jun-06 04:00:00 (42.8%)
  2100-Jun-13 02:00:00 (44.7%)
  2100-Jun-19 22:00:00 (46.6%)
  2100-Jun-26 20:00:00 (48.4%)
  2100-Jul-03 18:00:00 (50.3%)
  2100-Jul-10 16:00:00 (52.2%)
  2100-Jul-17 13:00:00 (54.1%)
  2100-Jul-24 11:00:00 (56%)
  2100-Jul-31 09:00:00 (57.9%)
  2100-Aug-07 07:00:00 (59.8%)
  2100-Aug-14 05:00:00 (61.7%)
  2100-Aug-19 13:00:00 (63.2%)
  2100-Aug-25 07:00:00 (64.7%)
  2100-Sep-01 05:00:00 (66.6%)
  2100-Sep-08 03:00:00 (68.5%)
  2100-Sep-15 01:00:00 (70.4%)
  2100-Sep-21 23:00:00 (72.3%)
  2100-Sep-28 20:00:00 (74.2%)
  2100-Oct-05 18:00:00 (76.1%)
  2100-Oct-12 15:00:00 (78%)
  2100-Oct-19 13:00:00 (79.9%)
  2100-Oct-26 11:00:00 (81.8%)
  2100-Nov-02 09:00:00 (83.7%)
  2100-Nov-09 07:00:00 (85.6%)
  2100-Nov-16 05:00:00 (87.5%)
  2100-Nov-23 03:00:00 (89.3%)
  2100-Nov-30 00:00:00 (91.2%)
  2100-Dec-06 22:00:00 (93.1%)
  2100-Dec-13 20:00:00 (95%)
  2100-Dec-20 17:00:00 (96.9%)
  2100-Dec-27 15:00:00 (98.8%)
  2100-Dec-31 23:00:00 (100%)
Finished Program: 2014-Nov-17 08:46:57.629749
Elapsed Time: 00:01:43.637394
