instance.yaml
kiva v0.2.0-19-ge248292
Copyright (C) 2012-2014 Big Ladder Software
Web: www.bigladdersoftware.com

Starting Program: 2014-Nov-17 08:47:17.184739
Creating Domain...
  X Cells: 99
  Y Cells: 1
  Z Cells: 96
  Total Cells: 9504
Initializing Temperatures...
  2099-Jan-06 04:00:00
  2099-Jan-29 05:00:00
  2099-Feb-21 06:00:00
  2099-Mar-16 08:00:00
  2099-Apr-08 09:00:00
  2099-May-01 11:00:00
  2099-May-24 12:00:00
  2099-Jun-16 14:00:00
  2099-Jul-09 15:00:00
  2099-Aug-01 17:00:00
  2099-Aug-24 18:00:00
  2099-Sep-16 20:00:00
  2099-Oct-09 21:00:00
  2099-Nov-01 23:00:00
  2099-Nov-25 01:00:00
  2099-Dec-18 02:00:00
Beginning Simulation...
  2100-Jan-09 22:00:00 (2.4%)
  2100-Feb-01 08:00:00 (8.6%)
  2100-Feb-23 18:00:00 (14.7%)
  2100-Mar-18 03:00:00 (20.9%)
  2100-Apr-09 13:00:00 (27%)
  2100-May-02 00:00:00 (33.2%)
  2100-May-24 10:00:00 (39.3%)
  2100-Jun-15 20:00:00 (45.4%)
  2100-Jul-08 07:00:00 (51.6%)
  2100-Jul-30 17:00:00 (57.7%)
  2100-Aug-22 03:00:00 (63.9%)
  2100-Sep-13 13:00:00 (70%)
  2100-Oct-05 23:00:00 (76.2%)
  2100-Oct-28 09:00:00 (82.3%)
  2100-Nov-19 19:00:00 (88.4%)
  2100-Dec-12 06:00:00 (94.6%)
  2100-Dec-31 23:00:00 (100%)
Finished Program: 2014-Nov-17 08:47:49.880651
Elapsed Time: 00:00:32.695912
