instance.yaml
kiva v0.2.0-20-g4c7c200
Copyright (C) 2012-2014 Big Ladder Software
Web: www.bigladdersoftware.com

Starting Program: 2014-Nov-17 14:09:17.765308
Creating Domain...
  X Cells: 125
  Y Cells: 1
  Z Cells: 103
  Total Cells: 12875
Initializing Temperatures...
  2098-Oct-01 23:00:00
  2099-Jan-10 13:00:00
  2099-Jan-28 00:00:00
  2099-Feb-14 10:00:00
  2099-Mar-03 21:00:00
  2099-Mar-21 07:00:00
  2099-Apr-07 18:00:00
  2099-Apr-25 04:00:00
  2099-May-12 15:00:00
  2099-May-30 02:00:00
  2099-Jun-16 12:00:00
  2099-Jul-03 23:00:00
  2099-Jul-21 09:00:00
  2099-Aug-07 20:00:00
  2099-Aug-25 06:00:00
  2099-Sep-11 17:00:00
  2099-Sep-29 03:00:00
  2099-Oct-16 14:00:00
  2099-Nov-03 00:00:00
  2099-Nov-20 11:00:00
  2099-Dec-07 22:00:00
  2099-Dec-25 08:00:00
Beginning Simulation...
  2100-Jan-11 12:00:00 (2.9%)
  2100-Jan-28 12:00:00 (7.5%)
  2100-Feb-14 12:00:00 (12.2%)
  2100-Mar-03 11:00:00 (16.8%)
  2100-Mar-20 11:00:00 (21.5%)
  2100-Apr-06 11:00:00 (26.2%)
  2100-Apr-23 11:00:00 (30.8%)
  2100-May-10 11:00:00 (35.5%)
  2100-May-27 10:00:00 (40.1%)
  2100-Jun-13 10:00:00 (44.8%)
  2100-Jun-30 09:00:00 (49.4%)
  2100-Jul-17 09:00:00 (54.1%)
  2100-Aug-03 09:00:00 (58.7%)
  2100-Aug-20 08:00:00 (63.4%)
  2100-Sep-06 08:00:00 (68%)
  2100-Sep-23 08:00:00 (72.7%)
  2100-Oct-10 08:00:00 (77.4%)
  2100-Oct-27 08:00:00 (82%)
  2100-Nov-13 08:00:00 (86.7%)
  2100-Nov-30 10:00:00 (91.3%)
  2100-Dec-17 13:00:00 (96%)
  2100-Dec-31 23:00:00 (100%)
Finished Program: 2014-Nov-17 14:10:00.839603
Elapsed Time: 00:00:43.074295
