instance.yaml
kiva v0.2.0-20-g4c7c200
Copyright (C) 2012-2014 Big Ladder Software
Web: www.bigladdersoftware.com

Starting Program: 2014-Nov-17 14:19:21.876985
Creating Domain...
  X Cells: 167
  Y Cells: 1
  Z Cells: 133
  Total Cells: 22211
Initializing Temperatures...
  2099-Jan-01 17:00:00
  2099-Jan-12 08:00:00
  2099-Jan-23 01:00:00
  2099-Feb-02 18:00:00
  2099-Feb-13 11:00:00
  2099-Feb-24 04:00:00
  2099-Mar-06 20:00:00
  2099-Mar-17 13:00:00
  2099-Mar-28 06:00:00
  2099-Apr-07 23:00:00
  2099-Apr-18 16:00:00
  2099-Apr-29 09:00:00
  2099-May-10 02:00:00
  2099-May-20 19:00:00
  2099-May-31 13:00:00
  2099-Jun-11 06:00:00
  2099-Jun-21 23:00:00
  2099-Jul-02 16:00:00
  2099-Jul-13 10:00:00
  2099-Jul-24 03:00:00
  2099-Aug-03 19:00:00
  2099-Aug-14 12:00:00
  2099-Aug-25 05:00:00
  2099-Sep-04 23:00:00
  2099-Sep-15 16:00:00
  2099-Sep-26 09:00:00
  2099-Oct-07 02:00:00
  2099-Oct-17 20:00:00
  2099-Oct-28 14:00:00
  2099-Nov-08 08:00:00
  2099-Nov-19 02:00:00
  2099-Nov-29 21:00:00
  2099-Dec-10 15:00:00
  2099-Dec-21 09:00:00
Beginning Simulation...
  2100-Jan-01 03:00:00 (0%)
  2100-Jan-11 00:00:00 (2.7%)
  2100-Jan-20 22:00:00 (5.5%)
  2100-Jan-30 22:00:00 (8.2%)
  2100-Feb-09 22:00:00 (10.9%)
  2100-Feb-19 22:00:00 (13.7%)
  2100-Mar-01 22:00:00 (16.4%)
  2100-Mar-11 22:00:00 (19.2%)
  2100-Mar-21 22:00:00 (21.9%)
  2100-Mar-31 22:00:00 (24.6%)
  2100-Apr-10 22:00:00 (27.4%)
  2100-Apr-20 23:00:00 (30.1%)
  2100-Apr-30 23:00:00 (32.9%)
  2100-May-10 23:00:00 (35.6%)
  2100-May-21 00:00:00 (38.4%)
  2100-May-31 00:00:00 (41.1%)
  2100-Jun-10 01:00:00 (43.8%)
  2100-Jun-20 01:00:00 (46.6%)
  2100-Jun-30 01:00:00 (49.3%)
  2100-Jul-10 02:00:00 (52.1%)
  2100-Jul-20 02:00:00 (54.8%)
  2100-Jul-30 02:00:00 (57.6%)
  2100-Aug-09 03:00:00 (60.3%)
  2100-Aug-19 03:00:00 (63%)
  2100-Aug-29 03:00:00 (65.8%)
  2100-Sep-08 04:00:00 (68.5%)
  2100-Sep-18 04:00:00 (71.3%)
  2100-Sep-28 05:00:00 (74%)
  2100-Oct-08 05:00:00 (76.8%)
  2100-Oct-18 05:00:00 (79.5%)
  2100-Oct-28 06:00:00 (82.3%)
  2100-Nov-07 05:00:00 (85%)
  2100-Nov-17 04:00:00 (87.7%)
  2100-Nov-27 04:00:00 (90.5%)
  2100-Dec-07 05:00:00 (93.2%)
  2100-Dec-17 05:00:00 (95.9%)
  2100-Dec-27 05:00:00 (98.7%)
  2100-Dec-31 23:00:00 (100%)
Finished Program: 2014-Nov-17 14:20:33.475400
Elapsed Time: 00:01:11.598415
