instance.yaml
kiva v0.2.0-9-g526928a
Copyright (C) 2012-2014 Big Ladder Software
Web: www.bigladdersoftware.com

Starting Program: 2014-Nov-15 12:23:47.463683
Creating Domain...
  X Cells: 188
  Y Cells: 1
  Z Cells: 127
  Total Cells: 23876
Initializing Temperatures...
  2098-Nov-05 23:00:00
  2099-Jan-06 14:00:00
  2099-Jan-16 01:00:00
  2099-Jan-25 11:00:00
  2099-Feb-03 22:00:00
  2099-Feb-13 08:00:00
  2099-Feb-22 19:00:00
  2099-Mar-04 05:00:00
  2099-Mar-13 16:00:00
  2099-Mar-23 02:00:00
  2099-Apr-01 13:00:00
  2099-Apr-10 23:00:00
  2099-Apr-20 09:00:00
  2099-Apr-29 20:00:00
  2099-May-09 06:00:00
  2099-May-18 17:00:00
  2099-May-28 03:00:00
  2099-Jun-06 14:00:00
  2099-Jun-16 00:00:00
  2099-Jun-25 11:00:00
  2099-Jul-04 22:00:00
  2099-Jul-14 08:00:00
  2099-Jul-23 19:00:00
  2099-Aug-02 05:00:00
  2099-Aug-11 16:00:00
  2099-Aug-21 02:00:00
  2099-Aug-30 13:00:00
  2099-Sep-08 23:00:00
  2099-Sep-18 10:00:00
  2099-Sep-27 21:00:00
  2099-Oct-07 07:00:00
  2099-Oct-16 18:00:00
  2099-Oct-26 05:00:00
  2099-Nov-04 15:00:00
  2099-Nov-14 02:00:00
  2099-Nov-23 13:00:00
  2099-Dec-02 23:00:00
  2099-Dec-12 10:00:00
  2099-Dec-21 20:00:00
  2099-Dec-31 07:00:00
Beginning Simulation...
  2100-Jan-09 04:00:00 (2.2%)
  2100-Jan-17 23:00:00 (4.6%)
  2100-Jan-26 18:00:00 (7.1%)
  2100-Feb-04 13:00:00 (9.5%)
  2100-Feb-13 08:00:00 (11.9%)
  2100-Feb-22 03:00:00 (14.3%)
  2100-Mar-02 23:00:00 (16.7%)
  2100-Mar-11 18:00:00 (19.1%)
  2100-Mar-20 13:00:00 (21.5%)
  2100-Mar-29 08:00:00 (23.9%)
  2100-Apr-07 03:00:00 (26.3%)
  2100-Apr-15 22:00:00 (28.7%)
  2100-Apr-24 18:00:00 (31.2%)
  2100-May-03 13:00:00 (33.6%)
  2100-May-12 08:00:00 (36%)
  2100-May-21 03:00:00 (38.4%)
  2100-May-29 23:00:00 (40.8%)
  2100-Jun-07 17:00:00 (43.2%)
  2100-Jun-16 13:00:00 (45.6%)
  2100-Jun-25 08:00:00 (48%)
  2100-Jul-04 06:00:00 (50.5%)
  2100-Jul-13 05:00:00 (52.9%)
  2100-Jul-22 04:00:00 (55.4%)
  2100-Jul-31 03:00:00 (57.8%)
  2100-Aug-09 02:00:00 (60.3%)
  2100-Aug-18 01:00:00 (62.8%)
  2100-Aug-27 01:00:00 (65.2%)
  2100-Sep-05 00:00:00 (67.7%)
  2100-Sep-13 23:00:00 (70.1%)
  2100-Sep-22 22:00:00 (72.6%)
  2100-Oct-01 21:00:00 (75%)
  2100-Oct-10 20:00:00 (77.5%)
  2100-Oct-19 19:00:00 (79.9%)
  2100-Oct-28 18:00:00 (82.4%)
  2100-Nov-06 16:00:00 (84.8%)
  2100-Nov-15 15:00:00 (87.3%)
  2100-Nov-24 14:00:00 (89.7%)
  2100-Dec-03 13:00:00 (92.2%)
  2100-Dec-12 12:00:00 (94.7%)
  2100-Dec-21 11:00:00 (97.1%)
  2100-Dec-30 10:00:00 (99.6%)
  2100-Dec-31 23:00:00 (100%)
Finished Program: 2014-Nov-15 12:25:08.174712
Elapsed Time: 00:01:20.711029
