instance.yaml
kiva v0.2.0-22-gd89b213
Copyright (C) 2012-2014 Big Ladder Software
Web: www.bigladdersoftware.com

Starting Program: 2014-Nov-19 10:39:42.064247
Creating Domain...
  X Cells: 160
  Y Cells: 1
  Z Cells: 113
  Total Cells: 18080
Initializing Temperatures...
  2099-Jan-02 00:00:00
  2099-Jan-15 02:00:00
  2099-Jan-28 04:00:00
  2099-Feb-10 07:00:00
  2099-Feb-23 09:00:00
  2099-Mar-08 11:00:00
  2099-Mar-21 14:00:00
  2099-Apr-03 16:00:00
  2099-Apr-16 19:00:00
  2099-Apr-29 21:00:00
  2099-May-12 23:00:00
  2099-May-26 02:00:00
  2099-Jun-08 04:00:00
  2099-Jun-21 07:00:00
  2099-Jul-04 09:00:00
  2099-Jul-17 12:00:00
  2099-Jul-30 14:00:00
  2099-Aug-12 16:00:00
  2099-Aug-25 19:00:00
  2099-Sep-07 21:00:00
  2099-Sep-21 00:00:00
  2099-Oct-04 02:00:00
  2099-Oct-17 05:00:00
  2099-Oct-30 07:00:00
  2099-Nov-12 10:00:00
  2099-Nov-25 12:00:00
  2099-Dec-08 15:00:00
  2099-Dec-21 17:00:00
Beginning Simulation...
  2100-Jan-03 18:00:00 (0.8%)
  2100-Jan-16 14:00:00 (4.3%)
  2100-Jan-29 10:00:00 (7.8%)
  2100-Feb-11 05:00:00 (11.3%)
  2100-Feb-24 01:00:00 (14.8%)
  2100-Mar-08 21:00:00 (18.3%)
  2100-Mar-21 16:00:00 (21.8%)
  2100-Apr-03 12:00:00 (25.3%)
  2100-Apr-16 07:00:00 (28.8%)
  2100-Apr-29 03:00:00 (32.4%)
  2100-May-11 23:00:00 (35.9%)
  2100-May-24 19:00:00 (39.4%)
  2100-Jun-06 14:00:00 (42.9%)
  2100-Jun-19 10:00:00 (46.4%)
  2100-Jul-02 06:00:00 (49.9%)
  2100-Jul-15 02:00:00 (53.4%)
  2100-Jul-27 22:00:00 (57%)
  2100-Aug-09 18:00:00 (60.5%)
  2100-Aug-22 13:00:00 (64%)
  2100-Sep-04 09:00:00 (67.5%)
  2100-Sep-17 05:00:00 (71%)
  2100-Sep-30 01:00:00 (74.5%)
  2100-Oct-12 21:00:00 (78%)
  2100-Oct-25 17:00:00 (81.6%)
  2100-Nov-07 15:00:00 (85.1%)
  2100-Nov-20 14:00:00 (88.7%)
  2100-Dec-03 13:00:00 (92.2%)
  2100-Dec-16 13:00:00 (95.8%)
  2100-Dec-29 12:00:00 (99.3%)
  2100-Dec-31 23:00:00 (100%)
Finished Program: 2014-Nov-19 10:40:39.191270
Elapsed Time: 00:00:57.127023
