instance.yaml
kiva v0.2.0-9-g526928a
Copyright (C) 2012-2014 Big Ladder Software
Web: www.bigladdersoftware.com

Starting Program: 2014-Nov-15 12:21:44.753002
Creating Domain...
  X Cells: 187
  Y Cells: 1
  Z Cells: 133
  Total Cells: 24871
Initializing Temperatures...
  2098-Oct-01 23:00:00
  2099-Jan-02 09:00:00
  2099-Jan-11 15:00:00
  2099-Jan-20 21:00:00
  2099-Jan-30 04:00:00
  2099-Feb-08 10:00:00
  2099-Feb-17 16:00:00
  2099-Feb-26 23:00:00
  2099-Mar-08 05:00:00
  2099-Mar-17 11:00:00
  2099-Mar-26 18:00:00
  2099-Apr-05 00:00:00
  2099-Apr-14 06:00:00
  2099-Apr-23 13:00:00
  2099-May-02 19:00:00
  2099-May-12 02:00:00
  2099-May-21 08:00:00
  2099-May-30 15:00:00
  2099-Jun-08 21:00:00
  2099-Jun-18 03:00:00
  2099-Jun-27 10:00:00
  2099-Jul-06 17:00:00
  2099-Jul-15 22:00:00
  2099-Jul-25 04:00:00
  2099-Aug-03 11:00:00
  2099-Aug-12 17:00:00
  2099-Aug-22 00:00:00
  2099-Aug-31 06:00:00
  2099-Sep-09 13:00:00
  2099-Sep-18 19:00:00
  2099-Sep-28 02:00:00
  2099-Oct-07 08:00:00
  2099-Oct-16 15:00:00
  2099-Oct-25 21:00:00
  2099-Nov-04 03:00:00
  2099-Nov-13 10:00:00
  2099-Nov-22 17:00:00
  2099-Dec-01 23:00:00
  2099-Dec-11 05:00:00
  2099-Dec-20 12:00:00
  2099-Dec-29 18:00:00
Beginning Simulation...
  2100-Jan-07 13:00:00 (1.8%)
  2100-Jan-16 05:00:00 (4.2%)
  2100-Jan-24 20:00:00 (6.5%)
  2100-Feb-02 11:00:00 (8.9%)
  2100-Feb-11 02:00:00 (11.3%)
  2100-Feb-19 17:00:00 (13.6%)
  2100-Feb-28 08:00:00 (16%)
  2100-Mar-08 23:00:00 (18.3%)
  2100-Mar-17 15:00:00 (20.7%)
  2100-Mar-26 06:00:00 (23.1%)
  2100-Apr-03 21:00:00 (25.4%)
  2100-Apr-12 12:00:00 (27.8%)
  2100-Apr-21 03:00:00 (30.2%)
  2100-Apr-29 19:00:00 (32.5%)
  2100-May-08 10:00:00 (34.9%)
  2100-May-17 01:00:00 (37.3%)
  2100-May-25 17:00:00 (39.6%)
  2100-Jun-03 08:00:00 (42%)
  2100-Jun-11 23:00:00 (44.4%)
  2100-Jun-20 17:00:00 (46.8%)
  2100-Jun-29 12:00:00 (49.2%)
  2100-Jul-08 06:00:00 (51.6%)
  2100-Jul-17 01:00:00 (54%)
  2100-Jul-25 19:00:00 (56.4%)
  2100-Aug-03 14:00:00 (58.8%)
  2100-Aug-12 08:00:00 (61.2%)
  2100-Aug-21 03:00:00 (63.6%)
  2100-Aug-29 22:00:00 (66%)
  2100-Sep-07 16:00:00 (68.4%)
  2100-Sep-16 11:00:00 (70.8%)
  2100-Sep-25 05:00:00 (73.2%)
  2100-Oct-04 00:00:00 (75.6%)
  2100-Oct-12 17:00:00 (78%)
  2100-Oct-21 12:00:00 (80.4%)
  2100-Oct-30 07:00:00 (82.8%)
  2100-Nov-08 01:00:00 (85.2%)
  2100-Nov-16 20:00:00 (87.6%)
  2100-Nov-25 14:00:00 (90%)
  2100-Dec-04 09:00:00 (92.4%)
  2100-Dec-13 04:00:00 (94.8%)
  2100-Dec-21 22:00:00 (97.2%)
  2100-Dec-30 17:00:00 (99.6%)
  2100-Dec-31 23:00:00 (100%)
Finished Program: 2014-Nov-15 12:23:07.146148
Elapsed Time: 00:01:22.393146
