instance.yaml
kiva v0.2.0-20-g4c7c200
Copyright (C) 2012-2014 Big Ladder Software
Web: www.bigladdersoftware.com

Starting Program: 2014-Nov-17 14:07:21.044621
Creating Domain...
  X Cells: 97
  Y Cells: 1
  Z Cells: 133
  Total Cells: 12901
Initializing Temperatures...
Warning: Solution did not converge after 849 iterations.
  The final residual was: 0.000258142
  Solver status: 2
  2099-Jan-05 03:00:00
  2099-Jan-23 04:00:00
  2099-Feb-10 06:00:00
  2099-Feb-28 08:00:00
  2099-Mar-18 10:00:00
  2099-Apr-05 11:00:00
  2099-Apr-23 14:00:00
  2099-May-11 16:00:00
  2099-May-29 23:00:00
  2099-Jun-17 10:00:00
  2099-Jul-05 21:00:00
  2099-Jul-24 08:00:00
  2099-Aug-11 20:00:00
  2099-Aug-30 07:00:00
  2099-Sep-17 18:00:00
  2099-Oct-06 06:00:00
  2099-Oct-24 17:00:00
  2099-Nov-12 04:00:00
  2099-Nov-30 16:00:00
  2099-Dec-19 03:00:00
Beginning Simulation...
  2100-Jan-06 04:00:00 (1.4%)
  2100-Jan-23 05:00:00 (6.1%)
  2100-Feb-09 07:00:00 (10.8%)
  2100-Feb-26 07:00:00 (15.4%)
  2100-Mar-15 08:00:00 (20.1%)
  2100-Apr-01 10:00:00 (24.8%)
  2100-Apr-18 11:00:00 (29.4%)
  2100-May-05 12:00:00 (34.1%)
  2100-May-22 13:00:00 (38.8%)
  2100-Jun-08 14:00:00 (43.4%)
  2100-Jun-25 15:00:00 (48.1%)
  2100-Jul-12 14:00:00 (52.8%)
  2100-Jul-29 16:00:00 (57.4%)
  2100-Aug-15 17:00:00 (62.1%)
  2100-Sep-01 19:00:00 (66.8%)
  2100-Sep-18 20:00:00 (71.5%)
  2100-Oct-05 22:00:00 (76.1%)
  2100-Oct-22 23:00:00 (80.8%)
  2100-Nov-08 23:00:00 (85.5%)
  2100-Nov-26 00:00:00 (90.1%)
  2100-Dec-13 02:00:00 (94.8%)
  2100-Dec-30 03:00:00 (99.5%)
  2100-Dec-31 23:00:00 (100%)
Finished Program: 2014-Nov-17 14:08:03.108355
Elapsed Time: 00:00:42.063734
