instance.yaml
kiva v0.2.0-21-g785bfe1
Copyright (C) 2012-2014 Big Ladder Software
Web: www.bigladdersoftware.com

Starting Program: 2014-Nov-18 11:07:27.667893
Creating Domain...
  X Cells: 239
  Y Cells: 1
  Z Cells: 103
  Total Cells: 24617
Initializing Temperatures...
  2098-Oct-01 23:00:00
  2099-Jan-02 22:00:00
  2099-Jan-12 08:00:00
  2099-Jan-21 17:00:00
  2099-Jan-31 02:00:00
  2099-Feb-09 12:00:00
  2099-Feb-18 21:00:00
  2099-Feb-28 06:00:00
  2099-Mar-09 16:00:00
  2099-Mar-19 01:00:00
  2099-Mar-28 10:00:00
  2099-Apr-06 20:00:00
  2099-Apr-16 05:00:00
  2099-Apr-25 14:00:00
  2099-May-05 00:00:00
  2099-May-14 09:00:00
  2099-May-23 19:00:00
  2099-Jun-02 04:00:00
  2099-Jun-11 14:00:00
  2099-Jun-20 23:00:00
  2099-Jun-30 09:00:00
  2099-Jul-09 18:00:00
  2099-Jul-19 04:00:00
  2099-Jul-28 13:00:00
  2099-Aug-06 22:00:00
  2099-Aug-16 08:00:00
  2099-Aug-25 17:00:00
  2099-Sep-04 03:00:00
  2099-Sep-13 12:00:00
  2099-Sep-22 22:00:00
  2099-Oct-02 07:00:00
  2099-Oct-11 16:00:00
  2099-Oct-21 02:00:00
  2099-Oct-30 11:00:00
  2099-Nov-08 21:00:00
  2099-Nov-18 06:00:00
  2099-Nov-27 16:00:00
  2099-Dec-07 01:00:00
  2099-Dec-16 11:00:00
  2099-Dec-25 20:00:00
Beginning Simulation...
  2100-Jan-04 04:00:00 (0.9%)
  2100-Jan-13 11:00:00 (3.4%)
  2100-Jan-22 17:00:00 (5.9%)
  2100-Jan-31 23:00:00 (8.5%)
  2100-Feb-10 05:00:00 (11%)
  2100-Feb-19 12:00:00 (13.6%)
  2100-Feb-28 18:00:00 (16.1%)
  2100-Mar-10 00:00:00 (18.6%)
  2100-Mar-19 07:00:00 (21.2%)
  2100-Mar-28 13:00:00 (23.7%)
  2100-Apr-06 19:00:00 (26.2%)
  2100-Apr-16 02:00:00 (28.8%)
  2100-Apr-25 08:00:00 (31.3%)
  2100-May-04 15:00:00 (33.9%)
  2100-May-13 21:00:00 (36.4%)
  2100-May-23 04:00:00 (38.9%)
  2100-Jun-01 10:00:00 (41.5%)
  2100-Jun-10 17:00:00 (44%)
  2100-Jun-19 23:00:00 (46.6%)
  2100-Jun-29 06:00:00 (49.1%)
  2100-Jul-08 12:00:00 (51.6%)
  2100-Jul-17 19:00:00 (54.2%)
  2100-Jul-27 02:00:00 (56.7%)
  2100-Aug-05 08:00:00 (59.3%)
  2100-Aug-14 15:00:00 (61.8%)
  2100-Aug-23 21:00:00 (64.3%)
  2100-Sep-02 04:00:00 (66.9%)
  2100-Sep-11 11:00:00 (69.4%)
  2100-Sep-20 17:00:00 (72%)
  2100-Sep-30 00:00:00 (74.5%)
  2100-Oct-09 06:00:00 (77.1%)
  2100-Oct-18 14:00:00 (79.6%)
  2100-Oct-27 22:00:00 (82.2%)
  2100-Nov-06 07:00:00 (84.7%)
  2100-Nov-15 15:00:00 (87.3%)
  2100-Nov-24 22:00:00 (89.8%)
  2100-Dec-04 06:00:00 (92.4%)
  2100-Dec-13 14:00:00 (95%)
  2100-Dec-22 22:00:00 (97.5%)
  2100-Dec-31 23:00:00 (100%)
Finished Program: 2014-Nov-18 11:08:46.969663
Elapsed Time: 00:01:19.301770
