instance.yaml
kiva v0.2.0-9-g526928a
Copyright (C) 2012-2014 Big Ladder Software
Web: www.bigladdersoftware.com

Starting Program: 2014-Nov-15 12:22:42.848212
Creating Domain...
  X Cells: 196
  Y Cells: 1
  Z Cells: 103
  Total Cells: 20188
Initializing Temperatures...
  2099-Jan-02 17:00:00
  2099-Jan-13 15:00:00
  2099-Jan-24 13:00:00
  2099-Feb-04 11:00:00
  2099-Feb-15 09:00:00
  2099-Feb-26 07:00:00
  2099-Mar-09 05:00:00
  2099-Mar-20 03:00:00
  2099-Mar-31 02:00:00
  2099-Apr-11 00:00:00
  2099-Apr-21 22:00:00
  2099-May-02 20:00:00
  2099-May-13 18:00:00
  2099-May-24 16:00:00
  2099-Jun-04 15:00:00
  2099-Jun-15 13:00:00
  2099-Jun-26 11:00:00
  2099-Jul-07 09:00:00
  2099-Jul-18 07:00:00
  2099-Jul-29 06:00:00
  2099-Aug-09 04:00:00
  2099-Aug-20 02:00:00
  2099-Aug-31 00:00:00
  2099-Sep-10 22:00:00
  2099-Sep-21 20:00:00
  2099-Oct-02 18:00:00
  2099-Oct-13 17:00:00
  2099-Oct-24 15:00:00
  2099-Nov-04 15:00:00
  2099-Nov-15 15:00:00
  2099-Nov-26 15:00:00
  2099-Dec-07 15:00:00
  2099-Dec-18 15:00:00
  2099-Dec-29 15:00:00
Beginning Simulation...
  2100-Jan-09 12:00:00 (2.3%)
  2100-Jan-20 08:00:00 (5.3%)
  2100-Jan-31 04:00:00 (8.3%)
  2100-Feb-11 00:00:00 (11.2%)
  2100-Feb-21 20:00:00 (14.2%)
  2100-Mar-04 16:00:00 (17.2%)
  2100-Mar-15 12:00:00 (20.1%)
  2100-Mar-26 08:00:00 (23.1%)
  2100-Apr-06 04:00:00 (26.1%)
  2100-Apr-17 00:00:00 (29%)
  2100-Apr-27 20:00:00 (32%)
  2100-May-08 16:00:00 (35%)
  2100-May-19 12:00:00 (37.9%)
  2100-May-30 08:00:00 (40.9%)
  2100-Jun-10 04:00:00 (43.9%)
  2100-Jun-21 00:00:00 (46.8%)
  2100-Jul-01 20:00:00 (49.8%)
  2100-Jul-12 16:00:00 (52.8%)
  2100-Jul-23 12:00:00 (55.8%)
  2100-Aug-03 08:00:00 (58.7%)
  2100-Aug-14 04:00:00 (61.7%)
  2100-Aug-25 00:00:00 (64.7%)
  2100-Sep-04 20:00:00 (67.6%)
  2100-Sep-15 16:00:00 (70.6%)
  2100-Sep-26 12:00:00 (73.6%)
  2100-Oct-07 08:00:00 (76.5%)
  2100-Oct-18 04:00:00 (79.5%)
  2100-Oct-29 00:00:00 (82.5%)
  2100-Nov-08 19:00:00 (85.4%)
  2100-Nov-19 15:00:00 (88.4%)
  2100-Nov-30 12:00:00 (91.4%)
  2100-Dec-11 07:00:00 (94.3%)
  2100-Dec-22 02:00:00 (97.3%)
  2100-Dec-31 23:00:00 (100%)
Finished Program: 2014-Nov-15 12:23:50.912928
Elapsed Time: 00:01:08.064716
