instance.yaml
kiva v0.2.0-19-ge248292
Copyright (C) 2012-2014 Big Ladder Software
Web: www.bigladdersoftware.com

Starting Program: 2014-Nov-17 08:45:16.627794
Creating Domain...
  X Cells: 97
  Y Cells: 1
  Z Cells: 133
  Total Cells: 12901
Initializing Temperatures...
Warning: Solution did not converge after 412 iterations.
  The final residual was: 0.000413418
  Solver status: 2
  2098-Nov-05 23:00:00
  2099-Jan-15 16:00:00
  2099-Feb-03 12:00:00
  2099-Feb-22 08:00:00
  2099-Mar-12 18:00:00
  2099-Mar-31 13:00:00
  2099-Apr-19 09:00:00
  2099-May-08 05:00:00
  2099-May-27 01:00:00
  2099-Jun-14 21:00:00
  2099-Jul-03 16:00:00
  2099-Jul-22 12:00:00
  2099-Aug-10 08:00:00
  2099-Aug-29 04:00:00
  2099-Sep-17 00:00:00
  2099-Oct-05 20:00:00
  2099-Oct-24 15:00:00
  2099-Nov-12 11:00:00
  2099-Dec-01 07:00:00
  2099-Dec-20 03:00:00
Beginning Simulation...
  2100-Jan-07 09:00:00 (1.7%)
  2100-Jan-24 16:00:00 (6.5%)
  2100-Feb-10 23:00:00 (11.2%)
  2100-Feb-28 06:00:00 (16%)
  2100-Mar-17 13:00:00 (20.7%)
  2100-Apr-03 21:00:00 (25.4%)
  2100-Apr-21 04:00:00 (30.2%)
  2100-May-08 10:00:00 (34.9%)
  2100-May-25 18:00:00 (39.7%)
  2100-Jun-12 01:00:00 (44.4%)
  2100-Jun-29 08:00:00 (49.1%)
  2100-Jul-16 15:00:00 (53.9%)
  2100-Aug-02 19:00:00 (58.6%)
  2100-Aug-20 03:00:00 (63.3%)
  2100-Sep-06 10:00:00 (68.1%)
  2100-Sep-23 17:00:00 (72.8%)
  2100-Oct-11 00:00:00 (77.5%)
  2100-Oct-28 08:00:00 (82.3%)
  2100-Nov-14 15:00:00 (87%)
  2100-Dec-01 23:00:00 (91.8%)
  2100-Dec-19 06:00:00 (96.5%)
  2100-Dec-31 23:00:00 (100%)
Finished Program: 2014-Nov-17 08:45:57.734533
Elapsed Time: 00:00:41.106739
