instance.yaml
kiva v0.2.0-22-gd89b213
Copyright (C) 2012-2014 Big Ladder Software
Web: www.bigladdersoftware.com

Starting Program: 2014-Nov-19 10:44:45.377019
Creating Domain...
  X Cells: 169
  Y Cells: 1
  Z Cells: 133
  Total Cells: 22477
Initializing Temperatures...
  2098-Nov-12 23:00:00
  2099-Jan-07 05:00:00
  2099-Jan-17 14:00:00
  2099-Jan-28 00:00:00
  2099-Feb-07 09:00:00
  2099-Feb-17 19:00:00
  2099-Feb-28 04:00:00
  2099-Mar-10 14:00:00
  2099-Mar-21 00:00:00
  2099-Mar-31 09:00:00
  2099-Apr-10 19:00:00
  2099-Apr-21 05:00:00
  2099-May-01 14:00:00
  2099-May-12 00:00:00
  2099-May-22 09:00:00
  2099-Jun-01 19:00:00
  2099-Jun-12 04:00:00
  2099-Jun-22 14:00:00
  2099-Jul-03 00:00:00
  2099-Jul-13 09:00:00
  2099-Jul-23 19:00:00
  2099-Aug-03 05:00:00
  2099-Aug-13 15:00:00
  2099-Aug-24 02:00:00
  2099-Sep-03 13:00:00
  2099-Sep-13 23:00:00
  2099-Sep-24 09:00:00
  2099-Oct-04 20:00:00
  2099-Oct-15 06:00:00
  2099-Oct-25 17:00:00
  2099-Nov-05 03:00:00
  2099-Nov-15 14:00:00
  2099-Nov-26 01:00:00
  2099-Dec-06 11:00:00
  2099-Dec-16 22:00:00
  2099-Dec-27 08:00:00
Beginning Simulation...
  2100-Jan-06 08:00:00 (1.5%)
  2100-Jan-15 23:00:00 (4.1%)
  2100-Jan-25 13:00:00 (6.7%)
  2100-Feb-04 04:00:00 (9.4%)
  2100-Feb-13 19:00:00 (12%)
  2100-Feb-23 10:00:00 (14.6%)
  2100-Mar-05 01:00:00 (17.3%)
  2100-Mar-14 15:00:00 (19.9%)
  2100-Mar-24 06:00:00 (22.5%)
  2100-Apr-02 21:00:00 (25.2%)
  2100-Apr-12 12:00:00 (27.8%)
  2100-Apr-22 03:00:00 (30.4%)
  2100-May-01 17:00:00 (33.1%)
  2100-May-11 08:00:00 (35.7%)
  2100-May-20 23:00:00 (38.3%)
  2100-May-30 14:00:00 (41%)
  2100-Jun-09 05:00:00 (43.6%)
  2100-Jun-18 20:00:00 (46.3%)
  2100-Jun-28 11:00:00 (48.9%)
  2100-Jul-08 02:00:00 (51.5%)
  2100-Jul-17 17:00:00 (54.2%)
  2100-Jul-27 07:00:00 (56.8%)
  2100-Aug-05 22:00:00 (59.4%)
  2100-Aug-15 13:00:00 (62.1%)
  2100-Aug-25 03:00:00 (64.7%)
  2100-Sep-03 18:00:00 (67.3%)
  2100-Sep-13 09:00:00 (70%)
  2100-Sep-23 00:00:00 (72.6%)
  2100-Oct-02 15:00:00 (75.2%)
  2100-Oct-12 06:00:00 (77.9%)
  2100-Oct-21 21:00:00 (80.5%)
  2100-Oct-31 10:00:00 (83.1%)
  2100-Nov-10 01:00:00 (85.8%)
  2100-Nov-19 16:00:00 (88.4%)
  2100-Nov-29 07:00:00 (91%)
  2100-Dec-08 22:00:00 (93.7%)
  2100-Dec-18 13:00:00 (96.3%)
  2100-Dec-28 04:00:00 (98.9%)
  2100-Dec-31 23:00:00 (100%)
Finished Program: 2014-Nov-19 10:45:59.397817
Elapsed Time: 00:01:14.020798
