instance.yaml
kiva v0.2.0-21-g785bfe1
Copyright (C) 2012-2014 Big Ladder Software
Web: www.bigladdersoftware.com

Starting Program: 2014-Nov-18 11:06:25.717074
Creating Domain...
  X Cells: 231
  Y Cells: 1
  Z Cells: 96
  Total Cells: 22176
Initializing Temperatures...
  2098-Oct-01 23:00:00
  2099-Jan-04 05:00:00
  2099-Jan-13 12:00:00
  2099-Jan-22 18:00:00
  2099-Feb-01 01:00:00
  2099-Feb-10 08:00:00
  2099-Feb-19 15:00:00
  2099-Feb-28 22:00:00
  2099-Mar-10 05:00:00
  2099-Mar-19 12:00:00
  2099-Mar-28 19:00:00
  2099-Apr-07 02:00:00
  2099-Apr-16 09:00:00
  2099-Apr-25 16:00:00
  2099-May-04 23:00:00
  2099-May-14 06:00:00
  2099-May-23 13:00:00
  2099-Jun-01 20:00:00
  2099-Jun-11 03:00:00
  2099-Jun-20 10:00:00
  2099-Jun-29 17:00:00
  2099-Jul-09 01:00:00
  2099-Jul-18 08:00:00
  2099-Jul-27 15:00:00
  2099-Aug-05 22:00:00
  2099-Aug-15 04:00:00
  2099-Aug-24 12:00:00
  2099-Sep-02 19:00:00
  2099-Sep-12 02:00:00
  2099-Sep-21 09:00:00
  2099-Sep-30 16:00:00
  2099-Oct-09 23:00:00
  2099-Oct-19 06:00:00
  2099-Oct-28 13:00:00
  2099-Nov-06 20:00:00
  2099-Nov-16 03:00:00
  2099-Nov-25 10:00:00
  2099-Dec-04 17:00:00
  2099-Dec-14 00:00:00
  2099-Dec-23 07:00:00
Beginning Simulation...
  2100-Jan-01 14:00:00 (0.2%)
  2100-Jan-10 18:00:00 (2.7%)
  2100-Jan-19 23:00:00 (5.2%)
  2100-Jan-29 03:00:00 (7.7%)
  2100-Feb-07 07:00:00 (10.2%)
  2100-Feb-16 11:00:00 (12.7%)
  2100-Feb-25 16:00:00 (15.3%)
  2100-Mar-06 21:00:00 (17.8%)
  2100-Mar-16 01:00:00 (20.3%)
  2100-Mar-25 06:00:00 (22.8%)
  2100-Apr-03 11:00:00 (25.3%)
  2100-Apr-12 16:00:00 (27.9%)
  2100-Apr-21 21:00:00 (30.4%)
  2100-May-01 02:00:00 (32.9%)
  2100-May-10 07:00:00 (35.4%)
  2100-May-19 12:00:00 (37.9%)
  2100-May-28 17:00:00 (40.5%)
  2100-Jun-06 23:00:00 (43%)
  2100-Jun-16 04:00:00 (45.5%)
  2100-Jun-25 09:00:00 (48%)
  2100-Jul-04 14:00:00 (50.6%)
  2100-Jul-13 19:00:00 (53.1%)
  2100-Jul-23 00:00:00 (55.6%)
  2100-Aug-01 05:00:00 (58.1%)
  2100-Aug-10 11:00:00 (60.7%)
  2100-Aug-19 16:00:00 (63.2%)
  2100-Aug-28 21:00:00 (65.7%)
  2100-Sep-07 02:00:00 (68.2%)
  2100-Sep-16 07:00:00 (70.8%)
  2100-Sep-25 12:00:00 (73.3%)
  2100-Oct-04 18:00:00 (75.8%)
  2100-Oct-13 23:00:00 (78.3%)
  2100-Oct-23 04:00:00 (80.9%)
  2100-Nov-01 09:00:00 (83.4%)
  2100-Nov-10 14:00:00 (85.9%)
  2100-Nov-19 18:00:00 (88.4%)
  2100-Nov-29 00:00:00 (91%)
  2100-Dec-08 05:00:00 (93.5%)
  2100-Dec-17 10:00:00 (96%)
  2100-Dec-26 15:00:00 (98.5%)
  2100-Dec-31 23:00:00 (100%)
Finished Program: 2014-Nov-18 11:07:45.581301
Elapsed Time: 00:01:19.864227
