instance.yaml
kiva v0.2.0-9-g526928a
Copyright (C) 2012-2014 Big Ladder Software
Web: www.bigladdersoftware.com

Starting Program: 2014-Oct-26 15:44:40.320128
Creating Domain...
  X Cells: 104
  Y Cells: 1
  Z Cells: 103
  Total Cells: 10712
Initializing Temperatures...
  2098-Nov-05 23:00:00
  2099-Jan-11 09:00:00
  2099-Feb-03 21:00:00
  2099-Feb-28 04:00:00
  2099-Mar-24 10:00:00
  2099-Apr-17 16:00:00
  2099-May-11 22:00:00
  2099-Jun-05 04:00:00
  2099-Jun-29 11:00:00
  2099-Jul-23 17:00:00
  2099-Aug-16 23:00:00
  2099-Sep-10 05:00:00
  2099-Oct-04 12:00:00
  2099-Oct-28 18:00:00
  2099-Nov-22 00:00:00
  2099-Dec-16 06:00:00
Beginning Simulation...
  2100-Jan-09 08:00:00 (2.3%)
  2100-Feb-02 01:00:00 (8.8%)
  2100-Feb-25 18:00:00 (15.3%)
  2100-Mar-21 11:00:00 (21.8%)
  2100-Apr-14 03:00:00 (28.3%)
  2100-May-07 20:00:00 (34.7%)
  2100-May-31 14:00:00 (41.3%)
  2100-Jun-24 07:00:00 (47.8%)
  2100-Jul-18 00:00:00 (54.2%)
  2100-Aug-10 17:00:00 (60.7%)
  2100-Sep-03 11:00:00 (67.2%)
  2100-Sep-27 05:00:00 (73.8%)
  2100-Oct-20 22:00:00 (80.3%)
  2100-Nov-13 15:00:00 (86.7%)
  2100-Dec-07 08:00:00 (93.2%)
  2100-Dec-31 01:00:00 (99.7%)
  2100-Dec-31 23:00:00 (100%)
Finished Program: 2014-Oct-26 15:45:12.039854
Elapsed Time: 00:00:31.719726
