instance.yaml
kiva v0.2.0-21-g785bfe1
Copyright (C) 2012-2014 Big Ladder Software
Web: www.bigladdersoftware.com

Starting Program: 2014-Nov-18 11:08:26.165194
Creating Domain...
  X Cells: 180
  Y Cells: 1
  Z Cells: 113
  Total Cells: 20340
Initializing Temperatures...
  2098-Dec-17 23:00:00
  2099-Jan-11 13:00:00
  2099-Jan-23 05:00:00
  2099-Feb-03 22:00:00
  2099-Feb-15 14:00:00
  2099-Feb-27 06:00:00
  2099-Mar-10 23:00:00
  2099-Mar-22 15:00:00
  2099-Apr-03 08:00:00
  2099-Apr-15 00:00:00
  2099-Apr-26 17:00:00
  2099-May-08 09:00:00
  2099-May-20 02:00:00
  2099-May-31 18:00:00
  2099-Jun-12 11:00:00
  2099-Jun-24 04:00:00
  2099-Jul-05 20:00:00
  2099-Jul-17 13:00:00
  2099-Jul-29 05:00:00
  2099-Aug-09 21:00:00
  2099-Aug-21 14:00:00
  2099-Sep-02 06:00:00
  2099-Sep-13 23:00:00
  2099-Sep-25 15:00:00
  2099-Oct-07 08:00:00
  2099-Oct-19 01:00:00
  2099-Oct-30 17:00:00
  2099-Nov-11 10:00:00
  2099-Nov-23 02:00:00
  2099-Dec-04 19:00:00
  2099-Dec-16 11:00:00
  2099-Dec-28 04:00:00
Beginning Simulation...
  2100-Jan-08 17:00:00 (2.1%)
  2100-Jan-20 05:00:00 (5.3%)
  2100-Jan-31 17:00:00 (8.4%)
  2100-Feb-12 05:00:00 (11.6%)
  2100-Feb-23 18:00:00 (14.7%)
  2100-Mar-07 06:00:00 (17.9%)
  2100-Mar-18 18:00:00 (21%)
  2100-Mar-30 06:00:00 (24.2%)
  2100-Apr-10 18:00:00 (27.3%)
  2100-Apr-22 06:00:00 (30.5%)
  2100-May-03 19:00:00 (33.6%)
  2100-May-15 07:00:00 (36.8%)
  2100-May-26 19:00:00 (39.9%)
  2100-Jun-07 08:00:00 (43.1%)
  2100-Jun-18 20:00:00 (46.3%)
  2100-Jun-30 08:00:00 (49.4%)
  2100-Jul-11 21:00:00 (52.6%)
  2100-Jul-23 09:00:00 (55.7%)
  2100-Aug-03 21:00:00 (58.9%)
  2100-Aug-15 10:00:00 (62%)
  2100-Aug-26 22:00:00 (65.2%)
  2100-Sep-07 10:00:00 (68.3%)
  2100-Sep-18 23:00:00 (71.5%)
  2100-Sep-30 11:00:00 (74.6%)
  2100-Oct-11 23:00:00 (77.8%)
  2100-Oct-23 12:00:00 (81%)
  2100-Nov-04 00:00:00 (84.1%)
  2100-Nov-15 12:00:00 (87.3%)
  2100-Nov-27 01:00:00 (90.4%)
  2100-Dec-08 13:00:00 (93.6%)
  2100-Dec-20 01:00:00 (96.7%)
  2100-Dec-31 13:00:00 (99.9%)
  2100-Dec-31 23:00:00 (100%)
Finished Program: 2014-Nov-18 11:09:30.037076
Elapsed Time: 00:01:03.871882
