instance.yaml
kiva v0.2.0-9-g526928a
Copyright (C) 2012-2014 Big Ladder Software
Web: www.bigladdersoftware.com

Starting Program: 2014-Nov-15 12:22:46.368592
Creating Domain...
  X Cells: 247
  Y Cells: 1
  Z Cells: 127
  Total Cells: 31369
Initializing Temperatures...
  2098-Nov-05 23:00:00
  2099-Jan-04 01:00:00
  2099-Jan-11 19:00:00
  2099-Jan-19 13:00:00
  2099-Jan-27 08:00:00
  2099-Feb-04 02:00:00
  2099-Feb-11 21:00:00
  2099-Feb-19 15:00:00
  2099-Feb-27 09:00:00
  2099-Mar-07 04:00:00
  2099-Mar-14 22:00:00
  2099-Mar-22 16:00:00
  2099-Mar-30 11:00:00
  2099-Apr-07 05:00:00
  2099-Apr-15 00:00:00
  2099-Apr-22 18:00:00
  2099-Apr-30 13:00:00
  2099-May-08 07:00:00
  2099-May-16 02:00:00
  2099-May-23 20:00:00
  2099-May-31 15:00:00
  2099-Jun-08 09:00:00
  2099-Jun-16 03:00:00
  2099-Jun-23 22:00:00
  2099-Jul-01 16:00:00
  2099-Jul-09 11:00:00
  2099-Jul-17 05:00:00
  2099-Jul-25 00:00:00
  2099-Aug-01 17:00:00
  2099-Aug-09 12:00:00
  2099-Aug-17 06:00:00
  2099-Aug-25 01:00:00
  2099-Sep-01 19:00:00
  2099-Sep-09 14:00:00
  2099-Sep-17 08:00:00
  2099-Sep-25 02:00:00
  2099-Oct-02 21:00:00
  2099-Oct-10 15:00:00
  2099-Oct-18 10:00:00
  2099-Oct-26 04:00:00
  2099-Nov-02 23:00:00
  2099-Nov-10 17:00:00
  2099-Nov-18 12:00:00
  2099-Nov-26 06:00:00
  2099-Dec-04 01:00:00
  2099-Dec-11 19:00:00
  2099-Dec-19 14:00:00
  2099-Dec-27 08:00:00
Beginning Simulation...
  2100-Jan-03 22:00:00 (0.8%)
  2100-Jan-11 05:00:00 (2.8%)
  2100-Jan-18 12:00:00 (4.8%)
  2100-Jan-25 20:00:00 (6.8%)
  2100-Feb-02 03:00:00 (8.8%)
  2100-Feb-09 10:00:00 (10.8%)
  2100-Feb-16 17:00:00 (12.8%)
  2100-Feb-24 00:00:00 (14.8%)
  2100-Mar-03 07:00:00 (16.8%)
  2100-Mar-10 15:00:00 (18.8%)
  2100-Mar-18 01:00:00 (20.8%)
  2100-Mar-25 10:00:00 (22.9%)
  2100-Apr-01 20:00:00 (24.9%)
  2100-Apr-09 05:00:00 (26.9%)
  2100-Apr-16 15:00:00 (28.9%)
  2100-Apr-24 01:00:00 (31%)
  2100-May-01 10:00:00 (33%)
  2100-May-08 20:00:00 (35%)
  2100-May-16 06:00:00 (37.1%)
  2100-May-23 16:00:00 (39.1%)
  2100-May-31 01:00:00 (41.1%)
  2100-Jun-07 11:00:00 (43.1%)
  2100-Jun-14 21:00:00 (45.2%)
  2100-Jun-22 06:00:00 (47.2%)
  2100-Jun-29 16:00:00 (49.2%)
  2100-Jul-07 01:00:00 (51.2%)
  2100-Jul-14 11:00:00 (53.3%)
  2100-Jul-21 20:00:00 (55.3%)
  2100-Jul-29 06:00:00 (57.3%)
  2100-Aug-05 16:00:00 (59.4%)
  2100-Aug-13 01:00:00 (61.4%)
  2100-Aug-20 11:00:00 (63.4%)
  2100-Aug-27 21:00:00 (65.4%)
  2100-Sep-04 06:00:00 (67.5%)
  2100-Sep-11 16:00:00 (69.5%)
  2100-Sep-19 01:00:00 (71.5%)
  2100-Sep-26 11:00:00 (73.6%)
  2100-Oct-03 21:00:00 (75.6%)
  2100-Oct-11 06:00:00 (77.6%)
  2100-Oct-18 16:00:00 (79.6%)
  2100-Oct-26 02:00:00 (81.7%)
  2100-Nov-02 11:00:00 (83.7%)
  2100-Nov-09 21:00:00 (85.7%)
  2100-Nov-17 07:00:00 (87.8%)
  2100-Nov-24 17:00:00 (89.8%)
  2100-Dec-02 02:00:00 (91.8%)
  2100-Dec-09 12:00:00 (93.8%)
  2100-Dec-16 22:00:00 (95.9%)
  2100-Dec-24 07:00:00 (97.9%)
  2100-Dec-31 17:00:00 (99.9%)
  2100-Dec-31 23:00:00 (100%)
Finished Program: 2014-Nov-15 12:24:24.037292
Elapsed Time: 00:01:37.668700
