instance.yaml
kiva v0.2.0-21-g785bfe1
Copyright (C) 2012-2014 Big Ladder Software
Web: www.bigladdersoftware.com

Starting Program: 2014-Nov-18 11:22:28.099529
Creating Domain...
  X Cells: 92
  Y Cells: 1
  Z Cells: 103
  Total Cells: 9476
Initializing Temperatures...
  2099-Jan-08 02:00:00
  2099-Jan-31 11:00:00
  2099-Feb-23 21:00:00
  2099-Mar-19 06:00:00
  2099-Apr-11 16:00:00
  2099-May-05 01:00:00
  2099-May-28 11:00:00
  2099-Jun-20 21:00:00
  2099-Jul-14 06:00:00
  2099-Aug-06 16:00:00
  2099-Aug-30 02:00:00
  2099-Sep-22 11:00:00
  2099-Oct-15 21:00:00
  2099-Nov-08 07:00:00
  2099-Dec-01 17:00:00
  2099-Dec-25 02:00:00
Beginning Simulation...
  2100-Jan-17 02:00:00 (4.4%)
  2100-Feb-09 00:00:00 (10.7%)
  2100-Mar-03 21:00:00 (17%)
  2100-Mar-26 18:00:00 (23.2%)
  2100-Apr-18 16:00:00 (29.5%)
  2100-May-11 13:00:00 (35.8%)
  2100-Jun-03 11:00:00 (42%)
  2100-Jun-26 09:00:00 (48.3%)
  2100-Jul-19 07:00:00 (54.6%)
  2100-Aug-11 05:00:00 (60.9%)
  2100-Sep-03 03:00:00 (67.2%)
  2100-Sep-26 01:00:00 (73.4%)
  2100-Oct-18 23:00:00 (79.7%)
  2100-Nov-10 20:00:00 (86%)
  2100-Dec-03 18:00:00 (92.3%)
  2100-Dec-26 11:00:00 (98.5%)
  2100-Dec-31 23:00:00 (100%)
Finished Program: 2014-Nov-18 11:23:00.240900
Elapsed Time: 00:00:32.141371
