instance.yaml
kiva v0.2.0-21-g785bfe1
Copyright (C) 2012-2014 Big Ladder Software
Web: www.bigladdersoftware.com

Starting Program: 2014-Nov-18 11:30:26.106146
Creating Domain...
  X Cells: 250
  Y Cells: 1
  Z Cells: 103
  Total Cells: 25750
Initializing Temperatures...
  2098-Dec-10 23:00:00
  2099-Jan-08 02:00:00
  2099-Jan-17 10:00:00
  2099-Jan-26 17:00:00
  2099-Feb-05 01:00:00
  2099-Feb-14 10:00:00
  2099-Feb-23 18:00:00
  2099-Mar-05 02:00:00
  2099-Mar-14 10:00:00
  2099-Mar-23 18:00:00
  2099-Apr-02 02:00:00
  2099-Apr-11 11:00:00
  2099-Apr-20 19:00:00
  2099-Apr-30 03:00:00
  2099-May-09 11:00:00
  2099-May-18 19:00:00
  2099-May-28 04:00:00
  2099-Jun-06 12:00:00
  2099-Jun-15 20:00:00
  2099-Jun-25 04:00:00
  2099-Jul-04 13:00:00
  2099-Jul-13 21:00:00
  2099-Jul-23 05:00:00
  2099-Aug-01 13:00:00
  2099-Aug-10 21:00:00
  2099-Aug-20 06:00:00
  2099-Aug-29 14:00:00
  2099-Sep-07 22:00:00
  2099-Sep-17 06:00:00
  2099-Sep-26 14:00:00
  2099-Oct-05 23:00:00
  2099-Oct-15 07:00:00
  2099-Oct-24 15:00:00
  2099-Nov-03 01:00:00
  2099-Nov-12 12:00:00
  2099-Nov-22 00:00:00
  2099-Dec-01 12:00:00
  2099-Dec-11 00:00:00
  2099-Dec-20 12:00:00
  2099-Dec-30 00:00:00
Beginning Simulation...
  2100-Jan-08 07:00:00 (2%)
  2100-Jan-17 12:00:00 (4.5%)
  2100-Jan-26 18:00:00 (7.1%)
  2100-Feb-05 00:00:00 (9.6%)
  2100-Feb-14 06:00:00 (12.1%)
  2100-Feb-23 11:00:00 (14.6%)
  2100-Mar-04 17:00:00 (17.2%)
  2100-Mar-13 22:00:00 (19.7%)
  2100-Mar-23 04:00:00 (22.2%)
  2100-Apr-01 09:00:00 (24.8%)
  2100-Apr-10 15:00:00 (27.3%)
  2100-Apr-19 21:00:00 (29.8%)
  2100-Apr-29 03:00:00 (32.4%)
  2100-May-08 08:00:00 (34.9%)
  2100-May-17 14:00:00 (37.4%)
  2100-May-26 20:00:00 (40%)
  2100-Jun-05 02:00:00 (42.5%)
  2100-Jun-14 07:00:00 (45%)
  2100-Jun-23 13:00:00 (47.5%)
  2100-Jul-02 19:00:00 (50.1%)
  2100-Jul-12 01:00:00 (52.6%)
  2100-Jul-21 06:00:00 (55.1%)
  2100-Jul-30 12:00:00 (57.7%)
  2100-Aug-08 18:00:00 (60.2%)
  2100-Aug-18 00:00:00 (62.7%)
  2100-Aug-27 06:00:00 (65.3%)
  2100-Sep-05 12:00:00 (67.8%)
  2100-Sep-14 17:00:00 (70.3%)
  2100-Sep-23 23:00:00 (72.9%)
  2100-Oct-03 05:00:00 (75.4%)
  2100-Oct-12 11:00:00 (77.9%)
  2100-Oct-21 16:00:00 (80.5%)
  2100-Oct-30 22:00:00 (83%)
  2100-Nov-09 03:00:00 (85.5%)
  2100-Nov-18 09:00:00 (88%)
  2100-Nov-27 15:00:00 (90.6%)
  2100-Dec-06 21:00:00 (93.1%)
  2100-Dec-16 03:00:00 (95.7%)
  2100-Dec-25 08:00:00 (98.2%)
  2100-Dec-31 23:00:00 (100%)
Finished Program: 2014-Nov-18 11:31:45.718479
Elapsed Time: 00:01:19.612333
