instance.yaml
kiva v0.2.0-19-ge248292
Copyright (C) 2012-2014 Big Ladder Software
Web: www.bigladdersoftware.com

Starting Program: 2014-Nov-17 08:45:13.191193
Creating Domain...
  X Cells: 107
  Y Cells: 1
  Z Cells: 133
  Total Cells: 14231
Initializing Temperatures...
  2099-Jan-02 01:00:00
  2099-Jan-19 01:00:00
  2099-Feb-05 02:00:00
  2099-Feb-22 02:00:00
  2099-Mar-11 03:00:00
  2099-Mar-28 04:00:00
  2099-Apr-14 04:00:00
  2099-May-01 05:00:00
  2099-May-18 06:00:00
  2099-Jun-04 07:00:00
  2099-Jun-21 07:00:00
  2099-Jul-08 08:00:00
  2099-Jul-25 09:00:00
  2099-Aug-11 10:00:00
  2099-Aug-28 11:00:00
  2099-Sep-14 11:00:00
  2099-Oct-01 12:00:00
  2099-Oct-18 13:00:00
  2099-Nov-04 14:00:00
  2099-Nov-21 15:00:00
  2099-Dec-08 16:00:00
  2099-Dec-25 17:00:00
Beginning Simulation...
  2100-Jan-10 23:00:00 (2.7%)
  2100-Jan-26 17:00:00 (7%)
  2100-Feb-11 12:00:00 (11.4%)
  2100-Feb-27 06:00:00 (15.7%)
  2100-Mar-15 01:00:00 (20%)
  2100-Mar-30 20:00:00 (24.3%)
  2100-Apr-15 14:00:00 (28.7%)
  2100-May-01 09:00:00 (33%)
  2100-May-17 03:00:00 (37.3%)
  2100-Jun-01 22:00:00 (41.6%)
  2100-Jun-17 17:00:00 (45.9%)
  2100-Jul-03 10:00:00 (50.3%)
  2100-Jul-19 04:00:00 (54.6%)
  2100-Aug-03 23:00:00 (58.9%)
  2100-Aug-19 18:00:00 (63.2%)
  2100-Sep-04 13:00:00 (67.5%)
  2100-Sep-20 07:00:00 (71.9%)
  2100-Oct-06 02:00:00 (76.2%)
  2100-Oct-21 21:00:00 (80.5%)
  2100-Nov-06 16:00:00 (84.8%)
  2100-Nov-22 11:00:00 (89.2%)
  2100-Dec-08 06:00:00 (93.5%)
  2100-Dec-24 01:00:00 (97.8%)
  2100-Dec-31 23:00:00 (100%)
Finished Program: 2014-Nov-17 08:45:58.502158
Elapsed Time: 00:00:45.310965
