instance.yaml
kiva v0.2.0-20-g4c7c200
Copyright (C) 2012-2014 Big Ladder Software
Web: www.bigladdersoftware.com

Starting Program: 2014-Nov-17 14:15:19.021404
Creating Domain...
  X Cells: 108
  Y Cells: 1
  Z Cells: 103
  Total Cells: 11124
Initializing Temperatures...
Warning: Solution did not converge after 363 iterations.
  The final residual was: 0.00279396
  Solver status: 2
  2099-Jan-07 14:00:00
  2099-Jan-27 14:00:00
  2099-Feb-16 14:00:00
  2099-Mar-08 15:00:00
  2099-Mar-28 16:00:00
  2099-Apr-17 16:00:00
  2099-May-07 17:00:00
  2099-May-27 18:00:00
  2099-Jun-16 18:00:00
  2099-Jul-06 19:00:00
  2099-Jul-26 20:00:00
  2099-Aug-15 20:00:00
  2099-Sep-04 21:00:00
  2099-Sep-24 22:00:00
  2099-Oct-14 23:00:00
  2099-Nov-04 00:00:00
  2099-Nov-24 01:00:00
  2099-Dec-14 02:00:00
Beginning Simulation...
  2100-Jan-03 01:00:00 (0.6%)
  2100-Jan-22 14:00:00 (5.9%)
  2100-Feb-11 04:00:00 (11.3%)
  2100-Mar-02 17:00:00 (16.6%)
  2100-Mar-22 06:00:00 (22%)
  2100-Apr-10 18:00:00 (27.3%)
  2100-Apr-30 07:00:00 (32.7%)
  2100-May-19 20:00:00 (38%)
  2100-Jun-08 10:00:00 (43.4%)
  2100-Jun-27 23:00:00 (48.8%)
  2100-Jul-17 12:00:00 (54.1%)
  2100-Aug-06 01:00:00 (59.5%)
  2100-Aug-25 15:00:00 (64.8%)
  2100-Sep-14 04:00:00 (70.2%)
  2100-Oct-03 17:00:00 (75.5%)
  2100-Oct-23 03:00:00 (80.9%)
  2100-Nov-11 16:00:00 (86.2%)
  2100-Dec-01 06:00:00 (91.6%)
  2100-Dec-20 19:00:00 (96.9%)
  2100-Dec-31 23:00:00 (100%)
Finished Program: 2014-Nov-17 14:15:56.572812
Elapsed Time: 00:00:37.551408
