instance.yaml
kiva v0.2.0-21-g785bfe1
Copyright (C) 2012-2014 Big Ladder Software
Web: www.bigladdersoftware.com

Starting Program: 2014-Nov-18 11:14:24.971638
Creating Domain...
  X Cells: 196
  Y Cells: 1
  Z Cells: 103
  Total Cells: 20188
Initializing Temperatures...
  2099-Jan-01 22:00:00
  2099-Jan-12 22:00:00
  2099-Jan-23 22:00:00
  2099-Feb-03 22:00:00
  2099-Feb-14 22:00:00
  2099-Feb-25 22:00:00
  2099-Mar-08 22:00:00
  2099-Mar-19 22:00:00
  2099-Mar-30 22:00:00
  2099-Apr-10 22:00:00
  2099-Apr-21 22:00:00
  2099-May-02 22:00:00
  2099-May-13 22:00:00
  2099-May-24 22:00:00
  2099-Jun-04 22:00:00
  2099-Jun-15 22:00:00
  2099-Jun-26 22:00:00
  2099-Jul-07 22:00:00
  2099-Jul-18 22:00:00
  2099-Jul-29 22:00:00
  2099-Aug-09 22:00:00
  2099-Aug-20 23:00:00
  2099-Aug-31 22:00:00
  2099-Sep-11 22:00:00
  2099-Sep-22 22:00:00
  2099-Oct-03 22:00:00
  2099-Oct-14 22:00:00
  2099-Oct-25 22:00:00
  2099-Nov-05 23:00:00
  2099-Nov-16 22:00:00
  2099-Nov-27 22:00:00
  2099-Dec-08 22:00:00
  2099-Dec-19 22:00:00
  2099-Dec-30 22:00:00
Beginning Simulation...
  2100-Jan-10 20:00:00 (2.7%)
  2100-Jan-21 17:00:00 (5.7%)
  2100-Feb-01 14:00:00 (8.7%)
  2100-Feb-12 11:00:00 (11.6%)
  2100-Feb-23 09:00:00 (14.6%)
  2100-Mar-06 06:00:00 (17.6%)
  2100-Mar-17 04:00:00 (20.6%)
  2100-Mar-28 01:00:00 (23.6%)
  2100-Apr-07 22:00:00 (26.6%)
  2100-Apr-18 20:00:00 (29.5%)
  2100-Apr-29 17:00:00 (32.5%)
  2100-May-10 15:00:00 (35.5%)
  2100-May-21 12:00:00 (38.5%)
  2100-Jun-01 09:00:00 (41.5%)
  2100-Jun-12 07:00:00 (44.5%)
  2100-Jun-23 04:00:00 (47.4%)
  2100-Jul-04 02:00:00 (50.4%)
  2100-Jul-14 23:00:00 (53.4%)
  2100-Jul-25 21:00:00 (56.4%)
  2100-Aug-05 18:00:00 (59.4%)
  2100-Aug-16 15:00:00 (62.4%)
  2100-Aug-27 13:00:00 (65.4%)
  2100-Sep-07 10:00:00 (68.3%)
  2100-Sep-18 07:00:00 (71.3%)
  2100-Sep-29 05:00:00 (74.3%)
  2100-Oct-10 02:00:00 (77.3%)
  2100-Oct-20 23:00:00 (80.3%)
  2100-Oct-31 21:00:00 (83.3%)
  2100-Nov-11 18:00:00 (86.2%)
  2100-Nov-22 15:00:00 (89.2%)
  2100-Dec-03 13:00:00 (92.2%)
  2100-Dec-14 10:00:00 (95.2%)
  2100-Dec-25 07:00:00 (98.2%)
  2100-Dec-31 23:00:00 (100%)
Finished Program: 2014-Nov-18 11:15:32.612285
Elapsed Time: 00:01:07.640647
