instance.yaml
kiva v0.2.0-9-g526928a
Copyright (C) 2012-2014 Big Ladder Software
Web: www.bigladdersoftware.com

Starting Program: 2014-Nov-15 12:23:43.464005
Creating Domain...
  X Cells: 210
  Y Cells: 1
  Z Cells: 103
  Total Cells: 21630
Initializing Temperatures...
  2098-Nov-05 23:00:00
  2099-Jan-06 08:00:00
  2099-Jan-16 15:00:00
  2099-Jan-26 22:00:00
  2099-Feb-06 05:00:00
  2099-Feb-16 12:00:00
  2099-Feb-26 18:00:00
  2099-Mar-09 01:00:00
  2099-Mar-19 08:00:00
  2099-Mar-29 15:00:00
  2099-Apr-08 22:00:00
  2099-Apr-19 04:00:00
  2099-Apr-29 11:00:00
  2099-May-09 18:00:00
  2099-May-20 01:00:00
  2099-May-30 08:00:00
  2099-Jun-09 14:00:00
  2099-Jun-19 21:00:00
  2099-Jun-30 04:00:00
  2099-Jul-10 11:00:00
  2099-Jul-20 18:00:00
  2099-Jul-31 00:00:00
  2099-Aug-10 07:00:00
  2099-Aug-20 14:00:00
  2099-Aug-30 21:00:00
  2099-Sep-10 04:00:00
  2099-Sep-20 11:00:00
  2099-Sep-30 18:00:00
  2099-Oct-11 02:00:00
  2099-Oct-21 10:00:00
  2099-Oct-31 17:00:00
  2099-Nov-11 01:00:00
  2099-Nov-21 09:00:00
  2099-Dec-01 17:00:00
  2099-Dec-12 01:00:00
  2099-Dec-22 09:00:00
Beginning Simulation...
  2100-Jan-01 17:00:00 (0.2%)
  2100-Jan-11 20:00:00 (3%)
  2100-Jan-22 02:00:00 (5.8%)
  2100-Feb-01 07:00:00 (8.6%)
  2100-Feb-11 12:00:00 (11.4%)
  2100-Feb-21 18:00:00 (14.2%)
  2100-Mar-03 23:00:00 (17%)
  2100-Mar-14 04:00:00 (19.8%)
  2100-Mar-24 10:00:00 (22.6%)
  2100-Apr-03 15:00:00 (25.4%)
  2100-Apr-13 21:00:00 (28.2%)
  2100-Apr-24 02:00:00 (31%)
  2100-May-04 08:00:00 (33.8%)
  2100-May-14 13:00:00 (36.6%)
  2100-May-24 18:00:00 (39.4%)
  2100-Jun-04 00:00:00 (42.2%)
  2100-Jun-14 05:00:00 (45%)
  2100-Jun-24 10:00:00 (47.8%)
  2100-Jul-04 16:00:00 (50.6%)
  2100-Jul-14 21:00:00 (53.4%)
  2100-Jul-25 02:00:00 (56.2%)
  2100-Aug-04 08:00:00 (59%)
  2100-Aug-14 13:00:00 (61.8%)
  2100-Aug-24 18:00:00 (64.6%)
  2100-Sep-04 00:00:00 (67.4%)
  2100-Sep-14 04:00:00 (70.2%)
  2100-Sep-24 09:00:00 (73%)
  2100-Oct-04 15:00:00 (75.8%)
  2100-Oct-14 20:00:00 (78.6%)
  2100-Oct-25 02:00:00 (81.4%)
  2100-Nov-04 07:00:00 (84.2%)
  2100-Nov-14 11:00:00 (87%)
  2100-Nov-24 17:00:00 (89.8%)
  2100-Dec-04 22:00:00 (92.6%)
  2100-Dec-15 04:00:00 (95.4%)
  2100-Dec-25 09:00:00 (98.2%)
  2100-Dec-31 23:00:00 (100%)
Finished Program: 2014-Nov-15 12:24:55.646386
Elapsed Time: 00:01:12.182381
