instance.yaml
kiva v0.2.0-21-g785bfe1
Copyright (C) 2012-2014 Big Ladder Software
Web: www.bigladdersoftware.com

Starting Program: 2014-Nov-18 11:22:26.086215
Creating Domain...
  X Cells: 168
  Y Cells: 1
  Z Cells: 103
  Total Cells: 17304
Initializing Temperatures...
  2099-Jan-01 14:00:00
  2099-Jan-14 07:00:00
  2099-Jan-27 00:00:00
  2099-Feb-08 18:00:00
  2099-Feb-21 11:00:00
  2099-Mar-06 05:00:00
  2099-Mar-18 22:00:00
  2099-Mar-31 16:00:00
  2099-Apr-13 09:00:00
  2099-Apr-26 02:00:00
  2099-May-08 20:00:00
  2099-May-21 13:00:00
  2099-Jun-03 08:00:00
  2099-Jun-16 05:00:00
  2099-Jun-29 01:00:00
  2099-Jul-11 22:00:00
  2099-Jul-24 19:00:00
  2099-Aug-06 15:00:00
  2099-Aug-19 11:00:00
  2099-Sep-01 08:00:00
  2099-Sep-14 05:00:00
  2099-Sep-27 02:00:00
  2099-Oct-09 22:00:00
  2099-Oct-22 19:00:00
  2099-Nov-04 16:00:00
  2099-Nov-17 12:00:00
  2099-Nov-30 09:00:00
  2099-Dec-13 06:00:00
  2099-Dec-26 03:00:00
Beginning Simulation...
  2100-Jan-07 21:00:00 (1.9%)
  2100-Jan-20 12:00:00 (5.3%)
  2100-Feb-02 03:00:00 (8.8%)
  2100-Feb-14 18:00:00 (12.3%)
  2100-Feb-27 09:00:00 (15.7%)
  2100-Mar-12 01:00:00 (19.2%)
  2100-Mar-24 16:00:00 (22.6%)
  2100-Apr-06 07:00:00 (26.1%)
  2100-Apr-18 23:00:00 (29.6%)
  2100-May-01 14:00:00 (33%)
  2100-May-14 06:00:00 (36.5%)
  2100-May-26 21:00:00 (40%)
  2100-Jun-08 13:00:00 (43.4%)
  2100-Jun-21 04:00:00 (46.9%)
  2100-Jul-03 20:00:00 (50.4%)
  2100-Jul-16 11:00:00 (53.8%)
  2100-Jul-29 02:00:00 (57.3%)
  2100-Aug-10 17:00:00 (60.7%)
  2100-Aug-23 09:00:00 (64.2%)
  2100-Sep-05 00:00:00 (67.7%)
  2100-Sep-17 15:00:00 (71.1%)
  2100-Sep-30 07:00:00 (74.6%)
  2100-Oct-12 22:00:00 (78.1%)
  2100-Oct-25 14:00:00 (81.5%)
  2100-Nov-07 05:00:00 (85%)
  2100-Nov-19 21:00:00 (88.5%)
  2100-Dec-02 12:00:00 (91.9%)
  2100-Dec-15 03:00:00 (95.4%)
  2100-Dec-27 19:00:00 (98.8%)
  2100-Dec-31 23:00:00 (100%)
Finished Program: 2014-Nov-18 11:23:24.331787
Elapsed Time: 00:00:58.245572
