instance.yaml
kiva v0.2.0-19-ge248292
Copyright (C) 2012-2014 Big Ladder Software
Web: www.bigladdersoftware.com

Starting Program: 2014-Nov-17 08:40:17.246120
Creating Domain...
  X Cells: 85
  Y Cells: 1
  Z Cells: 133
  Total Cells: 11305
Initializing Temperatures...
  2099-Jan-03 14:00:00
  2099-Jan-25 06:00:00
  2099-Feb-15 22:00:00
  2099-Mar-09 14:00:00
  2099-Mar-31 06:00:00
  2099-Apr-21 22:00:00
  2099-May-13 14:00:00
  2099-Jun-04 06:00:00
  2099-Jun-25 22:00:00
  2099-Jul-17 14:00:00
  2099-Aug-08 06:00:00
  2099-Aug-29 22:00:00
  2099-Sep-20 14:00:00
  2099-Oct-12 06:00:00
  2099-Nov-02 22:00:00
  2099-Nov-24 15:00:00
  2099-Dec-16 07:00:00
Beginning Simulation...
  2100-Jan-06 11:00:00 (1.5%)
  2100-Jan-26 05:00:00 (6.9%)
  2100-Feb-14 22:00:00 (12.3%)
  2100-Mar-06 16:00:00 (17.7%)
  2100-Mar-26 10:00:00 (23.1%)
  2100-Apr-15 04:00:00 (28.5%)
  2100-May-04 22:00:00 (33.9%)
  2100-May-24 17:00:00 (39.4%)
  2100-Jun-13 11:00:00 (44.8%)
  2100-Jul-03 05:00:00 (50.2%)
  2100-Jul-23 00:00:00 (55.6%)
  2100-Aug-11 18:00:00 (61%)
  2100-Aug-31 12:00:00 (66.4%)
  2100-Sep-20 03:00:00 (71.8%)
  2100-Oct-09 21:00:00 (77.2%)
  2100-Oct-29 15:00:00 (82.6%)
  2100-Nov-18 10:00:00 (88.1%)
  2100-Dec-08 03:00:00 (93.5%)
  2100-Dec-27 21:00:00 (98.9%)
  2100-Dec-31 23:00:00 (100%)
Finished Program: 2014-Nov-17 08:40:53.207247
Elapsed Time: 00:00:35.961127
