instance.yaml
kiva v0.2.0-21-g785bfe1
Copyright (C) 2012-2014 Big Ladder Software
Web: www.bigladdersoftware.com

Starting Program: 2014-Nov-18 11:04:26.373395
Creating Domain...
  X Cells: 182
  Y Cells: 1
  Z Cells: 133
  Total Cells: 24206
Initializing Temperatures...
  2098-Nov-05 23:00:00
  2099-Jan-06 07:00:00
  2099-Jan-16 07:00:00
  2099-Jan-26 06:00:00
  2099-Feb-05 06:00:00
  2099-Feb-15 05:00:00
  2099-Feb-25 04:00:00
  2099-Mar-07 04:00:00
  2099-Mar-17 04:00:00
  2099-Mar-27 03:00:00
  2099-Apr-06 02:00:00
  2099-Apr-16 02:00:00
  2099-Apr-26 01:00:00
  2099-May-06 01:00:00
  2099-May-16 00:00:00
  2099-May-26 00:00:00
  2099-Jun-04 23:00:00
  2099-Jun-14 23:00:00
  2099-Jun-24 22:00:00
  2099-Jul-04 22:00:00
  2099-Jul-14 21:00:00
  2099-Jul-24 21:00:00
  2099-Aug-03 20:00:00
  2099-Aug-13 20:00:00
  2099-Aug-23 19:00:00
  2099-Sep-02 19:00:00
  2099-Sep-12 18:00:00
  2099-Sep-22 18:00:00
  2099-Oct-02 17:00:00
  2099-Oct-12 17:00:00
  2099-Oct-22 17:00:00
  2099-Nov-01 16:00:00
  2099-Nov-11 15:00:00
  2099-Nov-21 15:00:00
  2099-Dec-01 14:00:00
  2099-Dec-11 14:00:00
  2099-Dec-21 13:00:00
  2099-Dec-31 13:00:00
Beginning Simulation...
  2100-Jan-09 20:00:00 (2.4%)
  2100-Jan-19 02:00:00 (5%)
  2100-Jan-28 09:00:00 (7.5%)
  2100-Feb-06 15:00:00 (10%)
  2100-Feb-15 22:00:00 (12.6%)
  2100-Feb-25 04:00:00 (15.1%)
  2100-Mar-06 10:00:00 (17.6%)
  2100-Mar-15 17:00:00 (20.2%)
  2100-Mar-24 23:00:00 (22.7%)
  2100-Apr-03 06:00:00 (25.3%)
  2100-Apr-12 12:00:00 (27.8%)
  2100-Apr-21 18:00:00 (30.3%)
  2100-May-01 01:00:00 (32.9%)
  2100-May-10 07:00:00 (35.4%)
  2100-May-19 14:00:00 (38%)
  2100-May-28 20:00:00 (40.5%)
  2100-Jun-07 02:00:00 (43%)
  2100-Jun-16 09:00:00 (45.6%)
  2100-Jun-25 15:00:00 (48.1%)
  2100-Jul-04 22:00:00 (50.7%)
  2100-Jul-14 04:00:00 (53.2%)
  2100-Jul-23 11:00:00 (55.7%)
  2100-Aug-01 18:00:00 (58.3%)
  2100-Aug-11 00:00:00 (60.8%)
  2100-Aug-20 07:00:00 (63.4%)
  2100-Aug-29 14:00:00 (65.9%)
  2100-Sep-07 21:00:00 (68.5%)
  2100-Sep-17 03:00:00 (71%)
  2100-Sep-26 09:00:00 (73.5%)
  2100-Oct-05 16:00:00 (76.1%)
  2100-Oct-14 21:00:00 (78.6%)
  2100-Oct-24 03:00:00 (81.1%)
  2100-Nov-02 10:00:00 (83.7%)
  2100-Nov-11 17:00:00 (86.2%)
  2100-Nov-20 23:00:00 (88.8%)
  2100-Nov-30 06:00:00 (91.3%)
  2100-Dec-09 12:00:00 (93.8%)
  2100-Dec-18 18:00:00 (96.4%)
  2100-Dec-28 00:00:00 (98.9%)
  2100-Dec-31 23:00:00 (100%)
Finished Program: 2014-Nov-18 11:05:43.427773
Elapsed Time: 00:01:17.054378
