instance.yaml
kiva v0.2.0-9-g526928a
Copyright (C) 2012-2014 Big Ladder Software
Web: www.bigladdersoftware.com

Starting Program: 2014-Nov-15 11:22:45.637038
Creating Domain...
  X Cells: 227
  Y Cells: 1
  Z Cells: 96
  Total Cells: 21792
Initializing Temperatures...
  2098-Oct-15 23:00:00
  2099-Jan-05 12:00:00
  2099-Jan-15 16:00:00
  2099-Jan-25 21:00:00
  2099-Feb-05 01:00:00
  2099-Feb-15 06:00:00
  2099-Feb-25 10:00:00
  2099-Mar-07 15:00:00
  2099-Mar-17 19:00:00
  2099-Mar-28 00:00:00
  2099-Apr-07 04:00:00
  2099-Apr-17 09:00:00
  2099-Apr-27 13:00:00
  2099-May-07 18:00:00
  2099-May-17 23:00:00
  2099-May-28 03:00:00
  2099-Jun-07 08:00:00
  2099-Jun-17 12:00:00
  2099-Jun-27 17:00:00
  2099-Jul-07 22:00:00
  2099-Jul-18 02:00:00
  2099-Jul-28 07:00:00
  2099-Aug-07 11:00:00
  2099-Aug-17 16:00:00
  2099-Aug-27 20:00:00
  2099-Sep-07 01:00:00
  2099-Sep-17 05:00:00
  2099-Sep-27 10:00:00
  2099-Oct-07 14:00:00
  2099-Oct-17 18:00:00
  2099-Oct-27 23:00:00
  2099-Nov-07 03:00:00
  2099-Nov-17 08:00:00
  2099-Nov-27 13:00:00
  2099-Dec-07 17:00:00
  2099-Dec-17 22:00:00
  2099-Dec-28 02:00:00
Beginning Simulation...
  2100-Jan-07 03:00:00 (1.7%)
  2100-Jan-17 01:00:00 (4.4%)
  2100-Jan-27 00:00:00 (7.1%)
  2100-Feb-05 22:00:00 (9.8%)
  2100-Feb-15 21:00:00 (12.6%)
  2100-Feb-25 19:00:00 (15.3%)
  2100-Mar-07 18:00:00 (18%)
  2100-Mar-17 16:00:00 (20.7%)
  2100-Mar-27 15:00:00 (23.5%)
  2100-Apr-06 13:00:00 (26.2%)
  2100-Apr-16 12:00:00 (28.9%)
  2100-Apr-26 10:00:00 (31.6%)
  2100-May-06 09:00:00 (34.3%)
  2100-May-16 07:00:00 (37.1%)
  2100-May-26 06:00:00 (39.8%)
  2100-Jun-05 04:00:00 (42.5%)
  2100-Jun-15 03:00:00 (45.2%)
  2100-Jun-25 01:00:00 (48%)
  2100-Jul-04 23:00:00 (50.7%)
  2100-Jul-14 22:00:00 (53.4%)
  2100-Jul-24 20:00:00 (56.1%)
  2100-Aug-03 18:00:00 (58.8%)
  2100-Aug-13 17:00:00 (61.6%)
  2100-Aug-23 15:00:00 (64.3%)
  2100-Sep-02 13:00:00 (67%)
  2100-Sep-12 12:00:00 (69.7%)
  2100-Sep-22 10:00:00 (72.4%)
  2100-Oct-02 08:00:00 (75.2%)
  2100-Oct-12 06:00:00 (77.9%)
  2100-Oct-22 05:00:00 (80.6%)
  2100-Nov-01 03:00:00 (83.3%)
  2100-Nov-11 02:00:00 (86.1%)
  2100-Nov-21 00:00:00 (88.8%)
  2100-Nov-30 22:00:00 (91.5%)
  2100-Dec-10 21:00:00 (94.2%)
  2100-Dec-20 17:00:00 (96.9%)
  2100-Dec-30 15:00:00 (99.6%)
  2100-Dec-31 23:00:00 (100%)
Finished Program: 2014-Nov-15 11:23:59.134307
Elapsed Time: 00:01:13.497269
