instance.yaml
kiva v0.2.0-9-g526928a
Copyright (C) 2012-2014 Big Ladder Software
Web: www.bigladdersoftware.com

Starting Program: 2014-Oct-26 15:40:20.133866
Creating Domain...
  X Cells: 99
  Y Cells: 1
  Z Cells: 133
  Total Cells: 13167
Initializing Temperatures...
  2098-Nov-05 23:00:00
  2099-Jan-06 05:00:00
  2099-Jan-25 16:00:00
  2099-Feb-15 09:00:00
  2099-Mar-08 01:00:00
  2099-Mar-28 17:00:00
  2099-Apr-18 10:00:00
  2099-May-09 02:00:00
  2099-May-29 19:00:00
  2099-Jun-19 11:00:00
  2099-Jul-10 04:00:00
  2099-Jul-30 20:00:00
  2099-Aug-20 12:00:00
  2099-Sep-10 05:00:00
  2099-Sep-30 21:00:00
  2099-Oct-21 14:00:00
  2099-Nov-11 06:00:00
  2099-Dec-01 22:00:00
  2099-Dec-22 14:00:00
Beginning Simulation...
  2100-Jan-11 14:00:00 (2.9%)
  2100-Jan-30 22:00:00 (8.2%)
  2100-Feb-19 05:00:00 (13.5%)
  2100-Mar-10 12:00:00 (18.8%)
  2100-Mar-29 20:00:00 (24.1%)
  2100-Apr-18 03:00:00 (29.3%)
  2100-May-07 11:00:00 (34.6%)
  2100-May-26 19:00:00 (39.9%)
  2100-Jun-15 04:00:00 (45.3%)
  2100-Jul-04 12:00:00 (50.5%)
  2100-Jul-23 20:00:00 (55.8%)
  2100-Aug-12 04:00:00 (61.1%)
  2100-Aug-31 12:00:00 (66.4%)
  2100-Sep-19 20:00:00 (71.7%)
  2100-Oct-09 04:00:00 (77%)
  2100-Oct-28 08:00:00 (82.3%)
  2100-Nov-16 16:00:00 (87.6%)
  2100-Dec-05 23:00:00 (92.9%)
  2100-Dec-25 07:00:00 (98.2%)
  2100-Dec-31 23:00:00 (100%)
Finished Program: 2014-Oct-26 15:40:58.347336
Elapsed Time: 00:00:38.213470
