instance.yaml
kiva v0.2.0-21-g785bfe1
Copyright (C) 2012-2014 Big Ladder Software
Web: www.bigladdersoftware.com

Starting Program: 2014-Nov-18 11:12:27.660742
Creating Domain...
  X Cells: 98
  Y Cells: 1
  Z Cells: 113
  Total Cells: 11074
Initializing Temperatures...
  2098-Nov-05 23:00:00
  2099-Jan-17 13:00:00
  2099-Feb-08 01:00:00
  2099-Mar-01 14:00:00
  2099-Mar-23 02:00:00
  2099-Apr-13 15:00:00
  2099-May-05 03:00:00
  2099-May-26 16:00:00
  2099-Jun-17 04:00:00
  2099-Jul-08 17:00:00
  2099-Jul-30 05:00:00
  2099-Aug-20 18:00:00
  2099-Sep-11 07:00:00
  2099-Oct-02 19:00:00
  2099-Oct-24 08:00:00
  2099-Nov-14 21:00:00
  2099-Dec-06 09:00:00
  2099-Dec-27 22:00:00
Beginning Simulation...
  2100-Jan-18 00:00:00 (4.7%)
  2100-Feb-08 01:00:00 (10.4%)
  2100-Mar-01 02:00:00 (16.2%)
  2100-Mar-22 02:00:00 (21.9%)
  2100-Apr-12 03:00:00 (27.7%)
  2100-May-03 04:00:00 (33.5%)
  2100-May-24 05:00:00 (39.2%)
  2100-Jun-14 06:00:00 (45%)
  2100-Jul-05 08:00:00 (50.8%)
  2100-Jul-26 08:00:00 (56.5%)
  2100-Aug-16 10:00:00 (62.3%)
  2100-Sep-06 11:00:00 (68.1%)
  2100-Sep-27 12:00:00 (73.8%)
  2100-Oct-18 10:00:00 (79.6%)
  2100-Nov-08 11:00:00 (85.3%)
  2100-Nov-29 13:00:00 (91.1%)
  2100-Dec-20 14:00:00 (96.9%)
  2100-Dec-31 23:00:00 (100%)
Finished Program: 2014-Nov-18 11:13:02.542691
Elapsed Time: 00:00:34.881949
