instance.yaml
kiva v0.2.0-21-g785bfe1
Copyright (C) 2012-2014 Big Ladder Software
Web: www.bigladdersoftware.com

Starting Program: 2014-Nov-18 11:28:28.606029
Creating Domain...
  X Cells: 132
  Y Cells: 1
  Z Cells: 127
  Total Cells: 16764
Initializing Temperatures...
  2098-Oct-29 23:00:00
  2099-Jan-11 14:00:00
  2099-Jan-27 15:00:00
  2099-Feb-12 16:00:00
  2099-Feb-28 17:00:00
  2099-Mar-16 18:00:00
  2099-Apr-01 19:00:00
  2099-Apr-17 20:00:00
  2099-May-03 21:00:00
  2099-May-19 22:00:00
  2099-Jun-04 23:00:00
  2099-Jun-21 00:00:00
  2099-Jul-07 02:00:00
  2099-Jul-23 02:00:00
  2099-Aug-08 04:00:00
  2099-Aug-24 05:00:00
  2099-Sep-09 06:00:00
  2099-Sep-25 07:00:00
  2099-Oct-11 08:00:00
  2099-Oct-27 09:00:00
  2099-Nov-12 10:00:00
  2099-Nov-28 11:00:00
  2099-Dec-14 12:00:00
  2099-Dec-30 13:00:00
Beginning Simulation...
  2100-Jan-14 13:00:00 (3.7%)
  2100-Jan-29 11:00:00 (7.8%)
  2100-Feb-13 09:00:00 (11.9%)
  2100-Feb-28 07:00:00 (16%)
  2100-Mar-15 04:00:00 (20%)
  2100-Mar-30 01:00:00 (24.1%)
  2100-Apr-13 23:00:00 (28.2%)
  2100-Apr-28 21:00:00 (32.3%)
  2100-May-13 19:00:00 (36.4%)
  2100-May-28 17:00:00 (40.5%)
  2100-Jun-12 14:00:00 (44.5%)
  2100-Jun-27 12:00:00 (48.6%)
  2100-Jul-12 10:00:00 (52.7%)
  2100-Jul-27 08:00:00 (56.8%)
  2100-Aug-11 05:00:00 (60.9%)
  2100-Aug-26 03:00:00 (65%)
  2100-Sep-10 01:00:00 (69.1%)
  2100-Sep-24 23:00:00 (73.1%)
  2100-Oct-09 21:00:00 (77.2%)
  2100-Oct-24 19:00:00 (81.3%)
  2100-Nov-08 17:00:00 (85.4%)
  2100-Nov-23 14:00:00 (89.5%)
  2100-Dec-08 12:00:00 (93.6%)
  2100-Dec-23 10:00:00 (97.6%)
  2100-Dec-31 23:00:00 (100%)
Finished Program: 2014-Nov-18 11:29:16.574466
Elapsed Time: 00:00:47.968437
