instance.yaml
kiva v0.2.0-21-g785bfe1
Copyright (C) 2012-2014 Big Ladder Software
Web: www.bigladdersoftware.com

Starting Program: 2014-Nov-18 11:32:28.765624
Creating Domain...
  X Cells: 199
  Y Cells: 1
  Z Cells: 103
  Total Cells: 20497
Initializing Temperatures...
  2098-Oct-01 23:00:00
  2099-Jan-03 23:00:00
  2099-Jan-14 23:00:00
  2099-Jan-26 00:00:00
  2099-Feb-06 01:00:00
  2099-Feb-17 02:00:00
  2099-Feb-28 03:00:00
  2099-Mar-11 04:00:00
  2099-Mar-22 05:00:00
  2099-Apr-02 06:00:00
  2099-Apr-13 07:00:00
  2099-Apr-24 07:00:00
  2099-May-05 09:00:00
  2099-May-16 11:00:00
  2099-May-27 14:00:00
  2099-Jun-07 16:00:00
  2099-Jun-18 17:00:00
  2099-Jun-29 20:00:00
  2099-Jul-10 22:00:00
  2099-Jul-22 00:00:00
  2099-Aug-02 02:00:00
  2099-Aug-13 04:00:00
  2099-Aug-24 09:00:00
  2099-Sep-04 13:00:00
  2099-Sep-15 18:00:00
  2099-Sep-26 22:00:00
  2099-Oct-08 03:00:00
  2099-Oct-19 07:00:00
  2099-Oct-30 12:00:00
  2099-Nov-10 16:00:00
  2099-Nov-21 21:00:00
  2099-Dec-03 01:00:00
  2099-Dec-14 06:00:00
  2099-Dec-25 10:00:00
Beginning Simulation...
  2100-Jan-05 12:00:00 (1.2%)
  2100-Jan-16 11:00:00 (4.2%)
  2100-Jan-27 09:00:00 (7.2%)
  2100-Feb-07 07:00:00 (10.2%)
  2100-Feb-18 06:00:00 (13.2%)
  2100-Mar-01 04:00:00 (16.2%)
  2100-Mar-12 03:00:00 (19.2%)
  2100-Mar-23 01:00:00 (22.2%)
  2100-Apr-03 00:00:00 (25.2%)
  2100-Apr-13 23:00:00 (28.2%)
  2100-Apr-24 21:00:00 (31.2%)
  2100-May-05 20:00:00 (34.2%)
  2100-May-16 18:00:00 (37.2%)
  2100-May-27 17:00:00 (40.2%)
  2100-Jun-07 15:00:00 (43.2%)
  2100-Jun-18 14:00:00 (46.2%)
  2100-Jun-29 12:00:00 (49.2%)
  2100-Jul-10 11:00:00 (52.2%)
  2100-Jul-21 09:00:00 (55.2%)
  2100-Aug-01 07:00:00 (58.2%)
  2100-Aug-12 06:00:00 (61.2%)
  2100-Aug-23 05:00:00 (64.2%)
  2100-Sep-03 03:00:00 (67.2%)
  2100-Sep-14 02:00:00 (70.2%)
  2100-Sep-25 00:00:00 (73.2%)
  2100-Oct-05 23:00:00 (76.2%)
  2100-Oct-16 22:00:00 (79.2%)
  2100-Oct-27 19:00:00 (82.1%)
  2100-Nov-07 18:00:00 (85.1%)
  2100-Nov-18 17:00:00 (88.1%)
  2100-Nov-29 15:00:00 (91.1%)
  2100-Dec-10 14:00:00 (94.1%)
  2100-Dec-21 12:00:00 (97.1%)
  2100-Dec-31 23:00:00 (100%)
Finished Program: 2014-Nov-18 11:33:35.956513
Elapsed Time: 00:01:07.190889
