instance.yaml
kiva v0.2.0-21-g785bfe1
Copyright (C) 2012-2014 Big Ladder Software
Web: www.bigladdersoftware.com

Starting Program: 2014-Nov-18 11:14:27.321425
Creating Domain...
  X Cells: 212
  Y Cells: 1
  Z Cells: 133
  Total Cells: 28196
Initializing Temperatures...
Warning: Solution did not converge after 196 iterations.
  The final residual was: 0.221703
  Solver status: 2
  2098-Nov-12 23:00:00
  2099-Jan-05 18:00:00
  2099-Jan-14 06:00:00
  2099-Jan-22 18:00:00
  2099-Jan-31 06:00:00
  2099-Feb-08 18:00:00
  2099-Feb-17 06:00:00
  2099-Feb-25 17:00:00
  2099-Mar-06 05:00:00
  2099-Mar-14 17:00:00
  2099-Mar-23 05:00:00
  2099-Mar-31 17:00:00
  2099-Apr-09 05:00:00
  2099-Apr-17 17:00:00
  2099-Apr-26 05:00:00
  2099-May-04 17:00:00
  2099-May-13 05:00:00
  2099-May-21 17:00:00
  2099-May-30 05:00:00
  2099-Jun-07 17:00:00
  2099-Jun-16 05:00:00
  2099-Jun-24 17:00:00
  2099-Jul-03 05:00:00
  2099-Jul-11 17:00:00
  2099-Jul-20 05:00:00
  2099-Jul-28 17:00:00
  2099-Aug-06 05:00:00
  2099-Aug-14 17:00:00
  2099-Aug-23 05:00:00
  2099-Aug-31 17:00:00
  2099-Sep-09 05:00:00
  2099-Sep-17 17:00:00
  2099-Sep-26 05:00:00
  2099-Oct-04 16:00:00
  2099-Oct-13 04:00:00
  2099-Oct-21 16:00:00
  2099-Oct-30 04:00:00
  2099-Nov-07 16:00:00
  2099-Nov-16 04:00:00
  2099-Nov-24 16:00:00
  2099-Dec-03 04:00:00
  2099-Dec-11 16:00:00
  2099-Dec-20 04:00:00
  2099-Dec-28 16:00:00
Beginning Simulation...
  2100-Jan-05 20:00:00 (1.3%)
  2100-Jan-13 19:00:00 (3.5%)
  2100-Jan-21 17:00:00 (5.7%)
  2100-Jan-29 16:00:00 (7.9%)
  2100-Feb-06 15:00:00 (10%)
  2100-Feb-14 14:00:00 (12.2%)
  2100-Feb-22 12:00:00 (14.4%)
  2100-Mar-02 11:00:00 (16.6%)
  2100-Mar-10 10:00:00 (18.7%)
  2100-Mar-18 09:00:00 (20.9%)
  2100-Mar-26 07:00:00 (23.1%)
  2100-Apr-03 06:00:00 (25.3%)
  2100-Apr-11 05:00:00 (27.5%)
  2100-Apr-19 04:00:00 (29.6%)
  2100-Apr-27 02:00:00 (31.8%)
  2100-May-05 01:00:00 (34%)
  2100-May-13 00:00:00 (36.2%)
  2100-May-20 23:00:00 (38.3%)
  2100-May-28 22:00:00 (40.5%)
  2100-Jun-05 20:00:00 (42.7%)
  2100-Jun-13 19:00:00 (44.9%)
  2100-Jun-21 18:00:00 (47.1%)
  2100-Jun-29 16:00:00 (49.2%)
  2100-Jul-07 13:00:00 (51.4%)
  2100-Jul-15 09:00:00 (53.5%)
  2100-Jul-23 06:00:00 (55.7%)
  2100-Jul-31 03:00:00 (57.8%)
  2100-Aug-07 23:00:00 (60%)
  2100-Aug-15 20:00:00 (62.1%)
  2100-Aug-23 17:00:00 (64.3%)
  2100-Aug-31 14:00:00 (66.5%)
  2100-Sep-08 10:00:00 (68.6%)
  2100-Sep-16 07:00:00 (70.8%)
  2100-Sep-24 02:00:00 (72.9%)
  2100-Oct-01 23:00:00 (75.1%)
  2100-Oct-09 19:00:00 (77.2%)
  2100-Oct-17 16:00:00 (79.4%)
  2100-Oct-25 13:00:00 (81.5%)
  2100-Nov-02 09:00:00 (83.7%)
  2100-Nov-10 06:00:00 (85.8%)
  2100-Nov-18 03:00:00 (88%)
  2100-Nov-26 00:00:00 (90.1%)
  2100-Dec-03 21:00:00 (92.3%)
  2100-Dec-11 17:00:00 (94.4%)
  2100-Dec-19 14:00:00 (96.6%)
  2100-Dec-27 11:00:00 (98.8%)
  2100-Dec-31 23:00:00 (100%)
Finished Program: 2014-Nov-18 11:15:57.577154
Elapsed Time: 00:01:30.255729
