instance.yaml
kiva v0.2.0-9-g526928a
Copyright (C) 2012-2014 Big Ladder Software
Web: www.bigladdersoftware.com

Starting Program: 2014-Oct-26 15:44:00.664174
Creating Domain...
  X Cells: 97
  Y Cells: 1
  Z Cells: 113
  Total Cells: 10961
Initializing Temperatures...
  2098-Oct-01 23:00:00
  2099-Jan-08 16:00:00
  2099-Feb-01 15:00:00
  2099-Feb-25 18:00:00
  2099-Mar-21 22:00:00
  2099-Apr-15 01:00:00
  2099-May-09 05:00:00
  2099-Jun-02 08:00:00
  2099-Jun-26 12:00:00
  2099-Jul-20 15:00:00
  2099-Aug-13 18:00:00
  2099-Sep-06 21:00:00
  2099-Oct-01 01:00:00
  2099-Oct-25 05:00:00
  2099-Nov-18 08:00:00
  2099-Dec-12 12:00:00
Beginning Simulation...
  2100-Jan-05 13:00:00 (1.2%)
  2100-Jan-29 04:00:00 (7.7%)
  2100-Feb-21 20:00:00 (14.2%)
  2100-Mar-17 10:00:00 (20.7%)
  2100-Apr-10 01:00:00 (27.1%)
  2100-May-03 16:00:00 (33.6%)
  2100-May-27 07:00:00 (40.1%)
  2100-Jun-19 22:00:00 (46.6%)
  2100-Jul-13 12:00:00 (53%)
  2100-Aug-06 03:00:00 (59.5%)
  2100-Aug-29 18:00:00 (66%)
  2100-Sep-22 09:00:00 (72.4%)
  2100-Oct-16 00:00:00 (78.9%)
  2100-Nov-08 15:00:00 (85.4%)
  2100-Dec-02 06:00:00 (91.8%)
  2100-Dec-25 21:00:00 (98.3%)
  2100-Dec-31 23:00:00 (100%)
Finished Program: 2014-Oct-26 15:44:32.258378
Elapsed Time: 00:00:31.594204
