instance.yaml
kiva v0.2.0-9-g526928a
Copyright (C) 2012-2014 Big Ladder Software
Web: www.bigladdersoftware.com

Starting Program: 2014-Oct-26 15:36:10.024914
Creating Domain...
  X Cells: 131
  Y Cells: 1
  Z Cells: 96
  Total Cells: 12576
Initializing Temperatures...
  2098-Dec-31 23:00:00
  2099-Jan-14 23:00:00
  2099-Feb-03 08:00:00
  2099-Feb-22 18:00:00
  2099-Mar-14 04:00:00
  2099-Apr-02 14:00:00
  2099-Apr-21 23:00:00
  2099-May-11 09:00:00
  2099-May-30 19:00:00
  2099-Jun-19 05:00:00
  2099-Jul-08 14:00:00
  2099-Jul-28 00:00:00
  2099-Aug-16 10:00:00
  2099-Sep-04 20:00:00
  2099-Sep-24 06:00:00
  2099-Oct-13 16:00:00
  2099-Nov-02 02:00:00
  2099-Nov-21 11:00:00
  2099-Dec-10 21:00:00
  2099-Dec-30 07:00:00
Beginning Simulation...
  2100-Jan-18 07:00:00 (4.7%)
  2100-Feb-06 06:00:00 (9.9%)
  2100-Feb-25 05:00:00 (15.1%)
  2100-Mar-16 04:00:00 (20.3%)
  2100-Apr-04 03:00:00 (25.5%)
  2100-Apr-23 02:00:00 (30.7%)
  2100-May-12 01:00:00 (35.9%)
  2100-May-31 00:00:00 (41.1%)
  2100-Jun-18 23:00:00 (46.3%)
  2100-Jul-07 22:00:00 (51.5%)
  2100-Jul-26 21:00:00 (56.7%)
  2100-Aug-14 18:00:00 (61.8%)
  2100-Sep-02 17:00:00 (67%)
  2100-Sep-21 16:00:00 (72.2%)
  2100-Oct-10 15:00:00 (77.4%)
  2100-Oct-29 14:00:00 (82.6%)
  2100-Nov-17 13:00:00 (87.8%)
  2100-Dec-06 12:00:00 (93%)
  2100-Dec-25 11:00:00 (98.2%)
  2100-Dec-31 23:00:00 (100%)
Finished Program: 2014-Oct-26 15:36:49.343249
Elapsed Time: 00:00:39.318335
