instance.yaml
kiva v0.2.0-21-g785bfe1
Copyright (C) 2012-2014 Big Ladder Software
Web: www.bigladdersoftware.com

Starting Program: 2014-Nov-18 11:30:27.072882
Creating Domain...
  X Cells: 137
  Y Cells: 1
  Z Cells: 103
  Total Cells: 14111
Initializing Temperatures...
  2099-Jan-04 07:00:00
  2099-Jan-20 12:00:00
  2099-Feb-05 17:00:00
  2099-Feb-21 22:00:00
  2099-Mar-10 04:00:00
  2099-Mar-26 10:00:00
  2099-Apr-11 15:00:00
  2099-Apr-27 21:00:00
  2099-May-14 03:00:00
  2099-May-30 08:00:00
  2099-Jun-15 14:00:00
  2099-Jul-01 20:00:00
  2099-Jul-18 01:00:00
  2099-Aug-03 07:00:00
  2099-Aug-19 12:00:00
  2099-Sep-04 18:00:00
  2099-Sep-21 00:00:00
  2099-Oct-07 05:00:00
  2099-Oct-23 11:00:00
  2099-Nov-08 17:00:00
  2099-Nov-24 23:00:00
  2099-Dec-11 04:00:00
  2099-Dec-27 10:00:00
Beginning Simulation...
  2100-Jan-12 08:00:00 (3.1%)
  2100-Jan-28 03:00:00 (7.4%)
  2100-Feb-12 22:00:00 (11.8%)
  2100-Feb-28 17:00:00 (16.1%)
  2100-Mar-16 13:00:00 (20.4%)
  2100-Apr-01 11:00:00 (24.8%)
  2100-Apr-17 10:00:00 (29.2%)
  2100-May-03 08:00:00 (33.5%)
  2100-May-19 06:00:00 (37.9%)
  2100-Jun-04 04:00:00 (42.2%)
  2100-Jun-20 03:00:00 (46.6%)
  2100-Jul-06 01:00:00 (51%)
  2100-Jul-22 00:00:00 (55.3%)
  2100-Aug-06 21:00:00 (59.7%)
  2100-Aug-22 20:00:00 (64.1%)
  2100-Sep-07 18:00:00 (68.4%)
  2100-Sep-23 17:00:00 (72.8%)
  2100-Oct-09 15:00:00 (77.2%)
  2100-Oct-25 13:00:00 (81.5%)
  2100-Nov-10 12:00:00 (85.9%)
  2100-Nov-26 10:00:00 (90.3%)
  2100-Dec-12 09:00:00 (94.6%)
  2100-Dec-28 07:00:00 (99%)
  2100-Dec-31 23:00:00 (100%)
Finished Program: 2014-Nov-18 11:31:13.231678
Elapsed Time: 00:00:46.158796
