instance.yaml
kiva v0.2.0-22-gd89b213
Copyright (C) 2012-2014 Big Ladder Software
Web: www.bigladdersoftware.com

Starting Program: 2014-Nov-19 10:45:43.514911
Creating Domain...
  X Cells: 189
  Y Cells: 1
  Z Cells: 158
  Total Cells: 29862
Initializing Temperatures...
  2098-Oct-15 23:00:00
  2099-Jan-02 18:00:00
  2099-Jan-09 18:00:00
  2099-Jan-16 19:00:00
  2099-Jan-23 20:00:00
  2099-Jan-30 20:00:00
  2099-Feb-06 21:00:00
  2099-Feb-13 21:00:00
  2099-Feb-20 22:00:00
  2099-Feb-27 23:00:00
  2099-Mar-06 23:00:00
  2099-Mar-14 00:00:00
  2099-Mar-21 00:00:00
  2099-Mar-28 01:00:00
  2099-Apr-04 01:00:00
  2099-Apr-11 02:00:00
  2099-Apr-18 03:00:00
  2099-Apr-25 04:00:00
  2099-May-02 04:00:00
  2099-May-09 05:00:00
  2099-May-16 06:00:00
  2099-May-23 07:00:00
  2099-May-30 08:00:00
  2099-Jun-06 09:00:00
  2099-Jun-13 09:00:00
  2099-Jun-20 10:00:00
  2099-Jun-27 11:00:00
  2099-Jul-04 12:00:00
  2099-Jul-11 13:00:00
  2099-Jul-18 13:00:00
  2099-Jul-25 14:00:00
  2099-Aug-01 15:00:00
  2099-Aug-08 15:00:00
  2099-Aug-15 16:00:00
  2099-Aug-22 17:00:00
  2099-Aug-29 18:00:00
  2099-Sep-05 18:00:00
  2099-Sep-12 19:00:00
  2099-Sep-19 20:00:00
  2099-Sep-26 21:00:00
  2099-Oct-03 22:00:00
  2099-Oct-10 23:00:00
  2099-Oct-18 00:00:00
  2099-Oct-25 01:00:00
  2099-Nov-01 02:00:00
  2099-Nov-08 02:00:00
  2099-Nov-15 03:00:00
  2099-Nov-22 02:00:00
  2099-Nov-29 03:00:00
  2099-Dec-06 04:00:00
  2099-Dec-13 04:00:00
  2099-Dec-20 05:00:00
  2099-Dec-27 06:00:00
Beginning Simulation...
  2100-Jan-03 02:00:00 (0.6%)
  2100-Jan-09 13:00:00 (2.3%)
  2100-Jan-16 00:00:00 (4.1%)
  2100-Jan-22 11:00:00 (5.9%)
  2100-Jan-28 22:00:00 (7.6%)
  2100-Feb-04 09:00:00 (9.4%)
  2100-Feb-10 20:00:00 (11.2%)
  2100-Feb-17 07:00:00 (13%)
  2100-Feb-23 18:00:00 (14.7%)
  2100-Mar-02 05:00:00 (16.5%)
  2100-Mar-08 16:00:00 (18.3%)
  2100-Mar-15 03:00:00 (20%)
  2100-Mar-21 14:00:00 (21.8%)
  2100-Mar-28 01:00:00 (23.6%)
  2100-Apr-03 12:00:00 (25.3%)
  2100-Apr-09 23:00:00 (27.1%)
  2100-Apr-16 10:00:00 (28.9%)
  2100-Apr-22 21:00:00 (30.7%)
  2100-Apr-29 09:00:00 (32.4%)
  2100-May-05 20:00:00 (34.2%)
  2100-May-12 07:00:00 (36%)
  2100-May-18 18:00:00 (37.7%)
  2100-May-25 06:00:00 (39.5%)
  2100-May-31 17:00:00 (41.3%)
  2100-Jun-07 04:00:00 (43.1%)
  2100-Jun-13 16:00:00 (44.8%)
  2100-Jun-20 03:00:00 (46.6%)
  2100-Jun-26 14:00:00 (48.4%)
  2100-Jul-03 01:00:00 (50.1%)
  2100-Jul-09 12:00:00 (51.9%)
  2100-Jul-15 23:00:00 (53.7%)
  2100-Jul-22 11:00:00 (55.5%)
  2100-Jul-28 22:00:00 (57.2%)
  2100-Aug-04 09:00:00 (59%)
  2100-Aug-10 20:00:00 (60.8%)
  2100-Aug-17 07:00:00 (62.5%)
  2100-Aug-23 18:00:00 (64.3%)
  2100-Aug-30 05:00:00 (66.1%)
  2100-Sep-05 16:00:00 (67.9%)
  2100-Sep-12 03:00:00 (69.6%)
  2100-Sep-18 14:00:00 (71.4%)
  2100-Sep-25 01:00:00 (73.2%)
  2100-Oct-01 12:00:00 (74.9%)
  2100-Oct-08 00:00:00 (76.7%)
  2100-Oct-14 11:00:00 (78.5%)
  2100-Oct-20 22:00:00 (80.3%)
  2100-Oct-27 09:00:00 (82%)
  2100-Nov-02 20:00:00 (83.8%)
  2100-Nov-09 09:00:00 (85.6%)
  2100-Nov-15 21:00:00 (87.4%)
  2100-Nov-22 09:00:00 (89.1%)
  2100-Nov-28 22:00:00 (90.9%)
  2100-Dec-05 10:00:00 (92.7%)
  2100-Dec-11 21:00:00 (94.5%)
  2100-Dec-18 09:00:00 (96.3%)
  2100-Dec-24 22:00:00 (98.1%)
  2100-Dec-31 10:00:00 (99.8%)
  2100-Dec-31 23:00:00 (100%)
Finished Program: 2014-Nov-19 10:47:33.086613
Elapsed Time: 00:01:49.571702
