instance.yaml
kiva v0.2.0-20-g4c7c200
Copyright (C) 2012-2014 Big Ladder Software
Web: www.bigladdersoftware.com

Starting Program: 2014-Nov-17 14:09:19.974327
Creating Domain...
  X Cells: 126
  Y Cells: 1
  Z Cells: 132
  Total Cells: 16632
Initializing Temperatures...
  2099-Jan-04 23:00:00
  2099-Jan-19 19:00:00
  2099-Feb-03 15:00:00
  2099-Feb-18 11:00:00
  2099-Mar-05 07:00:00
  2099-Mar-20 04:00:00
  2099-Apr-04 00:00:00
  2099-Apr-18 20:00:00
  2099-May-03 16:00:00
  2099-May-18 13:00:00
  2099-Jun-02 09:00:00
  2099-Jun-17 05:00:00
  2099-Jul-02 01:00:00
  2099-Jul-16 21:00:00
  2099-Jul-31 18:00:00
  2099-Aug-15 14:00:00
  2099-Aug-30 10:00:00
  2099-Sep-14 06:00:00
  2099-Sep-29 03:00:00
  2099-Oct-13 23:00:00
  2099-Oct-28 19:00:00
  2099-Nov-12 15:00:00
  2099-Nov-27 11:00:00
  2099-Dec-12 07:00:00
  2099-Dec-27 03:00:00
Beginning Simulation...
  2100-Jan-10 08:00:00 (2.6%)
  2100-Jan-24 06:00:00 (6.4%)
  2100-Feb-07 03:00:00 (10.2%)
  2100-Feb-21 01:00:00 (14%)
  2100-Mar-06 23:00:00 (17.8%)
  2100-Mar-20 21:00:00 (21.6%)
  2100-Apr-03 18:00:00 (25.4%)
  2100-Apr-17 16:00:00 (29.2%)
  2100-May-01 13:00:00 (33%)
  2100-May-15 11:00:00 (36.8%)
  2100-May-29 09:00:00 (40.7%)
  2100-Jun-12 06:00:00 (44.5%)
  2100-Jun-26 04:00:00 (48.3%)
  2100-Jul-10 02:00:00 (52.1%)
  2100-Jul-23 23:00:00 (55.9%)
  2100-Aug-06 21:00:00 (59.7%)
  2100-Aug-20 19:00:00 (63.5%)
  2100-Sep-03 17:00:00 (67.3%)
  2100-Sep-17 14:00:00 (71.1%)
  2100-Oct-01 11:00:00 (74.9%)
  2100-Oct-15 09:00:00 (78.7%)
  2100-Oct-29 06:00:00 (82.5%)
  2100-Nov-12 04:00:00 (86.3%)
  2100-Nov-26 02:00:00 (90.2%)
  2100-Dec-10 00:00:00 (94%)
  2100-Dec-23 22:00:00 (97.8%)
  2100-Dec-31 23:00:00 (100%)
Finished Program: 2014-Nov-17 14:10:11.581392
Elapsed Time: 00:00:51.607065
