instance.yaml
kiva v0.2.0-9-g526928a
Copyright (C) 2012-2014 Big Ladder Software
Web: www.bigladdersoftware.com

Starting Program: 2014-Nov-15 11:51:45.610041
Creating Domain...
  X Cells: 174
  Y Cells: 1
  Z Cells: 133
  Total Cells: 23142
Initializing Temperatures...
  2098-Oct-01 23:00:00
  2099-Jan-04 08:00:00
  2099-Jan-15 07:00:00
  2099-Jan-26 06:00:00
  2099-Feb-06 05:00:00
  2099-Feb-17 04:00:00
  2099-Feb-28 03:00:00
  2099-Mar-11 02:00:00
  2099-Mar-22 01:00:00
  2099-Apr-02 00:00:00
  2099-Apr-13 00:00:00
  2099-Apr-23 22:00:00
  2099-May-04 21:00:00
  2099-May-15 20:00:00
  2099-May-26 19:00:00
  2099-Jun-06 18:00:00
  2099-Jun-17 18:00:00
  2099-Jun-28 17:00:00
  2099-Jul-09 16:00:00
  2099-Jul-20 15:00:00
  2099-Jul-31 14:00:00
  2099-Aug-11 14:00:00
  2099-Aug-22 13:00:00
  2099-Sep-02 12:00:00
  2099-Sep-13 11:00:00
  2099-Sep-24 11:00:00
  2099-Oct-05 10:00:00
  2099-Oct-16 09:00:00
  2099-Oct-27 08:00:00
  2099-Nov-07 08:00:00
  2099-Nov-18 07:00:00
  2099-Nov-29 06:00:00
  2099-Dec-10 05:00:00
  2099-Dec-21 05:00:00
Beginning Simulation...
  2100-Jan-01 04:00:00 (0%)
  2100-Jan-11 05:00:00 (2.8%)
  2100-Jan-21 07:00:00 (5.6%)
  2100-Jan-31 08:00:00 (8.3%)
  2100-Feb-10 10:00:00 (11.1%)
  2100-Feb-20 11:00:00 (13.8%)
  2100-Mar-02 13:00:00 (16.6%)
  2100-Mar-12 14:00:00 (19.3%)
  2100-Mar-22 15:00:00 (22.1%)
  2100-Apr-01 16:00:00 (24.8%)
  2100-Apr-11 18:00:00 (27.6%)
  2100-Apr-21 20:00:00 (30.4%)
  2100-May-01 21:00:00 (33.1%)
  2100-May-11 23:00:00 (35.9%)
  2100-May-22 01:00:00 (38.6%)
  2100-Jun-01 02:00:00 (41.4%)
  2100-Jun-11 04:00:00 (44.2%)
  2100-Jun-21 06:00:00 (46.9%)
  2100-Jul-01 07:00:00 (49.7%)
  2100-Jul-11 09:00:00 (52.4%)
  2100-Jul-21 11:00:00 (55.2%)
  2100-Jul-31 12:00:00 (57.9%)
  2100-Aug-10 06:00:00 (60.6%)
  2100-Aug-20 08:00:00 (63.4%)
  2100-Aug-30 10:00:00 (66.1%)
  2100-Sep-09 11:00:00 (68.9%)
  2100-Sep-19 13:00:00 (71.7%)
  2100-Sep-29 15:00:00 (74.4%)
  2100-Oct-09 17:00:00 (77.2%)
  2100-Oct-19 19:00:00 (79.9%)
  2100-Oct-29 20:00:00 (82.7%)
  2100-Nov-08 22:00:00 (85.5%)
  2100-Nov-19 00:00:00 (88.2%)
  2100-Nov-29 01:00:00 (91%)
  2100-Dec-09 03:00:00 (93.7%)
  2100-Dec-19 02:00:00 (96.5%)
  2100-Dec-29 04:00:00 (99.2%)
  2100-Dec-31 23:00:00 (100%)
Finished Program: 2014-Nov-15 11:52:56.280377
Elapsed Time: 00:01:10.670336
