instance.yaml
kiva v0.2.0-19-ge248292
Copyright (C) 2012-2014 Big Ladder Software
Web: www.bigladdersoftware.com

Starting Program: 2014-Nov-17 08:44:13.950032
Creating Domain...
  X Cells: 131
  Y Cells: 1
  Z Cells: 103
  Total Cells: 13493
Initializing Temperatures...
  2099-Jan-06 15:00:00
  2099-Jan-23 14:00:00
  2099-Feb-09 13:00:00
  2099-Feb-26 12:00:00
  2099-Mar-15 12:00:00
  2099-Apr-01 11:00:00
  2099-Apr-18 11:00:00
  2099-May-05 11:00:00
  2099-May-22 10:00:00
  2099-Jun-08 10:00:00
  2099-Jun-25 10:00:00
  2099-Jul-12 09:00:00
  2099-Jul-29 09:00:00
  2099-Aug-15 08:00:00
  2099-Sep-01 08:00:00
  2099-Sep-18 07:00:00
  2099-Oct-05 07:00:00
  2099-Oct-22 07:00:00
  2099-Nov-08 07:00:00
  2099-Nov-25 06:00:00
  2099-Dec-12 06:00:00
  2099-Dec-29 06:00:00
Beginning Simulation...
  2100-Jan-14 20:00:00 (3.8%)
  2100-Jan-31 09:00:00 (8.3%)
  2100-Feb-16 21:00:00 (12.8%)
  2100-Mar-05 10:00:00 (17.4%)
  2100-Mar-21 23:00:00 (21.9%)
  2100-Apr-07 11:00:00 (26.4%)
  2100-Apr-24 00:00:00 (31%)
  2100-May-10 12:00:00 (35.5%)
  2100-May-27 01:00:00 (40%)
  2100-Jun-12 14:00:00 (44.5%)
  2100-Jun-29 02:00:00 (49.1%)
  2100-Jul-11 15:00:00 (52.5%)
  2100-Jul-21 23:00:00 (55.3%)
  2100-Aug-07 11:00:00 (59.9%)
  2100-Aug-24 00:00:00 (64.4%)
  2100-Sep-05 04:00:00 (67.7%)
  2100-Sep-21 17:00:00 (72.2%)
  2100-Oct-08 06:00:00 (76.8%)
  2100-Oct-24 19:00:00 (81.3%)
  2100-Nov-10 07:00:00 (85.8%)
  2100-Nov-26 20:00:00 (90.4%)
  2100-Dec-13 09:00:00 (94.9%)
  2100-Dec-29 21:00:00 (99.4%)
  2100-Dec-31 23:00:00 (100%)
Finished Program: 2014-Nov-17 08:44:59.127066
Elapsed Time: 00:00:45.177034
