instance.yaml
kiva v0.2.0-19-ge248292
Copyright (C) 2012-2014 Big Ladder Software
Web: www.bigladdersoftware.com

Starting Program: 2014-Nov-17 08:46:13.383651
Creating Domain...
  X Cells: 71
  Y Cells: 1
  Z Cells: 113
  Total Cells: 8023
Initializing Temperatures...
  2099-Jan-01 15:00:00
  2099-Jan-29 00:00:00
  2099-Feb-25 10:00:00
  2099-Mar-24 20:00:00
  2099-Apr-21 06:00:00
  2099-May-18 17:00:00
  2099-Jun-15 03:00:00
  2099-Jul-12 13:00:00
  2099-Aug-09 00:00:00
  2099-Sep-05 10:00:00
  2099-Oct-02 20:00:00
  2099-Oct-30 06:00:00
  2099-Nov-26 17:00:00
  2099-Dec-24 03:00:00
Beginning Simulation...
  2100-Jan-20 08:00:00 (5.3%)
  2100-Feb-16 10:00:00 (12.7%)
  2100-Mar-15 13:00:00 (20.1%)
  2100-Apr-11 16:00:00 (27.6%)
  2100-May-08 19:00:00 (35%)
  2100-Jun-04 22:00:00 (42.4%)
  2100-Jul-02 01:00:00 (49.9%)
  2100-Jul-29 04:00:00 (57.3%)
  2100-Aug-15 19:00:00 (62.1%)
  2100-Sep-11 22:00:00 (69.6%)
  2100-Oct-09 01:00:00 (77%)
  2100-Nov-05 04:00:00 (84.4%)
  2100-Dec-02 07:00:00 (91.9%)
  2100-Dec-29 10:00:00 (99.3%)
  2100-Dec-31 23:00:00 (100%)
Finished Program: 2014-Nov-17 08:46:41.094485
Elapsed Time: 00:00:27.710834
