instance.yaml
kiva v0.2.0-19-ge248292
Copyright (C) 2012-2014 Big Ladder Software
Web: www.bigladdersoftware.com

Starting Program: 2014-Nov-17 08:41:13.845086
Creating Domain...
  X Cells: 87
  Y Cells: 1
  Z Cells: 113
  Total Cells: 9831
Initializing Temperatures...
  2099-Jan-15 05:00:00
  2099-Feb-06 19:00:00
  2099-Mar-01 10:00:00
  2099-Mar-24 00:00:00
  2099-Apr-15 14:00:00
  2099-May-08 05:00:00
  2099-May-30 19:00:00
  2099-Jun-22 10:00:00
  2099-Jul-15 00:00:00
  2099-Aug-06 15:00:00
  2099-Aug-29 05:00:00
  2099-Sep-20 20:00:00
  2099-Oct-13 11:00:00
  2099-Nov-05 01:00:00
  2099-Nov-27 16:00:00
  2099-Dec-20 07:00:00
Beginning Simulation...
  2100-Jan-11 15:00:00 (2.9%)
  2100-Feb-02 17:00:00 (9%)
  2100-Feb-24 19:00:00 (15%)
  2100-Mar-18 21:00:00 (21.1%)
  2100-Apr-09 23:00:00 (27.1%)
  2100-May-02 02:00:00 (33.2%)
  2100-May-24 04:00:00 (39.2%)
  2100-Jun-15 06:00:00 (45.3%)
  2100-Jul-07 09:00:00 (51.3%)
  2100-Jul-29 11:00:00 (57.4%)
  2100-Aug-20 13:00:00 (63.4%)
  2100-Sep-11 16:00:00 (69.5%)
  2100-Oct-03 18:00:00 (75.5%)
  2100-Oct-25 21:00:00 (81.6%)
  2100-Nov-16 23:00:00 (87.7%)
  2100-Dec-09 01:00:00 (93.7%)
  2100-Dec-31 03:00:00 (99.8%)
  2100-Dec-31 23:00:00 (100%)
Finished Program: 2014-Nov-17 08:41:47.037948
Elapsed Time: 00:00:33.192862
