instance.yaml
kiva v0.2.0-19-ge248292
Copyright (C) 2012-2014 Big Ladder Software
Web: www.bigladdersoftware.com

Starting Program: 2014-Nov-17 08:43:12.885404
Creating Domain...
  X Cells: 65
  Y Cells: 1
  Z Cells: 125
  Total Cells: 8125
Initializing Temperatures...
lis_matrix.c(685) : lis_matrix_set_value : error ILL_ARG :i(=0) or j(=-1) are less than 0
lis_matrix.c(685) : lis_matrix_set_value : error ILL_ARG :i(=0) or j(=-65) are less than 0
lis_matrix.c(685) : lis_matrix_set_value : error ILL_ARG :i(=1) or j(=-64) are less than 0
lis_matrix.c(685) : lis_matrix_set_value : error ILL_ARG :i(=2) or j(=-63) are less than 0
lis_matrix.c(685) : lis_matrix_set_value : error ILL_ARG :i(=3) or j(=-62) are less than 0
Warning: Solution did not converge after 100001 iterations.
  The final residual was: nan
  Solver status: 4
  2098-Oct-01 23:00:00
lis_matrix.c(685) : lis_matrix_set_value : error ILL_ARG :i(=0) or j(=-1) are less than 0
lis_matrix.c(685) : lis_matrix_set_value : error ILL_ARG :i(=0) or j(=-65) are less than 0
lis_matrix.c(685) : lis_matrix_set_value : error ILL_ARG :i(=1) or j(=-64) are less than 0
lis_matrix.c(685) : lis_matrix_set_value : error ILL_ARG :i(=2) or j(=-63) are less than 0
lis_matrix.c(685) : lis_matrix_set_value : error ILL_ARG :i(=3) or j(=-62) are less than 0
Warning: Solution did not converge after 100001 iterations.
  The final residual was: -nan
  Solver status: 4
  2098-Oct-08 23:00:00
lis_matrix.c(685) : lis_matrix_set_value : error ILL_ARG :i(=0) or j(=-1) are less than 0
lis_matrix.c(685) : lis_matrix_set_value : error ILL_ARG :i(=0) or j(=-65) are less than 0
lis_matrix.c(685) : lis_matrix_set_value : error ILL_ARG :i(=1) or j(=-64) are less than 0
lis_matrix.c(685) : lis_matrix_set_value : error ILL_ARG :i(=2) or j(=-63) are less than 0
lis_matrix.c(685) : lis_matrix_set_value : error ILL_ARG :i(=3) or j(=-62) are less than 0
Warning: Solution did not converge after 100001 iterations.
  The final residual was: -nan
  Solver status: 4
  2098-Oct-15 23:00:00
lis_matrix.c(685) : lis_matrix_set_value : error ILL_ARG :i(=0) or j(=-1) are less than 0
lis_matrix.c(685) : lis_matrix_set_value : error ILL_ARG :i(=0) or j(=-65) are less than 0
lis_matrix.c(685) : lis_matrix_set_value : error ILL_ARG :i(=1) or j(=-64) are less than 0
lis_matrix.c(685) : lis_matrix_set_value : error ILL_ARG :i(=2) or j(=-63) are less than 0
lis_matrix.c(685) : lis_matrix_set_value : error ILL_ARG :i(=3) or j(=-62) are less than 0
Warning: Solution did not converge after 100001 iterations.
  The final residual was: -nan
  Solver status: 4
  2098-Oct-22 23:00:00
lis_matrix.c(685) : lis_matrix_set_value : error ILL_ARG :i(=0) or j(=-1) are less than 0
lis_matrix.c(685) : lis_matrix_set_value : error ILL_ARG :i(=0) or j(=-65) are less than 0
lis_matrix.c(685) : lis_matrix_set_value : error ILL_ARG :i(=1) or j(=-64) are less than 0
lis_matrix.c(685) : lis_matrix_set_value : error ILL_ARG :i(=2) or j(=-63) are less than 0
lis_matrix.c(685) : lis_matrix_set_value : error ILL_ARG :i(=3) or j(=-62) are less than 0
Warning: Solution did not converge after 100001 iterations.
  The final residual was: -nan
  Solver status: 4
  2098-Oct-29 23:00:00
lis_matrix.c(685) : lis_matrix_set_value : error ILL_ARG :i(=0) or j(=-1) are less than 0
lis_matrix.c(685) : lis_matrix_set_value : error ILL_ARG :i(=0) or j(=-65) are less than 0
lis_matrix.c(685) : lis_matrix_set_value : error ILL_ARG :i(=1) or j(=-64) are less than 0
lis_matrix.c(685) : lis_matrix_set_value : error ILL_ARG :i(=2) or j(=-63) are less than 0
lis_matrix.c(685) : lis_matrix_set_value : error ILL_ARG :i(=3) or j(=-62) are less than 0
Warning: Solution did not converge after 100001 iterations.
  The final residual was: -nan
  Solver status: 4
  2098-Nov-05 23:00:00
lis_matrix.c(685) : lis_matrix_set_value : error ILL_ARG :i(=0) or j(=-1) are less than 0
lis_matrix.c(685) : lis_matrix_set_value : error ILL_ARG :i(=0) or j(=-65) are less than 0
lis_matrix.c(685) : lis_matrix_set_value : error ILL_ARG :i(=1) or j(=-64) are less than 0
lis_matrix.c(685) : lis_matrix_set_value : error ILL_ARG :i(=2) or j(=-63) are less than 0
lis_matrix.c(685) : lis_matrix_set_value : error ILL_ARG :i(=3) or j(=-62) are less than 0
Warning: Solution did not converge after 100001 iterations.
  The final residual was: -nan
  Solver status: 4
  2098-Nov-12 23:00:00
lis_matrix.c(685) : lis_matrix_set_value : error ILL_ARG :i(=0) or j(=-1) are less than 0
lis_matrix.c(685) : lis_matrix_set_value : error ILL_ARG :i(=0) or j(=-65) are less than 0
lis_matrix.c(685) : lis_matrix_set_value : error ILL_ARG :i(=1) or j(=-64) are less than 0
lis_matrix.c(685) : lis_matrix_set_value : error ILL_ARG :i(=2) or j(=-63) are less than 0
lis_matrix.c(685) : lis_matrix_set_value : error ILL_ARG :i(=3) or j(=-62) are less than 0
Warning: Solution did not converge after 100001 iterations.
  The final residual was: -nan
  Solver status: 4
  2098-Nov-19 23:00:00
lis_matrix.c(685) : lis_matrix_set_value : error ILL_ARG :i(=0) or j(=-1) are less than 0
lis_matrix.c(685) : lis_matrix_set_value : error ILL_ARG :i(=0) or j(=-65) are less than 0
lis_matrix.c(685) : lis_matrix_set_value : error ILL_ARG :i(=1) or j(=-64) are less than 0
lis_matrix.c(685) : lis_matrix_set_value : error ILL_ARG :i(=2) or j(=-63) are less than 0
lis_matrix.c(685) : lis_matrix_set_value : error ILL_ARG :i(=3) or j(=-62) are less than 0
Warning: Solution did not converge after 100001 iterations.
  The final residual was: -nan
  Solver status: 4
  2098-Nov-26 23:00:00
lis_matrix.c(685) : lis_matrix_set_value : error ILL_ARG :i(=0) or j(=-1) are less than 0
lis_matrix.c(685) : lis_matrix_set_value : error ILL_ARG :i(=0) or j(=-65) are less than 0
lis_matrix.c(685) : lis_matrix_set_value : error ILL_ARG :i(=1) or j(=-64) are less than 0
lis_matrix.c(685) : lis_matrix_set_value : error ILL_ARG :i(=2) or j(=-63) are less than 0
lis_matrix.c(685) : lis_matrix_set_value : error ILL_ARG :i(=3) or j(=-62) are less than 0
Warning: Solution did not converge after 100001 iterations.
  The final residual was: -nan
  Solver status: 4
  2098-Dec-03 23:00:00
lis_matrix.c(685) : lis_matrix_set_value : error ILL_ARG :i(=0) or j(=-1) are less than 0
lis_matrix.c(685) : lis_matrix_set_value : error ILL_ARG :i(=0) or j(=-65) are less than 0
lis_matrix.c(685) : lis_matrix_set_value : error ILL_ARG :i(=1) or j(=-64) are less than 0
lis_matrix.c(685) : lis_matrix_set_value : error ILL_ARG :i(=2) or j(=-63) are less than 0
lis_matrix.c(685) : lis_matrix_set_value : error ILL_ARG :i(=3) or j(=-62) are less than 0
Warning: Solution did not converge after 100001 iterations.
  The final residual was: -nan
  Solver status: 4
  2098-Dec-10 23:00:00
lis_matrix.c(685) : lis_matrix_set_value : error ILL_ARG :i(=0) or j(=-1) are less than 0
lis_matrix.c(685) : lis_matrix_set_value : error ILL_ARG :i(=0) or j(=-65) are less than 0
lis_matrix.c(685) : lis_matrix_set_value : error ILL_ARG :i(=1) or j(=-64) are less than 0
lis_matrix.c(685) : lis_matrix_set_value : error ILL_ARG :i(=2) or j(=-63) are less than 0
lis_matrix.c(685) : lis_matrix_set_value : error ILL_ARG :i(=3) or j(=-62) are less than 0
Warning: Solution did not converge after 100001 iterations.
  The final residual was: -nan
  Solver status: 4
  2098-Dec-17 23:00:00
lis_matrix.c(685) : lis_matrix_set_value : error ILL_ARG :i(=0) or j(=-1) are less than 0
lis_matrix.c(685) : lis_matrix_set_value : error ILL_ARG :i(=0) or j(=-65) are less than 0
lis_matrix.c(685) : lis_matrix_set_value : error ILL_ARG :i(=1) or j(=-64) are less than 0
lis_matrix.c(685) : lis_matrix_set_value : error ILL_ARG :i(=2) or j(=-63) are less than 0
lis_matrix.c(685) : lis_matrix_set_value : error ILL_ARG :i(=3) or j(=-62) are less than 0
Warning: Solution did not converge after 100001 iterations.
  The final residual was: -nan
  Solver status: 4
  2098-Dec-24 23:00:00
lis_matrix.c(685) : lis_matrix_set_value : error ILL_ARG :i(=0) or j(=-1) are less than 0
lis_matrix.c(685) : lis_matrix_set_value : error ILL_ARG :i(=0) or j(=-65) are less than 0
lis_matrix.c(685) : lis_matrix_set_value : error ILL_ARG :i(=1) or j(=-64) are less than 0
lis_matrix.c(685) : lis_matrix_set_value : error ILL_ARG :i(=2) or j(=-63) are less than 0
lis_matrix.c(685) : lis_matrix_set_value : error ILL_ARG :i(=3) or j(=-62) are less than 0
Warning: Solution did not converge after 100001 iterations.
  The final residual was: -nan
  Solver status: 4
  2098-Dec-31 23:00:00
  2099-Jan-19 09:00:00
  2099-Feb-17 22:00:00
  2099-Mar-19 12:00:00
  2099-Apr-18 01:00:00
  2099-May-17 15:00:00
  2099-Jun-16 04:00:00
  2099-Jul-15 17:00:00
  2099-Aug-14 07:00:00
  2099-Sep-12 20:00:00
  2099-Oct-12 09:00:00
  2099-Nov-10 23:00:00
  2099-Dec-10 12:00:00
Beginning Simulation...
  2100-Jan-08 10:00:00 (2%)
  2100-Feb-04 13:00:00 (9.5%)
  2100-Mar-03 16:00:00 (16.9%)
  2100-Mar-30 19:00:00 (24.3%)
  2100-Apr-26 22:00:00 (31.8%)
  2100-May-24 01:00:00 (39.2%)
  2100-Jun-20 04:00:00 (46.6%)
  2100-Jul-17 07:00:00 (54.1%)
  2100-Aug-13 10:00:00 (61.5%)
  2100-Sep-09 13:00:00 (68.9%)
  2100-Oct-06 14:00:00 (76.3%)
  2100-Nov-02 18:00:00 (83.8%)
  2100-Nov-29 21:00:00 (91.2%)
  2100-Dec-27 00:00:00 (98.6%)
  2100-Dec-31 23:00:00 (100%)
Finished Program: 2014-Nov-17 08:46:32.183499
Elapsed Time: 00:03:19.298095
