instance.yaml
kiva v0.2.0-22-gd89b213
Copyright (C) 2012-2014 Big Ladder Software
Web: www.bigladdersoftware.com

Starting Program: 2014-Nov-19 10:36:43.370528
Creating Domain...
  X Cells: 180
  Y Cells: 1
  Z Cells: 125
  Total Cells: 22500
Initializing Temperatures...
  2098-Nov-12 23:00:00
  2099-Jan-07 15:00:00
  2099-Jan-18 01:00:00
  2099-Jan-28 10:00:00
  2099-Feb-07 20:00:00
  2099-Feb-18 06:00:00
  2099-Feb-28 15:00:00
  2099-Mar-11 00:00:00
  2099-Mar-21 10:00:00
  2099-Mar-31 20:00:00
  2099-Apr-11 05:00:00
  2099-Apr-21 15:00:00
  2099-May-02 00:00:00
  2099-May-12 10:00:00
  2099-May-22 20:00:00
  2099-Jun-02 05:00:00
  2099-Jun-12 15:00:00
  2099-Jun-23 03:00:00
  2099-Jul-03 16:00:00
  2099-Jul-14 06:00:00
  2099-Jul-24 19:00:00
  2099-Aug-04 09:00:00
  2099-Aug-14 23:00:00
  2099-Aug-25 12:00:00
  2099-Sep-05 02:00:00
  2099-Sep-15 15:00:00
  2099-Sep-26 05:00:00
  2099-Oct-06 19:00:00
  2099-Oct-17 08:00:00
  2099-Oct-27 22:00:00
  2099-Nov-07 12:00:00
  2099-Nov-18 01:00:00
  2099-Nov-28 15:00:00
  2099-Dec-09 05:00:00
  2099-Dec-19 18:00:00
  2099-Dec-30 08:00:00
Beginning Simulation...
  2100-Jan-09 06:00:00 (2.3%)
  2100-Jan-19 02:00:00 (5%)
  2100-Jan-28 21:00:00 (7.6%)
  2100-Feb-07 16:00:00 (10.3%)
  2100-Feb-17 12:00:00 (13%)
  2100-Feb-27 07:00:00 (15.7%)
  2100-Mar-09 02:00:00 (18.4%)
  2100-Mar-18 21:00:00 (21.1%)
  2100-Mar-28 17:00:00 (23.8%)
  2100-Apr-07 12:00:00 (26.4%)
  2100-Apr-17 07:00:00 (29.1%)
  2100-Apr-27 03:00:00 (31.8%)
  2100-May-06 22:00:00 (34.5%)
  2100-May-16 17:00:00 (37.2%)
  2100-May-26 12:00:00 (39.9%)
  2100-Jun-05 07:00:00 (42.5%)
  2100-Jun-15 03:00:00 (45.2%)
  2100-Jun-24 22:00:00 (47.9%)
  2100-Jul-04 17:00:00 (50.6%)
  2100-Jul-14 13:00:00 (53.3%)
  2100-Jul-24 08:00:00 (56%)
  2100-Aug-03 03:00:00 (58.7%)
  2100-Aug-12 23:00:00 (61.4%)
  2100-Aug-22 18:00:00 (64%)
  2100-Sep-01 13:00:00 (66.7%)
  2100-Sep-11 09:00:00 (69.4%)
  2100-Sep-21 04:00:00 (72.1%)
  2100-Sep-30 23:00:00 (74.8%)
  2100-Oct-10 18:00:00 (77.5%)
  2100-Oct-20 13:00:00 (80.1%)
  2100-Oct-30 09:00:00 (82.8%)
  2100-Nov-09 04:00:00 (85.5%)
  2100-Nov-18 23:00:00 (88.2%)
  2100-Nov-28 17:00:00 (90.9%)
  2100-Dec-08 12:00:00 (93.6%)
  2100-Dec-18 08:00:00 (96.3%)
  2100-Dec-28 03:00:00 (98.9%)
  2100-Dec-31 23:00:00 (100%)
Finished Program: 2014-Nov-19 10:37:56.393478
Elapsed Time: 00:01:13.022950
