instance.yaml
kiva v0.2.0-22-gd89b213
Copyright (C) 2012-2014 Big Ladder Software
Web: www.bigladdersoftware.com

Starting Program: 2014-Nov-19 10:45:46.570932
Creating Domain...
  X Cells: 247
  Y Cells: 1
  Z Cells: 96
  Total Cells: 23712
Initializing Temperatures...
  2098-Oct-22 23:00:00
  2099-Jan-04 14:00:00
  2099-Jan-13 11:00:00
  2099-Jan-22 08:00:00
  2099-Jan-31 05:00:00
  2099-Feb-09 01:00:00
  2099-Feb-17 22:00:00
  2099-Feb-26 19:00:00
  2099-Mar-07 16:00:00
  2099-Mar-16 12:00:00
  2099-Mar-25 09:00:00
  2099-Apr-03 06:00:00
  2099-Apr-12 03:00:00
  2099-Apr-21 00:00:00
  2099-Apr-29 21:00:00
  2099-May-08 17:00:00
  2099-May-17 14:00:00
  2099-May-26 11:00:00
  2099-Jun-04 08:00:00
  2099-Jun-13 05:00:00
  2099-Jun-22 02:00:00
  2099-Jun-30 23:00:00
  2099-Jul-09 20:00:00
  2099-Jul-18 17:00:00
  2099-Jul-27 13:00:00
  2099-Aug-05 10:00:00
  2099-Aug-14 07:00:00
  2099-Aug-23 04:00:00
  2099-Sep-01 01:00:00
  2099-Sep-09 22:00:00
  2099-Sep-18 19:00:00
  2099-Sep-27 16:00:00
  2099-Oct-06 13:00:00
  2099-Oct-15 10:00:00
  2099-Oct-24 06:00:00
  2099-Nov-02 03:00:00
  2099-Nov-11 00:00:00
  2099-Nov-19 21:00:00
  2099-Nov-28 18:00:00
  2099-Dec-07 15:00:00
  2099-Dec-16 12:00:00
  2099-Dec-25 09:00:00
Beginning Simulation...
  2100-Jan-03 05:00:00 (0.6%)
  2100-Jan-11 22:00:00 (3%)
  2100-Jan-20 15:00:00 (5.4%)
  2100-Jan-29 09:00:00 (7.8%)
  2100-Feb-07 03:00:00 (10.2%)
  2100-Feb-15 21:00:00 (12.6%)
  2100-Feb-24 15:00:00 (15%)
  2100-Mar-05 09:00:00 (17.4%)
  2100-Mar-14 03:00:00 (19.8%)
  2100-Mar-22 22:00:00 (22.2%)
  2100-Mar-31 16:00:00 (24.6%)
  2100-Apr-09 10:00:00 (27%)
  2100-Apr-18 04:00:00 (29.4%)
  2100-Apr-26 22:00:00 (31.8%)
  2100-May-05 16:00:00 (34.2%)
  2100-May-14 10:00:00 (36.6%)
  2100-May-23 04:00:00 (38.9%)
  2100-May-31 23:00:00 (41.4%)
  2100-Jun-09 17:00:00 (43.8%)
  2100-Jun-18 11:00:00 (46.2%)
  2100-Jun-27 05:00:00 (48.6%)
  2100-Jul-05 23:00:00 (50.9%)
  2100-Jul-14 18:00:00 (53.4%)
  2100-Jul-23 12:00:00 (55.8%)
  2100-Aug-01 06:00:00 (58.2%)
  2100-Aug-10 00:00:00 (60.5%)
  2100-Aug-18 18:00:00 (62.9%)
  2100-Aug-27 12:00:00 (65.3%)
  2100-Sep-05 06:00:00 (67.7%)
  2100-Sep-14 01:00:00 (70.1%)
  2100-Sep-22 19:00:00 (72.5%)
  2100-Oct-01 13:00:00 (74.9%)
  2100-Oct-10 06:00:00 (77.3%)
  2100-Oct-19 00:00:00 (79.7%)
  2100-Oct-27 19:00:00 (82.1%)
  2100-Nov-05 13:00:00 (84.5%)
  2100-Nov-14 07:00:00 (86.9%)
  2100-Nov-23 01:00:00 (89.3%)
  2100-Dec-01 19:00:00 (91.7%)
  2100-Dec-10 13:00:00 (94.1%)
  2100-Dec-19 08:00:00 (96.5%)
  2100-Dec-28 02:00:00 (98.9%)
  2100-Dec-31 23:00:00 (100%)
Finished Program: 2014-Nov-19 10:47:10.446015
Elapsed Time: 00:01:23.875083
