instance.yaml
kiva v0.2.0-21-g785bfe1
Copyright (C) 2012-2014 Big Ladder Software
Web: www.bigladdersoftware.com

Starting Program: 2014-Nov-18 11:28:24.696893
Creating Domain...
  X Cells: 99
  Y Cells: 1
  Z Cells: 125
  Total Cells: 12375
Initializing Temperatures...
  2098-Oct-15 23:00:00
  2099-Jan-14 12:00:00
  2099-Feb-04 01:00:00
  2099-Feb-24 14:00:00
  2099-Mar-17 04:00:00
  2099-Apr-06 17:00:00
  2099-Apr-27 07:00:00
  2099-May-17 21:00:00
  2099-Jun-07 10:00:00
  2099-Jun-28 00:00:00
  2099-Jul-18 14:00:00
  2099-Aug-08 03:00:00
  2099-Aug-28 17:00:00
  2099-Sep-18 07:00:00
  2099-Oct-08 21:00:00
  2099-Oct-29 11:00:00
  2099-Nov-19 00:00:00
  2099-Dec-09 14:00:00
  2099-Dec-30 03:00:00
Beginning Simulation...
  2100-Jan-18 05:00:00 (4.7%)
  2100-Feb-06 03:00:00 (9.9%)
  2100-Feb-25 01:00:00 (15.1%)
  2100-Mar-15 23:00:00 (20.3%)
  2100-Apr-03 22:00:00 (25.5%)
  2100-Apr-22 20:00:00 (30.6%)
  2100-May-11 19:00:00 (35.8%)
  2100-May-30 17:00:00 (41%)
  2100-Jun-18 16:00:00 (46.2%)
  2100-Jul-07 15:00:00 (51.4%)
  2100-Jul-26 13:00:00 (56.6%)
  2100-Aug-14 12:00:00 (61.8%)
  2100-Sep-02 11:00:00 (67%)
  2100-Sep-21 06:00:00 (72.1%)
  2100-Oct-10 03:00:00 (77.3%)
  2100-Oct-29 02:00:00 (82.5%)
  2100-Nov-17 01:00:00 (87.7%)
  2100-Dec-05 23:00:00 (92.9%)
  2100-Dec-24 21:00:00 (98%)
  2100-Dec-31 23:00:00 (100%)
Finished Program: 2014-Nov-18 11:29:02.374472
Elapsed Time: 00:00:37.677579
