instance.yaml
kiva v0.2.0-21-g785bfe1
Copyright (C) 2012-2014 Big Ladder Software
Web: www.bigladdersoftware.com

Starting Program: 2014-Nov-18 11:14:22.943640
Creating Domain...
  X Cells: 91
  Y Cells: 1
  Z Cells: 96
  Total Cells: 8736
Initializing Temperatures...
  2099-Jan-15 10:00:00
  2099-Feb-09 10:00:00
  2099-Mar-06 10:00:00
  2099-Mar-31 09:00:00
  2099-Apr-25 09:00:00
  2099-May-20 09:00:00
  2099-Jun-14 09:00:00
  2099-Jul-09 08:00:00
  2099-Aug-03 08:00:00
  2099-Aug-28 08:00:00
  2099-Sep-22 08:00:00
  2099-Oct-17 08:00:00
  2099-Nov-11 08:00:00
  2099-Dec-06 08:00:00
  2099-Dec-31 08:00:00
Beginning Simulation...
  2100-Jan-24 17:00:00 (6.5%)
  2100-Feb-18 02:00:00 (13.2%)
  2100-Mar-14 11:00:00 (19.9%)
  2100-Apr-07 20:00:00 (26.5%)
  2100-May-02 06:00:00 (33.2%)
  2100-May-26 15:00:00 (39.9%)
  2100-Jun-20 01:00:00 (46.6%)
  2100-Jul-14 10:00:00 (53.3%)
  2100-Aug-07 19:00:00 (59.9%)
  2100-Sep-01 05:00:00 (66.6%)
  2100-Sep-25 14:00:00 (73.3%)
  2100-Oct-20 00:00:00 (80%)
  2100-Nov-13 09:00:00 (86.7%)
  2100-Dec-07 18:00:00 (93.4%)
  2100-Dec-31 23:00:00 (100%)
Finished Program: 2014-Nov-18 11:14:52.993918
Elapsed Time: 00:00:30.050278
