instance.yaml
kiva v0.2.0-21-g785bfe1
Copyright (C) 2012-2014 Big Ladder Software
Web: www.bigladdersoftware.com

Starting Program: 2014-Nov-18 11:25:28.408957
Creating Domain...
  X Cells: 99
  Y Cells: 1
  Z Cells: 113
  Total Cells: 11187
Initializing Temperatures...
  2099-Jan-01 10:00:00
  2099-Jan-21 09:00:00
  2099-Feb-10 08:00:00
  2099-Mar-02 08:00:00
  2099-Mar-22 07:00:00
  2099-Apr-11 06:00:00
  2099-May-01 05:00:00
  2099-May-21 05:00:00
  2099-Jun-10 04:00:00
  2099-Jun-30 03:00:00
  2099-Jul-20 02:00:00
  2099-Aug-09 01:00:00
  2099-Aug-29 01:00:00
  2099-Sep-18 00:00:00
  2099-Oct-07 23:00:00
  2099-Oct-27 22:00:00
  2099-Nov-16 21:00:00
  2099-Dec-06 21:00:00
  2099-Dec-26 20:00:00
Beginning Simulation...
  2100-Jan-15 12:00:00 (4%)
  2100-Feb-04 01:00:00 (9.3%)
  2100-Feb-23 15:00:00 (14.7%)
  2100-Mar-15 05:00:00 (20.1%)
  2100-Apr-03 18:00:00 (25.4%)
  2100-Apr-23 08:00:00 (30.8%)
  2100-May-12 22:00:00 (36.1%)
  2100-Jun-01 12:00:00 (41.5%)
  2100-Jun-21 02:00:00 (46.9%)
  2100-Jul-10 16:00:00 (52.2%)
  2100-Jul-30 06:00:00 (57.6%)
  2100-Aug-18 20:00:00 (63%)
  2100-Sep-07 10:00:00 (68.3%)
  2100-Sep-26 23:00:00 (73.7%)
  2100-Oct-16 11:00:00 (79%)
  2100-Nov-05 00:00:00 (84.4%)
  2100-Nov-24 15:00:00 (89.8%)
  2100-Dec-14 04:00:00 (95.1%)
  2100-Dec-31 23:00:00 (100%)
Finished Program: 2014-Nov-18 11:26:05.909303
Elapsed Time: 00:00:37.500346
