instance.yaml
kiva v0.2.0-20-g4c7c200
Copyright (C) 2012-2014 Big Ladder Software
Web: www.bigladdersoftware.com

Starting Program: 2014-Nov-17 14:07:18.053192
Creating Domain...
  X Cells: 97
  Y Cells: 1
  Z Cells: 125
  Total Cells: 12125
Initializing Temperatures...
  2099-Jan-06 19:00:00
  2099-Jan-26 05:00:00
  2099-Feb-14 15:00:00
  2099-Mar-06 01:00:00
  2099-Mar-25 11:00:00
  2099-Apr-13 22:00:00
  2099-May-03 08:00:00
  2099-May-22 18:00:00
  2099-Jun-11 03:00:00
  2099-Jun-30 13:00:00
  2099-Jul-20 00:00:00
  2099-Aug-08 10:00:00
  2099-Aug-27 21:00:00
  2099-Sep-16 07:00:00
  2099-Oct-05 18:00:00
  2099-Oct-25 04:00:00
  2099-Nov-13 15:00:00
  2099-Dec-03 02:00:00
  2099-Dec-22 12:00:00
Beginning Simulation...
  2100-Jan-10 05:00:00 (2.5%)
  2100-Jan-28 05:00:00 (7.5%)
  2100-Feb-15 05:00:00 (12.4%)
  2100-Mar-05 04:00:00 (17.3%)
  2100-Mar-23 05:00:00 (22.2%)
  2100-Apr-10 05:00:00 (27.2%)
  2100-Apr-28 05:00:00 (32.1%)
  2100-May-16 05:00:00 (37%)
  2100-Jun-03 05:00:00 (42%)
  2100-Jun-21 06:00:00 (46.9%)
  2100-Jul-09 06:00:00 (51.8%)
  2100-Jul-27 07:00:00 (56.8%)
  2100-Aug-14 07:00:00 (61.7%)
  2100-Sep-01 08:00:00 (66.7%)
  2100-Sep-19 06:00:00 (71.6%)
  2100-Oct-07 08:00:00 (76.5%)
  2100-Oct-25 10:00:00 (81.5%)
  2100-Nov-12 12:00:00 (86.4%)
  2100-Nov-30 13:00:00 (91.4%)
  2100-Dec-18 14:00:00 (96.3%)
  2100-Dec-31 23:00:00 (100%)
Finished Program: 2014-Nov-17 14:07:57.741257
Elapsed Time: 00:00:39.688065
