instance.yaml
kiva v0.2.0-22-gd89b213
Copyright (C) 2012-2014 Big Ladder Software
Web: www.bigladdersoftware.com

Starting Program: 2014-Nov-19 10:42:44.889735
Creating Domain...
  X Cells: 241
  Y Cells: 1
  Z Cells: 103
  Total Cells: 24823
Initializing Temperatures...
  2098-Dec-24 23:00:00
  2099-Jan-09 05:00:00
  2099-Jan-18 01:00:00
  2099-Jan-26 20:00:00
  2099-Feb-04 16:00:00
  2099-Feb-13 12:00:00
  2099-Feb-22 08:00:00
  2099-Mar-03 04:00:00
  2099-Mar-12 00:00:00
  2099-Mar-20 19:00:00
  2099-Mar-29 15:00:00
  2099-Apr-07 11:00:00
  2099-Apr-16 07:00:00
  2099-Apr-25 03:00:00
  2099-May-03 23:00:00
  2099-May-12 19:00:00
  2099-May-21 15:00:00
  2099-May-30 11:00:00
  2099-Jun-08 06:00:00
  2099-Jun-17 02:00:00
  2099-Jun-25 22:00:00
  2099-Jul-04 18:00:00
  2099-Jul-13 14:00:00
  2099-Jul-22 10:00:00
  2099-Jul-31 06:00:00
  2099-Aug-09 02:00:00
  2099-Aug-17 22:00:00
  2099-Aug-26 18:00:00
  2099-Sep-04 14:00:00
  2099-Sep-13 10:00:00
  2099-Sep-22 06:00:00
  2099-Oct-01 02:00:00
  2099-Oct-09 22:00:00
  2099-Oct-18 18:00:00
  2099-Oct-27 14:00:00
  2099-Nov-05 09:00:00
  2099-Nov-14 05:00:00
  2099-Nov-23 01:00:00
  2099-Dec-01 21:00:00
  2099-Dec-10 17:00:00
  2099-Dec-19 13:00:00
  2099-Dec-28 09:00:00
Beginning Simulation...
  2100-Jan-06 03:00:00 (1.4%)
  2100-Jan-14 20:00:00 (3.8%)
  2100-Jan-23 12:00:00 (6.2%)
  2100-Feb-01 05:00:00 (8.6%)
  2100-Feb-09 21:00:00 (10.9%)
  2100-Feb-18 14:00:00 (13.3%)
  2100-Feb-27 07:00:00 (15.7%)
  2100-Mar-08 00:00:00 (18.1%)
  2100-Mar-16 16:00:00 (20.5%)
  2100-Mar-25 09:00:00 (22.8%)
  2100-Apr-03 02:00:00 (25.2%)
  2100-Apr-11 18:00:00 (27.6%)
  2100-Apr-20 11:00:00 (30%)
  2100-Apr-29 04:00:00 (32.4%)
  2100-May-07 21:00:00 (34.8%)
  2100-May-16 14:00:00 (37.1%)
  2100-May-25 06:00:00 (39.5%)
  2100-Jun-02 23:00:00 (41.9%)
  2100-Jun-11 16:00:00 (44.3%)
  2100-Jun-20 09:00:00 (46.7%)
  2100-Jun-29 02:00:00 (49.1%)
  2100-Jul-07 19:00:00 (51.4%)
  2100-Jul-16 11:00:00 (53.8%)
  2100-Jul-25 04:00:00 (56.2%)
  2100-Aug-02 21:00:00 (58.6%)
  2100-Aug-11 14:00:00 (61%)
  2100-Aug-20 07:00:00 (63.4%)
  2100-Aug-29 00:00:00 (65.8%)
  2100-Sep-06 16:00:00 (68.1%)
  2100-Sep-15 09:00:00 (70.5%)
  2100-Sep-24 02:00:00 (72.9%)
  2100-Oct-02 19:00:00 (75.3%)
  2100-Oct-11 12:00:00 (77.7%)
  2100-Oct-20 05:00:00 (80.1%)
  2100-Oct-28 20:00:00 (82.4%)
  2100-Nov-06 13:00:00 (84.8%)
  2100-Nov-15 06:00:00 (87.2%)
  2100-Nov-23 23:00:00 (89.6%)
  2100-Dec-02 16:00:00 (92%)
  2100-Dec-11 08:00:00 (94.3%)
  2100-Dec-20 01:00:00 (96.7%)
  2100-Dec-28 18:00:00 (99.1%)
  2100-Dec-31 23:00:00 (100%)
Finished Program: 2014-Nov-19 10:44:09.370909
Elapsed Time: 00:01:24.481174
