instance.yaml
kiva v0.2.0-19-ge248292
Copyright (C) 2012-2014 Big Ladder Software
Web: www.bigladdersoftware.com

Starting Program: 2014-Nov-17 08:46:13.241892
Creating Domain...
  X Cells: 106
  Y Cells: 1
  Z Cells: 113
  Total Cells: 11978
Initializing Temperatures...
  2099-Jan-04 04:00:00
  2099-Jan-22 22:00:00
  2099-Feb-10 16:00:00
  2099-Mar-01 09:00:00
  2099-Mar-20 03:00:00
  2099-Apr-07 20:00:00
  2099-Apr-26 14:00:00
  2099-May-15 08:00:00
  2099-Jun-03 02:00:00
  2099-Jun-21 20:00:00
  2099-Jul-10 14:00:00
  2099-Jul-29 08:00:00
  2099-Aug-17 02:00:00
  2099-Sep-04 20:00:00
  2099-Sep-23 14:00:00
  2099-Oct-12 07:00:00
  2099-Oct-31 01:00:00
  2099-Nov-18 19:00:00
  2099-Dec-07 13:00:00
  2099-Dec-26 07:00:00
Beginning Simulation...
  2100-Jan-13 18:00:00 (3.5%)
  2100-Feb-01 01:00:00 (8.5%)
  2100-Feb-12 23:00:00 (11.8%)
  2100-Mar-03 07:00:00 (16.8%)
  2100-Mar-21 15:00:00 (21.8%)
  2100-Apr-08 22:00:00 (26.8%)
  2100-Apr-27 07:00:00 (31.9%)
  2100-May-15 15:00:00 (36.9%)
  2100-Jun-02 23:00:00 (41.9%)
  2100-Jun-21 07:00:00 (46.9%)
  2100-Jul-09 15:00:00 (52%)
  2100-Jul-27 23:00:00 (57%)
  2100-Aug-15 02:00:00 (61.9%)
  2100-Sep-02 10:00:00 (67%)
  2100-Sep-20 18:00:00 (72%)
  2100-Oct-09 02:00:00 (77%)
  2100-Oct-27 10:00:00 (82%)
  2100-Nov-14 19:00:00 (87.1%)
  2100-Dec-03 03:00:00 (92.1%)
  2100-Dec-21 11:00:00 (97.1%)
  2100-Dec-31 23:00:00 (100%)
Finished Program: 2014-Nov-17 08:46:53.574191
Elapsed Time: 00:00:40.332299
