instance.yaml
kiva v0.2.0-21-g785bfe1
Copyright (C) 2012-2014 Big Ladder Software
Web: www.bigladdersoftware.com

Starting Program: 2014-Nov-18 10:48:24.195434
Creating Domain...
  X Cells: 119
  Y Cells: 1
  Z Cells: 96
  Total Cells: 11424
Initializing Temperatures...
  2099-Jan-05 04:00:00
  2099-Jan-24 04:00:00
  2099-Feb-12 04:00:00
  2099-Mar-03 05:00:00
  2099-Mar-22 05:00:00
  2099-Apr-10 06:00:00
  2099-Apr-29 06:00:00
  2099-May-18 07:00:00
  2099-Jun-06 07:00:00
  2099-Jun-25 08:00:00
  2099-Jul-14 08:00:00
  2099-Aug-02 09:00:00
  2099-Aug-21 09:00:00
  2099-Sep-09 10:00:00
  2099-Sep-28 10:00:00
  2099-Oct-17 11:00:00
  2099-Nov-05 12:00:00
  2099-Nov-24 12:00:00
  2099-Dec-13 13:00:00
Beginning Simulation...
  2100-Jan-01 13:00:00 (0.1%)
  2100-Jan-20 05:00:00 (5.3%)
  2100-Feb-07 21:00:00 (10.4%)
  2100-Feb-26 13:00:00 (15.5%)
  2100-Mar-17 04:00:00 (20.6%)
  2100-Apr-04 21:00:00 (25.7%)
  2100-Apr-23 14:00:00 (30.8%)
  2100-May-12 07:00:00 (36%)
  2100-May-31 00:00:00 (41.1%)
  2100-Jun-18 17:00:00 (46.2%)
  2100-Jul-07 11:00:00 (51.4%)
  2100-Jul-26 04:00:00 (56.5%)
  2100-Aug-13 21:00:00 (61.6%)
  2100-Sep-01 14:00:00 (66.7%)
  2100-Sep-20 06:00:00 (71.8%)
  2100-Oct-08 21:00:00 (77%)
  2100-Oct-27 14:00:00 (82.1%)
  2100-Nov-15 07:00:00 (87.2%)
  2100-Dec-04 00:00:00 (92.3%)
  2100-Dec-22 17:00:00 (97.5%)
  2100-Dec-31 23:00:00 (100%)
Finished Program: 2014-Nov-18 10:49:03.495782
Elapsed Time: 00:00:39.300348
