instance.yaml
kiva v0.2.0-19-ge248292
Copyright (C) 2012-2014 Big Ladder Software
Web: www.bigladdersoftware.com

Starting Program: 2014-Nov-17 08:42:13.780219
Creating Domain...
  X Cells: 101
  Y Cells: 1
  Z Cells: 133
  Total Cells: 13433
Initializing Temperatures...
  2098-Oct-01 23:00:00
  2099-Jan-10 15:00:00
  2099-Jan-29 05:00:00
  2099-Feb-16 19:00:00
  2099-Mar-07 09:00:00
  2099-Mar-25 23:00:00
  2099-Apr-13 13:00:00
  2099-May-02 03:00:00
  2099-May-20 17:00:00
  2099-Jun-08 07:00:00
  2099-Jun-26 21:00:00
  2099-Jul-15 10:00:00
  2099-Aug-03 00:00:00
  2099-Aug-21 14:00:00
  2099-Sep-09 04:00:00
  2099-Sep-27 18:00:00
  2099-Oct-16 08:00:00
  2099-Nov-03 23:00:00
  2099-Nov-22 13:00:00
  2099-Dec-11 03:00:00
  2099-Dec-29 17:00:00
Beginning Simulation...
  2100-Jan-16 00:00:00 (4.1%)
  2100-Feb-02 03:00:00 (8.8%)
  2100-Feb-19 06:00:00 (13.5%)
  2100-Mar-08 08:00:00 (18.2%)
  2100-Mar-25 11:00:00 (22.9%)
  2100-Apr-11 14:00:00 (27.6%)
  2100-Apr-28 17:00:00 (32.2%)
  2100-May-15 20:00:00 (36.9%)
  2100-Jun-01 23:00:00 (41.6%)
  2100-Jun-19 01:00:00 (46.3%)
  2100-Jul-02 17:00:00 (50.1%)
  2100-Jul-19 20:00:00 (54.7%)
  2100-Aug-05 23:00:00 (59.4%)
  2100-Aug-23 02:00:00 (64.1%)
  2100-Sep-09 05:00:00 (68.8%)
  2100-Sep-26 09:00:00 (73.5%)
  2100-Oct-13 12:00:00 (78.2%)
  2100-Oct-30 15:00:00 (82.9%)
  2100-Nov-16 18:00:00 (87.6%)
  2100-Dec-03 21:00:00 (92.3%)
  2100-Dec-21 00:00:00 (97%)
  2100-Dec-31 23:00:00 (100%)
Finished Program: 2014-Nov-17 08:42:55.641937
Elapsed Time: 00:00:41.861718
