instance.yaml
kiva v0.2.0-21-g785bfe1
Copyright (C) 2012-2014 Big Ladder Software
Web: www.bigladdersoftware.com

Starting Program: 2014-Nov-18 11:19:26.822384
Creating Domain...
  X Cells: 154
  Y Cells: 1
  Z Cells: 125
  Total Cells: 19250
Initializing Temperatures...
  2099-Jan-05 02:00:00
  2099-Jan-17 01:00:00
  2099-Jan-29 01:00:00
  2099-Feb-10 00:00:00
  2099-Feb-22 00:00:00
  2099-Mar-05 23:00:00
  2099-Mar-17 23:00:00
  2099-Mar-29 22:00:00
  2099-Apr-10 22:00:00
  2099-Apr-22 21:00:00
  2099-May-04 21:00:00
  2099-May-16 20:00:00
  2099-May-28 20:00:00
  2099-Jun-09 20:00:00
  2099-Jun-21 19:00:00
  2099-Jul-03 19:00:00
  2099-Jul-15 18:00:00
  2099-Jul-27 17:00:00
  2099-Aug-08 17:00:00
  2099-Aug-20 17:00:00
  2099-Sep-01 16:00:00
  2099-Sep-13 16:00:00
  2099-Sep-25 16:00:00
  2099-Oct-07 16:00:00
  2099-Oct-19 16:00:00
  2099-Oct-31 15:00:00
  2099-Nov-12 15:00:00
  2099-Nov-24 15:00:00
  2099-Dec-06 14:00:00
  2099-Dec-18 14:00:00
  2099-Dec-30 14:00:00
Beginning Simulation...
  2100-Jan-10 18:00:00 (2.7%)
  2100-Jan-21 20:00:00 (5.7%)
  2100-Feb-01 21:00:00 (8.7%)
  2100-Feb-12 23:00:00 (11.8%)
  2100-Feb-24 01:00:00 (14.8%)
  2100-Mar-07 03:00:00 (17.8%)
  2100-Mar-18 04:00:00 (20.9%)
  2100-Mar-29 06:00:00 (23.9%)
  2100-Apr-09 07:00:00 (26.9%)
  2100-Apr-20 09:00:00 (30%)
  2100-May-01 11:00:00 (33%)
  2100-May-12 12:00:00 (36%)
  2100-May-23 14:00:00 (39.1%)
  2100-Jun-03 16:00:00 (42.1%)
  2100-Jun-14 18:00:00 (45.1%)
  2100-Jun-25 20:00:00 (48.2%)
  2100-Jul-06 22:00:00 (51.2%)
  2100-Jul-18 00:00:00 (54.2%)
  2100-Jul-29 02:00:00 (57.3%)
  2100-Aug-09 03:00:00 (60.3%)
  2100-Aug-20 05:00:00 (63.3%)
  2100-Aug-31 07:00:00 (66.4%)
  2100-Sep-11 09:00:00 (69.4%)
  2100-Sep-22 11:00:00 (72.5%)
  2100-Oct-03 14:00:00 (75.5%)
  2100-Oct-14 17:00:00 (78.6%)
  2100-Oct-25 20:00:00 (81.6%)
  2100-Nov-05 23:00:00 (84.6%)
  2100-Nov-17 01:00:00 (87.7%)
  2100-Nov-28 04:00:00 (90.7%)
  2100-Dec-09 06:00:00 (93.8%)
  2100-Dec-20 09:00:00 (96.8%)
  2100-Dec-31 12:00:00 (99.9%)
  2100-Dec-31 23:00:00 (100%)
Finished Program: 2014-Nov-18 11:20:31.044906
Elapsed Time: 00:01:04.222522
