instance.yaml
kiva v0.2.0-21-g785bfe1
Copyright (C) 2012-2014 Big Ladder Software
Web: www.bigladdersoftware.com

Starting Program: 2014-Nov-18 11:02:25.765625
Creating Domain...
  X Cells: 122
  Y Cells: 1
  Z Cells: 96
  Total Cells: 11712
Initializing Temperatures...
  2098-Oct-08 23:00:00
  2099-Jan-14 01:00:00
  2099-Feb-03 03:00:00
  2099-Feb-23 05:00:00
  2099-Mar-15 06:00:00
  2099-Apr-04 08:00:00
  2099-Apr-24 10:00:00
  2099-May-14 12:00:00
  2099-Jun-03 14:00:00
  2099-Jun-23 16:00:00
  2099-Jul-13 18:00:00
  2099-Aug-02 20:00:00
  2099-Aug-22 21:00:00
  2099-Sep-11 23:00:00
  2099-Oct-02 01:00:00
  2099-Oct-22 03:00:00
  2099-Nov-11 05:00:00
  2099-Dec-01 07:00:00
  2099-Dec-21 08:00:00
Beginning Simulation...
  2100-Jan-10 03:00:00 (2.5%)
  2100-Jan-29 14:00:00 (7.8%)
  2100-Feb-18 01:00:00 (13.2%)
  2100-Mar-09 11:00:00 (18.5%)
  2100-Mar-28 22:00:00 (23.8%)
  2100-Apr-17 09:00:00 (29.1%)
  2100-May-06 20:00:00 (34.5%)
  2100-May-26 07:00:00 (39.8%)
  2100-Jun-14 18:00:00 (45.1%)
  2100-Jul-04 05:00:00 (50.5%)
  2100-Jul-23 16:00:00 (55.8%)
  2100-Aug-12 03:00:00 (61.1%)
  2100-Aug-31 14:00:00 (66.5%)
  2100-Sep-20 02:00:00 (71.8%)
  2100-Oct-09 09:00:00 (77.1%)
  2100-Oct-28 20:00:00 (82.4%)
  2100-Nov-17 14:00:00 (87.8%)
  2100-Dec-07 08:00:00 (93.2%)
  2100-Dec-27 01:00:00 (98.6%)
  2100-Dec-31 23:00:00 (100%)
Finished Program: 2014-Nov-18 11:03:03.250154
Elapsed Time: 00:00:37.484529
