instance.yaml
kiva v0.2.0-22-gd89b213
Copyright (C) 2012-2014 Big Ladder Software
Web: www.bigladdersoftware.com

Starting Program: 2014-Nov-19 10:36:54.293997
Creating Domain...
  X Cells: 194
  Y Cells: 1
  Z Cells: 125
  Total Cells: 24250
Initializing Temperatures...
  2098-Nov-19 23:00:00
  2099-Jan-07 13:00:00
  2099-Jan-17 09:00:00
  2099-Jan-27 06:00:00
  2099-Feb-06 02:00:00
  2099-Feb-15 23:00:00
  2099-Feb-25 19:00:00
  2099-Mar-07 15:00:00
  2099-Mar-17 12:00:00
  2099-Mar-27 08:00:00
  2099-Apr-06 05:00:00
  2099-Apr-16 01:00:00
  2099-Apr-25 22:00:00
  2099-May-05 18:00:00
  2099-May-15 15:00:00
  2099-May-25 11:00:00
  2099-Jun-04 08:00:00
  2099-Jun-14 05:00:00
  2099-Jun-24 01:00:00
  2099-Jul-03 22:00:00
  2099-Jul-13 18:00:00
  2099-Jul-23 15:00:00
  2099-Aug-02 11:00:00
  2099-Aug-12 08:00:00
  2099-Aug-22 05:00:00
  2099-Sep-01 04:00:00
  2099-Sep-11 02:00:00
  2099-Sep-21 01:00:00
  2099-Sep-30 23:00:00
  2099-Oct-10 22:00:00
  2099-Oct-20 21:00:00
  2099-Oct-30 19:00:00
  2099-Nov-09 18:00:00
  2099-Nov-19 16:00:00
  2099-Nov-29 15:00:00
  2099-Dec-09 14:00:00
  2099-Dec-19 12:00:00
  2099-Dec-29 11:00:00
Beginning Simulation...
  2100-Jan-07 21:00:00 (1.9%)
  2100-Jan-17 03:00:00 (4.4%)
  2100-Jan-26 09:00:00 (7%)
  2100-Feb-04 14:00:00 (9.5%)
  2100-Feb-13 20:00:00 (12%)
  2100-Feb-23 02:00:00 (14.5%)
  2100-Mar-04 08:00:00 (17.1%)
  2100-Mar-13 14:00:00 (19.6%)
  2100-Mar-22 19:00:00 (22.1%)
  2100-Apr-01 01:00:00 (24.7%)
  2100-Apr-10 07:00:00 (27.2%)
  2100-Apr-19 13:00:00 (29.7%)
  2100-Apr-28 19:00:00 (32.3%)
  2100-May-08 00:00:00 (34.8%)
  2100-May-17 05:00:00 (37.3%)
  2100-May-26 11:00:00 (39.9%)
  2100-Jun-04 17:00:00 (42.4%)
  2100-Jun-13 23:00:00 (44.9%)
  2100-Jun-23 05:00:00 (47.5%)
  2100-Jul-02 11:00:00 (50%)
  2100-Jul-11 16:00:00 (52.5%)
  2100-Jul-20 22:00:00 (55%)
  2100-Jul-30 04:00:00 (57.6%)
  2100-Aug-08 10:00:00 (60.1%)
  2100-Aug-17 16:00:00 (62.6%)
  2100-Aug-26 22:00:00 (65.2%)
  2100-Sep-05 04:00:00 (67.7%)
  2100-Sep-14 10:00:00 (70.3%)
  2100-Sep-23 16:00:00 (72.8%)
  2100-Oct-02 22:00:00 (75.3%)
  2100-Oct-12 03:00:00 (77.8%)
  2100-Oct-21 10:00:00 (80.4%)
  2100-Oct-30 15:00:00 (82.9%)
  2100-Nov-08 20:00:00 (85.4%)
  2100-Nov-18 02:00:00 (88%)
  2100-Nov-27 08:00:00 (90.5%)
  2100-Dec-06 14:00:00 (93%)
  2100-Dec-15 20:00:00 (95.6%)
  2100-Dec-25 01:00:00 (98.1%)
  2100-Dec-31 23:00:00 (100%)
Finished Program: 2014-Nov-19 10:38:11.749359
Elapsed Time: 00:01:17.455362
