instance.yaml
kiva v0.2.0-21-g785bfe1
Copyright (C) 2012-2014 Big Ladder Software
Web: www.bigladdersoftware.com

Starting Program: 2014-Nov-18 11:10:26.219655
Creating Domain...
  X Cells: 99
  Y Cells: 1
  Z Cells: 158
  Total Cells: 15642
Initializing Temperatures...
  2099-Jan-01 22:00:00
  2099-Jan-18 05:00:00
  2099-Feb-03 12:00:00
  2099-Feb-19 19:00:00
  2099-Mar-08 02:00:00
  2099-Mar-24 10:00:00
  2099-Apr-09 17:00:00
  2099-Apr-26 01:00:00
  2099-May-12 09:00:00
  2099-May-28 16:00:00
  2099-Jun-14 00:00:00
  2099-Jun-30 08:00:00
  2099-Jul-16 15:00:00
  2099-Aug-01 23:00:00
  2099-Aug-18 07:00:00
  2099-Sep-03 15:00:00
  2099-Sep-19 22:00:00
  2099-Oct-06 06:00:00
  2099-Oct-22 14:00:00
  2099-Nov-07 22:00:00
  2099-Nov-24 06:00:00
  2099-Dec-10 14:00:00
  2099-Dec-26 22:00:00
Beginning Simulation...
  2100-Jan-11 05:00:00 (2.8%)
  2100-Jan-26 01:00:00 (6.9%)
  2100-Feb-09 21:00:00 (10.9%)
  2100-Feb-24 16:00:00 (15%)
  2100-Mar-11 12:00:00 (19%)
  2100-Mar-26 08:00:00 (23.1%)
  2100-Apr-10 04:00:00 (27.2%)
  2100-Apr-25 00:00:00 (31.2%)
  2100-May-09 20:00:00 (35.3%)
  2100-May-24 17:00:00 (39.4%)
  2100-Jun-08 13:00:00 (43.4%)
  2100-Jun-23 08:00:00 (47.5%)
  2100-Jul-08 04:00:00 (51.6%)
  2100-Jul-23 01:00:00 (55.6%)
  2100-Aug-06 21:00:00 (59.7%)
  2100-Aug-21 17:00:00 (63.8%)
  2100-Sep-05 14:00:00 (67.8%)
  2100-Sep-20 10:00:00 (71.9%)
  2100-Oct-05 07:00:00 (76%)
  2100-Oct-20 03:00:00 (80%)
  2100-Nov-03 23:00:00 (84.1%)
  2100-Nov-18 20:00:00 (88.2%)
  2100-Dec-03 16:00:00 (92.2%)
  2100-Dec-18 13:00:00 (96.3%)
  2100-Dec-31 23:00:00 (100%)
Finished Program: 2014-Nov-18 11:11:13.906973
Elapsed Time: 00:00:47.687318
