instance.yaml
kiva v0.2.0-19-ge248292
Copyright (C) 2012-2014 Big Ladder Software
Web: www.bigladdersoftware.com

Starting Program: 2014-Nov-17 08:46:12.355649
Creating Domain...
  X Cells: 106
  Y Cells: 1
  Z Cells: 113
  Total Cells: 11978
Initializing Temperatures...
  2098-Dec-24 23:00:00
  2099-Jan-19 21:00:00
  2099-Feb-08 19:00:00
  2099-Feb-28 18:00:00
  2099-Mar-20 16:00:00
  2099-Apr-09 15:00:00
  2099-Apr-29 14:00:00
  2099-May-19 13:00:00
  2099-Jun-08 11:00:00
  2099-Jun-28 10:00:00
  2099-Jul-18 09:00:00
  2099-Aug-07 07:00:00
  2099-Aug-27 06:00:00
  2099-Sep-16 05:00:00
  2099-Oct-06 04:00:00
  2099-Oct-26 02:00:00
  2099-Nov-15 00:00:00
  2099-Dec-04 23:00:00
  2099-Dec-24 22:00:00
Beginning Simulation...
  2100-Jan-13 14:00:00 (3.4%)
  2100-Feb-02 01:00:00 (8.8%)
  2100-Feb-21 13:00:00 (14.1%)
  2100-Mar-13 00:00:00 (19.5%)
  2100-Mar-25 13:00:00 (22.9%)
  2100-Apr-14 00:00:00 (28.2%)
  2100-May-03 12:00:00 (33.6%)
  2100-May-22 23:00:00 (38.9%)
  2100-Jun-11 11:00:00 (44.2%)
  2100-Jun-30 23:00:00 (49.6%)
  2100-Jul-20 10:00:00 (54.9%)
  2100-Aug-08 22:00:00 (60.3%)
  2100-Aug-28 07:00:00 (65.6%)
  2100-Sep-16 19:00:00 (70.9%)
  2100-Oct-06 06:00:00 (76.2%)
  2100-Oct-25 18:00:00 (81.6%)
  2100-Nov-14 05:00:00 (86.9%)
  2100-Dec-03 17:00:00 (92.2%)
  2100-Dec-23 05:00:00 (97.6%)
  2100-Dec-31 23:00:00 (100%)
Finished Program: 2014-Nov-17 08:46:50.451721
Elapsed Time: 00:00:38.096072
