instance.yaml
kiva v0.2.0-21-g785bfe1
Copyright (C) 2012-2014 Big Ladder Software
Web: www.bigladdersoftware.com

Starting Program: 2014-Nov-18 11:02:24.530484
Creating Domain...
  X Cells: 99
  Y Cells: 1
  Z Cells: 158
  Total Cells: 15642
Initializing Temperatures...
  2098-Nov-12 23:00:00
  2099-Jan-13 04:00:00
  2099-Jan-29 11:00:00
  2099-Feb-14 17:00:00
  2099-Mar-03 00:00:00
  2099-Mar-19 07:00:00
  2099-Apr-04 14:00:00
  2099-Apr-20 21:00:00
  2099-May-07 04:00:00
  2099-May-23 11:00:00
  2099-Jun-08 19:00:00
  2099-Jun-25 02:00:00
  2099-Jul-11 09:00:00
  2099-Jul-27 16:00:00
  2099-Aug-13 00:00:00
  2099-Aug-29 07:00:00
  2099-Sep-14 14:00:00
  2099-Sep-30 22:00:00
  2099-Oct-17 05:00:00
  2099-Nov-02 11:00:00
  2099-Nov-18 18:00:00
  2099-Dec-05 02:00:00
  2099-Dec-20 10:00:00
Beginning Simulation...
  2100-Jan-05 07:00:00 (1.2%)
  2100-Jan-20 03:00:00 (5.2%)
  2100-Feb-03 22:00:00 (9.3%)
  2100-Feb-18 18:00:00 (13.4%)
  2100-Mar-05 14:00:00 (17.4%)
  2100-Mar-20 10:00:00 (21.5%)
  2100-Apr-04 05:00:00 (25.5%)
  2100-Apr-19 01:00:00 (29.6%)
  2100-May-03 21:00:00 (33.7%)
  2100-May-18 17:00:00 (37.7%)
  2100-Jun-02 13:00:00 (41.8%)
  2100-Jun-17 09:00:00 (45.9%)
  2100-Jul-02 05:00:00 (49.9%)
  2100-Jul-17 02:00:00 (54%)
  2100-Jul-31 23:00:00 (58.1%)
  2100-Aug-15 19:00:00 (62.1%)
  2100-Aug-30 16:00:00 (66.2%)
  2100-Sep-14 12:00:00 (70.3%)
  2100-Sep-29 09:00:00 (74.3%)
  2100-Oct-14 05:00:00 (78.4%)
  2100-Oct-29 01:00:00 (82.5%)
  2100-Nov-12 22:00:00 (86.6%)
  2100-Nov-27 18:00:00 (90.6%)
  2100-Dec-12 14:00:00 (94.7%)
  2100-Dec-27 10:00:00 (98.7%)
  2100-Dec-31 23:00:00 (100%)
Finished Program: 2014-Nov-18 11:03:12.308731
Elapsed Time: 00:00:47.778247
