instance.yaml
kiva v0.2.0-21-g785bfe1
Copyright (C) 2012-2014 Big Ladder Software
Web: www.bigladdersoftware.com

Starting Program: 2014-Nov-18 11:23:27.133209
Creating Domain...
  X Cells: 185
  Y Cells: 1
  Z Cells: 133
  Total Cells: 24605
Initializing Temperatures...
  2098-Dec-03 23:00:00
  2099-Jan-08 11:00:00
  2099-Jan-18 03:00:00
  2099-Jan-27 18:00:00
  2099-Feb-06 10:00:00
  2099-Feb-16 01:00:00
  2099-Feb-25 17:00:00
  2099-Mar-07 08:00:00
  2099-Mar-16 23:00:00
  2099-Mar-26 15:00:00
  2099-Apr-05 06:00:00
  2099-Apr-14 22:00:00
  2099-Apr-24 13:00:00
  2099-May-04 05:00:00
  2099-May-13 20:00:00
  2099-May-23 11:00:00
  2099-Jun-02 03:00:00
  2099-Jun-11 18:00:00
  2099-Jun-21 10:00:00
  2099-Jul-01 01:00:00
  2099-Jul-10 17:00:00
  2099-Jul-20 08:00:00
  2099-Jul-30 00:00:00
  2099-Aug-08 15:00:00
  2099-Aug-18 07:00:00
  2099-Aug-27 22:00:00
  2099-Sep-06 14:00:00
  2099-Sep-16 05:00:00
  2099-Sep-25 21:00:00
  2099-Oct-05 12:00:00
  2099-Oct-15 04:00:00
  2099-Oct-24 20:00:00
  2099-Nov-03 11:00:00
  2099-Nov-13 03:00:00
  2099-Nov-22 18:00:00
  2099-Dec-02 10:00:00
  2099-Dec-12 01:00:00
  2099-Dec-21 17:00:00
  2099-Dec-31 08:00:00
Beginning Simulation...
  2100-Jan-09 08:00:00 (2.3%)
  2100-Jan-18 06:00:00 (4.7%)
  2100-Jan-27 05:00:00 (7.2%)
  2100-Feb-05 04:00:00 (9.6%)
  2100-Feb-14 02:00:00 (12.1%)
  2100-Feb-23 01:00:00 (14.5%)
  2100-Mar-03 23:00:00 (17%)
  2100-Mar-12 22:00:00 (19.4%)
  2100-Mar-21 20:00:00 (21.9%)
  2100-Mar-30 20:00:00 (24.3%)
  2100-Apr-08 20:00:00 (26.8%)
  2100-Apr-17 20:00:00 (29.3%)
  2100-Apr-26 20:00:00 (31.7%)
  2100-May-05 20:00:00 (34.2%)
  2100-May-14 20:00:00 (36.7%)
  2100-May-23 21:00:00 (39.1%)
  2100-Jun-01 21:00:00 (41.6%)
  2100-Jun-10 21:00:00 (44.1%)
  2100-Jun-19 21:00:00 (46.5%)
  2100-Jun-28 21:00:00 (49%)
  2100-Jul-07 21:00:00 (51.5%)
  2100-Jul-16 21:00:00 (53.9%)
  2100-Jul-25 21:00:00 (56.4%)
  2100-Aug-03 22:00:00 (58.9%)
  2100-Aug-12 22:00:00 (61.3%)
  2100-Aug-21 22:00:00 (63.8%)
  2100-Aug-30 23:00:00 (66.3%)
  2100-Sep-08 23:00:00 (68.8%)
  2100-Sep-17 23:00:00 (71.2%)
  2100-Sep-26 23:00:00 (73.7%)
  2100-Oct-06 00:00:00 (76.2%)
  2100-Oct-15 00:00:00 (78.6%)
  2100-Oct-23 23:00:00 (81.1%)
  2100-Nov-01 23:00:00 (83.6%)
  2100-Nov-11 00:00:00 (86%)
  2100-Nov-20 00:00:00 (88.5%)
  2100-Nov-29 00:00:00 (91%)
  2100-Dec-08 01:00:00 (93.4%)
  2100-Dec-17 01:00:00 (95.9%)
  2100-Dec-26 01:00:00 (98.4%)
  2100-Dec-31 23:00:00 (100%)
Finished Program: 2014-Nov-18 11:24:46.660922
Elapsed Time: 00:01:19.527713
