instance.yaml
kiva v0.2.0-9-g526928a
Copyright (C) 2012-2014 Big Ladder Software
Web: www.bigladdersoftware.com

Starting Program: 2014-Nov-15 12:22:43.715090
Creating Domain...
  X Cells: 179
  Y Cells: 1
  Z Cells: 133
  Total Cells: 23807
Initializing Temperatures...
  2098-Oct-01 23:00:00
  2099-Jan-03 20:00:00
  2099-Jan-13 17:00:00
  2099-Jan-23 14:00:00
  2099-Feb-02 10:00:00
  2099-Feb-12 07:00:00
  2099-Feb-22 04:00:00
  2099-Mar-04 01:00:00
  2099-Mar-13 22:00:00
  2099-Mar-23 19:00:00
  2099-Apr-02 16:00:00
  2099-Apr-12 12:00:00
  2099-Apr-22 09:00:00
  2099-May-02 06:00:00
  2099-May-12 03:00:00
  2099-May-22 00:00:00
  2099-May-31 21:00:00
  2099-Jun-10 18:00:00
  2099-Jun-20 15:00:00
  2099-Jun-30 12:00:00
  2099-Jul-10 09:00:00
  2099-Jul-20 06:00:00
  2099-Jul-30 03:00:00
  2099-Aug-09 00:00:00
  2099-Aug-18 21:00:00
  2099-Aug-28 18:00:00
  2099-Sep-07 15:00:00
  2099-Sep-17 12:00:00
  2099-Sep-27 09:00:00
  2099-Oct-07 06:00:00
  2099-Oct-17 03:00:00
  2099-Oct-27 00:00:00
  2099-Nov-05 21:00:00
  2099-Nov-15 17:00:00
  2099-Nov-25 15:00:00
  2099-Dec-05 12:00:00
  2099-Dec-15 09:00:00
  2099-Dec-25 06:00:00
Beginning Simulation...
  2100-Jan-03 21:00:00 (0.8%)
  2100-Jan-13 01:00:00 (3.3%)
  2100-Jan-22 05:00:00 (5.8%)
  2100-Jan-31 09:00:00 (8.3%)
  2100-Feb-09 13:00:00 (10.8%)
  2100-Feb-18 16:00:00 (13.3%)
  2100-Feb-27 20:00:00 (15.8%)
  2100-Mar-09 00:00:00 (18.4%)
  2100-Mar-18 04:00:00 (20.9%)
  2100-Mar-27 08:00:00 (23.4%)
  2100-Apr-05 11:00:00 (25.9%)
  2100-Apr-14 15:00:00 (28.4%)
  2100-Apr-23 19:00:00 (30.9%)
  2100-May-02 23:00:00 (33.4%)
  2100-May-12 03:00:00 (35.9%)
  2100-May-21 07:00:00 (38.4%)
  2100-May-30 11:00:00 (40.9%)
  2100-Jun-08 15:00:00 (43.5%)
  2100-Jun-17 19:00:00 (46%)
  2100-Jun-26 23:00:00 (48.5%)
  2100-Jul-06 03:00:00 (51%)
  2100-Jul-15 06:00:00 (53.5%)
  2100-Jul-24 10:00:00 (56%)
  2100-Aug-02 14:00:00 (58.5%)
  2100-Aug-11 18:00:00 (61%)
  2100-Aug-20 22:00:00 (63.5%)
  2100-Aug-30 02:00:00 (66.1%)
  2100-Sep-08 06:00:00 (68.6%)
  2100-Sep-17 10:00:00 (71.1%)
  2100-Sep-26 14:00:00 (73.6%)
  2100-Oct-05 18:00:00 (76.1%)
  2100-Oct-14 22:00:00 (78.6%)
  2100-Oct-24 02:00:00 (81.1%)
  2100-Nov-02 04:00:00 (83.6%)
  2100-Nov-11 07:00:00 (86.1%)
  2100-Nov-20 11:00:00 (88.6%)
  2100-Nov-29 15:00:00 (91.1%)
  2100-Dec-08 19:00:00 (93.6%)
  2100-Dec-17 23:00:00 (96.2%)
  2100-Dec-27 03:00:00 (98.7%)
  2100-Dec-31 23:00:00 (100%)
Finished Program: 2014-Nov-15 12:24:01.531321
Elapsed Time: 00:01:17.816231
