instance.yaml
kiva v0.2.0-22-gd89b213
Copyright (C) 2012-2014 Big Ladder Software
Web: www.bigladdersoftware.com

Starting Program: 2014-Nov-19 10:44:46.532747
Creating Domain...
  X Cells: 167
  Y Cells: 1
  Z Cells: 113
  Total Cells: 18871
Initializing Temperatures...
  2098-Nov-05 23:00:00
  2099-Jan-08 09:00:00
  2099-Jan-20 07:00:00
  2099-Feb-01 06:00:00
  2099-Feb-13 04:00:00
  2099-Feb-25 02:00:00
  2099-Mar-09 01:00:00
  2099-Mar-20 23:00:00
  2099-Apr-01 22:00:00
  2099-Apr-13 20:00:00
  2099-Apr-25 19:00:00
  2099-May-07 17:00:00
  2099-May-19 16:00:00
  2099-May-31 14:00:00
  2099-Jun-12 12:00:00
  2099-Jun-24 11:00:00
  2099-Jul-06 09:00:00
  2099-Jul-18 08:00:00
  2099-Jul-30 06:00:00
  2099-Aug-11 05:00:00
  2099-Aug-23 03:00:00
  2099-Sep-04 02:00:00
  2099-Sep-16 00:00:00
  2099-Sep-27 22:00:00
  2099-Oct-09 21:00:00
  2099-Oct-21 20:00:00
  2099-Nov-02 18:00:00
  2099-Nov-14 17:00:00
  2099-Nov-26 15:00:00
  2099-Dec-08 14:00:00
  2099-Dec-20 12:00:00
Beginning Simulation...
  2100-Jan-01 11:00:00 (0.1%)
  2100-Jan-13 05:00:00 (3.3%)
  2100-Jan-24 23:00:00 (6.6%)
  2100-Feb-05 16:00:00 (9.8%)
  2100-Feb-17 10:00:00 (13%)
  2100-Mar-01 04:00:00 (16.2%)
  2100-Mar-12 22:00:00 (19.4%)
  2100-Mar-24 16:00:00 (22.6%)
  2100-Apr-05 09:00:00 (25.9%)
  2100-Apr-17 04:00:00 (29.1%)
  2100-Apr-28 22:00:00 (32.3%)
  2100-May-10 16:00:00 (35.5%)
  2100-May-22 10:00:00 (38.7%)
  2100-Jun-03 04:00:00 (42%)
  2100-Jun-14 22:00:00 (45.2%)
  2100-Jun-26 16:00:00 (48.4%)
  2100-Jul-08 10:00:00 (51.6%)
  2100-Jul-20 04:00:00 (54.8%)
  2100-Jul-31 21:00:00 (58%)
  2100-Aug-12 15:00:00 (61.3%)
  2100-Aug-24 09:00:00 (64.5%)
  2100-Sep-05 03:00:00 (67.7%)
  2100-Sep-16 21:00:00 (70.9%)
  2100-Sep-28 15:00:00 (74.1%)
  2100-Oct-10 09:00:00 (77.4%)
  2100-Oct-22 03:00:00 (80.6%)
  2100-Nov-02 21:00:00 (83.8%)
  2100-Nov-14 15:00:00 (87%)
  2100-Nov-26 09:00:00 (90.2%)
  2100-Dec-08 03:00:00 (93.5%)
  2100-Dec-19 21:00:00 (96.7%)
  2100-Dec-31 15:00:00 (99.9%)
  2100-Dec-31 23:00:00 (100%)
Finished Program: 2014-Nov-19 10:45:49.031720
Elapsed Time: 00:01:02.498973
