instance.yaml
kiva v0.2.0-20-g4c7c200
Copyright (C) 2012-2014 Big Ladder Software
Web: www.bigladdersoftware.com

Starting Program: 2014-Nov-17 14:09:17.217440
Creating Domain...
  X Cells: 89
  Y Cells: 1
  Z Cells: 113
  Total Cells: 10057
Initializing Temperatures...
  2099-Jan-06 03:00:00
  2099-Jan-28 06:00:00
  2099-Feb-19 10:00:00
  2099-Mar-13 13:00:00
  2099-Apr-04 16:00:00
  2099-Apr-26 19:00:00
  2099-May-18 23:00:00
  2099-Jun-10 02:00:00
  2099-Jul-02 06:00:00
  2099-Jul-24 09:00:00
  2099-Aug-15 12:00:00
  2099-Sep-06 16:00:00
  2099-Sep-28 19:00:00
  2099-Oct-20 23:00:00
  2099-Nov-12 03:00:00
  2099-Dec-04 06:00:00
  2099-Dec-26 09:00:00
Beginning Simulation...
  2100-Jan-17 04:00:00 (4.4%)
  2100-Feb-07 19:00:00 (10.4%)
  2100-Mar-01 11:00:00 (16.3%)
  2100-Mar-23 02:00:00 (22.2%)
  2100-Apr-13 18:00:00 (28.2%)
  2100-May-05 09:00:00 (34.1%)
  2100-May-27 00:00:00 (40%)
  2100-Jun-17 16:00:00 (45.9%)
  2100-Jul-09 06:00:00 (51.8%)
  2100-Jul-30 22:00:00 (57.8%)
  2100-Aug-21 12:00:00 (63.7%)
  2100-Sep-12 04:00:00 (69.6%)
  2100-Oct-03 20:00:00 (75.6%)
  2100-Oct-25 12:00:00 (81.5%)
  2100-Nov-16 03:00:00 (87.4%)
  2100-Dec-07 19:00:00 (93.4%)
  2100-Dec-29 10:00:00 (99.3%)
  2100-Dec-31 23:00:00 (100%)
Finished Program: 2014-Nov-17 14:09:51.118647
Elapsed Time: 00:00:33.901207
