instance.yaml
kiva v0.2.0-21-g785bfe1
Copyright (C) 2012-2014 Big Ladder Software
Web: www.bigladdersoftware.com

Starting Program: 2014-Nov-18 11:48:26.934781
Creating Domain...
  X Cells: 176
  Y Cells: 1
  Z Cells: 125
  Total Cells: 22000
Initializing Temperatures...
  2099-Jan-02 07:00:00
  2099-Jan-13 00:00:00
  2099-Jan-23 16:00:00
  2099-Feb-03 09:00:00
  2099-Feb-14 01:00:00
  2099-Feb-24 18:00:00
  2099-Mar-07 10:00:00
  2099-Mar-18 03:00:00
  2099-Mar-28 19:00:00
  2099-Apr-08 12:00:00
  2099-Apr-19 04:00:00
  2099-Apr-29 21:00:00
  2099-May-10 13:00:00
  2099-May-21 06:00:00
  2099-May-31 23:00:00
  2099-Jun-11 15:00:00
  2099-Jun-22 08:00:00
  2099-Jul-03 00:00:00
  2099-Jul-13 17:00:00
  2099-Jul-24 10:00:00
  2099-Aug-04 02:00:00
  2099-Aug-14 19:00:00
  2099-Aug-25 11:00:00
  2099-Sep-05 04:00:00
  2099-Sep-15 20:00:00
  2099-Sep-26 14:00:00
  2099-Oct-07 08:00:00
  2099-Oct-18 03:00:00
  2099-Oct-28 22:00:00
  2099-Nov-08 16:00:00
  2099-Nov-19 11:00:00
  2099-Nov-30 05:00:00
  2099-Dec-11 00:00:00
  2099-Dec-21 19:00:00
Beginning Simulation...
  2100-Jan-01 13:00:00 (0.1%)
  2100-Jan-11 14:00:00 (2.9%)
  2100-Jan-21 16:00:00 (5.7%)
  2100-Jan-31 18:00:00 (8.4%)
  2100-Feb-10 20:00:00 (11.2%)
  2100-Feb-20 22:00:00 (13.9%)
  2100-Mar-03 00:00:00 (16.7%)
  2100-Mar-13 02:00:00 (19.5%)
  2100-Mar-23 04:00:00 (22.2%)
  2100-Apr-02 06:00:00 (25%)
  2100-Apr-12 08:00:00 (27.8%)
  2100-Apr-22 10:00:00 (30.5%)
  2100-May-02 12:00:00 (33.3%)
  2100-May-12 14:00:00 (36.1%)
  2100-May-22 16:00:00 (38.8%)
  2100-Jun-01 18:00:00 (41.6%)
  2100-Jun-11 20:00:00 (44.3%)
  2100-Jun-21 22:00:00 (47.1%)
  2100-Jul-02 00:00:00 (49.9%)
  2100-Jul-12 02:00:00 (52.6%)
  2100-Jul-22 03:00:00 (55.4%)
  2100-Aug-01 05:00:00 (58.1%)
  2100-Aug-11 07:00:00 (60.9%)
  2100-Aug-21 09:00:00 (63.7%)
  2100-Aug-31 11:00:00 (66.4%)
  2100-Sep-10 13:00:00 (69.2%)
  2100-Sep-20 16:00:00 (72%)
  2100-Sep-30 18:00:00 (74.7%)
  2100-Oct-10 20:00:00 (77.5%)
  2100-Oct-20 22:00:00 (80.3%)
  2100-Oct-31 00:00:00 (83%)
  2100-Nov-10 00:00:00 (85.8%)
  2100-Nov-20 02:00:00 (88.5%)
  2100-Nov-30 04:00:00 (91.3%)
  2100-Dec-10 06:00:00 (94%)
  2100-Dec-20 08:00:00 (96.8%)
  2100-Dec-30 10:00:00 (99.6%)
  2100-Dec-31 23:00:00 (100%)
Finished Program: 2014-Nov-18 11:49:38.154337
Elapsed Time: 00:01:11.219556
