instance.yaml
kiva v0.2.0-19-ge248292
Copyright (C) 2012-2014 Big Ladder Software
Web: www.bigladdersoftware.com

Starting Program: 2014-Nov-17 08:43:16.105137
Creating Domain...
  X Cells: 91
  Y Cells: 1
  Z Cells: 125
  Total Cells: 11375
Initializing Temperatures...
  2099-Jan-07 22:00:00
  2099-Jan-29 14:00:00
  2099-Feb-20 06:00:00
  2099-Mar-13 22:00:00
  2099-Apr-04 14:00:00
  2099-Apr-26 06:00:00
  2099-May-17 22:00:00
  2099-Jun-08 15:00:00
  2099-Jun-30 07:00:00
  2099-Jul-21 23:00:00
  2099-Aug-12 15:00:00
  2099-Sep-03 07:00:00
  2099-Sep-24 23:00:00
  2099-Oct-16 15:00:00
  2099-Nov-07 08:00:00
  2099-Nov-29 00:00:00
  2099-Dec-20 17:00:00
Beginning Simulation...
  2100-Jan-10 13:00:00 (2.6%)
  2100-Jan-30 11:00:00 (8.1%)
  2100-Feb-19 08:00:00 (13.5%)
  2100-Mar-11 06:00:00 (19%)
  2100-Mar-31 04:00:00 (24.4%)
  2100-Apr-20 02:00:00 (29.9%)
  2100-May-09 23:00:00 (35.3%)
  2100-May-29 21:00:00 (40.8%)
  2100-Jun-18 19:00:00 (46.2%)
  2100-Jul-08 17:00:00 (51.7%)
  2100-Jul-28 15:00:00 (57.2%)
  2100-Aug-17 13:00:00 (62.6%)
  2100-Sep-06 10:00:00 (68.1%)
  2100-Sep-26 08:00:00 (73.5%)
  2100-Oct-16 06:00:00 (79%)
  2100-Nov-05 04:00:00 (84.4%)
  2100-Nov-25 02:00:00 (89.9%)
  2100-Dec-14 20:00:00 (95.3%)
  2100-Dec-31 23:00:00 (100%)
Finished Program: 2014-Nov-17 08:43:51.861930
Elapsed Time: 00:00:35.756793
