instance.yaml
kiva v0.2.0-9-g526928a
Copyright (C) 2012-2014 Big Ladder Software
Web: www.bigladdersoftware.com

Starting Program: 2014-Nov-15 12:24:45.070797
Creating Domain...
  X Cells: 201
  Y Cells: 1
  Z Cells: 103
  Total Cells: 20703
Initializing Temperatures...
  2099-Jan-01 21:00:00
  2099-Jan-12 08:00:00
  2099-Jan-22 19:00:00
  2099-Feb-02 07:00:00
  2099-Feb-12 18:00:00
  2099-Feb-23 05:00:00
  2099-Mar-05 17:00:00
  2099-Mar-16 04:00:00
  2099-Mar-26 15:00:00
  2099-Apr-06 03:00:00
  2099-Apr-16 14:00:00
  2099-Apr-27 01:00:00
  2099-May-07 13:00:00
  2099-May-18 00:00:00
  2099-May-28 12:00:00
  2099-Jun-07 23:00:00
  2099-Jun-18 11:00:00
  2099-Jun-28 22:00:00
  2099-Jul-09 10:00:00
  2099-Jul-19 21:00:00
  2099-Jul-30 08:00:00
  2099-Aug-09 20:00:00
  2099-Aug-20 07:00:00
  2099-Aug-30 19:00:00
  2099-Sep-10 06:00:00
  2099-Sep-20 18:00:00
  2099-Oct-01 05:00:00
  2099-Oct-11 17:00:00
  2099-Oct-22 04:00:00
  2099-Nov-01 16:00:00
  2099-Nov-12 03:00:00
  2099-Nov-22 16:00:00
  2099-Dec-03 06:00:00
  2099-Dec-13 20:00:00
  2099-Dec-24 10:00:00
Beginning Simulation...
  2100-Jan-03 22:00:00 (0.8%)
  2100-Jan-14 05:00:00 (3.6%)
  2100-Jan-24 12:00:00 (6.4%)
  2100-Feb-03 19:00:00 (9.3%)
  2100-Feb-14 02:00:00 (12.1%)
  2100-Feb-24 09:00:00 (14.9%)
  2100-Mar-06 16:00:00 (17.7%)
  2100-Mar-16 23:00:00 (20.5%)
  2100-Mar-27 06:00:00 (23.4%)
  2100-Apr-06 13:00:00 (26.2%)
  2100-Apr-16 19:00:00 (29%)
  2100-Apr-27 02:00:00 (31.8%)
  2100-May-07 09:00:00 (34.6%)
  2100-May-17 16:00:00 (37.4%)
  2100-May-27 23:00:00 (40.3%)
  2100-Jun-07 06:00:00 (43.1%)
  2100-Jun-17 14:00:00 (45.9%)
  2100-Jun-27 21:00:00 (48.7%)
  2100-Jul-08 04:00:00 (51.6%)
  2100-Jul-18 11:00:00 (54.4%)
  2100-Jul-28 18:00:00 (57.2%)
  2100-Aug-08 01:00:00 (60%)
  2100-Aug-18 08:00:00 (62.8%)
  2100-Aug-28 15:00:00 (65.7%)
  2100-Sep-07 22:00:00 (68.5%)
  2100-Sep-18 05:00:00 (71.3%)
  2100-Sep-28 12:00:00 (74.1%)
  2100-Oct-08 19:00:00 (76.9%)
  2100-Oct-19 02:00:00 (79.7%)
  2100-Oct-29 09:00:00 (82.6%)
  2100-Nov-08 16:00:00 (85.4%)
  2100-Nov-18 23:00:00 (88.2%)
  2100-Nov-29 07:00:00 (91%)
  2100-Dec-09 14:00:00 (93.9%)
  2100-Dec-19 19:00:00 (96.7%)
  2100-Dec-30 03:00:00 (99.5%)
  2100-Dec-31 23:00:00 (100%)
Finished Program: 2014-Nov-15 12:25:56.181783
Elapsed Time: 00:01:11.110986
