instance.yaml
kiva v0.2.0-20-g4c7c200
Copyright (C) 2012-2014 Big Ladder Software
Web: www.bigladdersoftware.com

Starting Program: 2014-Nov-17 14:07:18.060042
Creating Domain...
  X Cells: 86
  Y Cells: 1
  Z Cells: 133
  Total Cells: 11438
Initializing Temperatures...
  2099-Jan-07 07:00:00
  2099-Jan-28 13:00:00
  2099-Feb-18 20:00:00
  2099-Mar-12 04:00:00
  2099-Apr-02 15:00:00
  2099-Apr-24 03:00:00
  2099-May-15 14:00:00
  2099-Jun-06 02:00:00
  2099-Jun-27 12:00:00
  2099-Jul-19 00:00:00
  2099-Aug-09 11:00:00
  2099-Aug-30 22:00:00
  2099-Sep-21 10:00:00
  2099-Oct-12 22:00:00
  2099-Nov-03 09:00:00
  2099-Nov-24 21:00:00
  2099-Dec-16 09:00:00
Beginning Simulation...
  2100-Jan-06 08:00:00 (1.5%)
  2100-Jan-25 22:00:00 (6.8%)
  2100-Feb-14 13:00:00 (12.2%)
  2100-Mar-06 03:00:00 (17.6%)
  2100-Mar-25 17:00:00 (22.9%)
  2100-Apr-14 08:00:00 (28.3%)
  2100-May-03 22:00:00 (33.7%)
  2100-May-23 13:00:00 (39.1%)
  2100-Jun-12 04:00:00 (44.4%)
  2100-Jul-01 19:00:00 (49.8%)
  2100-Jul-21 09:00:00 (55.2%)
  2100-Aug-10 00:00:00 (60.5%)
  2100-Aug-29 16:00:00 (65.9%)
  2100-Sep-18 06:00:00 (71.3%)
  2100-Oct-07 21:00:00 (76.7%)
  2100-Oct-27 12:00:00 (82.1%)
  2100-Nov-15 21:00:00 (87.4%)
  2100-Dec-05 12:00:00 (92.7%)
  2100-Dec-25 03:00:00 (98.1%)
  2100-Dec-31 23:00:00 (100%)
Finished Program: 2014-Nov-17 14:07:54.349771
Elapsed Time: 00:00:36.289729
