instance.yaml
kiva v0.2.0-21-g785bfe1
Copyright (C) 2012-2014 Big Ladder Software
Web: www.bigladdersoftware.com

Starting Program: 2014-Nov-18 11:30:24.420028
Creating Domain...
  X Cells: 98
  Y Cells: 1
  Z Cells: 113
  Total Cells: 11074
Initializing Temperatures...
  2099-Jan-01 16:00:00
  2099-Jan-23 15:00:00
  2099-Feb-14 14:00:00
  2099-Mar-08 12:00:00
  2099-Mar-30 11:00:00
  2099-Apr-21 09:00:00
  2099-May-13 07:00:00
  2099-Jun-04 06:00:00
  2099-Jun-26 05:00:00
  2099-Jul-18 04:00:00
  2099-Aug-09 02:00:00
  2099-Aug-31 01:00:00
  2099-Sep-22 00:00:00
  2099-Oct-13 23:00:00
  2099-Nov-04 22:00:00
  2099-Nov-26 20:00:00
  2099-Dec-18 19:00:00
Beginning Simulation...
  2100-Jan-09 13:00:00 (2.3%)
  2100-Jan-30 22:00:00 (8.2%)
  2100-Feb-21 07:00:00 (14.1%)
  2100-Mar-14 16:00:00 (19.9%)
  2100-Apr-05 02:00:00 (25.8%)
  2100-Apr-26 11:00:00 (31.6%)
  2100-May-17 21:00:00 (37.5%)
  2100-Jun-08 06:00:00 (43.4%)
  2100-Jun-29 16:00:00 (49.2%)
  2100-Jul-21 01:00:00 (55.1%)
  2100-Aug-11 11:00:00 (60.9%)
  2100-Sep-01 20:00:00 (66.8%)
  2100-Sep-23 05:00:00 (72.7%)
  2100-Oct-14 14:00:00 (78.5%)
  2100-Nov-05 00:00:00 (84.4%)
  2100-Nov-26 10:00:00 (90.3%)
  2100-Dec-17 19:00:00 (96.1%)
  2100-Dec-31 23:00:00 (100%)
Finished Program: 2014-Nov-18 11:30:58.663329
Elapsed Time: 00:00:34.243301
