instance.yaml
kiva v0.2.0-19-ge248292
Copyright (C) 2012-2014 Big Ladder Software
Web: www.bigladdersoftware.com

Starting Program: 2014-Nov-17 08:45:15.452572
Creating Domain...
  X Cells: 65
  Y Cells: 1
  Z Cells: 133
  Total Cells: 8645
Initializing Temperatures...
lis_matrix.c(685) : lis_matrix_set_value : error ILL_ARG :i(=0) or j(=-1) are less than 0
lis_matrix.c(685) : lis_matrix_set_value : error ILL_ARG :i(=0) or j(=-65) are less than 0
lis_matrix.c(685) : lis_matrix_set_value : error ILL_ARG :i(=1) or j(=-64) are less than 0
lis_matrix.c(685) : lis_matrix_set_value : error ILL_ARG :i(=2) or j(=-63) are less than 0
lis_matrix.c(685) : lis_matrix_set_value : error ILL_ARG :i(=3) or j(=-62) are less than 0
Warning: Solution did not converge after 100001 iterations.
  The final residual was: nan
  Solver status: 4
  2098-Oct-01 23:00:00
lis_matrix.c(685) : lis_matrix_set_value : error ILL_ARG :i(=0) or j(=-1) are less than 0
lis_matrix.c(685) : lis_matrix_set_value : error ILL_ARG :i(=0) or j(=-65) are less than 0
lis_matrix.c(685) : lis_matrix_set_value : error ILL_ARG :i(=1) or j(=-64) are less than 0
lis_matrix.c(685) : lis_matrix_set_value : error ILL_ARG :i(=2) or j(=-63) are less than 0
lis_matrix.c(685) : lis_matrix_set_value : error ILL_ARG :i(=3) or j(=-62) are less than 0
Warning: Solution did not converge after 100001 iterations.
  The final residual was: -nan
  Solver status: 4
  2098-Oct-08 23:00:00
lis_matrix.c(685) : lis_matrix_set_value : error ILL_ARG :i(=0) or j(=-1) are less than 0
lis_matrix.c(685) : lis_matrix_set_value : error ILL_ARG :i(=0) or j(=-65) are less than 0
lis_matrix.c(685) : lis_matrix_set_value : error ILL_ARG :i(=1) or j(=-64) are less than 0
lis_matrix.c(685) : lis_matrix_set_value : error ILL_ARG :i(=2) or j(=-63) are less than 0
lis_matrix.c(685) : lis_matrix_set_value : error ILL_ARG :i(=3) or j(=-62) are less than 0
Warning: Solution did not converge after 100001 iterations.
  The final residual was: -nan
  Solver status: 4
  2098-Oct-15 23:00:00
lis_matrix.c(685) : lis_matrix_set_value : error ILL_ARG :i(=0) or j(=-1) are less than 0
lis_matrix.c(685) : lis_matrix_set_value : error ILL_ARG :i(=0) or j(=-65) are less than 0
lis_matrix.c(685) : lis_matrix_set_value : error ILL_ARG :i(=1) or j(=-64) are less than 0
lis_matrix.c(685) : lis_matrix_set_value : error ILL_ARG :i(=2) or j(=-63) are less than 0
lis_matrix.c(685) : lis_matrix_set_value : error ILL_ARG :i(=3) or j(=-62) are less than 0
Warning: Solution did not converge after 100001 iterations.
  The final residual was: -nan
  Solver status: 4
  2098-Oct-22 23:00:00
lis_matrix.c(685) : lis_matrix_set_value : error ILL_ARG :i(=0) or j(=-1) are less than 0
lis_matrix.c(685) : lis_matrix_set_value : error ILL_ARG :i(=0) or j(=-65) are less than 0
lis_matrix.c(685) : lis_matrix_set_value : error ILL_ARG :i(=1) or j(=-64) are less than 0
lis_matrix.c(685) : lis_matrix_set_value : error ILL_ARG :i(=2) or j(=-63) are less than 0
lis_matrix.c(685) : lis_matrix_set_value : error ILL_ARG :i(=3) or j(=-62) are less than 0
Warning: Solution did not converge after 100001 iterations.
  The final residual was: -nan
  Solver status: 4
  2098-Oct-29 23:00:00
lis_matrix.c(685) : lis_matrix_set_value : error ILL_ARG :i(=0) or j(=-1) are less than 0
lis_matrix.c(685) : lis_matrix_set_value : error ILL_ARG :i(=0) or j(=-65) are less than 0
lis_matrix.c(685) : lis_matrix_set_value : error ILL_ARG :i(=1) or j(=-64) are less than 0
lis_matrix.c(685) : lis_matrix_set_value : error ILL_ARG :i(=2) or j(=-63) are less than 0
lis_matrix.c(685) : lis_matrix_set_value : error ILL_ARG :i(=3) or j(=-62) are less than 0
Warning: Solution did not converge after 100001 iterations.
  The final residual was: -nan
  Solver status: 4
  2098-Nov-05 23:00:00
lis_matrix.c(685) : lis_matrix_set_value : error ILL_ARG :i(=0) or j(=-1) are less than 0
lis_matrix.c(685) : lis_matrix_set_value : error ILL_ARG :i(=0) or j(=-65) are less than 0
lis_matrix.c(685) : lis_matrix_set_value : error ILL_ARG :i(=1) or j(=-64) are less than 0
lis_matrix.c(685) : lis_matrix_set_value : error ILL_ARG :i(=2) or j(=-63) are less than 0
lis_matrix.c(685) : lis_matrix_set_value : error ILL_ARG :i(=3) or j(=-62) are less than 0
Warning: Solution did not converge after 100001 iterations.
  The final residual was: -nan
  Solver status: 4
  2098-Nov-12 23:00:00
lis_matrix.c(685) : lis_matrix_set_value : error ILL_ARG :i(=0) or j(=-1) are less than 0
lis_matrix.c(685) : lis_matrix_set_value : error ILL_ARG :i(=0) or j(=-65) are less than 0
lis_matrix.c(685) : lis_matrix_set_value : error ILL_ARG :i(=1) or j(=-64) are less than 0
lis_matrix.c(685) : lis_matrix_set_value : error ILL_ARG :i(=2) or j(=-63) are less than 0
lis_matrix.c(685) : lis_matrix_set_value : error ILL_ARG :i(=3) or j(=-62) are less than 0
Warning: Solution did not converge after 100001 iterations.
  The final residual was: -nan
  Solver status: 4
  2098-Nov-19 23:00:00
lis_matrix.c(685) : lis_matrix_set_value : error ILL_ARG :i(=0) or j(=-1) are less than 0
lis_matrix.c(685) : lis_matrix_set_value : error ILL_ARG :i(=0) or j(=-65) are less than 0
lis_matrix.c(685) : lis_matrix_set_value : error ILL_ARG :i(=1) or j(=-64) are less than 0
lis_matrix.c(685) : lis_matrix_set_value : error ILL_ARG :i(=2) or j(=-63) are less than 0
lis_matrix.c(685) : lis_matrix_set_value : error ILL_ARG :i(=3) or j(=-62) are less than 0
Warning: Solution did not converge after 100001 iterations.
  The final residual was: -nan
  Solver status: 4
  2098-Nov-26 23:00:00
lis_matrix.c(685) : lis_matrix_set_value : error ILL_ARG :i(=0) or j(=-1) are less than 0
lis_matrix.c(685) : lis_matrix_set_value : error ILL_ARG :i(=0) or j(=-65) are less than 0
lis_matrix.c(685) : lis_matrix_set_value : error ILL_ARG :i(=1) or j(=-64) are less than 0
lis_matrix.c(685) : lis_matrix_set_value : error ILL_ARG :i(=2) or j(=-63) are less than 0
lis_matrix.c(685) : lis_matrix_set_value : error ILL_ARG :i(=3) or j(=-62) are less than 0
Warning: Solution did not converge after 100001 iterations.
  The final residual was: -nan
  Solver status: 4
  2098-Dec-03 23:00:00
lis_matrix.c(685) : lis_matrix_set_value : error ILL_ARG :i(=0) or j(=-1) are less than 0
lis_matrix.c(685) : lis_matrix_set_value : error ILL_ARG :i(=0) or j(=-65) are less than 0
lis_matrix.c(685) : lis_matrix_set_value : error ILL_ARG :i(=1) or j(=-64) are less than 0
lis_matrix.c(685) : lis_matrix_set_value : error ILL_ARG :i(=2) or j(=-63) are less than 0
lis_matrix.c(685) : lis_matrix_set_value : error ILL_ARG :i(=3) or j(=-62) are less than 0
Warning: Solution did not converge after 100001 iterations.
  The final residual was: -nan
  Solver status: 4
  2098-Dec-10 23:00:00
lis_matrix.c(685) : lis_matrix_set_value : error ILL_ARG :i(=0) or j(=-1) are less than 0
lis_matrix.c(685) : lis_matrix_set_value : error ILL_ARG :i(=0) or j(=-65) are less than 0
lis_matrix.c(685) : lis_matrix_set_value : error ILL_ARG :i(=1) or j(=-64) are less than 0
lis_matrix.c(685) : lis_matrix_set_value : error ILL_ARG :i(=2) or j(=-63) are less than 0
lis_matrix.c(685) : lis_matrix_set_value : error ILL_ARG :i(=3) or j(=-62) are less than 0
Warning: Solution did not converge after 100001 iterations.
  The final residual was: -nan
  Solver status: 4
  2098-Dec-17 23:00:00
lis_matrix.c(685) : lis_matrix_set_value : error ILL_ARG :i(=0) or j(=-1) are less than 0
lis_matrix.c(685) : lis_matrix_set_value : error ILL_ARG :i(=0) or j(=-65) are less than 0
lis_matrix.c(685) : lis_matrix_set_value : error ILL_ARG :i(=1) or j(=-64) are less than 0
lis_matrix.c(685) : lis_matrix_set_value : error ILL_ARG :i(=2) or j(=-63) are less than 0
lis_matrix.c(685) : lis_matrix_set_value : error ILL_ARG :i(=3) or j(=-62) are less than 0
Warning: Solution did not converge after 100001 iterations.
  The final residual was: -nan
  Solver status: 4
  2098-Dec-24 23:00:00
lis_matrix.c(685) : lis_matrix_set_value : error ILL_ARG :i(=0) or j(=-1) are less than 0
lis_matrix.c(685) : lis_matrix_set_value : error ILL_ARG :i(=0) or j(=-65) are less than 0
lis_matrix.c(685) : lis_matrix_set_value : error ILL_ARG :i(=1) or j(=-64) are less than 0
lis_matrix.c(685) : lis_matrix_set_value : error ILL_ARG :i(=2) or j(=-63) are less than 0
lis_matrix.c(685) : lis_matrix_set_value : error ILL_ARG :i(=3) or j(=-62) are less than 0
Warning: Solution did not converge after 100001 iterations.
  The final residual was: -nan
  Solver status: 4
  2098-Dec-31 23:00:00
  2099-Jan-12 08:00:00
  2099-Feb-09 17:00:00
  2099-Mar-10 03:00:00
  2099-Apr-07 13:00:00
  2099-May-05 23:00:00
  2099-Jun-03 09:00:00
  2099-Jul-01 19:00:00
  2099-Jul-30 05:00:00
  2099-Aug-27 15:00:00
  2099-Sep-25 01:00:00
  2099-Oct-23 11:00:00
  2099-Nov-20 22:00:00
  2099-Dec-19 08:00:00
Beginning Simulation...
  2100-Jan-15 08:00:00 (3.9%)
  2100-Feb-10 06:00:00 (11%)
  2100-Mar-08 03:00:00 (18.1%)
  2100-Apr-03 00:00:00 (25.2%)
  2100-Apr-28 21:00:00 (32.3%)
  2100-May-24 19:00:00 (39.4%)
  2100-Jun-19 16:00:00 (46.5%)
  2100-Jul-15 13:00:00 (53.6%)
  2100-Aug-10 11:00:00 (60.7%)
  2100-Sep-05 08:00:00 (67.8%)
  2100-Oct-01 05:00:00 (74.9%)
  2100-Oct-27 03:00:00 (82%)
  2100-Nov-22 00:00:00 (89%)
  2100-Dec-17 22:00:00 (96.1%)
  2100-Dec-31 23:00:00 (100%)
Finished Program: 2014-Nov-17 08:48:43.543833
Elapsed Time: 00:03:28.091261
