instance.yaml
kiva v0.2.0-9-g526928a
Copyright (C) 2012-2014 Big Ladder Software
Web: www.bigladdersoftware.com

Starting Program: 2014-Oct-26 15:44:35.647015
Creating Domain...
  X Cells: 97
  Y Cells: 1
  Z Cells: 96
  Total Cells: 9312
Initializing Temperatures...
  2098-Nov-05 23:00:00
  2098-Dec-24 23:00:00
  2099-Jan-05 13:00:00
  2099-Jan-13 19:00:00
  2099-Jan-22 00:00:00
  2099-Jan-30 06:00:00
  2099-Feb-07 13:00:00
  2099-Feb-15 17:00:00
  2099-Feb-24 00:00:00
  2099-Mar-04 05:00:00
  2099-Mar-12 15:00:00
  2099-Mar-21 01:00:00
  2099-Mar-29 08:00:00
  2099-Apr-06 13:00:00
  2099-Apr-14 18:00:00
  2099-Apr-23 03:00:00
  2099-May-01 07:00:00
  2099-May-09 14:00:00
  2099-May-17 19:00:00
  2099-May-26 00:00:00
  2099-Jun-03 07:00:00
  2099-Jun-11 11:00:00
  2099-Jun-19 16:00:00
  2099-Jun-28 01:00:00
  2099-Jul-06 06:00:00
  2099-Jul-14 13:00:00
  2099-Jul-22 18:00:00
  2099-Jul-30 23:00:00
  2099-Aug-08 06:00:00
  2099-Aug-16 10:00:00
  2099-Aug-24 18:00:00
  2099-Sep-02 08:00:00
  2099-Sep-10 12:00:00
  2099-Sep-18 22:00:00
  2099-Sep-27 07:00:00
  2099-Oct-05 10:00:00
  2099-Oct-13 16:00:00
  2099-Oct-21 22:00:00
  2099-Oct-30 05:00:00
  2099-Nov-07 10:00:00
  2099-Nov-15 16:00:00
  2099-Nov-23 21:00:00
  2099-Dec-02 03:00:00
  2099-Dec-10 12:00:00
  2099-Dec-18 17:00:00
  2099-Dec-27 04:00:00
Beginning Simulation...
  2100-Jan-04 10:00:00 (0.9%)
  2100-Jan-12 08:00:00 (3.1%)
  2100-Jan-20 07:00:00 (5.3%)
  2100-Jan-28 07:00:00 (7.5%)
  2100-Feb-05 06:00:00 (9.7%)
  2100-Feb-13 04:00:00 (11.8%)
  2100-Feb-21 04:00:00 (14%)
  2100-Mar-01 06:00:00 (16.2%)
  2100-Mar-09 09:00:00 (18.5%)
  2100-Mar-17 12:00:00 (20.7%)
  2100-Mar-25 11:00:00 (22.9%)
  2100-Apr-02 09:00:00 (25%)
  2100-Apr-10 09:00:00 (27.2%)
  2100-Apr-18 07:00:00 (29.4%)
  2100-Apr-26 14:00:00 (31.7%)
  2100-May-04 14:00:00 (33.9%)
  2100-May-12 13:00:00 (36%)
  2100-May-20 12:00:00 (38.2%)
  2100-May-28 09:00:00 (40.4%)
  2100-Jun-05 09:00:00 (42.6%)
  2100-Jun-13 08:00:00 (44.7%)
  2100-Jun-21 06:00:00 (46.9%)
  2100-Jun-29 06:00:00 (49.1%)
  2100-Jul-07 05:00:00 (51.3%)
  2100-Jul-15 03:00:00 (53.5%)
  2100-Jul-23 05:00:00 (55.7%)
  2100-Jul-31 05:00:00 (57.9%)
  2100-Aug-08 04:00:00 (60%)
  2100-Aug-16 02:00:00 (62.2%)
  2100-Aug-24 02:00:00 (64.4%)
  2100-Sep-01 01:00:00 (66.6%)
  2100-Sep-08 23:00:00 (68.8%)
  2100-Sep-16 20:00:00 (70.9%)
  2100-Sep-24 20:00:00 (73.1%)
  2100-Oct-02 19:00:00 (75.3%)
  2100-Oct-10 18:00:00 (77.5%)
  2100-Oct-18 16:00:00 (79.6%)
  2100-Oct-26 14:00:00 (81.8%)
  2100-Nov-03 17:00:00 (84%)
  2100-Nov-11 19:00:00 (86.2%)
  2100-Nov-19 18:00:00 (88.4%)
  2100-Nov-27 16:00:00 (90.6%)
  2100-Dec-05 16:00:00 (92.8%)
  2100-Dec-13 15:00:00 (95%)
  2100-Dec-21 17:00:00 (97.2%)
  2100-Dec-29 18:00:00 (99.4%)
  2100-Dec-31 23:00:00 (100%)
Finished Program: 2014-Oct-26 15:46:08.278170
Elapsed Time: 00:01:32.631155
