instance.yaml
kiva v0.2.0-20-g4c7c200
Copyright (C) 2012-2014 Big Ladder Software
Web: www.bigladdersoftware.com

Starting Program: 2014-Nov-17 14:17:21.589808
Creating Domain...
  X Cells: 102
  Y Cells: 1
  Z Cells: 158
  Total Cells: 16116
Initializing Temperatures...
  2098-Oct-29 23:00:00
  2099-Jan-11 12:00:00
  2099-Jan-26 21:00:00
  2099-Feb-11 06:00:00
  2099-Feb-26 15:00:00
  2099-Mar-14 00:00:00
  2099-Mar-29 08:00:00
  2099-Apr-13 17:00:00
  2099-Apr-29 02:00:00
  2099-May-14 11:00:00
  2099-May-29 20:00:00
  2099-Jun-14 04:00:00
  2099-Jun-29 09:00:00
  2099-Jul-14 08:00:00
  2099-Jul-29 14:00:00
  2099-Aug-13 23:00:00
  2099-Aug-29 05:00:00
  2099-Sep-13 12:00:00
  2099-Sep-28 21:00:00
  2099-Oct-14 06:00:00
  2099-Oct-29 16:00:00
  2099-Nov-14 01:00:00
  2099-Nov-29 08:00:00
  2099-Dec-14 17:00:00
  2099-Dec-30 02:00:00
Beginning Simulation...
  2100-Jan-13 07:00:00 (3.4%)
  2100-Jan-27 07:00:00 (7.2%)
  2100-Feb-10 08:00:00 (11.1%)
  2100-Feb-24 08:00:00 (14.9%)
  2100-Mar-10 09:00:00 (18.7%)
  2100-Mar-24 10:00:00 (22.6%)
  2100-Apr-07 11:00:00 (26.4%)
  2100-Apr-21 11:00:00 (30.3%)
  2100-May-05 12:00:00 (34.1%)
  2100-May-19 14:00:00 (38%)
  2100-Jun-02 15:00:00 (41.8%)
  2100-Jun-16 17:00:00 (45.7%)
  2100-Jun-30 19:00:00 (49.5%)
  2100-Jul-14 23:00:00 (53.4%)
  2100-Jul-29 03:00:00 (57.3%)
  2100-Aug-12 07:00:00 (61.2%)
  2100-Aug-26 11:00:00 (65.1%)
  2100-Sep-09 15:00:00 (68.9%)
  2100-Sep-23 19:00:00 (72.8%)
  2100-Oct-07 22:00:00 (76.7%)
  2100-Oct-22 02:00:00 (80.6%)
  2100-Nov-05 06:00:00 (84.5%)
  2100-Nov-19 10:00:00 (88.3%)
  2100-Dec-03 13:00:00 (92.2%)
  2100-Dec-17 17:00:00 (96.1%)
  2100-Dec-31 21:00:00 (100%)
  2100-Dec-31 23:00:00 (100%)
Finished Program: 2014-Nov-17 14:18:12.008590
Elapsed Time: 00:00:50.418782
