instance.yaml
kiva v0.2.0-21-g785bfe1
Copyright (C) 2012-2014 Big Ladder Software
Web: www.bigladdersoftware.com

Starting Program: 2014-Nov-18 11:14:23.989743
Creating Domain...
  X Cells: 98
  Y Cells: 1
  Z Cells: 103
  Total Cells: 10094
Initializing Temperatures...
  2099-Jan-09 16:00:00
  2099-Jan-31 16:00:00
  2099-Feb-22 16:00:00
  2099-Mar-16 17:00:00
  2099-Apr-07 17:00:00
  2099-Apr-29 17:00:00
  2099-May-21 18:00:00
  2099-Jun-12 18:00:00
  2099-Jul-04 19:00:00
  2099-Jul-26 19:00:00
  2099-Aug-17 19:00:00
  2099-Sep-08 20:00:00
  2099-Sep-30 20:00:00
  2099-Oct-22 21:00:00
  2099-Nov-13 22:00:00
  2099-Dec-05 22:00:00
  2099-Dec-27 23:00:00
Beginning Simulation...
  2100-Jan-18 14:00:00 (4.8%)
  2100-Feb-09 02:00:00 (10.7%)
  2100-Mar-02 15:00:00 (16.6%)
  2100-Mar-24 03:00:00 (22.5%)
  2100-Apr-14 16:00:00 (28.4%)
  2100-May-06 05:00:00 (34.3%)
  2100-May-27 18:00:00 (40.2%)
  2100-Jun-18 06:00:00 (46.1%)
  2100-Jul-09 19:00:00 (52%)
  2100-Jul-31 08:00:00 (57.9%)
  2100-Aug-21 21:00:00 (63.8%)
  2100-Sep-12 10:00:00 (69.7%)
  2100-Oct-03 22:00:00 (75.6%)
  2100-Oct-25 07:00:00 (81.4%)
  2100-Nov-15 20:00:00 (87.4%)
  2100-Dec-07 08:00:00 (93.2%)
  2100-Dec-28 21:00:00 (99.1%)
  2100-Dec-31 23:00:00 (100%)
Finished Program: 2014-Nov-18 11:14:58.145503
Elapsed Time: 00:00:34.155760
