instance.yaml
kiva v0.2.0-19-ge248292
Copyright (C) 2012-2014 Big Ladder Software
Web: www.bigladdersoftware.com

Starting Program: 2014-Nov-17 08:42:15.560416
Creating Domain...
  X Cells: 94
  Y Cells: 1
  Z Cells: 133
  Total Cells: 12502
Initializing Temperatures...
  2098-Nov-12 23:00:00
  2099-Jan-16 12:00:00
  2099-Feb-04 16:00:00
  2099-Feb-23 20:00:00
  2099-Mar-14 23:00:00
  2099-Apr-03 03:00:00
  2099-Apr-22 07:00:00
  2099-May-11 10:00:00
  2099-May-30 14:00:00
  2099-Jun-18 18:00:00
  2099-Jul-07 22:00:00
  2099-Jul-27 02:00:00
  2099-Aug-15 06:00:00
  2099-Sep-03 11:00:00
  2099-Sep-22 16:00:00
  2099-Oct-11 21:00:00
  2099-Oct-31 02:00:00
  2099-Nov-19 07:00:00
  2099-Dec-08 12:00:00
  2099-Dec-27 17:00:00
Beginning Simulation...
  2100-Jan-14 17:00:00 (3.8%)
  2100-Feb-01 08:00:00 (8.6%)
  2100-Feb-19 00:00:00 (13.4%)
  2100-Mar-08 15:00:00 (18.3%)
  2100-Mar-26 06:00:00 (23.1%)
  2100-Apr-12 22:00:00 (27.9%)
  2100-Apr-30 13:00:00 (32.8%)
  2100-May-18 05:00:00 (37.6%)
  2100-Jun-04 20:00:00 (42.4%)
  2100-Jun-22 11:00:00 (47.2%)
  2100-Jul-10 03:00:00 (52.1%)
  2100-Jul-27 19:00:00 (56.9%)
  2100-Aug-14 11:00:00 (61.8%)
  2100-Sep-01 03:00:00 (66.6%)
  2100-Sep-18 18:00:00 (71.4%)
  2100-Oct-06 07:00:00 (76.2%)
  2100-Oct-23 23:00:00 (81.1%)
  2100-Nov-10 15:00:00 (85.9%)
  2100-Nov-28 07:00:00 (90.8%)
  2100-Dec-15 22:00:00 (95.6%)
  2100-Dec-31 23:00:00 (100%)
Finished Program: 2014-Nov-17 08:42:55.909365
Elapsed Time: 00:00:40.348949
