instance.yaml
kiva v0.2.0-21-g785bfe1
Copyright (C) 2012-2014 Big Ladder Software
Web: www.bigladdersoftware.com

Starting Program: 2014-Nov-18 11:50:24.303385
Creating Domain...
  X Cells: 196
  Y Cells: 1
  Z Cells: 133
  Total Cells: 26068
Initializing Temperatures...
Warning: Solution did not converge after 639 iterations.
  The final residual was: 6.70904e-06
  Solver status: 2
  2098-Nov-05 23:00:00
  2099-Jan-05 21:00:00
  2099-Jan-15 05:00:00
  2099-Jan-24 13:00:00
  2099-Feb-02 20:00:00
  2099-Feb-12 04:00:00
  2099-Feb-21 13:00:00
  2099-Mar-02 21:00:00
  2099-Mar-12 05:00:00
  2099-Mar-21 14:00:00
  2099-Mar-30 22:00:00
  2099-Apr-09 07:00:00
  2099-Apr-18 15:00:00
  2099-Apr-27 23:00:00
  2099-May-07 08:00:00
  2099-May-16 16:00:00
  2099-May-26 01:00:00
  2099-Jun-04 09:00:00
  2099-Jun-13 18:00:00
  2099-Jun-23 02:00:00
  2099-Jul-02 11:00:00
  2099-Jul-11 19:00:00
  2099-Jul-21 04:00:00
  2099-Jul-30 12:00:00
  2099-Aug-08 21:00:00
  2099-Aug-18 05:00:00
  2099-Aug-27 13:00:00
  2099-Sep-05 22:00:00
  2099-Sep-15 06:00:00
  2099-Sep-24 15:00:00
  2099-Oct-03 23:00:00
  2099-Oct-13 08:00:00
  2099-Oct-22 16:00:00
  2099-Nov-01 01:00:00
  2099-Nov-10 09:00:00
  2099-Nov-19 18:00:00
  2099-Nov-29 02:00:00
  2099-Dec-08 11:00:00
  2099-Dec-17 19:00:00
  2099-Dec-27 03:00:00
Beginning Simulation...
  2100-Jan-05 04:00:00 (1.1%)
  2100-Jan-13 21:00:00 (3.5%)
  2100-Jan-22 13:00:00 (5.9%)
  2100-Jan-31 05:00:00 (8.3%)
  2100-Feb-08 21:00:00 (10.7%)
  2100-Feb-17 14:00:00 (13%)
  2100-Feb-26 06:00:00 (15.4%)
  2100-Mar-06 22:00:00 (17.8%)
  2100-Mar-15 14:00:00 (20.2%)
  2100-Mar-24 07:00:00 (22.5%)
  2100-Apr-01 23:00:00 (24.9%)
  2100-Apr-10 15:00:00 (27.3%)
  2100-Apr-19 08:00:00 (29.7%)
  2100-Apr-28 00:00:00 (32.1%)
  2100-May-06 17:00:00 (34.4%)
  2100-May-15 09:00:00 (36.8%)
  2100-May-24 01:00:00 (39.2%)
  2100-Jun-01 18:00:00 (41.6%)
  2100-Jun-10 10:00:00 (43.9%)
  2100-Jun-19 03:00:00 (46.3%)
  2100-Jun-27 19:00:00 (48.7%)
  2100-Jul-06 12:00:00 (51.1%)
  2100-Jul-15 04:00:00 (53.5%)
  2100-Jul-23 20:00:00 (55.8%)
  2100-Aug-01 13:00:00 (58.2%)
  2100-Aug-10 05:00:00 (60.6%)
  2100-Aug-18 22:00:00 (63%)
  2100-Aug-27 14:00:00 (65.4%)
  2100-Sep-05 07:00:00 (67.8%)
  2100-Sep-13 23:00:00 (70.1%)
  2100-Sep-22 15:00:00 (72.5%)
  2100-Oct-01 08:00:00 (74.9%)
  2100-Oct-10 00:00:00 (77.3%)
  2100-Oct-18 17:00:00 (79.6%)
  2100-Oct-27 08:00:00 (82%)
  2100-Nov-05 00:00:00 (84.4%)
  2100-Nov-13 17:00:00 (86.8%)
  2100-Nov-22 10:00:00 (89.2%)
  2100-Dec-01 02:00:00 (91.5%)
  2100-Dec-09 18:00:00 (93.9%)
  2100-Dec-18 11:00:00 (96.3%)
  2100-Dec-27 03:00:00 (98.7%)
  2100-Dec-31 23:00:00 (100%)
Finished Program: 2014-Nov-18 11:51:46.558124
Elapsed Time: 00:01:22.254739
