instance.yaml
kiva v0.2.0-19-ge248292
Copyright (C) 2012-2014 Big Ladder Software
Web: www.bigladdersoftware.com

Starting Program: 2014-Nov-17 08:45:15.481752
Creating Domain...
  X Cells: 181
  Y Cells: 1
  Z Cells: 133
  Total Cells: 24073
Initializing Temperatures...
  2098-Oct-15 23:00:00
  2099-Jan-05 17:00:00
  2099-Jan-15 19:00:00
  2099-Jan-25 21:00:00
  2099-Feb-04 23:00:00
  2099-Feb-15 00:00:00
  2099-Feb-25 02:00:00
  2099-Mar-07 04:00:00
  2099-Mar-17 06:00:00
  2099-Mar-27 07:00:00
  2099-Apr-06 09:00:00
  2099-Apr-16 11:00:00
  2099-Apr-26 13:00:00
  2099-May-06 14:00:00
  2099-May-16 16:00:00
  2099-May-26 18:00:00
  2099-Jun-05 20:00:00
  2099-Jun-15 22:00:00
  2099-Jun-26 00:00:00
  2099-Jul-06 02:00:00
  2099-Jul-16 03:00:00
  2099-Jul-26 05:00:00
  2099-Aug-05 07:00:00
  2099-Aug-15 09:00:00
  2099-Aug-25 11:00:00
  2099-Sep-04 12:00:00
  2099-Sep-14 14:00:00
  2099-Sep-24 16:00:00
  2099-Oct-04 17:00:00
  2099-Oct-14 19:00:00
  2099-Oct-24 21:00:00
  2099-Nov-03 22:00:00
  2099-Nov-14 00:00:00
  2099-Nov-24 02:00:00
  2099-Dec-04 04:00:00
  2099-Dec-14 06:00:00
  2099-Dec-24 07:00:00
Beginning Simulation...
  2100-Jan-03 05:00:00 (0.6%)
  2100-Jan-12 12:00:00 (3.2%)
  2100-Jan-21 19:00:00 (5.7%)
  2100-Jan-31 03:00:00 (8.3%)
  2100-Feb-09 10:00:00 (10.8%)
  2100-Feb-18 17:00:00 (13.3%)
  2100-Feb-28 00:00:00 (15.9%)
  2100-Mar-09 08:00:00 (18.4%)
  2100-Mar-18 15:00:00 (21%)
  2100-Mar-27 22:00:00 (23.5%)
  2100-Apr-06 05:00:00 (26.1%)
  2100-Apr-15 13:00:00 (28.6%)
  2100-Apr-24 20:00:00 (31.2%)
  2100-May-04 03:00:00 (33.7%)
  2100-May-13 10:00:00 (36.3%)
  2100-May-22 18:00:00 (38.8%)
  2100-Jun-01 01:00:00 (41.4%)
  2100-Jun-10 08:00:00 (43.9%)
  2100-Jun-19 15:00:00 (46.5%)
  2100-Jun-28 23:00:00 (49%)
  2100-Jul-08 06:00:00 (51.6%)
  2100-Jul-17 13:00:00 (54.1%)
  2100-Jul-26 21:00:00 (56.7%)
  2100-Aug-05 04:00:00 (59.2%)
  2100-Aug-14 11:00:00 (61.8%)
  2100-Aug-23 18:00:00 (64.3%)
  2100-Sep-02 02:00:00 (66.9%)
  2100-Sep-11 09:00:00 (69.4%)
  2100-Sep-20 16:00:00 (72%)
  2100-Sep-30 00:00:00 (74.5%)
  2100-Oct-09 07:00:00 (77.1%)
  2100-Oct-18 14:00:00 (79.6%)
  2100-Oct-27 20:00:00 (82.1%)
  2100-Nov-06 03:00:00 (84.7%)
  2100-Nov-15 11:00:00 (87.2%)
  2100-Nov-24 18:00:00 (89.8%)
  2100-Dec-04 01:00:00 (92.3%)
  2100-Dec-13 08:00:00 (94.9%)
  2100-Dec-22 15:00:00 (97.4%)
  2100-Dec-31 23:00:00 (100%)
  2100-Dec-31 23:00:00 (100%)
Finished Program: 2014-Nov-17 08:46:32.003868
Elapsed Time: 00:01:16.522116
