instance.yaml
kiva v0.2.0-21-g785bfe1
Copyright (C) 2012-2014 Big Ladder Software
Web: www.bigladdersoftware.com

Starting Program: 2014-Nov-18 11:13:25.056447
Creating Domain...
  X Cells: 193
  Y Cells: 1
  Z Cells: 113
  Total Cells: 21809
Initializing Temperatures...
  2099-Jan-01 00:00:00
  2099-Jan-11 21:00:00
  2099-Jan-22 20:00:00
  2099-Feb-02 19:00:00
  2099-Feb-13 17:00:00
  2099-Feb-24 15:00:00
  2099-Mar-07 15:00:00
  2099-Mar-18 15:00:00
  2099-Mar-29 15:00:00
  2099-Apr-09 15:00:00
  2099-Apr-20 15:00:00
  2099-May-01 15:00:00
  2099-May-12 14:00:00
  2099-May-23 14:00:00
  2099-Jun-03 14:00:00
  2099-Jun-14 16:00:00
  2099-Jun-25 19:00:00
  2099-Jul-06 22:00:00
  2099-Jul-18 00:00:00
  2099-Jul-29 03:00:00
  2099-Aug-09 06:00:00
  2099-Aug-20 08:00:00
  2099-Aug-31 11:00:00
  2099-Sep-11 14:00:00
  2099-Sep-22 16:00:00
  2099-Oct-03 19:00:00
  2099-Oct-14 22:00:00
  2099-Oct-26 00:00:00
  2099-Nov-06 03:00:00
  2099-Nov-17 06:00:00
  2099-Nov-28 09:00:00
  2099-Dec-09 11:00:00
  2099-Dec-20 14:00:00
  2099-Dec-31 17:00:00
Beginning Simulation...
  2100-Jan-11 15:00:00 (2.9%)
  2100-Jan-22 13:00:00 (5.9%)
  2100-Feb-02 12:00:00 (8.9%)
  2100-Feb-13 10:00:00 (11.9%)
  2100-Feb-24 08:00:00 (14.9%)
  2100-Mar-07 06:00:00 (17.9%)
  2100-Mar-18 05:00:00 (20.9%)
  2100-Mar-29 03:00:00 (23.9%)
  2100-Apr-09 01:00:00 (26.9%)
  2100-Apr-20 00:00:00 (29.9%)
  2100-Apr-30 22:00:00 (32.9%)
  2100-May-11 21:00:00 (35.9%)
  2100-May-22 19:00:00 (38.8%)
  2100-Jun-02 17:00:00 (41.8%)
  2100-Jun-13 16:00:00 (44.8%)
  2100-Jun-24 14:00:00 (47.8%)
  2100-Jul-05 12:00:00 (50.8%)
  2100-Jul-16 10:00:00 (53.8%)
  2100-Jul-27 09:00:00 (56.8%)
  2100-Aug-07 07:00:00 (59.8%)
  2100-Aug-18 06:00:00 (62.8%)
  2100-Aug-29 04:00:00 (65.8%)
  2100-Sep-09 03:00:00 (68.8%)
  2100-Sep-20 01:00:00 (71.8%)
  2100-Oct-01 00:00:00 (74.8%)
  2100-Oct-11 22:00:00 (77.8%)
  2100-Oct-22 21:00:00 (80.8%)
  2100-Nov-02 19:00:00 (83.8%)
  2100-Nov-13 18:00:00 (86.8%)
  2100-Nov-24 16:00:00 (89.8%)
  2100-Dec-05 14:00:00 (92.8%)
  2100-Dec-16 11:00:00 (95.7%)
  2100-Dec-27 09:00:00 (98.7%)
  2100-Dec-31 23:00:00 (100%)
Finished Program: 2014-Nov-18 11:14:32.419325
Elapsed Time: 00:01:07.362878
