instance.yaml
kiva v0.2.0-21-g785bfe1
Copyright (C) 2012-2014 Big Ladder Software
Web: www.bigladdersoftware.com

Starting Program: 2014-Nov-18 11:21:24.730343
Creating Domain...
  X Cells: 112
  Y Cells: 1
  Z Cells: 96
  Total Cells: 10752
Initializing Temperatures...
  2098-Oct-15 23:00:00
  2099-Jan-16 00:00:00
  2099-Feb-06 19:00:00
  2099-Feb-28 15:00:00
  2099-Mar-22 10:00:00
  2099-Apr-13 05:00:00
  2099-May-05 01:00:00
  2099-May-26 21:00:00
  2099-Jun-17 16:00:00
  2099-Jul-09 12:00:00
  2099-Jul-31 07:00:00
  2099-Aug-22 02:00:00
  2099-Sep-12 22:00:00
  2099-Oct-04 17:00:00
  2099-Oct-26 13:00:00
  2099-Nov-17 09:00:00
  2099-Dec-09 05:00:00
  2099-Dec-31 01:00:00
Beginning Simulation...
  2100-Jan-21 05:00:00 (5.5%)
  2100-Feb-11 09:00:00 (11.3%)
  2100-Mar-04 12:00:00 (17.1%)
  2100-Mar-25 16:00:00 (22.9%)
  2100-Apr-15 20:00:00 (28.7%)
  2100-May-07 00:00:00 (34.5%)
  2100-May-28 03:00:00 (40.3%)
  2100-Jun-18 07:00:00 (46.1%)
  2100-Jul-09 11:00:00 (51.9%)
  2100-Jul-30 14:00:00 (57.7%)
  2100-Aug-20 17:00:00 (63.5%)
  2100-Sep-10 21:00:00 (69.3%)
  2100-Oct-02 01:00:00 (75.1%)
  2100-Oct-23 02:00:00 (80.8%)
  2100-Nov-13 05:00:00 (86.6%)
  2100-Dec-04 09:00:00 (92.4%)
  2100-Dec-25 12:00:00 (98.2%)
  2100-Dec-31 23:00:00 (100%)
Finished Program: 2014-Nov-18 11:21:59.306839
Elapsed Time: 00:00:34.576496
