instance.yaml
kiva v0.2.0-21-g785bfe1
Copyright (C) 2012-2014 Big Ladder Software
Web: www.bigladdersoftware.com

Starting Program: 2014-Nov-18 11:06:23.675406
Creating Domain...
  X Cells: 173
  Y Cells: 1
  Z Cells: 125
  Total Cells: 21625
Initializing Temperatures...
  2098-Oct-08 23:00:00
  2099-Jan-04 20:00:00
  2099-Jan-15 09:00:00
  2099-Jan-25 22:00:00
  2099-Feb-05 11:00:00
  2099-Feb-15 23:00:00
  2099-Feb-26 12:00:00
  2099-Mar-09 01:00:00
  2099-Mar-19 14:00:00
  2099-Mar-30 03:00:00
  2099-Apr-09 16:00:00
  2099-Apr-20 06:00:00
  2099-Apr-30 19:00:00
  2099-May-11 08:00:00
  2099-May-21 21:00:00
  2099-Jun-01 10:00:00
  2099-Jun-11 23:00:00
  2099-Jun-22 12:00:00
  2099-Jul-03 02:00:00
  2099-Jul-13 16:00:00
  2099-Jul-24 07:00:00
  2099-Aug-03 21:00:00
  2099-Aug-14 12:00:00
  2099-Aug-24 19:00:00
  2099-Sep-04 10:00:00
  2099-Sep-15 00:00:00
  2099-Sep-25 14:00:00
  2099-Oct-06 05:00:00
  2099-Oct-16 21:00:00
  2099-Oct-27 13:00:00
  2099-Nov-07 06:00:00
  2099-Nov-17 22:00:00
  2099-Nov-28 14:00:00
  2099-Dec-09 07:00:00
  2099-Dec-19 23:00:00
  2099-Dec-30 16:00:00
Beginning Simulation...
  2100-Jan-09 17:00:00 (2.4%)
  2100-Jan-19 15:00:00 (5.1%)
  2100-Jan-29 14:00:00 (7.8%)
  2100-Feb-08 12:00:00 (10.5%)
  2100-Feb-18 11:00:00 (13.3%)
  2100-Feb-28 10:00:00 (16%)
  2100-Mar-10 08:00:00 (18.7%)
  2100-Mar-20 07:00:00 (21.4%)
  2100-Mar-30 05:00:00 (24.2%)
  2100-Apr-09 04:00:00 (26.9%)
  2100-Apr-19 02:00:00 (29.6%)
  2100-Apr-29 01:00:00 (32.3%)
  2100-May-09 00:00:00 (35.1%)
  2100-May-18 22:00:00 (37.8%)
  2100-May-28 21:00:00 (40.5%)
  2100-Jun-07 20:00:00 (43.2%)
  2100-Jun-17 18:00:00 (46%)
  2100-Jun-27 17:00:00 (48.7%)
  2100-Jul-07 16:00:00 (51.4%)
  2100-Jul-17 15:00:00 (54.1%)
  2100-Jul-27 13:00:00 (56.9%)
  2100-Aug-06 12:00:00 (59.6%)
  2100-Aug-16 11:00:00 (62.3%)
  2100-Aug-26 09:00:00 (65%)
  2100-Sep-05 08:00:00 (67.8%)
  2100-Sep-15 07:00:00 (70.5%)
  2100-Sep-25 06:00:00 (73.2%)
  2100-Oct-05 05:00:00 (75.9%)
  2100-Oct-15 03:00:00 (78.7%)
  2100-Oct-25 02:00:00 (81.4%)
  2100-Nov-04 01:00:00 (84.1%)
  2100-Nov-14 00:00:00 (86.8%)
  2100-Nov-23 23:00:00 (89.6%)
  2100-Dec-03 20:00:00 (92.3%)
  2100-Dec-13 18:00:00 (95%)
  2100-Dec-23 17:00:00 (97.7%)
  2100-Dec-31 23:00:00 (100%)
Finished Program: 2014-Nov-18 11:07:35.832099
Elapsed Time: 00:01:12.156693
