instance.yaml
kiva v0.2.0-19-ge248292
Copyright (C) 2012-2014 Big Ladder Software
Web: www.bigladdersoftware.com

Starting Program: 2014-Nov-17 08:40:13.189025
Creating Domain...
  X Cells: 71
  Y Cells: 1
  Z Cells: 125
  Total Cells: 8875
Initializing Temperatures...
  2099-Jan-09 08:00:00
  2099-Feb-05 00:00:00
  2099-Mar-03 16:00:00
  2099-Mar-30 07:00:00
  2099-Apr-26 00:00:00
  2099-May-22 16:00:00
  2099-Jun-18 08:00:00
  2099-Jul-15 00:00:00
  2099-Aug-10 17:00:00
  2099-Sep-06 09:00:00
  2099-Oct-03 01:00:00
  2099-Oct-29 18:00:00
  2099-Nov-25 10:00:00
  2099-Dec-22 02:00:00
Beginning Simulation...
  2100-Jan-16 01:00:00 (4.1%)
  2100-Feb-08 21:00:00 (10.7%)
  2100-Mar-04 19:00:00 (17.2%)
  2100-Mar-28 16:00:00 (23.7%)
  2100-Apr-21 14:00:00 (30.3%)
  2100-May-15 12:00:00 (36.8%)
  2100-Jun-08 09:00:00 (43.4%)
  2100-Jul-02 07:00:00 (49.9%)
  2100-Jul-26 05:00:00 (56.5%)
  2100-Aug-19 03:00:00 (63%)
  2100-Sep-12 00:00:00 (69.6%)
  2100-Oct-05 22:00:00 (76.1%)
  2100-Oct-29 20:00:00 (82.7%)
  2100-Nov-22 18:00:00 (89.2%)
  2100-Dec-16 15:00:00 (95.8%)
  2100-Dec-31 23:00:00 (100%)
Finished Program: 2014-Nov-17 08:40:42.641714
Elapsed Time: 00:00:29.452689
