instance.yaml
kiva v0.2.0-9-g526928a
Copyright (C) 2012-2014 Big Ladder Software
Web: www.bigladdersoftware.com

Starting Program: 2014-Nov-15 11:22:46.534376
Creating Domain...
  X Cells: 165
  Y Cells: 1
  Z Cells: 96
  Total Cells: 15840
Initializing Temperatures...
  2098-Nov-12 23:00:00
  2099-Jan-11 01:00:00
  2099-Jan-24 17:00:00
  2099-Feb-07 09:00:00
  2099-Feb-21 01:00:00
  2099-Mar-06 17:00:00
  2099-Mar-20 08:00:00
  2099-Apr-03 00:00:00
  2099-Apr-16 16:00:00
  2099-Apr-30 09:00:00
  2099-May-14 01:00:00
  2099-May-27 17:00:00
  2099-Jun-10 09:00:00
  2099-Jun-24 01:00:00
  2099-Jul-07 17:00:00
  2099-Jul-21 09:00:00
  2099-Aug-04 01:00:00
  2099-Aug-17 17:00:00
  2099-Aug-31 09:00:00
  2099-Sep-14 02:00:00
  2099-Sep-27 18:00:00
  2099-Oct-11 10:00:00
  2099-Oct-25 02:00:00
  2099-Nov-07 18:00:00
  2099-Nov-21 10:00:00
  2099-Dec-05 02:00:00
  2099-Dec-18 18:00:00
Beginning Simulation...
  2100-Jan-01 10:00:00 (0.1%)
  2100-Jan-14 18:00:00 (3.8%)
  2100-Jan-28 03:00:00 (7.4%)
  2100-Feb-10 12:00:00 (11.1%)
  2100-Feb-23 22:00:00 (14.8%)
  2100-Mar-09 07:00:00 (18.4%)
  2100-Mar-22 16:00:00 (22.1%)
  2100-Apr-05 01:00:00 (25.8%)
  2100-Apr-18 10:00:00 (29.4%)
  2100-May-01 20:00:00 (33.1%)
  2100-May-15 05:00:00 (36.8%)
  2100-May-28 14:00:00 (40.4%)
  2100-Jun-10 23:00:00 (44.1%)
  2100-Jun-24 09:00:00 (47.8%)
  2100-Jul-07 18:00:00 (51.4%)
  2100-Jul-21 04:00:00 (55.1%)
  2100-Aug-03 13:00:00 (58.8%)
  2100-Aug-16 22:00:00 (62.4%)
  2100-Aug-30 10:00:00 (66.1%)
  2100-Sep-12 23:00:00 (69.9%)
  2100-Sep-26 12:00:00 (73.6%)
  2100-Oct-10 02:00:00 (77.3%)
  2100-Oct-23 15:00:00 (81%)
  2100-Nov-06 05:00:00 (84.7%)
  2100-Nov-19 18:00:00 (88.4%)
  2100-Dec-03 07:00:00 (92.1%)
  2100-Dec-16 20:00:00 (95.8%)
  2100-Dec-30 10:00:00 (99.6%)
  2100-Dec-31 23:00:00 (100%)
Finished Program: 2014-Nov-15 11:23:41.116243
Elapsed Time: 00:00:54.581867
