instance.yaml
kiva v0.2.0-21-g785bfe1
Copyright (C) 2012-2014 Big Ladder Software
Web: www.bigladdersoftware.com

Starting Program: 2014-Nov-18 11:29:26.847242
Creating Domain...
  X Cells: 183
  Y Cells: 1
  Z Cells: 125
  Total Cells: 22875
Initializing Temperatures...
  2099-Jan-02 21:00:00
  2099-Jan-13 05:00:00
  2099-Jan-23 13:00:00
  2099-Feb-02 21:00:00
  2099-Feb-13 05:00:00
  2099-Feb-23 13:00:00
  2099-Mar-05 21:00:00
  2099-Mar-16 05:00:00
  2099-Mar-26 13:00:00
  2099-Apr-05 21:00:00
  2099-Apr-16 06:00:00
  2099-Apr-26 13:00:00
  2099-May-06 21:00:00
  2099-May-17 05:00:00
  2099-May-27 14:00:00
  2099-Jun-06 22:00:00
  2099-Jun-17 05:00:00
  2099-Jun-27 13:00:00
  2099-Jul-07 21:00:00
  2099-Jul-18 05:00:00
  2099-Jul-28 13:00:00
  2099-Aug-07 22:00:00
  2099-Aug-18 06:00:00
  2099-Aug-28 14:00:00
  2099-Sep-07 22:00:00
  2099-Sep-18 06:00:00
  2099-Sep-28 14:00:00
  2099-Oct-08 22:00:00
  2099-Oct-19 06:00:00
  2099-Oct-29 15:00:00
  2099-Nov-08 23:00:00
  2099-Nov-19 07:00:00
  2099-Nov-29 15:00:00
  2099-Dec-09 23:00:00
  2099-Dec-20 07:00:00
  2099-Dec-30 15:00:00
Beginning Simulation...
  2100-Jan-09 08:00:00 (2.3%)
  2100-Jan-18 23:00:00 (4.9%)
  2100-Jan-28 14:00:00 (7.6%)
  2100-Feb-07 04:00:00 (10.2%)
  2100-Feb-16 19:00:00 (12.8%)
  2100-Feb-26 09:00:00 (15.4%)
  2100-Mar-08 00:00:00 (18.1%)
  2100-Mar-17 14:00:00 (20.7%)
  2100-Mar-27 05:00:00 (23.3%)
  2100-Apr-05 20:00:00 (26%)
  2100-Apr-15 10:00:00 (28.6%)
  2100-Apr-25 01:00:00 (31.2%)
  2100-May-04 15:00:00 (33.9%)
  2100-May-14 06:00:00 (36.5%)
  2100-May-23 20:00:00 (39.1%)
  2100-Jun-02 11:00:00 (41.8%)
  2100-Jun-12 01:00:00 (44.4%)
  2100-Jun-21 16:00:00 (47%)
  2100-Jul-01 07:00:00 (49.7%)
  2100-Jul-10 21:00:00 (52.3%)
  2100-Jul-20 12:00:00 (54.9%)
  2100-Jul-30 03:00:00 (57.6%)
  2100-Aug-08 17:00:00 (60.2%)
  2100-Aug-18 08:00:00 (62.8%)
  2100-Aug-28 01:00:00 (65.5%)
  2100-Sep-06 19:00:00 (68.2%)
  2100-Sep-16 13:00:00 (70.8%)
  2100-Sep-26 07:00:00 (73.5%)
  2100-Oct-06 01:00:00 (76.2%)
  2100-Oct-15 19:00:00 (78.8%)
  2100-Oct-25 13:00:00 (81.5%)
  2100-Nov-04 07:00:00 (84.2%)
  2100-Nov-14 00:00:00 (86.8%)
  2100-Nov-23 18:00:00 (89.5%)
  2100-Dec-03 12:00:00 (92.2%)
  2100-Dec-13 06:00:00 (94.9%)
  2100-Dec-23 00:00:00 (97.5%)
  2100-Dec-31 23:00:00 (100%)
Finished Program: 2014-Nov-18 11:30:40.919237
Elapsed Time: 00:01:14.071995
