instance.yaml
kiva v0.2.0-20-g4c7c200
Copyright (C) 2012-2014 Big Ladder Software
Web: www.bigladdersoftware.com

Starting Program: 2014-Nov-17 14:09:20.019978
Creating Domain...
  X Cells: 85
  Y Cells: 1
  Z Cells: 96
  Total Cells: 8160
Initializing Temperatures...
  2099-Jan-15 13:00:00
  2099-Feb-12 20:00:00
  2099-Mar-13 03:00:00
  2099-Apr-10 09:00:00
  2099-May-08 16:00:00
  2099-Jun-06 00:00:00
  2099-Jul-04 07:00:00
  2099-Aug-01 13:00:00
  2099-Aug-29 20:00:00
  2099-Sep-27 03:00:00
  2099-Oct-25 10:00:00
  2099-Nov-22 17:00:00
  2099-Dec-21 00:00:00
Beginning Simulation...
  2100-Jan-17 20:00:00 (4.6%)
  2100-Feb-14 09:00:00 (12.2%)
  2100-Mar-13 21:00:00 (19.7%)
  2100-Apr-10 10:00:00 (27.2%)
  2100-May-08 00:00:00 (34.8%)
  2100-Jun-04 14:00:00 (42.4%)
  2100-Jul-02 03:00:00 (49.9%)
  2100-Jul-29 17:00:00 (57.5%)
  2100-Aug-26 07:00:00 (65%)
  2100-Sep-22 19:00:00 (72.5%)
  2100-Oct-20 08:00:00 (80.1%)
  2100-Nov-16 22:00:00 (87.6%)
  2100-Dec-14 10:00:00 (95.2%)
  2100-Dec-31 23:00:00 (100%)
Finished Program: 2014-Nov-17 14:09:46.637550
Elapsed Time: 00:00:26.617572
