instance.yaml
kiva v0.2.0-19-ge248292
Copyright (C) 2012-2014 Big Ladder Software
Web: www.bigladdersoftware.com

Starting Program: 2014-Nov-17 08:46:13.950370
Creating Domain...
  X Cells: 138
  Y Cells: 1
  Z Cells: 132
  Total Cells: 18216
Initializing Temperatures...
  2099-Jan-04 13:00:00
  2099-Jan-18 06:00:00
  2099-Feb-01 00:00:00
  2099-Feb-14 18:00:00
  2099-Feb-28 11:00:00
  2099-Mar-14 05:00:00
  2099-Mar-27 23:00:00
  2099-Apr-10 17:00:00
  2099-Apr-24 10:00:00
  2099-May-08 04:00:00
  2099-May-21 22:00:00
  2099-Jun-04 15:00:00
  2099-Jun-18 09:00:00
  2099-Jul-02 03:00:00
  2099-Jul-15 20:00:00
  2099-Jul-29 14:00:00
  2099-Aug-12 07:00:00
  2099-Aug-26 01:00:00
  2099-Sep-08 19:00:00
  2099-Sep-22 12:00:00
  2099-Oct-06 06:00:00
  2099-Oct-20 00:00:00
  2099-Nov-02 18:00:00
  2099-Nov-16 11:00:00
  2099-Nov-30 05:00:00
  2099-Dec-13 23:00:00
  2099-Dec-27 17:00:00
Beginning Simulation...
  2100-Jan-09 21:00:00 (2.4%)
  2100-Jan-22 19:00:00 (6%)
  2100-Feb-04 16:00:00 (9.5%)
  2100-Feb-17 14:00:00 (13%)
  2100-Mar-02 11:00:00 (16.6%)
  2100-Mar-15 09:00:00 (20.1%)
  2100-Mar-28 07:00:00 (23.6%)
  2100-Apr-10 05:00:00 (27.2%)
  2100-Apr-23 02:00:00 (30.7%)
  2100-May-06 00:00:00 (34.2%)
  2100-May-18 22:00:00 (37.8%)
  2100-May-31 20:00:00 (41.3%)
  2100-Jun-13 18:00:00 (44.9%)
  2100-Jun-26 14:00:00 (48.4%)
  2100-Jul-09 04:00:00 (51.8%)
  2100-Jul-21 22:00:00 (55.3%)
  2100-Aug-03 19:00:00 (58.8%)
  2100-Aug-16 16:00:00 (62.4%)
  2100-Aug-29 10:00:00 (65.9%)
  2100-Sep-11 08:00:00 (69.4%)
  2100-Sep-24 05:00:00 (72.9%)
  2100-Oct-07 03:00:00 (76.5%)
  2100-Oct-20 01:00:00 (80%)
  2100-Nov-01 22:00:00 (83.5%)
  2100-Nov-14 20:00:00 (87.1%)
  2100-Nov-27 18:00:00 (90.6%)
  2100-Dec-10 16:00:00 (94.2%)
  2100-Dec-23 14:00:00 (97.7%)
  2100-Dec-31 23:00:00 (100%)
Finished Program: 2014-Nov-17 08:47:09.651813
Elapsed Time: 00:00:55.701443
