instance.yaml
kiva v0.2.0-21-g785bfe1
Copyright (C) 2012-2014 Big Ladder Software
Web: www.bigladdersoftware.com

Starting Program: 2014-Nov-18 11:13:25.059517
Creating Domain...
  X Cells: 98
  Y Cells: 1
  Z Cells: 113
  Total Cells: 11074
Initializing Temperatures...
  2099-Jan-08 15:00:00
  2099-Jan-28 18:00:00
  2099-Feb-18 06:00:00
  2099-Mar-10 17:00:00
  2099-Mar-31 04:00:00
  2099-Apr-20 15:00:00
  2099-May-11 03:00:00
  2099-May-31 15:00:00
  2099-Jun-21 03:00:00
  2099-Jul-11 14:00:00
  2099-Aug-01 02:00:00
  2099-Aug-21 13:00:00
  2099-Sep-11 01:00:00
  2099-Oct-01 13:00:00
  2099-Oct-22 00:00:00
  2099-Nov-11 12:00:00
  2099-Dec-02 00:00:00
  2099-Dec-22 12:00:00
Beginning Simulation...
  2100-Jan-11 18:00:00 (2.9%)
  2100-Jan-31 20:00:00 (8.4%)
  2100-Feb-20 21:00:00 (13.9%)
  2100-Mar-12 22:00:00 (19.4%)
  2100-Apr-02 00:00:00 (24.9%)
  2100-Apr-22 01:00:00 (30.4%)
  2100-May-12 03:00:00 (35.9%)
  2100-Jun-01 05:00:00 (41.4%)
  2100-Jun-21 06:00:00 (46.9%)
  2100-Jul-11 08:00:00 (52.4%)
  2100-Jul-31 10:00:00 (57.9%)
  2100-Aug-20 11:00:00 (63.4%)
  2100-Sep-09 13:00:00 (68.9%)
  2100-Sep-29 14:00:00 (74.4%)
  2100-Oct-19 13:00:00 (79.9%)
  2100-Nov-08 15:00:00 (85.4%)
  2100-Nov-28 17:00:00 (90.9%)
  2100-Dec-18 19:00:00 (96.4%)
  2100-Dec-31 23:00:00 (100%)
Finished Program: 2014-Nov-18 11:14:01.658341
Elapsed Time: 00:00:36.598824
