instance.yaml
kiva v0.2.0-8-gc565062
Copyright (C) 2012-2014 Big Ladder Software
Web: www.bigladdersoftware.com

Starting Program: 2014-Oct-02 14:42:59.126875
Creating Domain...
  X Cells: 97
  Y Cells: 1
  Z Cells: 279
  Total Cells: 27063
Initializing Temperatures...
Warning: Solution did not converge after 707 iterations.
  The final residual was: 4.7641e-05
  Solver status: 2
  2098-Oct-08 23:00:00
  2098-Nov-26 23:00:00
  2099-Jan-01 16:00:00
  2099-Jan-08 18:00:00
  2099-Jan-18 14:00:00
  2099-Jan-28 10:00:00
  2099-Feb-07 06:00:00
  2099-Feb-17 01:00:00
  2099-Feb-26 21:00:00
  2099-Mar-08 17:00:00
  2099-Mar-18 13:00:00
  2099-Mar-28 08:00:00
  2099-Apr-07 04:00:00
  2099-Apr-17 00:00:00
  2099-Apr-26 20:00:00
  2099-May-06 15:00:00
  2099-May-16 11:00:00
  2099-May-26 07:00:00
  2099-Jun-05 03:00:00
  2099-Jun-14 23:00:00
  2099-Jun-24 18:00:00
  2099-Jul-04 14:00:00
  2099-Jul-14 10:00:00
  2099-Jul-24 06:00:00
  2099-Aug-03 01:00:00
  2099-Aug-12 21:00:00
  2099-Aug-22 17:00:00
  2099-Sep-01 13:00:00
  2099-Sep-11 08:00:00
  2099-Sep-21 04:00:00
  2099-Sep-30 23:00:00
  2099-Oct-10 19:00:00
  2099-Oct-20 15:00:00
  2099-Oct-30 11:00:00
  2099-Nov-09 07:00:00
  2099-Nov-19 02:00:00
  2099-Nov-28 22:00:00
  2099-Dec-08 18:00:00
  2099-Dec-18 14:00:00
  2099-Dec-28 09:00:00
Beginning Simulation...
  2100-Jan-07 03:00:00 (1.7%)
  2100-Jan-16 20:00:00 (4.3%)
  2100-Jan-26 13:00:00 (7%)
  2100-Feb-05 06:00:00 (9.7%)
  2100-Feb-14 22:00:00 (12.3%)
  2100-Feb-24 15:00:00 (15%)
  2100-Mar-06 08:00:00 (17.6%)
  2100-Mar-16 01:00:00 (20.3%)
  2100-Mar-25 17:00:00 (22.9%)
  2100-Apr-04 10:00:00 (25.6%)
  2100-Apr-14 03:00:00 (28.3%)
  2100-Apr-23 20:00:00 (30.9%)
  2100-May-03 13:00:00 (33.6%)
  2100-May-13 05:00:00 (36.2%)
  2100-May-22 22:00:00 (38.9%)
  2100-Jun-01 15:00:00 (41.5%)
  2100-Jun-11 07:00:00 (44.2%)
  2100-Jun-21 00:00:00 (46.8%)
  2100-Jun-30 17:00:00 (49.5%)
  2100-Jul-10 10:00:00 (52.2%)
  2100-Jul-20 02:00:00 (54.8%)
  2100-Jul-29 19:00:00 (57.5%)
  2100-Aug-08 12:00:00 (60.1%)
  2100-Aug-18 05:00:00 (62.8%)
  2100-Aug-27 21:00:00 (65.4%)
  2100-Sep-06 14:00:00 (68.1%)
  2100-Sep-16 07:00:00 (70.8%)
  2100-Sep-25 23:00:00 (73.4%)
  2100-Oct-05 16:00:00 (76.1%)
  2100-Oct-15 08:00:00 (78.7%)
  2100-Oct-25 01:00:00 (81.4%)
  2100-Nov-03 18:00:00 (84%)
  2100-Nov-13 11:00:00 (86.7%)
  2100-Nov-23 03:00:00 (89.3%)
  2100-Dec-02 18:00:00 (92%)
  2100-Dec-12 11:00:00 (94.6%)
  2100-Dec-22 04:00:00 (97.3%)
  2100-Dec-31 20:00:00 (100%)
  2100-Dec-31 23:00:00 (100%)
Finished Program: 2014-Oct-02 14:44:17.012964
Elapsed Time: 00:01:17.886089

