instance.yaml
kiva v0.2.0-21-g785bfe1
Copyright (C) 2012-2014 Big Ladder Software
Web: www.bigladdersoftware.com

Starting Program: 2014-Nov-18 11:10:23.232659
Creating Domain...
  X Cells: 92
  Y Cells: 1
  Z Cells: 133
  Total Cells: 12236
Initializing Temperatures...
  2099-Jan-03 15:00:00
  2099-Jan-24 07:00:00
  2099-Feb-13 22:00:00
  2099-Mar-06 13:00:00
  2099-Mar-27 04:00:00
  2099-Apr-16 18:00:00
  2099-May-07 10:00:00
  2099-May-28 01:00:00
  2099-Jun-17 17:00:00
  2099-Jul-08 08:00:00
  2099-Jul-28 23:00:00
  2099-Aug-18 15:00:00
  2099-Sep-08 06:00:00
  2099-Sep-28 22:00:00
  2099-Oct-19 13:00:00
  2099-Nov-09 05:00:00
  2099-Nov-29 20:00:00
  2099-Dec-20 12:00:00
Beginning Simulation...
  2100-Jan-09 08:00:00 (2.3%)
  2100-Jan-28 05:00:00 (7.5%)
  2100-Feb-16 01:00:00 (12.6%)
  2100-Mar-06 22:00:00 (17.8%)
  2100-Mar-25 18:00:00 (22.9%)
  2100-Apr-13 15:00:00 (28.1%)
  2100-May-02 11:00:00 (33.3%)
  2100-May-21 08:00:00 (38.4%)
  2100-Jun-09 05:00:00 (43.6%)
  2100-Jun-28 02:00:00 (48.8%)
  2100-Jul-16 22:00:00 (53.9%)
  2100-Aug-04 19:00:00 (59.1%)
  2100-Aug-23 16:00:00 (64.3%)
  2100-Sep-11 13:00:00 (69.5%)
  2100-Sep-30 06:00:00 (74.6%)
  2100-Oct-19 02:00:00 (79.7%)
  2100-Nov-06 23:00:00 (84.9%)
  2100-Nov-25 20:00:00 (90.1%)
  2100-Dec-14 17:00:00 (95.3%)
  2100-Dec-31 23:00:00 (100%)
Finished Program: 2014-Nov-18 11:11:00.915367
Elapsed Time: 00:00:37.682708
