instance.yaml
kiva v0.2.0-9-g526928a
Copyright (C) 2012-2014 Big Ladder Software
Web: www.bigladdersoftware.com

Starting Program: 2014-Oct-26 15:44:13.912660
Creating Domain...
  X Cells: 97
  Y Cells: 1
  Z Cells: 113
  Total Cells: 10961
Initializing Temperatures...
  2099-Jan-04 09:00:00
  2099-Jan-27 13:00:00
  2099-Feb-20 08:00:00
  2099-Mar-16 02:00:00
  2099-Apr-08 20:00:00
  2099-May-02 14:00:00
  2099-May-26 08:00:00
  2099-Jun-19 02:00:00
  2099-Jul-12 20:00:00
  2099-Aug-05 14:00:00
  2099-Aug-29 08:00:00
  2099-Sep-22 02:00:00
  2099-Oct-15 20:00:00
  2099-Nov-08 14:00:00
  2099-Dec-02 09:00:00
  2099-Dec-26 03:00:00
Beginning Simulation...
  2100-Jan-18 12:00:00 (4.8%)
  2100-Feb-10 18:00:00 (11.2%)
  2100-Mar-06 00:00:00 (17.5%)
  2100-Mar-29 06:00:00 (23.9%)
  2100-Apr-21 11:00:00 (30.3%)
  2100-May-14 17:00:00 (36.6%)
  2100-Jun-06 23:00:00 (43%)
  2100-Jun-30 05:00:00 (49.4%)
  2100-Jul-23 11:00:00 (55.7%)
  2100-Aug-15 17:00:00 (62.1%)
  2100-Sep-07 23:00:00 (68.5%)
  2100-Oct-01 04:00:00 (74.8%)
  2100-Oct-24 11:00:00 (81.2%)
  2100-Nov-16 17:00:00 (87.6%)
  2100-Dec-09 23:00:00 (94%)
  2100-Dec-31 23:00:00 (100%)
Finished Program: 2014-Oct-26 15:44:45.947906
Elapsed Time: 00:00:32.035246
