instance.yaml
kiva v0.2.0-19-ge248292
Copyright (C) 2012-2014 Big Ladder Software
Web: www.bigladdersoftware.com

Starting Program: 2014-Nov-17 08:40:13.242991
Creating Domain...
  X Cells: 116
  Y Cells: 1
  Z Cells: 127
  Total Cells: 14732
Initializing Temperatures...
  2099-Jan-02 05:00:00
  2099-Jan-19 00:00:00
  2099-Feb-04 20:00:00
  2099-Feb-21 15:00:00
  2099-Mar-10 10:00:00
  2099-Mar-27 05:00:00
  2099-Apr-13 00:00:00
  2099-Apr-29 20:00:00
  2099-May-16 15:00:00
  2099-Jun-02 10:00:00
  2099-Jun-19 06:00:00
  2099-Jul-06 01:00:00
  2099-Jul-22 20:00:00
  2099-Aug-08 15:00:00
  2099-Aug-25 11:00:00
  2099-Sep-11 05:00:00
  2099-Sep-28 01:00:00
  2099-Oct-14 20:00:00
  2099-Oct-31 15:00:00
  2099-Nov-17 11:00:00
  2099-Dec-04 06:00:00
  2099-Dec-21 01:00:00
Beginning Simulation...
  2100-Jan-06 10:00:00 (1.5%)
  2100-Jan-22 02:00:00 (5.8%)
  2100-Feb-06 17:00:00 (10.1%)
  2100-Feb-22 08:00:00 (14.3%)
  2100-Mar-09 23:00:00 (18.6%)
  2100-Mar-25 14:00:00 (22.9%)
  2100-Apr-10 06:00:00 (27.2%)
  2100-Apr-25 21:00:00 (31.5%)
  2100-May-11 13:00:00 (35.8%)
  2100-May-27 03:00:00 (40%)
  2100-Jun-11 17:00:00 (44.3%)
  2100-Jun-27 09:00:00 (48.6%)
  2100-Jul-13 00:00:00 (52.9%)
  2100-Jul-28 16:00:00 (57.2%)
  2100-Aug-13 07:00:00 (61.4%)
  2100-Aug-28 22:00:00 (65.7%)
  2100-Sep-13 14:00:00 (70%)
  2100-Sep-29 06:00:00 (74.3%)
  2100-Oct-14 21:00:00 (78.6%)
  2100-Oct-30 13:00:00 (82.9%)
  2100-Nov-15 05:00:00 (87.2%)
  2100-Nov-30 20:00:00 (91.5%)
  2100-Dec-16 12:00:00 (95.8%)
  2100-Dec-31 23:00:00 (100%)
Finished Program: 2014-Nov-17 08:40:58.989276
Elapsed Time: 00:00:45.746285
