instance.yaml
kiva v0.2.0-19-ge248292
Copyright (C) 2012-2014 Big Ladder Software
Web: www.bigladdersoftware.com

Starting Program: 2014-Nov-17 08:44:12.596762
Creating Domain...
  X Cells: 93
  Y Cells: 1
  Z Cells: 96
  Total Cells: 8928
Initializing Temperatures...
  2098-Dec-03 23:00:00
  2099-Jan-23 03:00:00
  2099-Feb-17 11:00:00
  2099-Mar-14 19:00:00
  2099-Apr-09 03:00:00
  2099-May-04 11:00:00
  2099-May-29 19:00:00
  2099-Jun-24 03:00:00
  2099-Jul-19 11:00:00
  2099-Aug-13 19:00:00
  2099-Sep-08 04:00:00
  2099-Oct-03 12:00:00
  2099-Oct-28 20:00:00
  2099-Nov-23 04:00:00
  2099-Dec-18 13:00:00
Beginning Simulation...
  2100-Jan-12 13:00:00 (3.2%)
  2100-Feb-06 04:00:00 (9.9%)
  2100-Mar-02 19:00:00 (16.7%)
  2100-Mar-27 10:00:00 (23.4%)
  2100-Apr-21 01:00:00 (30.1%)
  2100-May-15 17:00:00 (36.9%)
  2100-Jun-09 09:00:00 (43.7%)
  2100-Jul-04 00:00:00 (50.4%)
  2100-Jul-28 16:00:00 (57.2%)
  2100-Aug-22 07:00:00 (63.9%)
  2100-Sep-15 23:00:00 (70.7%)
  2100-Oct-10 15:00:00 (77.4%)
  2100-Nov-04 06:00:00 (84.2%)
  2100-Nov-28 22:00:00 (90.9%)
  2100-Dec-23 13:00:00 (97.7%)
  2100-Dec-31 23:00:00 (100%)
Finished Program: 2014-Nov-17 08:44:42.341772
Elapsed Time: 00:00:29.745010
