instance.yaml
kiva v0.2.0-21-g785bfe1
Copyright (C) 2012-2014 Big Ladder Software
Web: www.bigladdersoftware.com

Starting Program: 2014-Nov-18 11:09:26.430383
Creating Domain...
  X Cells: 165
  Y Cells: 1
  Z Cells: 93
  Total Cells: 15345
Initializing Temperatures...
  2098-Dec-10 23:00:00
  2099-Jan-13 04:00:00
  2099-Jan-27 03:00:00
  2099-Feb-10 02:00:00
  2099-Feb-24 01:00:00
  2099-Mar-10 01:00:00
  2099-Mar-24 00:00:00
  2099-Apr-06 23:00:00
  2099-Apr-20 23:00:00
  2099-May-04 22:00:00
  2099-May-18 22:00:00
  2099-Jun-01 21:00:00
  2099-Jun-15 20:00:00
  2099-Jun-29 20:00:00
  2099-Jul-13 19:00:00
  2099-Jul-27 19:00:00
  2099-Aug-10 17:00:00
  2099-Aug-24 17:00:00
  2099-Sep-07 16:00:00
  2099-Sep-21 16:00:00
  2099-Oct-05 15:00:00
  2099-Oct-19 15:00:00
  2099-Nov-02 14:00:00
  2099-Nov-16 14:00:00
  2099-Nov-30 14:00:00
  2099-Dec-14 13:00:00
  2099-Dec-28 13:00:00
Beginning Simulation...
  2100-Jan-11 07:00:00 (2.8%)
  2100-Jan-25 01:00:00 (6.6%)
  2100-Feb-07 18:00:00 (10.3%)
  2100-Feb-21 11:00:00 (14.1%)
  2100-Mar-07 03:00:00 (17.8%)
  2100-Mar-20 20:00:00 (21.6%)
  2100-Apr-03 13:00:00 (25.4%)
  2100-Apr-17 07:00:00 (29.1%)
  2100-May-01 00:00:00 (32.9%)
  2100-May-14 17:00:00 (36.6%)
  2100-May-28 10:00:00 (40.4%)
  2100-Jun-11 03:00:00 (44.1%)
  2100-Jun-24 21:00:00 (47.9%)
  2100-Jul-08 14:00:00 (51.7%)
  2100-Jul-22 07:00:00 (55.4%)
  2100-Aug-05 00:00:00 (59.2%)
  2100-Aug-18 18:00:00 (62.9%)
  2100-Sep-01 11:00:00 (66.7%)
  2100-Sep-15 04:00:00 (70.5%)
  2100-Sep-28 22:00:00 (74.2%)
  2100-Oct-12 15:00:00 (78%)
  2100-Oct-26 09:00:00 (81.7%)
  2100-Nov-09 02:00:00 (85.5%)
  2100-Nov-22 20:00:00 (89.3%)
  2100-Dec-06 13:00:00 (93%)
  2100-Dec-20 06:00:00 (96.8%)
  2100-Dec-31 23:00:00 (100%)
Finished Program: 2014-Nov-18 11:10:19.854894
Elapsed Time: 00:00:53.424511
