instance.yaml
kiva v0.2.0-19-ge248292
Copyright (C) 2012-2014 Big Ladder Software
Web: www.bigladdersoftware.com

Starting Program: 2014-Nov-17 08:40:13.195406
Creating Domain...
  X Cells: 159
  Y Cells: 1
  Z Cells: 125
  Total Cells: 19875
Initializing Temperatures...
  2098-Dec-17 23:00:00
  2099-Jan-11 13:00:00
  2099-Jan-23 09:00:00
  2099-Feb-04 05:00:00
  2099-Feb-16 01:00:00
  2099-Feb-27 21:00:00
  2099-Mar-11 17:00:00
  2099-Mar-23 13:00:00
  2099-Apr-04 10:00:00
  2099-Apr-16 06:00:00
  2099-Apr-28 02:00:00
  2099-May-09 22:00:00
  2099-May-21 18:00:00
  2099-Jun-02 14:00:00
  2099-Jun-14 10:00:00
  2099-Jun-26 06:00:00
  2099-Jul-08 02:00:00
  2099-Jul-19 22:00:00
  2099-Jul-31 18:00:00
  2099-Aug-12 14:00:00
  2099-Aug-24 10:00:00
  2099-Sep-05 07:00:00
  2099-Sep-17 03:00:00
  2099-Sep-28 23:00:00
  2099-Oct-10 19:00:00
  2099-Oct-22 15:00:00
  2099-Nov-03 11:00:00
  2099-Nov-15 08:00:00
  2099-Nov-27 04:00:00
  2099-Dec-09 00:00:00
  2099-Dec-20 20:00:00
Beginning Simulation...
  2100-Jan-01 15:00:00 (0.2%)
  2100-Jan-12 14:00:00 (3.2%)
  2100-Jan-23 12:00:00 (6.2%)
  2100-Feb-03 10:00:00 (9.2%)
  2100-Feb-14 08:00:00 (12.1%)
  2100-Feb-25 06:00:00 (15.1%)
  2100-Mar-08 04:00:00 (18.1%)
  2100-Mar-19 02:00:00 (21.1%)
  2100-Mar-30 00:00:00 (24.1%)
  2100-Apr-09 23:00:00 (27.1%)
  2100-Apr-20 21:00:00 (30.1%)
  2100-May-01 19:00:00 (33.1%)
  2100-May-12 17:00:00 (36.1%)
  2100-May-23 16:00:00 (39.1%)
  2100-Jun-03 14:00:00 (42.1%)
  2100-Jun-14 12:00:00 (45.1%)
  2100-Jun-25 11:00:00 (48.1%)
  2100-Jul-06 09:00:00 (51.1%)
  2100-Jul-17 07:00:00 (54.1%)
  2100-Jul-28 06:00:00 (57.1%)
  2100-Aug-08 04:00:00 (60%)
  2100-Aug-19 03:00:00 (63%)
  2100-Aug-30 01:00:00 (66%)
  2100-Sep-10 00:00:00 (69%)
  2100-Sep-20 22:00:00 (72%)
  2100-Oct-01 20:00:00 (75%)
  2100-Oct-12 19:00:00 (78%)
  2100-Oct-23 17:00:00 (81%)
  2100-Nov-03 16:00:00 (84%)
  2100-Nov-14 13:00:00 (87%)
  2100-Nov-25 12:00:00 (90%)
  2100-Dec-06 10:00:00 (93%)
  2100-Dec-17 08:00:00 (96%)
  2100-Dec-28 07:00:00 (99%)
  2100-Dec-31 23:00:00 (100%)
Finished Program: 2014-Nov-17 08:41:18.338818
Elapsed Time: 00:01:05.143412
