instance.yaml
kiva v0.2.0-9-g526928a
Copyright (C) 2012-2014 Big Ladder Software
Web: www.bigladdersoftware.com

Starting Program: 2014-Nov-15 12:21:44.202712
Creating Domain...
  X Cells: 186
  Y Cells: 1
  Z Cells: 133
  Total Cells: 24738
Initializing Temperatures...
Warning: Solution did not converge after 345 iterations.
  The final residual was: 0.00112839
  Solver status: 2
  2098-Dec-03 23:00:00
  2099-Jan-07 19:00:00
  2099-Jan-17 04:00:00
  2099-Jan-26 13:00:00
  2099-Feb-04 22:00:00
  2099-Feb-14 07:00:00
  2099-Feb-23 16:00:00
  2099-Mar-05 01:00:00
  2099-Mar-14 10:00:00
  2099-Mar-23 20:00:00
  2099-Apr-02 04:00:00
  2099-Apr-11 14:00:00
  2099-Apr-20 23:00:00
  2099-Apr-30 08:00:00
  2099-May-09 17:00:00
  2099-May-19 02:00:00
  2099-May-28 11:00:00
  2099-Jun-06 21:00:00
  2099-Jun-16 06:00:00
  2099-Jun-25 15:00:00
  2099-Jul-05 00:00:00
  2099-Jul-14 10:00:00
  2099-Jul-23 19:00:00
  2099-Aug-02 04:00:00
  2099-Aug-11 13:00:00
  2099-Aug-20 23:00:00
  2099-Aug-30 07:00:00
  2099-Sep-08 17:00:00
  2099-Sep-18 02:00:00
  2099-Sep-27 11:00:00
  2099-Oct-06 20:00:00
  2099-Oct-16 06:00:00
  2099-Oct-25 15:00:00
  2099-Nov-04 00:00:00
  2099-Nov-13 09:00:00
  2099-Nov-22 19:00:00
  2099-Dec-02 04:00:00
  2099-Dec-11 14:00:00
  2099-Dec-21 00:00:00
  2099-Dec-30 11:00:00
Beginning Simulation...
  2100-Jan-08 08:00:00 (2%)
  2100-Jan-17 03:00:00 (4.4%)
  2100-Jan-25 22:00:00 (6.8%)
  2100-Feb-03 16:00:00 (9.2%)
  2100-Feb-12 11:00:00 (11.6%)
  2100-Feb-21 05:00:00 (14%)
  2100-Mar-02 00:00:00 (16.4%)
  2100-Mar-10 19:00:00 (18.8%)
  2100-Mar-19 14:00:00 (21.3%)
  2100-Mar-28 08:00:00 (23.7%)
  2100-Apr-06 03:00:00 (26.1%)
  2100-Apr-14 22:00:00 (28.5%)
  2100-Apr-23 16:00:00 (30.9%)
  2100-May-02 11:00:00 (33.3%)
  2100-May-11 06:00:00 (35.7%)
  2100-May-20 00:00:00 (38.1%)
  2100-May-28 19:00:00 (40.5%)
  2100-Jun-06 14:00:00 (42.9%)
  2100-Jun-15 09:00:00 (45.3%)
  2100-Jun-24 03:00:00 (47.7%)
  2100-Jul-02 22:00:00 (50.1%)
  2100-Jul-11 17:00:00 (52.5%)
  2100-Jul-20 12:00:00 (54.9%)
  2100-Jul-29 07:00:00 (57.3%)
  2100-Aug-07 01:00:00 (59.7%)
  2100-Aug-15 20:00:00 (62.1%)
  2100-Aug-24 15:00:00 (64.6%)
  2100-Sep-02 10:00:00 (67%)
  2100-Sep-11 05:00:00 (69.4%)
  2100-Sep-20 00:00:00 (71.8%)
  2100-Sep-28 19:00:00 (74.2%)
  2100-Oct-07 12:00:00 (76.6%)
  2100-Oct-16 07:00:00 (79%)
  2100-Oct-25 02:00:00 (81.4%)
  2100-Nov-02 21:00:00 (83.8%)
  2100-Nov-11 16:00:00 (86.2%)
  2100-Nov-20 11:00:00 (88.6%)
  2100-Nov-29 06:00:00 (91%)
  2100-Dec-08 01:00:00 (93.4%)
  2100-Dec-16 19:00:00 (95.8%)
  2100-Dec-25 14:00:00 (98.2%)
  2100-Dec-31 23:00:00 (100%)
Finished Program: 2014-Nov-15 12:23:05.727847
Elapsed Time: 00:01:21.525135
