instance.yaml
kiva v0.2.0-20-g4c7c200
Copyright (C) 2012-2014 Big Ladder Software
Web: www.bigladdersoftware.com

Starting Program: 2014-Nov-17 14:12:21.405299
Creating Domain...
  X Cells: 133
  Y Cells: 1
  Z Cells: 103
  Total Cells: 13699
Initializing Temperatures...
  2098-Dec-10 23:00:00
  2099-Jan-15 15:00:00
  2099-Feb-01 08:00:00
  2099-Feb-18 00:00:00
  2099-Mar-06 16:00:00
  2099-Mar-23 08:00:00
  2099-Apr-09 01:00:00
  2099-Apr-25 17:00:00
  2099-May-12 10:00:00
  2099-May-29 02:00:00
  2099-Jun-14 18:00:00
  2099-Jul-01 11:00:00
  2099-Jul-18 03:00:00
  2099-Aug-03 19:00:00
  2099-Aug-20 12:00:00
  2099-Sep-06 05:00:00
  2099-Sep-22 22:00:00
  2099-Oct-09 16:00:00
  2099-Oct-26 10:00:00
  2099-Nov-12 04:00:00
  2099-Nov-28 22:00:00
  2099-Dec-15 15:00:00
Beginning Simulation...
  2100-Jan-01 09:00:00 (0.1%)
  2100-Jan-17 16:00:00 (4.6%)
  2100-Feb-03 00:00:00 (9%)
  2100-Feb-19 07:00:00 (13.5%)
  2100-Mar-07 14:00:00 (18%)
  2100-Mar-23 22:00:00 (22.4%)
  2100-Apr-09 05:00:00 (26.9%)
  2100-Apr-25 12:00:00 (31.4%)
  2100-May-11 20:00:00 (35.8%)
  2100-May-28 03:00:00 (40.3%)
  2100-Jun-13 10:00:00 (44.8%)
  2100-Jun-29 17:00:00 (49.2%)
  2100-Jul-16 00:00:00 (53.7%)
  2100-Aug-01 08:00:00 (58.2%)
  2100-Aug-17 15:00:00 (62.6%)
  2100-Sep-02 22:00:00 (67.1%)
  2100-Sep-19 06:00:00 (71.6%)
  2100-Oct-05 13:00:00 (76%)
  2100-Oct-21 20:00:00 (80.5%)
  2100-Nov-07 04:00:00 (85%)
  2100-Nov-23 11:00:00 (89.4%)
  2100-Dec-09 18:00:00 (93.9%)
  2100-Dec-26 02:00:00 (98.4%)
  2100-Dec-31 23:00:00 (100%)
Finished Program: 2014-Nov-17 14:13:06.362470
Elapsed Time: 00:00:44.957171
