instance.yaml
kiva v0.2.0-9-g526928a
Copyright (C) 2012-2014 Big Ladder Software
Web: www.bigladdersoftware.com

Starting Program: 2014-Oct-19 03:46:15.364153
Creating Domain...
  X Cells: 102
  Y Cells: 1
  Z Cells: 158
  Total Cells: 16116
Initializing Temperatures...
  2098-Oct-29 23:00:00
  2099-Jan-07 07:00:00
  2099-Jan-22 01:00:00
  2099-Feb-08 09:00:00
  2099-Feb-25 17:00:00
  2099-Mar-15 02:00:00
  2099-Apr-01 10:00:00
  2099-Apr-18 18:00:00
  2099-May-06 01:00:00
  2099-May-23 10:00:00
  2099-Jun-09 19:00:00
  2099-Jun-27 03:00:00
  2099-Jul-14 12:00:00
  2099-Jul-31 20:00:00
  2099-Aug-18 05:00:00
  2099-Sep-04 14:00:00
  2099-Sep-21 22:00:00
  2099-Oct-09 07:00:00
  2099-Oct-26 16:00:00
  2099-Nov-13 00:00:00
  2099-Nov-30 09:00:00
  2099-Dec-17 17:00:00
Beginning Simulation...
  2100-Jan-03 19:00:00 (0.8%)
  2100-Jan-19 15:00:00 (5.1%)
  2100-Feb-04 11:00:00 (9.4%)
  2100-Feb-20 07:00:00 (13.8%)
  2100-Mar-08 02:00:00 (18.1%)
  2100-Mar-24 00:00:00 (22.5%)
  2100-Apr-08 21:00:00 (26.8%)
  2100-Apr-24 18:00:00 (31.2%)
  2100-May-10 16:00:00 (35.5%)
  2100-May-26 12:00:00 (39.9%)
  2100-Jun-11 10:00:00 (44.2%)
  2100-Jun-27 07:00:00 (48.6%)
  2100-Jul-13 05:00:00 (52.9%)
  2100-Jul-29 03:00:00 (57.3%)
  2100-Aug-14 00:00:00 (61.6%)
  2100-Aug-29 22:00:00 (66%)
  2100-Sep-14 19:00:00 (70.4%)
  2100-Sep-30 17:00:00 (74.7%)
  2100-Oct-16 15:00:00 (79.1%)
  2100-Nov-01 12:00:00 (83.4%)
  2100-Nov-17 10:00:00 (87.8%)
  2100-Dec-03 07:00:00 (92.1%)
  2100-Dec-19 05:00:00 (96.5%)
  2100-Dec-31 23:00:00 (100%)
Finished Program: 2014-Oct-19 03:47:00.803030
Elapsed Time: 00:00:45.438877
