instance.yaml
kiva v0.2.0-21-g785bfe1
Copyright (C) 2012-2014 Big Ladder Software
Web: www.bigladdersoftware.com

Starting Program: 2014-Nov-18 11:06:26.393241
Creating Domain...
  X Cells: 175
  Y Cells: 1
  Z Cells: 125
  Total Cells: 21875
Initializing Temperatures...
  2098-Nov-12 23:00:00
  2099-Jan-07 18:00:00
  2099-Jan-18 06:00:00
  2099-Jan-28 19:00:00
  2099-Feb-08 08:00:00
  2099-Feb-18 21:00:00
  2099-Mar-01 10:00:00
  2099-Mar-11 23:00:00
  2099-Mar-22 12:00:00
  2099-Apr-02 01:00:00
  2099-Apr-12 15:00:00
  2099-Apr-23 04:00:00
  2099-May-03 17:00:00
  2099-May-14 06:00:00
  2099-May-24 18:00:00
  2099-Jun-04 08:00:00
  2099-Jun-14 21:00:00
  2099-Jun-25 10:00:00
  2099-Jul-05 23:00:00
  2099-Jul-16 12:00:00
  2099-Jul-27 01:00:00
  2099-Aug-06 14:00:00
  2099-Aug-17 03:00:00
  2099-Aug-27 17:00:00
  2099-Sep-07 06:00:00
  2099-Sep-17 19:00:00
  2099-Sep-28 08:00:00
  2099-Oct-08 21:00:00
  2099-Oct-19 11:00:00
  2099-Oct-30 00:00:00
  2099-Nov-09 13:00:00
  2099-Nov-20 02:00:00
  2099-Nov-30 15:00:00
  2099-Dec-11 04:00:00
  2099-Dec-21 17:00:00
Beginning Simulation...
  2100-Jan-01 06:00:00 (0.1%)
  2100-Jan-11 01:00:00 (2.8%)
  2100-Jan-20 21:00:00 (5.4%)
  2100-Jan-30 17:00:00 (8.1%)
  2100-Feb-09 12:00:00 (10.8%)
  2100-Feb-19 08:00:00 (13.5%)
  2100-Mar-01 03:00:00 (16.2%)
  2100-Mar-10 23:00:00 (18.9%)
  2100-Mar-20 19:00:00 (21.6%)
  2100-Mar-30 13:00:00 (24.3%)
  2100-Apr-09 09:00:00 (27%)
  2100-Apr-19 05:00:00 (29.6%)
  2100-Apr-29 00:00:00 (32.3%)
  2100-May-08 20:00:00 (35%)
  2100-May-18 15:00:00 (37.7%)
  2100-May-28 11:00:00 (40.4%)
  2100-Jun-07 07:00:00 (43.1%)
  2100-Jun-17 03:00:00 (45.8%)
  2100-Jun-26 22:00:00 (48.5%)
  2100-Jul-06 18:00:00 (51.2%)
  2100-Jul-16 14:00:00 (53.9%)
  2100-Jul-26 10:00:00 (56.6%)
  2100-Aug-05 06:00:00 (59.2%)
  2100-Aug-15 01:00:00 (61.9%)
  2100-Aug-24 21:00:00 (64.6%)
  2100-Sep-03 17:00:00 (67.3%)
  2100-Sep-13 13:00:00 (70%)
  2100-Sep-23 09:00:00 (72.7%)
  2100-Oct-03 05:00:00 (75.4%)
  2100-Oct-13 01:00:00 (78.1%)
  2100-Oct-22 20:00:00 (80.8%)
  2100-Nov-01 16:00:00 (83.5%)
  2100-Nov-11 12:00:00 (86.2%)
  2100-Nov-21 07:00:00 (88.8%)
  2100-Dec-01 01:00:00 (91.5%)
  2100-Dec-10 21:00:00 (94.2%)
  2100-Dec-20 17:00:00 (96.9%)
  2100-Dec-30 12:00:00 (99.6%)
  2100-Dec-31 23:00:00 (100%)
Finished Program: 2014-Nov-18 11:07:39.150335
Elapsed Time: 00:01:12.757094
