instance.yaml
kiva v0.2.0-21-g785bfe1
Copyright (C) 2012-2014 Big Ladder Software
Web: www.bigladdersoftware.com

Starting Program: 2014-Nov-18 11:14:24.323396
Creating Domain...
  X Cells: 213
  Y Cells: 1
  Z Cells: 133
  Total Cells: 28329
Initializing Temperatures...
  2098-Oct-22 23:00:00
  2099-Jan-04 05:00:00
  2099-Jan-12 15:00:00
  2099-Jan-21 01:00:00
  2099-Jan-29 10:00:00
  2099-Feb-06 20:00:00
  2099-Feb-15 06:00:00
  2099-Feb-23 16:00:00
  2099-Mar-04 02:00:00
  2099-Mar-12 11:00:00
  2099-Mar-20 21:00:00
  2099-Mar-29 07:00:00
  2099-Apr-06 17:00:00
  2099-Apr-15 03:00:00
  2099-Apr-23 13:00:00
  2099-May-01 22:00:00
  2099-May-10 08:00:00
  2099-May-18 18:00:00
  2099-May-27 04:00:00
  2099-Jun-04 14:00:00
  2099-Jun-13 00:00:00
  2099-Jun-21 10:00:00
  2099-Jun-29 20:00:00
  2099-Jul-08 05:00:00
  2099-Jul-16 15:00:00
  2099-Jul-25 01:00:00
  2099-Aug-02 11:00:00
  2099-Aug-10 21:00:00
  2099-Aug-19 07:00:00
  2099-Aug-27 17:00:00
  2099-Sep-05 03:00:00
  2099-Sep-13 13:00:00
  2099-Sep-21 23:00:00
  2099-Sep-30 09:00:00
  2099-Oct-08 18:00:00
  2099-Oct-17 04:00:00
  2099-Oct-25 14:00:00
  2099-Nov-02 23:00:00
  2099-Nov-11 09:00:00
  2099-Nov-19 19:00:00
  2099-Nov-28 05:00:00
  2099-Dec-06 15:00:00
  2099-Dec-15 01:00:00
  2099-Dec-23 11:00:00
  2099-Dec-31 21:00:00
Beginning Simulation...
  2100-Jan-08 18:00:00 (2.1%)
  2100-Jan-16 15:00:00 (4.3%)
  2100-Jan-24 12:00:00 (6.4%)
  2100-Feb-01 10:00:00 (8.6%)
  2100-Feb-09 08:00:00 (10.8%)
  2100-Feb-17 06:00:00 (12.9%)
  2100-Feb-25 04:00:00 (15.1%)
  2100-Mar-05 02:00:00 (17.3%)
  2100-Mar-13 00:00:00 (19.5%)
  2100-Mar-20 22:00:00 (21.6%)
  2100-Mar-28 20:00:00 (23.8%)
  2100-Apr-05 18:00:00 (26%)
  2100-Apr-13 16:00:00 (28.1%)
  2100-Apr-21 14:00:00 (30.3%)
  2100-Apr-29 12:00:00 (32.5%)
  2100-May-07 10:00:00 (34.6%)
  2100-May-15 08:00:00 (36.8%)
  2100-May-23 06:00:00 (39%)
  2100-May-31 04:00:00 (41.1%)
  2100-Jun-08 02:00:00 (43.3%)
  2100-Jun-16 00:00:00 (45.5%)
  2100-Jun-23 22:00:00 (47.6%)
  2100-Jul-01 20:00:00 (49.8%)
  2100-Jul-09 18:00:00 (52%)
  2100-Jul-17 16:00:00 (54.2%)
  2100-Jul-25 11:00:00 (56.3%)
  2100-Aug-02 09:00:00 (58.5%)
  2100-Aug-10 07:00:00 (60.6%)
  2100-Aug-18 05:00:00 (62.8%)
  2100-Aug-26 03:00:00 (65%)
  2100-Sep-03 01:00:00 (67.1%)
  2100-Sep-10 22:00:00 (69.3%)
  2100-Sep-18 20:00:00 (71.5%)
  2100-Sep-26 18:00:00 (73.6%)
  2100-Oct-04 16:00:00 (75.8%)
  2100-Oct-12 14:00:00 (78%)
  2100-Oct-20 12:00:00 (80.1%)
  2100-Oct-28 10:00:00 (82.3%)
  2100-Nov-05 08:00:00 (84.5%)
  2100-Nov-13 06:00:00 (86.6%)
  2100-Nov-21 04:00:00 (88.8%)
  2100-Nov-29 03:00:00 (91%)
  2100-Dec-07 01:00:00 (93.2%)
  2100-Dec-14 23:00:00 (95.3%)
  2100-Dec-22 21:00:00 (97.5%)
  2100-Dec-30 19:00:00 (99.7%)
  2100-Dec-31 23:00:00 (100%)
Finished Program: 2014-Nov-18 11:15:55.148919
Elapsed Time: 00:01:30.825523
