instance.yaml
kiva v0.2.0-19-ge248292
Copyright (C) 2012-2014 Big Ladder Software
Web: www.bigladdersoftware.com

Starting Program: 2014-Nov-17 08:43:15.949016
Creating Domain...
  X Cells: 61
  Y Cells: 1
  Z Cells: 125
  Total Cells: 7625
Initializing Temperatures...
  2099-Jan-18 21:00:00
  2099-Feb-18 12:00:00
  2099-Mar-21 02:00:00
  2099-Apr-20 15:00:00
  2099-May-21 05:00:00
  2099-Jun-20 19:00:00
  2099-Jul-21 09:00:00
  2099-Aug-21 00:00:00
  2099-Sep-20 14:00:00
  2099-Oct-21 04:00:00
  2099-Nov-20 18:00:00
  2099-Dec-21 08:00:00
Beginning Simulation...
  2100-Jan-18 14:00:00 (4.8%)
  2100-Feb-14 15:00:00 (12.2%)
  2100-Mar-13 16:00:00 (19.6%)
  2100-Apr-09 17:00:00 (27%)
  2100-May-06 18:00:00 (34.5%)
  2100-Jun-02 19:00:00 (41.9%)
  2100-Jun-29 20:00:00 (49.3%)
  2100-Jul-26 21:00:00 (56.7%)
  2100-Aug-22 23:00:00 (64.1%)
  2100-Sep-18 23:00:00 (71.5%)
  2100-Oct-16 00:00:00 (78.9%)
  2100-Nov-12 01:00:00 (86.3%)
  2100-Dec-09 02:00:00 (93.7%)
  2100-Dec-31 23:00:00 (100%)
Finished Program: 2014-Nov-17 08:43:41.846635
Elapsed Time: 00:00:25.897619
