instance.yaml
kiva v0.2.0-21-g785bfe1
Copyright (C) 2012-2014 Big Ladder Software
Web: www.bigladdersoftware.com

Starting Program: 2014-Nov-18 11:29:27.720818
Creating Domain...
  X Cells: 128
  Y Cells: 1
  Z Cells: 96
  Total Cells: 12288
Initializing Temperatures...
  2098-Oct-22 23:00:00
  2099-Jan-14 05:00:00
  2099-Feb-02 02:00:00
  2099-Feb-20 22:00:00
  2099-Mar-11 19:00:00
  2099-Mar-30 15:00:00
  2099-Apr-18 12:00:00
  2099-May-07 08:00:00
  2099-May-26 05:00:00
  2099-Jun-14 02:00:00
  2099-Jul-02 23:00:00
  2099-Jul-21 20:00:00
  2099-Aug-09 16:00:00
  2099-Aug-28 13:00:00
  2099-Sep-16 10:00:00
  2099-Oct-05 06:00:00
  2099-Oct-24 02:00:00
  2099-Nov-11 23:00:00
  2099-Nov-30 20:00:00
  2099-Dec-19 16:00:00
Beginning Simulation...
  2100-Jan-07 10:00:00 (1.8%)
  2100-Jan-25 21:00:00 (6.8%)
  2100-Feb-13 08:00:00 (11.9%)
  2100-Mar-03 18:00:00 (16.9%)
  2100-Mar-22 05:00:00 (22%)
  2100-Apr-09 16:00:00 (27%)
  2100-Apr-28 04:00:00 (32.1%)
  2100-May-16 15:00:00 (37.2%)
  2100-Jun-04 02:00:00 (42.2%)
  2100-Jun-22 14:00:00 (47.3%)
  2100-Jul-11 01:00:00 (52.3%)
  2100-Jul-29 12:00:00 (57.4%)
  2100-Aug-17 00:00:00 (62.5%)
  2100-Sep-04 08:00:00 (67.5%)
  2100-Sep-22 20:00:00 (72.6%)
  2100-Oct-11 07:00:00 (77.6%)
  2100-Oct-29 19:00:00 (82.7%)
  2100-Nov-17 06:00:00 (87.7%)
  2100-Dec-05 17:00:00 (92.8%)
  2100-Dec-24 04:00:00 (97.9%)
  2100-Dec-31 23:00:00 (100%)
Finished Program: 2014-Nov-18 11:30:07.421680
Elapsed Time: 00:00:39.700862
