instance.yaml
kiva v0.2.0-21-g785bfe1
Copyright (C) 2012-2014 Big Ladder Software
Web: www.bigladdersoftware.com

Starting Program: 2014-Nov-18 11:16:29.913062
Creating Domain...
  X Cells: 127
  Y Cells: 1
  Z Cells: 96
  Total Cells: 12192
Initializing Temperatures...
  2099-Jan-10 08:00:00
  2099-Jan-29 07:00:00
  2099-Feb-17 06:00:00
  2099-Mar-08 05:00:00
  2099-Mar-27 05:00:00
  2099-Apr-15 04:00:00
  2099-May-04 03:00:00
  2099-May-23 03:00:00
  2099-Jun-11 02:00:00
  2099-Jun-30 01:00:00
  2099-Jul-19 01:00:00
  2099-Aug-07 00:00:00
  2099-Aug-25 23:00:00
  2099-Sep-13 23:00:00
  2099-Oct-02 22:00:00
  2099-Oct-21 22:00:00
  2099-Nov-09 21:00:00
  2099-Nov-28 21:00:00
  2099-Dec-17 20:00:00
Beginning Simulation...
  2100-Jan-05 17:00:00 (1.3%)
  2100-Jan-24 06:00:00 (6.4%)
  2100-Feb-11 19:00:00 (11.4%)
  2100-Mar-02 08:00:00 (16.5%)
  2100-Mar-20 21:00:00 (21.6%)
  2100-Apr-08 10:00:00 (26.7%)
  2100-Apr-27 00:00:00 (31.8%)
  2100-May-15 13:00:00 (36.9%)
  2100-Jun-03 03:00:00 (42%)
  2100-Jun-21 16:00:00 (47%)
  2100-Jul-10 05:00:00 (52.1%)
  2100-Jul-28 18:00:00 (57.2%)
  2100-Aug-16 06:00:00 (62.3%)
  2100-Sep-03 19:00:00 (67.3%)
  2100-Sep-22 09:00:00 (72.4%)
  2100-Oct-10 22:00:00 (77.5%)
  2100-Oct-29 12:00:00 (82.6%)
  2100-Nov-17 01:00:00 (87.7%)
  2100-Dec-05 14:00:00 (92.8%)
  2100-Dec-24 04:00:00 (97.9%)
  2100-Dec-31 23:00:00 (100%)
Finished Program: 2014-Nov-18 11:17:09.421638
Elapsed Time: 00:00:39.508576
