instance.yaml
kiva v0.2.0-21-g785bfe1
Copyright (C) 2012-2014 Big Ladder Software
Web: www.bigladdersoftware.com

Starting Program: 2014-Nov-18 11:19:26.534418
Creating Domain...
  X Cells: 169
  Y Cells: 1
  Z Cells: 158
  Total Cells: 26702
Initializing Temperatures...
  2098-Oct-22 23:00:00
  2099-Jan-04 03:00:00
  2099-Jan-12 05:00:00
  2099-Jan-20 08:00:00
  2099-Jan-28 10:00:00
  2099-Feb-05 13:00:00
  2099-Feb-13 15:00:00
  2099-Feb-21 18:00:00
  2099-Mar-01 20:00:00
  2099-Mar-09 22:00:00
  2099-Mar-18 01:00:00
  2099-Mar-26 03:00:00
  2099-Apr-03 06:00:00
  2099-Apr-11 08:00:00
  2099-Apr-19 11:00:00
  2099-Apr-27 13:00:00
  2099-May-05 16:00:00
  2099-May-13 17:00:00
  2099-May-21 19:00:00
  2099-May-29 22:00:00
  2099-Jun-07 01:00:00
  2099-Jun-15 03:00:00
  2099-Jun-23 06:00:00
  2099-Jul-01 09:00:00
  2099-Jul-09 11:00:00
  2099-Jul-17 14:00:00
  2099-Jul-25 17:00:00
  2099-Aug-02 20:00:00
  2099-Aug-10 22:00:00
  2099-Aug-19 01:00:00
  2099-Aug-27 04:00:00
  2099-Sep-04 07:00:00
  2099-Sep-12 10:00:00
  2099-Sep-20 12:00:00
  2099-Sep-28 15:00:00
  2099-Oct-06 18:00:00
  2099-Oct-14 20:00:00
  2099-Oct-22 23:00:00
  2099-Oct-31 01:00:00
  2099-Nov-08 04:00:00
  2099-Nov-16 07:00:00
  2099-Nov-24 10:00:00
  2099-Dec-02 12:00:00
  2099-Dec-10 15:00:00
  2099-Dec-18 18:00:00
  2099-Dec-26 20:00:00
Beginning Simulation...
  2100-Jan-03 17:00:00 (0.7%)
  2100-Jan-11 03:00:00 (2.8%)
  2100-Jan-18 12:00:00 (4.8%)
  2100-Jan-25 22:00:00 (6.8%)
  2100-Feb-02 08:00:00 (8.9%)
  2100-Feb-09 18:00:00 (10.9%)
  2100-Feb-17 04:00:00 (12.9%)
  2100-Feb-24 14:00:00 (15%)
  2100-Mar-03 23:00:00 (17%)
  2100-Mar-11 09:00:00 (19%)
  2100-Mar-18 19:00:00 (21%)
  2100-Mar-26 05:00:00 (23.1%)
  2100-Apr-02 15:00:00 (25.1%)
  2100-Apr-10 00:00:00 (27.1%)
  2100-Apr-17 10:00:00 (29.2%)
  2100-Apr-24 20:00:00 (31.2%)
  2100-May-02 06:00:00 (33.2%)
  2100-May-09 15:00:00 (35.2%)
  2100-May-17 01:00:00 (37.3%)
  2100-May-24 11:00:00 (39.3%)
  2100-May-31 20:00:00 (41.3%)
  2100-Jun-08 07:00:00 (43.4%)
  2100-Jun-15 17:00:00 (45.4%)
  2100-Jun-23 03:00:00 (47.4%)
  2100-Jun-30 13:00:00 (49.5%)
  2100-Jul-07 23:00:00 (51.5%)
  2100-Jul-15 10:00:00 (53.5%)
  2100-Jul-22 20:00:00 (55.6%)
  2100-Jul-30 06:00:00 (57.6%)
  2100-Aug-06 16:00:00 (59.6%)
  2100-Aug-14 03:00:00 (61.7%)
  2100-Aug-21 16:00:00 (63.7%)
  2100-Aug-29 04:00:00 (65.8%)
  2100-Sep-05 16:00:00 (67.9%)
  2100-Sep-13 04:00:00 (69.9%)
  2100-Sep-20 16:00:00 (72%)
  2100-Sep-28 04:00:00 (74%)
  2100-Oct-05 16:00:00 (76.1%)
  2100-Oct-13 05:00:00 (78.1%)
  2100-Oct-20 17:00:00 (80.2%)
  2100-Oct-28 05:00:00 (82.2%)
  2100-Nov-04 18:00:00 (84.3%)
  2100-Nov-12 06:00:00 (86.4%)
  2100-Nov-19 18:00:00 (88.4%)
  2100-Nov-27 06:00:00 (90.5%)
  2100-Dec-04 18:00:00 (92.5%)
  2100-Dec-12 06:00:00 (94.6%)
  2100-Dec-19 18:00:00 (96.6%)
  2100-Dec-27 06:00:00 (98.7%)
  2100-Dec-31 23:00:00 (100%)
Finished Program: 2014-Nov-18 11:21:01.629584
Elapsed Time: 00:01:35.095166
