instance.yaml
kiva v0.2.0-9-g526928a
Copyright (C) 2012-2014 Big Ladder Software
Web: www.bigladdersoftware.com

Starting Program: 2014-Nov-15 11:51:45.424310
Creating Domain...
  X Cells: 160
  Y Cells: 1
  Z Cells: 158
  Total Cells: 25280
Initializing Temperatures...
  2098-Nov-05 23:00:00
  2099-Jan-06 06:00:00
  2099-Jan-15 19:00:00
  2099-Jan-25 09:00:00
  2099-Feb-03 22:00:00
  2099-Feb-13 11:00:00
  2099-Feb-23 00:00:00
  2099-Mar-04 13:00:00
  2099-Mar-14 02:00:00
  2099-Mar-23 14:00:00
  2099-Apr-02 03:00:00
  2099-Apr-11 16:00:00
  2099-Apr-21 05:00:00
  2099-Apr-30 19:00:00
  2099-May-10 08:00:00
  2099-May-19 21:00:00
  2099-May-29 10:00:00
  2099-Jun-07 23:00:00
  2099-Jun-17 12:00:00
  2099-Jun-27 01:00:00
  2099-Jul-06 14:00:00
  2099-Jul-16 03:00:00
  2099-Jul-25 16:00:00
  2099-Aug-04 05:00:00
  2099-Aug-13 19:00:00
  2099-Aug-23 08:00:00
  2099-Sep-01 21:00:00
  2099-Sep-11 10:00:00
  2099-Sep-20 23:00:00
  2099-Sep-30 13:00:00
  2099-Oct-10 02:00:00
  2099-Oct-19 15:00:00
  2099-Oct-29 04:00:00
  2099-Nov-07 18:00:00
  2099-Nov-17 07:00:00
  2099-Nov-26 20:00:00
  2099-Dec-06 09:00:00
  2099-Dec-15 22:00:00
  2099-Dec-25 11:00:00
Beginning Simulation...
  2100-Jan-03 17:00:00 (0.7%)
  2100-Jan-12 08:00:00 (3.1%)
  2100-Jan-20 23:00:00 (5.5%)
  2100-Jan-29 14:00:00 (7.8%)
  2100-Feb-07 03:00:00 (10.2%)
  2100-Feb-15 18:00:00 (12.5%)
  2100-Feb-24 08:00:00 (14.9%)
  2100-Mar-04 23:00:00 (17.2%)
  2100-Mar-13 14:00:00 (19.6%)
  2100-Mar-22 04:00:00 (22%)
  2100-Mar-30 19:00:00 (24.3%)
  2100-Apr-08 10:00:00 (26.7%)
  2100-Apr-17 00:00:00 (29%)
  2100-Apr-25 15:00:00 (31.4%)
  2100-May-04 06:00:00 (33.8%)
  2100-May-12 21:00:00 (36.1%)
  2100-May-21 12:00:00 (38.5%)
  2100-May-29 20:00:00 (40.8%)
  2100-Jun-07 11:00:00 (43.1%)
  2100-Jun-16 01:00:00 (45.5%)
  2100-Jun-24 16:00:00 (47.9%)
  2100-Jul-03 08:00:00 (50.2%)
  2100-Jul-11 23:00:00 (52.6%)
  2100-Jul-20 14:00:00 (55%)
  2100-Jul-29 05:00:00 (57.3%)
  2100-Aug-06 20:00:00 (59.7%)
  2100-Aug-15 11:00:00 (62%)
  2100-Aug-24 02:00:00 (64.4%)
  2100-Sep-01 17:00:00 (66.8%)
  2100-Sep-10 08:00:00 (69.1%)
  2100-Sep-18 23:00:00 (71.5%)
  2100-Sep-27 14:00:00 (73.9%)
  2100-Oct-06 05:00:00 (76.2%)
  2100-Oct-14 20:00:00 (78.6%)
  2100-Oct-23 11:00:00 (80.9%)
  2100-Nov-01 01:00:00 (83.3%)
  2100-Nov-09 16:00:00 (85.7%)
  2100-Nov-18 07:00:00 (88%)
  2100-Nov-26 21:00:00 (90.4%)
  2100-Dec-05 12:00:00 (92.7%)
  2100-Dec-14 03:00:00 (95.1%)
  2100-Dec-22 18:00:00 (97.5%)
  2100-Dec-31 09:00:00 (99.8%)
  2100-Dec-31 23:00:00 (100%)
Finished Program: 2014-Nov-15 11:53:07.072556
Elapsed Time: 00:01:21.648246
