instance.yaml
kiva v0.2.0-9-g526928a
Copyright (C) 2012-2014 Big Ladder Software
Web: www.bigladdersoftware.com

Starting Program: 2014-Nov-15 11:22:47.684926
Creating Domain...
  X Cells: 161
  Y Cells: 1
  Z Cells: 133
  Total Cells: 21413
Initializing Temperatures...
  2098-Oct-01 23:00:00
  2099-Jan-05 09:00:00
  2099-Jan-16 12:00:00
  2099-Jan-27 15:00:00
  2099-Feb-07 18:00:00
  2099-Feb-18 22:00:00
  2099-Mar-02 01:00:00
  2099-Mar-13 04:00:00
  2099-Mar-24 07:00:00
  2099-Apr-04 11:00:00
  2099-Apr-15 14:00:00
  2099-Apr-26 17:00:00
  2099-May-07 21:00:00
  2099-May-19 00:00:00
  2099-May-30 03:00:00
  2099-Jun-10 07:00:00
  2099-Jun-21 10:00:00
  2099-Jul-02 14:00:00
  2099-Jul-13 17:00:00
  2099-Jul-24 20:00:00
  2099-Aug-05 00:00:00
  2099-Aug-16 03:00:00
  2099-Aug-27 07:00:00
  2099-Sep-07 10:00:00
  2099-Sep-18 13:00:00
  2099-Sep-29 17:00:00
  2099-Oct-10 20:00:00
  2099-Oct-21 23:00:00
  2099-Nov-02 02:00:00
  2099-Nov-13 06:00:00
  2099-Nov-24 09:00:00
  2099-Dec-05 13:00:00
  2099-Dec-16 16:00:00
  2099-Dec-27 20:00:00
Beginning Simulation...
  2100-Jan-07 09:00:00 (1.7%)
  2100-Jan-17 15:00:00 (4.6%)
  2100-Jan-27 20:00:00 (7.4%)
  2100-Feb-07 01:00:00 (10.1%)
  2100-Feb-17 07:00:00 (13%)
  2100-Feb-27 12:00:00 (15.8%)
  2100-Mar-09 17:00:00 (18.6%)
  2100-Mar-19 23:00:00 (21.4%)
  2100-Mar-30 04:00:00 (24.2%)
  2100-Apr-09 09:00:00 (27%)
  2100-Apr-19 15:00:00 (29.8%)
  2100-Apr-29 20:00:00 (32.6%)
  2100-May-10 02:00:00 (35.4%)
  2100-May-20 07:00:00 (38.2%)
  2100-May-30 13:00:00 (41%)
  2100-Jun-09 19:00:00 (43.8%)
  2100-Jun-20 00:00:00 (46.6%)
  2100-Jun-30 06:00:00 (49.4%)
  2100-Jul-10 11:00:00 (52.2%)
  2100-Jul-20 17:00:00 (55%)
  2100-Jul-30 22:00:00 (57.8%)
  2100-Aug-10 04:00:00 (60.6%)
  2100-Aug-20 09:00:00 (63.4%)
  2100-Aug-30 15:00:00 (66.2%)
  2100-Sep-09 20:00:00 (69%)
  2100-Sep-20 02:00:00 (71.8%)
  2100-Sep-30 07:00:00 (74.6%)
  2100-Oct-10 13:00:00 (77.4%)
  2100-Oct-20 18:00:00 (80.2%)
  2100-Oct-31 00:00:00 (83%)
  2100-Nov-10 06:00:00 (85.8%)
  2100-Nov-20 12:00:00 (88.6%)
  2100-Nov-30 18:00:00 (91.4%)
  2100-Dec-11 00:00:00 (94.2%)
  2100-Dec-21 06:00:00 (97.1%)
  2100-Dec-31 12:00:00 (99.9%)
  2100-Dec-31 23:00:00 (100%)
Finished Program: 2014-Nov-15 11:23:57.049096
Elapsed Time: 00:01:09.364170
