instance.yaml
kiva v0.2.0-20-g4c7c200
Copyright (C) 2012-2014 Big Ladder Software
Web: www.bigladdersoftware.com

Starting Program: 2014-Nov-17 14:15:18.270618
Creating Domain...
  X Cells: 125
  Y Cells: 1
  Z Cells: 103
  Total Cells: 12875
Initializing Temperatures...
  2099-Jan-01 23:00:00
  2099-Jan-19 09:00:00
  2099-Feb-05 20:00:00
  2099-Feb-23 06:00:00
  2099-Mar-12 17:00:00
  2099-Mar-30 03:00:00
  2099-Apr-16 14:00:00
  2099-May-04 00:00:00
  2099-May-21 11:00:00
  2099-Jun-07 21:00:00
  2099-Jun-25 08:00:00
  2099-Jul-12 18:00:00
  2099-Jul-30 05:00:00
  2099-Aug-16 15:00:00
  2099-Sep-03 02:00:00
  2099-Sep-20 12:00:00
  2099-Oct-07 23:00:00
  2099-Oct-25 09:00:00
  2099-Nov-11 20:00:00
  2099-Nov-29 07:00:00
  2099-Dec-16 17:00:00
Beginning Simulation...
  2100-Jan-03 03:00:00 (0.6%)
  2100-Jan-20 03:00:00 (5.2%)
  2100-Feb-06 03:00:00 (9.9%)
  2100-Feb-23 02:00:00 (14.5%)
  2100-Mar-12 02:00:00 (19.2%)
  2100-Mar-29 02:00:00 (23.9%)
  2100-Apr-15 02:00:00 (28.5%)
  2100-May-02 02:00:00 (33.2%)
  2100-May-19 02:00:00 (37.8%)
  2100-Jun-05 02:00:00 (42.5%)
  2100-Jun-22 02:00:00 (47.1%)
  2100-Jul-09 01:00:00 (51.8%)
  2100-Jul-26 01:00:00 (56.4%)
  2100-Aug-12 01:00:00 (61.1%)
  2100-Aug-29 01:00:00 (65.8%)
  2100-Sep-15 01:00:00 (70.4%)
  2100-Oct-02 01:00:00 (75.1%)
  2100-Oct-19 01:00:00 (79.7%)
  2100-Nov-05 01:00:00 (84.4%)
  2100-Nov-22 01:00:00 (89.1%)
  2100-Dec-09 01:00:00 (93.7%)
  2100-Dec-26 01:00:00 (98.4%)
  2100-Dec-31 23:00:00 (100%)
Finished Program: 2014-Nov-17 14:16:01.348251
Elapsed Time: 00:00:43.077633
