instance.yaml
kiva v0.2.0-21-g785bfe1
Copyright (C) 2012-2014 Big Ladder Software
Web: www.bigladdersoftware.com

Starting Program: 2014-Nov-18 11:17:26.912710
Creating Domain...
  X Cells: 273
  Y Cells: 1
  Z Cells: 103
  Total Cells: 28119
Initializing Temperatures...
  2098-Dec-17 23:00:00
  2099-Jan-07 16:00:00
  2099-Jan-15 15:00:00
  2099-Jan-23 14:00:00
  2099-Jan-31 13:00:00
  2099-Feb-08 12:00:00
  2099-Feb-16 12:00:00
  2099-Feb-24 11:00:00
  2099-Mar-04 10:00:00
  2099-Mar-12 09:00:00
  2099-Mar-20 08:00:00
  2099-Mar-28 07:00:00
  2099-Apr-05 06:00:00
  2099-Apr-13 06:00:00
  2099-Apr-21 05:00:00
  2099-Apr-29 04:00:00
  2099-May-07 03:00:00
  2099-May-15 02:00:00
  2099-May-23 01:00:00
  2099-May-31 01:00:00
  2099-Jun-08 00:00:00
  2099-Jun-15 23:00:00
  2099-Jun-23 22:00:00
  2099-Jul-01 21:00:00
  2099-Jul-09 20:00:00
  2099-Jul-17 19:00:00
  2099-Jul-25 18:00:00
  2099-Aug-02 18:00:00
  2099-Aug-10 18:00:00
  2099-Aug-18 19:00:00
  2099-Aug-26 21:00:00
  2099-Sep-03 22:00:00
  2099-Sep-12 00:00:00
  2099-Sep-20 01:00:00
  2099-Sep-28 02:00:00
  2099-Oct-06 04:00:00
  2099-Oct-14 05:00:00
  2099-Oct-22 07:00:00
  2099-Oct-30 09:00:00
  2099-Nov-07 10:00:00
  2099-Nov-15 12:00:00
  2099-Nov-23 14:00:00
  2099-Dec-01 16:00:00
  2099-Dec-09 18:00:00
  2099-Dec-17 19:00:00
  2099-Dec-25 21:00:00
Beginning Simulation...
  2100-Jan-02 22:00:00 (0.5%)
  2100-Jan-10 19:00:00 (2.7%)
  2100-Jan-18 17:00:00 (4.9%)
  2100-Jan-26 14:00:00 (7%)
  2100-Feb-03 12:00:00 (9.2%)
  2100-Feb-11 09:00:00 (11.3%)
  2100-Feb-19 07:00:00 (13.5%)
  2100-Feb-27 04:00:00 (15.7%)
  2100-Mar-07 01:00:00 (17.8%)
  2100-Mar-14 23:00:00 (20%)
  2100-Mar-22 20:00:00 (22.1%)
  2100-Mar-30 18:00:00 (24.3%)
  2100-Apr-07 15:00:00 (26.5%)
  2100-Apr-15 12:00:00 (28.6%)
  2100-Apr-23 10:00:00 (30.8%)
  2100-May-01 07:00:00 (33%)
  2100-May-09 05:00:00 (35.1%)
  2100-May-17 02:00:00 (37.3%)
  2100-May-25 00:00:00 (39.5%)
  2100-Jun-01 21:00:00 (41.6%)
  2100-Jun-09 18:00:00 (43.8%)
  2100-Jun-17 16:00:00 (45.9%)
  2100-Jun-25 13:00:00 (48.1%)
  2100-Jul-03 10:00:00 (50.3%)
  2100-Jul-11 08:00:00 (52.4%)
  2100-Jul-19 05:00:00 (54.6%)
  2100-Jul-27 02:00:00 (56.7%)
  2100-Aug-04 00:00:00 (58.9%)
  2100-Aug-11 21:00:00 (61.1%)
  2100-Aug-19 18:00:00 (63.2%)
  2100-Aug-27 16:00:00 (65.4%)
  2100-Sep-04 13:00:00 (67.5%)
  2100-Sep-12 11:00:00 (69.7%)
  2100-Sep-20 08:00:00 (71.9%)
  2100-Sep-28 05:00:00 (74%)
  2100-Oct-06 03:00:00 (76.2%)
  2100-Oct-14 00:00:00 (78.4%)
  2100-Oct-21 22:00:00 (80.5%)
  2100-Oct-29 19:00:00 (82.7%)
  2100-Nov-06 16:00:00 (84.8%)
  2100-Nov-14 14:00:00 (87%)
  2100-Nov-22 11:00:00 (89.2%)
  2100-Nov-30 09:00:00 (91.3%)
  2100-Dec-08 06:00:00 (93.5%)
  2100-Dec-16 03:00:00 (95.7%)
  2100-Dec-24 00:00:00 (97.8%)
  2100-Dec-31 22:00:00 (100%)
  2100-Dec-31 23:00:00 (100%)
Finished Program: 2014-Nov-18 11:19:00.010476
Elapsed Time: 00:01:33.097766
