instance.yaml
kiva v0.2.0-21-g785bfe1
Copyright (C) 2012-2014 Big Ladder Software
Web: www.bigladdersoftware.com

Starting Program: 2014-Nov-18 11:12:25.598238
Creating Domain...
  X Cells: 245
  Y Cells: 1
  Z Cells: 96
  Total Cells: 23520
Initializing Temperatures...
  2098-Oct-15 23:00:00
  2099-Jan-05 00:00:00
  2099-Jan-14 00:00:00
  2099-Jan-23 01:00:00
  2099-Feb-01 01:00:00
  2099-Feb-10 02:00:00
  2099-Feb-19 02:00:00
  2099-Feb-28 03:00:00
  2099-Mar-09 03:00:00
  2099-Mar-18 03:00:00
  2099-Mar-27 04:00:00
  2099-Apr-05 04:00:00
  2099-Apr-14 05:00:00
  2099-Apr-23 05:00:00
  2099-May-02 06:00:00
  2099-May-11 07:00:00
  2099-May-20 07:00:00
  2099-May-29 08:00:00
  2099-Jun-07 08:00:00
  2099-Jun-16 09:00:00
  2099-Jun-25 08:00:00
  2099-Jul-04 09:00:00
  2099-Jul-13 09:00:00
  2099-Jul-22 10:00:00
  2099-Jul-31 10:00:00
  2099-Aug-09 10:00:00
  2099-Aug-18 11:00:00
  2099-Aug-27 11:00:00
  2099-Sep-05 11:00:00
  2099-Sep-14 12:00:00
  2099-Sep-23 12:00:00
  2099-Oct-02 13:00:00
  2099-Oct-11 13:00:00
  2099-Oct-20 14:00:00
  2099-Oct-29 14:00:00
  2099-Nov-07 14:00:00
  2099-Nov-16 15:00:00
  2099-Nov-25 15:00:00
  2099-Dec-04 16:00:00
  2099-Dec-13 16:00:00
  2099-Dec-22 17:00:00
  2099-Dec-31 17:00:00
Beginning Simulation...
  2100-Jan-09 13:00:00 (2.3%)
  2100-Jan-18 09:00:00 (4.8%)
  2100-Jan-27 04:00:00 (7.2%)
  2100-Feb-05 00:00:00 (9.6%)
  2100-Feb-13 19:00:00 (12%)
  2100-Feb-22 15:00:00 (14.4%)
  2100-Mar-03 10:00:00 (16.8%)
  2100-Mar-12 06:00:00 (19.2%)
  2100-Mar-21 02:00:00 (21.7%)
  2100-Mar-29 21:00:00 (24.1%)
  2100-Apr-07 17:00:00 (26.5%)
  2100-Apr-16 12:00:00 (28.9%)
  2100-Apr-25 08:00:00 (31.3%)
  2100-May-04 03:00:00 (33.7%)
  2100-May-12 23:00:00 (36.2%)
  2100-May-21 19:00:00 (38.6%)
  2100-May-30 14:00:00 (41%)
  2100-Jun-08 10:00:00 (43.4%)
  2100-Jun-17 05:00:00 (45.8%)
  2100-Jun-26 01:00:00 (48.2%)
  2100-Jul-04 20:00:00 (50.6%)
  2100-Jul-13 16:00:00 (53.1%)
  2100-Jul-22 11:00:00 (55.5%)
  2100-Jul-31 06:00:00 (57.9%)
  2100-Aug-09 02:00:00 (60.3%)
  2100-Aug-17 21:00:00 (62.7%)
  2100-Aug-26 17:00:00 (65.1%)
  2100-Sep-04 13:00:00 (67.5%)
  2100-Sep-13 09:00:00 (70%)
  2100-Sep-22 05:00:00 (72.4%)
  2100-Oct-01 01:00:00 (74.8%)
  2100-Oct-09 21:00:00 (77.2%)
  2100-Oct-18 17:00:00 (79.6%)
  2100-Oct-27 13:00:00 (82.1%)
  2100-Nov-05 08:00:00 (84.5%)
  2100-Nov-14 04:00:00 (86.9%)
  2100-Nov-23 00:00:00 (89.3%)
  2100-Dec-01 20:00:00 (91.7%)
  2100-Dec-10 16:00:00 (94.2%)
  2100-Dec-19 12:00:00 (96.6%)
  2100-Dec-28 08:00:00 (99%)
  2100-Dec-31 23:00:00 (100%)
Finished Program: 2014-Nov-18 11:13:48.410336
Elapsed Time: 00:01:22.812098
