instance.yaml
kiva v0.2.0-9-g526928a
Copyright (C) 2012-2014 Big Ladder Software
Web: www.bigladdersoftware.com

Starting Program: 2014-Oct-26 15:55:04.989961
Creating Domain...
  X Cells: 89
  Y Cells: 1
  Z Cells: 113
  Total Cells: 10057
Initializing Temperatures...
  2099-Jan-02 23:00:00
  2099-Jan-21 07:00:00
  2099-Feb-15 00:00:00
  2099-Mar-11 17:00:00
  2099-Apr-05 11:00:00
  2099-Apr-30 04:00:00
  2099-May-24 21:00:00
  2099-Jun-18 15:00:00
  2099-Jul-13 08:00:00
  2099-Aug-07 01:00:00
  2099-Aug-31 19:00:00
  2099-Sep-25 12:00:00
  2099-Oct-20 06:00:00
  2099-Nov-13 23:00:00
  2099-Dec-08 17:00:00
Beginning Simulation...
  2100-Jan-02 09:00:00 (0.4%)
  2100-Jan-26 12:00:00 (7%)
  2100-Feb-19 15:00:00 (13.6%)
  2100-Mar-15 18:00:00 (20.2%)
  2100-Apr-08 20:00:00 (26.8%)
  2100-May-02 23:00:00 (33.4%)
  2100-May-27 01:00:00 (40%)
  2100-Jun-20 04:00:00 (46.6%)
  2100-Jul-14 07:00:00 (53.2%)
  2100-Aug-07 10:00:00 (59.8%)
  2100-Aug-31 13:00:00 (66.4%)
  2100-Sep-24 16:00:00 (73.1%)
  2100-Oct-18 19:00:00 (79.7%)
  2100-Nov-11 22:00:00 (86.3%)
  2100-Dec-06 00:00:00 (92.9%)
  2100-Dec-30 03:00:00 (99.5%)
  2100-Dec-31 23:00:00 (100%)
Finished Program: 2014-Oct-26 15:55:36.077277
Elapsed Time: 00:00:31.087316
