instance.yaml
kiva v0.2.0-9-g526928a
Copyright (C) 2012-2014 Big Ladder Software
Web: www.bigladdersoftware.com

Starting Program: 2014-Oct-19 03:16:43.016176
Creating Domain...
  X Cells: 95
  Y Cells: 1
  Z Cells: 133
  Total Cells: 12635
Initializing Temperatures...
  2098-Dec-03 23:00:00
  2099-Jan-13 02:00:00
  2099-Feb-04 09:00:00
  2099-Feb-26 15:00:00
  2099-Mar-20 21:00:00
  2099-Apr-12 04:00:00
  2099-May-04 10:00:00
  2099-May-26 17:00:00
  2099-Jun-17 23:00:00
  2099-Jul-10 06:00:00
  2099-Aug-01 12:00:00
  2099-Aug-23 18:00:00
  2099-Sep-15 01:00:00
  2099-Oct-07 07:00:00
  2099-Oct-29 14:00:00
  2099-Nov-20 21:00:00
  2099-Dec-13 03:00:00
Beginning Simulation...
  2100-Jan-04 03:00:00 (0.9%)
  2100-Jan-24 13:00:00 (6.4%)
  2100-Feb-13 23:00:00 (12%)
  2100-Mar-06 10:00:00 (17.6%)
  2100-Mar-26 20:00:00 (23.2%)
  2100-Apr-16 07:00:00 (28.8%)
  2100-May-06 17:00:00 (34.4%)
  2100-May-27 03:00:00 (40%)
  2100-Jun-16 14:00:00 (45.6%)
  2100-Jul-07 00:00:00 (51.2%)
  2100-Jul-27 12:00:00 (56.8%)
  2100-Aug-16 23:00:00 (62.5%)
  2100-Sep-06 10:00:00 (68.1%)
  2100-Sep-26 16:00:00 (73.6%)
  2100-Oct-17 04:00:00 (79.2%)
  2100-Nov-06 15:00:00 (84.8%)
  2100-Nov-27 02:00:00 (90.4%)
  2100-Dec-17 13:00:00 (96%)
  2100-Dec-31 23:00:00 (100%)
Finished Program: 2014-Oct-19 03:17:18.707030
Elapsed Time: 00:00:35.690854
