instance.yaml
kiva v0.2.0-21-g785bfe1
Copyright (C) 2012-2014 Big Ladder Software
Web: www.bigladdersoftware.com

Starting Program: 2014-Nov-18 11:19:26.620502
Creating Domain...
  X Cells: 87
  Y Cells: 1
  Z Cells: 158
  Total Cells: 13746
Initializing Temperatures...
  2098-Oct-29 23:00:00
  2099-Jan-14 08:00:00
  2099-Feb-01 15:00:00
  2099-Feb-19 21:00:00
  2099-Mar-10 04:00:00
  2099-Mar-28 11:00:00
  2099-Apr-15 17:00:00
  2099-May-04 01:00:00
  2099-May-22 08:00:00
  2099-Jun-09 14:00:00
  2099-Jun-27 23:00:00
  2099-Jul-16 07:00:00
  2099-Aug-03 16:00:00
  2099-Aug-22 00:00:00
  2099-Sep-09 09:00:00
  2099-Sep-27 17:00:00
  2099-Oct-16 02:00:00
  2099-Nov-03 09:00:00
  2099-Nov-21 18:00:00
  2099-Dec-10 02:00:00
  2099-Dec-28 11:00:00
Beginning Simulation...
  2100-Jan-14 08:00:00 (3.7%)
  2100-Jan-30 21:00:00 (8.2%)
  2100-Feb-16 10:00:00 (12.7%)
  2100-Mar-04 22:00:00 (17.2%)
  2100-Mar-21 11:00:00 (21.8%)
  2100-Apr-06 23:00:00 (26.3%)
  2100-Apr-23 12:00:00 (30.8%)
  2100-May-10 02:00:00 (35.4%)
  2100-May-26 15:00:00 (39.9%)
  2100-Jun-12 04:00:00 (44.4%)
  2100-Jun-28 17:00:00 (49%)
  2100-Jul-15 06:00:00 (53.5%)
  2100-Jul-31 17:00:00 (58%)
  2100-Aug-17 06:00:00 (62.5%)
  2100-Sep-02 19:00:00 (67.1%)
  2100-Sep-19 09:00:00 (71.6%)
  2100-Oct-05 22:00:00 (76.1%)
  2100-Oct-22 11:00:00 (80.7%)
  2100-Nov-08 00:00:00 (85.2%)
  2100-Nov-24 13:00:00 (89.7%)
  2100-Dec-11 02:00:00 (94.3%)
  2100-Dec-27 15:00:00 (98.8%)
  2100-Dec-31 23:00:00 (100%)
Finished Program: 2014-Nov-18 11:20:09.262710
Elapsed Time: 00:00:42.642208
