instance.yaml
kiva v0.2.0-9-g526928a
Copyright (C) 2012-2014 Big Ladder Software
Web: www.bigladdersoftware.com

Starting Program: 2014-Nov-15 11:51:45.632628
Creating Domain...
  X Cells: 161
  Y Cells: 1
  Z Cells: 125
  Total Cells: 20125
Initializing Temperatures...
  2098-Oct-15 23:00:00
  2099-Jan-06 21:00:00
  2099-Jan-19 04:00:00
  2099-Jan-31 12:00:00
  2099-Feb-12 20:00:00
  2099-Feb-25 04:00:00
  2099-Mar-09 12:00:00
  2099-Mar-21 20:00:00
  2099-Apr-03 04:00:00
  2099-Apr-15 13:00:00
  2099-Apr-27 18:00:00
  2099-May-10 02:00:00
  2099-May-22 10:00:00
  2099-Jun-03 18:00:00
  2099-Jun-16 02:00:00
  2099-Jun-28 10:00:00
  2099-Jul-10 18:00:00
  2099-Jul-23 02:00:00
  2099-Aug-04 11:00:00
  2099-Aug-16 19:00:00
  2099-Aug-29 03:00:00
  2099-Sep-10 11:00:00
  2099-Sep-22 19:00:00
  2099-Oct-05 03:00:00
  2099-Oct-17 11:00:00
  2099-Oct-29 20:00:00
  2099-Nov-11 04:00:00
  2099-Nov-23 12:00:00
  2099-Dec-05 20:00:00
  2099-Dec-18 04:00:00
  2099-Dec-30 13:00:00
Beginning Simulation...
  2100-Jan-11 00:00:00 (2.7%)
  2100-Jan-22 08:00:00 (5.8%)
  2100-Feb-02 18:00:00 (9%)
  2100-Feb-14 04:00:00 (12.1%)
  2100-Feb-25 15:00:00 (15.2%)
  2100-Mar-09 02:00:00 (18.4%)
  2100-Mar-20 13:00:00 (21.5%)
  2100-Mar-31 23:00:00 (24.6%)
  2100-Apr-12 10:00:00 (27.8%)
  2100-Apr-23 21:00:00 (30.9%)
  2100-May-05 08:00:00 (34.1%)
  2100-May-16 19:00:00 (37.2%)
  2100-May-28 06:00:00 (40.3%)
  2100-Jun-08 17:00:00 (43.5%)
  2100-Jun-20 03:00:00 (46.6%)
  2100-Jul-01 15:00:00 (49.8%)
  2100-Jul-13 02:00:00 (52.9%)
  2100-Jul-24 13:00:00 (56%)
  2100-Aug-05 00:00:00 (59.2%)
  2100-Aug-16 11:00:00 (62.3%)
  2100-Aug-27 22:00:00 (65.5%)
  2100-Sep-08 09:00:00 (68.6%)
  2100-Sep-19 20:00:00 (71.7%)
  2100-Oct-01 07:00:00 (74.9%)
  2100-Oct-12 18:00:00 (78%)
  2100-Oct-24 05:00:00 (81.2%)
  2100-Nov-04 16:00:00 (84.3%)
  2100-Nov-16 03:00:00 (87.4%)
  2100-Nov-27 14:00:00 (90.6%)
  2100-Dec-09 01:00:00 (93.7%)
  2100-Dec-20 12:00:00 (96.8%)
  2100-Dec-31 23:00:00 (100%)
  2100-Dec-31 23:00:00 (100%)
Finished Program: 2014-Nov-15 11:52:48.002540
Elapsed Time: 00:01:02.369912
