instance.yaml
kiva v0.2.0-19-ge248292
Copyright (C) 2012-2014 Big Ladder Software
Web: www.bigladdersoftware.com

Starting Program: 2014-Nov-17 08:39:15.092616
Creating Domain...
  X Cells: 88
  Y Cells: 1
  Z Cells: 133
  Total Cells: 11704
Initializing Temperatures...
  2099-Jan-06 06:00:00
  2099-Jan-27 13:00:00
  2099-Feb-17 21:00:00
  2099-Mar-11 04:00:00
  2099-Apr-01 12:00:00
  2099-Apr-22 20:00:00
  2099-May-14 03:00:00
  2099-Jun-04 11:00:00
  2099-Jun-25 19:00:00
  2099-Jul-17 03:00:00
  2099-Aug-07 11:00:00
  2099-Aug-28 19:00:00
  2099-Sep-19 03:00:00
  2099-Oct-10 11:00:00
  2099-Oct-31 19:00:00
  2099-Nov-22 03:00:00
  2099-Dec-13 11:00:00
Beginning Simulation...
  2100-Jan-03 13:00:00 (0.7%)
  2100-Jan-23 01:00:00 (6%)
  2100-Feb-11 12:00:00 (11.4%)
  2100-Mar-02 23:00:00 (16.7%)
  2100-Mar-22 10:00:00 (22%)
  2100-Apr-10 21:00:00 (27.4%)
  2100-Apr-30 09:00:00 (32.7%)
  2100-May-19 20:00:00 (38%)
  2100-Jun-08 08:00:00 (43.4%)
  2100-Jun-27 19:00:00 (48.7%)
  2100-Jul-17 07:00:00 (54.1%)
  2100-Aug-05 17:00:00 (59.4%)
  2100-Aug-25 04:00:00 (64.7%)
  2100-Sep-13 16:00:00 (70%)
  2100-Oct-03 04:00:00 (75.4%)
  2100-Oct-22 16:00:00 (80.7%)
  2100-Nov-11 00:00:00 (86%)
  2100-Nov-30 11:00:00 (91.4%)
  2100-Dec-19 23:00:00 (96.7%)
  2100-Dec-31 23:00:00 (100%)
Finished Program: 2014-Nov-17 08:39:51.617456
Elapsed Time: 00:00:36.524840
