instance.yaml
kiva v0.2.0-21-g785bfe1
Copyright (C) 2012-2014 Big Ladder Software
Web: www.bigladdersoftware.com

Starting Program: 2014-Nov-18 11:20:29.202520
Creating Domain...
  X Cells: 119
  Y Cells: 1
  Z Cells: 132
  Total Cells: 15708
Initializing Temperatures...
  2099-Jan-01 22:00:00
  2099-Jan-17 11:00:00
  2099-Feb-02 00:00:00
  2099-Feb-17 12:00:00
  2099-Mar-05 01:00:00
  2099-Mar-20 14:00:00
  2099-Apr-05 02:00:00
  2099-Apr-20 15:00:00
  2099-May-06 04:00:00
  2099-May-21 08:00:00
  2099-Jun-05 21:00:00
  2099-Jun-21 09:00:00
  2099-Jul-06 22:00:00
  2099-Jul-22 11:00:00
  2099-Aug-07 00:00:00
  2099-Aug-22 12:00:00
  2099-Sep-07 01:00:00
  2099-Sep-22 14:00:00
  2099-Oct-08 03:00:00
  2099-Oct-23 15:00:00
  2099-Nov-08 05:00:00
  2099-Nov-23 19:00:00
  2099-Dec-09 09:00:00
  2099-Dec-24 22:00:00
Beginning Simulation...
  2100-Jan-08 23:00:00 (2.2%)
  2100-Jan-23 13:00:00 (6.2%)
  2100-Feb-07 03:00:00 (10.2%)
  2100-Feb-21 17:00:00 (14.2%)
  2100-Mar-08 07:00:00 (18.2%)
  2100-Mar-22 22:00:00 (22.2%)
  2100-Apr-06 12:00:00 (26.2%)
  2100-Apr-21 01:00:00 (30.1%)
  2100-May-05 15:00:00 (34.1%)
  2100-May-20 05:00:00 (38.1%)
  2100-Jun-03 19:00:00 (42.1%)
  2100-Jun-18 09:00:00 (46.1%)
  2100-Jul-02 23:00:00 (50.1%)
  2100-Jul-17 13:00:00 (54.1%)
  2100-Aug-01 04:00:00 (58.1%)
  2100-Aug-15 18:00:00 (62.1%)
  2100-Aug-30 08:00:00 (66.1%)
  2100-Sep-13 23:00:00 (70.1%)
  2100-Sep-28 13:00:00 (74.1%)
  2100-Oct-13 03:00:00 (78.1%)
  2100-Oct-27 17:00:00 (82.1%)
  2100-Nov-11 07:00:00 (86.1%)
  2100-Nov-25 21:00:00 (90.1%)
  2100-Dec-10 11:00:00 (94.1%)
  2100-Dec-25 01:00:00 (98.1%)
  2100-Dec-31 23:00:00 (100%)
Finished Program: 2014-Nov-18 11:21:18.475150
Elapsed Time: 00:00:49.272630
