instance.yaml
kiva v0.2.0-9-g526928a
Copyright (C) 2012-2014 Big Ladder Software
Web: www.bigladdersoftware.com

Starting Program: 2014-Oct-26 15:38:30.726925
Creating Domain...
  X Cells: 93
  Y Cells: 1
  Z Cells: 125
  Total Cells: 11625
Initializing Temperatures...
  2099-Jan-02 04:00:00
  2099-Jan-18 10:00:00
  2099-Feb-10 08:00:00
  2099-Mar-05 06:00:00
  2099-Mar-28 04:00:00
  2099-Apr-20 02:00:00
  2099-May-13 01:00:00
  2099-Jun-04 23:00:00
  2099-Jun-27 22:00:00
  2099-Jul-20 20:00:00
  2099-Aug-12 18:00:00
  2099-Sep-04 17:00:00
  2099-Sep-27 15:00:00
  2099-Oct-20 14:00:00
  2099-Nov-12 12:00:00
  2099-Dec-05 10:00:00
  2099-Dec-28 08:00:00
Beginning Simulation...
  2100-Jan-18 20:00:00 (4.9%)
  2100-Feb-09 09:00:00 (10.8%)
  2100-Mar-02 21:00:00 (16.7%)
  2100-Mar-24 10:00:00 (22.6%)
  2100-Apr-14 23:00:00 (28.5%)
  2100-May-06 13:00:00 (34.4%)
  2100-May-28 03:00:00 (40.3%)
  2100-Jun-18 17:00:00 (46.2%)
  2100-Jul-10 06:00:00 (52.1%)
  2100-Jul-31 20:00:00 (58%)
  2100-Aug-22 10:00:00 (63.9%)
  2100-Sep-13 00:00:00 (69.9%)
  2100-Oct-04 14:00:00 (75.8%)
  2100-Oct-26 03:00:00 (81.7%)
  2100-Nov-16 16:00:00 (87.6%)
  2100-Dec-08 05:00:00 (93.5%)
  2100-Dec-29 13:00:00 (99.3%)
  2100-Dec-31 23:00:00 (100%)
Finished Program: 2014-Oct-26 15:39:05.113834
Elapsed Time: 00:00:34.386909
