instance.yaml
kiva v0.2.0-21-g785bfe1
Copyright (C) 2012-2014 Big Ladder Software
Web: www.bigladdersoftware.com

Starting Program: 2014-Nov-18 11:04:25.542729
Creating Domain...
  X Cells: 189
  Y Cells: 1
  Z Cells: 158
  Total Cells: 29862
Initializing Temperatures...
  2098-Oct-15 23:00:00
  2099-Jan-02 18:00:00
  2099-Jan-09 09:00:00
  2099-Jan-16 00:00:00
  2099-Jan-22 15:00:00
  2099-Jan-29 06:00:00
  2099-Feb-04 21:00:00
  2099-Feb-11 13:00:00
  2099-Feb-18 04:00:00
  2099-Feb-24 19:00:00
  2099-Mar-03 10:00:00
  2099-Mar-10 01:00:00
  2099-Mar-16 16:00:00
  2099-Mar-23 08:00:00
  2099-Mar-29 23:00:00
  2099-Apr-05 14:00:00
  2099-Apr-12 05:00:00
  2099-Apr-18 21:00:00
  2099-Apr-25 12:00:00
  2099-May-02 03:00:00
  2099-May-08 19:00:00
  2099-May-15 10:00:00
  2099-May-22 01:00:00
  2099-May-28 17:00:00
  2099-Jun-04 10:00:00
  2099-Jun-11 02:00:00
  2099-Jun-17 19:00:00
  2099-Jun-24 11:00:00
  2099-Jul-01 04:00:00
  2099-Jul-07 21:00:00
  2099-Jul-14 13:00:00
  2099-Jul-21 06:00:00
  2099-Jul-27 23:00:00
  2099-Aug-03 15:00:00
  2099-Aug-10 08:00:00
  2099-Aug-17 02:00:00
  2099-Aug-23 19:00:00
  2099-Aug-30 12:00:00
  2099-Sep-06 05:00:00
  2099-Sep-12 23:00:00
  2099-Sep-19 16:00:00
  2099-Sep-26 09:00:00
  2099-Oct-03 03:00:00
  2099-Oct-09 20:00:00
  2099-Oct-16 13:00:00
  2099-Oct-23 07:00:00
  2099-Oct-30 00:00:00
  2099-Nov-05 17:00:00
  2099-Nov-12 11:00:00
  2099-Nov-19 04:00:00
  2099-Nov-25 21:00:00
  2099-Dec-02 15:00:00
  2099-Dec-09 08:00:00
  2099-Dec-16 01:00:00
  2099-Dec-22 18:00:00
  2099-Dec-29 12:00:00
Beginning Simulation...
  2100-Jan-04 21:00:00 (1.1%)
  2100-Jan-11 02:00:00 (2.8%)
  2100-Jan-17 07:00:00 (4.5%)
  2100-Jan-23 12:00:00 (6.2%)
  2100-Jan-29 17:00:00 (7.9%)
  2100-Feb-04 22:00:00 (9.6%)
  2100-Feb-11 02:00:00 (11.3%)
  2100-Feb-17 07:00:00 (13%)
  2100-Feb-23 12:00:00 (14.7%)
  2100-Mar-01 17:00:00 (16.4%)
  2100-Mar-07 22:00:00 (18.1%)
  2100-Mar-14 03:00:00 (19.8%)
  2100-Mar-20 08:00:00 (21.5%)
  2100-Mar-26 13:00:00 (23.2%)
  2100-Apr-01 18:00:00 (24.9%)
  2100-Apr-07 23:00:00 (26.6%)
  2100-Apr-14 04:00:00 (28.3%)
  2100-Apr-20 09:00:00 (30%)
  2100-Apr-26 14:00:00 (31.7%)
  2100-May-02 19:00:00 (33.4%)
  2100-May-09 00:00:00 (35.1%)
  2100-May-15 05:00:00 (36.8%)
  2100-May-21 09:00:00 (38.5%)
  2100-May-27 14:00:00 (40.2%)
  2100-Jun-02 19:00:00 (41.9%)
  2100-Jun-09 00:00:00 (43.6%)
  2100-Jun-15 05:00:00 (45.3%)
  2100-Jun-21 10:00:00 (47%)
  2100-Jun-27 15:00:00 (48.7%)
  2100-Jul-03 20:00:00 (50.4%)
  2100-Jul-10 01:00:00 (52.1%)
  2100-Jul-16 05:00:00 (53.8%)
  2100-Jul-22 10:00:00 (55.5%)
  2100-Jul-28 15:00:00 (57.2%)
  2100-Aug-03 20:00:00 (58.9%)
  2100-Aug-10 01:00:00 (60.6%)
  2100-Aug-16 06:00:00 (62.3%)
  2100-Aug-22 11:00:00 (64%)
  2100-Aug-28 16:00:00 (65.7%)
  2100-Sep-03 21:00:00 (67.4%)
  2100-Sep-10 03:00:00 (69.1%)
  2100-Sep-16 08:00:00 (70.8%)
  2100-Sep-22 13:00:00 (72.5%)
  2100-Sep-28 18:00:00 (74.2%)
  2100-Oct-04 23:00:00 (75.9%)
  2100-Oct-11 04:00:00 (77.6%)
  2100-Oct-17 09:00:00 (79.3%)
  2100-Oct-23 14:00:00 (81%)
  2100-Oct-29 19:00:00 (82.7%)
  2100-Nov-05 00:00:00 (84.4%)
  2100-Nov-11 05:00:00 (86.1%)
  2100-Nov-17 10:00:00 (87.8%)
  2100-Nov-23 15:00:00 (89.5%)
  2100-Nov-29 20:00:00 (91.2%)
  2100-Dec-06 01:00:00 (92.9%)
  2100-Dec-12 06:00:00 (94.6%)
  2100-Dec-18 11:00:00 (96.3%)
  2100-Dec-24 16:00:00 (98%)
  2100-Dec-30 21:00:00 (99.7%)
  2100-Dec-31 23:00:00 (100%)
Finished Program: 2014-Nov-18 11:06:20.180132
Elapsed Time: 00:01:54.637403
