instance.yaml
kiva v0.2.0-21-g785bfe1
Copyright (C) 2012-2014 Big Ladder Software
Web: www.bigladdersoftware.com

Starting Program: 2014-Nov-18 10:53:25.134484
Creating Domain...
  X Cells: 133
  Y Cells: 1
  Z Cells: 103
  Total Cells: 13699
Initializing Temperatures...
  2099-Jan-03 12:00:00
  2099-Jan-20 04:00:00
  2099-Feb-05 20:00:00
  2099-Feb-22 13:00:00
  2099-Mar-11 06:00:00
  2099-Mar-27 22:00:00
  2099-Apr-13 15:00:00
  2099-Apr-30 08:00:00
  2099-May-17 01:00:00
  2099-Jun-02 17:00:00
  2099-Jun-19 10:00:00
  2099-Jul-06 03:00:00
  2099-Jul-22 19:00:00
  2099-Aug-08 12:00:00
  2099-Aug-25 05:00:00
  2099-Sep-10 22:00:00
  2099-Sep-27 14:00:00
  2099-Oct-14 07:00:00
  2099-Oct-31 00:00:00
  2099-Nov-16 17:00:00
  2099-Dec-03 10:00:00
  2099-Dec-20 02:00:00
Beginning Simulation...
  2100-Jan-05 16:00:00 (1.3%)
  2100-Jan-21 22:00:00 (5.7%)
  2100-Feb-07 04:00:00 (10.2%)
  2100-Feb-23 11:00:00 (14.6%)
  2100-Mar-11 17:00:00 (19.1%)
  2100-Mar-27 23:00:00 (23.6%)
  2100-Apr-13 05:00:00 (28%)
  2100-Apr-29 11:00:00 (32.5%)
  2100-May-15 18:00:00 (36.9%)
  2100-Jun-01 00:00:00 (41.4%)
  2100-Jun-17 06:00:00 (45.8%)
  2100-Jul-03 11:00:00 (50.3%)
  2100-Jul-19 17:00:00 (54.7%)
  2100-Aug-04 23:00:00 (59.2%)
  2100-Aug-21 05:00:00 (63.6%)
  2100-Sep-06 11:00:00 (68.1%)
  2100-Sep-22 18:00:00 (72.5%)
  2100-Oct-08 23:00:00 (77%)
  2100-Oct-25 06:00:00 (81.4%)
  2100-Nov-10 12:00:00 (85.9%)
  2100-Nov-26 18:00:00 (90.3%)
  2100-Dec-13 00:00:00 (94.8%)
  2100-Dec-29 07:00:00 (99.3%)
  2100-Dec-31 23:00:00 (100%)
Finished Program: 2014-Nov-18 10:54:10.166246
Elapsed Time: 00:00:45.031762
