instance.yaml
kiva v0.2.0-21-g785bfe1
Copyright (C) 2012-2014 Big Ladder Software
Web: www.bigladdersoftware.com

Starting Program: 2014-Nov-18 11:32:25.706197
Creating Domain...
  X Cells: 174
  Y Cells: 1
  Z Cells: 103
  Total Cells: 17922
Initializing Temperatures...
  2098-Oct-08 23:00:00
  2099-Jan-06 02:00:00
  2099-Jan-18 09:00:00
  2099-Jan-30 16:00:00
  2099-Feb-11 23:00:00
  2099-Feb-24 06:00:00
  2099-Mar-08 12:00:00
  2099-Mar-20 19:00:00
  2099-Apr-02 02:00:00
  2099-Apr-14 09:00:00
  2099-Apr-26 16:00:00
  2099-May-08 23:00:00
  2099-May-21 05:00:00
  2099-Jun-02 12:00:00
  2099-Jun-14 19:00:00
  2099-Jun-27 02:00:00
  2099-Jul-09 09:00:00
  2099-Jul-21 16:00:00
  2099-Aug-03 03:00:00
  2099-Aug-15 13:00:00
  2099-Aug-28 00:00:00
  2099-Sep-09 11:00:00
  2099-Sep-21 22:00:00
  2099-Oct-04 09:00:00
  2099-Oct-16 20:00:00
  2099-Oct-29 07:00:00
  2099-Nov-10 18:00:00
  2099-Nov-23 05:00:00
  2099-Dec-05 16:00:00
  2099-Dec-18 03:00:00
  2099-Dec-30 14:00:00
Beginning Simulation...
  2100-Jan-11 20:00:00 (3%)
  2100-Jan-24 02:00:00 (6.3%)
  2100-Feb-05 07:00:00 (9.7%)
  2100-Feb-17 13:00:00 (13%)
  2100-Mar-01 19:00:00 (16.4%)
  2100-Mar-14 00:00:00 (19.7%)
  2100-Mar-26 06:00:00 (23.1%)
  2100-Apr-07 12:00:00 (26.4%)
  2100-Apr-19 17:00:00 (29.8%)
  2100-May-01 23:00:00 (33.1%)
  2100-May-14 05:00:00 (36.5%)
  2100-May-26 10:00:00 (39.8%)
  2100-Jun-07 16:00:00 (43.2%)
  2100-Jun-19 22:00:00 (46.6%)
  2100-Jul-02 04:00:00 (49.9%)
  2100-Jul-14 10:00:00 (53.3%)
  2100-Jul-26 15:00:00 (56.6%)
  2100-Aug-07 21:00:00 (60%)
  2100-Aug-20 03:00:00 (63.3%)
  2100-Sep-01 08:00:00 (66.7%)
  2100-Sep-13 14:00:00 (70%)
  2100-Sep-25 20:00:00 (73.4%)
  2100-Oct-08 02:00:00 (76.7%)
  2100-Oct-20 08:00:00 (80.1%)
  2100-Nov-01 13:00:00 (83.4%)
  2100-Nov-13 19:00:00 (86.8%)
  2100-Nov-26 01:00:00 (90.1%)
  2100-Dec-08 06:00:00 (93.5%)
  2100-Dec-20 12:00:00 (96.8%)
  2100-Dec-31 23:00:00 (100%)
Finished Program: 2014-Nov-18 11:33:25.937060
Elapsed Time: 00:01:00.230863
