instance.yaml
kiva v0.2.0-21-g785bfe1
Copyright (C) 2012-2014 Big Ladder Software
Web: www.bigladdersoftware.com

Starting Program: 2014-Nov-18 11:19:24.477711
Creating Domain...
  X Cells: 94
  Y Cells: 1
  Z Cells: 133
  Total Cells: 12502
Initializing Temperatures...
  2098-Dec-10 23:00:00
  2099-Jan-17 13:00:00
  2099-Feb-05 02:00:00
  2099-Feb-23 15:00:00
  2099-Mar-14 03:00:00
  2099-Apr-01 16:00:00
  2099-Apr-20 05:00:00
  2099-May-08 18:00:00
  2099-May-27 07:00:00
  2099-Jun-14 20:00:00
  2099-Jul-03 09:00:00
  2099-Jul-21 21:00:00
  2099-Aug-09 11:00:00
  2099-Aug-28 00:00:00
  2099-Sep-15 13:00:00
  2099-Oct-04 02:00:00
  2099-Oct-22 15:00:00
  2099-Nov-10 04:00:00
  2099-Nov-28 17:00:00
  2099-Dec-17 05:00:00
Beginning Simulation...
  2100-Jan-04 11:00:00 (0.9%)
  2100-Jan-21 14:00:00 (5.6%)
  2100-Feb-07 16:00:00 (10.3%)
  2100-Feb-24 19:00:00 (15%)
  2100-Mar-13 21:00:00 (19.7%)
  2100-Mar-31 00:00:00 (24.4%)
  2100-Apr-17 05:00:00 (29.1%)
  2100-May-04 10:00:00 (33.8%)
  2100-May-21 15:00:00 (38.5%)
  2100-Jun-07 19:00:00 (43.2%)
  2100-Jun-25 00:00:00 (47.9%)
  2100-Jul-12 05:00:00 (52.7%)
  2100-Jul-29 08:00:00 (57.4%)
  2100-Aug-15 14:00:00 (62.1%)
  2100-Sep-01 19:00:00 (66.8%)
  2100-Sep-19 03:00:00 (71.5%)
  2100-Oct-06 13:00:00 (76.3%)
  2100-Oct-24 00:00:00 (81.1%)
  2100-Nov-10 11:00:00 (85.9%)
  2100-Nov-27 22:00:00 (90.7%)
  2100-Dec-15 08:00:00 (95.4%)
  2100-Dec-31 23:00:00 (100%)
Finished Program: 2014-Nov-18 11:20:05.954657
Elapsed Time: 00:00:41.476946
