instance.yaml
kiva v0.2.0-9-g526928a
Copyright (C) 2012-2014 Big Ladder Software
Web: www.bigladdersoftware.com

Starting Program: 2014-Oct-26 15:55:30.922562
Creating Domain...
  X Cells: 89
  Y Cells: 1
  Z Cells: 96
  Total Cells: 8544
Initializing Temperatures...
  2099-Jan-07 05:00:00
  2099-Feb-03 23:00:00
  2099-Mar-04 11:00:00
  2099-Apr-01 22:00:00
  2099-Apr-30 10:00:00
  2099-May-28 22:00:00
  2099-Jun-26 10:00:00
  2099-Jul-24 20:00:00
  2099-Aug-22 08:00:00
  2099-Sep-19 19:00:00
  2099-Oct-18 07:00:00
  2099-Nov-15 19:00:00
  2099-Dec-14 07:00:00
Beginning Simulation...
  2100-Jan-11 12:00:00 (2.9%)
  2100-Feb-08 05:00:00 (10.5%)
  2100-Mar-07 22:00:00 (18.1%)
  2100-Apr-04 15:00:00 (25.7%)
  2100-May-02 08:00:00 (33.2%)
  2100-May-30 00:00:00 (40.8%)
  2100-Jun-26 17:00:00 (48.4%)
  2100-Jul-24 10:00:00 (56%)
  2100-Aug-21 03:00:00 (63.6%)
  2100-Sep-17 20:00:00 (71.2%)
  2100-Oct-15 13:00:00 (78.8%)
  2100-Nov-12 06:00:00 (86.4%)
  2100-Dec-09 23:00:00 (94%)
  2100-Dec-31 23:00:00 (100%)
Finished Program: 2014-Oct-26 15:55:57.794419
Elapsed Time: 00:00:26.871857
