instance.yaml
kiva v0.2.0-9-g526928a
Copyright (C) 2012-2014 Big Ladder Software
Web: www.bigladdersoftware.com

Starting Program: 2014-Nov-15 12:23:43.486542
Creating Domain...
  X Cells: 150
  Y Cells: 1
  Z Cells: 133
  Total Cells: 19950
Initializing Temperatures...
  2098-Nov-05 23:00:00
  2099-Jan-09 05:00:00
  2099-Jan-20 21:00:00
  2099-Feb-01 13:00:00
  2099-Feb-13 05:00:00
  2099-Feb-24 21:00:00
  2099-Mar-08 13:00:00
  2099-Mar-20 05:00:00
  2099-Mar-31 21:00:00
  2099-Apr-12 14:00:00
  2099-Apr-24 06:00:00
  2099-May-05 22:00:00
  2099-May-17 14:00:00
  2099-May-29 06:00:00
  2099-Jun-09 22:00:00
  2099-Jun-21 14:00:00
  2099-Jul-03 06:00:00
  2099-Jul-14 22:00:00
  2099-Jul-26 14:00:00
  2099-Aug-07 07:00:00
  2099-Aug-18 23:00:00
  2099-Aug-30 15:00:00
  2099-Sep-11 07:00:00
  2099-Sep-22 23:00:00
  2099-Oct-04 16:00:00
  2099-Oct-16 08:00:00
  2099-Oct-28 00:00:00
  2099-Nov-08 17:00:00
  2099-Nov-20 09:00:00
  2099-Dec-02 01:00:00
  2099-Dec-13 17:00:00
  2099-Dec-25 09:00:00
Beginning Simulation...
  2100-Jan-05 14:00:00 (1.3%)
  2100-Jan-16 05:00:00 (4.2%)
  2100-Jan-26 19:00:00 (7.1%)
  2100-Feb-06 09:00:00 (10%)
  2100-Feb-16 23:00:00 (12.9%)
  2100-Feb-27 14:00:00 (15.8%)
  2100-Mar-10 04:00:00 (18.7%)
  2100-Mar-20 18:00:00 (21.6%)
  2100-Mar-31 08:00:00 (24.5%)
  2100-Apr-11 01:00:00 (27.4%)
  2100-Apr-21 18:00:00 (30.3%)
  2100-May-02 10:00:00 (33.3%)
  2100-May-13 03:00:00 (36.2%)
  2100-May-23 20:00:00 (39.1%)
  2100-Jun-03 13:00:00 (42.1%)
  2100-Jun-14 05:00:00 (45%)
  2100-Jun-24 22:00:00 (47.9%)
  2100-Jul-05 15:00:00 (50.9%)
  2100-Jul-16 07:00:00 (53.8%)
  2100-Jul-27 00:00:00 (56.7%)
  2100-Aug-06 17:00:00 (59.6%)
  2100-Aug-17 10:00:00 (62.6%)
  2100-Aug-28 02:00:00 (65.5%)
  2100-Sep-07 19:00:00 (68.4%)
  2100-Sep-18 12:00:00 (71.4%)
  2100-Sep-29 05:00:00 (74.3%)
  2100-Oct-09 21:00:00 (77.2%)
  2100-Oct-20 14:00:00 (80.2%)
  2100-Oct-31 07:00:00 (83.1%)
  2100-Nov-10 23:00:00 (86%)
  2100-Nov-21 15:00:00 (88.9%)
  2100-Dec-02 07:00:00 (91.9%)
  2100-Dec-13 00:00:00 (94.8%)
  2100-Dec-23 17:00:00 (97.7%)
  2100-Dec-31 23:00:00 (100%)
Finished Program: 2014-Nov-15 12:24:49.773616
Elapsed Time: 00:01:06.287074
