instance.yaml
kiva v0.2.0-21-g785bfe1
Copyright (C) 2012-2014 Big Ladder Software
Web: www.bigladdersoftware.com

Starting Program: 2014-Nov-18 11:03:26.034836
Creating Domain...
  X Cells: 169
  Y Cells: 1
  Z Cells: 158
  Total Cells: 26702
Initializing Temperatures...
  2098-Dec-17 23:00:00
  2099-Jan-08 11:00:00
  2099-Jan-16 21:00:00
  2099-Jan-25 07:00:00
  2099-Feb-02 17:00:00
  2099-Feb-11 03:00:00
  2099-Feb-19 14:00:00
  2099-Feb-28 00:00:00
  2099-Mar-08 10:00:00
  2099-Mar-16 21:00:00
  2099-Mar-25 07:00:00
  2099-Apr-02 17:00:00
  2099-Apr-11 03:00:00
  2099-Apr-19 14:00:00
  2099-Apr-28 00:00:00
  2099-May-06 11:00:00
  2099-May-14 21:00:00
  2099-May-23 08:00:00
  2099-May-31 18:00:00
  2099-Jun-09 05:00:00
  2099-Jun-17 16:00:00
  2099-Jun-26 02:00:00
  2099-Jul-04 13:00:00
  2099-Jul-13 00:00:00
  2099-Jul-21 10:00:00
  2099-Jul-29 21:00:00
  2099-Aug-07 07:00:00
  2099-Aug-15 18:00:00
  2099-Aug-24 04:00:00
  2099-Sep-01 15:00:00
  2099-Sep-10 02:00:00
  2099-Sep-18 12:00:00
  2099-Sep-26 23:00:00
  2099-Oct-05 10:00:00
  2099-Oct-13 20:00:00
  2099-Oct-22 07:00:00
  2099-Oct-30 18:00:00
  2099-Nov-08 05:00:00
  2099-Nov-16 15:00:00
  2099-Nov-25 02:00:00
  2099-Dec-03 12:00:00
  2099-Dec-12 00:00:00
  2099-Dec-20 14:00:00
  2099-Dec-29 03:00:00
Beginning Simulation...
  2100-Jan-06 05:00:00 (1.4%)
  2100-Jan-14 01:00:00 (3.6%)
  2100-Jan-21 20:00:00 (5.7%)
  2100-Jan-29 15:00:00 (7.8%)
  2100-Feb-06 10:00:00 (10%)
  2100-Feb-14 06:00:00 (12.1%)
  2100-Feb-22 01:00:00 (14.3%)
  2100-Mar-02 01:00:00 (16.4%)
  2100-Mar-10 03:00:00 (18.7%)
  2100-Mar-18 05:00:00 (20.9%)
  2100-Mar-26 07:00:00 (23.1%)
  2100-Apr-03 09:00:00 (25.3%)
  2100-Apr-11 11:00:00 (27.5%)
  2100-Apr-19 13:00:00 (29.7%)
  2100-Apr-27 15:00:00 (32%)
  2100-May-05 17:00:00 (34.2%)
  2100-May-13 20:00:00 (36.4%)
  2100-May-21 22:00:00 (38.6%)
  2100-May-30 00:00:00 (40.8%)
  2100-Jun-07 03:00:00 (43%)
  2100-Jun-15 05:00:00 (45.3%)
  2100-Jun-23 08:00:00 (47.5%)
  2100-Jul-01 10:00:00 (49.7%)
  2100-Jul-09 12:00:00 (51.9%)
  2100-Jul-17 15:00:00 (54.1%)
  2100-Jul-25 17:00:00 (56.4%)
  2100-Aug-02 19:00:00 (58.6%)
  2100-Aug-10 22:00:00 (60.8%)
  2100-Aug-19 00:00:00 (63%)
  2100-Aug-27 03:00:00 (65.2%)
  2100-Sep-04 04:00:00 (67.4%)
  2100-Sep-12 06:00:00 (69.7%)
  2100-Sep-20 09:00:00 (71.9%)
  2100-Sep-28 12:00:00 (74.1%)
  2100-Oct-06 14:00:00 (76.3%)
  2100-Oct-14 17:00:00 (78.6%)
  2100-Oct-22 19:00:00 (80.8%)
  2100-Oct-30 22:00:00 (83%)
  2100-Nov-08 00:00:00 (85.2%)
  2100-Nov-16 02:00:00 (87.4%)
  2100-Nov-24 04:00:00 (89.6%)
  2100-Dec-02 07:00:00 (91.9%)
  2100-Dec-10 09:00:00 (94.1%)
  2100-Dec-18 11:00:00 (96.3%)
  2100-Dec-26 13:00:00 (98.5%)
  2100-Dec-31 23:00:00 (100%)
Finished Program: 2014-Nov-18 11:04:55.670293
Elapsed Time: 00:01:29.635457
