instance.yaml
kiva v0.2.0-9-g526928a
Copyright (C) 2012-2014 Big Ladder Software
Web: www.bigladdersoftware.com

Starting Program: 2014-Nov-15 11:22:46.564603
Creating Domain...
  X Cells: 212
  Y Cells: 1
  Z Cells: 96
  Total Cells: 20352
Initializing Temperatures...
  2098-Oct-29 23:00:00
  2099-Jan-06 01:00:00
  2099-Jan-15 15:00:00
  2099-Jan-25 05:00:00
  2099-Feb-03 19:00:00
  2099-Feb-13 10:00:00
  2099-Feb-23 00:00:00
  2099-Mar-04 14:00:00
  2099-Mar-14 05:00:00
  2099-Mar-23 19:00:00
  2099-Apr-02 09:00:00
  2099-Apr-11 23:00:00
  2099-Apr-21 13:00:00
  2099-May-01 04:00:00
  2099-May-10 18:00:00
  2099-May-20 08:00:00
  2099-May-29 23:00:00
  2099-Jun-08 13:00:00
  2099-Jun-18 03:00:00
  2099-Jun-27 18:00:00
  2099-Jul-07 08:00:00
  2099-Jul-16 22:00:00
  2099-Jul-26 13:00:00
  2099-Aug-05 03:00:00
  2099-Aug-14 17:00:00
  2099-Aug-24 08:00:00
  2099-Sep-02 22:00:00
  2099-Sep-12 12:00:00
  2099-Sep-22 02:00:00
  2099-Oct-01 16:00:00
  2099-Oct-11 07:00:00
  2099-Oct-20 21:00:00
  2099-Oct-30 12:00:00
  2099-Nov-09 02:00:00
  2099-Nov-18 16:00:00
  2099-Nov-28 07:00:00
  2099-Dec-07 21:00:00
  2099-Dec-17 11:00:00
  2099-Dec-27 02:00:00
Beginning Simulation...
  2100-Jan-05 15:00:00 (1.3%)
  2100-Jan-15 02:00:00 (3.9%)
  2100-Jan-24 13:00:00 (6.4%)
  2100-Feb-03 00:00:00 (9%)
  2100-Feb-12 12:00:00 (11.6%)
  2100-Feb-21 23:00:00 (14.2%)
  2100-Mar-03 10:00:00 (16.8%)
  2100-Mar-12 21:00:00 (19.4%)
  2100-Mar-22 08:00:00 (22%)
  2100-Mar-31 20:00:00 (24.6%)
  2100-Apr-10 07:00:00 (27.2%)
  2100-Apr-19 18:00:00 (29.8%)
  2100-Apr-29 05:00:00 (32.4%)
  2100-May-08 16:00:00 (35%)
  2100-May-18 04:00:00 (37.6%)
  2100-May-27 15:00:00 (40.2%)
  2100-Jun-06 02:00:00 (42.8%)
  2100-Jun-15 14:00:00 (45.4%)
  2100-Jun-25 01:00:00 (48%)
  2100-Jul-04 13:00:00 (50.6%)
  2100-Jul-14 00:00:00 (53.2%)
  2100-Jul-23 11:00:00 (55.7%)
  2100-Aug-01 22:00:00 (58.3%)
  2100-Aug-11 10:00:00 (60.9%)
  2100-Aug-20 21:00:00 (63.5%)
  2100-Aug-30 08:00:00 (66.1%)
  2100-Sep-08 20:00:00 (68.7%)
  2100-Sep-18 07:00:00 (71.3%)
  2100-Sep-27 19:00:00 (73.9%)
  2100-Oct-07 06:00:00 (76.5%)
  2100-Oct-16 17:00:00 (79.1%)
  2100-Oct-26 04:00:00 (81.7%)
  2100-Nov-04 16:00:00 (84.3%)
  2100-Nov-14 03:00:00 (86.9%)
  2100-Nov-23 13:00:00 (89.5%)
  2100-Dec-03 00:00:00 (92.1%)
  2100-Dec-12 11:00:00 (94.6%)
  2100-Dec-21 22:00:00 (97.2%)
  2100-Dec-31 10:00:00 (99.8%)
  2100-Dec-31 23:00:00 (100%)
Finished Program: 2014-Nov-15 11:24:04.060774
Elapsed Time: 00:01:17.496171
