instance.yaml
kiva v0.2.0-21-g785bfe1
Copyright (C) 2012-2014 Big Ladder Software
Web: www.bigladdersoftware.com

Starting Program: 2014-Nov-18 11:13:25.070328
Creating Domain...
  X Cells: 98
  Y Cells: 1
  Z Cells: 113
  Total Cells: 11074
Initializing Temperatures...
  2099-Jan-08 05:00:00
  2099-Jan-29 17:00:00
  2099-Feb-20 05:00:00
  2099-Mar-13 18:00:00
  2099-Apr-04 06:00:00
  2099-Apr-25 18:00:00
  2099-May-17 07:00:00
  2099-Jun-07 19:00:00
  2099-Jun-29 08:00:00
  2099-Jul-20 20:00:00
  2099-Aug-11 09:00:00
  2099-Sep-01 21:00:00
  2099-Sep-23 10:00:00
  2099-Oct-14 22:00:00
  2099-Nov-05 11:00:00
  2099-Nov-27 03:00:00
  2099-Dec-18 23:00:00
Beginning Simulation...
  2100-Jan-09 15:00:00 (2.4%)
  2100-Jan-30 23:00:00 (8.2%)
  2100-Feb-21 07:00:00 (14.1%)
  2100-Mar-14 15:00:00 (19.9%)
  2100-Apr-04 23:00:00 (25.7%)
  2100-Apr-26 08:00:00 (31.6%)
  2100-May-17 16:00:00 (37.4%)
  2100-Jun-08 01:00:00 (43.3%)
  2100-Jun-29 09:00:00 (49.1%)
  2100-Jul-20 18:00:00 (55%)
  2100-Aug-11 02:00:00 (60.8%)
  2100-Sep-01 11:00:00 (66.7%)
  2100-Sep-22 20:00:00 (72.6%)
  2100-Oct-14 04:00:00 (78.4%)
  2100-Nov-04 08:00:00 (84.2%)
  2100-Nov-25 17:00:00 (90.1%)
  2100-Dec-17 02:00:00 (95.9%)
  2100-Dec-31 23:00:00 (100%)
Finished Program: 2014-Nov-18 11:13:59.697058
Elapsed Time: 00:00:34.626730
