instance.yaml
kiva v0.2.0-9-g526928a
Copyright (C) 2012-2014 Big Ladder Software
Web: www.bigladdersoftware.com

Starting Program: 2014-Oct-24 00:13:02.465356
Creating Domain...
  X Cells: 97
  Y Cells: 1
  Z Cells: 96
  Total Cells: 9312
Initializing Temperatures...
  2098-Oct-29 23:00:00
  2099-Jan-09 21:00:00
  2099-Feb-02 16:00:00
  2099-Mar-02 02:00:00
  2099-Mar-29 10:00:00
  2099-Apr-25 19:00:00
  2099-May-23 05:00:00
  2099-Jun-19 14:00:00
  2099-Jul-17 00:00:00
  2099-Aug-13 09:00:00
  2099-Sep-09 18:00:00
  2099-Oct-07 04:00:00
  2099-Nov-03 13:00:00
  2099-Nov-30 22:00:00
  2099-Dec-28 07:00:00
Beginning Simulation...
  2100-Jan-24 02:00:00 (6.3%)
  2100-Feb-19 19:00:00 (13.6%)
  2100-Mar-18 12:00:00 (21%)
  2100-Apr-14 06:00:00 (28.3%)
  2100-May-11 00:00:00 (35.6%)
  2100-Jun-06 19:00:00 (43%)
  2100-Jul-03 13:00:00 (50.3%)
  2100-Jul-30 07:00:00 (57.6%)
  2100-Aug-26 01:00:00 (64.9%)
  2100-Sep-21 19:00:00 (72.3%)
  2100-Oct-18 14:00:00 (79.6%)
  2100-Nov-14 08:00:00 (86.9%)
  2100-Dec-11 02:00:00 (94.3%)
  2100-Dec-31 23:00:00 (100%)
Finished Program: 2014-Oct-24 00:13:30.782337
Elapsed Time: 00:00:28.316981
