instance.yaml
kiva v0.2.0-9-g526928a
Copyright (C) 2012-2014 Big Ladder Software
Web: www.bigladdersoftware.com

Starting Program: 2014-Nov-15 11:51:45.422380
Creating Domain...
  X Cells: 158
  Y Cells: 1
  Z Cells: 113
  Total Cells: 17854
Initializing Temperatures...
  2098-Nov-26 23:00:00
  2099-Jan-11 03:00:00
  2099-Jan-24 09:00:00
  2099-Feb-06 15:00:00
  2099-Feb-19 21:00:00
  2099-Mar-05 02:00:00
  2099-Mar-18 08:00:00
  2099-Mar-31 15:00:00
  2099-Apr-13 21:00:00
  2099-Apr-27 03:00:00
  2099-May-10 08:00:00
  2099-May-23 14:00:00
  2099-Jun-05 20:00:00
  2099-Jun-19 02:00:00
  2099-Jul-02 08:00:00
  2099-Jul-15 14:00:00
  2099-Jul-28 20:00:00
  2099-Aug-11 02:00:00
  2099-Aug-24 08:00:00
  2099-Sep-06 14:00:00
  2099-Sep-19 20:00:00
  2099-Oct-03 03:00:00
  2099-Oct-16 09:00:00
  2099-Oct-29 15:00:00
  2099-Nov-11 21:00:00
  2099-Nov-25 03:00:00
  2099-Dec-08 09:00:00
  2099-Dec-21 15:00:00
Beginning Simulation...
  2100-Jan-03 20:00:00 (0.8%)
  2100-Jan-16 20:00:00 (4.3%)
  2100-Jan-29 20:00:00 (7.9%)
  2100-Feb-11 20:00:00 (11.5%)
  2100-Feb-24 19:00:00 (15%)
  2100-Mar-09 19:00:00 (18.6%)
  2100-Mar-22 19:00:00 (22.1%)
  2100-Apr-04 19:00:00 (25.7%)
  2100-Apr-17 18:00:00 (29.2%)
  2100-Apr-30 18:00:00 (32.8%)
  2100-May-13 18:00:00 (36.4%)
  2100-May-26 18:00:00 (39.9%)
  2100-Jun-08 18:00:00 (43.5%)
  2100-Jun-21 17:00:00 (47%)
  2100-Jul-04 17:00:00 (50.6%)
  2100-Jul-17 17:00:00 (54.2%)
  2100-Jul-30 17:00:00 (57.7%)
  2100-Aug-12 17:00:00 (61.3%)
  2100-Aug-25 17:00:00 (64.9%)
  2100-Sep-07 17:00:00 (68.4%)
  2100-Sep-20 17:00:00 (72%)
  2100-Oct-03 17:00:00 (75.5%)
  2100-Oct-16 17:00:00 (79.1%)
  2100-Oct-29 17:00:00 (82.7%)
  2100-Nov-11 17:00:00 (86.2%)
  2100-Nov-24 17:00:00 (89.8%)
  2100-Dec-07 16:00:00 (93.3%)
  2100-Dec-20 16:00:00 (96.9%)
  2100-Dec-31 23:00:00 (100%)
Finished Program: 2014-Nov-15 11:52:41.869955
Elapsed Time: 00:00:56.447575
