instance.yaml
kiva v0.2.0-9-g526928a
Copyright (C) 2012-2014 Big Ladder Software
Web: www.bigladdersoftware.com

Starting Program: 2014-Nov-15 12:22:46.342678
Creating Domain...
  X Cells: 275
  Y Cells: 1
  Z Cells: 132
  Total Cells: 36300
Initializing Temperatures...
  2098-Oct-22 23:00:00
  2099-Jan-01 15:00:00
  2099-Jan-08 12:00:00
  2099-Jan-15 08:00:00
  2099-Jan-22 05:00:00
  2099-Jan-29 01:00:00
  2099-Feb-04 22:00:00
  2099-Feb-11 18:00:00
  2099-Feb-18 15:00:00
  2099-Feb-25 11:00:00
  2099-Mar-04 08:00:00
  2099-Mar-11 05:00:00
  2099-Mar-18 01:00:00
  2099-Mar-24 22:00:00
  2099-Mar-31 18:00:00
  2099-Apr-07 15:00:00
  2099-Apr-14 12:00:00
  2099-Apr-21 08:00:00
  2099-Apr-28 05:00:00
  2099-May-05 01:00:00
  2099-May-11 22:00:00
  2099-May-18 19:00:00
  2099-May-25 15:00:00
  2099-Jun-01 12:00:00
  2099-Jun-08 09:00:00
  2099-Jun-15 05:00:00
  2099-Jun-22 02:00:00
  2099-Jun-28 22:00:00
  2099-Jul-05 18:00:00
  2099-Jul-12 14:00:00
  2099-Jul-19 11:00:00
  2099-Jul-26 08:00:00
  2099-Aug-02 04:00:00
  2099-Aug-09 01:00:00
  2099-Aug-15 22:00:00
  2099-Aug-22 18:00:00
  2099-Aug-29 14:00:00
  2099-Sep-05 11:00:00
  2099-Sep-12 07:00:00
  2099-Sep-19 04:00:00
  2099-Sep-26 01:00:00
  2099-Oct-02 21:00:00
  2099-Oct-09 18:00:00
  2099-Oct-16 14:00:00
  2099-Oct-23 11:00:00
  2099-Oct-30 07:00:00
  2099-Nov-06 04:00:00
  2099-Nov-13 00:00:00
  2099-Nov-19 21:00:00
  2099-Nov-26 18:00:00
  2099-Dec-03 14:00:00
  2099-Dec-10 11:00:00
  2099-Dec-17 08:00:00
  2099-Dec-24 04:00:00
  2099-Dec-31 01:00:00
Beginning Simulation...
  2100-Jan-06 13:00:00 (1.5%)
  2100-Jan-13 01:00:00 (3.3%)
  2100-Jan-19 12:00:00 (5.1%)
  2100-Jan-25 23:00:00 (6.8%)
  2100-Feb-01 11:00:00 (8.6%)
  2100-Feb-07 22:00:00 (10.4%)
  2100-Feb-14 09:00:00 (12.2%)
  2100-Feb-20 21:00:00 (13.9%)
  2100-Feb-27 08:00:00 (15.7%)
  2100-Mar-05 19:00:00 (17.5%)
  2100-Mar-12 07:00:00 (19.3%)
  2100-Mar-18 18:00:00 (21%)
  2100-Mar-25 06:00:00 (22.8%)
  2100-Mar-31 17:00:00 (24.6%)
  2100-Apr-07 04:00:00 (26.3%)
  2100-Apr-13 16:00:00 (28.1%)
  2100-Apr-20 03:00:00 (29.9%)
  2100-Apr-26 15:00:00 (31.7%)
  2100-May-03 01:00:00 (33.4%)
  2100-May-09 13:00:00 (35.2%)
  2100-May-16 00:00:00 (37%)
  2100-May-22 12:00:00 (38.8%)
  2100-May-28 23:00:00 (40.5%)
  2100-Jun-04 10:00:00 (42.3%)
  2100-Jun-10 22:00:00 (44.1%)
  2100-Jun-17 09:00:00 (45.9%)
  2100-Jun-23 20:00:00 (47.6%)
  2100-Jun-30 07:00:00 (49.4%)
  2100-Jul-06 19:00:00 (51.2%)
  2100-Jul-13 06:00:00 (52.9%)
  2100-Jul-19 18:00:00 (54.7%)
  2100-Jul-26 04:00:00 (56.5%)
  2100-Aug-01 16:00:00 (58.3%)
  2100-Aug-08 03:00:00 (60%)
  2100-Aug-14 14:00:00 (61.8%)
  2100-Aug-21 02:00:00 (63.6%)
  2100-Aug-27 13:00:00 (65.4%)
  2100-Sep-03 01:00:00 (67.1%)
  2100-Sep-09 12:00:00 (68.9%)
  2100-Sep-15 23:00:00 (70.7%)
  2100-Sep-22 11:00:00 (72.5%)
  2100-Sep-28 22:00:00 (74.2%)
  2100-Oct-05 09:00:00 (76%)
  2100-Oct-11 21:00:00 (77.8%)
  2100-Oct-18 08:00:00 (79.5%)
  2100-Oct-24 20:00:00 (81.3%)
  2100-Oct-31 07:00:00 (83.1%)
  2100-Nov-06 19:00:00 (84.9%)
  2100-Nov-13 06:00:00 (86.6%)
  2100-Nov-19 18:00:00 (88.4%)
  2100-Nov-26 05:00:00 (90.2%)
  2100-Dec-02 17:00:00 (92%)
  2100-Dec-09 04:00:00 (93.7%)
  2100-Dec-15 16:00:00 (95.5%)
  2100-Dec-22 03:00:00 (97.3%)
  2100-Dec-28 15:00:00 (99.1%)
  2100-Dec-31 23:00:00 (100%)
Finished Program: 2014-Nov-15 12:24:37.520104
Elapsed Time: 00:01:51.177426
