instance.yaml
kiva v0.2.0-21-g785bfe1
Copyright (C) 2012-2014 Big Ladder Software
Web: www.bigladdersoftware.com

Starting Program: 2014-Nov-18 11:16:26.913531
Creating Domain...
  X Cells: 257
  Y Cells: 1
  Z Cells: 96
  Total Cells: 24672
Initializing Temperatures...
  2099-Jan-01 09:00:00
  2099-Jan-09 20:00:00
  2099-Jan-18 07:00:00
  2099-Jan-26 17:00:00
  2099-Feb-04 05:00:00
  2099-Feb-12 16:00:00
  2099-Feb-21 03:00:00
  2099-Mar-01 14:00:00
  2099-Mar-10 01:00:00
  2099-Mar-18 12:00:00
  2099-Mar-26 23:00:00
  2099-Apr-04 10:00:00
  2099-Apr-12 21:00:00
  2099-Apr-21 08:00:00
  2099-Apr-29 19:00:00
  2099-May-08 06:00:00
  2099-May-16 17:00:00
  2099-May-25 05:00:00
  2099-Jun-02 16:00:00
  2099-Jun-11 03:00:00
  2099-Jun-19 14:00:00
  2099-Jun-28 01:00:00
  2099-Jul-06 12:00:00
  2099-Jul-14 23:00:00
  2099-Jul-23 10:00:00
  2099-Jul-31 22:00:00
  2099-Aug-09 09:00:00
  2099-Aug-17 20:00:00
  2099-Aug-26 07:00:00
  2099-Sep-03 18:00:00
  2099-Sep-12 05:00:00
  2099-Sep-20 16:00:00
  2099-Sep-29 03:00:00
  2099-Oct-07 14:00:00
  2099-Oct-16 01:00:00
  2099-Oct-24 13:00:00
  2099-Nov-02 00:00:00
  2099-Nov-10 11:00:00
  2099-Nov-18 22:00:00
  2099-Nov-27 09:00:00
  2099-Dec-05 20:00:00
  2099-Dec-14 07:00:00
  2099-Dec-22 18:00:00
  2099-Dec-31 06:00:00
Beginning Simulation...
  2100-Jan-08 14:00:00 (2.1%)
  2100-Jan-16 22:00:00 (4.4%)
  2100-Jan-25 06:00:00 (6.6%)
  2100-Feb-02 14:00:00 (8.9%)
  2100-Feb-10 22:00:00 (11.2%)
  2100-Feb-19 06:00:00 (13.5%)
  2100-Feb-27 14:00:00 (15.8%)
  2100-Mar-07 23:00:00 (18.1%)
  2100-Mar-16 07:00:00 (20.4%)
  2100-Mar-24 15:00:00 (22.6%)
  2100-Apr-01 23:00:00 (24.9%)
  2100-Apr-10 07:00:00 (27.2%)
  2100-Apr-18 16:00:00 (29.5%)
  2100-Apr-27 00:00:00 (31.8%)
  2100-May-05 08:00:00 (34.1%)
  2100-May-13 16:00:00 (36.3%)
  2100-May-22 01:00:00 (38.6%)
  2100-May-30 09:00:00 (40.9%)
  2100-Jun-07 17:00:00 (43.2%)
  2100-Jun-16 01:00:00 (45.5%)
  2100-Jun-24 10:00:00 (47.8%)
  2100-Jul-02 18:00:00 (50.1%)
  2100-Jul-11 02:00:00 (52.4%)
  2100-Jul-19 10:00:00 (54.6%)
  2100-Jul-27 19:00:00 (56.9%)
  2100-Aug-05 03:00:00 (59.2%)
  2100-Aug-13 11:00:00 (61.5%)
  2100-Aug-21 19:00:00 (63.8%)
  2100-Aug-30 04:00:00 (66.1%)
  2100-Sep-07 12:00:00 (68.4%)
  2100-Sep-15 20:00:00 (70.6%)
  2100-Sep-24 04:00:00 (72.9%)
  2100-Oct-02 12:00:00 (75.2%)
  2100-Oct-10 21:00:00 (77.5%)
  2100-Oct-19 05:00:00 (79.8%)
  2100-Oct-27 14:00:00 (82.1%)
  2100-Nov-04 23:00:00 (84.4%)
  2100-Nov-13 07:00:00 (86.7%)
  2100-Nov-21 16:00:00 (88.9%)
  2100-Nov-30 01:00:00 (91.2%)
  2100-Dec-08 10:00:00 (93.5%)
  2100-Dec-16 18:00:00 (95.8%)
  2100-Dec-25 03:00:00 (98.1%)
  2100-Dec-31 23:00:00 (100%)
Finished Program: 2014-Nov-18 11:17:54.819561
Elapsed Time: 00:01:27.906030
