instance.yaml
kiva v0.2.0-21-g785bfe1
Copyright (C) 2012-2014 Big Ladder Software
Web: www.bigladdersoftware.com

Starting Program: 2014-Nov-18 11:25:26.530355
Creating Domain...
  X Cells: 183
  Y Cells: 1
  Z Cells: 103
  Total Cells: 18849
Initializing Temperatures...
  2098-Oct-29 23:00:00
  2099-Jan-07 13:00:00
  2099-Jan-19 10:00:00
  2099-Jan-31 06:00:00
  2099-Feb-12 03:00:00
  2099-Feb-23 23:00:00
  2099-Mar-07 19:00:00
  2099-Mar-19 16:00:00
  2099-Mar-31 12:00:00
  2099-Apr-12 09:00:00
  2099-Apr-24 05:00:00
  2099-May-06 02:00:00
  2099-May-17 23:00:00
  2099-May-29 19:00:00
  2099-Jun-10 16:00:00
  2099-Jun-22 12:00:00
  2099-Jul-04 09:00:00
  2099-Jul-16 05:00:00
  2099-Jul-28 01:00:00
  2099-Aug-08 22:00:00
  2099-Aug-20 18:00:00
  2099-Sep-01 15:00:00
  2099-Sep-13 11:00:00
  2099-Sep-25 08:00:00
  2099-Oct-07 05:00:00
  2099-Oct-19 01:00:00
  2099-Oct-30 22:00:00
  2099-Nov-11 19:00:00
  2099-Nov-23 15:00:00
  2099-Dec-05 12:00:00
  2099-Dec-17 09:00:00
  2099-Dec-29 05:00:00
Beginning Simulation...
  2100-Jan-09 22:00:00 (2.4%)
  2100-Jan-21 13:00:00 (5.6%)
  2100-Feb-02 04:00:00 (8.8%)
  2100-Feb-13 20:00:00 (12%)
  2100-Feb-25 13:00:00 (15.2%)
  2100-Mar-09 05:00:00 (18.4%)
  2100-Mar-20 22:00:00 (21.6%)
  2100-Apr-01 14:00:00 (24.8%)
  2100-Apr-13 07:00:00 (28%)
  2100-Apr-24 23:00:00 (31.2%)
  2100-May-06 16:00:00 (34.4%)
  2100-May-18 09:00:00 (37.6%)
  2100-May-30 01:00:00 (40.8%)
  2100-Jun-10 18:00:00 (44%)
  2100-Jun-22 10:00:00 (47.2%)
  2100-Jul-04 03:00:00 (50.4%)
  2100-Jul-15 20:00:00 (53.7%)
  2100-Jul-27 13:00:00 (56.9%)
  2100-Aug-08 06:00:00 (60.1%)
  2100-Aug-19 23:00:00 (63.3%)
  2100-Aug-31 16:00:00 (66.5%)
  2100-Sep-12 08:00:00 (69.7%)
  2100-Sep-24 01:00:00 (72.9%)
  2100-Oct-05 18:00:00 (76.1%)
  2100-Oct-17 11:00:00 (79.3%)
  2100-Oct-29 04:00:00 (82.5%)
  2100-Nov-09 21:00:00 (85.7%)
  2100-Nov-21 14:00:00 (88.9%)
  2100-Dec-03 06:00:00 (92.1%)
  2100-Dec-14 23:00:00 (95.3%)
  2100-Dec-26 15:00:00 (98.5%)
  2100-Dec-31 23:00:00 (100%)
Finished Program: 2014-Nov-18 11:26:29.455511
Elapsed Time: 00:01:02.925156
