instance.yaml
kiva v0.2.0-21-g785bfe1
Copyright (C) 2012-2014 Big Ladder Software
Web: www.bigladdersoftware.com

Starting Program: 2014-Nov-18 11:04:27.565216
Creating Domain...
  X Cells: 173
  Y Cells: 1
  Z Cells: 125
  Total Cells: 21625
Initializing Temperatures...
  2098-Oct-22 23:00:00
  2099-Jan-06 05:00:00
  2099-Jan-16 18:00:00
  2099-Jan-27 07:00:00
  2099-Feb-06 20:00:00
  2099-Feb-17 09:00:00
  2099-Feb-27 22:00:00
  2099-Mar-10 11:00:00
  2099-Mar-20 23:00:00
  2099-Mar-31 12:00:00
  2099-Apr-11 01:00:00
  2099-Apr-21 14:00:00
  2099-May-02 03:00:00
  2099-May-12 15:00:00
  2099-May-23 04:00:00
  2099-Jun-02 17:00:00
  2099-Jun-13 06:00:00
  2099-Jun-23 19:00:00
  2099-Jul-04 08:00:00
  2099-Jul-14 21:00:00
  2099-Jul-25 10:00:00
  2099-Aug-04 23:00:00
  2099-Aug-15 12:00:00
  2099-Aug-26 01:00:00
  2099-Sep-05 14:00:00
  2099-Sep-16 03:00:00
  2099-Sep-26 16:00:00
  2099-Oct-07 05:00:00
  2099-Oct-17 18:00:00
  2099-Oct-28 07:00:00
  2099-Nov-07 20:00:00
  2099-Nov-18 09:00:00
  2099-Nov-28 22:00:00
  2099-Dec-09 10:00:00
  2099-Dec-19 23:00:00
  2099-Dec-30 12:00:00
Beginning Simulation...
  2100-Jan-09 10:00:00 (2.3%)
  2100-Jan-19 05:00:00 (5%)
  2100-Jan-29 01:00:00 (7.7%)
  2100-Feb-07 20:00:00 (10.4%)
  2100-Feb-17 15:00:00 (13%)
  2100-Feb-27 10:00:00 (15.7%)
  2100-Mar-09 06:00:00 (18.4%)
  2100-Mar-19 01:00:00 (21.1%)
  2100-Mar-28 20:00:00 (23.8%)
  2100-Apr-07 15:00:00 (26.5%)
  2100-Apr-17 11:00:00 (29.2%)
  2100-Apr-27 06:00:00 (31.8%)
  2100-May-07 01:00:00 (34.5%)
  2100-May-16 20:00:00 (37.2%)
  2100-May-26 17:00:00 (39.9%)
  2100-Jun-05 14:00:00 (42.6%)
  2100-Jun-15 10:00:00 (45.3%)
  2100-Jun-25 07:00:00 (48%)
  2100-Jul-05 03:00:00 (50.7%)
  2100-Jul-15 00:00:00 (53.4%)
  2100-Jul-24 20:00:00 (56.1%)
  2100-Aug-03 17:00:00 (58.8%)
  2100-Aug-13 13:00:00 (61.5%)
  2100-Aug-23 10:00:00 (64.2%)
  2100-Sep-02 09:00:00 (67%)
  2100-Sep-12 07:00:00 (69.7%)
  2100-Sep-22 05:00:00 (72.4%)
  2100-Oct-02 03:00:00 (75.1%)
  2100-Oct-12 02:00:00 (77.8%)
  2100-Oct-22 00:00:00 (80.5%)
  2100-Oct-31 23:00:00 (83.3%)
  2100-Nov-10 19:00:00 (86%)
  2100-Nov-20 18:00:00 (88.7%)
  2100-Nov-30 16:00:00 (91.4%)
  2100-Dec-10 14:00:00 (94.1%)
  2100-Dec-20 12:00:00 (96.8%)
  2100-Dec-30 10:00:00 (99.6%)
  2100-Dec-31 23:00:00 (100%)
Finished Program: 2014-Nov-18 11:05:40.157181
Elapsed Time: 00:01:12.591965
