instance.yaml
kiva v0.2.0-9-g526928a
Copyright (C) 2012-2014 Big Ladder Software
Web: www.bigladdersoftware.com

Starting Program: 2014-Nov-15 12:23:44.460256
Creating Domain...
  X Cells: 132
  Y Cells: 1
  Z Cells: 125
  Total Cells: 16500
Initializing Temperatures...
  2098-Dec-03 23:00:00
  2099-Jan-12 13:00:00
  2099-Jan-26 02:00:00
  2099-Feb-08 15:00:00
  2099-Feb-22 03:00:00
  2099-Mar-07 16:00:00
  2099-Mar-21 04:00:00
  2099-Apr-03 17:00:00
  2099-Apr-17 06:00:00
  2099-Apr-30 18:00:00
  2099-May-14 07:00:00
  2099-May-27 20:00:00
  2099-Jun-10 09:00:00
  2099-Jun-23 22:00:00
  2099-Jul-07 10:00:00
  2099-Jul-20 22:00:00
  2099-Aug-03 11:00:00
  2099-Aug-16 23:00:00
  2099-Aug-30 12:00:00
  2099-Sep-13 01:00:00
  2099-Sep-26 14:00:00
  2099-Oct-10 03:00:00
  2099-Oct-23 16:00:00
  2099-Nov-06 05:00:00
  2099-Nov-19 18:00:00
  2099-Dec-03 07:00:00
  2099-Dec-16 20:00:00
  2099-Dec-30 09:00:00
Beginning Simulation...
  2100-Jan-12 00:00:00 (3%)
  2100-Jan-24 11:00:00 (6.4%)
  2100-Feb-05 23:00:00 (9.9%)
  2100-Feb-18 10:00:00 (13.3%)
  2100-Mar-02 21:00:00 (16.7%)
  2100-Mar-15 08:00:00 (20.1%)
  2100-Mar-27 19:00:00 (23.5%)
  2100-Apr-09 06:00:00 (26.9%)
  2100-Apr-21 17:00:00 (30.3%)
  2100-May-04 05:00:00 (33.8%)
  2100-May-16 16:00:00 (37.2%)
  2100-May-29 04:00:00 (40.6%)
  2100-Jun-10 15:00:00 (44%)
  2100-Jun-23 03:00:00 (47.4%)
  2100-Jul-05 14:00:00 (50.8%)
  2100-Jul-18 01:00:00 (54.3%)
  2100-Jul-30 13:00:00 (57.7%)
  2100-Aug-12 00:00:00 (61.1%)
  2100-Aug-24 11:00:00 (64.5%)
  2100-Sep-05 23:00:00 (67.9%)
  2100-Sep-18 10:00:00 (71.3%)
  2100-Sep-30 22:00:00 (74.8%)
  2100-Oct-13 10:00:00 (78.2%)
  2100-Oct-25 21:00:00 (81.6%)
  2100-Nov-07 08:00:00 (85%)
  2100-Nov-19 18:00:00 (88.4%)
  2100-Dec-02 05:00:00 (91.8%)
  2100-Dec-14 16:00:00 (95.3%)
  2100-Dec-27 04:00:00 (98.7%)
  2100-Dec-31 23:00:00 (100%)
Finished Program: 2014-Nov-15 12:24:41.386091
Elapsed Time: 00:00:56.925835
