instance.yaml
kiva v0.2.0-22-gd89b213
Copyright (C) 2012-2014 Big Ladder Software
Web: www.bigladdersoftware.com

Starting Program: 2014-Nov-19 10:38:42.393488
Creating Domain...
  X Cells: 146
  Y Cells: 1
  Z Cells: 125
  Total Cells: 18250
Initializing Temperatures...
  2098-Nov-26 23:00:00
  2099-Jan-11 11:00:00
  2099-Jan-24 14:00:00
  2099-Feb-06 18:00:00
  2099-Feb-19 21:00:00
  2099-Mar-05 01:00:00
  2099-Mar-18 04:00:00
  2099-Mar-31 08:00:00
  2099-Apr-13 11:00:00
  2099-Apr-26 15:00:00
  2099-May-09 18:00:00
  2099-May-22 22:00:00
  2099-Jun-05 01:00:00
  2099-Jun-18 05:00:00
  2099-Jul-01 08:00:00
  2099-Jul-14 11:00:00
  2099-Jul-27 14:00:00
  2099-Aug-09 18:00:00
  2099-Aug-22 21:00:00
  2099-Sep-05 01:00:00
  2099-Sep-18 04:00:00
  2099-Oct-01 08:00:00
  2099-Oct-14 11:00:00
  2099-Oct-27 15:00:00
  2099-Nov-09 18:00:00
  2099-Nov-22 22:00:00
  2099-Dec-06 02:00:00
  2099-Dec-19 06:00:00
Beginning Simulation...
  2100-Jan-01 09:00:00 (0.1%)
  2100-Jan-13 09:00:00 (3.4%)
  2100-Jan-25 09:00:00 (6.7%)
  2100-Feb-06 09:00:00 (10%)
  2100-Feb-18 11:00:00 (13.3%)
  2100-Mar-02 17:00:00 (16.6%)
  2100-Mar-14 23:00:00 (20%)
  2100-Mar-27 04:00:00 (23.3%)
  2100-Apr-08 11:00:00 (26.7%)
  2100-Apr-20 16:00:00 (30%)
  2100-May-02 22:00:00 (33.4%)
  2100-May-15 04:00:00 (36.8%)
  2100-May-27 10:00:00 (40.1%)
  2100-Jun-08 17:00:00 (43.5%)
  2100-Jun-20 23:00:00 (46.8%)
  2100-Jul-03 05:00:00 (50.2%)
  2100-Jul-15 11:00:00 (53.6%)
  2100-Jul-27 18:00:00 (56.9%)
  2100-Aug-09 00:00:00 (60.3%)
  2100-Aug-21 06:00:00 (63.6%)
  2100-Sep-02 13:00:00 (67%)
  2100-Sep-14 19:00:00 (70.4%)
  2100-Sep-27 01:00:00 (73.7%)
  2100-Oct-09 07:00:00 (77.1%)
  2100-Oct-21 14:00:00 (80.4%)
  2100-Nov-02 20:00:00 (83.8%)
  2100-Nov-15 03:00:00 (87.2%)
  2100-Nov-27 09:00:00 (90.5%)
  2100-Dec-09 15:00:00 (93.9%)
  2100-Dec-21 21:00:00 (97.2%)
  2100-Dec-31 23:00:00 (100%)
Finished Program: 2014-Nov-19 10:39:40.824187
Elapsed Time: 00:00:58.430699
