instance.yaml
kiva v0.2.0-9-g526928a
Copyright (C) 2012-2014 Big Ladder Software
Web: www.bigladdersoftware.com

Starting Program: 2014-Oct-19 03:15:33.740508
Creating Domain...
  X Cells: 105
  Y Cells: 1
  Z Cells: 133
  Total Cells: 13965
Initializing Temperatures...
Warning: Solution did not converge after 851 iterations.
  The final residual was: 4.57232e-06
  Solver status: 2
  2098-Dec-10 23:00:00
  2099-Jan-10 15:00:00
  2099-Jan-30 17:00:00
  2099-Feb-19 19:00:00
  2099-Mar-11 22:00:00
  2099-Apr-01 01:00:00
  2099-Apr-21 03:00:00
  2099-May-11 06:00:00
  2099-May-31 09:00:00
  2099-Jun-20 12:00:00
  2099-Jul-10 15:00:00
  2099-Jul-30 18:00:00
  2099-Aug-19 21:00:00
  2099-Sep-08 23:00:00
  2099-Sep-29 02:00:00
  2099-Oct-19 05:00:00
  2099-Nov-08 08:00:00
  2099-Nov-28 11:00:00
  2099-Dec-18 14:00:00
Beginning Simulation...
  2100-Jan-07 05:00:00 (1.7%)
  2100-Jan-25 21:00:00 (6.8%)
  2100-Feb-13 13:00:00 (11.9%)
  2100-Mar-04 04:00:00 (17%)
  2100-Mar-22 19:00:00 (22.1%)
  2100-Apr-10 11:00:00 (27.2%)
  2100-Apr-29 03:00:00 (32.4%)
  2100-May-17 19:00:00 (37.5%)
  2100-Jun-05 11:00:00 (42.6%)
  2100-Jun-24 02:00:00 (47.7%)
  2100-Jul-12 18:00:00 (52.8%)
  2100-Jul-31 10:00:00 (57.9%)
  2100-Aug-19 02:00:00 (63%)
  2100-Sep-06 14:00:00 (68.1%)
  2100-Sep-25 06:00:00 (73.2%)
  2100-Oct-13 22:00:00 (78.3%)
  2100-Nov-01 14:00:00 (83.4%)
  2100-Nov-20 06:00:00 (88.6%)
  2100-Dec-08 22:00:00 (93.7%)
  2100-Dec-27 14:00:00 (98.8%)
  2100-Dec-31 23:00:00 (100%)
Finished Program: 2014-Oct-19 03:16:13.235779
Elapsed Time: 00:00:39.495271
