instance.yaml
kiva v0.2.0-21-g785bfe1
Copyright (C) 2012-2014 Big Ladder Software
Web: www.bigladdersoftware.com

Starting Program: 2014-Nov-18 11:24:26.872102
Creating Domain...
  X Cells: 93
  Y Cells: 1
  Z Cells: 125
  Total Cells: 11625
Initializing Temperatures...
  2099-Jan-12 18:00:00
  2099-Feb-02 23:00:00
  2099-Feb-24 04:00:00
  2099-Mar-17 08:00:00
  2099-Apr-07 13:00:00
  2099-Apr-28 18:00:00
  2099-May-19 22:00:00
  2099-Jun-10 12:00:00
  2099-Jul-02 02:00:00
  2099-Jul-23 15:00:00
  2099-Aug-14 05:00:00
  2099-Sep-04 19:00:00
  2099-Sep-26 08:00:00
  2099-Oct-17 22:00:00
  2099-Nov-08 12:00:00
  2099-Nov-30 02:00:00
  2099-Dec-21 15:00:00
Beginning Simulation...
  2100-Jan-11 07:00:00 (2.8%)
  2100-Jan-31 03:00:00 (8.3%)
  2100-Feb-19 23:00:00 (13.7%)
  2100-Mar-11 18:00:00 (19.1%)
  2100-Mar-31 13:00:00 (24.5%)
  2100-Apr-20 09:00:00 (30%)
  2100-May-10 05:00:00 (35.4%)
  2100-May-30 01:00:00 (40.8%)
  2100-Jun-18 21:00:00 (46.3%)
  2100-Jul-08 17:00:00 (51.7%)
  2100-Jul-28 13:00:00 (57.1%)
  2100-Aug-17 09:00:00 (62.6%)
  2100-Sep-06 05:00:00 (68%)
  2100-Sep-26 01:00:00 (73.4%)
  2100-Oct-15 20:00:00 (78.9%)
  2100-Nov-04 12:00:00 (84.2%)
  2100-Nov-24 08:00:00 (89.7%)
  2100-Dec-14 04:00:00 (95.1%)
  2100-Dec-31 23:00:00 (100%)
Finished Program: 2014-Nov-18 11:25:02.901348
Elapsed Time: 00:00:36.029246
