instance.yaml
kiva v0.2.0-22-gd89b213
Copyright (C) 2012-2014 Big Ladder Software
Web: www.bigladdersoftware.com

Starting Program: 2014-Nov-19 10:44:43.330430
Creating Domain...
  X Cells: 169
  Y Cells: 1
  Z Cells: 133
  Total Cells: 22477
Initializing Temperatures...
  2098-Nov-05 23:00:00
  2099-Jan-07 02:00:00
  2099-Jan-17 09:00:00
  2099-Jan-27 17:00:00
  2099-Feb-07 00:00:00
  2099-Feb-17 07:00:00
  2099-Feb-27 14:00:00
  2099-Mar-09 22:00:00
  2099-Mar-20 05:00:00
  2099-Mar-30 12:00:00
  2099-Apr-09 20:00:00
  2099-Apr-20 03:00:00
  2099-Apr-30 10:00:00
  2099-May-10 18:00:00
  2099-May-21 01:00:00
  2099-May-31 08:00:00
  2099-Jun-10 15:00:00
  2099-Jun-20 22:00:00
  2099-Jul-01 06:00:00
  2099-Jul-11 13:00:00
  2099-Jul-21 21:00:00
  2099-Aug-01 04:00:00
  2099-Aug-11 11:00:00
  2099-Aug-21 19:00:00
  2099-Sep-01 02:00:00
  2099-Sep-11 09:00:00
  2099-Sep-21 17:00:00
  2099-Oct-02 00:00:00
  2099-Oct-12 08:00:00
  2099-Oct-22 15:00:00
  2099-Nov-01 22:00:00
  2099-Nov-12 06:00:00
  2099-Nov-22 14:00:00
  2099-Dec-02 21:00:00
  2099-Dec-13 04:00:00
  2099-Dec-23 12:00:00
Beginning Simulation...
  2100-Jan-02 16:00:00 (0.5%)
  2100-Jan-12 04:00:00 (3.1%)
  2100-Jan-21 16:00:00 (5.7%)
  2100-Jan-31 04:00:00 (8.3%)
  2100-Feb-09 16:00:00 (10.9%)
  2100-Feb-19 04:00:00 (13.5%)
  2100-Feb-28 16:00:00 (16.1%)
  2100-Mar-10 04:00:00 (18.7%)
  2100-Mar-19 16:00:00 (21.3%)
  2100-Mar-29 05:00:00 (23.9%)
  2100-Apr-07 17:00:00 (26.5%)
  2100-Apr-17 05:00:00 (29.1%)
  2100-Apr-26 17:00:00 (31.7%)
  2100-May-06 05:00:00 (34.3%)
  2100-May-15 17:00:00 (36.9%)
  2100-May-25 05:00:00 (39.5%)
  2100-Jun-03 17:00:00 (42.1%)
  2100-Jun-13 05:00:00 (44.7%)
  2100-Jun-22 17:00:00 (47.3%)
  2100-Jul-02 06:00:00 (49.9%)
  2100-Jul-11 18:00:00 (52.5%)
  2100-Jul-21 06:00:00 (55.1%)
  2100-Jul-30 18:00:00 (57.7%)
  2100-Aug-09 06:00:00 (60.3%)
  2100-Aug-18 20:00:00 (63%)
  2100-Aug-28 12:00:00 (65.6%)
  2100-Sep-07 03:00:00 (68.3%)
  2100-Sep-16 19:00:00 (70.9%)
  2100-Sep-26 11:00:00 (73.6%)
  2100-Oct-06 03:00:00 (76.2%)
  2100-Oct-15 19:00:00 (78.8%)
  2100-Oct-25 11:00:00 (81.5%)
  2100-Nov-04 01:00:00 (84.1%)
  2100-Nov-13 17:00:00 (86.8%)
  2100-Nov-23 09:00:00 (89.4%)
  2100-Dec-03 01:00:00 (92.1%)
  2100-Dec-12 16:00:00 (94.7%)
  2100-Dec-22 08:00:00 (97.4%)
  2100-Dec-31 23:00:00 (100%)
Finished Program: 2014-Nov-19 10:45:57.997789
Elapsed Time: 00:01:14.667359
