instance.yaml
kiva v0.2.0-21-g785bfe1
Copyright (C) 2012-2014 Big Ladder Software
Web: www.bigladdersoftware.com

Starting Program: 2014-Nov-18 11:01:24.054798
Creating Domain...
  X Cells: 110
  Y Cells: 1
  Z Cells: 96
  Total Cells: 10560
Initializing Temperatures...
  2099-Jan-09 19:00:00
  2099-Jan-31 21:00:00
  2099-Feb-22 23:00:00
  2099-Mar-17 01:00:00
  2099-Apr-08 02:00:00
  2099-Apr-30 05:00:00
  2099-May-22 07:00:00
  2099-Jun-13 09:00:00
  2099-Jul-05 11:00:00
  2099-Jul-27 13:00:00
  2099-Aug-18 15:00:00
  2099-Sep-09 17:00:00
  2099-Oct-01 19:00:00
  2099-Oct-23 21:00:00
  2099-Nov-14 23:00:00
  2099-Dec-07 01:00:00
  2099-Dec-29 03:00:00
Beginning Simulation...
  2100-Jan-19 15:00:00 (5.1%)
  2100-Feb-10 02:00:00 (11%)
  2100-Mar-03 12:00:00 (16.8%)
  2100-Mar-24 22:00:00 (22.7%)
  2100-Apr-15 09:00:00 (28.6%)
  2100-May-06 19:00:00 (34.5%)
  2100-May-28 06:00:00 (40.3%)
  2100-Jun-18 17:00:00 (46.2%)
  2100-Jul-10 04:00:00 (52.1%)
  2100-Jul-31 15:00:00 (58%)
  2100-Aug-22 02:00:00 (63.9%)
  2100-Sep-12 13:00:00 (69.7%)
  2100-Oct-04 00:00:00 (75.6%)
  2100-Oct-25 12:00:00 (81.5%)
  2100-Nov-15 22:00:00 (87.4%)
  2100-Dec-07 09:00:00 (93.3%)
  2100-Dec-28 15:00:00 (99.1%)
  2100-Dec-31 23:00:00 (100%)
Finished Program: 2014-Nov-18 11:01:58.156532
Elapsed Time: 00:00:34.101734
