instance.yaml
kiva v0.2.0-19-ge248292
Copyright (C) 2012-2014 Big Ladder Software
Web: www.bigladdersoftware.com

Starting Program: 2014-Nov-17 08:46:16.008056
Creating Domain...
  X Cells: 107
  Y Cells: 1
  Z Cells: 125
  Total Cells: 13375
Initializing Temperatures...
  2099-Jan-06 21:00:00
  2099-Jan-24 14:00:00
  2099-Feb-11 08:00:00
  2099-Mar-01 01:00:00
  2099-Mar-18 18:00:00
  2099-Apr-05 11:00:00
  2099-Apr-23 05:00:00
  2099-May-10 22:00:00
  2099-May-28 15:00:00
  2099-Jun-15 08:00:00
  2099-Jul-03 02:00:00
  2099-Jul-20 19:00:00
  2099-Aug-07 12:00:00
  2099-Aug-25 05:00:00
  2099-Sep-11 22:00:00
  2099-Sep-29 16:00:00
  2099-Oct-17 09:00:00
  2099-Nov-04 02:00:00
  2099-Nov-21 20:00:00
  2099-Dec-09 13:00:00
  2099-Dec-27 07:00:00
Beginning Simulation...
  2100-Jan-13 02:00:00 (3.3%)
  2100-Jan-26 21:00:00 (7.1%)
  2100-Feb-12 09:00:00 (11.6%)
  2100-Feb-28 21:00:00 (16.1%)
  2100-Mar-17 09:00:00 (20.7%)
  2100-Apr-02 21:00:00 (25.2%)
  2100-Apr-19 08:00:00 (29.7%)
  2100-May-05 20:00:00 (34.2%)
  2100-May-22 08:00:00 (38.7%)
  2100-Jun-07 20:00:00 (43.2%)
  2100-Jun-24 08:00:00 (47.8%)
  2100-Jul-10 19:00:00 (52.3%)
  2100-Jul-27 07:00:00 (56.8%)
  2100-Aug-12 19:00:00 (61.3%)
  2100-Aug-29 07:00:00 (65.8%)
  2100-Sep-14 19:00:00 (70.4%)
  2100-Oct-01 07:00:00 (74.9%)
  2100-Oct-17 19:00:00 (79.4%)
  2100-Nov-03 06:00:00 (83.9%)
  2100-Nov-19 17:00:00 (88.4%)
  2100-Dec-06 00:00:00 (92.9%)
  2100-Dec-22 11:00:00 (97.4%)
  2100-Dec-31 23:00:00 (100%)
Finished Program: 2014-Nov-17 08:46:59.578962
Elapsed Time: 00:00:43.570906
