instance.yaml
kiva v0.2.0-21-g785bfe1
Copyright (C) 2012-2014 Big Ladder Software
Web: www.bigladdersoftware.com

Starting Program: 2014-Nov-18 11:09:24.369963
Creating Domain...
  X Cells: 180
  Y Cells: 1
  Z Cells: 103
  Total Cells: 18540
Initializing Temperatures...
  2098-Nov-26 23:00:00
  2099-Jan-10 03:00:00
  2099-Jan-22 16:00:00
  2099-Feb-04 06:00:00
  2099-Feb-16 19:00:00
  2099-Mar-01 09:00:00
  2099-Mar-13 23:00:00
  2099-Mar-26 12:00:00
  2099-Apr-08 02:00:00
  2099-Apr-20 16:00:00
  2099-May-03 06:00:00
  2099-May-15 19:00:00
  2099-May-28 09:00:00
  2099-Jun-09 23:00:00
  2099-Jun-22 13:00:00
  2099-Jul-05 02:00:00
  2099-Jul-17 16:00:00
  2099-Jul-30 06:00:00
  2099-Aug-11 19:00:00
  2099-Aug-24 08:00:00
  2099-Sep-05 22:00:00
  2099-Sep-18 12:00:00
  2099-Oct-01 02:00:00
  2099-Oct-13 15:00:00
  2099-Oct-26 05:00:00
  2099-Nov-07 19:00:00
  2099-Nov-20 09:00:00
  2099-Dec-02 23:00:00
  2099-Dec-15 12:00:00
  2099-Dec-28 02:00:00
Beginning Simulation...
  2100-Jan-09 13:00:00 (2.3%)
  2100-Jan-21 21:00:00 (5.7%)
  2100-Feb-03 06:00:00 (9.1%)
  2100-Feb-15 14:00:00 (12.5%)
  2100-Feb-27 23:00:00 (15.9%)
  2100-Mar-12 08:00:00 (19.3%)
  2100-Mar-24 17:00:00 (22.7%)
  2100-Apr-06 01:00:00 (26%)
  2100-Apr-18 10:00:00 (29.4%)
  2100-Apr-30 19:00:00 (32.8%)
  2100-May-13 04:00:00 (36.2%)
  2100-May-25 13:00:00 (39.6%)
  2100-Jun-06 22:00:00 (43%)
  2100-Jun-19 07:00:00 (46.4%)
  2100-Jul-01 16:00:00 (49.8%)
  2100-Jul-14 01:00:00 (53.2%)
  2100-Jul-26 10:00:00 (56.6%)
  2100-Aug-07 19:00:00 (59.9%)
  2100-Aug-20 03:00:00 (63.3%)
  2100-Sep-01 12:00:00 (66.7%)
  2100-Sep-13 21:00:00 (70.1%)
  2100-Sep-26 06:00:00 (73.5%)
  2100-Oct-08 15:00:00 (76.9%)
  2100-Oct-21 00:00:00 (80.3%)
  2100-Nov-02 08:00:00 (83.7%)
  2100-Nov-14 17:00:00 (87%)
  2100-Nov-27 02:00:00 (90.4%)
  2100-Dec-09 11:00:00 (93.8%)
  2100-Dec-21 20:00:00 (97.2%)
  2100-Dec-31 23:00:00 (100%)
Finished Program: 2014-Nov-18 11:10:23.820524
Elapsed Time: 00:00:59.450561
