instance.yaml
kiva v0.2.0-21-g785bfe1
Copyright (C) 2012-2014 Big Ladder Software
Web: www.bigladdersoftware.com

Starting Program: 2014-Nov-18 11:06:27.279416
Creating Domain...
  X Cells: 236
  Y Cells: 1
  Z Cells: 132
  Total Cells: 31152
Initializing Temperatures...
  2098-Nov-05 23:00:00
  2099-Jan-03 07:00:00
  2099-Jan-11 00:00:00
  2099-Jan-18 17:00:00
  2099-Jan-26 10:00:00
  2099-Feb-03 03:00:00
  2099-Feb-10 21:00:00
  2099-Feb-18 14:00:00
  2099-Feb-26 07:00:00
  2099-Mar-06 00:00:00
  2099-Mar-13 18:00:00
  2099-Mar-21 11:00:00
  2099-Mar-29 04:00:00
  2099-Apr-05 21:00:00
  2099-Apr-13 15:00:00
  2099-Apr-21 08:00:00
  2099-Apr-29 01:00:00
  2099-May-06 18:00:00
  2099-May-14 12:00:00
  2099-May-22 05:00:00
  2099-May-29 22:00:00
  2099-Jun-06 15:00:00
  2099-Jun-14 09:00:00
  2099-Jun-22 02:00:00
  2099-Jun-29 19:00:00
  2099-Jul-07 13:00:00
  2099-Jul-15 06:00:00
  2099-Jul-22 23:00:00
  2099-Jul-30 16:00:00
  2099-Aug-07 10:00:00
  2099-Aug-15 03:00:00
  2099-Aug-22 20:00:00
  2099-Aug-30 14:00:00
  2099-Sep-07 07:00:00
  2099-Sep-15 00:00:00
  2099-Sep-22 17:00:00
  2099-Sep-30 11:00:00
  2099-Oct-08 04:00:00
  2099-Oct-15 21:00:00
  2099-Oct-23 15:00:00
  2099-Oct-31 08:00:00
  2099-Nov-08 01:00:00
  2099-Nov-15 18:00:00
  2099-Nov-23 12:00:00
  2099-Dec-01 04:00:00
  2099-Dec-08 22:00:00
  2099-Dec-16 14:00:00
  2099-Dec-24 07:00:00
Beginning Simulation...
  2100-Jan-01 01:00:00 (0%)
  2100-Jan-08 08:00:00 (2%)
  2100-Jan-15 14:00:00 (4%)
  2100-Jan-22 21:00:00 (6%)
  2100-Jan-30 04:00:00 (8%)
  2100-Feb-06 11:00:00 (10%)
  2100-Feb-13 18:00:00 (12%)
  2100-Feb-21 01:00:00 (14%)
  2100-Feb-28 08:00:00 (16%)
  2100-Mar-07 15:00:00 (18%)
  2100-Mar-14 22:00:00 (20%)
  2100-Mar-22 05:00:00 (22%)
  2100-Mar-29 12:00:00 (24%)
  2100-Apr-05 19:00:00 (26%)
  2100-Apr-13 02:00:00 (28%)
  2100-Apr-20 09:00:00 (30%)
  2100-Apr-27 15:00:00 (32%)
  2100-May-04 23:00:00 (34%)
  2100-May-12 08:00:00 (36%)
  2100-May-19 16:00:00 (38%)
  2100-May-26 23:00:00 (40%)
  2100-Jun-03 08:00:00 (42%)
  2100-Jun-10 16:00:00 (44%)
  2100-Jun-18 00:00:00 (46%)
  2100-Jun-25 08:00:00 (48%)
  2100-Jul-02 16:00:00 (50%)
  2100-Jul-10 00:00:00 (52.1%)
  2100-Jul-17 10:00:00 (54.1%)
  2100-Jul-24 19:00:00 (56.1%)
  2100-Aug-01 05:00:00 (58.1%)
  2100-Aug-08 14:00:00 (60.2%)
  2100-Aug-15 23:00:00 (62.2%)
  2100-Aug-23 09:00:00 (64.2%)
  2100-Aug-30 18:00:00 (66.2%)
  2100-Sep-07 04:00:00 (68.3%)
  2100-Sep-14 12:00:00 (70.3%)
  2100-Sep-21 21:00:00 (72.3%)
  2100-Sep-29 07:00:00 (74.3%)
  2100-Oct-06 16:00:00 (76.3%)
  2100-Oct-14 02:00:00 (78.4%)
  2100-Oct-21 11:00:00 (80.4%)
  2100-Oct-28 21:00:00 (82.4%)
  2100-Nov-05 06:00:00 (84.5%)
  2100-Nov-12 15:00:00 (86.5%)
  2100-Nov-20 01:00:00 (88.5%)
  2100-Nov-27 10:00:00 (90.5%)
  2100-Dec-04 20:00:00 (92.6%)
  2100-Dec-12 05:00:00 (94.6%)
  2100-Dec-19 15:00:00 (96.6%)
  2100-Dec-27 00:00:00 (98.6%)
  2100-Dec-31 23:00:00 (100%)
Finished Program: 2014-Nov-18 11:08:05.670130
Elapsed Time: 00:01:38.390714
