instance.yaml
kiva v0.2.0-21-g785bfe1
Copyright (C) 2012-2014 Big Ladder Software
Web: www.bigladdersoftware.com

Starting Program: 2014-Nov-18 11:24:28.981886
Creating Domain...
  X Cells: 229
  Y Cells: 1
  Z Cells: 96
  Total Cells: 21984
Initializing Temperatures...
  2099-Jan-01 19:00:00
  2099-Jan-11 08:00:00
  2099-Jan-20 21:00:00
  2099-Jan-30 10:00:00
  2099-Feb-08 23:00:00
  2099-Feb-18 12:00:00
  2099-Feb-28 02:00:00
  2099-Mar-09 15:00:00
  2099-Mar-19 04:00:00
  2099-Mar-28 17:00:00
  2099-Apr-07 06:00:00
  2099-Apr-16 19:00:00
  2099-Apr-26 09:00:00
  2099-May-05 22:00:00
  2099-May-15 11:00:00
  2099-May-25 00:00:00
  2099-Jun-03 13:00:00
  2099-Jun-13 03:00:00
  2099-Jun-22 16:00:00
  2099-Jul-02 05:00:00
  2099-Jul-11 18:00:00
  2099-Jul-21 08:00:00
  2099-Jul-30 21:00:00
  2099-Aug-09 10:00:00
  2099-Aug-18 23:00:00
  2099-Aug-28 12:00:00
  2099-Sep-07 02:00:00
  2099-Sep-16 15:00:00
  2099-Sep-26 04:00:00
  2099-Oct-05 17:00:00
  2099-Oct-15 06:00:00
  2099-Oct-24 19:00:00
  2099-Nov-03 08:00:00
  2099-Nov-12 22:00:00
  2099-Nov-22 11:00:00
  2099-Dec-02 00:00:00
  2099-Dec-11 13:00:00
  2099-Dec-21 03:00:00
  2099-Dec-30 16:00:00
Beginning Simulation...
  2100-Jan-09 02:00:00 (2.2%)
  2100-Jan-18 12:00:00 (4.8%)
  2100-Jan-27 22:00:00 (7.4%)
  2100-Feb-06 08:00:00 (10%)
  2100-Feb-15 17:00:00 (12.5%)
  2100-Feb-25 03:00:00 (15.1%)
  2100-Mar-06 13:00:00 (17.7%)
  2100-Mar-15 23:00:00 (20.3%)
  2100-Mar-25 08:00:00 (22.8%)
  2100-Apr-03 18:00:00 (25.4%)
  2100-Apr-13 04:00:00 (28%)
  2100-Apr-22 14:00:00 (30.6%)
  2100-May-02 00:00:00 (33.2%)
  2100-May-11 10:00:00 (35.7%)
  2100-May-20 19:00:00 (38.3%)
  2100-May-30 05:00:00 (40.9%)
  2100-Jun-08 15:00:00 (43.5%)
  2100-Jun-18 01:00:00 (46%)
  2100-Jun-27 11:00:00 (48.6%)
  2100-Jul-06 21:00:00 (51.2%)
  2100-Jul-16 07:00:00 (53.8%)
  2100-Jul-25 17:00:00 (56.4%)
  2100-Aug-04 02:00:00 (58.9%)
  2100-Aug-13 12:00:00 (61.5%)
  2100-Aug-22 22:00:00 (64.1%)
  2100-Sep-01 08:00:00 (66.7%)
  2100-Sep-10 18:00:00 (69.2%)
  2100-Sep-20 04:00:00 (71.8%)
  2100-Sep-29 14:00:00 (74.4%)
  2100-Oct-09 00:00:00 (77%)
  2100-Oct-18 10:00:00 (79.6%)
  2100-Oct-27 20:00:00 (82.1%)
  2100-Nov-06 04:00:00 (84.7%)
  2100-Nov-15 14:00:00 (87.3%)
  2100-Nov-25 00:00:00 (89.9%)
  2100-Dec-04 09:00:00 (92.4%)
  2100-Dec-13 19:00:00 (95%)
  2100-Dec-23 05:00:00 (97.6%)
  2100-Dec-31 23:00:00 (100%)
Finished Program: 2014-Nov-18 11:25:46.930967
Elapsed Time: 00:01:17.949081
