instance.yaml
kiva v0.2.0-9-g526928a
Copyright (C) 2012-2014 Big Ladder Software
Web: www.bigladdersoftware.com

Starting Program: 2014-Oct-19 03:31:47.690080
Creating Domain...
  X Cells: 90
  Y Cells: 1
  Z Cells: 158
  Total Cells: 14220
Initializing Temperatures...
  2098-Oct-01 23:00:00
  2099-Jan-01 17:00:00
  2099-Jan-17 13:00:00
  2099-Feb-05 08:00:00
  2099-Feb-24 05:00:00
  2099-Mar-15 02:00:00
  2099-Apr-03 00:00:00
  2099-Apr-21 21:00:00
  2099-May-10 19:00:00
  2099-May-29 16:00:00
  2099-Jun-17 14:00:00
  2099-Jul-06 11:00:00
  2099-Jul-25 09:00:00
  2099-Aug-13 07:00:00
  2099-Sep-01 05:00:00
  2099-Sep-20 03:00:00
  2099-Oct-09 01:00:00
  2099-Oct-27 23:00:00
  2099-Nov-15 21:00:00
  2099-Dec-04 18:00:00
  2099-Dec-23 16:00:00
Beginning Simulation...
  2100-Jan-10 14:00:00 (2.6%)
  2100-Jan-27 19:00:00 (7.3%)
  2100-Feb-13 23:00:00 (12%)
  2100-Mar-03 02:00:00 (16.7%)
  2100-Mar-20 07:00:00 (21.4%)
  2100-Apr-06 10:00:00 (26.1%)
  2100-Apr-23 14:00:00 (30.8%)
  2100-May-10 18:00:00 (35.5%)
  2100-May-27 23:00:00 (40.3%)
  2100-Jun-14 03:00:00 (45%)
  2100-Jul-01 08:00:00 (49.7%)
  2100-Jul-18 12:00:00 (54.4%)
  2100-Aug-04 17:00:00 (59.1%)
  2100-Aug-21 18:00:00 (63.8%)
  2100-Sep-07 23:00:00 (68.5%)
  2100-Sep-25 03:00:00 (73.2%)
  2100-Oct-12 07:00:00 (77.9%)
  2100-Oct-29 12:00:00 (82.6%)
  2100-Nov-15 16:00:00 (87.3%)
  2100-Dec-02 20:00:00 (92%)
  2100-Dec-20 01:00:00 (96.7%)
  2100-Dec-31 23:00:00 (100%)
Finished Program: 2014-Oct-19 03:32:29.696584
Elapsed Time: 00:00:42.006504
