instance.yaml
kiva v0.2.0-9-g526928a
Copyright (C) 2012-2014 Big Ladder Software
Web: www.bigladdersoftware.com

Starting Program: 2014-Nov-15 11:51:45.506472
Creating Domain...
  X Cells: 155
  Y Cells: 1
  Z Cells: 133
  Total Cells: 20615
Initializing Temperatures...
  2098-Oct-22 23:00:00
  2099-Jan-07 19:00:00
  2099-Jan-19 21:00:00
  2099-Feb-01 00:00:00
  2099-Feb-13 03:00:00
  2099-Feb-25 05:00:00
  2099-Mar-09 08:00:00
  2099-Mar-21 10:00:00
  2099-Apr-02 13:00:00
  2099-Apr-14 16:00:00
  2099-Apr-26 16:00:00
  2099-May-08 19:00:00
  2099-May-20 22:00:00
  2099-Jun-02 00:00:00
  2099-Jun-14 03:00:00
  2099-Jun-26 06:00:00
  2099-Jul-08 08:00:00
  2099-Jul-20 11:00:00
  2099-Aug-01 14:00:00
  2099-Aug-13 17:00:00
  2099-Aug-25 20:00:00
  2099-Sep-06 22:00:00
  2099-Sep-19 01:00:00
  2099-Oct-01 04:00:00
  2099-Oct-13 07:00:00
  2099-Oct-25 10:00:00
  2099-Nov-06 13:00:00
  2099-Nov-18 15:00:00
  2099-Nov-30 18:00:00
  2099-Dec-12 21:00:00
  2099-Dec-25 00:00:00
Beginning Simulation...
  2100-Jan-05 16:00:00 (1.3%)
  2100-Jan-16 17:00:00 (4.3%)
  2100-Jan-27 18:00:00 (7.3%)
  2100-Feb-07 19:00:00 (10.4%)
  2100-Feb-18 20:00:00 (13.4%)
  2100-Mar-01 21:00:00 (16.4%)
  2100-Mar-12 22:00:00 (19.4%)
  2100-Mar-23 23:00:00 (22.5%)
  2100-Apr-04 00:00:00 (25.5%)
  2100-Apr-15 01:00:00 (28.5%)
  2100-Apr-26 02:00:00 (31.5%)
  2100-May-07 03:00:00 (34.6%)
  2100-May-18 04:00:00 (37.6%)
  2100-May-29 05:00:00 (40.6%)
  2100-Jun-09 06:00:00 (43.6%)
  2100-Jun-20 08:00:00 (46.7%)
  2100-Jul-01 09:00:00 (49.7%)
  2100-Jul-12 10:00:00 (52.7%)
  2100-Jul-23 11:00:00 (55.7%)
  2100-Aug-03 12:00:00 (58.8%)
  2100-Aug-14 13:00:00 (61.8%)
  2100-Aug-25 15:00:00 (64.8%)
  2100-Sep-05 16:00:00 (67.9%)
  2100-Sep-16 17:00:00 (70.9%)
  2100-Sep-27 18:00:00 (73.9%)
  2100-Oct-08 13:00:00 (76.9%)
  2100-Oct-19 15:00:00 (79.9%)
  2100-Oct-30 16:00:00 (82.9%)
  2100-Nov-10 17:00:00 (85.9%)
  2100-Nov-21 19:00:00 (89%)
  2100-Dec-02 20:00:00 (92%)
  2100-Dec-13 21:00:00 (95%)
  2100-Dec-24 22:00:00 (98.1%)
  2100-Dec-31 23:00:00 (100%)
Finished Program: 2014-Nov-15 11:52:49.637845
Elapsed Time: 00:01:04.131373
