instance.yaml
kiva v0.2.0-21-g785bfe1
Copyright (C) 2012-2014 Big Ladder Software
Web: www.bigladdersoftware.com

Starting Program: 2014-Nov-18 11:14:24.013179
Creating Domain...
  X Cells: 196
  Y Cells: 1
  Z Cells: 103
  Total Cells: 20188
Initializing Temperatures...
  2099-Jan-01 07:00:00
  2099-Jan-12 06:00:00
  2099-Jan-23 05:00:00
  2099-Feb-03 05:00:00
  2099-Feb-14 04:00:00
  2099-Feb-25 04:00:00
  2099-Mar-08 03:00:00
  2099-Mar-19 02:00:00
  2099-Mar-30 02:00:00
  2099-Apr-10 01:00:00
  2099-Apr-21 01:00:00
  2099-May-02 00:00:00
  2099-May-13 00:00:00
  2099-May-23 23:00:00
  2099-Jun-03 23:00:00
  2099-Jun-14 22:00:00
  2099-Jun-25 22:00:00
  2099-Jul-06 21:00:00
  2099-Jul-17 21:00:00
  2099-Jul-28 20:00:00
  2099-Aug-08 20:00:00
  2099-Aug-19 19:00:00
  2099-Aug-30 19:00:00
  2099-Sep-10 18:00:00
  2099-Sep-21 18:00:00
  2099-Oct-02 17:00:00
  2099-Oct-13 17:00:00
  2099-Oct-24 16:00:00
  2099-Nov-04 16:00:00
  2099-Nov-15 16:00:00
  2099-Nov-26 15:00:00
  2099-Dec-07 15:00:00
  2099-Dec-18 14:00:00
  2099-Dec-29 14:00:00
Beginning Simulation...
  2100-Jan-09 10:00:00 (2.3%)
  2100-Jan-20 05:00:00 (5.3%)
  2100-Jan-31 00:00:00 (8.2%)
  2100-Feb-10 19:00:00 (11.2%)
  2100-Feb-21 14:00:00 (14.1%)
  2100-Mar-04 09:00:00 (17.1%)
  2100-Mar-15 04:00:00 (20%)
  2100-Mar-25 23:00:00 (23%)
  2100-Apr-05 19:00:00 (26%)
  2100-Apr-16 14:00:00 (28.9%)
  2100-Apr-27 09:00:00 (31.9%)
  2100-May-08 05:00:00 (34.9%)
  2100-May-19 00:00:00 (37.8%)
  2100-May-29 19:00:00 (40.8%)
  2100-Jun-09 14:00:00 (43.7%)
  2100-Jun-20 10:00:00 (46.7%)
  2100-Jul-01 05:00:00 (49.6%)
  2100-Jul-12 00:00:00 (52.6%)
  2100-Jul-22 19:00:00 (55.6%)
  2100-Aug-02 15:00:00 (58.5%)
  2100-Aug-13 10:00:00 (61.5%)
  2100-Aug-24 05:00:00 (64.4%)
  2100-Sep-04 00:00:00 (67.4%)
  2100-Sep-14 19:00:00 (70.4%)
  2100-Sep-25 15:00:00 (73.3%)
  2100-Oct-06 10:00:00 (76.3%)
  2100-Oct-17 05:00:00 (79.2%)
  2100-Oct-28 00:00:00 (82.2%)
  2100-Nov-07 19:00:00 (85.1%)
  2100-Nov-18 15:00:00 (88.1%)
  2100-Nov-29 10:00:00 (91.1%)
  2100-Dec-10 05:00:00 (94%)
  2100-Dec-21 01:00:00 (97%)
  2100-Dec-31 20:00:00 (100%)
  2100-Dec-31 23:00:00 (100%)
Finished Program: 2014-Nov-18 11:15:32.013452
Elapsed Time: 00:01:08.000273
