instance.yaml
kiva v0.2.0-9-g526928a
Copyright (C) 2012-2014 Big Ladder Software
Web: www.bigladdersoftware.com

Starting Program: 2014-Oct-19 03:46:50.178804
Creating Domain...
  X Cells: 109
  Y Cells: 1
  Z Cells: 133
  Total Cells: 14497
Initializing Temperatures...
  2098-Oct-29 23:00:00
  2099-Jan-08 15:00:00
  2099-Jan-27 03:00:00
  2099-Feb-14 22:00:00
  2099-Mar-05 17:00:00
  2099-Mar-24 12:00:00
  2099-Apr-12 07:00:00
  2099-May-01 02:00:00
  2099-May-19 21:00:00
  2099-Jun-07 16:00:00
  2099-Jun-26 12:00:00
  2099-Jul-15 07:00:00
  2099-Aug-03 02:00:00
  2099-Aug-21 22:00:00
  2099-Sep-09 17:00:00
  2099-Sep-28 12:00:00
  2099-Oct-17 08:00:00
  2099-Nov-05 03:00:00
  2099-Nov-23 21:00:00
  2099-Dec-12 17:00:00
  2099-Dec-31 12:00:00
Beginning Simulation...
  2100-Jan-17 23:00:00 (4.6%)
  2100-Feb-04 09:00:00 (9.4%)
  2100-Feb-21 19:00:00 (14.2%)
  2100-Mar-11 05:00:00 (19%)
  2100-Mar-28 15:00:00 (23.7%)
  2100-Apr-15 01:00:00 (28.5%)
  2100-May-02 11:00:00 (33.3%)
  2100-May-19 21:00:00 (38%)
  2100-Jun-06 06:00:00 (42.8%)
  2100-Jun-23 15:00:00 (47.6%)
  2100-Jul-11 01:00:00 (52.3%)
  2100-Jul-28 11:00:00 (57.1%)
  2100-Aug-14 21:00:00 (61.9%)
  2100-Sep-01 07:00:00 (66.7%)
  2100-Sep-18 18:00:00 (71.4%)
  2100-Oct-06 05:00:00 (76.2%)
  2100-Oct-23 15:00:00 (81%)
  2100-Nov-10 02:00:00 (85.8%)
  2100-Nov-27 13:00:00 (90.6%)
  2100-Dec-14 23:00:00 (95.3%)
  2100-Dec-31 23:00:00 (100%)
Finished Program: 2014-Oct-19 03:47:31.975585
Elapsed Time: 00:00:41.796781
