instance.yaml
kiva v0.2.0-19-ge248292
Copyright (C) 2012-2014 Big Ladder Software
Web: www.bigladdersoftware.com

Starting Program: 2014-Nov-17 08:46:12.277374
Creating Domain...
  X Cells: 131
  Y Cells: 1
  Z Cells: 96
  Total Cells: 12576
Initializing Temperatures...
  2099-Jan-02 19:00:00
  2099-Jan-20 09:00:00
  2099-Feb-07 00:00:00
  2099-Feb-24 15:00:00
  2099-Mar-14 06:00:00
  2099-Apr-01 00:00:00
  2099-Apr-18 23:00:00
  2099-May-06 21:00:00
  2099-May-24 20:00:00
  2099-Jun-11 18:00:00
  2099-Jun-29 17:00:00
  2099-Jul-17 15:00:00
  2099-Aug-04 13:00:00
  2099-Aug-22 12:00:00
  2099-Sep-09 11:00:00
  2099-Sep-27 09:00:00
  2099-Oct-15 07:00:00
  2099-Nov-02 06:00:00
  2099-Nov-20 04:00:00
  2099-Dec-08 03:00:00
  2099-Dec-26 01:00:00
Beginning Simulation...
  2100-Jan-12 15:00:00 (3.2%)
  2100-Jan-30 01:00:00 (8%)
  2100-Feb-16 11:00:00 (12.7%)
  2100-Mar-05 20:00:00 (17.5%)
  2100-Mar-23 06:00:00 (22.3%)
  2100-Apr-09 15:00:00 (27%)
  2100-Apr-27 00:00:00 (31.8%)
  2100-May-14 10:00:00 (36.6%)
  2100-May-31 20:00:00 (41.3%)
  2100-Jun-18 05:00:00 (46.1%)
  2100-Jul-05 12:00:00 (50.8%)
  2100-Jul-22 21:00:00 (55.6%)
  2100-Aug-09 06:00:00 (60.3%)
  2100-Aug-26 16:00:00 (65.1%)
  2100-Sep-13 01:00:00 (69.9%)
  2100-Sep-30 11:00:00 (74.6%)
  2100-Oct-17 21:00:00 (79.4%)
  2100-Nov-04 07:00:00 (84.2%)
  2100-Nov-21 16:00:00 (88.9%)
  2100-Dec-09 02:00:00 (93.7%)
  2100-Dec-26 12:00:00 (98.5%)
  2100-Dec-31 23:00:00 (100%)
Finished Program: 2014-Nov-17 08:46:54.316438
Elapsed Time: 00:00:42.039064
