instance.yaml
kiva v0.2.0-21-g785bfe1
Copyright (C) 2012-2014 Big Ladder Software
Web: www.bigladdersoftware.com

Starting Program: 2014-Nov-18 11:12:24.207146
Creating Domain...
  X Cells: 129
  Y Cells: 1
  Z Cells: 103
  Total Cells: 13287
Initializing Temperatures...
  2099-Jan-02 23:00:00
  2099-Jan-21 08:00:00
  2099-Feb-08 17:00:00
  2099-Feb-27 02:00:00
  2099-Mar-17 11:00:00
  2099-Apr-04 20:00:00
  2099-Apr-23 06:00:00
  2099-May-11 15:00:00
  2099-May-30 01:00:00
  2099-Jun-17 10:00:00
  2099-Jul-05 19:00:00
  2099-Jul-24 04:00:00
  2099-Aug-11 13:00:00
  2099-Aug-29 23:00:00
  2099-Sep-17 08:00:00
  2099-Oct-05 17:00:00
  2099-Oct-24 02:00:00
  2099-Nov-11 12:00:00
  2099-Nov-29 21:00:00
  2099-Dec-18 06:00:00
Beginning Simulation...
  2100-Jan-05 13:00:00 (1.2%)
  2100-Jan-23 08:00:00 (6.1%)
  2100-Feb-10 05:00:00 (11%)
  2100-Feb-28 02:00:00 (15.9%)
  2100-Mar-17 22:00:00 (20.8%)
  2100-Apr-04 19:00:00 (25.7%)
  2100-Apr-22 16:00:00 (30.6%)
  2100-May-10 13:00:00 (35.5%)
  2100-May-28 09:00:00 (40.4%)
  2100-Jun-15 06:00:00 (45.3%)
  2100-Jul-03 03:00:00 (50.2%)
  2100-Jul-20 22:00:00 (55%)
  2100-Aug-07 18:00:00 (59.9%)
  2100-Aug-25 15:00:00 (64.8%)
  2100-Sep-12 12:00:00 (69.7%)
  2100-Sep-30 09:00:00 (74.6%)
  2100-Oct-18 05:00:00 (79.5%)
  2100-Nov-05 02:00:00 (84.4%)
  2100-Nov-22 23:00:00 (89.3%)
  2100-Dec-10 20:00:00 (94.2%)
  2100-Dec-28 17:00:00 (99.1%)
  2100-Dec-31 23:00:00 (100%)
Finished Program: 2014-Nov-18 11:13:05.183248
Elapsed Time: 00:00:40.976102
