instance.yaml
kiva v0.2.0-22-gd89b213
Copyright (C) 2012-2014 Big Ladder Software
Web: www.bigladdersoftware.com

Starting Program: 2014-Nov-19 10:42:42.201216
Creating Domain...
  X Cells: 170
  Y Cells: 1
  Z Cells: 113
  Total Cells: 19210
Initializing Temperatures...
  2098-Dec-24 23:00:00
  2099-Jan-11 18:00:00
  2099-Jan-23 07:00:00
  2099-Feb-03 20:00:00
  2099-Feb-15 08:00:00
  2099-Feb-26 21:00:00
  2099-Mar-10 10:00:00
  2099-Mar-21 23:00:00
  2099-Apr-02 12:00:00
  2099-Apr-14 01:00:00
  2099-Apr-25 14:00:00
  2099-May-07 03:00:00
  2099-May-18 16:00:00
  2099-May-30 05:00:00
  2099-Jun-10 18:00:00
  2099-Jun-22 08:00:00
  2099-Jul-03 21:00:00
  2099-Jul-15 10:00:00
  2099-Jul-26 23:00:00
  2099-Aug-07 12:00:00
  2099-Aug-19 01:00:00
  2099-Aug-30 14:00:00
  2099-Sep-11 03:00:00
  2099-Sep-22 16:00:00
  2099-Oct-04 05:00:00
  2099-Oct-15 18:00:00
  2099-Oct-27 07:00:00
  2099-Nov-07 20:00:00
  2099-Nov-19 09:00:00
  2099-Nov-30 22:00:00
  2099-Dec-12 12:00:00
  2099-Dec-24 01:00:00
Beginning Simulation...
  2100-Jan-04 12:00:00 (1%)
  2100-Jan-15 20:00:00 (4.1%)
  2100-Jan-27 04:00:00 (7.2%)
  2100-Feb-07 12:00:00 (10.3%)
  2100-Feb-18 20:00:00 (13.4%)
  2100-Mar-02 04:00:00 (16.5%)
  2100-Mar-13 12:00:00 (19.6%)
  2100-Mar-24 20:00:00 (22.7%)
  2100-Apr-05 04:00:00 (25.8%)
  2100-Apr-16 12:00:00 (28.9%)
  2100-Apr-27 20:00:00 (32%)
  2100-May-09 04:00:00 (35.1%)
  2100-May-20 13:00:00 (38.2%)
  2100-May-31 21:00:00 (41.3%)
  2100-Jun-12 05:00:00 (44.4%)
  2100-Jun-23 13:00:00 (47.5%)
  2100-Jul-04 21:00:00 (50.7%)
  2100-Jul-16 05:00:00 (53.8%)
  2100-Jul-27 13:00:00 (56.9%)
  2100-Aug-07 21:00:00 (60%)
  2100-Aug-19 05:00:00 (63.1%)
  2100-Aug-30 14:00:00 (66.2%)
  2100-Sep-11 02:00:00 (69.3%)
  2100-Sep-22 15:00:00 (72.5%)
  2100-Oct-04 05:00:00 (75.7%)
  2100-Oct-15 19:00:00 (78.8%)
  2100-Oct-27 08:00:00 (82%)
  2100-Nov-07 22:00:00 (85.2%)
  2100-Nov-19 11:00:00 (88.3%)
  2100-Dec-01 01:00:00 (91.5%)
  2100-Dec-12 14:00:00 (94.7%)
  2100-Dec-24 02:00:00 (97.8%)
  2100-Dec-31 23:00:00 (100%)
Finished Program: 2014-Nov-19 10:43:46.681685
Elapsed Time: 00:01:04.480469
