instance.yaml
kiva v0.2.0-9-g526928a
Copyright (C) 2012-2014 Big Ladder Software
Web: www.bigladdersoftware.com

Starting Program: 2014-Oct-26 15:39:44.744352
Creating Domain...
  X Cells: 85
  Y Cells: 1
  Z Cells: 96
  Total Cells: 8160
Initializing Temperatures...
  2099-Jan-06 00:00:00
  2099-Feb-02 19:00:00
  2099-Mar-05 19:00:00
  2099-Apr-05 18:00:00
  2099-May-06 18:00:00
  2099-Jun-06 17:00:00
  2099-Jul-07 16:00:00
  2099-Aug-07 16:00:00
  2099-Sep-07 15:00:00
  2099-Oct-08 15:00:00
  2099-Nov-08 15:00:00
  2099-Dec-09 14:00:00
Beginning Simulation...
  2100-Jan-09 09:00:00 (2.3%)
  2100-Feb-08 15:00:00 (10.6%)
  2100-Mar-10 21:00:00 (18.9%)
  2100-Apr-10 02:00:00 (27.1%)
  2100-May-10 08:00:00 (35.4%)
  2100-Jun-09 14:00:00 (43.7%)
  2100-Jul-09 21:00:00 (52%)
  2100-Aug-09 04:00:00 (60.3%)
  2100-Sep-08 11:00:00 (68.6%)
  2100-Oct-08 18:00:00 (76.9%)
  2100-Nov-08 00:00:00 (85.2%)
  2100-Dec-08 06:00:00 (93.5%)
  2100-Dec-31 23:00:00 (100%)
Finished Program: 2014-Oct-26 15:40:09.785103
Elapsed Time: 00:00:25.040751
