instance.yaml
kiva v0.2.0-21-g785bfe1
Copyright (C) 2012-2014 Big Ladder Software
Web: www.bigladdersoftware.com

Starting Program: 2014-Nov-18 11:16:28.778345
Creating Domain...
  X Cells: 131
  Y Cells: 1
  Z Cells: 127
  Total Cells: 16637
Initializing Temperatures...
  2098-Oct-01 23:00:00
  2099-Jan-09 05:00:00
  2099-Jan-25 08:00:00
  2099-Feb-10 11:00:00
  2099-Feb-26 15:00:00
  2099-Mar-14 18:00:00
  2099-Mar-30 22:00:00
  2099-Apr-16 01:00:00
  2099-May-02 05:00:00
  2099-May-18 08:00:00
  2099-Jun-03 12:00:00
  2099-Jun-19 16:00:00
  2099-Jul-05 19:00:00
  2099-Jul-21 23:00:00
  2099-Aug-07 02:00:00
  2099-Aug-23 06:00:00
  2099-Sep-08 10:00:00
  2099-Sep-24 13:00:00
  2099-Oct-10 17:00:00
  2099-Oct-26 21:00:00
  2099-Nov-12 00:00:00
  2099-Nov-28 04:00:00
  2099-Dec-14 08:00:00
  2099-Dec-30 11:00:00
Beginning Simulation...
  2100-Jan-14 14:00:00 (3.7%)
  2100-Jan-29 14:00:00 (7.8%)
  2100-Feb-13 15:00:00 (12%)
  2100-Feb-28 15:00:00 (16.1%)
  2100-Mar-15 16:00:00 (20.2%)
  2100-Mar-30 16:00:00 (24.3%)
  2100-Apr-14 17:00:00 (28.4%)
  2100-Apr-29 22:00:00 (32.6%)
  2100-May-15 03:00:00 (36.7%)
  2100-May-30 08:00:00 (40.9%)
  2100-Jun-14 13:00:00 (45.1%)
  2100-Jun-29 17:00:00 (49.2%)
  2100-Jul-14 22:00:00 (53.4%)
  2100-Jul-30 04:00:00 (57.6%)
  2100-Aug-14 09:00:00 (61.7%)
  2100-Aug-29 14:00:00 (65.9%)
  2100-Sep-13 19:00:00 (70.1%)
  2100-Sep-29 00:00:00 (74.2%)
  2100-Oct-14 06:00:00 (78.4%)
  2100-Oct-29 11:00:00 (82.6%)
  2100-Nov-13 16:00:00 (86.8%)
  2100-Nov-28 21:00:00 (90.9%)
  2100-Dec-14 03:00:00 (95.1%)
  2100-Dec-29 07:00:00 (99.3%)
  2100-Dec-31 23:00:00 (100%)
Finished Program: 2014-Nov-18 11:17:16.177518
Elapsed Time: 00:00:47.399173
