instance.yaml
kiva v0.2.0-21-g785bfe1
Copyright (C) 2012-2014 Big Ladder Software
Web: www.bigladdersoftware.com

Starting Program: 2014-Nov-18 11:17:25.902076
Creating Domain...
  X Cells: 274
  Y Cells: 1
  Z Cells: 103
  Total Cells: 28222
Initializing Temperatures...
  2098-Dec-17 23:00:00
  2099-Jan-07 22:00:00
  2099-Jan-15 22:00:00
  2099-Jan-23 21:00:00
  2099-Jan-31 21:00:00
  2099-Feb-08 21:00:00
  2099-Feb-16 21:00:00
  2099-Feb-24 21:00:00
  2099-Mar-04 21:00:00
  2099-Mar-12 21:00:00
  2099-Mar-20 20:00:00
  2099-Mar-28 20:00:00
  2099-Apr-05 20:00:00
  2099-Apr-13 20:00:00
  2099-Apr-21 20:00:00
  2099-Apr-29 20:00:00
  2099-May-07 20:00:00
  2099-May-15 19:00:00
  2099-May-23 19:00:00
  2099-May-31 19:00:00
  2099-Jun-08 19:00:00
  2099-Jun-16 19:00:00
  2099-Jun-24 19:00:00
  2099-Jul-02 19:00:00
  2099-Jul-10 19:00:00
  2099-Jul-18 18:00:00
  2099-Jul-26 18:00:00
  2099-Aug-03 18:00:00
  2099-Aug-11 17:00:00
  2099-Aug-19 18:00:00
  2099-Aug-27 18:00:00
  2099-Sep-04 18:00:00
  2099-Sep-12 19:00:00
  2099-Sep-20 19:00:00
  2099-Sep-28 19:00:00
  2099-Oct-06 19:00:00
  2099-Oct-14 20:00:00
  2099-Oct-22 20:00:00
  2099-Oct-30 21:00:00
  2099-Nov-07 21:00:00
  2099-Nov-15 22:00:00
  2099-Nov-23 22:00:00
  2099-Dec-01 23:00:00
  2099-Dec-09 23:00:00
  2099-Dec-17 23:00:00
  2099-Dec-26 00:00:00
Beginning Simulation...
  2100-Jan-02 23:00:00 (0.5%)
  2100-Jan-10 19:00:00 (2.7%)
  2100-Jan-18 16:00:00 (4.8%)
  2100-Jan-26 12:00:00 (7%)
  2100-Feb-03 08:00:00 (9.1%)
  2100-Feb-11 04:00:00 (11.3%)
  2100-Feb-19 01:00:00 (13.4%)
  2100-Feb-26 21:00:00 (15.6%)
  2100-Mar-06 17:00:00 (17.7%)
  2100-Mar-14 13:00:00 (19.9%)
  2100-Mar-22 09:00:00 (22%)
  2100-Mar-30 05:00:00 (24.2%)
  2100-Apr-07 02:00:00 (26.3%)
  2100-Apr-14 22:00:00 (28.5%)
  2100-Apr-22 18:00:00 (30.6%)
  2100-Apr-30 14:00:00 (32.8%)
  2100-May-08 11:00:00 (34.9%)
  2100-May-16 07:00:00 (37.1%)
  2100-May-24 03:00:00 (39.2%)
  2100-Jun-01 00:00:00 (41.4%)
  2100-Jun-08 20:00:00 (43.5%)
  2100-Jun-16 16:00:00 (45.7%)
  2100-Jun-24 12:00:00 (47.8%)
  2100-Jul-02 09:00:00 (50%)
  2100-Jul-10 05:00:00 (52.1%)
  2100-Jul-18 01:00:00 (54.3%)
  2100-Jul-25 21:00:00 (56.4%)
  2100-Aug-02 18:00:00 (58.6%)
  2100-Aug-10 14:00:00 (60.7%)
  2100-Aug-18 10:00:00 (62.9%)
  2100-Aug-26 06:00:00 (65%)
  2100-Sep-03 03:00:00 (67.2%)
  2100-Sep-10 23:00:00 (69.3%)
  2100-Sep-18 19:00:00 (71.4%)
  2100-Sep-26 15:00:00 (73.6%)
  2100-Oct-04 11:00:00 (75.7%)
  2100-Oct-12 07:00:00 (77.9%)
  2100-Oct-20 03:00:00 (80%)
  2100-Oct-28 00:00:00 (82.2%)
  2100-Nov-04 20:00:00 (84.3%)
  2100-Nov-12 16:00:00 (86.5%)
  2100-Nov-20 12:00:00 (88.6%)
  2100-Nov-28 09:00:00 (90.8%)
  2100-Dec-06 05:00:00 (92.9%)
  2100-Dec-14 01:00:00 (95.1%)
  2100-Dec-21 21:00:00 (97.2%)
  2100-Dec-29 17:00:00 (99.4%)
  2100-Dec-31 23:00:00 (100%)
Finished Program: 2014-Nov-18 11:18:59.288937
Elapsed Time: 00:01:33.386861
