instance.yaml
kiva v0.2.0-21-g785bfe1
Copyright (C) 2012-2014 Big Ladder Software
Web: www.bigladdersoftware.com

Starting Program: 2014-Nov-18 11:14:25.143212
Creating Domain...
  X Cells: 98
  Y Cells: 1
  Z Cells: 103
  Total Cells: 10094
Initializing Temperatures...
  2099-Jan-07 03:00:00
  2099-Jan-30 14:00:00
  2099-Feb-23 01:00:00
  2099-Mar-18 11:00:00
  2099-Apr-10 22:00:00
  2099-May-04 09:00:00
  2099-May-27 20:00:00
  2099-Jun-20 07:00:00
  2099-Jul-13 17:00:00
  2099-Aug-06 04:00:00
  2099-Aug-29 15:00:00
  2099-Sep-22 02:00:00
  2099-Oct-15 13:00:00
  2099-Nov-08 00:00:00
  2099-Dec-01 11:00:00
  2099-Dec-24 22:00:00
Beginning Simulation...
  2100-Jan-16 23:00:00 (4.4%)
  2100-Feb-08 21:00:00 (10.7%)
  2100-Mar-03 18:00:00 (16.9%)
  2100-Mar-26 15:00:00 (23.2%)
  2100-Apr-18 13:00:00 (29.5%)
  2100-May-11 10:00:00 (35.7%)
  2100-Jun-03 08:00:00 (42%)
  2100-Jun-26 05:00:00 (48.3%)
  2100-Jul-19 03:00:00 (54.6%)
  2100-Aug-11 00:00:00 (60.8%)
  2100-Sep-02 21:00:00 (67.1%)
  2100-Sep-25 18:00:00 (73.4%)
  2100-Oct-18 16:00:00 (79.6%)
  2100-Nov-10 13:00:00 (85.9%)
  2100-Dec-03 11:00:00 (92.2%)
  2100-Dec-26 08:00:00 (98.4%)
  2100-Dec-31 23:00:00 (100%)
Finished Program: 2014-Nov-18 11:14:57.246367
Elapsed Time: 00:00:32.103155
