instance.yaml
kiva v0.2.0-19-ge248292
Copyright (C) 2012-2014 Big Ladder Software
Web: www.bigladdersoftware.com

Starting Program: 2014-Nov-17 08:44:14.637355
Creating Domain...
  X Cells: 100
  Y Cells: 1
  Z Cells: 113
  Total Cells: 11300
Initializing Temperatures...
  2099-Jan-09 15:00:00
  2099-Jan-31 03:00:00
  2099-Feb-21 16:00:00
  2099-Mar-15 04:00:00
  2099-Apr-05 17:00:00
  2099-Apr-27 05:00:00
  2099-May-18 18:00:00
  2099-Jun-09 07:00:00
  2099-Jun-30 20:00:00
  2099-Jul-22 08:00:00
  2099-Aug-12 21:00:00
  2099-Sep-03 10:00:00
  2099-Sep-25 00:00:00
  2099-Oct-16 14:00:00
  2099-Nov-07 04:00:00
  2099-Nov-28 17:00:00
  2099-Dec-20 07:00:00
Beginning Simulation...
  2100-Jan-10 16:00:00 (2.6%)
  2100-Jan-31 18:00:00 (8.4%)
  2100-Feb-21 20:00:00 (14.2%)
  2100-Mar-14 22:00:00 (20%)
  2100-Apr-05 01:00:00 (25.8%)
  2100-Apr-26 03:00:00 (31.5%)
  2100-May-17 06:00:00 (37.3%)
  2100-Jun-07 08:00:00 (43.1%)
  2100-Jun-28 11:00:00 (48.9%)
  2100-Jul-19 13:00:00 (54.7%)
  2100-Aug-09 16:00:00 (60.5%)
  2100-Aug-30 18:00:00 (66.2%)
  2100-Sep-20 20:00:00 (72%)
  2100-Oct-11 22:00:00 (77.8%)
  2100-Nov-02 01:00:00 (83.6%)
  2100-Nov-23 03:00:00 (89.3%)
  2100-Dec-14 05:00:00 (95.1%)
  2100-Dec-31 23:00:00 (100%)
Finished Program: 2014-Nov-17 08:44:49.850157
Elapsed Time: 00:00:35.212802
