instance.yaml
kiva v0.2.0-21-g785bfe1
Copyright (C) 2012-2014 Big Ladder Software
Web: www.bigladdersoftware.com

Starting Program: 2014-Nov-18 11:08:24.782870
Creating Domain...
  X Cells: 171
  Y Cells: 1
  Z Cells: 113
  Total Cells: 19323
Initializing Temperatures...
  2098-Oct-01 23:00:00
  2099-Jan-05 01:00:00
  2099-Jan-16 13:00:00
  2099-Jan-28 01:00:00
  2099-Feb-08 13:00:00
  2099-Feb-20 01:00:00
  2099-Mar-03 13:00:00
  2099-Mar-15 01:00:00
  2099-Mar-26 13:00:00
  2099-Apr-07 01:00:00
  2099-Apr-18 13:00:00
  2099-Apr-30 01:00:00
  2099-May-11 13:00:00
  2099-May-23 01:00:00
  2099-Jun-03 13:00:00
  2099-Jun-15 01:00:00
  2099-Jun-26 13:00:00
  2099-Jul-08 01:00:00
  2099-Jul-19 13:00:00
  2099-Jul-31 01:00:00
  2099-Aug-11 14:00:00
  2099-Aug-23 02:00:00
  2099-Sep-02 22:00:00
  2099-Sep-14 10:00:00
  2099-Sep-25 22:00:00
  2099-Oct-07 10:00:00
  2099-Oct-18 22:00:00
  2099-Oct-30 10:00:00
  2099-Nov-10 22:00:00
  2099-Nov-22 10:00:00
  2099-Dec-03 22:00:00
  2099-Dec-15 10:00:00
  2099-Dec-26 22:00:00
Beginning Simulation...
  2100-Jan-07 08:00:00 (1.7%)
  2100-Jan-18 16:00:00 (4.8%)
  2100-Jan-30 00:00:00 (7.9%)
  2100-Feb-10 07:00:00 (11%)
  2100-Feb-21 15:00:00 (14.1%)
  2100-Mar-04 23:00:00 (17.2%)
  2100-Mar-16 06:00:00 (20.3%)
  2100-Mar-27 14:00:00 (23.4%)
  2100-Apr-07 22:00:00 (26.6%)
  2100-Apr-19 06:00:00 (29.7%)
  2100-Apr-30 13:00:00 (32.8%)
  2100-May-11 21:00:00 (35.9%)
  2100-May-23 05:00:00 (39%)
  2100-Jun-03 13:00:00 (42.1%)
  2100-Jun-14 21:00:00 (45.2%)
  2100-Jun-26 05:00:00 (48.3%)
  2100-Jul-07 13:00:00 (51.4%)
  2100-Jul-18 21:00:00 (54.5%)
  2100-Jul-30 05:00:00 (57.6%)
  2100-Aug-10 13:00:00 (60.7%)
  2100-Aug-21 21:00:00 (63.8%)
  2100-Sep-02 04:00:00 (66.9%)
  2100-Sep-13 12:00:00 (70%)
  2100-Sep-24 20:00:00 (73.1%)
  2100-Oct-06 04:00:00 (76.2%)
  2100-Oct-17 12:00:00 (79.3%)
  2100-Oct-28 20:00:00 (82.4%)
  2100-Nov-09 04:00:00 (85.5%)
  2100-Nov-20 12:00:00 (88.6%)
  2100-Dec-01 20:00:00 (91.7%)
  2100-Dec-13 04:00:00 (94.8%)
  2100-Dec-24 12:00:00 (97.9%)
  2100-Dec-31 23:00:00 (100%)
Finished Program: 2014-Nov-18 11:09:29.656678
Elapsed Time: 00:01:04.873808
