instance.yaml
kiva v0.2.0-19-ge248292
Copyright (C) 2012-2014 Big Ladder Software
Web: www.bigladdersoftware.com

Starting Program: 2014-Nov-17 08:44:15.891499
Creating Domain...
  X Cells: 93
  Y Cells: 1
  Z Cells: 113
  Total Cells: 10509
Initializing Temperatures...
  2099-Jan-13 04:00:00
  2099-Feb-03 17:00:00
  2099-Feb-25 07:00:00
  2099-Mar-18 20:00:00
  2099-Apr-09 09:00:00
  2099-Apr-30 22:00:00
  2099-May-22 12:00:00
  2099-Jun-13 01:00:00
  2099-Jul-04 15:00:00
  2099-Jul-26 04:00:00
  2099-Aug-16 17:00:00
  2099-Sep-07 06:00:00
  2099-Sep-28 20:00:00
  2099-Oct-20 09:00:00
  2099-Nov-10 23:00:00
  2099-Dec-02 12:00:00
  2099-Dec-24 01:00:00
Beginning Simulation...
  2100-Jan-14 07:00:00 (3.6%)
  2100-Feb-04 09:00:00 (9.4%)
  2100-Feb-25 10:00:00 (15.2%)
  2100-Mar-18 12:00:00 (21%)
  2100-Apr-08 13:00:00 (26.7%)
  2100-Apr-29 15:00:00 (32.5%)
  2100-May-20 17:00:00 (38.3%)
  2100-Jun-10 18:00:00 (44%)
  2100-Jul-01 20:00:00 (49.8%)
  2100-Jul-22 21:00:00 (55.6%)
  2100-Aug-12 23:00:00 (61.4%)
  2100-Sep-03 01:00:00 (67.1%)
  2100-Sep-24 02:00:00 (72.9%)
  2100-Oct-14 23:00:00 (78.6%)
  2100-Nov-05 01:00:00 (84.4%)
  2100-Nov-26 02:00:00 (90.2%)
  2100-Dec-17 04:00:00 (95.9%)
  2100-Dec-31 23:00:00 (100%)
Finished Program: 2014-Nov-17 08:44:50.705976
Elapsed Time: 00:00:34.814477
