instance.yaml
kiva v0.2.0-9-g526928a
Copyright (C) 2012-2014 Big Ladder Software
Web: www.bigladdersoftware.com

Starting Program: 2014-Oct-26 15:53:48.646835
Creating Domain...
  X Cells: 87
  Y Cells: 1
  Z Cells: 133
  Total Cells: 11571
Initializing Temperatures...
  2098-Oct-01 23:00:00
  2099-Jan-02 17:00:00
  2099-Jan-19 04:00:00
  2099-Feb-10 15:00:00
  2099-Mar-05 02:00:00
  2099-Mar-27 13:00:00
  2099-Apr-19 00:00:00
  2099-May-11 11:00:00
  2099-Jun-02 22:00:00
  2099-Jun-25 08:00:00
  2099-Jul-17 19:00:00
  2099-Aug-09 06:00:00
  2099-Aug-31 16:00:00
  2099-Sep-23 05:00:00
  2099-Oct-15 23:00:00
  2099-Nov-07 17:00:00
  2099-Nov-30 11:00:00
  2099-Dec-23 05:00:00
Beginning Simulation...
  2100-Jan-13 20:00:00 (3.5%)
  2100-Feb-03 17:00:00 (9.2%)
  2100-Feb-24 12:00:00 (14.9%)
  2100-Mar-17 09:00:00 (20.7%)
  2100-Apr-07 05:00:00 (26.4%)
  2100-Apr-28 02:00:00 (32.1%)
  2100-May-18 23:00:00 (37.8%)
  2100-Jun-08 20:00:00 (43.5%)
  2100-Jun-29 16:00:00 (49.2%)
  2100-Jul-20 13:00:00 (54.9%)
  2100-Aug-10 10:00:00 (60.7%)
  2100-Aug-31 07:00:00 (66.4%)
  2100-Sep-21 04:00:00 (72.1%)
  2100-Oct-12 01:00:00 (77.8%)
  2100-Nov-01 17:00:00 (83.5%)
  2100-Nov-22 14:00:00 (89.2%)
  2100-Dec-13 11:00:00 (94.9%)
  2100-Dec-31 23:00:00 (100%)
Finished Program: 2014-Oct-26 15:54:23.888076
Elapsed Time: 00:00:35.241241
