instance.yaml
kiva v0.2.0-20-g4c7c200
Copyright (C) 2012-2014 Big Ladder Software
Web: www.bigladdersoftware.com

Starting Program: 2014-Nov-17 14:17:18.212159
Creating Domain...
  X Cells: 93
  Y Cells: 1
  Z Cells: 125
  Total Cells: 11625
Initializing Temperatures...
  2099-Jan-05 02:00:00
  2099-Jan-25 06:00:00
  2099-Feb-14 11:00:00
  2099-Mar-06 15:00:00
  2099-Mar-26 19:00:00
  2099-Apr-15 23:00:00
  2099-May-06 03:00:00
  2099-May-26 07:00:00
  2099-Jun-15 11:00:00
  2099-Jul-05 15:00:00
  2099-Jul-25 19:00:00
  2099-Aug-14 23:00:00
  2099-Sep-04 04:00:00
  2099-Sep-24 08:00:00
  2099-Oct-14 12:00:00
  2099-Nov-03 16:00:00
  2099-Nov-23 20:00:00
  2099-Dec-14 00:00:00
Beginning Simulation...
  2100-Jan-03 00:00:00 (0.5%)
  2100-Jan-21 14:00:00 (5.6%)
  2100-Feb-09 05:00:00 (10.7%)
  2100-Feb-27 20:00:00 (15.8%)
  2100-Mar-18 11:00:00 (20.9%)
  2100-Apr-06 01:00:00 (26%)
  2100-Apr-24 16:00:00 (31.1%)
  2100-May-13 06:00:00 (36.2%)
  2100-May-31 21:00:00 (41.3%)
  2100-Jun-19 12:00:00 (46.4%)
  2100-Jul-08 02:00:00 (51.5%)
  2100-Jul-26 17:00:00 (56.6%)
  2100-Aug-14 08:00:00 (61.7%)
  2100-Sep-01 19:00:00 (66.8%)
  2100-Sep-20 10:00:00 (71.9%)
  2100-Oct-09 00:00:00 (77%)
  2100-Oct-27 15:00:00 (82.1%)
  2100-Nov-15 05:00:00 (87.2%)
  2100-Dec-03 20:00:00 (92.3%)
  2100-Dec-22 11:00:00 (97.4%)
  2100-Dec-31 23:00:00 (100%)
Finished Program: 2014-Nov-17 14:17:56.512786
Elapsed Time: 00:00:38.300627
