instance.yaml
kiva v0.2.0-21-g785bfe1
Copyright (C) 2012-2014 Big Ladder Software
Web: www.bigladdersoftware.com

Starting Program: 2014-Nov-18 11:24:25.130064
Creating Domain...
  X Cells: 128
  Y Cells: 1
  Z Cells: 103
  Total Cells: 13184
Initializing Temperatures...
  2099-Jan-03 19:00:00
  2099-Jan-20 09:00:00
  2099-Feb-05 22:00:00
  2099-Feb-22 12:00:00
  2099-Mar-11 01:00:00
  2099-Mar-27 14:00:00
  2099-Apr-13 04:00:00
  2099-Apr-29 18:00:00
  2099-May-16 07:00:00
  2099-Jun-01 21:00:00
  2099-Jun-18 10:00:00
  2099-Jul-05 00:00:00
  2099-Jul-21 13:00:00
  2099-Aug-07 03:00:00
  2099-Aug-23 16:00:00
  2099-Sep-09 06:00:00
  2099-Sep-25 20:00:00
  2099-Oct-12 09:00:00
  2099-Oct-28 23:00:00
  2099-Nov-14 13:00:00
  2099-Dec-01 02:00:00
  2099-Dec-17 16:00:00
Beginning Simulation...
  2100-Jan-03 04:00:00 (0.6%)
  2100-Jan-19 11:00:00 (5.1%)
  2100-Feb-04 17:00:00 (9.5%)
  2100-Feb-20 23:00:00 (14%)
  2100-Mar-09 06:00:00 (18.4%)
  2100-Mar-25 12:00:00 (22.9%)
  2100-Apr-10 19:00:00 (27.3%)
  2100-Apr-27 01:00:00 (31.8%)
  2100-May-13 08:00:00 (36.3%)
  2100-May-29 14:00:00 (40.7%)
  2100-Jun-14 21:00:00 (45.2%)
  2100-Jul-01 02:00:00 (49.6%)
  2100-Jul-17 09:00:00 (54.1%)
  2100-Aug-02 15:00:00 (58.5%)
  2100-Aug-18 22:00:00 (63%)
  2100-Sep-04 04:00:00 (67.4%)
  2100-Sep-20 10:00:00 (71.9%)
  2100-Oct-06 17:00:00 (76.4%)
  2100-Oct-23 00:00:00 (80.8%)
  2100-Nov-08 06:00:00 (85.3%)
  2100-Nov-24 13:00:00 (89.7%)
  2100-Dec-10 20:00:00 (94.2%)
  2100-Dec-27 02:00:00 (98.7%)
  2100-Dec-31 23:00:00 (100%)
Finished Program: 2014-Nov-18 11:25:10.301324
Elapsed Time: 00:00:45.171260
