instance.yaml
kiva v0.2.0-20-g4c7c200
Copyright (C) 2012-2014 Big Ladder Software
Web: www.bigladdersoftware.com

Starting Program: 2014-Nov-17 14:21:18.438721
Creating Domain...
  X Cells: 187
  Y Cells: 1
  Z Cells: 125
  Total Cells: 23375
Initializing Temperatures...
  2098-Nov-05 23:00:00
  2099-Jan-07 02:00:00
  2099-Jan-17 10:00:00
  2099-Jan-27 17:00:00
  2099-Feb-07 01:00:00
  2099-Feb-17 09:00:00
  2099-Feb-27 16:00:00
  2099-Mar-10 00:00:00
  2099-Mar-20 07:00:00
  2099-Mar-30 15:00:00
  2099-Apr-09 22:00:00
  2099-Apr-20 06:00:00
  2099-Apr-30 14:00:00
  2099-May-10 21:00:00
  2099-May-21 05:00:00
  2099-May-31 13:00:00
  2099-Jun-10 20:00:00
  2099-Jun-21 04:00:00
  2099-Jul-01 12:00:00
  2099-Jul-11 20:00:00
  2099-Jul-22 03:00:00
  2099-Aug-01 11:00:00
  2099-Aug-11 19:00:00
  2099-Aug-22 02:00:00
  2099-Sep-01 10:00:00
  2099-Sep-11 18:00:00
  2099-Sep-22 02:00:00
  2099-Oct-02 09:00:00
  2099-Oct-12 17:00:00
  2099-Oct-23 01:00:00
  2099-Nov-02 09:00:00
  2099-Nov-12 16:00:00
  2099-Nov-23 00:00:00
  2099-Dec-03 08:00:00
  2099-Dec-13 15:00:00
  2099-Dec-23 23:00:00
Beginning Simulation...
  2100-Jan-03 03:00:00 (0.6%)
  2100-Jan-12 17:00:00 (3.2%)
  2100-Jan-22 07:00:00 (5.8%)
  2100-Jan-31 21:00:00 (8.5%)
  2100-Feb-10 12:00:00 (11.1%)
  2100-Feb-20 01:00:00 (13.7%)
  2100-Mar-01 15:00:00 (16.3%)
  2100-Mar-11 05:00:00 (19%)
  2100-Mar-20 19:00:00 (21.6%)
  2100-Mar-30 09:00:00 (24.2%)
  2100-Apr-08 23:00:00 (26.8%)
  2100-Apr-18 13:00:00 (29.5%)
  2100-Apr-28 03:00:00 (32.1%)
  2100-May-07 18:00:00 (34.7%)
  2100-May-17 08:00:00 (37.4%)
  2100-May-26 22:00:00 (40%)
  2100-Jun-05 12:00:00 (42.6%)
  2100-Jun-15 03:00:00 (45.2%)
  2100-Jun-24 17:00:00 (47.9%)
  2100-Jul-04 07:00:00 (50.5%)
  2100-Jul-13 21:00:00 (53.1%)
  2100-Jul-23 11:00:00 (55.7%)
  2100-Aug-02 01:00:00 (58.4%)
  2100-Aug-11 15:00:00 (61%)
  2100-Aug-21 05:00:00 (63.6%)
  2100-Aug-30 19:00:00 (66.2%)
  2100-Sep-09 10:00:00 (68.9%)
  2100-Sep-19 01:00:00 (71.5%)
  2100-Sep-28 16:00:00 (74.2%)
  2100-Oct-08 07:00:00 (76.8%)
  2100-Oct-17 23:00:00 (79.4%)
  2100-Oct-27 14:00:00 (82.1%)
  2100-Nov-06 05:00:00 (84.7%)
  2100-Nov-15 18:00:00 (87.3%)
  2100-Nov-25 09:00:00 (90%)
  2100-Dec-05 00:00:00 (92.6%)
  2100-Dec-14 15:00:00 (95.2%)
  2100-Dec-24 07:00:00 (97.9%)
  2100-Dec-31 23:00:00 (100%)
Finished Program: 2014-Nov-17 14:22:32.796180
Elapsed Time: 00:01:14.357459
