instance.yaml
kiva v0.2.0-21-g785bfe1
Copyright (C) 2012-2014 Big Ladder Software
Web: www.bigladdersoftware.com

Starting Program: 2014-Nov-18 11:11:26.221295
Creating Domain...
  X Cells: 185
  Y Cells: 1
  Z Cells: 125
  Total Cells: 23125
Initializing Temperatures...
  2098-Dec-10 23:00:00
  2099-Jan-09 03:00:00
  2099-Jan-19 05:00:00
  2099-Jan-29 07:00:00
  2099-Feb-08 09:00:00
  2099-Feb-18 11:00:00
  2099-Feb-28 13:00:00
  2099-Mar-10 15:00:00
  2099-Mar-20 17:00:00
  2099-Mar-30 19:00:00
  2099-Apr-09 21:00:00
  2099-Apr-19 23:00:00
  2099-Apr-30 01:00:00
  2099-May-10 03:00:00
  2099-May-20 05:00:00
  2099-May-30 07:00:00
  2099-Jun-09 09:00:00
  2099-Jun-19 12:00:00
  2099-Jun-29 14:00:00
  2099-Jul-09 16:00:00
  2099-Jul-19 18:00:00
  2099-Jul-29 20:00:00
  2099-Aug-08 22:00:00
  2099-Aug-19 00:00:00
  2099-Aug-29 03:00:00
  2099-Sep-08 05:00:00
  2099-Sep-18 07:00:00
  2099-Sep-28 09:00:00
  2099-Oct-08 11:00:00
  2099-Oct-18 14:00:00
  2099-Oct-28 16:00:00
  2099-Nov-07 18:00:00
  2099-Nov-17 20:00:00
  2099-Nov-27 21:00:00
  2099-Dec-08 00:00:00
  2099-Dec-18 02:00:00
  2099-Dec-28 03:00:00
Beginning Simulation...
  2100-Jan-06 20:00:00 (1.6%)
  2100-Jan-16 06:00:00 (4.2%)
  2100-Jan-25 16:00:00 (6.8%)
  2100-Feb-04 02:00:00 (9.3%)
  2100-Feb-13 12:00:00 (11.9%)
  2100-Feb-22 22:00:00 (14.5%)
  2100-Mar-04 08:00:00 (17.1%)
  2100-Mar-13 18:00:00 (19.7%)
  2100-Mar-23 05:00:00 (22.2%)
  2100-Apr-01 14:00:00 (24.8%)
  2100-Apr-11 01:00:00 (27.4%)
  2100-Apr-20 13:00:00 (30%)
  2100-Apr-30 00:00:00 (32.6%)
  2100-May-09 12:00:00 (35.2%)
  2100-May-18 23:00:00 (37.8%)
  2100-May-28 10:00:00 (40.4%)
  2100-Jun-06 22:00:00 (43%)
  2100-Jun-16 09:00:00 (45.6%)
  2100-Jun-25 21:00:00 (48.2%)
  2100-Jul-05 08:00:00 (50.8%)
  2100-Jul-14 20:00:00 (53.4%)
  2100-Jul-24 07:00:00 (56%)
  2100-Aug-02 18:00:00 (58.6%)
  2100-Aug-12 06:00:00 (61.2%)
  2100-Aug-21 17:00:00 (63.8%)
  2100-Aug-31 05:00:00 (66.4%)
  2100-Sep-09 16:00:00 (68.9%)
  2100-Sep-19 04:00:00 (71.6%)
  2100-Sep-28 16:00:00 (74.2%)
  2100-Oct-08 03:00:00 (76.7%)
  2100-Oct-17 15:00:00 (79.3%)
  2100-Oct-27 02:00:00 (81.9%)
  2100-Nov-05 14:00:00 (84.5%)
  2100-Nov-15 01:00:00 (87.1%)
  2100-Nov-24 12:00:00 (89.7%)
  2100-Dec-03 21:00:00 (92.3%)
  2100-Dec-13 09:00:00 (94.9%)
  2100-Dec-22 20:00:00 (97.5%)
  2100-Dec-31 23:00:00 (100%)
Finished Program: 2014-Nov-18 11:12:41.964032
Elapsed Time: 00:01:15.742737
