instance.yaml
kiva v0.2.0-21-g785bfe1
Copyright (C) 2012-2014 Big Ladder Software
Web: www.bigladdersoftware.com

Starting Program: 2014-Nov-18 11:15:28.364900
Creating Domain...
  X Cells: 95
  Y Cells: 1
  Z Cells: 133
  Total Cells: 12635
Initializing Temperatures...
  2099-Jan-01 02:00:00
  2099-Jan-20 05:00:00
  2099-Feb-08 08:00:00
  2099-Feb-27 11:00:00
  2099-Mar-18 14:00:00
  2099-Apr-06 17:00:00
  2099-Apr-25 20:00:00
  2099-May-15 00:00:00
  2099-Jun-03 03:00:00
  2099-Jun-22 06:00:00
  2099-Jul-11 10:00:00
  2099-Jul-30 13:00:00
  2099-Aug-18 16:00:00
  2099-Sep-06 20:00:00
  2099-Sep-25 23:00:00
  2099-Oct-15 02:00:00
  2099-Nov-03 06:00:00
  2099-Nov-22 08:00:00
  2099-Dec-11 12:00:00
  2099-Dec-30 15:00:00
Beginning Simulation...
  2100-Jan-17 08:00:00 (4.5%)
  2100-Feb-03 21:00:00 (9.3%)
  2100-Feb-21 11:00:00 (14.1%)
  2100-Mar-11 00:00:00 (18.9%)
  2100-Mar-28 14:00:00 (23.7%)
  2100-Apr-15 03:00:00 (28.5%)
  2100-May-02 17:00:00 (33.3%)
  2100-May-20 07:00:00 (38.2%)
  2100-Jun-06 21:00:00 (43%)
  2100-Jun-24 11:00:00 (47.8%)
  2100-Jul-12 00:00:00 (52.6%)
  2100-Jul-29 14:00:00 (57.4%)
  2100-Aug-16 01:00:00 (62.2%)
  2100-Sep-02 15:00:00 (67%)
  2100-Sep-20 05:00:00 (71.8%)
  2100-Oct-07 18:00:00 (76.6%)
  2100-Oct-25 08:00:00 (81.5%)
  2100-Nov-11 22:00:00 (86.3%)
  2100-Nov-29 12:00:00 (91.1%)
  2100-Dec-17 02:00:00 (95.9%)
  2100-Dec-31 23:00:00 (100%)
Finished Program: 2014-Nov-18 11:16:08.848327
Elapsed Time: 00:00:40.483427
