instance.yaml
kiva v0.2.0-9-g526928a
Copyright (C) 2012-2014 Big Ladder Software
Web: www.bigladdersoftware.com

Starting Program: 2014-Oct-23 17:21:58.882447
Creating Domain...
  X Cells: 102
  Y Cells: 1
  Z Cells: 103
  Total Cells: 10506
Initializing Temperatures...
  2098-Dec-17 23:00:00
  2099-Jan-12 06:00:00
  2099-Feb-04 22:00:00
  2099-Feb-28 15:00:00
  2099-Mar-24 07:00:00
  2099-Apr-17 00:00:00
  2099-May-10 16:00:00
  2099-Jun-03 09:00:00
  2099-Jun-27 02:00:00
  2099-Jul-20 18:00:00
  2099-Aug-13 09:00:00
  2099-Sep-06 02:00:00
  2099-Sep-29 19:00:00
  2099-Oct-23 11:00:00
  2099-Nov-16 04:00:00
  2099-Dec-09 20:00:00
Beginning Simulation...
  2100-Jan-02 12:00:00 (0.4%)
  2100-Jan-25 07:00:00 (6.7%)
  2100-Feb-17 03:00:00 (12.9%)
  2100-Mar-11 23:00:00 (19.2%)
  2100-Apr-03 19:00:00 (25.4%)
  2100-Apr-26 14:00:00 (31.7%)
  2100-May-19 10:00:00 (37.9%)
  2100-Jun-11 06:00:00 (44.2%)
  2100-Jul-04 02:00:00 (50.4%)
  2100-Jul-27 03:00:00 (56.7%)
  2100-Aug-19 08:00:00 (63.1%)
  2100-Sep-11 13:00:00 (69.5%)
  2100-Oct-04 18:00:00 (75.8%)
  2100-Oct-28 00:00:00 (82.2%)
  2100-Nov-20 04:00:00 (88.5%)
  2100-Dec-13 10:00:00 (94.9%)
  2100-Dec-31 23:00:00 (100%)
Finished Program: 2014-Oct-23 17:22:31.799808
Elapsed Time: 00:00:32.917361
