instance.yaml
kiva v0.2.0-19-ge248292
Copyright (C) 2012-2014 Big Ladder Software
Web: www.bigladdersoftware.com

Starting Program: 2014-Nov-17 08:40:15.452347
Creating Domain...
  X Cells: 95
  Y Cells: 1
  Z Cells: 125
  Total Cells: 11875
Initializing Temperatures...
  2098-Dec-17 23:00:00
  2099-Jan-19 03:00:00
  2099-Feb-07 13:00:00
  2099-Feb-26 22:00:00
  2099-Mar-18 08:00:00
  2099-Apr-06 18:00:00
  2099-Apr-26 03:00:00
  2099-May-15 13:00:00
  2099-Jun-03 23:00:00
  2099-Jun-23 09:00:00
  2099-Jul-12 18:00:00
  2099-Aug-01 05:00:00
  2099-Aug-20 14:00:00
  2099-Sep-08 23:00:00
  2099-Sep-28 09:00:00
  2099-Oct-17 20:00:00
  2099-Nov-06 06:00:00
  2099-Nov-25 16:00:00
  2099-Dec-15 01:00:00
Beginning Simulation...
  2100-Jan-03 07:00:00 (0.6%)
  2100-Jan-21 06:00:00 (5.5%)
  2100-Feb-08 06:00:00 (10.5%)
  2100-Feb-26 06:00:00 (15.4%)
  2100-Mar-16 06:00:00 (20.3%)
  2100-Apr-03 05:00:00 (25.3%)
  2100-Apr-21 05:00:00 (30.2%)
  2100-May-09 05:00:00 (35.1%)
  2100-May-27 05:00:00 (40.1%)
  2100-Jun-14 05:00:00 (45%)
  2100-Jul-02 05:00:00 (49.9%)
  2100-Jul-20 04:00:00 (54.8%)
  2100-Aug-07 04:00:00 (59.8%)
  2100-Aug-25 04:00:00 (64.7%)
  2100-Sep-12 04:00:00 (69.6%)
  2100-Sep-30 04:00:00 (74.6%)
  2100-Oct-18 04:00:00 (79.5%)
  2100-Nov-05 04:00:00 (84.4%)
  2100-Nov-23 04:00:00 (89.4%)
  2100-Dec-11 04:00:00 (94.3%)
  2100-Dec-29 04:00:00 (99.2%)
  2100-Dec-31 23:00:00 (100%)
Finished Program: 2014-Nov-17 08:40:55.157645
Elapsed Time: 00:00:39.705298
