instance.yaml
kiva v0.2.0-19-ge248292
Copyright (C) 2012-2014 Big Ladder Software
Web: www.bigladdersoftware.com

Starting Program: 2014-Nov-17 08:42:16.795449
Creating Domain...
  X Cells: 101
  Y Cells: 1
  Z Cells: 133
  Total Cells: 13433
Initializing Temperatures...
Warning: Solution did not converge after 880 iterations.
  The final residual was: 5.164e-05
  Solver status: 2
  2098-Oct-01 23:00:00
  2099-Jan-08 02:00:00
  2099-Jan-25 15:00:00
  2099-Feb-12 04:00:00
  2099-Mar-01 18:00:00
  2099-Mar-19 07:00:00
  2099-Apr-05 21:00:00
  2099-Apr-23 10:00:00
  2099-May-11 00:00:00
  2099-May-28 13:00:00
  2099-Jun-15 02:00:00
  2099-Jul-02 16:00:00
  2099-Jul-20 05:00:00
  2099-Aug-06 19:00:00
  2099-Aug-24 09:00:00
  2099-Sep-10 22:00:00
  2099-Sep-28 12:00:00
  2099-Oct-16 01:00:00
  2099-Nov-02 15:00:00
  2099-Nov-20 04:00:00
  2099-Dec-07 18:00:00
  2099-Dec-25 07:00:00
Beginning Simulation...
  2100-Jan-11 01:00:00 (2.8%)
  2100-Jan-27 07:00:00 (7.2%)
  2100-Feb-12 13:00:00 (11.7%)
  2100-Feb-28 19:00:00 (16.1%)
  2100-Mar-17 01:00:00 (20.6%)
  2100-Apr-02 06:00:00 (25%)
  2100-Apr-18 13:00:00 (29.5%)
  2100-May-04 19:00:00 (33.9%)
  2100-May-21 01:00:00 (38.4%)
  2100-Jun-06 07:00:00 (42.8%)
  2100-Jun-22 10:00:00 (47.2%)
  2100-Jul-08 17:00:00 (51.7%)
  2100-Jul-24 23:00:00 (56.2%)
  2100-Aug-10 05:00:00 (60.6%)
  2100-Aug-26 11:00:00 (65.1%)
  2100-Sep-11 17:00:00 (69.5%)
  2100-Sep-27 23:00:00 (74%)
  2100-Oct-14 05:00:00 (78.4%)
  2100-Oct-30 11:00:00 (82.9%)
  2100-Nov-15 18:00:00 (87.3%)
  2100-Dec-02 00:00:00 (91.8%)
  2100-Dec-18 06:00:00 (96.2%)
  2100-Dec-31 23:00:00 (100%)
Finished Program: 2014-Nov-17 08:43:00.844568
Elapsed Time: 00:00:44.049119
