instance.yaml
kiva v0.2.0-9-g526928a
Copyright (C) 2012-2014 Big Ladder Software
Web: www.bigladdersoftware.com

Starting Program: 2014-Nov-15 12:22:47.132313
Creating Domain...
  X Cells: 255
  Y Cells: 1
  Z Cells: 103
  Total Cells: 26265
Initializing Temperatures...
  2098-Nov-26 23:00:00
  2099-Jan-06 15:00:00
  2099-Jan-14 23:00:00
  2099-Jan-23 07:00:00
  2099-Jan-31 15:00:00
  2099-Feb-08 23:00:00
  2099-Feb-17 08:00:00
  2099-Feb-25 16:00:00
  2099-Mar-06 00:00:00
  2099-Mar-14 08:00:00
  2099-Mar-22 16:00:00
  2099-Mar-31 00:00:00
  2099-Apr-08 08:00:00
  2099-Apr-16 16:00:00
  2099-Apr-25 00:00:00
  2099-May-03 09:00:00
  2099-May-11 17:00:00
  2099-May-20 01:00:00
  2099-May-28 09:00:00
  2099-Jun-05 18:00:00
  2099-Jun-14 02:00:00
  2099-Jun-22 10:00:00
  2099-Jun-30 18:00:00
  2099-Jul-09 02:00:00
  2099-Jul-17 11:00:00
  2099-Jul-25 19:00:00
  2099-Aug-03 03:00:00
  2099-Aug-11 11:00:00
  2099-Aug-19 19:00:00
  2099-Aug-28 03:00:00
  2099-Sep-05 12:00:00
  2099-Sep-13 20:00:00
  2099-Sep-22 04:00:00
  2099-Sep-30 12:00:00
  2099-Oct-08 21:00:00
  2099-Oct-17 05:00:00
  2099-Oct-25 13:00:00
  2099-Nov-02 22:00:00
  2099-Nov-11 06:00:00
  2099-Nov-19 14:00:00
  2099-Nov-27 22:00:00
  2099-Dec-06 07:00:00
  2099-Dec-14 15:00:00
  2099-Dec-22 23:00:00
  2099-Dec-31 07:00:00
Beginning Simulation...
  2100-Jan-08 13:00:00 (2.1%)
  2100-Jan-16 19:00:00 (4.3%)
  2100-Jan-25 01:00:00 (6.6%)
  2100-Feb-02 06:00:00 (8.8%)
  2100-Feb-10 12:00:00 (11.1%)
  2100-Feb-18 18:00:00 (13.4%)
  2100-Feb-26 23:00:00 (15.6%)
  2100-Mar-07 05:00:00 (17.9%)
  2100-Mar-15 10:00:00 (20.1%)
  2100-Mar-23 16:00:00 (22.4%)
  2100-Mar-31 21:00:00 (24.6%)
  2100-Apr-09 03:00:00 (26.9%)
  2100-Apr-17 09:00:00 (29.1%)
  2100-Apr-25 14:00:00 (31.4%)
  2100-May-03 20:00:00 (33.7%)
  2100-May-12 02:00:00 (35.9%)
  2100-May-20 08:00:00 (38.2%)
  2100-May-28 13:00:00 (40.4%)
  2100-Jun-05 19:00:00 (42.7%)
  2100-Jun-14 01:00:00 (44.9%)
  2100-Jun-22 07:00:00 (47.2%)
  2100-Jun-30 12:00:00 (49.5%)
  2100-Jul-08 18:00:00 (51.7%)
  2100-Jul-17 00:00:00 (54%)
  2100-Jul-25 05:00:00 (56.2%)
  2100-Aug-02 11:00:00 (58.5%)
  2100-Aug-10 17:00:00 (60.7%)
  2100-Aug-18 22:00:00 (63%)
  2100-Aug-27 04:00:00 (65.3%)
  2100-Sep-04 10:00:00 (67.5%)
  2100-Sep-12 15:00:00 (69.8%)
  2100-Sep-20 21:00:00 (72%)
  2100-Sep-29 03:00:00 (74.3%)
  2100-Oct-07 08:00:00 (76.5%)
  2100-Oct-15 13:00:00 (78.8%)
  2100-Oct-23 19:00:00 (81%)
  2100-Nov-01 01:00:00 (83.3%)
  2100-Nov-09 07:00:00 (85.6%)
  2100-Nov-17 13:00:00 (87.8%)
  2100-Nov-25 18:00:00 (90.1%)
  2100-Dec-04 00:00:00 (92.3%)
  2100-Dec-12 06:00:00 (94.6%)
  2100-Dec-20 12:00:00 (96.8%)
  2100-Dec-28 17:00:00 (99.1%)
  2100-Dec-31 23:00:00 (100%)
Finished Program: 2014-Nov-15 12:24:16.395136
Elapsed Time: 00:01:29.262823
