instance.yaml
kiva v0.2.0-21-g785bfe1
Copyright (C) 2012-2014 Big Ladder Software
Web: www.bigladdersoftware.com

Starting Program: 2014-Nov-18 11:24:29.152738
Creating Domain...
  X Cells: 122
  Y Cells: 1
  Z Cells: 96
  Total Cells: 11712
Initializing Temperatures...
  2099-Jan-06 01:00:00
  2099-Jan-24 06:00:00
  2099-Feb-11 12:00:00
  2099-Mar-01 19:00:00
  2099-Mar-20 01:00:00
  2099-Apr-07 07:00:00
  2099-Apr-25 13:00:00
  2099-May-13 20:00:00
  2099-Jun-01 02:00:00
  2099-Jun-19 09:00:00
  2099-Jul-07 15:00:00
  2099-Jul-25 21:00:00
  2099-Aug-13 04:00:00
  2099-Aug-31 10:00:00
  2099-Sep-18 16:00:00
  2099-Oct-06 23:00:00
  2099-Oct-25 05:00:00
  2099-Nov-12 11:00:00
  2099-Nov-30 18:00:00
  2099-Dec-19 00:00:00
Beginning Simulation...
  2100-Jan-06 04:00:00 (1.4%)
  2100-Jan-24 02:00:00 (6.3%)
  2100-Feb-10 23:00:00 (11.2%)
  2100-Feb-28 21:00:00 (16.1%)
  2100-Mar-18 19:00:00 (21%)
  2100-Apr-05 17:00:00 (25.9%)
  2100-Apr-23 15:00:00 (30.9%)
  2100-May-11 13:00:00 (35.8%)
  2100-May-29 11:00:00 (40.7%)
  2100-Jun-16 08:00:00 (45.6%)
  2100-Jul-04 06:00:00 (50.5%)
  2100-Jul-22 03:00:00 (55.4%)
  2100-Aug-08 23:00:00 (60.3%)
  2100-Aug-26 21:00:00 (65.2%)
  2100-Sep-13 18:00:00 (70.1%)
  2100-Oct-01 16:00:00 (75%)
  2100-Oct-19 14:00:00 (79.9%)
  2100-Nov-06 11:00:00 (84.8%)
  2100-Nov-24 09:00:00 (89.7%)
  2100-Dec-12 06:00:00 (94.6%)
  2100-Dec-30 04:00:00 (99.5%)
  2100-Dec-31 23:00:00 (100%)
Finished Program: 2014-Nov-18 11:25:10.100932
Elapsed Time: 00:00:40.948194
