instance.yaml
kiva v0.2.0-22-gd89b213
Copyright (C) 2012-2014 Big Ladder Software
Web: www.bigladdersoftware.com

Starting Program: 2014-Nov-19 10:35:43.934898
Creating Domain...
  X Cells: 151
  Y Cells: 1
  Z Cells: 125
  Total Cells: 18875
Initializing Temperatures...
  2099-Jan-03 06:00:00
  2099-Jan-15 10:00:00
  2099-Jan-27 14:00:00
  2099-Feb-08 18:00:00
  2099-Feb-20 22:00:00
  2099-Mar-05 02:00:00
  2099-Mar-17 06:00:00
  2099-Mar-29 10:00:00
  2099-Apr-10 14:00:00
  2099-Apr-22 18:00:00
  2099-May-04 21:00:00
  2099-May-17 01:00:00
  2099-May-29 05:00:00
  2099-Jun-10 09:00:00
  2099-Jun-22 13:00:00
  2099-Jul-04 17:00:00
  2099-Jul-16 21:00:00
  2099-Jul-29 01:00:00
  2099-Aug-10 05:00:00
  2099-Aug-22 09:00:00
  2099-Sep-03 13:00:00
  2099-Sep-15 17:00:00
  2099-Sep-27 22:00:00
  2099-Oct-10 03:00:00
  2099-Oct-22 08:00:00
  2099-Nov-03 13:00:00
  2099-Nov-15 18:00:00
  2099-Nov-27 23:00:00
  2099-Dec-10 04:00:00
  2099-Dec-22 09:00:00
Beginning Simulation...
  2100-Jan-03 09:00:00 (0.7%)
  2100-Jan-14 14:00:00 (3.7%)
  2100-Jan-25 18:00:00 (6.8%)
  2100-Feb-05 23:00:00 (9.9%)
  2100-Feb-17 04:00:00 (12.9%)
  2100-Feb-28 09:00:00 (16%)
  2100-Mar-11 14:00:00 (19.1%)
  2100-Mar-22 18:00:00 (22.1%)
  2100-Apr-02 23:00:00 (25.2%)
  2100-Apr-14 04:00:00 (28.3%)
  2100-Apr-25 09:00:00 (31.3%)
  2100-May-06 14:00:00 (34.4%)
  2100-May-17 19:00:00 (37.5%)
  2100-May-29 00:00:00 (40.5%)
  2100-Jun-09 05:00:00 (43.6%)
  2100-Jun-20 10:00:00 (46.7%)
  2100-Jul-01 15:00:00 (49.8%)
  2100-Jul-12 20:00:00 (52.8%)
  2100-Jul-24 01:00:00 (55.9%)
  2100-Aug-04 06:00:00 (59%)
  2100-Aug-15 11:00:00 (62%)
  2100-Aug-26 17:00:00 (65.1%)
  2100-Sep-06 22:00:00 (68.2%)
  2100-Sep-18 03:00:00 (71.3%)
  2100-Sep-29 08:00:00 (74.3%)
  2100-Oct-10 13:00:00 (77.4%)
  2100-Oct-21 18:00:00 (80.5%)
  2100-Nov-01 23:00:00 (83.6%)
  2100-Nov-13 04:00:00 (86.6%)
  2100-Nov-24 09:00:00 (89.7%)
  2100-Dec-05 14:00:00 (92.8%)
  2100-Dec-16 19:00:00 (95.8%)
  2100-Dec-28 00:00:00 (98.9%)
  2100-Dec-31 23:00:00 (100%)
Finished Program: 2014-Nov-19 10:36:47.356241
Elapsed Time: 00:01:03.421343
