instance.yaml
kiva v0.2.0-9-g526928a
Copyright (C) 2012-2014 Big Ladder Software
Web: www.bigladdersoftware.com

Starting Program: 2014-Oct-26 15:34:28.133840
Creating Domain...
  X Cells: 127
  Y Cells: 1
  Z Cells: 96
  Total Cells: 12192
Initializing Temperatures...
  2098-Dec-17 23:00:00
  2099-Jan-17 21:00:00
  2099-Feb-07 00:00:00
  2099-Feb-27 03:00:00
  2099-Mar-19 06:00:00
  2099-Apr-08 10:00:00
  2099-Apr-28 13:00:00
  2099-May-18 16:00:00
  2099-Jun-07 20:00:00
  2099-Jun-27 23:00:00
  2099-Jul-18 03:00:00
  2099-Aug-07 06:00:00
  2099-Aug-27 10:00:00
  2099-Sep-16 13:00:00
  2099-Oct-06 17:00:00
  2099-Oct-26 20:00:00
  2099-Nov-16 00:00:00
  2099-Dec-06 03:00:00
  2099-Dec-26 06:00:00
Beginning Simulation...
  2100-Jan-15 00:00:00 (3.8%)
  2100-Feb-03 13:00:00 (9.2%)
  2100-Feb-23 02:00:00 (14.5%)
  2100-Mar-14 15:00:00 (19.9%)
  2100-Apr-03 04:00:00 (25.3%)
  2100-Apr-22 18:00:00 (30.6%)
  2100-May-12 07:00:00 (36%)
  2100-May-31 20:00:00 (41.3%)
  2100-Jun-20 09:00:00 (46.7%)
  2100-Jul-09 23:00:00 (52%)
  2100-Jul-29 13:00:00 (57.4%)
  2100-Aug-18 01:00:00 (62.8%)
  2100-Sep-06 14:00:00 (68.1%)
  2100-Sep-26 03:00:00 (73.5%)
  2100-Oct-16 01:00:00 (78.9%)
  2100-Nov-05 01:00:00 (84.4%)
  2100-Nov-25 00:00:00 (89.9%)
  2100-Dec-15 00:00:00 (95.3%)
  2100-Dec-31 23:00:00 (100%)
Finished Program: 2014-Oct-26 15:35:05.849060
Elapsed Time: 00:00:37.715220
