instance.yaml
kiva v0.2.0-22-gd89b213
Copyright (C) 2012-2014 Big Ladder Software
Web: www.bigladdersoftware.com

Starting Program: 2014-Nov-19 10:45:44.932696
Creating Domain...
  X Cells: 252
  Y Cells: 1
  Z Cells: 96
  Total Cells: 24192
Initializing Temperatures...
  2099-Jan-01 16:00:00
  2099-Jan-10 09:00:00
  2099-Jan-19 03:00:00
  2099-Jan-27 20:00:00
  2099-Feb-05 14:00:00
  2099-Feb-14 07:00:00
  2099-Feb-23 01:00:00
  2099-Mar-03 19:00:00
  2099-Mar-12 12:00:00
  2099-Mar-21 06:00:00
  2099-Mar-30 00:00:00
  2099-Apr-07 17:00:00
  2099-Apr-16 11:00:00
  2099-Apr-25 04:00:00
  2099-May-03 22:00:00
  2099-May-12 16:00:00
  2099-May-21 10:00:00
  2099-May-30 03:00:00
  2099-Jun-07 21:00:00
  2099-Jun-16 15:00:00
  2099-Jun-25 09:00:00
  2099-Jul-04 02:00:00
  2099-Jul-12 20:00:00
  2099-Jul-21 13:00:00
  2099-Jul-30 07:00:00
  2099-Aug-08 01:00:00
  2099-Aug-16 18:00:00
  2099-Aug-25 12:00:00
  2099-Sep-03 06:00:00
  2099-Sep-11 23:00:00
  2099-Sep-20 17:00:00
  2099-Sep-29 11:00:00
  2099-Oct-08 04:00:00
  2099-Oct-16 22:00:00
  2099-Oct-25 16:00:00
  2099-Nov-03 10:00:00
  2099-Nov-12 03:00:00
  2099-Nov-20 21:00:00
  2099-Nov-29 15:00:00
  2099-Dec-08 08:00:00
  2099-Dec-17 02:00:00
  2099-Dec-25 20:00:00
Beginning Simulation...
  2100-Jan-03 12:00:00 (0.7%)
  2100-Jan-12 00:00:00 (3%)
  2100-Jan-20 13:00:00 (5.4%)
  2100-Jan-29 01:00:00 (7.7%)
  2100-Feb-06 14:00:00 (10%)
  2100-Feb-15 02:00:00 (12.4%)
  2100-Feb-23 15:00:00 (14.7%)
  2100-Mar-04 04:00:00 (17%)
  2100-Mar-12 16:00:00 (19.4%)
  2100-Mar-21 05:00:00 (21.7%)
  2100-Mar-29 17:00:00 (24%)
  2100-Apr-07 06:00:00 (26.4%)
  2100-Apr-15 19:00:00 (28.7%)
  2100-Apr-24 08:00:00 (31.1%)
  2100-May-02 21:00:00 (33.4%)
  2100-May-11 09:00:00 (35.7%)
  2100-May-19 22:00:00 (38.1%)
  2100-May-28 11:00:00 (40.4%)
  2100-Jun-06 00:00:00 (42.7%)
  2100-Jun-14 12:00:00 (45.1%)
  2100-Jun-23 01:00:00 (47.4%)
  2100-Jul-01 14:00:00 (49.7%)
  2100-Jul-10 03:00:00 (52.1%)
  2100-Jul-18 15:00:00 (54.4%)
  2100-Jul-27 04:00:00 (56.8%)
  2100-Aug-04 17:00:00 (59.1%)
  2100-Aug-13 05:00:00 (61.4%)
  2100-Aug-21 18:00:00 (63.8%)
  2100-Aug-30 07:00:00 (66.1%)
  2100-Sep-07 19:00:00 (68.4%)
  2100-Sep-16 08:00:00 (70.8%)
  2100-Sep-24 21:00:00 (73.1%)
  2100-Oct-03 09:00:00 (75.4%)
  2100-Oct-11 22:00:00 (77.8%)
  2100-Oct-20 11:00:00 (80.1%)
  2100-Oct-28 22:00:00 (82.4%)
  2100-Nov-06 11:00:00 (84.8%)
  2100-Nov-15 00:00:00 (87.1%)
  2100-Nov-23 13:00:00 (89.5%)
  2100-Dec-02 01:00:00 (91.8%)
  2100-Dec-10 14:00:00 (94.1%)
  2100-Dec-19 03:00:00 (96.5%)
  2100-Dec-27 15:00:00 (98.8%)
  2100-Dec-31 23:00:00 (100%)
Finished Program: 2014-Nov-19 10:47:10.509668
Elapsed Time: 00:01:25.576972
