instance.yaml
kiva v0.2.0-21-g785bfe1
Copyright (C) 2012-2014 Big Ladder Software
Web: www.bigladdersoftware.com

Starting Program: 2014-Nov-18 11:06:25.828234
Creating Domain...
  X Cells: 233
  Y Cells: 1
  Z Cells: 96
  Total Cells: 22368
Initializing Temperatures...
  2099-Jan-03 04:00:00
  2099-Jan-12 10:00:00
  2099-Jan-21 16:00:00
  2099-Jan-30 22:00:00
  2099-Feb-09 04:00:00
  2099-Feb-18 11:00:00
  2099-Feb-27 17:00:00
  2099-Mar-09 00:00:00
  2099-Mar-18 06:00:00
  2099-Mar-27 12:00:00
  2099-Apr-05 19:00:00
  2099-Apr-15 01:00:00
  2099-Apr-24 08:00:00
  2099-May-03 14:00:00
  2099-May-12 21:00:00
  2099-May-22 03:00:00
  2099-May-31 09:00:00
  2099-Jun-09 16:00:00
  2099-Jun-18 22:00:00
  2099-Jun-28 05:00:00
  2099-Jul-07 11:00:00
  2099-Jul-16 18:00:00
  2099-Jul-26 00:00:00
  2099-Aug-04 07:00:00
  2099-Aug-13 13:00:00
  2099-Aug-22 19:00:00
  2099-Sep-01 02:00:00
  2099-Sep-10 08:00:00
  2099-Sep-19 15:00:00
  2099-Sep-28 21:00:00
  2099-Oct-08 04:00:00
  2099-Oct-17 10:00:00
  2099-Oct-26 17:00:00
  2099-Nov-04 23:00:00
  2099-Nov-14 05:00:00
  2099-Nov-23 12:00:00
  2099-Dec-02 18:00:00
  2099-Dec-12 01:00:00
  2099-Dec-21 07:00:00
  2099-Dec-30 14:00:00
Beginning Simulation...
  2100-Jan-08 18:00:00 (2.1%)
  2100-Jan-17 21:00:00 (4.6%)
  2100-Jan-27 01:00:00 (7.1%)
  2100-Feb-05 04:00:00 (9.6%)
  2100-Feb-14 08:00:00 (12.1%)
  2100-Feb-23 11:00:00 (14.6%)
  2100-Mar-04 15:00:00 (17.2%)
  2100-Mar-13 18:00:00 (19.7%)
  2100-Mar-22 22:00:00 (22.2%)
  2100-Apr-01 01:00:00 (24.7%)
  2100-Apr-10 05:00:00 (27.2%)
  2100-Apr-19 09:00:00 (29.7%)
  2100-Apr-28 12:00:00 (32.2%)
  2100-May-07 16:00:00 (34.7%)
  2100-May-16 20:00:00 (37.2%)
  2100-May-26 00:00:00 (39.7%)
  2100-Jun-04 04:00:00 (42.2%)
  2100-Jun-13 07:00:00 (44.7%)
  2100-Jun-22 11:00:00 (47.2%)
  2100-Jul-01 15:00:00 (49.8%)
  2100-Jul-10 18:00:00 (52.3%)
  2100-Jul-19 22:00:00 (54.8%)
  2100-Jul-29 02:00:00 (57.3%)
  2100-Aug-07 05:00:00 (59.8%)
  2100-Aug-16 09:00:00 (62.3%)
  2100-Aug-25 13:00:00 (64.8%)
  2100-Sep-03 17:00:00 (67.3%)
  2100-Sep-12 20:00:00 (69.8%)
  2100-Sep-22 00:00:00 (72.3%)
  2100-Oct-01 04:00:00 (74.8%)
  2100-Oct-10 07:00:00 (77.3%)
  2100-Oct-19 13:00:00 (79.9%)
  2100-Oct-28 18:00:00 (82.4%)
  2100-Nov-06 22:00:00 (84.9%)
  2100-Nov-16 03:00:00 (87.4%)
  2100-Nov-25 08:00:00 (90%)
  2100-Dec-04 13:00:00 (92.5%)
  2100-Dec-13 18:00:00 (95%)
  2100-Dec-22 23:00:00 (97.5%)
  2100-Dec-31 23:00:00 (100%)
Finished Program: 2014-Nov-18 11:07:45.979238
Elapsed Time: 00:01:20.151004
