instance.yaml
kiva v0.2.0-19-ge248292
Copyright (C) 2012-2014 Big Ladder Software
Web: www.bigladdersoftware.com

Starting Program: 2014-Nov-17 08:40:13.189577
Creating Domain...
  X Cells: 72
  Y Cells: 1
  Z Cells: 125
  Total Cells: 9000
Initializing Temperatures...
lis_matrix.c(685) : lis_matrix_set_value : error ILL_ARG :i(=0) or j(=-1) are less than 0
lis_matrix.c(685) : lis_matrix_set_value : error ILL_ARG :i(=0) or j(=-72) are less than 0
lis_matrix.c(685) : lis_matrix_set_value : error ILL_ARG :i(=1) or j(=-71) are less than 0
lis_matrix.c(685) : lis_matrix_set_value : error ILL_ARG :i(=2) or j(=-70) are less than 0
lis_matrix.c(685) : lis_matrix_set_value : error ILL_ARG :i(=3) or j(=-69) are less than 0
lis_matrix.c(685) : lis_matrix_set_value : error ILL_ARG :i(=4) or j(=-68) are less than 0
lis_matrix.c(685) : lis_matrix_set_value : error ILL_ARG :i(=5) or j(=-67) are less than 0
lis_matrix.c(685) : lis_matrix_set_value : error ILL_ARG :i(=6) or j(=-66) are less than 0
lis_matrix.c(685) : lis_matrix_set_value : error ILL_ARG :i(=7) or j(=-65) are less than 0
lis_matrix.c(685) : lis_matrix_set_value : error ILL_ARG :i(=8) or j(=-64) are less than 0
lis_matrix.c(685) : lis_matrix_set_value : error ILL_ARG :i(=9) or j(=-63) are less than 0
lis_matrix.c(685) : lis_matrix_set_value : error ILL_ARG :i(=10) or j(=-62) are less than 0
Warning: Solution did not converge after 100001 iterations.
  The final residual was: nan
  Solver status: 4
  2098-Oct-01 23:00:00
lis_matrix.c(685) : lis_matrix_set_value : error ILL_ARG :i(=0) or j(=-1) are less than 0
lis_matrix.c(685) : lis_matrix_set_value : error ILL_ARG :i(=0) or j(=-72) are less than 0
lis_matrix.c(685) : lis_matrix_set_value : error ILL_ARG :i(=1) or j(=-71) are less than 0
lis_matrix.c(685) : lis_matrix_set_value : error ILL_ARG :i(=2) or j(=-70) are less than 0
lis_matrix.c(685) : lis_matrix_set_value : error ILL_ARG :i(=3) or j(=-69) are less than 0
lis_matrix.c(685) : lis_matrix_set_value : error ILL_ARG :i(=4) or j(=-68) are less than 0
lis_matrix.c(685) : lis_matrix_set_value : error ILL_ARG :i(=5) or j(=-67) are less than 0
lis_matrix.c(685) : lis_matrix_set_value : error ILL_ARG :i(=6) or j(=-66) are less than 0
lis_matrix.c(685) : lis_matrix_set_value : error ILL_ARG :i(=7) or j(=-65) are less than 0
lis_matrix.c(685) : lis_matrix_set_value : error ILL_ARG :i(=8) or j(=-64) are less than 0
lis_matrix.c(685) : lis_matrix_set_value : error ILL_ARG :i(=9) or j(=-63) are less than 0
lis_matrix.c(685) : lis_matrix_set_value : error ILL_ARG :i(=10) or j(=-62) are less than 0
Warning: Solution did not converge after 100001 iterations.
  The final residual was: -nan
  Solver status: 4
  2098-Oct-08 23:00:00
lis_matrix.c(685) : lis_matrix_set_value : error ILL_ARG :i(=0) or j(=-1) are less than 0
lis_matrix.c(685) : lis_matrix_set_value : error ILL_ARG :i(=0) or j(=-72) are less than 0
lis_matrix.c(685) : lis_matrix_set_value : error ILL_ARG :i(=1) or j(=-71) are less than 0
lis_matrix.c(685) : lis_matrix_set_value : error ILL_ARG :i(=2) or j(=-70) are less than 0
lis_matrix.c(685) : lis_matrix_set_value : error ILL_ARG :i(=3) or j(=-69) are less than 0
lis_matrix.c(685) : lis_matrix_set_value : error ILL_ARG :i(=4) or j(=-68) are less than 0
lis_matrix.c(685) : lis_matrix_set_value : error ILL_ARG :i(=5) or j(=-67) are less than 0
lis_matrix.c(685) : lis_matrix_set_value : error ILL_ARG :i(=6) or j(=-66) are less than 0
lis_matrix.c(685) : lis_matrix_set_value : error ILL_ARG :i(=7) or j(=-65) are less than 0
lis_matrix.c(685) : lis_matrix_set_value : error ILL_ARG :i(=8) or j(=-64) are less than 0
lis_matrix.c(685) : lis_matrix_set_value : error ILL_ARG :i(=9) or j(=-63) are less than 0
lis_matrix.c(685) : lis_matrix_set_value : error ILL_ARG :i(=10) or j(=-62) are less than 0
Warning: Solution did not converge after 100001 iterations.
  The final residual was: -nan
  Solver status: 4
  2098-Oct-15 23:00:00
lis_matrix.c(685) : lis_matrix_set_value : error ILL_ARG :i(=0) or j(=-1) are less than 0
lis_matrix.c(685) : lis_matrix_set_value : error ILL_ARG :i(=0) or j(=-72) are less than 0
lis_matrix.c(685) : lis_matrix_set_value : error ILL_ARG :i(=1) or j(=-71) are less than 0
lis_matrix.c(685) : lis_matrix_set_value : error ILL_ARG :i(=2) or j(=-70) are less than 0
lis_matrix.c(685) : lis_matrix_set_value : error ILL_ARG :i(=3) or j(=-69) are less than 0
lis_matrix.c(685) : lis_matrix_set_value : error ILL_ARG :i(=4) or j(=-68) are less than 0
lis_matrix.c(685) : lis_matrix_set_value : error ILL_ARG :i(=5) or j(=-67) are less than 0
lis_matrix.c(685) : lis_matrix_set_value : error ILL_ARG :i(=6) or j(=-66) are less than 0
lis_matrix.c(685) : lis_matrix_set_value : error ILL_ARG :i(=7) or j(=-65) are less than 0
lis_matrix.c(685) : lis_matrix_set_value : error ILL_ARG :i(=8) or j(=-64) are less than 0
lis_matrix.c(685) : lis_matrix_set_value : error ILL_ARG :i(=9) or j(=-63) are less than 0
lis_matrix.c(685) : lis_matrix_set_value : error ILL_ARG :i(=10) or j(=-62) are less than 0
Warning: Solution did not converge after 100001 iterations.
  The final residual was: -nan
  Solver status: 4
  2098-Oct-22 23:00:00
lis_matrix.c(685) : lis_matrix_set_value : error ILL_ARG :i(=0) or j(=-1) are less than 0
lis_matrix.c(685) : lis_matrix_set_value : error ILL_ARG :i(=0) or j(=-72) are less than 0
lis_matrix.c(685) : lis_matrix_set_value : error ILL_ARG :i(=1) or j(=-71) are less than 0
lis_matrix.c(685) : lis_matrix_set_value : error ILL_ARG :i(=2) or j(=-70) are less than 0
lis_matrix.c(685) : lis_matrix_set_value : error ILL_ARG :i(=3) or j(=-69) are less than 0
lis_matrix.c(685) : lis_matrix_set_value : error ILL_ARG :i(=4) or j(=-68) are less than 0
lis_matrix.c(685) : lis_matrix_set_value : error ILL_ARG :i(=5) or j(=-67) are less than 0
lis_matrix.c(685) : lis_matrix_set_value : error ILL_ARG :i(=6) or j(=-66) are less than 0
lis_matrix.c(685) : lis_matrix_set_value : error ILL_ARG :i(=7) or j(=-65) are less than 0
lis_matrix.c(685) : lis_matrix_set_value : error ILL_ARG :i(=8) or j(=-64) are less than 0
lis_matrix.c(685) : lis_matrix_set_value : error ILL_ARG :i(=9) or j(=-63) are less than 0
lis_matrix.c(685) : lis_matrix_set_value : error ILL_ARG :i(=10) or j(=-62) are less than 0
Warning: Solution did not converge after 100001 iterations.
  The final residual was: -nan
  Solver status: 4
  2098-Oct-29 23:00:00
lis_matrix.c(685) : lis_matrix_set_value : error ILL_ARG :i(=0) or j(=-1) are less than 0
lis_matrix.c(685) : lis_matrix_set_value : error ILL_ARG :i(=0) or j(=-72) are less than 0
lis_matrix.c(685) : lis_matrix_set_value : error ILL_ARG :i(=1) or j(=-71) are less than 0
lis_matrix.c(685) : lis_matrix_set_value : error ILL_ARG :i(=2) or j(=-70) are less than 0
lis_matrix.c(685) : lis_matrix_set_value : error ILL_ARG :i(=3) or j(=-69) are less than 0
lis_matrix.c(685) : lis_matrix_set_value : error ILL_ARG :i(=4) or j(=-68) are less than 0
lis_matrix.c(685) : lis_matrix_set_value : error ILL_ARG :i(=5) or j(=-67) are less than 0
lis_matrix.c(685) : lis_matrix_set_value : error ILL_ARG :i(=6) or j(=-66) are less than 0
lis_matrix.c(685) : lis_matrix_set_value : error ILL_ARG :i(=7) or j(=-65) are less than 0
lis_matrix.c(685) : lis_matrix_set_value : error ILL_ARG :i(=8) or j(=-64) are less than 0
lis_matrix.c(685) : lis_matrix_set_value : error ILL_ARG :i(=9) or j(=-63) are less than 0
lis_matrix.c(685) : lis_matrix_set_value : error ILL_ARG :i(=10) or j(=-62) are less than 0
Warning: Solution did not converge after 100001 iterations.
  The final residual was: -nan
  Solver status: 4
  2098-Nov-05 23:00:00
lis_matrix.c(685) : lis_matrix_set_value : error ILL_ARG :i(=0) or j(=-1) are less than 0
lis_matrix.c(685) : lis_matrix_set_value : error ILL_ARG :i(=0) or j(=-72) are less than 0
lis_matrix.c(685) : lis_matrix_set_value : error ILL_ARG :i(=1) or j(=-71) are less than 0
lis_matrix.c(685) : lis_matrix_set_value : error ILL_ARG :i(=2) or j(=-70) are less than 0
lis_matrix.c(685) : lis_matrix_set_value : error ILL_ARG :i(=3) or j(=-69) are less than 0
lis_matrix.c(685) : lis_matrix_set_value : error ILL_ARG :i(=4) or j(=-68) are less than 0
lis_matrix.c(685) : lis_matrix_set_value : error ILL_ARG :i(=5) or j(=-67) are less than 0
lis_matrix.c(685) : lis_matrix_set_value : error ILL_ARG :i(=6) or j(=-66) are less than 0
lis_matrix.c(685) : lis_matrix_set_value : error ILL_ARG :i(=7) or j(=-65) are less than 0
lis_matrix.c(685) : lis_matrix_set_value : error ILL_ARG :i(=8) or j(=-64) are less than 0
lis_matrix.c(685) : lis_matrix_set_value : error ILL_ARG :i(=9) or j(=-63) are less than 0
lis_matrix.c(685) : lis_matrix_set_value : error ILL_ARG :i(=10) or j(=-62) are less than 0
Warning: Solution did not converge after 100001 iterations.
  The final residual was: -nan
  Solver status: 4
  2098-Nov-12 23:00:00
lis_matrix.c(685) : lis_matrix_set_value : error ILL_ARG :i(=0) or j(=-1) are less than 0
lis_matrix.c(685) : lis_matrix_set_value : error ILL_ARG :i(=0) or j(=-72) are less than 0
lis_matrix.c(685) : lis_matrix_set_value : error ILL_ARG :i(=1) or j(=-71) are less than 0
lis_matrix.c(685) : lis_matrix_set_value : error ILL_ARG :i(=2) or j(=-70) are less than 0
lis_matrix.c(685) : lis_matrix_set_value : error ILL_ARG :i(=3) or j(=-69) are less than 0
lis_matrix.c(685) : lis_matrix_set_value : error ILL_ARG :i(=4) or j(=-68) are less than 0
lis_matrix.c(685) : lis_matrix_set_value : error ILL_ARG :i(=5) or j(=-67) are less than 0
lis_matrix.c(685) : lis_matrix_set_value : error ILL_ARG :i(=6) or j(=-66) are less than 0
lis_matrix.c(685) : lis_matrix_set_value : error ILL_ARG :i(=7) or j(=-65) are less than 0
lis_matrix.c(685) : lis_matrix_set_value : error ILL_ARG :i(=8) or j(=-64) are less than 0
lis_matrix.c(685) : lis_matrix_set_value : error ILL_ARG :i(=9) or j(=-63) are less than 0
lis_matrix.c(685) : lis_matrix_set_value : error ILL_ARG :i(=10) or j(=-62) are less than 0
Warning: Solution did not converge after 100001 iterations.
  The final residual was: -nan
  Solver status: 4
  2098-Nov-19 23:00:00
lis_matrix.c(685) : lis_matrix_set_value : error ILL_ARG :i(=0) or j(=-1) are less than 0
lis_matrix.c(685) : lis_matrix_set_value : error ILL_ARG :i(=0) or j(=-72) are less than 0
lis_matrix.c(685) : lis_matrix_set_value : error ILL_ARG :i(=1) or j(=-71) are less than 0
lis_matrix.c(685) : lis_matrix_set_value : error ILL_ARG :i(=2) or j(=-70) are less than 0
lis_matrix.c(685) : lis_matrix_set_value : error ILL_ARG :i(=3) or j(=-69) are less than 0
lis_matrix.c(685) : lis_matrix_set_value : error ILL_ARG :i(=4) or j(=-68) are less than 0
lis_matrix.c(685) : lis_matrix_set_value : error ILL_ARG :i(=5) or j(=-67) are less than 0
lis_matrix.c(685) : lis_matrix_set_value : error ILL_ARG :i(=6) or j(=-66) are less than 0
lis_matrix.c(685) : lis_matrix_set_value : error ILL_ARG :i(=7) or j(=-65) are less than 0
lis_matrix.c(685) : lis_matrix_set_value : error ILL_ARG :i(=8) or j(=-64) are less than 0
lis_matrix.c(685) : lis_matrix_set_value : error ILL_ARG :i(=9) or j(=-63) are less than 0
lis_matrix.c(685) : lis_matrix_set_value : error ILL_ARG :i(=10) or j(=-62) are less than 0
Warning: Solution did not converge after 100001 iterations.
  The final residual was: -nan
  Solver status: 4
  2098-Nov-26 23:00:00
lis_matrix.c(685) : lis_matrix_set_value : error ILL_ARG :i(=0) or j(=-1) are less than 0
lis_matrix.c(685) : lis_matrix_set_value : error ILL_ARG :i(=0) or j(=-72) are less than 0
lis_matrix.c(685) : lis_matrix_set_value : error ILL_ARG :i(=1) or j(=-71) are less than 0
lis_matrix.c(685) : lis_matrix_set_value : error ILL_ARG :i(=2) or j(=-70) are less than 0
lis_matrix.c(685) : lis_matrix_set_value : error ILL_ARG :i(=3) or j(=-69) are less than 0
lis_matrix.c(685) : lis_matrix_set_value : error ILL_ARG :i(=4) or j(=-68) are less than 0
lis_matrix.c(685) : lis_matrix_set_value : error ILL_ARG :i(=5) or j(=-67) are less than 0
lis_matrix.c(685) : lis_matrix_set_value : error ILL_ARG :i(=6) or j(=-66) are less than 0
lis_matrix.c(685) : lis_matrix_set_value : error ILL_ARG :i(=7) or j(=-65) are less than 0
lis_matrix.c(685) : lis_matrix_set_value : error ILL_ARG :i(=8) or j(=-64) are less than 0
lis_matrix.c(685) : lis_matrix_set_value : error ILL_ARG :i(=9) or j(=-63) are less than 0
lis_matrix.c(685) : lis_matrix_set_value : error ILL_ARG :i(=10) or j(=-62) are less than 0
Warning: Solution did not converge after 100001 iterations.
  The final residual was: -nan
  Solver status: 4
  2098-Dec-03 23:00:00
lis_matrix.c(685) : lis_matrix_set_value : error ILL_ARG :i(=0) or j(=-1) are less than 0
lis_matrix.c(685) : lis_matrix_set_value : error ILL_ARG :i(=0) or j(=-72) are less than 0
lis_matrix.c(685) : lis_matrix_set_value : error ILL_ARG :i(=1) or j(=-71) are less than 0
lis_matrix.c(685) : lis_matrix_set_value : error ILL_ARG :i(=2) or j(=-70) are less than 0
lis_matrix.c(685) : lis_matrix_set_value : error ILL_ARG :i(=3) or j(=-69) are less than 0
lis_matrix.c(685) : lis_matrix_set_value : error ILL_ARG :i(=4) or j(=-68) are less than 0
lis_matrix.c(685) : lis_matrix_set_value : error ILL_ARG :i(=5) or j(=-67) are less than 0
lis_matrix.c(685) : lis_matrix_set_value : error ILL_ARG :i(=6) or j(=-66) are less than 0
lis_matrix.c(685) : lis_matrix_set_value : error ILL_ARG :i(=7) or j(=-65) are less than 0
lis_matrix.c(685) : lis_matrix_set_value : error ILL_ARG :i(=8) or j(=-64) are less than 0
lis_matrix.c(685) : lis_matrix_set_value : error ILL_ARG :i(=9) or j(=-63) are less than 0
lis_matrix.c(685) : lis_matrix_set_value : error ILL_ARG :i(=10) or j(=-62) are less than 0
Warning: Solution did not converge after 100001 iterations.
  The final residual was: -nan
  Solver status: 4
  2098-Dec-10 23:00:00
lis_matrix.c(685) : lis_matrix_set_value : error ILL_ARG :i(=0) or j(=-1) are less than 0
lis_matrix.c(685) : lis_matrix_set_value : error ILL_ARG :i(=0) or j(=-72) are less than 0
lis_matrix.c(685) : lis_matrix_set_value : error ILL_ARG :i(=1) or j(=-71) are less than 0
lis_matrix.c(685) : lis_matrix_set_value : error ILL_ARG :i(=2) or j(=-70) are less than 0
lis_matrix.c(685) : lis_matrix_set_value : error ILL_ARG :i(=3) or j(=-69) are less than 0
lis_matrix.c(685) : lis_matrix_set_value : error ILL_ARG :i(=4) or j(=-68) are less than 0
lis_matrix.c(685) : lis_matrix_set_value : error ILL_ARG :i(=5) or j(=-67) are less than 0
lis_matrix.c(685) : lis_matrix_set_value : error ILL_ARG :i(=6) or j(=-66) are less than 0
lis_matrix.c(685) : lis_matrix_set_value : error ILL_ARG :i(=7) or j(=-65) are less than 0
lis_matrix.c(685) : lis_matrix_set_value : error ILL_ARG :i(=8) or j(=-64) are less than 0
lis_matrix.c(685) : lis_matrix_set_value : error ILL_ARG :i(=9) or j(=-63) are less than 0
lis_matrix.c(685) : lis_matrix_set_value : error ILL_ARG :i(=10) or j(=-62) are less than 0
Warning: Solution did not converge after 100001 iterations.
  The final residual was: -nan
  Solver status: 4
  2098-Dec-17 23:00:00
lis_matrix.c(685) : lis_matrix_set_value : error ILL_ARG :i(=0) or j(=-1) are less than 0
lis_matrix.c(685) : lis_matrix_set_value : error ILL_ARG :i(=0) or j(=-72) are less than 0
lis_matrix.c(685) : lis_matrix_set_value : error ILL_ARG :i(=1) or j(=-71) are less than 0
lis_matrix.c(685) : lis_matrix_set_value : error ILL_ARG :i(=2) or j(=-70) are less than 0
lis_matrix.c(685) : lis_matrix_set_value : error ILL_ARG :i(=3) or j(=-69) are less than 0
lis_matrix.c(685) : lis_matrix_set_value : error ILL_ARG :i(=4) or j(=-68) are less than 0
lis_matrix.c(685) : lis_matrix_set_value : error ILL_ARG :i(=5) or j(=-67) are less than 0
lis_matrix.c(685) : lis_matrix_set_value : error ILL_ARG :i(=6) or j(=-66) are less than 0
lis_matrix.c(685) : lis_matrix_set_value : error ILL_ARG :i(=7) or j(=-65) are less than 0
lis_matrix.c(685) : lis_matrix_set_value : error ILL_ARG :i(=8) or j(=-64) are less than 0
lis_matrix.c(685) : lis_matrix_set_value : error ILL_ARG :i(=9) or j(=-63) are less than 0
lis_matrix.c(685) : lis_matrix_set_value : error ILL_ARG :i(=10) or j(=-62) are less than 0
Warning: Solution did not converge after 100001 iterations.
  The final residual was: -nan
  Solver status: 4
  2098-Dec-24 23:00:00
lis_matrix.c(685) : lis_matrix_set_value : error ILL_ARG :i(=0) or j(=-1) are less than 0
lis_matrix.c(685) : lis_matrix_set_value : error ILL_ARG :i(=0) or j(=-72) are less than 0
lis_matrix.c(685) : lis_matrix_set_value : error ILL_ARG :i(=1) or j(=-71) are less than 0
lis_matrix.c(685) : lis_matrix_set_value : error ILL_ARG :i(=2) or j(=-70) are less than 0
lis_matrix.c(685) : lis_matrix_set_value : error ILL_ARG :i(=3) or j(=-69) are less than 0
lis_matrix.c(685) : lis_matrix_set_value : error ILL_ARG :i(=4) or j(=-68) are less than 0
lis_matrix.c(685) : lis_matrix_set_value : error ILL_ARG :i(=5) or j(=-67) are less than 0
lis_matrix.c(685) : lis_matrix_set_value : error ILL_ARG :i(=6) or j(=-66) are less than 0
lis_matrix.c(685) : lis_matrix_set_value : error ILL_ARG :i(=7) or j(=-65) are less than 0
lis_matrix.c(685) : lis_matrix_set_value : error ILL_ARG :i(=8) or j(=-64) are less than 0
lis_matrix.c(685) : lis_matrix_set_value : error ILL_ARG :i(=9) or j(=-63) are less than 0
lis_matrix.c(685) : lis_matrix_set_value : error ILL_ARG :i(=10) or j(=-62) are less than 0
Warning: Solution did not converge after 100001 iterations.
  The final residual was: -nan
  Solver status: 4
  2098-Dec-31 23:00:00
  2099-Jan-21 20:00:00
  2099-Feb-16 22:00:00
  2099-Mar-15 00:00:00
  2099-Apr-10 02:00:00
  2099-May-06 05:00:00
  2099-Jun-01 07:00:00
  2099-Jun-27 09:00:00
  2099-Jul-23 11:00:00
  2099-Aug-18 12:00:00
  2099-Sep-13 14:00:00
  2099-Oct-09 16:00:00
  2099-Oct-31 08:00:00
  2099-Nov-26 11:00:00
  2099-Dec-22 13:00:00
Beginning Simulation...
  2100-Jan-16 09:00:00 (4.2%)
  2100-Feb-09 12:00:00 (10.8%)
  2100-Mar-05 16:00:00 (17.4%)
  2100-Mar-23 03:00:00 (22.2%)
  2100-Apr-16 06:00:00 (28.8%)
  2100-May-10 10:00:00 (35.5%)
  2100-Jun-03 13:00:00 (42.1%)
  2100-Jun-27 17:00:00 (48.7%)
  2100-Jul-21 19:00:00 (55.3%)
  2100-Aug-14 23:00:00 (61.9%)
  2100-Sep-08 02:00:00 (68.5%)
  2100-Oct-02 05:00:00 (75.1%)
  2100-Oct-26 09:00:00 (81.7%)
  2100-Nov-19 13:00:00 (88.4%)
  2100-Dec-13 16:00:00 (95%)
  2100-Dec-31 23:00:00 (100%)
Finished Program: 2014-Nov-17 08:43:35.757851
Elapsed Time: 00:03:22.568274
