instance.yaml
kiva v0.2.0-21-g785bfe1
Copyright (C) 2012-2014 Big Ladder Software
Web: www.bigladdersoftware.com

Starting Program: 2014-Nov-18 11:16:25.877680
Creating Domain...
  X Cells: 252
  Y Cells: 1
  Z Cells: 96
  Total Cells: 24192
Initializing Temperatures...
  2099-Jan-02 03:00:00
  2099-Jan-10 21:00:00
  2099-Jan-19 16:00:00
  2099-Jan-28 10:00:00
  2099-Feb-06 03:00:00
  2099-Feb-14 22:00:00
  2099-Feb-23 16:00:00
  2099-Mar-04 10:00:00
  2099-Mar-13 04:00:00
  2099-Mar-21 22:00:00
  2099-Mar-30 16:00:00
  2099-Apr-08 10:00:00
  2099-Apr-17 04:00:00
  2099-Apr-25 22:00:00
  2099-May-04 17:00:00
  2099-May-13 11:00:00
  2099-May-22 05:00:00
  2099-May-30 23:00:00
  2099-Jun-08 18:00:00
  2099-Jun-17 12:00:00
  2099-Jun-26 06:00:00
  2099-Jul-05 01:00:00
  2099-Jul-13 19:00:00
  2099-Jul-22 13:00:00
  2099-Jul-31 07:00:00
  2099-Aug-09 01:00:00
  2099-Aug-17 19:00:00
  2099-Aug-26 14:00:00
  2099-Sep-04 08:00:00
  2099-Sep-13 02:00:00
  2099-Sep-21 20:00:00
  2099-Sep-30 15:00:00
  2099-Oct-09 09:00:00
  2099-Oct-18 03:00:00
  2099-Oct-26 21:00:00
  2099-Nov-04 16:00:00
  2099-Nov-13 10:00:00
  2099-Nov-22 04:00:00
  2099-Nov-30 22:00:00
  2099-Dec-09 16:00:00
  2099-Dec-18 11:00:00
  2099-Dec-27 05:00:00
Beginning Simulation...
  2100-Jan-04 21:00:00 (1.1%)
  2100-Jan-13 10:00:00 (3.4%)
  2100-Jan-21 23:00:00 (5.7%)
  2100-Jan-30 13:00:00 (8.1%)
  2100-Feb-08 02:00:00 (10.4%)
  2100-Feb-16 15:00:00 (12.8%)
  2100-Feb-25 05:00:00 (15.1%)
  2100-Mar-05 17:00:00 (17.5%)
  2100-Mar-14 06:00:00 (19.8%)
  2100-Mar-22 20:00:00 (22.1%)
  2100-Mar-31 09:00:00 (24.5%)
  2100-Apr-08 22:00:00 (26.8%)
  2100-Apr-17 11:00:00 (29.2%)
  2100-Apr-26 01:00:00 (31.5%)
  2100-May-04 14:00:00 (33.9%)
  2100-May-13 03:00:00 (36.2%)
  2100-May-21 17:00:00 (38.6%)
  2100-May-30 06:00:00 (40.9%)
  2100-Jun-07 20:00:00 (43.2%)
  2100-Jun-16 09:00:00 (45.6%)
  2100-Jun-24 23:00:00 (47.9%)
  2100-Jul-03 12:00:00 (50.3%)
  2100-Jul-12 01:00:00 (52.6%)
  2100-Jul-20 15:00:00 (55%)
  2100-Jul-29 04:00:00 (57.3%)
  2100-Aug-06 18:00:00 (59.7%)
  2100-Aug-15 07:00:00 (62%)
  2100-Aug-23 20:00:00 (64.3%)
  2100-Sep-01 10:00:00 (66.7%)
  2100-Sep-09 23:00:00 (69%)
  2100-Sep-18 13:00:00 (71.4%)
  2100-Sep-27 03:00:00 (73.7%)
  2100-Oct-05 18:00:00 (76.1%)
  2100-Oct-14 08:00:00 (78.4%)
  2100-Oct-22 23:00:00 (80.8%)
  2100-Oct-31 13:00:00 (83.2%)
  2100-Nov-09 04:00:00 (85.5%)
  2100-Nov-17 18:00:00 (87.9%)
  2100-Nov-26 08:00:00 (90.2%)
  2100-Dec-04 23:00:00 (92.6%)
  2100-Dec-13 13:00:00 (94.9%)
  2100-Dec-22 04:00:00 (97.3%)
  2100-Dec-30 18:00:00 (99.7%)
  2100-Dec-31 23:00:00 (100%)
Finished Program: 2014-Nov-18 11:17:51.143439
Elapsed Time: 00:01:25.265759
