instance.yaml
kiva v0.2.0-21-g785bfe1
Copyright (C) 2012-2014 Big Ladder Software
Web: www.bigladdersoftware.com

Starting Program: 2014-Nov-18 11:08:26.674667
Creating Domain...
  X Cells: 110
  Y Cells: 1
  Z Cells: 96
  Total Cells: 10560
Initializing Temperatures...
  2098-Nov-05 23:00:00
  2099-Jan-17 03:00:00
  2099-Feb-07 05:00:00
  2099-Feb-28 07:00:00
  2099-Mar-21 08:00:00
  2099-Apr-11 10:00:00
  2099-May-02 12:00:00
  2099-May-23 14:00:00
  2099-Jun-13 16:00:00
  2099-Jul-04 18:00:00
  2099-Jul-25 20:00:00
  2099-Aug-15 22:00:00
  2099-Sep-06 01:00:00
  2099-Sep-27 03:00:00
  2099-Oct-18 05:00:00
  2099-Nov-08 07:00:00
  2099-Nov-29 10:00:00
  2099-Dec-20 11:00:00
Beginning Simulation...
  2100-Jan-10 07:00:00 (2.5%)
  2100-Jan-30 18:00:00 (8.2%)
  2100-Feb-20 05:00:00 (13.8%)
  2100-Mar-12 17:00:00 (19.4%)
  2100-Apr-02 04:00:00 (25%)
  2100-Apr-22 16:00:00 (30.6%)
  2100-May-13 04:00:00 (36.2%)
  2100-Jun-02 16:00:00 (41.8%)
  2100-Jun-23 04:00:00 (47.4%)
  2100-Jul-13 16:00:00 (53.1%)
  2100-Aug-03 05:00:00 (58.7%)
  2100-Aug-23 17:00:00 (64.3%)
  2100-Sep-13 05:00:00 (69.9%)
  2100-Oct-03 15:00:00 (75.5%)
  2100-Oct-24 04:00:00 (81.1%)
  2100-Nov-13 16:00:00 (86.8%)
  2100-Dec-04 05:00:00 (92.4%)
  2100-Dec-24 15:00:00 (98%)
  2100-Dec-31 23:00:00 (100%)
Finished Program: 2014-Nov-18 11:09:02.357857
Elapsed Time: 00:00:35.683190
