instance.yaml
kiva v0.2.0-21-g785bfe1
Copyright (C) 2012-2014 Big Ladder Software
Web: www.bigladdersoftware.com

Starting Program: 2014-Nov-18 11:21:24.585202
Creating Domain...
  X Cells: 116
  Y Cells: 1
  Z Cells: 96
  Total Cells: 11136
Initializing Temperatures...
  2098-Nov-26 23:00:00
  2099-Jan-17 11:00:00
  2099-Feb-05 14:00:00
  2099-Feb-24 17:00:00
  2099-Mar-15 21:00:00
  2099-Apr-04 00:00:00
  2099-Apr-23 03:00:00
  2099-May-12 07:00:00
  2099-May-31 11:00:00
  2099-Jun-19 14:00:00
  2099-Jul-08 18:00:00
  2099-Jul-27 21:00:00
  2099-Aug-16 01:00:00
  2099-Sep-04 04:00:00
  2099-Sep-23 08:00:00
  2099-Oct-12 12:00:00
  2099-Oct-31 19:00:00
  2099-Nov-20 01:00:00
  2099-Dec-09 08:00:00
  2099-Dec-28 14:00:00
Beginning Simulation...
  2100-Jan-16 13:00:00 (4.3%)
  2100-Feb-04 11:00:00 (9.4%)
  2100-Feb-23 08:00:00 (14.6%)
  2100-Mar-14 05:00:00 (19.8%)
  2100-Apr-02 02:00:00 (25%)
  2100-Apr-21 02:00:00 (30.2%)
  2100-May-10 05:00:00 (35.4%)
  2100-May-29 07:00:00 (40.6%)
  2100-Jun-17 10:00:00 (45.9%)
  2100-Jul-06 13:00:00 (51.1%)
  2100-Jul-25 16:00:00 (56.3%)
  2100-Aug-13 19:00:00 (61.6%)
  2100-Sep-01 18:00:00 (66.8%)
  2100-Sep-20 21:00:00 (72%)
  2100-Oct-09 23:00:00 (77.2%)
  2100-Oct-29 02:00:00 (82.5%)
  2100-Nov-17 04:00:00 (87.7%)
  2100-Dec-06 07:00:00 (93%)
  2100-Dec-25 09:00:00 (98.2%)
  2100-Dec-31 23:00:00 (100%)
Finished Program: 2014-Nov-18 11:22:03.344491
Elapsed Time: 00:00:38.759289
