instance.yaml
kiva v0.2.0-21-g785bfe1
Copyright (C) 2012-2014 Big Ladder Software
Web: www.bigladdersoftware.com

Starting Program: 2014-Nov-18 11:29:25.765283
Creating Domain...
  X Cells: 201
  Y Cells: 1
  Z Cells: 113
  Total Cells: 22713
Initializing Temperatures...
  2098-Oct-01 23:00:00
  2099-Jan-03 02:00:00
  2099-Jan-13 01:00:00
  2099-Jan-23 01:00:00
  2099-Feb-02 01:00:00
  2099-Feb-12 01:00:00
  2099-Feb-22 01:00:00
  2099-Mar-04 01:00:00
  2099-Mar-14 01:00:00
  2099-Mar-24 01:00:00
  2099-Apr-03 01:00:00
  2099-Apr-13 01:00:00
  2099-Apr-23 02:00:00
  2099-May-03 02:00:00
  2099-May-13 02:00:00
  2099-May-23 02:00:00
  2099-Jun-02 02:00:00
  2099-Jun-12 03:00:00
  2099-Jun-22 02:00:00
  2099-Jul-02 03:00:00
  2099-Jul-12 03:00:00
  2099-Jul-22 03:00:00
  2099-Aug-01 03:00:00
  2099-Aug-11 03:00:00
  2099-Aug-21 03:00:00
  2099-Aug-31 04:00:00
  2099-Sep-10 04:00:00
  2099-Sep-20 04:00:00
  2099-Sep-30 04:00:00
  2099-Oct-10 05:00:00
  2099-Oct-20 05:00:00
  2099-Oct-30 05:00:00
  2099-Nov-09 05:00:00
  2099-Nov-19 06:00:00
  2099-Nov-29 06:00:00
  2099-Dec-09 06:00:00
  2099-Dec-19 06:00:00
  2099-Dec-29 06:00:00
Beginning Simulation...
  2100-Jan-08 03:00:00 (2%)
  2100-Jan-17 23:00:00 (4.6%)
  2100-Jan-27 20:00:00 (7.4%)
  2100-Feb-06 15:00:00 (10%)
  2100-Feb-16 11:00:00 (12.7%)
  2100-Feb-26 07:00:00 (15.4%)
  2100-Mar-08 03:00:00 (18.1%)
  2100-Mar-17 23:00:00 (20.8%)
  2100-Mar-27 20:00:00 (23.5%)
  2100-Apr-06 16:00:00 (26.2%)
  2100-Apr-16 12:00:00 (28.9%)
  2100-Apr-26 08:00:00 (31.6%)
  2100-May-06 04:00:00 (34.3%)
  2100-May-16 00:00:00 (37%)
  2100-May-25 20:00:00 (39.7%)
  2100-Jun-04 17:00:00 (42.4%)
  2100-Jun-14 13:00:00 (45.1%)
  2100-Jun-24 09:00:00 (47.8%)
  2100-Jul-04 05:00:00 (50.5%)
  2100-Jul-14 02:00:00 (53.2%)
  2100-Jul-23 22:00:00 (55.9%)
  2100-Aug-02 18:00:00 (58.6%)
  2100-Aug-12 14:00:00 (61.3%)
  2100-Aug-22 11:00:00 (64%)
  2100-Sep-01 07:00:00 (66.7%)
  2100-Sep-11 03:00:00 (69.3%)
  2100-Sep-20 22:00:00 (72%)
  2100-Sep-30 19:00:00 (74.7%)
  2100-Oct-10 15:00:00 (77.4%)
  2100-Oct-20 11:00:00 (80.1%)
  2100-Oct-30 08:00:00 (82.8%)
  2100-Nov-09 04:00:00 (85.5%)
  2100-Nov-18 22:00:00 (88.2%)
  2100-Nov-28 19:00:00 (90.9%)
  2100-Dec-08 15:00:00 (93.6%)
  2100-Dec-18 11:00:00 (96.3%)
  2100-Dec-28 08:00:00 (99%)
  2100-Dec-31 23:00:00 (100%)
Finished Program: 2014-Nov-18 11:30:40.368067
Elapsed Time: 00:01:14.602784
