instance.yaml
kiva v0.2.0-9-g526928a
Copyright (C) 2012-2014 Big Ladder Software
Web: www.bigladdersoftware.com

Starting Program: 2014-Oct-26 15:40:52.946716
Creating Domain...
  X Cells: 129
  Y Cells: 1
  Z Cells: 132
  Total Cells: 17028
Initializing Temperatures...
Warning: Solution did not converge after 1002 iterations.
  The final residual was: 0.000211666
  Solver status: 2
  2098-Nov-05 23:00:00
  2099-Jan-02 12:00:00
  2099-Jan-14 20:00:00
  2099-Jan-31 16:00:00
  2099-Feb-17 12:00:00
  2099-Mar-06 09:00:00
  2099-Mar-23 05:00:00
  2099-Apr-09 01:00:00
  2099-Apr-25 22:00:00
  2099-May-12 17:00:00
  2099-May-29 06:00:00
  2099-Jun-14 21:00:00
  2099-Jul-01 16:00:00
  2099-Jul-18 12:00:00
  2099-Aug-04 07:00:00
  2099-Aug-21 04:00:00
  2099-Sep-06 21:00:00
  2099-Sep-23 18:00:00
  2099-Oct-10 15:00:00
  2099-Oct-27 11:00:00
  2099-Nov-13 08:00:00
  2099-Nov-30 04:00:00
  2099-Dec-17 01:00:00
Beginning Simulation...
  2100-Jan-02 18:00:00 (0.5%)
  2100-Jan-18 15:00:00 (4.8%)
  2100-Feb-03 12:00:00 (9.2%)
  2100-Feb-19 08:00:00 (13.5%)
  2100-Mar-07 04:00:00 (17.9%)
  2100-Mar-23 01:00:00 (22.2%)
  2100-Apr-07 22:00:00 (26.6%)
  2100-Apr-23 18:00:00 (30.9%)
  2100-May-09 14:00:00 (35.2%)
  2100-May-25 11:00:00 (39.6%)
  2100-Jun-10 08:00:00 (43.9%)
  2100-Jun-26 05:00:00 (48.3%)
  2100-Jul-12 02:00:00 (52.6%)
  2100-Jul-27 23:00:00 (57%)
  2100-Aug-12 20:00:00 (61.3%)
  2100-Aug-28 18:00:00 (65.7%)
  2100-Sep-13 15:00:00 (70%)
  2100-Sep-29 12:00:00 (74.4%)
  2100-Oct-15 08:00:00 (78.7%)
  2100-Oct-31 05:00:00 (83.1%)
  2100-Nov-16 02:00:00 (87.4%)
  2100-Dec-01 23:00:00 (91.8%)
  2100-Dec-17 19:00:00 (96.1%)
  2100-Dec-31 23:00:00 (100%)
Finished Program: 2014-Oct-26 15:41:39.894088
Elapsed Time: 00:00:46.947372
