instance.yaml
kiva v0.2.0-21-g785bfe1
Copyright (C) 2012-2014 Big Ladder Software
Web: www.bigladdersoftware.com

Starting Program: 2014-Nov-18 11:17:29.882928
Creating Domain...
  X Cells: 197
  Y Cells: 1
  Z Cells: 113
  Total Cells: 22261
Initializing Temperatures...
  2099-Jan-02 15:00:00
  2099-Jan-12 15:00:00
  2099-Jan-22 16:00:00
  2099-Feb-01 16:00:00
  2099-Feb-11 17:00:00
  2099-Feb-21 17:00:00
  2099-Mar-03 18:00:00
  2099-Mar-13 18:00:00
  2099-Mar-23 19:00:00
  2099-Apr-02 19:00:00
  2099-Apr-12 20:00:00
  2099-Apr-22 20:00:00
  2099-May-02 21:00:00
  2099-May-12 21:00:00
  2099-May-22 22:00:00
  2099-Jun-01 23:00:00
  2099-Jun-11 23:00:00
  2099-Jun-22 00:00:00
  2099-Jul-02 00:00:00
  2099-Jul-12 01:00:00
  2099-Jul-22 01:00:00
  2099-Aug-01 02:00:00
  2099-Aug-11 02:00:00
  2099-Aug-21 03:00:00
  2099-Aug-31 03:00:00
  2099-Sep-10 04:00:00
  2099-Sep-20 05:00:00
  2099-Sep-30 05:00:00
  2099-Oct-10 06:00:00
  2099-Oct-20 06:00:00
  2099-Oct-30 07:00:00
  2099-Nov-09 07:00:00
  2099-Nov-19 08:00:00
  2099-Nov-29 08:00:00
  2099-Dec-09 09:00:00
  2099-Dec-19 10:00:00
  2099-Dec-29 10:00:00
Beginning Simulation...
  2100-Jan-08 08:00:00 (2%)
  2100-Jan-18 04:00:00 (4.7%)
  2100-Jan-28 00:00:00 (7.4%)
  2100-Feb-06 21:00:00 (10.1%)
  2100-Feb-16 17:00:00 (12.8%)
  2100-Feb-26 13:00:00 (15.5%)
  2100-Mar-08 10:00:00 (18.2%)
  2100-Mar-18 06:00:00 (20.9%)
  2100-Mar-28 03:00:00 (23.6%)
  2100-Apr-06 23:00:00 (26.3%)
  2100-Apr-16 20:00:00 (29%)
  2100-Apr-26 16:00:00 (31.7%)
  2100-May-06 13:00:00 (34.4%)
  2100-May-16 09:00:00 (37.1%)
  2100-May-26 05:00:00 (39.8%)
  2100-Jun-05 02:00:00 (42.5%)
  2100-Jun-14 23:00:00 (45.2%)
  2100-Jun-24 19:00:00 (47.9%)
  2100-Jul-04 16:00:00 (50.6%)
  2100-Jul-14 12:00:00 (53.3%)
  2100-Jul-24 09:00:00 (56%)
  2100-Aug-03 05:00:00 (58.7%)
  2100-Aug-13 02:00:00 (61.4%)
  2100-Aug-22 22:00:00 (64.1%)
  2100-Sep-01 20:00:00 (66.8%)
  2100-Sep-11 19:00:00 (69.5%)
  2100-Sep-21 18:00:00 (72.3%)
  2100-Oct-01 17:00:00 (75%)
  2100-Oct-11 16:00:00 (77.7%)
  2100-Oct-21 15:00:00 (80.4%)
  2100-Oct-31 14:00:00 (83.2%)
  2100-Nov-10 12:00:00 (85.9%)
  2100-Nov-20 10:00:00 (88.6%)
  2100-Nov-30 09:00:00 (91.3%)
  2100-Dec-10 08:00:00 (94.1%)
  2100-Dec-20 07:00:00 (96.8%)
  2100-Dec-30 06:00:00 (99.5%)
  2100-Dec-31 23:00:00 (100%)
Finished Program: 2014-Nov-18 11:18:44.175241
Elapsed Time: 00:01:14.292313
