instance.yaml
kiva v0.2.0-21-g785bfe1
Copyright (C) 2012-2014 Big Ladder Software
Web: www.bigladdersoftware.com

Starting Program: 2014-Nov-18 11:01:26.300113
Creating Domain...
  X Cells: 92
  Y Cells: 1
  Z Cells: 103
  Total Cells: 9476
Initializing Temperatures...
  2099-Jan-03 05:00:00
  2099-Jan-28 03:00:00
  2099-Feb-22 00:00:00
  2099-Mar-18 22:00:00
  2099-Apr-12 20:00:00
  2099-May-07 18:00:00
  2099-Jun-01 15:00:00
  2099-Jun-26 14:00:00
  2099-Jul-21 11:00:00
  2099-Aug-15 09:00:00
  2099-Sep-09 07:00:00
  2099-Oct-04 05:00:00
  2099-Oct-29 03:00:00
  2099-Nov-23 01:00:00
  2099-Dec-17 23:00:00
Beginning Simulation...
  2100-Jan-11 15:00:00 (2.9%)
  2100-Feb-04 23:00:00 (9.6%)
  2100-Mar-01 08:00:00 (16.3%)
  2100-Mar-25 16:00:00 (22.9%)
  2100-Apr-19 01:00:00 (29.6%)
  2100-May-13 10:00:00 (36.3%)
  2100-Jun-06 18:00:00 (42.9%)
  2100-Jul-01 03:00:00 (49.6%)
  2100-Jul-25 11:00:00 (56.3%)
  2100-Aug-18 20:00:00 (63%)
  2100-Sep-12 04:00:00 (69.6%)
  2100-Oct-06 12:00:00 (76.3%)
  2100-Oct-30 21:00:00 (83%)
  2100-Nov-24 06:00:00 (89.7%)
  2100-Dec-18 14:00:00 (96.3%)
  2100-Dec-31 23:00:00 (100%)
Finished Program: 2014-Nov-18 11:01:56.549778
Elapsed Time: 00:00:30.249665
