instance.yaml
kiva v0.2.0-20-g4c7c200
Copyright (C) 2012-2014 Big Ladder Software
Web: www.bigladdersoftware.com

Starting Program: 2014-Nov-17 14:12:18.350687
Creating Domain...
  X Cells: 127
  Y Cells: 1
  Z Cells: 96
  Total Cells: 12192
Initializing Temperatures...
  2099-Jan-01 16:00:00
  2099-Jan-20 04:00:00
  2099-Feb-07 16:00:00
  2099-Feb-26 04:00:00
  2099-Mar-16 16:00:00
  2099-Apr-04 04:00:00
  2099-Apr-22 16:00:00
  2099-May-11 04:00:00
  2099-May-29 16:00:00
  2099-Jun-17 04:00:00
  2099-Jul-05 16:00:00
  2099-Jul-24 04:00:00
  2099-Aug-11 16:00:00
  2099-Aug-30 04:00:00
  2099-Sep-17 16:00:00
  2099-Oct-06 05:00:00
  2099-Oct-24 20:00:00
  2099-Nov-12 10:00:00
  2099-Dec-01 01:00:00
  2099-Dec-19 15:00:00
Beginning Simulation...
  2100-Jan-07 01:00:00 (1.7%)
  2100-Jan-25 02:00:00 (6.6%)
  2100-Feb-12 04:00:00 (11.6%)
  2100-Mar-02 05:00:00 (16.5%)
  2100-Mar-20 05:00:00 (21.4%)
  2100-Apr-07 06:00:00 (26.4%)
  2100-Apr-25 08:00:00 (31.3%)
  2100-May-13 10:00:00 (36.3%)
  2100-May-31 12:00:00 (41.2%)
  2100-Jun-18 14:00:00 (46.2%)
  2100-Jul-06 15:00:00 (51.1%)
  2100-Jul-24 17:00:00 (56.1%)
  2100-Aug-11 19:00:00 (61%)
  2100-Aug-29 21:00:00 (66%)
  2100-Sep-16 19:00:00 (70.9%)
  2100-Oct-04 21:00:00 (75.9%)
  2100-Oct-22 23:00:00 (80.8%)
  2100-Nov-10 00:00:00 (85.8%)
  2100-Nov-28 02:00:00 (90.7%)
  2100-Dec-16 04:00:00 (95.7%)
  2100-Dec-31 23:00:00 (100%)
Finished Program: 2014-Nov-17 14:12:58.876215
Elapsed Time: 00:00:40.525528
