instance.yaml
kiva v0.2.0-19-ge248292
Copyright (C) 2012-2014 Big Ladder Software
Web: www.bigladdersoftware.com

Starting Program: 2014-Nov-17 08:46:12.223689
Creating Domain...
  X Cells: 255
  Y Cells: 1
  Z Cells: 103
  Total Cells: 26265
Initializing Temperatures...
  2098-Nov-12 23:00:00
  2099-Jan-05 08:00:00
  2099-Jan-13 18:00:00
  2099-Jan-22 03:00:00
  2099-Jan-30 12:00:00
  2099-Feb-07 21:00:00
  2099-Feb-16 06:00:00
  2099-Feb-24 15:00:00
  2099-Mar-05 00:00:00
  2099-Mar-13 10:00:00
  2099-Mar-21 19:00:00
  2099-Mar-30 04:00:00
  2099-Apr-07 13:00:00
  2099-Apr-15 22:00:00
  2099-Apr-24 07:00:00
  2099-May-02 17:00:00
  2099-May-11 01:00:00
  2099-May-19 10:00:00
  2099-May-27 20:00:00
  2099-Jun-05 05:00:00
  2099-Jun-13 14:00:00
  2099-Jun-22 00:00:00
  2099-Jun-30 09:00:00
  2099-Jul-08 18:00:00
  2099-Jul-17 03:00:00
  2099-Jul-25 12:00:00
  2099-Aug-02 22:00:00
  2099-Aug-11 07:00:00
  2099-Aug-19 16:00:00
  2099-Aug-28 01:00:00
  2099-Sep-05 11:00:00
  2099-Sep-13 20:00:00
  2099-Sep-22 05:00:00
  2099-Sep-30 15:00:00
  2099-Oct-09 01:00:00
  2099-Oct-17 11:00:00
  2099-Oct-25 21:00:00
  2099-Nov-03 07:00:00
  2099-Nov-11 17:00:00
  2099-Nov-20 03:00:00
  2099-Nov-28 13:00:00
  2099-Dec-06 23:00:00
  2099-Dec-15 09:00:00
  2099-Dec-23 20:00:00
Beginning Simulation...
  2100-Jan-01 07:00:00 (0.1%)
  2100-Jan-09 15:00:00 (2.4%)
  2100-Jan-18 00:00:00 (4.7%)
  2100-Jan-26 08:00:00 (6.9%)
  2100-Feb-03 16:00:00 (9.2%)
  2100-Feb-12 00:00:00 (11.5%)
  2100-Feb-20 08:00:00 (13.8%)
  2100-Feb-28 17:00:00 (16.1%)
  2100-Mar-09 01:00:00 (18.4%)
  2100-Mar-17 09:00:00 (20.7%)
  2100-Mar-25 17:00:00 (22.9%)
  2100-Apr-03 02:00:00 (25.2%)
  2100-Apr-11 10:00:00 (27.5%)
  2100-Apr-19 18:00:00 (29.8%)
  2100-Apr-28 03:00:00 (32.1%)
  2100-May-06 11:00:00 (34.4%)
  2100-May-14 20:00:00 (36.7%)
  2100-May-23 04:00:00 (38.9%)
  2100-May-31 12:00:00 (41.2%)
  2100-Jun-08 20:00:00 (43.5%)
  2100-Jun-17 05:00:00 (45.8%)
  2100-Jun-25 13:00:00 (48.1%)
  2100-Jul-03 22:00:00 (50.4%)
  2100-Jul-12 06:00:00 (52.7%)
  2100-Jul-20 15:00:00 (55%)
  2100-Jul-28 23:00:00 (57.2%)
  2100-Aug-06 07:00:00 (59.5%)
  2100-Aug-14 16:00:00 (61.8%)
  2100-Aug-23 00:00:00 (64.1%)
  2100-Aug-31 09:00:00 (66.4%)
  2100-Sep-08 17:00:00 (68.7%)
  2100-Sep-17 02:00:00 (71%)
  2100-Sep-25 09:00:00 (73.3%)
  2100-Oct-03 17:00:00 (75.5%)
  2100-Oct-12 02:00:00 (77.8%)
  2100-Oct-20 10:00:00 (80.1%)
  2100-Oct-28 19:00:00 (82.4%)
  2100-Nov-06 03:00:00 (84.7%)
  2100-Nov-14 12:00:00 (87%)
  2100-Nov-22 20:00:00 (89.3%)
  2100-Dec-01 05:00:00 (91.6%)
  2100-Dec-09 13:00:00 (93.8%)
  2100-Dec-17 22:00:00 (96.1%)
  2100-Dec-26 06:00:00 (98.4%)
  2100-Dec-31 23:00:00 (100%)
Finished Program: 2014-Nov-17 08:47:40.686433
Elapsed Time: 00:01:28.462744
