instance.yaml
kiva v0.2.0-21-g785bfe1
Copyright (C) 2012-2014 Big Ladder Software
Web: www.bigladdersoftware.com

Starting Program: 2014-Nov-18 11:23:28.861410
Creating Domain...
  X Cells: 172
  Y Cells: 1
  Z Cells: 125
  Total Cells: 21500
Initializing Temperatures...
  2099-Jan-02 18:00:00
  2099-Jan-13 15:00:00
  2099-Jan-24 11:00:00
  2099-Feb-04 08:00:00
  2099-Feb-15 04:00:00
  2099-Feb-26 01:00:00
  2099-Mar-08 21:00:00
  2099-Mar-19 18:00:00
  2099-Mar-30 09:00:00
  2099-Apr-10 01:00:00
  2099-Apr-20 18:00:00
  2099-May-01 13:00:00
  2099-May-12 10:00:00
  2099-May-23 04:00:00
  2099-Jun-03 00:00:00
  2099-Jun-13 21:00:00
  2099-Jun-24 18:00:00
  2099-Jul-05 15:00:00
  2099-Jul-16 11:00:00
  2099-Jul-27 08:00:00
  2099-Aug-07 05:00:00
  2099-Aug-18 01:00:00
  2099-Aug-28 22:00:00
  2099-Sep-08 19:00:00
  2099-Sep-19 15:00:00
  2099-Sep-30 12:00:00
  2099-Oct-11 09:00:00
  2099-Oct-22 05:00:00
  2099-Nov-02 02:00:00
  2099-Nov-12 23:00:00
  2099-Nov-23 19:00:00
  2099-Dec-04 16:00:00
  2099-Dec-15 13:00:00
  2099-Dec-26 10:00:00
Beginning Simulation...
  2100-Jan-05 21:00:00 (1.3%)
  2100-Jan-15 23:00:00 (4.1%)
  2100-Jan-26 01:00:00 (6.9%)
  2100-Feb-05 02:00:00 (9.6%)
  2100-Feb-15 04:00:00 (12.4%)
  2100-Feb-25 06:00:00 (15.1%)
  2100-Mar-07 07:00:00 (17.9%)
  2100-Mar-17 08:00:00 (20.6%)
  2100-Mar-27 11:00:00 (23.4%)
  2100-Apr-06 13:00:00 (26.2%)
  2100-Apr-16 15:00:00 (28.9%)
  2100-Apr-26 18:00:00 (31.7%)
  2100-May-06 21:00:00 (34.5%)
  2100-May-16 23:00:00 (37.2%)
  2100-May-27 02:00:00 (40%)
  2100-Jun-06 05:00:00 (42.8%)
  2100-Jun-16 08:00:00 (45.6%)
  2100-Jun-26 10:00:00 (48.3%)
  2100-Jul-06 15:00:00 (51.1%)
  2100-Jul-16 20:00:00 (53.9%)
  2100-Jul-27 01:00:00 (56.7%)
  2100-Aug-06 05:00:00 (59.5%)
  2100-Aug-16 10:00:00 (62.3%)
  2100-Aug-26 15:00:00 (65.1%)
  2100-Sep-05 20:00:00 (67.9%)
  2100-Sep-16 01:00:00 (70.7%)
  2100-Sep-26 06:00:00 (73.5%)
  2100-Oct-06 11:00:00 (76.3%)
  2100-Oct-16 16:00:00 (79.1%)
  2100-Oct-26 21:00:00 (81.9%)
  2100-Nov-06 02:00:00 (84.7%)
  2100-Nov-16 07:00:00 (87.5%)
  2100-Nov-26 10:00:00 (90.3%)
  2100-Dec-06 15:00:00 (93%)
  2100-Dec-16 20:00:00 (95.8%)
  2100-Dec-27 01:00:00 (98.6%)
  2100-Dec-31 23:00:00 (100%)
Finished Program: 2014-Nov-18 11:24:39.484107
Elapsed Time: 00:01:10.622697
