instance.yaml
kiva v0.2.0-20-g4c7c200
Copyright (C) 2012-2014 Big Ladder Software
Web: www.bigladdersoftware.com

Starting Program: 2014-Nov-17 14:15:20.447821
Creating Domain...
  X Cells: 119
  Y Cells: 1
  Z Cells: 96
  Total Cells: 11424
Initializing Temperatures...
  2098-Dec-24 23:00:00
  2099-Jan-20 00:00:00
  2099-Feb-08 16:00:00
  2099-Feb-28 07:00:00
  2099-Mar-19 23:00:00
  2099-Apr-08 14:00:00
  2099-Apr-28 06:00:00
  2099-May-17 22:00:00
  2099-Jun-06 13:00:00
  2099-Jun-26 05:00:00
  2099-Jul-15 21:00:00
  2099-Aug-04 13:00:00
  2099-Aug-24 04:00:00
  2099-Sep-12 20:00:00
  2099-Oct-02 12:00:00
  2099-Oct-22 04:00:00
  2099-Nov-10 19:00:00
  2099-Nov-30 11:00:00
  2099-Dec-20 03:00:00
Beginning Simulation...
  2100-Jan-08 13:00:00 (2.1%)
  2100-Jan-27 16:00:00 (7.3%)
  2100-Feb-15 18:00:00 (12.5%)
  2100-Mar-06 19:00:00 (17.8%)
  2100-Mar-25 21:00:00 (23%)
  2100-Apr-13 23:00:00 (28.2%)
  2100-May-03 02:00:00 (33.4%)
  2100-May-22 04:00:00 (38.7%)
  2100-Jun-10 06:00:00 (43.9%)
  2100-Jun-29 08:00:00 (49.1%)
  2100-Jul-18 11:00:00 (54.4%)
  2100-Aug-06 12:00:00 (59.6%)
  2100-Aug-25 12:00:00 (64.8%)
  2100-Sep-13 13:00:00 (70%)
  2100-Oct-02 16:00:00 (75.3%)
  2100-Oct-21 18:00:00 (80.5%)
  2100-Nov-09 21:00:00 (85.7%)
  2100-Nov-28 23:00:00 (90.9%)
  2100-Dec-18 02:00:00 (96.2%)
  2100-Dec-31 23:00:00 (100%)
Finished Program: 2014-Nov-17 14:15:58.729514
Elapsed Time: 00:00:38.281693
