instance.yaml
kiva v0.2.0-9-g526928a
Copyright (C) 2012-2014 Big Ladder Software
Web: www.bigladdersoftware.com

Starting Program: 2014-Nov-15 11:22:47.688156
Creating Domain...
  X Cells: 168
  Y Cells: 1
  Z Cells: 113
  Total Cells: 18984
Initializing Temperatures...
  2098-Oct-08 23:00:00
  2099-Jan-06 07:00:00
  2099-Jan-18 00:00:00
  2099-Jan-29 16:00:00
  2099-Feb-10 09:00:00
  2099-Feb-22 02:00:00
  2099-Mar-05 18:00:00
  2099-Mar-17 11:00:00
  2099-Mar-29 04:00:00
  2099-Apr-09 20:00:00
  2099-Apr-21 13:00:00
  2099-May-03 06:00:00
  2099-May-14 23:00:00
  2099-May-26 16:00:00
  2099-Jun-07 08:00:00
  2099-Jun-19 01:00:00
  2099-Jun-30 18:00:00
  2099-Jul-12 11:00:00
  2099-Jul-24 03:00:00
  2099-Aug-04 20:00:00
  2099-Aug-16 13:00:00
  2099-Aug-28 06:00:00
  2099-Sep-08 22:00:00
  2099-Sep-20 15:00:00
  2099-Oct-02 08:00:00
  2099-Oct-14 01:00:00
  2099-Oct-25 17:00:00
  2099-Nov-06 08:00:00
  2099-Nov-18 01:00:00
  2099-Nov-29 19:00:00
  2099-Dec-11 15:00:00
  2099-Dec-23 11:00:00
Beginning Simulation...
  2100-Jan-04 06:00:00 (0.9%)
  2100-Jan-15 22:00:00 (4.1%)
  2100-Jan-27 14:00:00 (7.3%)
  2100-Feb-08 05:00:00 (10.5%)
  2100-Feb-19 21:00:00 (13.7%)
  2100-Mar-03 13:00:00 (16.9%)
  2100-Mar-15 04:00:00 (20%)
  2100-Mar-26 21:00:00 (23.3%)
  2100-Apr-07 16:00:00 (26.5%)
  2100-Apr-19 10:00:00 (29.7%)
  2100-May-01 05:00:00 (32.9%)
  2100-May-12 23:00:00 (36.2%)
  2100-May-24 18:00:00 (39.4%)
  2100-Jun-05 12:00:00 (42.6%)
  2100-Jun-17 07:00:00 (45.8%)
  2100-Jun-29 01:00:00 (49.1%)
  2100-Jul-10 20:00:00 (52.3%)
  2100-Jul-22 14:00:00 (55.5%)
  2100-Aug-03 08:00:00 (58.7%)
  2100-Aug-15 03:00:00 (62%)
  2100-Aug-26 21:00:00 (65.2%)
  2100-Sep-07 15:00:00 (68.4%)
  2100-Sep-19 10:00:00 (71.6%)
  2100-Oct-01 04:00:00 (74.8%)
  2100-Oct-12 23:00:00 (78.1%)
  2100-Oct-24 17:00:00 (81.3%)
  2100-Nov-05 12:00:00 (84.5%)
  2100-Nov-17 06:00:00 (87.7%)
  2100-Nov-29 01:00:00 (91%)
  2100-Dec-10 19:00:00 (94.2%)
  2100-Dec-22 14:00:00 (97.4%)
  2100-Dec-31 23:00:00 (100%)
Finished Program: 2014-Nov-15 11:23:50.799983
Elapsed Time: 00:01:03.111827
