instance.yaml
kiva v0.2.0-9-g526928a
Copyright (C) 2012-2014 Big Ladder Software
Web: www.bigladdersoftware.com

Starting Program: 2014-Oct-26 15:41:44.187791
Creating Domain...
  X Cells: 91
  Y Cells: 1
  Z Cells: 113
  Total Cells: 10283
Initializing Temperatures...
  2098-Nov-26 23:00:00
  2099-Jan-13 06:00:00
  2099-Feb-07 12:00:00
  2099-Mar-04 18:00:00
  2099-Mar-30 00:00:00
  2099-Apr-24 06:00:00
  2099-May-19 12:00:00
  2099-Jun-13 18:00:00
  2099-Jul-09 00:00:00
  2099-Aug-03 05:00:00
  2099-Aug-28 11:00:00
  2099-Sep-22 17:00:00
  2099-Oct-17 23:00:00
  2099-Nov-12 05:00:00
  2099-Dec-07 11:00:00
Beginning Simulation...
  2100-Jan-01 17:00:00 (0.2%)
  2100-Jan-26 10:00:00 (7%)
  2100-Feb-20 02:00:00 (13.7%)
  2100-Mar-16 19:00:00 (20.5%)
  2100-Apr-10 11:00:00 (27.2%)
  2100-May-05 03:00:00 (34%)
  2100-May-29 20:00:00 (40.8%)
  2100-Jun-23 11:00:00 (47.5%)
  2100-Jul-18 04:00:00 (54.3%)
  2100-Aug-11 20:00:00 (61.1%)
  2100-Sep-05 12:00:00 (67.8%)
  2100-Sep-30 05:00:00 (74.6%)
  2100-Oct-24 21:00:00 (81.3%)
  2100-Nov-18 13:00:00 (88.1%)
  2100-Dec-13 05:00:00 (94.9%)
  2100-Dec-31 23:00:00 (100%)
Finished Program: 2014-Oct-26 15:42:14.759270
Elapsed Time: 00:00:30.571479
