instance.yaml
kiva v0.2.0-21-g785bfe1
Copyright (C) 2012-2014 Big Ladder Software
Web: www.bigladdersoftware.com

Starting Program: 2014-Nov-18 11:12:26.675973
Creating Domain...
  X Cells: 239
  Y Cells: 1
  Z Cells: 96
  Total Cells: 22944
Initializing Temperatures...
  2098-Oct-08 23:00:00
  2099-Jan-02 18:00:00
  2099-Jan-12 02:00:00
  2099-Jan-21 11:00:00
  2099-Jan-30 20:00:00
  2099-Feb-09 05:00:00
  2099-Feb-18 13:00:00
  2099-Feb-27 22:00:00
  2099-Mar-09 07:00:00
  2099-Mar-18 15:00:00
  2099-Mar-28 00:00:00
  2099-Apr-06 09:00:00
  2099-Apr-15 18:00:00
  2099-Apr-25 02:00:00
  2099-May-04 11:00:00
  2099-May-13 20:00:00
  2099-May-23 05:00:00
  2099-Jun-01 14:00:00
  2099-Jun-10 22:00:00
  2099-Jun-20 06:00:00
  2099-Jun-29 15:00:00
  2099-Jul-09 00:00:00
  2099-Jul-18 08:00:00
  2099-Jul-27 17:00:00
  2099-Aug-06 02:00:00
  2099-Aug-15 10:00:00
  2099-Aug-24 19:00:00
  2099-Sep-03 04:00:00
  2099-Sep-12 12:00:00
  2099-Sep-21 21:00:00
  2099-Oct-01 06:00:00
  2099-Oct-10 14:00:00
  2099-Oct-19 23:00:00
  2099-Oct-29 08:00:00
  2099-Nov-07 17:00:00
  2099-Nov-17 01:00:00
  2099-Nov-26 10:00:00
  2099-Dec-05 19:00:00
  2099-Dec-15 03:00:00
  2099-Dec-24 12:00:00
Beginning Simulation...
  2100-Jan-02 20:00:00 (0.5%)
  2100-Jan-12 02:00:00 (3%)
  2100-Jan-21 08:00:00 (5.6%)
  2100-Jan-30 13:00:00 (8.1%)
  2100-Feb-08 19:00:00 (10.6%)
  2100-Feb-18 00:00:00 (13.2%)
  2100-Feb-27 06:00:00 (15.7%)
  2100-Mar-08 11:00:00 (18.2%)
  2100-Mar-17 17:00:00 (20.7%)
  2100-Mar-26 23:00:00 (23.3%)
  2100-Apr-05 04:00:00 (25.8%)
  2100-Apr-14 10:00:00 (28.3%)
  2100-Apr-23 16:00:00 (30.9%)
  2100-May-02 21:00:00 (33.4%)
  2100-May-12 03:00:00 (35.9%)
  2100-May-21 08:00:00 (38.4%)
  2100-May-30 14:00:00 (41%)
  2100-Jun-08 20:00:00 (43.5%)
  2100-Jun-18 02:00:00 (46.1%)
  2100-Jun-27 07:00:00 (48.6%)
  2100-Jul-06 13:00:00 (51.1%)
  2100-Jul-15 19:00:00 (53.6%)
  2100-Jul-25 01:00:00 (56.2%)
  2100-Aug-03 06:00:00 (58.7%)
  2100-Aug-12 11:00:00 (61.2%)
  2100-Aug-21 17:00:00 (63.8%)
  2100-Aug-30 23:00:00 (66.3%)
  2100-Sep-09 04:00:00 (68.8%)
  2100-Sep-18 10:00:00 (71.3%)
  2100-Sep-27 16:00:00 (73.9%)
  2100-Oct-06 22:00:00 (76.4%)
  2100-Oct-16 03:00:00 (78.9%)
  2100-Oct-25 08:00:00 (81.5%)
  2100-Nov-03 13:00:00 (84%)
  2100-Nov-12 19:00:00 (86.5%)
  2100-Nov-22 01:00:00 (89.1%)
  2100-Dec-01 06:00:00 (91.6%)
  2100-Dec-10 12:00:00 (94.1%)
  2100-Dec-19 18:00:00 (96.6%)
  2100-Dec-28 23:00:00 (99.2%)
  2100-Dec-31 23:00:00 (100%)
Finished Program: 2014-Nov-18 11:13:46.324773
Elapsed Time: 00:01:19.648800
