instance.yaml
kiva v0.2.0-9-g526928a
Copyright (C) 2012-2014 Big Ladder Software
Web: www.bigladdersoftware.com

Starting Program: 2014-Nov-15 11:51:43.636691
Creating Domain...
  X Cells: 239
  Y Cells: 1
  Z Cells: 127
  Total Cells: 30353
Initializing Temperatures...
  2098-Oct-08 23:00:00
  2099-Jan-01 23:00:00
  2099-Jan-10 20:00:00
  2099-Jan-19 17:00:00
  2099-Jan-28 14:00:00
  2099-Feb-06 11:00:00
  2099-Feb-15 08:00:00
  2099-Feb-24 04:00:00
  2099-Mar-05 01:00:00
  2099-Mar-13 22:00:00
  2099-Mar-22 16:00:00
  2099-Mar-31 13:00:00
  2099-Apr-09 10:00:00
  2099-Apr-18 07:00:00
  2099-Apr-27 04:00:00
  2099-May-06 01:00:00
  2099-May-14 22:00:00
  2099-May-23 19:00:00
  2099-Jun-01 16:00:00
  2099-Jun-10 13:00:00
  2099-Jun-19 10:00:00
  2099-Jun-28 07:00:00
  2099-Jul-07 04:00:00
  2099-Jul-16 00:00:00
  2099-Jul-24 21:00:00
  2099-Aug-02 18:00:00
  2099-Aug-11 15:00:00
  2099-Aug-20 12:00:00
  2099-Aug-29 09:00:00
  2099-Sep-07 06:00:00
  2099-Sep-16 03:00:00
  2099-Sep-25 00:00:00
  2099-Oct-03 21:00:00
  2099-Oct-12 18:00:00
  2099-Oct-21 15:00:00
  2099-Oct-30 12:00:00
  2099-Nov-08 09:00:00
  2099-Nov-17 06:00:00
  2099-Nov-26 03:00:00
  2099-Dec-05 00:00:00
  2099-Dec-13 20:00:00
  2099-Dec-22 17:00:00
  2099-Dec-31 14:00:00
Beginning Simulation...
  2100-Jan-08 21:00:00 (2.2%)
  2100-Jan-17 03:00:00 (4.4%)
  2100-Jan-25 08:00:00 (6.7%)
  2100-Feb-02 14:00:00 (8.9%)
  2100-Feb-10 20:00:00 (11.2%)
  2100-Feb-19 02:00:00 (13.4%)
  2100-Feb-27 08:00:00 (15.7%)
  2100-Mar-07 14:00:00 (18%)
  2100-Mar-15 20:00:00 (20.2%)
  2100-Mar-24 02:00:00 (22.5%)
  2100-Apr-01 08:00:00 (24.7%)
  2100-Apr-09 14:00:00 (27%)
  2100-Apr-17 20:00:00 (29.3%)
  2100-Apr-26 02:00:00 (31.5%)
  2100-May-04 08:00:00 (33.8%)
  2100-May-12 14:00:00 (36.1%)
  2100-May-20 21:00:00 (38.3%)
  2100-May-29 03:00:00 (40.6%)
  2100-Jun-06 09:00:00 (42.8%)
  2100-Jun-14 15:00:00 (45.1%)
  2100-Jun-22 21:00:00 (47.4%)
  2100-Jul-01 03:00:00 (49.6%)
  2100-Jul-09 09:00:00 (51.9%)
  2100-Jul-17 15:00:00 (54.1%)
  2100-Jul-25 22:00:00 (56.4%)
  2100-Aug-03 04:00:00 (58.7%)
  2100-Aug-11 10:00:00 (60.9%)
  2100-Aug-19 16:00:00 (63.2%)
  2100-Aug-27 22:00:00 (65.5%)
  2100-Sep-05 04:00:00 (67.7%)
  2100-Sep-13 10:00:00 (70%)
  2100-Sep-21 16:00:00 (72.2%)
  2100-Sep-29 21:00:00 (74.5%)
  2100-Oct-08 03:00:00 (76.7%)
  2100-Oct-16 10:00:00 (79%)
  2100-Oct-24 16:00:00 (81.3%)
  2100-Nov-01 22:00:00 (83.5%)
  2100-Nov-10 04:00:00 (85.8%)
  2100-Nov-18 10:00:00 (88.1%)
  2100-Nov-26 16:00:00 (90.3%)
  2100-Dec-04 22:00:00 (92.6%)
  2100-Dec-13 04:00:00 (94.8%)
  2100-Dec-21 10:00:00 (97.1%)
  2100-Dec-29 17:00:00 (99.4%)
  2100-Dec-31 23:00:00 (100%)
Finished Program: 2014-Nov-15 11:53:10.277633
Elapsed Time: 00:01:26.640942
