instance.yaml
kiva v0.2.0-20-g4c7c200
Copyright (C) 2012-2014 Big Ladder Software
Web: www.bigladdersoftware.com

Starting Program: 2014-Nov-17 14:09:19.986326
Creating Domain...
  X Cells: 120
  Y Cells: 1
  Z Cells: 127
  Total Cells: 15240
Initializing Temperatures...
  2099-Jan-04 20:00:00
  2099-Jan-21 04:00:00
  2099-Feb-06 12:00:00
  2099-Feb-22 20:00:00
  2099-Mar-11 04:00:00
  2099-Mar-27 12:00:00
  2099-Apr-12 20:00:00
  2099-Apr-29 04:00:00
  2099-May-15 12:00:00
  2099-May-31 20:00:00
  2099-Jun-17 04:00:00
  2099-Jul-03 12:00:00
  2099-Jul-19 20:00:00
  2099-Aug-05 05:00:00
  2099-Aug-21 13:00:00
  2099-Sep-06 22:00:00
  2099-Sep-23 06:00:00
  2099-Oct-09 15:00:00
  2099-Oct-26 00:00:00
  2099-Nov-11 08:00:00
  2099-Nov-27 17:00:00
  2099-Dec-14 01:00:00
  2099-Dec-30 09:00:00
Beginning Simulation...
  2100-Jan-14 17:00:00 (3.8%)
  2100-Jan-29 22:00:00 (7.9%)
  2100-Feb-14 04:00:00 (12.1%)
  2100-Mar-01 09:00:00 (16.3%)
  2100-Mar-16 15:00:00 (20.4%)
  2100-Mar-31 20:00:00 (24.6%)
  2100-Apr-16 02:00:00 (28.8%)
  2100-May-01 07:00:00 (33%)
  2100-May-16 11:00:00 (37.1%)
  2100-May-31 16:00:00 (41.3%)
  2100-Jun-15 22:00:00 (45.5%)
  2100-Jul-01 04:00:00 (49.6%)
  2100-Jul-16 09:00:00 (53.8%)
  2100-Jul-31 15:00:00 (58%)
  2100-Aug-15 21:00:00 (62.2%)
  2100-Aug-31 02:00:00 (66.3%)
  2100-Sep-15 08:00:00 (70.5%)
  2100-Sep-30 14:00:00 (74.7%)
  2100-Oct-15 20:00:00 (78.9%)
  2100-Oct-31 01:00:00 (83%)
  2100-Nov-15 07:00:00 (87.2%)
  2100-Nov-30 13:00:00 (91.4%)
  2100-Dec-15 18:00:00 (95.5%)
  2100-Dec-31 00:00:00 (99.7%)
  2100-Dec-31 23:00:00 (100%)
Finished Program: 2014-Nov-17 14:10:07.064490
Elapsed Time: 00:00:47.078164
