instance.yaml
kiva v0.2.0-21-g785bfe1
Copyright (C) 2012-2014 Big Ladder Software
Web: www.bigladdersoftware.com

Starting Program: 2014-Nov-18 11:27:25.068103
Creating Domain...
  X Cells: 183
  Y Cells: 1
  Z Cells: 133
  Total Cells: 24339
Initializing Temperatures...
  2098-Dec-17 23:00:00
  2099-Jan-09 19:00:00
  2099-Jan-19 15:00:00
  2099-Jan-29 11:00:00
  2099-Feb-08 07:00:00
  2099-Feb-18 04:00:00
  2099-Feb-28 00:00:00
  2099-Mar-09 20:00:00
  2099-Mar-19 16:00:00
  2099-Mar-29 13:00:00
  2099-Apr-08 09:00:00
  2099-Apr-18 05:00:00
  2099-Apr-28 01:00:00
  2099-May-07 21:00:00
  2099-May-17 18:00:00
  2099-May-27 14:00:00
  2099-Jun-06 10:00:00
  2099-Jun-16 07:00:00
  2099-Jun-26 03:00:00
  2099-Jul-05 23:00:00
  2099-Jul-15 19:00:00
  2099-Jul-25 16:00:00
  2099-Aug-04 12:00:00
  2099-Aug-14 08:00:00
  2099-Aug-24 05:00:00
  2099-Sep-03 01:00:00
  2099-Sep-12 22:00:00
  2099-Sep-22 18:00:00
  2099-Oct-02 14:00:00
  2099-Oct-12 11:00:00
  2099-Oct-22 07:00:00
  2099-Nov-01 04:00:00
  2099-Nov-11 00:00:00
  2099-Nov-20 20:00:00
  2099-Nov-30 16:00:00
  2099-Dec-10 12:00:00
  2099-Dec-20 09:00:00
  2099-Dec-30 05:00:00
Beginning Simulation...
  2100-Jan-08 11:00:00 (2%)
  2100-Jan-17 14:00:00 (4.5%)
  2100-Jan-26 17:00:00 (7%)
  2100-Feb-04 19:00:00 (9.5%)
  2100-Feb-13 22:00:00 (12%)
  2100-Feb-23 01:00:00 (14.5%)
  2100-Mar-04 05:00:00 (17%)
  2100-Mar-13 08:00:00 (19.5%)
  2100-Mar-22 12:00:00 (22.1%)
  2100-Mar-31 15:00:00 (24.6%)
  2100-Apr-09 19:00:00 (27.1%)
  2100-Apr-18 22:00:00 (29.6%)
  2100-Apr-28 01:00:00 (32.1%)
  2100-May-07 05:00:00 (34.6%)
  2100-May-16 08:00:00 (37.1%)
  2100-May-25 12:00:00 (39.6%)
  2100-Jun-03 15:00:00 (42.1%)
  2100-Jun-12 19:00:00 (44.6%)
  2100-Jun-21 22:00:00 (47.1%)
  2100-Jul-01 02:00:00 (49.6%)
  2100-Jul-10 05:00:00 (52.1%)
  2100-Jul-19 09:00:00 (54.6%)
  2100-Jul-28 12:00:00 (57.1%)
  2100-Aug-06 16:00:00 (59.6%)
  2100-Aug-15 19:00:00 (62.1%)
  2100-Aug-24 23:00:00 (64.6%)
  2100-Sep-03 03:00:00 (67.2%)
  2100-Sep-12 06:00:00 (69.7%)
  2100-Sep-21 10:00:00 (72.2%)
  2100-Sep-30 13:00:00 (74.7%)
  2100-Oct-09 17:00:00 (77.2%)
  2100-Oct-18 20:00:00 (79.7%)
  2100-Oct-27 23:00:00 (82.2%)
  2100-Nov-06 03:00:00 (84.7%)
  2100-Nov-15 06:00:00 (87.2%)
  2100-Nov-24 10:00:00 (89.7%)
  2100-Dec-03 14:00:00 (92.2%)
  2100-Dec-12 17:00:00 (94.7%)
  2100-Dec-21 21:00:00 (97.2%)
  2100-Dec-31 00:00:00 (99.7%)
  2100-Dec-31 23:00:00 (100%)
Finished Program: 2014-Nov-18 11:28:43.105952
Elapsed Time: 00:01:18.037849
