instance.yaml
kiva v0.2.0-9-g526928a
Copyright (C) 2012-2014 Big Ladder Software
Web: www.bigladdersoftware.com

Starting Program: 2014-Nov-15 11:52:43.163110
Creating Domain...
  X Cells: 186
  Y Cells: 1
  Z Cells: 113
  Total Cells: 21018
Initializing Temperatures...
  2098-Dec-24 23:00:00
  2099-Jan-11 10:00:00
  2099-Jan-22 22:00:00
  2099-Feb-03 09:00:00
  2099-Feb-14 21:00:00
  2099-Feb-26 09:00:00
  2099-Mar-09 21:00:00
  2099-Mar-21 09:00:00
  2099-Apr-01 20:00:00
  2099-Apr-13 08:00:00
  2099-Apr-24 20:00:00
  2099-May-06 08:00:00
  2099-May-17 20:00:00
  2099-May-29 08:00:00
  2099-Jun-09 20:00:00
  2099-Jun-21 08:00:00
  2099-Jul-02 20:00:00
  2099-Jul-14 08:00:00
  2099-Jul-25 20:00:00
  2099-Aug-06 07:00:00
  2099-Aug-17 19:00:00
  2099-Aug-29 07:00:00
  2099-Sep-09 19:00:00
  2099-Sep-21 07:00:00
  2099-Oct-02 19:00:00
  2099-Oct-14 07:00:00
  2099-Oct-25 19:00:00
  2099-Nov-06 07:00:00
  2099-Nov-17 19:00:00
  2099-Nov-29 07:00:00
  2099-Dec-10 18:00:00
  2099-Dec-22 06:00:00
Beginning Simulation...
  2100-Jan-02 17:00:00 (0.5%)
  2100-Jan-14 00:00:00 (3.6%)
  2100-Jan-25 06:00:00 (6.6%)
  2100-Feb-05 12:00:00 (9.7%)
  2100-Feb-16 19:00:00 (12.8%)
  2100-Feb-28 01:00:00 (15.9%)
  2100-Mar-11 07:00:00 (19%)
  2100-Mar-22 14:00:00 (22.1%)
  2100-Apr-02 20:00:00 (25.2%)
  2100-Apr-14 03:00:00 (28.3%)
  2100-Apr-25 09:00:00 (31.3%)
  2100-May-06 15:00:00 (34.4%)
  2100-May-17 22:00:00 (37.5%)
  2100-May-29 04:00:00 (40.6%)
  2100-Jun-09 11:00:00 (43.7%)
  2100-Jun-20 18:00:00 (46.8%)
  2100-Jul-02 00:00:00 (49.9%)
  2100-Jul-13 07:00:00 (53%)
  2100-Jul-24 13:00:00 (56%)
  2100-Aug-04 20:00:00 (59.1%)
  2100-Aug-16 02:00:00 (62.2%)
  2100-Aug-27 09:00:00 (65.3%)
  2100-Sep-07 16:00:00 (68.4%)
  2100-Sep-18 22:00:00 (71.5%)
  2100-Sep-30 05:00:00 (74.6%)
  2100-Oct-11 12:00:00 (77.7%)
  2100-Oct-22 18:00:00 (80.8%)
  2100-Nov-03 01:00:00 (83.8%)
  2100-Nov-14 07:00:00 (86.9%)
  2100-Nov-25 14:00:00 (90%)
  2100-Dec-06 21:00:00 (93.1%)
  2100-Dec-18 03:00:00 (96.2%)
  2100-Dec-29 09:00:00 (99.3%)
  2100-Dec-31 23:00:00 (100%)
Finished Program: 2014-Nov-15 11:53:48.230186
Elapsed Time: 00:01:05.067076
