instance.yaml
kiva v0.2.0-21-g785bfe1
Copyright (C) 2012-2014 Big Ladder Software
Web: www.bigladdersoftware.com

Starting Program: 2014-Nov-18 11:12:26.834531
Creating Domain...
  X Cells: 257
  Y Cells: 1
  Z Cells: 103
  Total Cells: 26471
Initializing Temperatures...
  2098-Dec-31 23:00:00
  2099-Jan-09 09:00:00
  2099-Jan-17 19:00:00
  2099-Jan-26 05:00:00
  2099-Feb-03 15:00:00
  2099-Feb-12 01:00:00
  2099-Feb-20 11:00:00
  2099-Feb-28 21:00:00
  2099-Mar-09 07:00:00
  2099-Mar-17 17:00:00
  2099-Mar-26 03:00:00
  2099-Apr-03 14:00:00
  2099-Apr-12 00:00:00
  2099-Apr-20 10:00:00
  2099-Apr-28 20:00:00
  2099-May-07 06:00:00
  2099-May-15 16:00:00
  2099-May-24 02:00:00
  2099-Jun-01 12:00:00
  2099-Jun-09 22:00:00
  2099-Jun-18 08:00:00
  2099-Jun-26 18:00:00
  2099-Jul-05 04:00:00
  2099-Jul-13 14:00:00
  2099-Jul-22 00:00:00
  2099-Jul-30 01:00:00
  2099-Aug-07 03:00:00
  2099-Aug-15 06:00:00
  2099-Aug-23 14:00:00
  2099-Aug-31 18:00:00
  2099-Sep-09 04:00:00
  2099-Sep-17 14:00:00
  2099-Sep-26 00:00:00
  2099-Oct-04 10:00:00
  2099-Oct-12 20:00:00
  2099-Oct-21 07:00:00
  2099-Oct-29 17:00:00
  2099-Nov-07 05:00:00
  2099-Nov-15 19:00:00
  2099-Nov-24 09:00:00
  2099-Dec-02 22:00:00
  2099-Dec-11 12:00:00
  2099-Dec-20 02:00:00
  2099-Dec-28 16:00:00
Beginning Simulation...
  2100-Jan-06 03:00:00 (1.4%)
  2100-Jan-14 12:00:00 (3.7%)
  2100-Jan-22 22:00:00 (6%)
  2100-Jan-31 08:00:00 (8.3%)
  2100-Feb-08 17:00:00 (10.6%)
  2100-Feb-17 03:00:00 (12.9%)
  2100-Feb-25 12:00:00 (15.2%)
  2100-Mar-05 22:00:00 (17.5%)
  2100-Mar-14 07:00:00 (19.8%)
  2100-Mar-22 17:00:00 (22.1%)
  2100-Mar-31 02:00:00 (24.4%)
  2100-Apr-08 12:00:00 (26.7%)
  2100-Apr-16 21:00:00 (29%)
  2100-Apr-25 07:00:00 (31.3%)
  2100-May-03 17:00:00 (33.6%)
  2100-May-12 02:00:00 (35.9%)
  2100-May-20 12:00:00 (38.2%)
  2100-May-28 22:00:00 (40.5%)
  2100-Jun-06 07:00:00 (42.8%)
  2100-Jun-14 16:00:00 (45.1%)
  2100-Jun-23 02:00:00 (47.4%)
  2100-Jul-01 11:00:00 (49.7%)
  2100-Jul-09 21:00:00 (52%)
  2100-Jul-18 06:00:00 (54.3%)
  2100-Jul-26 16:00:00 (56.6%)
  2100-Aug-04 01:00:00 (58.9%)
  2100-Aug-12 11:00:00 (61.2%)
  2100-Aug-20 20:00:00 (63.5%)
  2100-Aug-29 06:00:00 (65.8%)
  2100-Sep-06 16:00:00 (68.1%)
  2100-Sep-15 01:00:00 (70.4%)
  2100-Sep-23 11:00:00 (72.7%)
  2100-Oct-01 19:00:00 (75%)
  2100-Oct-10 05:00:00 (77.3%)
  2100-Oct-18 14:00:00 (79.6%)
  2100-Oct-27 00:00:00 (81.9%)
  2100-Nov-04 10:00:00 (84.2%)
  2100-Nov-12 20:00:00 (86.5%)
  2100-Nov-21 05:00:00 (88.8%)
  2100-Nov-29 15:00:00 (91.1%)
  2100-Dec-08 01:00:00 (93.4%)
  2100-Dec-16 10:00:00 (95.7%)
  2100-Dec-24 20:00:00 (98%)
  2100-Dec-31 23:00:00 (100%)
Finished Program: 2014-Nov-18 11:13:54.849764
Elapsed Time: 00:01:28.015233
