instance.yaml
kiva v0.2.0-21-g785bfe1
Copyright (C) 2012-2014 Big Ladder Software
Web: www.bigladdersoftware.com

Starting Program: 2014-Nov-18 11:22:26.423974
Creating Domain...
  X Cells: 93
  Y Cells: 1
  Z Cells: 158
  Total Cells: 14694
Initializing Temperatures...
  2098-Dec-17 23:00:00
  2099-Jan-17 01:00:00
  2099-Feb-03 11:00:00
  2099-Feb-20 20:00:00
  2099-Mar-10 05:00:00
  2099-Mar-27 15:00:00
  2099-Apr-14 00:00:00
  2099-May-01 10:00:00
  2099-May-18 20:00:00
  2099-Jun-05 05:00:00
  2099-Jun-22 15:00:00
  2099-Jul-10 00:00:00
  2099-Jul-27 10:00:00
  2099-Aug-13 20:00:00
  2099-Aug-31 05:00:00
  2099-Sep-17 09:00:00
  2099-Oct-04 09:00:00
  2099-Oct-21 17:00:00
  2099-Nov-08 01:00:00
  2099-Nov-25 09:00:00
  2099-Dec-12 18:00:00
  2099-Dec-30 04:00:00
Beginning Simulation...
  2100-Jan-15 02:00:00 (3.9%)
  2100-Jan-30 20:00:00 (8.2%)
  2100-Feb-15 13:00:00 (12.5%)
  2100-Mar-03 07:00:00 (16.8%)
  2100-Mar-19 00:00:00 (21.1%)
  2100-Apr-03 18:00:00 (25.4%)
  2100-Apr-19 11:00:00 (29.7%)
  2100-May-05 05:00:00 (34%)
  2100-May-20 22:00:00 (38.3%)
  2100-Jun-05 20:00:00 (42.7%)
  2100-Jun-21 18:00:00 (47.1%)
  2100-Jul-07 15:00:00 (51.4%)
  2100-Jul-23 13:00:00 (55.8%)
  2100-Aug-08 11:00:00 (60.1%)
  2100-Aug-24 08:00:00 (64.5%)
  2100-Sep-09 06:00:00 (68.8%)
  2100-Sep-25 04:00:00 (73.2%)
  2100-Oct-11 02:00:00 (77.6%)
  2100-Oct-27 00:00:00 (81.9%)
  2100-Nov-11 21:00:00 (86.3%)
  2100-Nov-27 19:00:00 (90.6%)
  2100-Dec-13 16:00:00 (95%)
  2100-Dec-29 14:00:00 (99.3%)
  2100-Dec-31 23:00:00 (100%)
Finished Program: 2014-Nov-18 11:23:11.150972
Elapsed Time: 00:00:44.726998
