instance.yaml
kiva v0.2.0-21-g785bfe1
Copyright (C) 2012-2014 Big Ladder Software
Web: www.bigladdersoftware.com

Starting Program: 2014-Nov-18 11:50:24.548929
Creating Domain...
  X Cells: 195
  Y Cells: 1
  Z Cells: 158
  Total Cells: 30810
Initializing Temperatures...
  2098-Oct-08 23:00:00
  2099-Jan-02 08:00:00
  2099-Jan-08 20:00:00
  2099-Jan-15 08:00:00
  2099-Jan-21 21:00:00
  2099-Jan-28 09:00:00
  2099-Feb-03 22:00:00
  2099-Feb-10 11:00:00
  2099-Feb-17 00:00:00
  2099-Feb-23 12:00:00
  2099-Mar-02 01:00:00
  2099-Mar-08 14:00:00
  2099-Mar-15 03:00:00
  2099-Mar-21 16:00:00
  2099-Mar-28 04:00:00
  2099-Apr-03 17:00:00
  2099-Apr-10 06:00:00
  2099-Apr-16 19:00:00
  2099-Apr-23 08:00:00
  2099-Apr-29 21:00:00
  2099-May-06 10:00:00
  2099-May-12 23:00:00
  2099-May-19 12:00:00
  2099-May-26 01:00:00
  2099-Jun-01 13:00:00
  2099-Jun-08 02:00:00
  2099-Jun-14 15:00:00
  2099-Jun-21 04:00:00
  2099-Jun-27 17:00:00
  2099-Jul-04 06:00:00
  2099-Jul-10 19:00:00
  2099-Jul-17 08:00:00
  2099-Jul-23 21:00:00
  2099-Jul-30 10:00:00
  2099-Aug-05 23:00:00
  2099-Aug-12 12:00:00
  2099-Aug-19 01:00:00
  2099-Aug-25 14:00:00
  2099-Sep-01 03:00:00
  2099-Sep-07 16:00:00
  2099-Sep-14 05:00:00
  2099-Sep-20 18:00:00
  2099-Sep-27 07:00:00
  2099-Oct-03 20:00:00
  2099-Oct-10 08:00:00
  2099-Oct-16 21:00:00
  2099-Oct-23 10:00:00
  2099-Oct-29 22:00:00
  2099-Nov-05 11:00:00
  2099-Nov-12 00:00:00
  2099-Nov-18 13:00:00
  2099-Nov-25 02:00:00
  2099-Dec-01 15:00:00
  2099-Dec-08 04:00:00
  2099-Dec-14 17:00:00
  2099-Dec-21 06:00:00
  2099-Dec-27 18:00:00
Beginning Simulation...
  2100-Jan-03 03:00:00 (0.6%)
  2100-Jan-09 04:00:00 (2.2%)
  2100-Jan-15 05:00:00 (3.9%)
  2100-Jan-21 06:00:00 (5.5%)
  2100-Jan-27 07:00:00 (7.2%)
  2100-Feb-02 08:00:00 (8.9%)
  2100-Feb-08 10:00:00 (10.5%)
  2100-Feb-14 11:00:00 (12.2%)
  2100-Feb-20 12:00:00 (13.8%)
  2100-Feb-26 13:00:00 (15.5%)
  2100-Mar-04 15:00:00 (17.2%)
  2100-Mar-10 16:00:00 (18.8%)
  2100-Mar-16 17:00:00 (20.5%)
  2100-Mar-22 18:00:00 (22.1%)
  2100-Mar-28 18:00:00 (23.8%)
  2100-Apr-03 19:00:00 (25.4%)
  2100-Apr-09 20:00:00 (27.1%)
  2100-Apr-15 21:00:00 (28.7%)
  2100-Apr-21 22:00:00 (30.4%)
  2100-Apr-27 23:00:00 (32%)
  2100-May-04 00:00:00 (33.7%)
  2100-May-10 01:00:00 (35.4%)
  2100-May-16 02:00:00 (37%)
  2100-May-22 03:00:00 (38.7%)
  2100-May-28 04:00:00 (40.3%)
  2100-Jun-03 05:00:00 (42%)
  2100-Jun-09 06:00:00 (43.6%)
  2100-Jun-15 07:00:00 (45.3%)
  2100-Jun-21 08:00:00 (46.9%)
  2100-Jun-27 09:00:00 (48.6%)
  2100-Jul-03 10:00:00 (50.3%)
  2100-Jul-09 11:00:00 (51.9%)
  2100-Jul-15 12:00:00 (53.6%)
  2100-Jul-21 13:00:00 (55.2%)
  2100-Jul-27 14:00:00 (56.9%)
  2100-Aug-02 14:00:00 (58.5%)
  2100-Aug-08 15:00:00 (60.2%)
  2100-Aug-14 16:00:00 (61.8%)
  2100-Aug-20 17:00:00 (63.5%)
  2100-Aug-26 19:00:00 (65.1%)
  2100-Sep-01 20:00:00 (66.8%)
  2100-Sep-07 21:00:00 (68.5%)
  2100-Sep-13 22:00:00 (70.1%)
  2100-Sep-19 23:00:00 (71.8%)
  2100-Sep-26 00:00:00 (73.4%)
  2100-Oct-02 01:00:00 (75.1%)
  2100-Oct-08 02:00:00 (76.7%)
  2100-Oct-14 03:00:00 (78.4%)
  2100-Oct-20 04:00:00 (80%)
  2100-Oct-26 05:00:00 (81.7%)
  2100-Nov-01 06:00:00 (83.4%)
  2100-Nov-07 07:00:00 (85%)
  2100-Nov-13 08:00:00 (86.7%)
  2100-Nov-19 09:00:00 (88.3%)
  2100-Nov-25 10:00:00 (90%)
  2100-Dec-01 10:00:00 (91.6%)
  2100-Dec-07 11:00:00 (93.3%)
  2100-Dec-13 12:00:00 (94.9%)
  2100-Dec-19 13:00:00 (96.6%)
  2100-Dec-25 14:00:00 (98.2%)
  2100-Dec-31 15:00:00 (99.9%)
  2100-Dec-31 23:00:00 (100%)
Finished Program: 2014-Nov-18 11:52:22.061894
Elapsed Time: 00:01:57.512965
