instance.yaml
kiva v0.2.0-19-ge248292
Copyright (C) 2012-2014 Big Ladder Software
Web: www.bigladdersoftware.com

Starting Program: 2014-Nov-17 08:42:17.844809
Creating Domain...
  X Cells: 101
  Y Cells: 1
  Z Cells: 125
  Total Cells: 12625
Initializing Temperatures...
  2099-Jan-11 04:00:00
  2099-Jan-29 15:00:00
  2099-Feb-17 04:00:00
  2099-Mar-07 16:00:00
  2099-Mar-26 04:00:00
  2099-Apr-13 17:00:00
  2099-May-02 05:00:00
  2099-May-20 18:00:00
  2099-Jun-08 06:00:00
  2099-Jun-26 19:00:00
  2099-Jul-15 07:00:00
  2099-Aug-02 20:00:00
  2099-Aug-21 08:00:00
  2099-Sep-08 21:00:00
  2099-Sep-27 10:00:00
  2099-Oct-15 22:00:00
  2099-Nov-03 11:00:00
  2099-Nov-22 00:00:00
  2099-Dec-10 12:00:00
  2099-Dec-29 01:00:00
Beginning Simulation...
  2100-Jan-15 10:00:00 (3.9%)
  2100-Feb-01 15:00:00 (8.7%)
  2100-Feb-18 20:00:00 (13.4%)
  2100-Mar-08 00:00:00 (18.1%)
  2100-Mar-25 05:00:00 (22.8%)
  2100-Apr-11 09:00:00 (27.5%)
  2100-Apr-28 14:00:00 (32.2%)
  2100-May-15 18:00:00 (36.9%)
  2100-Jun-02 00:00:00 (41.6%)
  2100-Jun-19 05:00:00 (46.4%)
  2100-Jul-06 10:00:00 (51.1%)
  2100-Jul-23 14:00:00 (55.8%)
  2100-Aug-09 19:00:00 (60.5%)
  2100-Aug-27 00:00:00 (65.2%)
  2100-Sep-13 05:00:00 (69.9%)
  2100-Sep-30 10:00:00 (74.6%)
  2100-Oct-17 15:00:00 (79.3%)
  2100-Nov-03 21:00:00 (84.1%)
  2100-Nov-21 02:00:00 (88.8%)
  2100-Dec-08 07:00:00 (93.5%)
  2100-Dec-25 12:00:00 (98.2%)
  2100-Dec-31 23:00:00 (100%)
Finished Program: 2014-Nov-17 08:42:59.374649
Elapsed Time: 00:00:41.529840
