instance.yaml
kiva v0.2.0-9-g526928a
Copyright (C) 2012-2014 Big Ladder Software
Web: www.bigladdersoftware.com

Starting Program: 2014-Nov-15 12:24:43.220522
Creating Domain...
  X Cells: 159
  Y Cells: 1
  Z Cells: 158
  Total Cells: 25122
Initializing Temperatures...
  2098-Dec-17 23:00:00
  2099-Jan-09 00:00:00
  2099-Jan-18 07:00:00
  2099-Jan-27 15:00:00
  2099-Feb-05 22:00:00
  2099-Feb-15 05:00:00
  2099-Feb-24 13:00:00
  2099-Mar-05 20:00:00
  2099-Mar-15 04:00:00
  2099-Mar-24 11:00:00
  2099-Apr-02 18:00:00
  2099-Apr-12 02:00:00
  2099-Apr-21 09:00:00
  2099-Apr-30 17:00:00
  2099-May-10 00:00:00
  2099-May-19 08:00:00
  2099-May-28 16:00:00
  2099-Jun-06 23:00:00
  2099-Jun-16 06:00:00
  2099-Jun-25 14:00:00
  2099-Jul-04 22:00:00
  2099-Jul-14 05:00:00
  2099-Jul-23 12:00:00
  2099-Aug-01 20:00:00
  2099-Aug-11 03:00:00
  2099-Aug-20 11:00:00
  2099-Aug-29 18:00:00
  2099-Sep-08 02:00:00
  2099-Sep-17 09:00:00
  2099-Sep-26 17:00:00
  2099-Oct-06 01:00:00
  2099-Oct-15 08:00:00
  2099-Oct-24 16:00:00
  2099-Nov-02 23:00:00
  2099-Nov-12 07:00:00
  2099-Nov-21 14:00:00
  2099-Nov-30 22:00:00
  2099-Dec-10 06:00:00
  2099-Dec-19 16:00:00
  2099-Dec-29 02:00:00
Beginning Simulation...
  2100-Jan-06 20:00:00 (1.6%)
  2100-Jan-15 06:00:00 (3.9%)
  2100-Jan-23 17:00:00 (6.2%)
  2100-Feb-01 04:00:00 (8.5%)
  2100-Feb-09 15:00:00 (10.9%)
  2100-Feb-18 01:00:00 (13.2%)
  2100-Feb-26 12:00:00 (15.5%)
  2100-Mar-07 00:00:00 (17.8%)
  2100-Mar-15 16:00:00 (20.2%)
  2100-Mar-24 08:00:00 (22.6%)
  2100-Apr-01 23:00:00 (24.9%)
  2100-Apr-10 15:00:00 (27.3%)
  2100-Apr-19 06:00:00 (29.7%)
  2100-Apr-27 22:00:00 (32%)
  2100-May-06 14:00:00 (34.4%)
  2100-May-15 05:00:00 (36.8%)
  2100-May-23 21:00:00 (39.1%)
  2100-Jun-01 13:00:00 (41.5%)
  2100-Jun-10 05:00:00 (43.9%)
  2100-Jun-18 20:00:00 (46.3%)
  2100-Jun-27 12:00:00 (48.6%)
  2100-Jul-06 04:00:00 (51%)
  2100-Jul-14 19:00:00 (53.4%)
  2100-Jul-23 11:00:00 (55.7%)
  2100-Aug-01 03:00:00 (58.1%)
  2100-Aug-09 19:00:00 (60.5%)
  2100-Aug-18 10:00:00 (62.9%)
  2100-Aug-27 02:00:00 (65.2%)
  2100-Sep-04 18:00:00 (67.6%)
  2100-Sep-13 09:00:00 (70%)
  2100-Sep-22 01:00:00 (72.3%)
  2100-Sep-30 17:00:00 (74.7%)
  2100-Oct-09 09:00:00 (77.1%)
  2100-Oct-17 23:00:00 (79.4%)
  2100-Oct-26 15:00:00 (81.8%)
  2100-Nov-04 06:00:00 (84.2%)
  2100-Nov-12 22:00:00 (86.6%)
  2100-Nov-21 12:00:00 (88.9%)
  2100-Nov-30 04:00:00 (91.3%)
  2100-Dec-08 20:00:00 (93.7%)
  2100-Dec-17 11:00:00 (96%)
  2100-Dec-26 03:00:00 (98.4%)
  2100-Dec-31 23:00:00 (100%)
Finished Program: 2014-Nov-15 12:26:05.675610
Elapsed Time: 00:01:22.455088
