instance.yaml
kiva v0.2.0-9-g526928a
Copyright (C) 2012-2014 Big Ladder Software
Web: www.bigladdersoftware.com

Starting Program: 2014-Nov-15 12:22:47.134210
Creating Domain...
  X Cells: 185
  Y Cells: 1
  Z Cells: 125
  Total Cells: 23125
Initializing Temperatures...
  2098-Dec-17 23:00:00
  2099-Jan-10 02:00:00
  2099-Jan-20 05:00:00
  2099-Jan-30 07:00:00
  2099-Feb-09 10:00:00
  2099-Feb-19 13:00:00
  2099-Mar-01 16:00:00
  2099-Mar-11 19:00:00
  2099-Mar-21 22:00:00
  2099-Apr-01 01:00:00
  2099-Apr-11 03:00:00
  2099-Apr-21 06:00:00
  2099-May-01 09:00:00
  2099-May-11 12:00:00
  2099-May-21 15:00:00
  2099-May-31 18:00:00
  2099-Jun-10 21:00:00
  2099-Jun-21 00:00:00
  2099-Jul-01 03:00:00
  2099-Jul-11 06:00:00
  2099-Jul-21 09:00:00
  2099-Jul-31 12:00:00
  2099-Aug-10 15:00:00
  2099-Aug-20 18:00:00
  2099-Aug-30 21:00:00
  2099-Sep-10 00:00:00
  2099-Sep-20 03:00:00
  2099-Sep-30 06:00:00
  2099-Oct-10 09:00:00
  2099-Oct-20 12:00:00
  2099-Oct-30 15:00:00
  2099-Nov-09 18:00:00
  2099-Nov-19 21:00:00
  2099-Nov-30 00:00:00
  2099-Dec-10 03:00:00
  2099-Dec-20 06:00:00
  2099-Dec-30 09:00:00
Beginning Simulation...
  2100-Jan-08 22:00:00 (2.2%)
  2100-Jan-18 09:00:00 (4.8%)
  2100-Jan-27 19:00:00 (7.3%)
  2100-Feb-06 06:00:00 (9.9%)
  2100-Feb-15 17:00:00 (12.5%)
  2100-Feb-25 04:00:00 (15.1%)
  2100-Mar-06 14:00:00 (17.7%)
  2100-Mar-16 01:00:00 (20.3%)
  2100-Mar-25 12:00:00 (22.9%)
  2100-Apr-03 22:00:00 (25.5%)
  2100-Apr-13 09:00:00 (28%)
  2100-Apr-22 20:00:00 (30.6%)
  2100-May-02 06:00:00 (33.2%)
  2100-May-11 17:00:00 (35.8%)
  2100-May-21 04:00:00 (38.4%)
  2100-May-30 15:00:00 (41%)
  2100-Jun-09 02:00:00 (43.6%)
  2100-Jun-18 12:00:00 (46.2%)
  2100-Jun-27 23:00:00 (48.8%)
  2100-Jul-07 10:00:00 (51.3%)
  2100-Jul-16 21:00:00 (53.9%)
  2100-Jul-26 07:00:00 (56.5%)
  2100-Aug-04 18:00:00 (59.1%)
  2100-Aug-14 05:00:00 (61.7%)
  2100-Aug-23 16:00:00 (64.3%)
  2100-Sep-02 03:00:00 (66.9%)
  2100-Sep-11 13:00:00 (69.5%)
  2100-Sep-21 00:00:00 (72.1%)
  2100-Sep-30 11:00:00 (74.6%)
  2100-Oct-09 22:00:00 (77.2%)
  2100-Oct-19 09:00:00 (79.8%)
  2100-Oct-28 18:00:00 (82.4%)
  2100-Nov-07 05:00:00 (85%)
  2100-Nov-16 15:00:00 (87.6%)
  2100-Nov-26 02:00:00 (90.2%)
  2100-Dec-05 13:00:00 (92.8%)
  2100-Dec-14 23:00:00 (95.3%)
  2100-Dec-24 10:00:00 (97.9%)
  2100-Dec-31 23:00:00 (100%)
Finished Program: 2014-Nov-15 12:24:02.800135
Elapsed Time: 00:01:15.665925
