instance.yaml
kiva v0.2.0-21-g785bfe1
Copyright (C) 2012-2014 Big Ladder Software
Web: www.bigladdersoftware.com

Starting Program: 2014-Nov-18 11:11:24.598461
Creating Domain...
  X Cells: 195
  Y Cells: 1
  Z Cells: 125
  Total Cells: 24375
Initializing Temperatures...
  2098-Oct-15 23:00:00
  2099-Jan-03 22:00:00
  2099-Jan-14 03:00:00
  2099-Jan-24 07:00:00
  2099-Feb-03 12:00:00
  2099-Feb-13 16:00:00
  2099-Feb-23 21:00:00
  2099-Mar-06 01:00:00
  2099-Mar-16 06:00:00
  2099-Mar-26 11:00:00
  2099-Apr-05 15:00:00
  2099-Apr-15 20:00:00
  2099-Apr-26 01:00:00
  2099-May-06 06:00:00
  2099-May-16 10:00:00
  2099-May-26 15:00:00
  2099-Jun-05 20:00:00
  2099-Jun-16 00:00:00
  2099-Jun-26 05:00:00
  2099-Jul-06 10:00:00
  2099-Jul-16 15:00:00
  2099-Jul-26 19:00:00
  2099-Aug-06 00:00:00
  2099-Aug-16 05:00:00
  2099-Aug-26 10:00:00
  2099-Sep-05 14:00:00
  2099-Sep-15 19:00:00
  2099-Sep-26 00:00:00
  2099-Oct-06 05:00:00
  2099-Oct-16 09:00:00
  2099-Oct-26 14:00:00
  2099-Nov-05 19:00:00
  2099-Nov-16 00:00:00
  2099-Nov-26 04:00:00
  2099-Dec-06 09:00:00
  2099-Dec-16 13:00:00
  2099-Dec-26 18:00:00
Beginning Simulation...
  2100-Jan-05 15:00:00 (1.3%)
  2100-Jan-15 03:00:00 (3.9%)
  2100-Jan-24 15:00:00 (6.5%)
  2100-Feb-03 03:00:00 (9.1%)
  2100-Feb-12 15:00:00 (11.7%)
  2100-Feb-22 03:00:00 (14.3%)
  2100-Mar-03 15:00:00 (16.9%)
  2100-Mar-13 04:00:00 (19.5%)
  2100-Mar-22 17:00:00 (22.1%)
  2100-Apr-01 06:00:00 (24.7%)
  2100-Apr-10 19:00:00 (27.3%)
  2100-Apr-20 09:00:00 (30%)
  2100-Apr-29 22:00:00 (32.6%)
  2100-May-09 11:00:00 (35.2%)
  2100-May-19 00:00:00 (37.8%)
  2100-May-28 14:00:00 (40.4%)
  2100-Jun-07 03:00:00 (43%)
  2100-Jun-16 16:00:00 (45.7%)
  2100-Jun-26 06:00:00 (48.3%)
  2100-Jul-05 19:00:00 (50.9%)
  2100-Jul-15 08:00:00 (53.5%)
  2100-Jul-24 22:00:00 (56.1%)
  2100-Aug-03 11:00:00 (58.8%)
  2100-Aug-13 01:00:00 (61.4%)
  2100-Aug-22 14:00:00 (64%)
  2100-Sep-01 04:00:00 (66.6%)
  2100-Sep-10 17:00:00 (69.2%)
  2100-Sep-20 07:00:00 (71.9%)
  2100-Sep-29 20:00:00 (74.5%)
  2100-Oct-09 10:00:00 (77.1%)
  2100-Oct-18 23:00:00 (79.7%)
  2100-Oct-28 13:00:00 (82.3%)
  2100-Nov-07 02:00:00 (85%)
  2100-Nov-16 13:00:00 (87.5%)
  2100-Nov-26 03:00:00 (90.2%)
  2100-Dec-05 16:00:00 (92.8%)
  2100-Dec-15 05:00:00 (95.4%)
  2100-Dec-24 18:00:00 (98%)
  2100-Dec-31 23:00:00 (100%)
Finished Program: 2014-Nov-18 11:12:39.754615
Elapsed Time: 00:01:15.156154
