instance.yaml
kiva v0.2.0-9-g526928a
Copyright (C) 2012-2014 Big Ladder Software
Web: www.bigladdersoftware.com

Starting Program: 2014-Oct-26 15:36:57.403938
Creating Domain...
  X Cells: 140
  Y Cells: 1
  Z Cells: 103
  Total Cells: 14420
Initializing Temperatures...
  2098-Oct-22 23:00:00
  2099-Jan-06 04:00:00
  2099-Jan-22 14:00:00
  2099-Feb-09 08:00:00
  2099-Feb-27 00:00:00
  2099-Mar-16 17:00:00
  2099-Apr-03 11:00:00
  2099-Apr-21 04:00:00
  2099-May-08 22:00:00
  2099-May-26 15:00:00
  2099-Jun-13 09:00:00
  2099-Jul-01 02:00:00
  2099-Jul-18 20:00:00
  2099-Aug-05 13:00:00
  2099-Aug-23 07:00:00
  2099-Sep-10 01:00:00
  2099-Sep-27 18:00:00
  2099-Oct-15 11:00:00
  2099-Nov-02 05:00:00
  2099-Nov-19 23:00:00
  2099-Dec-07 16:00:00
  2099-Dec-25 09:00:00
Beginning Simulation...
  2100-Jan-11 19:00:00 (3%)
  2100-Jan-29 00:00:00 (7.7%)
  2100-Feb-15 05:00:00 (12.4%)
  2100-Mar-04 10:00:00 (17.1%)
  2100-Mar-21 16:00:00 (21.8%)
  2100-Apr-07 21:00:00 (26.5%)
  2100-Apr-25 02:00:00 (31.3%)
  2100-May-12 07:00:00 (36%)
  2100-May-29 13:00:00 (40.7%)
  2100-Jun-15 22:00:00 (45.5%)
  2100-Jul-03 07:00:00 (50.2%)
  2100-Jul-20 17:00:00 (55%)
  2100-Aug-07 02:00:00 (59.7%)
  2100-Aug-24 12:00:00 (64.5%)
  2100-Sep-10 22:00:00 (69.3%)
  2100-Sep-28 08:00:00 (74.1%)
  2100-Oct-15 18:00:00 (78.8%)
  2100-Nov-02 04:00:00 (83.6%)
  2100-Nov-19 14:00:00 (88.4%)
  2100-Dec-07 00:00:00 (93.2%)
  2100-Dec-24 09:00:00 (97.9%)
  2100-Dec-31 23:00:00 (100%)
Finished Program: 2014-Oct-26 15:37:40.436610
Elapsed Time: 00:00:43.032672
