instance.yaml
kiva v0.2.0-9-g526928a
Copyright (C) 2012-2014 Big Ladder Software
Web: www.bigladdersoftware.com

Starting Program: 2014-Oct-19 02:34:03.011348
Creating Domain...
  X Cells: 82
  Y Cells: 1
  Z Cells: 93
  Total Cells: 7626
Initializing Temperatures...
  2099-Jan-01 14:00:00
  2099-Jan-29 12:00:00
  2099-Mar-03 17:00:00
  2099-Apr-05 22:00:00
  2099-May-09 01:00:00
  2099-Jun-11 07:00:00
  2099-Jul-14 12:00:00
  2099-Aug-16 18:00:00
  2099-Sep-19 00:00:00
  2099-Oct-22 05:00:00
  2099-Nov-24 11:00:00
  2099-Dec-27 16:00:00
Beginning Simulation...
  2100-Jan-29 02:00:00 (7.7%)
  2100-Mar-02 08:00:00 (16.5%)
  2100-Apr-03 15:00:00 (25.4%)
  2100-May-05 22:00:00 (34.2%)
  2100-Jun-07 06:00:00 (43.1%)
  2100-Jul-09 14:00:00 (51.9%)
  2100-Aug-10 22:00:00 (60.8%)
  2100-Sep-12 07:00:00 (69.7%)
  2100-Oct-14 15:00:00 (78.5%)
  2100-Nov-15 22:00:00 (87.4%)
  2100-Dec-18 05:00:00 (96.2%)
  2100-Dec-31 23:00:00 (100%)
Finished Program: 2014-Oct-19 02:34:26.426649
Elapsed Time: 00:00:23.415301
