instance.yaml
kiva v0.2.0-19-ge248292
Copyright (C) 2012-2014 Big Ladder Software
Web: www.bigladdersoftware.com

Starting Program: 2014-Nov-17 08:45:14.238304
Creating Domain...
  X Cells: 100
  Y Cells: 1
  Z Cells: 158
  Total Cells: 15800
Initializing Temperatures...
  2099-Jan-01 03:00:00
  2099-Jan-17 14:00:00
  2099-Feb-03 01:00:00
  2099-Feb-19 13:00:00
  2099-Mar-08 00:00:00
  2099-Mar-24 11:00:00
  2099-Apr-09 22:00:00
  2099-Apr-26 09:00:00
  2099-May-12 21:00:00
  2099-May-29 08:00:00
  2099-Jun-14 19:00:00
  2099-Jul-01 07:00:00
  2099-Jul-17 18:00:00
  2099-Aug-03 06:00:00
  2099-Aug-19 17:00:00
  2099-Sep-05 05:00:00
  2099-Sep-21 16:00:00
  2099-Oct-08 03:00:00
  2099-Oct-24 15:00:00
  2099-Nov-10 03:00:00
  2099-Nov-26 14:00:00
  2099-Dec-13 01:00:00
  2099-Dec-29 13:00:00
Beginning Simulation...
  2100-Jan-13 17:00:00 (3.5%)
  2100-Jan-28 15:00:00 (7.6%)
  2100-Feb-12 13:00:00 (11.7%)
  2100-Feb-27 12:00:00 (15.8%)
  2100-Mar-14 10:00:00 (19.8%)
  2100-Mar-29 08:00:00 (23.9%)
  2100-Apr-13 06:00:00 (28%)
  2100-Apr-28 05:00:00 (32.1%)
  2100-May-13 04:00:00 (36.2%)
  2100-May-28 02:00:00 (40.3%)
  2100-Jun-11 23:00:00 (44.4%)
  2100-Jun-26 22:00:00 (48.5%)
  2100-Jul-11 21:00:00 (52.6%)
  2100-Jul-26 20:00:00 (56.7%)
  2100-Aug-10 19:00:00 (60.8%)
  2100-Aug-25 17:00:00 (64.9%)
  2100-Sep-09 16:00:00 (68.9%)
  2100-Sep-24 15:00:00 (73%)
  2100-Oct-09 14:00:00 (77.1%)
  2100-Oct-24 13:00:00 (81.2%)
  2100-Nov-08 12:00:00 (85.3%)
  2100-Nov-23 04:00:00 (89.4%)
  2100-Dec-08 03:00:00 (93.5%)
  2100-Dec-23 01:00:00 (97.5%)
  2100-Dec-31 23:00:00 (100%)
Finished Program: 2014-Nov-17 08:46:01.596662
Elapsed Time: 00:00:47.358358
