instance.yaml
kiva v0.2.0-21-g785bfe1
Copyright (C) 2012-2014 Big Ladder Software
Web: www.bigladdersoftware.com

Starting Program: 2014-Nov-18 10:53:25.178943
Creating Domain...
  X Cells: 102
  Y Cells: 1
  Z Cells: 113
  Total Cells: 11526
Initializing Temperatures...
  2099-Jan-05 19:00:00
  2099-Jan-25 05:00:00
  2099-Feb-13 14:00:00
  2099-Mar-05 01:00:00
  2099-Mar-24 11:00:00
  2099-Apr-12 22:00:00
  2099-May-02 09:00:00
  2099-May-21 19:00:00
  2099-Jun-10 06:00:00
  2099-Jun-29 17:00:00
  2099-Jul-19 04:00:00
  2099-Aug-07 14:00:00
  2099-Aug-27 01:00:00
  2099-Sep-15 12:00:00
  2099-Oct-04 23:00:00
  2099-Oct-24 10:00:00
  2099-Nov-12 20:00:00
  2099-Dec-02 07:00:00
  2099-Dec-21 18:00:00
Beginning Simulation...
  2100-Jan-10 00:00:00 (2.5%)
  2100-Jan-29 00:00:00 (7.7%)
  2100-Feb-17 01:00:00 (12.9%)
  2100-Mar-08 01:00:00 (18.1%)
  2100-Mar-27 02:00:00 (23.3%)
  2100-Apr-15 03:00:00 (28.5%)
  2100-May-04 04:00:00 (33.7%)
  2100-May-23 05:00:00 (39%)
  2100-Jun-11 06:00:00 (44.2%)
  2100-Jun-30 07:00:00 (49.4%)
  2100-Jul-19 08:00:00 (54.6%)
  2100-Aug-07 09:00:00 (59.8%)
  2100-Aug-26 07:00:00 (65%)
  2100-Sep-14 08:00:00 (70.2%)
  2100-Oct-03 09:00:00 (75.4%)
  2100-Oct-22 10:00:00 (80.7%)
  2100-Nov-10 11:00:00 (85.9%)
  2100-Nov-29 12:00:00 (91.1%)
  2100-Dec-18 13:00:00 (96.3%)
  2100-Dec-31 23:00:00 (100%)
Finished Program: 2014-Nov-18 10:54:03.705614
Elapsed Time: 00:00:38.526671
