instance.yaml
kiva v0.2.0-9-g526928a
Copyright (C) 2012-2014 Big Ladder Software
Web: www.bigladdersoftware.com

Starting Program: 2014-Oct-26 15:40:09.927048
Creating Domain...
  X Cells: 99
  Y Cells: 1
  Z Cells: 158
  Total Cells: 15642
Initializing Temperatures...
  2098-Dec-31 23:00:00
  2099-Jan-14 02:00:00
  2099-Jan-31 23:00:00
  2099-Feb-18 19:00:00
  2099-Mar-08 16:00:00
  2099-Mar-26 12:00:00
  2099-Apr-13 09:00:00
  2099-May-01 06:00:00
  2099-May-19 02:00:00
  2099-Jun-05 23:00:00
  2099-Jun-23 20:00:00
  2099-Jul-11 16:00:00
  2099-Jul-29 13:00:00
  2099-Aug-16 10:00:00
  2099-Sep-03 06:00:00
  2099-Sep-21 03:00:00
  2099-Oct-08 23:00:00
  2099-Oct-26 20:00:00
  2099-Nov-13 16:00:00
  2099-Dec-01 13:00:00
  2099-Dec-19 10:00:00
Beginning Simulation...
  2100-Jan-05 20:00:00 (1.3%)
  2100-Jan-22 05:00:00 (5.8%)
  2100-Feb-07 14:00:00 (10.3%)
  2100-Feb-23 23:00:00 (14.8%)
  2100-Mar-12 07:00:00 (19.3%)
  2100-Mar-28 16:00:00 (23.7%)
  2100-Apr-14 01:00:00 (28.2%)
  2100-Apr-30 09:00:00 (32.7%)
  2100-May-16 18:00:00 (37.2%)
  2100-Jun-02 02:00:00 (41.7%)
  2100-Jun-18 09:00:00 (46.1%)
  2100-Jul-04 18:00:00 (50.6%)
  2100-Jul-21 02:00:00 (55.1%)
  2100-Aug-06 11:00:00 (59.6%)
  2100-Aug-22 19:00:00 (64.1%)
  2100-Sep-08 04:00:00 (68.5%)
  2100-Sep-24 13:00:00 (73%)
  2100-Oct-10 22:00:00 (77.5%)
  2100-Oct-27 06:00:00 (82%)
  2100-Nov-12 15:00:00 (86.5%)
  2100-Nov-28 23:00:00 (90.9%)
  2100-Dec-15 09:00:00 (95.4%)
  2100-Dec-31 17:00:00 (99.9%)
  2100-Dec-31 23:00:00 (100%)
Finished Program: 2014-Oct-26 15:40:54.016836
Elapsed Time: 00:00:44.089788
