instance.yaml
kiva v0.2.0-21-g785bfe1
Copyright (C) 2012-2014 Big Ladder Software
Web: www.bigladdersoftware.com

Starting Program: 2014-Nov-18 11:12:24.207823
Creating Domain...
  X Cells: 254
  Y Cells: 1
  Z Cells: 103
  Total Cells: 26162
Initializing Temperatures...
  2098-Nov-26 23:00:00
  2099-Jan-06 19:00:00
  2099-Jan-15 21:00:00
  2099-Jan-25 00:00:00
  2099-Feb-03 03:00:00
  2099-Feb-12 06:00:00
  2099-Feb-21 09:00:00
  2099-Mar-02 12:00:00
  2099-Mar-11 14:00:00
  2099-Mar-20 17:00:00
  2099-Mar-29 20:00:00
  2099-Apr-07 23:00:00
  2099-Apr-17 02:00:00
  2099-Apr-26 05:00:00
  2099-May-05 08:00:00
  2099-May-14 11:00:00
  2099-May-23 14:00:00
  2099-Jun-01 16:00:00
  2099-Jun-10 19:00:00
  2099-Jun-19 22:00:00
  2099-Jun-29 01:00:00
  2099-Jul-08 03:00:00
  2099-Jul-17 06:00:00
  2099-Jul-26 08:00:00
  2099-Aug-04 11:00:00
  2099-Aug-13 14:00:00
  2099-Aug-22 17:00:00
  2099-Aug-31 20:00:00
  2099-Sep-09 22:00:00
  2099-Sep-19 01:00:00
  2099-Sep-28 04:00:00
  2099-Oct-07 06:00:00
  2099-Oct-16 09:00:00
  2099-Oct-25 12:00:00
  2099-Nov-03 15:00:00
  2099-Nov-12 18:00:00
  2099-Nov-21 21:00:00
  2099-Nov-30 23:00:00
  2099-Dec-10 02:00:00
  2099-Dec-19 05:00:00
  2099-Dec-28 08:00:00
Beginning Simulation...
  2100-Jan-06 08:00:00 (1.5%)
  2100-Jan-15 06:00:00 (3.9%)
  2100-Jan-24 04:00:00 (6.3%)
  2100-Feb-02 02:00:00 (8.8%)
  2100-Feb-11 00:00:00 (11.2%)
  2100-Feb-19 22:00:00 (13.7%)
  2100-Feb-28 20:00:00 (16.1%)
  2100-Mar-09 18:00:00 (18.6%)
  2100-Mar-18 16:00:00 (21%)
  2100-Mar-27 14:00:00 (23.4%)
  2100-Apr-05 12:00:00 (25.9%)
  2100-Apr-14 10:00:00 (28.3%)
  2100-Apr-23 08:00:00 (30.8%)
  2100-May-02 06:00:00 (33.2%)
  2100-May-11 03:00:00 (35.7%)
  2100-May-20 02:00:00 (38.1%)
  2100-May-29 00:00:00 (40.5%)
  2100-Jun-06 22:00:00 (43%)
  2100-Jun-15 20:00:00 (45.4%)
  2100-Jun-24 18:00:00 (47.9%)
  2100-Jul-03 16:00:00 (50.3%)
  2100-Jul-12 15:00:00 (52.8%)
  2100-Jul-21 17:00:00 (55.3%)
  2100-Jul-30 19:00:00 (57.8%)
  2100-Aug-08 22:00:00 (60.3%)
  2100-Aug-17 23:00:00 (62.7%)
  2100-Aug-27 01:00:00 (65.2%)
  2100-Sep-05 03:00:00 (67.7%)
  2100-Sep-14 05:00:00 (70.2%)
  2100-Sep-23 07:00:00 (72.7%)
  2100-Oct-02 10:00:00 (75.2%)
  2100-Oct-11 10:00:00 (77.6%)
  2100-Oct-20 13:00:00 (80.1%)
  2100-Oct-29 15:00:00 (82.6%)
  2100-Nov-07 17:00:00 (85.1%)
  2100-Nov-16 19:00:00 (87.6%)
  2100-Nov-25 21:00:00 (90.1%)
  2100-Dec-04 23:00:00 (92.6%)
  2100-Dec-14 01:00:00 (95.1%)
  2100-Dec-23 03:00:00 (97.6%)
  2100-Dec-31 23:00:00 (100%)
Finished Program: 2014-Nov-18 11:13:45.972784
Elapsed Time: 00:01:21.764961
