instance.yaml
kiva v0.2.0-9-g526928a
Copyright (C) 2012-2014 Big Ladder Software
Web: www.bigladdersoftware.com

Starting Program: 2014-Oct-26 15:43:29.212403
Creating Domain...
  X Cells: 127
  Y Cells: 1
  Z Cells: 96
  Total Cells: 12192
Initializing Temperatures...
  2098-Nov-19 23:00:00
  2099-Jan-07 15:00:00
  2099-Jan-26 01:00:00
  2099-Feb-15 12:00:00
  2099-Mar-07 23:00:00
  2099-Mar-28 09:00:00
  2099-Apr-17 20:00:00
  2099-May-08 07:00:00
  2099-May-28 17:00:00
  2099-Jun-18 04:00:00
  2099-Jul-08 15:00:00
  2099-Jul-29 01:00:00
  2099-Aug-18 12:00:00
  2099-Sep-07 23:00:00
  2099-Sep-28 10:00:00
  2099-Oct-18 20:00:00
  2099-Nov-08 07:00:00
  2099-Nov-28 17:00:00
  2099-Dec-19 04:00:00
Beginning Simulation...
  2100-Jan-08 11:00:00 (2%)
  2100-Jan-28 13:00:00 (7.5%)
  2100-Feb-17 14:00:00 (13%)
  2100-Mar-09 15:00:00 (18.5%)
  2100-Mar-29 23:00:00 (24.1%)
  2100-Apr-19 07:00:00 (29.7%)
  2100-May-09 15:00:00 (35.2%)
  2100-May-29 23:00:00 (40.8%)
  2100-Jun-19 07:00:00 (46.4%)
  2100-Jul-09 14:00:00 (51.9%)
  2100-Jul-29 22:00:00 (57.5%)
  2100-Aug-19 06:00:00 (63.1%)
  2100-Sep-08 14:00:00 (68.7%)
  2100-Sep-28 22:00:00 (74.2%)
  2100-Oct-19 03:00:00 (79.8%)
  2100-Nov-08 10:00:00 (85.3%)
  2100-Nov-28 18:00:00 (90.9%)
  2100-Dec-19 02:00:00 (96.5%)
  2100-Dec-31 23:00:00 (100%)
Finished Program: 2014-Oct-26 15:44:06.633983
Elapsed Time: 00:00:37.421580
