instance.yaml
kiva v0.2.0-22-gd89b213
Copyright (C) 2012-2014 Big Ladder Software
Web: www.bigladdersoftware.com

Starting Program: 2014-Nov-19 10:35:46.186577
Creating Domain...
  X Cells: 181
  Y Cells: 1
  Z Cells: 158
  Total Cells: 28598
Initializing Temperatures...
  2098-Nov-19 23:00:00
  2099-Jan-05 13:00:00
  2099-Jan-12 23:00:00
  2099-Jan-20 09:00:00
  2099-Jan-27 20:00:00
  2099-Feb-04 06:00:00
  2099-Feb-11 17:00:00
  2099-Feb-19 03:00:00
  2099-Feb-26 14:00:00
  2099-Mar-06 00:00:00
  2099-Mar-13 11:00:00
  2099-Mar-20 21:00:00
  2099-Mar-28 08:00:00
  2099-Apr-04 18:00:00
  2099-Apr-12 05:00:00
  2099-Apr-19 16:00:00
  2099-Apr-27 02:00:00
  2099-May-04 13:00:00
  2099-May-11 23:00:00
  2099-May-19 10:00:00
  2099-May-26 21:00:00
  2099-Jun-03 07:00:00
  2099-Jun-10 18:00:00
  2099-Jun-18 05:00:00
  2099-Jun-25 15:00:00
  2099-Jul-03 02:00:00
  2099-Jul-10 13:00:00
  2099-Jul-18 00:00:00
  2099-Jul-25 10:00:00
  2099-Aug-01 21:00:00
  2099-Aug-09 07:00:00
  2099-Aug-16 17:00:00
  2099-Aug-24 04:00:00
  2099-Aug-31 15:00:00
  2099-Sep-08 01:00:00
  2099-Sep-15 12:00:00
  2099-Sep-22 23:00:00
  2099-Sep-30 10:00:00
  2099-Oct-07 20:00:00
  2099-Oct-15 07:00:00
  2099-Oct-22 18:00:00
  2099-Oct-30 04:00:00
  2099-Nov-06 15:00:00
  2099-Nov-14 02:00:00
  2099-Nov-21 13:00:00
  2099-Nov-29 00:00:00
  2099-Dec-06 10:00:00
  2099-Dec-13 21:00:00
  2099-Dec-21 08:00:00
  2099-Dec-28 18:00:00
Beginning Simulation...
  2100-Jan-04 20:00:00 (1.1%)
  2100-Jan-11 15:00:00 (2.9%)
  2100-Jan-18 11:00:00 (4.8%)
  2100-Jan-25 06:00:00 (6.6%)
  2100-Feb-01 01:00:00 (8.5%)
  2100-Feb-07 20:00:00 (10.4%)
  2100-Feb-14 16:00:00 (12.2%)
  2100-Feb-21 11:00:00 (14.1%)
  2100-Feb-28 06:00:00 (16%)
  2100-Mar-07 05:00:00 (17.9%)
  2100-Mar-14 04:00:00 (19.8%)
  2100-Mar-21 04:00:00 (21.7%)
  2100-Mar-28 04:00:00 (23.6%)
  2100-Apr-04 03:00:00 (25.5%)
  2100-Apr-11 03:00:00 (27.4%)
  2100-Apr-18 03:00:00 (29.3%)
  2100-Apr-25 03:00:00 (31.3%)
  2100-May-02 02:00:00 (33.2%)
  2100-May-09 02:00:00 (35.1%)
  2100-May-16 02:00:00 (37%)
  2100-May-23 02:00:00 (38.9%)
  2100-May-30 02:00:00 (40.8%)
  2100-Jun-06 02:00:00 (42.8%)
  2100-Jun-13 02:00:00 (44.7%)
  2100-Jun-20 02:00:00 (46.6%)
  2100-Jun-27 00:00:00 (48.5%)
  2100-Jul-04 00:00:00 (50.4%)
  2100-Jul-11 00:00:00 (52.3%)
  2100-Jul-18 00:00:00 (54.2%)
  2100-Jul-25 00:00:00 (56.2%)
  2100-Aug-01 00:00:00 (58.1%)
  2100-Aug-08 00:00:00 (60%)
  2100-Aug-14 23:00:00 (61.9%)
  2100-Aug-21 23:00:00 (63.8%)
  2100-Aug-28 23:00:00 (65.7%)
  2100-Sep-04 23:00:00 (67.7%)
  2100-Sep-11 23:00:00 (69.6%)
  2100-Sep-18 23:00:00 (71.5%)
  2100-Sep-25 23:00:00 (73.4%)
  2100-Oct-02 23:00:00 (75.3%)
  2100-Oct-09 23:00:00 (77.2%)
  2100-Oct-16 23:00:00 (79.2%)
  2100-Oct-23 23:00:00 (81.1%)
  2100-Oct-30 22:00:00 (83%)
  2100-Nov-06 22:00:00 (84.9%)
  2100-Nov-13 22:00:00 (86.8%)
  2100-Nov-20 22:00:00 (88.7%)
  2100-Nov-27 22:00:00 (90.7%)
  2100-Dec-04 22:00:00 (92.6%)
  2100-Dec-11 22:00:00 (94.5%)
  2100-Dec-18 21:00:00 (96.4%)
  2100-Dec-25 21:00:00 (98.3%)
  2100-Dec-31 23:00:00 (100%)
Finished Program: 2014-Nov-19 10:37:28.873465
Elapsed Time: 00:01:42.686888
