instance.yaml
kiva v0.2.0-22-gd89b213
Copyright (C) 2012-2014 Big Ladder Software
Web: www.bigladdersoftware.com

Starting Program: 2014-Nov-19 10:35:45.621970
Creating Domain...
  X Cells: 224
  Y Cells: 1
  Z Cells: 103
  Total Cells: 23072
Initializing Temperatures...
  2098-Oct-08 23:00:00
  2099-Jan-03 13:00:00
  2099-Jan-13 00:00:00
  2099-Jan-22 11:00:00
  2099-Jan-31 21:00:00
  2099-Feb-10 08:00:00
  2099-Feb-19 19:00:00
  2099-Mar-01 06:00:00
  2099-Mar-10 16:00:00
  2099-Mar-20 03:00:00
  2099-Mar-29 14:00:00
  2099-Apr-08 00:00:00
  2099-Apr-17 11:00:00
  2099-Apr-26 22:00:00
  2099-May-06 09:00:00
  2099-May-15 20:00:00
  2099-May-25 07:00:00
  2099-Jun-03 18:00:00
  2099-Jun-13 05:00:00
  2099-Jun-22 16:00:00
  2099-Jul-02 03:00:00
  2099-Jul-11 13:00:00
  2099-Jul-21 00:00:00
  2099-Jul-30 11:00:00
  2099-Aug-08 22:00:00
  2099-Aug-18 09:00:00
  2099-Aug-27 20:00:00
  2099-Sep-06 07:00:00
  2099-Sep-15 18:00:00
  2099-Sep-25 05:00:00
  2099-Oct-04 16:00:00
  2099-Oct-14 02:00:00
  2099-Oct-23 13:00:00
  2099-Nov-02 00:00:00
  2099-Nov-11 11:00:00
  2099-Nov-20 22:00:00
  2099-Nov-30 09:00:00
  2099-Dec-09 19:00:00
  2099-Dec-19 06:00:00
  2099-Dec-28 17:00:00
Beginning Simulation...
  2100-Jan-07 02:00:00 (1.7%)
  2100-Jan-16 10:00:00 (4.2%)
  2100-Jan-25 18:00:00 (6.8%)
  2100-Feb-04 02:00:00 (9.3%)
  2100-Feb-13 10:00:00 (11.9%)
  2100-Feb-22 18:00:00 (14.5%)
  2100-Mar-04 02:00:00 (17%)
  2100-Mar-13 09:00:00 (19.6%)
  2100-Mar-22 17:00:00 (22.1%)
  2100-Apr-01 01:00:00 (24.7%)
  2100-Apr-10 09:00:00 (27.2%)
  2100-Apr-19 18:00:00 (29.8%)
  2100-Apr-29 03:00:00 (32.4%)
  2100-May-08 12:00:00 (34.9%)
  2100-May-17 21:00:00 (37.5%)
  2100-May-27 06:00:00 (40.1%)
  2100-Jun-05 15:00:00 (42.6%)
  2100-Jun-15 00:00:00 (45.2%)
  2100-Jun-24 09:00:00 (47.8%)
  2100-Jul-03 18:00:00 (50.3%)
  2100-Jul-13 04:00:00 (52.9%)
  2100-Jul-22 13:00:00 (55.5%)
  2100-Jul-31 22:00:00 (58.1%)
  2100-Aug-10 07:00:00 (60.6%)
  2100-Aug-19 16:00:00 (63.2%)
  2100-Aug-29 01:00:00 (65.8%)
  2100-Sep-07 10:00:00 (68.3%)
  2100-Sep-16 19:00:00 (70.9%)
  2100-Sep-26 04:00:00 (73.5%)
  2100-Oct-05 13:00:00 (76%)
  2100-Oct-14 21:00:00 (78.6%)
  2100-Oct-24 06:00:00 (81.2%)
  2100-Nov-02 16:00:00 (83.7%)
  2100-Nov-12 01:00:00 (86.3%)
  2100-Nov-21 10:00:00 (88.9%)
  2100-Nov-30 19:00:00 (91.4%)
  2100-Dec-10 03:00:00 (94%)
  2100-Dec-19 12:00:00 (96.6%)
  2100-Dec-28 21:00:00 (99.1%)
  2100-Dec-31 23:00:00 (100%)
Finished Program: 2014-Nov-19 10:37:04.329089
Elapsed Time: 00:01:18.707119
