instance.yaml
kiva v0.2.0-19-ge248292
Copyright (C) 2012-2014 Big Ladder Software
Web: www.bigladdersoftware.com

Starting Program: 2014-Nov-17 08:41:12.087959
Creating Domain...
  X Cells: 87
  Y Cells: 1
  Z Cells: 113
  Total Cells: 9831
Initializing Temperatures...
  2099-Jan-10 02:00:00
  2099-Feb-03 01:00:00
  2099-Feb-27 02:00:00
  2099-Mar-23 03:00:00
  2099-Apr-16 04:00:00
  2099-May-10 05:00:00
  2099-Jun-03 06:00:00
  2099-Jun-27 07:00:00
  2099-Jul-21 08:00:00
  2099-Aug-14 08:00:00
  2099-Sep-07 09:00:00
  2099-Oct-01 10:00:00
  2099-Oct-25 12:00:00
  2099-Nov-18 13:00:00
  2099-Dec-12 14:00:00
Beginning Simulation...
  2100-Jan-05 13:00:00 (1.2%)
  2100-Jan-29 00:00:00 (7.7%)
  2100-Feb-21 12:00:00 (14.1%)
  2100-Mar-17 02:00:00 (20.6%)
  2100-Apr-09 18:00:00 (27.1%)
  2100-May-03 11:00:00 (33.6%)
  2100-May-27 04:00:00 (40%)
  2100-Jun-19 20:00:00 (46.5%)
  2100-Jul-13 13:00:00 (53%)
  2100-Aug-06 07:00:00 (59.5%)
  2100-Aug-30 00:00:00 (66%)
  2100-Sep-22 17:00:00 (72.5%)
  2100-Oct-16 10:00:00 (79%)
  2100-Nov-09 03:00:00 (85.5%)
  2100-Dec-02 20:00:00 (92%)
  2100-Dec-26 13:00:00 (98.5%)
  2100-Dec-31 23:00:00 (100%)
Finished Program: 2014-Nov-17 08:41:43.229702
Elapsed Time: 00:00:31.141743
