instance.yaml
kiva v0.2.0-21-g785bfe1
Copyright (C) 2012-2014 Big Ladder Software
Web: www.bigladdersoftware.com

Starting Program: 2014-Nov-18 11:26:24.809711
Creating Domain...
  X Cells: 194
  Y Cells: 1
  Z Cells: 133
  Total Cells: 25802
Initializing Temperatures...
  2099-Jan-01 14:00:00
  2099-Jan-10 23:00:00
  2099-Jan-20 07:00:00
  2099-Jan-29 15:00:00
  2099-Feb-08 00:00:00
  2099-Feb-17 08:00:00
  2099-Feb-26 17:00:00
  2099-Mar-08 01:00:00
  2099-Mar-17 10:00:00
  2099-Mar-26 20:00:00
  2099-Apr-05 06:00:00
  2099-Apr-14 16:00:00
  2099-Apr-24 01:00:00
  2099-May-03 11:00:00
  2099-May-12 21:00:00
  2099-May-22 07:00:00
  2099-May-31 17:00:00
  2099-Jun-10 02:00:00
  2099-Jun-19 12:00:00
  2099-Jun-28 21:00:00
  2099-Jul-08 07:00:00
  2099-Jul-17 17:00:00
  2099-Jul-27 02:00:00
  2099-Aug-05 12:00:00
  2099-Aug-14 22:00:00
  2099-Aug-24 07:00:00
  2099-Sep-02 17:00:00
  2099-Sep-12 02:00:00
  2099-Sep-21 12:00:00
  2099-Sep-30 22:00:00
  2099-Oct-10 07:00:00
  2099-Oct-19 17:00:00
  2099-Oct-29 03:00:00
  2099-Nov-07 12:00:00
  2099-Nov-16 22:00:00
  2099-Nov-26 08:00:00
  2099-Dec-05 17:00:00
  2099-Dec-15 03:00:00
  2099-Dec-24 13:00:00
Beginning Simulation...
  2100-Jan-02 19:00:00 (0.5%)
  2100-Jan-11 13:00:00 (2.9%)
  2100-Jan-20 07:00:00 (5.3%)
  2100-Jan-29 00:00:00 (7.7%)
  2100-Feb-06 18:00:00 (10.1%)
  2100-Feb-15 12:00:00 (12.5%)
  2100-Feb-24 05:00:00 (14.9%)
  2100-Mar-04 23:00:00 (17.2%)
  2100-Mar-13 17:00:00 (19.6%)
  2100-Mar-22 10:00:00 (22%)
  2100-Mar-31 04:00:00 (24.4%)
  2100-Apr-08 21:00:00 (26.8%)
  2100-Apr-17 15:00:00 (29.2%)
  2100-Apr-26 09:00:00 (31.6%)
  2100-May-05 02:00:00 (34%)
  2100-May-13 20:00:00 (36.4%)
  2100-May-22 14:00:00 (38.8%)
  2100-May-31 08:00:00 (41.2%)
  2100-Jun-09 02:00:00 (43.6%)
  2100-Jun-17 19:00:00 (46%)
  2100-Jun-26 13:00:00 (48.4%)
  2100-Jul-05 07:00:00 (50.8%)
  2100-Jul-14 01:00:00 (53.2%)
  2100-Jul-22 19:00:00 (55.6%)
  2100-Jul-31 13:00:00 (58%)
  2100-Aug-09 06:00:00 (60.3%)
  2100-Aug-18 00:00:00 (62.7%)
  2100-Aug-26 18:00:00 (65.1%)
  2100-Sep-04 11:00:00 (67.5%)
  2100-Sep-13 05:00:00 (69.9%)
  2100-Sep-21 23:00:00 (72.3%)
  2100-Sep-30 17:00:00 (74.7%)
  2100-Oct-09 09:00:00 (77.1%)
  2100-Oct-18 03:00:00 (79.5%)
  2100-Oct-26 21:00:00 (81.9%)
  2100-Nov-04 15:00:00 (84.3%)
  2100-Nov-13 09:00:00 (86.7%)
  2100-Nov-22 03:00:00 (89.1%)
  2100-Nov-30 21:00:00 (91.5%)
  2100-Dec-09 14:00:00 (93.9%)
  2100-Dec-18 08:00:00 (96.3%)
  2100-Dec-27 02:00:00 (98.7%)
  2100-Dec-31 23:00:00 (100%)
Finished Program: 2014-Nov-18 11:27:46.560201
Elapsed Time: 00:01:21.750490
