instance.yaml
kiva v0.2.0-21-g785bfe1
Copyright (C) 2012-2014 Big Ladder Software
Web: www.bigladdersoftware.com

Starting Program: 2014-Nov-18 11:20:26.886987
Creating Domain...
  X Cells: 167
  Y Cells: 1
  Z Cells: 125
  Total Cells: 20875
Initializing Temperatures...
  2098-Dec-17 23:00:00
  2099-Jan-10 12:00:00
  2099-Jan-21 13:00:00
  2099-Jan-27 23:00:00
  2099-Feb-08 01:00:00
  2099-Feb-19 03:00:00
  2099-Mar-02 05:00:00
  2099-Mar-13 07:00:00
  2099-Mar-24 08:00:00
  2099-Apr-04 10:00:00
  2099-Apr-15 12:00:00
  2099-Apr-26 14:00:00
  2099-May-07 16:00:00
  2099-May-18 18:00:00
  2099-May-29 20:00:00
  2099-Jun-09 22:00:00
  2099-Jun-21 00:00:00
  2099-Jul-02 02:00:00
  2099-Jul-13 04:00:00
  2099-Jul-24 06:00:00
  2099-Aug-04 08:00:00
  2099-Aug-15 10:00:00
  2099-Aug-26 12:00:00
  2099-Sep-06 14:00:00
  2099-Sep-17 16:00:00
  2099-Sep-28 18:00:00
  2099-Oct-09 20:00:00
  2099-Oct-20 22:00:00
  2099-Nov-01 00:00:00
  2099-Nov-12 02:00:00
  2099-Nov-23 05:00:00
  2099-Dec-04 06:00:00
  2099-Dec-15 08:00:00
  2099-Dec-26 10:00:00
Beginning Simulation...
  2100-Jan-06 03:00:00 (1.4%)
  2100-Jan-16 10:00:00 (4.2%)
  2100-Jan-26 17:00:00 (7%)
  2100-Feb-06 00:00:00 (9.9%)
  2100-Feb-16 07:00:00 (12.7%)
  2100-Feb-26 14:00:00 (15.5%)
  2100-Mar-08 21:00:00 (18.3%)
  2100-Mar-19 04:00:00 (21.1%)
  2100-Mar-29 11:00:00 (24%)
  2100-Apr-08 18:00:00 (26.8%)
  2100-Apr-19 01:00:00 (29.6%)
  2100-Apr-29 08:00:00 (32.4%)
  2100-May-09 14:00:00 (35.2%)
  2100-May-19 21:00:00 (38%)
  2100-May-30 04:00:00 (40.9%)
  2100-Jun-09 11:00:00 (43.7%)
  2100-Jun-19 19:00:00 (46.5%)
  2100-Jun-30 02:00:00 (49.3%)
  2100-Jul-10 09:00:00 (52.2%)
  2100-Jul-20 16:00:00 (55%)
  2100-Jul-30 23:00:00 (57.8%)
  2100-Aug-10 06:00:00 (60.6%)
  2100-Aug-20 14:00:00 (63.4%)
  2100-Aug-30 21:00:00 (66.3%)
  2100-Sep-10 04:00:00 (69.1%)
  2100-Sep-20 11:00:00 (71.9%)
  2100-Sep-30 18:00:00 (74.7%)
  2100-Oct-11 01:00:00 (77.5%)
  2100-Oct-21 08:00:00 (80.4%)
  2100-Oct-31 15:00:00 (83.2%)
  2100-Nov-10 21:00:00 (86%)
  2100-Nov-21 04:00:00 (88.8%)
  2100-Dec-01 11:00:00 (91.6%)
  2100-Dec-11 18:00:00 (94.5%)
  2100-Dec-22 01:00:00 (97.3%)
  2100-Dec-31 23:00:00 (100%)
Finished Program: 2014-Nov-18 11:21:36.965545
Elapsed Time: 00:01:10.078558
