instance.yaml
kiva v0.2.0-20-g4c7c200
Copyright (C) 2012-2014 Big Ladder Software
Web: www.bigladdersoftware.com

Starting Program: 2014-Nov-17 14:15:19.136068
Creating Domain...
  X Cells: 119
  Y Cells: 1
  Z Cells: 96
  Total Cells: 11424
Initializing Temperatures...
  2099-Jan-06 08:00:00
  2099-Jan-25 00:00:00
  2099-Feb-12 16:00:00
  2099-Mar-03 08:00:00
  2099-Mar-22 00:00:00
  2099-Apr-09 16:00:00
  2099-Apr-28 08:00:00
  2099-May-17 00:00:00
  2099-Jun-04 16:00:00
  2099-Jun-23 08:00:00
  2099-Jul-12 00:00:00
  2099-Jul-30 16:00:00
  2099-Aug-18 08:00:00
  2099-Sep-06 01:00:00
  2099-Sep-24 17:00:00
  2099-Oct-13 09:00:00
  2099-Nov-01 01:00:00
  2099-Nov-19 17:00:00
  2099-Dec-08 09:00:00
  2099-Dec-27 01:00:00
Beginning Simulation...
  2100-Jan-14 11:00:00 (3.7%)
  2100-Feb-01 18:00:00 (8.7%)
  2100-Feb-20 02:00:00 (13.7%)
  2100-Mar-10 08:00:00 (18.7%)
  2100-Mar-28 16:00:00 (23.7%)
  2100-Apr-15 23:00:00 (28.8%)
  2100-May-04 07:00:00 (33.8%)
  2100-May-22 14:00:00 (38.8%)
  2100-Jun-09 22:00:00 (43.8%)
  2100-Jun-28 05:00:00 (48.8%)
  2100-Jul-16 13:00:00 (53.8%)
  2100-Aug-03 21:00:00 (58.9%)
  2100-Aug-22 04:00:00 (63.9%)
  2100-Sep-09 12:00:00 (68.9%)
  2100-Sep-27 19:00:00 (73.9%)
  2100-Oct-16 00:00:00 (78.9%)
  2100-Nov-03 07:00:00 (83.9%)
  2100-Nov-21 15:00:00 (88.9%)
  2100-Dec-09 22:00:00 (93.9%)
  2100-Dec-28 05:00:00 (99%)
  2100-Dec-31 23:00:00 (100%)
Finished Program: 2014-Nov-17 14:15:59.205608
Elapsed Time: 00:00:40.069540
