instance.yaml
kiva v0.2.0-21-g785bfe1
Copyright (C) 2012-2014 Big Ladder Software
Web: www.bigladdersoftware.com

Starting Program: 2014-Nov-18 11:05:24.811128
Creating Domain...
  X Cells: 111
  Y Cells: 1
  Z Cells: 127
  Total Cells: 14097
Initializing Temperatures...
  2098-Oct-01 23:00:00
  2099-Jan-10 15:00:00
  2099-Jan-29 02:00:00
  2099-Feb-16 14:00:00
  2099-Mar-07 01:00:00
  2099-Mar-25 13:00:00
  2099-Apr-13 00:00:00
  2099-May-01 12:00:00
  2099-May-19 23:00:00
  2099-Jun-07 11:00:00
  2099-Jun-25 23:00:00
  2099-Jul-14 10:00:00
  2099-Aug-01 22:00:00
  2099-Aug-20 09:00:00
  2099-Sep-07 21:00:00
  2099-Sep-26 09:00:00
  2099-Oct-14 20:00:00
  2099-Nov-02 08:00:00
  2099-Nov-20 20:00:00
  2099-Dec-09 07:00:00
  2099-Dec-27 18:00:00
Beginning Simulation...
  2100-Jan-14 04:00:00 (3.6%)
  2100-Jan-31 06:00:00 (8.3%)
  2100-Feb-17 08:00:00 (13%)
  2100-Mar-06 10:00:00 (17.6%)
  2100-Mar-23 12:00:00 (22.3%)
  2100-Apr-09 14:00:00 (27%)
  2100-Apr-26 16:00:00 (31.7%)
  2100-May-13 18:00:00 (36.4%)
  2100-May-30 21:00:00 (41.1%)
  2100-Jun-16 23:00:00 (45.7%)
  2100-Jul-03 23:00:00 (50.4%)
  2100-Jul-21 01:00:00 (55.1%)
  2100-Aug-07 03:00:00 (59.8%)
  2100-Aug-24 05:00:00 (64.4%)
  2100-Sep-10 07:00:00 (69.1%)
  2100-Sep-27 10:00:00 (73.8%)
  2100-Oct-14 12:00:00 (78.5%)
  2100-Oct-31 15:00:00 (83.2%)
  2100-Nov-17 17:00:00 (87.9%)
  2100-Dec-04 19:00:00 (92.5%)
  2100-Dec-21 21:00:00 (97.2%)
  2100-Dec-31 23:00:00 (100%)
Finished Program: 2014-Nov-18 11:06:06.592283
Elapsed Time: 00:00:41.781155
