instance.yaml
kiva v0.2.0-21-g785bfe1
Copyright (C) 2012-2014 Big Ladder Software
Web: www.bigladdersoftware.com

Starting Program: 2014-Nov-18 11:18:28.466450
Creating Domain...
  X Cells: 197
  Y Cells: 1
  Z Cells: 96
  Total Cells: 18912
Initializing Temperatures...
  2098-Nov-19 23:00:00
  2099-Jan-09 02:00:00
  2099-Jan-20 11:00:00
  2099-Jan-31 19:00:00
  2099-Feb-12 04:00:00
  2099-Feb-23 13:00:00
  2099-Mar-06 21:00:00
  2099-Mar-18 06:00:00
  2099-Mar-29 15:00:00
  2099-Apr-09 23:00:00
  2099-Apr-21 08:00:00
  2099-May-02 17:00:00
  2099-May-14 01:00:00
  2099-May-25 10:00:00
  2099-Jun-05 19:00:00
  2099-Jun-17 04:00:00
  2099-Jun-28 13:00:00
  2099-Jul-09 21:00:00
  2099-Jul-21 06:00:00
  2099-Aug-01 15:00:00
  2099-Aug-12 23:00:00
  2099-Aug-24 08:00:00
  2099-Sep-04 17:00:00
  2099-Sep-16 01:00:00
  2099-Sep-27 10:00:00
  2099-Oct-08 18:00:00
  2099-Oct-20 00:00:00
  2099-Oct-31 06:00:00
  2099-Nov-11 13:00:00
  2099-Nov-22 20:00:00
  2099-Dec-04 03:00:00
  2099-Dec-15 11:00:00
  2099-Dec-26 20:00:00
Beginning Simulation...
  2100-Jan-07 02:00:00 (1.7%)
  2100-Jan-18 05:00:00 (4.7%)
  2100-Jan-29 09:00:00 (7.8%)
  2100-Feb-09 12:00:00 (10.8%)
  2100-Feb-20 16:00:00 (13.9%)
  2100-Mar-03 19:00:00 (16.9%)
  2100-Mar-14 23:00:00 (20%)
  2100-Mar-26 02:00:00 (23%)
  2100-Apr-06 05:00:00 (26.1%)
  2100-Apr-17 09:00:00 (29.1%)
  2100-Apr-28 12:00:00 (32.2%)
  2100-May-09 16:00:00 (35.3%)
  2100-May-20 20:00:00 (38.3%)
  2100-May-31 23:00:00 (41.4%)
  2100-Jun-12 03:00:00 (44.4%)
  2100-Jun-23 07:00:00 (47.5%)
  2100-Jul-04 10:00:00 (50.5%)
  2100-Jul-15 14:00:00 (53.6%)
  2100-Jul-26 17:00:00 (56.6%)
  2100-Aug-06 20:00:00 (59.7%)
  2100-Aug-18 01:00:00 (62.8%)
  2100-Aug-29 06:00:00 (65.8%)
  2100-Sep-09 11:00:00 (68.9%)
  2100-Sep-20 16:00:00 (72%)
  2100-Oct-01 21:00:00 (75%)
  2100-Oct-13 02:00:00 (78.1%)
  2100-Oct-24 07:00:00 (81.2%)
  2100-Nov-04 12:00:00 (84.2%)
  2100-Nov-15 17:00:00 (87.3%)
  2100-Nov-26 22:00:00 (90.4%)
  2100-Dec-08 03:00:00 (93.5%)
  2100-Dec-19 08:00:00 (96.5%)
  2100-Dec-30 13:00:00 (99.6%)
  2100-Dec-31 23:00:00 (100%)
Finished Program: 2014-Nov-18 11:19:34.128654
Elapsed Time: 00:01:05.662204
