instance.yaml
kiva v0.2.0-19-ge248292
Copyright (C) 2012-2014 Big Ladder Software
Web: www.bigladdersoftware.com

Starting Program: 2014-Nov-17 08:41:17.101064
Creating Domain...
  X Cells: 87
  Y Cells: 1
  Z Cells: 96
  Total Cells: 8352
Initializing Temperatures...
  2099-Jan-12 12:00:00
  2099-Feb-08 11:00:00
  2099-Mar-07 10:00:00
  2099-Apr-03 09:00:00
  2099-Apr-30 09:00:00
  2099-May-27 09:00:00
  2099-Jun-23 09:00:00
  2099-Jul-20 10:00:00
  2099-Aug-16 13:00:00
  2099-Sep-12 17:00:00
  2099-Oct-09 21:00:00
  2099-Nov-06 02:00:00
  2099-Dec-03 06:00:00
  2099-Dec-30 10:00:00
Beginning Simulation...
  2100-Jan-25 22:00:00 (6.8%)
  2100-Feb-21 08:00:00 (14.1%)
  2100-Mar-19 19:00:00 (21.3%)
  2100-Apr-15 08:00:00 (28.6%)
  2100-May-12 09:00:00 (36%)
  2100-Jun-08 09:00:00 (43.4%)
  2100-Jul-05 10:00:00 (50.8%)
  2100-Aug-01 11:00:00 (58.2%)
  2100-Aug-28 11:00:00 (65.6%)
  2100-Sep-24 12:00:00 (73%)
  2100-Oct-21 12:00:00 (80.4%)
  2100-Nov-17 12:00:00 (87.8%)
  2100-Dec-14 12:00:00 (95.2%)
  2100-Dec-31 23:00:00 (100%)
Finished Program: 2014-Nov-17 08:41:44.648956
Elapsed Time: 00:00:27.547892
