instance.yaml
kiva v0.2.0-21-g785bfe1
Copyright (C) 2012-2014 Big Ladder Software
Web: www.bigladdersoftware.com

Starting Program: 2014-Nov-18 11:28:24.661695
Creating Domain...
  X Cells: 252
  Y Cells: 1
  Z Cells: 132
  Total Cells: 33264
Initializing Temperatures...
  2098-Oct-01 23:00:00
  2098-Dec-24 23:00:00
  2099-Jan-08 06:00:00
  2099-Jan-16 07:00:00
  2099-Jan-24 07:00:00
  2099-Feb-01 08:00:00
  2099-Feb-09 09:00:00
  2099-Feb-17 10:00:00
  2099-Feb-25 10:00:00
  2099-Mar-05 11:00:00
  2099-Mar-13 12:00:00
  2099-Mar-21 12:00:00
  2099-Mar-29 13:00:00
  2099-Apr-06 14:00:00
  2099-Apr-14 14:00:00
  2099-Apr-22 15:00:00
  2099-Apr-30 16:00:00
  2099-May-08 16:00:00
  2099-May-16 17:00:00
  2099-May-24 18:00:00
  2099-Jun-01 19:00:00
  2099-Jun-09 19:00:00
  2099-Jun-17 20:00:00
  2099-Jun-25 21:00:00
  2099-Jul-03 21:00:00
  2099-Jul-11 22:00:00
  2099-Jul-19 23:00:00
  2099-Jul-27 23:00:00
  2099-Aug-05 00:00:00
  2099-Aug-13 00:00:00
  2099-Aug-21 01:00:00
  2099-Aug-29 02:00:00
  2099-Sep-06 02:00:00
  2099-Sep-14 02:00:00
  2099-Sep-22 03:00:00
  2099-Sep-30 03:00:00
  2099-Oct-08 04:00:00
  2099-Oct-16 04:00:00
  2099-Oct-24 05:00:00
  2099-Nov-01 06:00:00
  2099-Nov-09 06:00:00
  2099-Nov-17 07:00:00
  2099-Nov-25 08:00:00
  2099-Dec-03 09:00:00
  2099-Dec-11 11:00:00
  2099-Dec-19 13:00:00
  2099-Dec-27 15:00:00
Beginning Simulation...
  2100-Jan-04 11:00:00 (0.9%)
  2100-Jan-12 00:00:00 (3%)
  2100-Jan-19 13:00:00 (5.1%)
  2100-Jan-27 02:00:00 (7.1%)
  2100-Feb-03 16:00:00 (9.2%)
  2100-Feb-11 05:00:00 (11.3%)
  2100-Feb-18 19:00:00 (13.4%)
  2100-Feb-26 10:00:00 (15.5%)
  2100-Mar-06 01:00:00 (17.5%)
  2100-Mar-13 16:00:00 (19.6%)
  2100-Mar-21 07:00:00 (21.7%)
  2100-Mar-28 22:00:00 (23.8%)
  2100-Apr-05 13:00:00 (25.9%)
  2100-Apr-13 04:00:00 (28%)
  2100-Apr-20 19:00:00 (30.1%)
  2100-Apr-28 10:00:00 (32.2%)
  2100-May-06 01:00:00 (34.3%)
  2100-May-13 16:00:00 (36.3%)
  2100-May-21 07:00:00 (38.4%)
  2100-May-28 22:00:00 (40.5%)
  2100-Jun-05 14:00:00 (42.6%)
  2100-Jun-13 04:00:00 (44.7%)
  2100-Jun-20 19:00:00 (46.8%)
  2100-Jun-28 10:00:00 (48.9%)
  2100-Jul-06 01:00:00 (51%)
  2100-Jul-13 16:00:00 (53.1%)
  2100-Jul-21 07:00:00 (55.1%)
  2100-Jul-28 22:00:00 (57.2%)
  2100-Aug-05 14:00:00 (59.3%)
  2100-Aug-13 05:00:00 (61.4%)
  2100-Aug-20 20:00:00 (63.5%)
  2100-Aug-28 11:00:00 (65.6%)
  2100-Sep-05 00:00:00 (67.7%)
  2100-Sep-12 16:00:00 (69.8%)
  2100-Sep-20 07:00:00 (71.9%)
  2100-Sep-27 22:00:00 (73.9%)
  2100-Oct-05 13:00:00 (76%)
  2100-Oct-13 04:00:00 (78.1%)
  2100-Oct-20 19:00:00 (80.2%)
  2100-Oct-28 10:00:00 (82.3%)
  2100-Nov-05 01:00:00 (84.4%)
  2100-Nov-12 16:00:00 (86.5%)
  2100-Nov-20 07:00:00 (88.6%)
  2100-Nov-27 23:00:00 (90.7%)
  2100-Dec-05 14:00:00 (92.8%)
  2100-Dec-13 05:00:00 (94.9%)
  2100-Dec-20 20:00:00 (96.9%)
  2100-Dec-28 11:00:00 (99%)
  2100-Dec-31 23:00:00 (100%)
Finished Program: 2014-Nov-18 11:29:59.464038
Elapsed Time: 00:01:34.802343
