instance.yaml
kiva v0.2.0-9-g526928a
Copyright (C) 2012-2014 Big Ladder Software
Web: www.bigladdersoftware.com

Starting Program: 2014-Oct-26 15:43:14.715739
Creating Domain...
  X Cells: 137
  Y Cells: 1
  Z Cells: 132
  Total Cells: 18084
Initializing Temperatures...
  2098-Dec-03 23:00:00
  2099-Jan-08 12:00:00
  2099-Jan-23 19:00:00
  2099-Feb-09 00:00:00
  2099-Feb-25 05:00:00
  2099-Mar-13 09:00:00
  2099-Mar-29 14:00:00
  2099-Apr-14 19:00:00
  2099-May-01 00:00:00
  2099-May-17 04:00:00
  2099-Jun-02 09:00:00
  2099-Jun-18 14:00:00
  2099-Jul-04 19:00:00
  2099-Jul-21 00:00:00
  2099-Aug-06 05:00:00
  2099-Aug-22 10:00:00
  2099-Sep-07 14:00:00
  2099-Sep-23 19:00:00
  2099-Oct-10 00:00:00
  2099-Oct-26 05:00:00
  2099-Nov-11 10:00:00
  2099-Nov-27 15:00:00
  2099-Dec-13 19:00:00
  2099-Dec-30 00:00:00
Beginning Simulation...
  2100-Jan-14 09:00:00 (3.7%)
  2100-Jan-29 14:00:00 (7.8%)
  2100-Feb-13 20:00:00 (12%)
  2100-Mar-01 01:00:00 (16.2%)
  2100-Mar-16 07:00:00 (20.4%)
  2100-Mar-31 12:00:00 (24.5%)
  2100-Apr-15 18:00:00 (28.7%)
  2100-May-01 00:00:00 (32.9%)
  2100-May-16 06:00:00 (37.1%)
  2100-May-31 12:00:00 (41.2%)
  2100-Jun-15 16:00:00 (45.4%)
  2100-Jun-30 22:00:00 (49.6%)
  2100-Jul-16 04:00:00 (53.7%)
  2100-Jul-31 10:00:00 (57.9%)
  2100-Aug-15 17:00:00 (62.1%)
  2100-Aug-30 22:00:00 (66.3%)
  2100-Sep-15 05:00:00 (70.5%)
  2100-Sep-30 11:00:00 (74.6%)
  2100-Oct-15 17:00:00 (78.8%)
  2100-Oct-30 22:00:00 (83%)
  2100-Nov-15 05:00:00 (87.2%)
  2100-Nov-30 12:00:00 (91.4%)
  2100-Dec-15 19:00:00 (95.6%)
  2100-Dec-31 02:00:00 (99.7%)
  2100-Dec-31 23:00:00 (100%)
Finished Program: 2014-Oct-26 15:44:03.058380
Elapsed Time: 00:00:48.342641
