instance.yaml
kiva v0.2.0-9-g526928a
Copyright (C) 2012-2014 Big Ladder Software
Web: www.bigladdersoftware.com

Starting Program: 2014-Oct-24 08:46:44.103013
Creating Domain...
  X Cells: 135
  Y Cells: 1
  Z Cells: 127
  Total Cells: 17145
Initializing Temperatures...
  2098-Nov-05 23:00:00
  2099-Jan-03 17:00:00
  2099-Jan-18 21:00:00
  2099-Feb-04 11:00:00
  2099-Feb-21 01:00:00
  2099-Mar-09 15:00:00
  2099-Mar-26 04:00:00
  2099-Apr-11 18:00:00
  2099-Apr-28 08:00:00
  2099-May-14 22:00:00
  2099-May-31 12:00:00
  2099-Jun-17 02:00:00
  2099-Jul-03 16:00:00
  2099-Jul-20 06:00:00
  2099-Aug-05 20:00:00
  2099-Aug-22 10:00:00
  2099-Sep-08 00:00:00
  2099-Sep-24 13:00:00
  2099-Oct-11 03:00:00
  2099-Oct-27 17:00:00
  2099-Nov-13 07:00:00
  2099-Nov-29 21:00:00
  2099-Dec-16 11:00:00
Beginning Simulation...
  2100-Jan-01 23:00:00 (0.3%)
  2100-Jan-17 07:00:00 (4.5%)
  2100-Feb-01 14:00:00 (8.7%)
  2100-Feb-16 21:00:00 (12.8%)
  2100-Mar-04 05:00:00 (17%)
  2100-Mar-19 12:00:00 (21.2%)
  2100-Apr-03 19:00:00 (25.4%)
  2100-Apr-19 02:00:00 (29.6%)
  2100-May-04 09:00:00 (33.8%)
  2100-May-19 17:00:00 (38%)
  2100-Jun-04 00:00:00 (42.2%)
  2100-Jun-19 08:00:00 (46.4%)
  2100-Jul-04 15:00:00 (50.6%)
  2100-Jul-19 23:00:00 (54.8%)
  2100-Aug-04 07:00:00 (59%)
  2100-Aug-19 20:00:00 (63.2%)
  2100-Sep-04 10:00:00 (67.5%)
  2100-Sep-19 17:00:00 (71.7%)
  2100-Oct-05 07:00:00 (76%)
  2100-Oct-20 21:00:00 (80.2%)
  2100-Nov-05 11:00:00 (84.5%)
  2100-Nov-21 00:00:00 (88.8%)
  2100-Dec-06 14:00:00 (93%)
  2100-Dec-22 04:00:00 (97.3%)
  2100-Dec-31 23:00:00 (100%)
Finished Program: 2014-Oct-24 08:47:31.631503
Elapsed Time: 00:00:47.528490
