instance.yaml
kiva v0.2.0-9-g526928a
Copyright (C) 2012-2014 Big Ladder Software
Web: www.bigladdersoftware.com

Starting Program: 2014-Nov-15 12:22:42.659883
Creating Domain...
  X Cells: 171
  Y Cells: 1
  Z Cells: 113
  Total Cells: 19323
Initializing Temperatures...
  2098-Oct-15 23:00:00
  2099-Jan-06 15:00:00
  2099-Jan-18 03:00:00
  2099-Jan-29 15:00:00
  2099-Feb-10 03:00:00
  2099-Feb-21 14:00:00
  2099-Mar-05 02:00:00
  2099-Mar-16 14:00:00
  2099-Mar-28 02:00:00
  2099-Apr-08 14:00:00
  2099-Apr-20 01:00:00
  2099-May-01 13:00:00
  2099-May-13 01:00:00
  2099-May-24 13:00:00
  2099-Jun-05 01:00:00
  2099-Jun-16 13:00:00
  2099-Jun-28 01:00:00
  2099-Jul-09 13:00:00
  2099-Jul-21 01:00:00
  2099-Aug-01 13:00:00
  2099-Aug-13 01:00:00
  2099-Aug-24 13:00:00
  2099-Sep-05 01:00:00
  2099-Sep-16 13:00:00
  2099-Sep-28 01:00:00
  2099-Oct-09 13:00:00
  2099-Oct-21 01:00:00
  2099-Nov-01 13:00:00
  2099-Nov-13 01:00:00
  2099-Nov-24 13:00:00
  2099-Dec-06 01:00:00
  2099-Dec-17 13:00:00
  2099-Dec-29 00:00:00
Beginning Simulation...
  2100-Jan-09 09:00:00 (2.3%)
  2100-Jan-20 17:00:00 (5.4%)
  2100-Feb-01 01:00:00 (8.5%)
  2100-Feb-12 08:00:00 (11.6%)
  2100-Feb-23 16:00:00 (14.7%)
  2100-Mar-07 00:00:00 (17.8%)
  2100-Mar-18 07:00:00 (20.9%)
  2100-Mar-29 15:00:00 (24%)
  2100-Apr-09 23:00:00 (27.1%)
  2100-Apr-21 07:00:00 (30.2%)
  2100-May-02 15:00:00 (33.3%)
  2100-May-13 22:00:00 (36.4%)
  2100-May-25 06:00:00 (39.5%)
  2100-Jun-05 14:00:00 (42.6%)
  2100-Jun-16 22:00:00 (45.7%)
  2100-Jun-28 06:00:00 (48.8%)
  2100-Jul-09 14:00:00 (51.9%)
  2100-Jul-20 22:00:00 (55%)
  2100-Aug-01 06:00:00 (58.2%)
  2100-Aug-12 14:00:00 (61.3%)
  2100-Aug-23 22:00:00 (64.4%)
  2100-Sep-04 06:00:00 (67.5%)
  2100-Sep-15 13:00:00 (70.6%)
  2100-Sep-26 21:00:00 (73.7%)
  2100-Oct-08 05:00:00 (76.8%)
  2100-Oct-19 13:00:00 (79.9%)
  2100-Oct-30 21:00:00 (83%)
  2100-Nov-11 05:00:00 (86.1%)
  2100-Nov-22 13:00:00 (89.2%)
  2100-Dec-03 20:00:00 (92.3%)
  2100-Dec-15 04:00:00 (95.4%)
  2100-Dec-26 12:00:00 (98.5%)
  2100-Dec-31 23:00:00 (100%)
Finished Program: 2014-Nov-15 12:23:47.483764
Elapsed Time: 00:01:04.823881
