instance.yaml
kiva v0.2.0-21-g785bfe1
Copyright (C) 2012-2014 Big Ladder Software
Web: www.bigladdersoftware.com

Starting Program: 2014-Nov-18 11:22:24.245865
Creating Domain...
  X Cells: 92
  Y Cells: 1
  Z Cells: 113
  Total Cells: 10396
Initializing Temperatures...
  2099-Jan-06 02:00:00
  2099-Jan-28 21:00:00
  2099-Feb-20 17:00:00
  2099-Mar-15 12:00:00
  2099-Apr-07 08:00:00
  2099-Apr-30 03:00:00
  2099-May-22 23:00:00
  2099-Jun-14 19:00:00
  2099-Jul-07 15:00:00
  2099-Jul-30 10:00:00
  2099-Aug-22 06:00:00
  2099-Sep-14 01:00:00
  2099-Oct-06 21:00:00
  2099-Oct-29 17:00:00
  2099-Nov-21 12:00:00
  2099-Dec-14 08:00:00
Beginning Simulation...
  2100-Jan-06 01:00:00 (1.4%)
  2100-Jan-28 10:00:00 (7.5%)
  2100-Feb-19 18:00:00 (13.6%)
  2100-Mar-14 02:00:00 (19.7%)
  2100-Apr-05 10:00:00 (25.9%)
  2100-Apr-27 18:00:00 (32%)
  2100-May-20 02:00:00 (38.1%)
  2100-Jun-11 12:00:00 (44.2%)
  2100-Jul-04 07:00:00 (50.5%)
  2100-Jul-27 02:00:00 (56.7%)
  2100-Aug-18 21:00:00 (63%)
  2100-Sep-10 16:00:00 (69.2%)
  2100-Oct-03 10:00:00 (75.5%)
  2100-Oct-26 05:00:00 (81.7%)
  2100-Nov-17 20:00:00 (87.9%)
  2100-Dec-10 15:00:00 (94.1%)
  2100-Dec-31 23:00:00 (100%)
Finished Program: 2014-Nov-18 11:22:56.937618
Elapsed Time: 00:00:32.691753
