instance.yaml
kiva v0.2.0-21-g785bfe1
Copyright (C) 2012-2014 Big Ladder Software
Web: www.bigladdersoftware.com

Starting Program: 2014-Nov-18 11:20:26.783416
Creating Domain...
  X Cells: 87
  Y Cells: 1
  Z Cells: 125
  Total Cells: 10875
Initializing Temperatures...
  2098-Oct-01 23:00:00
  2099-Jan-14 14:00:00
  2099-Feb-04 15:00:00
  2099-Feb-25 15:00:00
  2099-Mar-09 19:00:00
  2099-Mar-30 20:00:00
  2099-Apr-20 22:00:00
  2099-May-11 23:00:00
  2099-Jun-02 01:00:00
  2099-Jun-23 03:00:00
  2099-Jul-14 04:00:00
  2099-Aug-04 06:00:00
  2099-Aug-25 08:00:00
  2099-Sep-15 09:00:00
  2099-Oct-06 11:00:00
  2099-Oct-27 13:00:00
  2099-Nov-17 15:00:00
  2099-Dec-08 16:00:00
  2099-Dec-29 18:00:00
Beginning Simulation...
  2100-Jan-18 09:00:00 (4.8%)
  2100-Feb-06 19:00:00 (10.1%)
  2100-Feb-26 05:00:00 (15.4%)
  2100-Mar-17 16:00:00 (20.7%)
  2100-Apr-06 02:00:00 (26.1%)
  2100-Apr-25 13:00:00 (31.4%)
  2100-May-15 00:00:00 (36.7%)
  2100-Jun-03 11:00:00 (42%)
  2100-Jun-22 22:00:00 (47.4%)
  2100-Jul-12 09:00:00 (52.7%)
  2100-Jul-31 20:00:00 (58%)
  2100-Aug-20 07:00:00 (63.4%)
  2100-Sep-08 17:00:00 (68.7%)
  2100-Sep-28 05:00:00 (74%)
  2100-Oct-17 12:00:00 (79.3%)
  2100-Nov-05 23:00:00 (84.6%)
  2100-Nov-25 10:00:00 (90%)
  2100-Dec-14 21:00:00 (95.3%)
  2100-Dec-31 23:00:00 (100%)
Finished Program: 2014-Nov-18 11:21:03.880295
Elapsed Time: 00:00:37.096879
