instance.yaml
kiva v0.2.0-19-ge248292
Copyright (C) 2012-2014 Big Ladder Software
Web: www.bigladdersoftware.com

Starting Program: 2014-Nov-17 08:42:16.567481
Creating Domain...
  X Cells: 181
  Y Cells: 1
  Z Cells: 133
  Total Cells: 24073
Initializing Temperatures...
  2098-Oct-08 23:00:00
  2099-Jan-04 09:00:00
  2099-Jan-14 08:00:00
  2099-Jan-24 06:00:00
  2099-Feb-03 04:00:00
  2099-Feb-13 02:00:00
  2099-Feb-23 01:00:00
  2099-Mar-04 23:00:00
  2099-Mar-14 22:00:00
  2099-Mar-24 20:00:00
  2099-Apr-03 18:00:00
  2099-Apr-13 17:00:00
  2099-Apr-23 15:00:00
  2099-May-03 13:00:00
  2099-May-13 12:00:00
  2099-May-23 10:00:00
  2099-Jun-02 08:00:00
  2099-Jun-12 07:00:00
  2099-Jun-22 05:00:00
  2099-Jul-02 04:00:00
  2099-Jul-12 02:00:00
  2099-Jul-22 00:00:00
  2099-Jul-31 23:00:00
  2099-Aug-10 21:00:00
  2099-Aug-20 20:00:00
  2099-Aug-30 18:00:00
  2099-Sep-09 17:00:00
  2099-Sep-19 14:00:00
  2099-Sep-29 13:00:00
  2099-Oct-09 11:00:00
  2099-Oct-19 10:00:00
  2099-Oct-29 08:00:00
  2099-Nov-08 07:00:00
  2099-Nov-18 05:00:00
  2099-Nov-28 03:00:00
  2099-Dec-08 02:00:00
  2099-Dec-18 00:00:00
  2099-Dec-27 23:00:00
Beginning Simulation...
  2100-Jan-06 11:00:00 (1.5%)
  2100-Jan-15 15:00:00 (4%)
  2100-Jan-24 20:00:00 (6.5%)
  2100-Feb-03 00:00:00 (9%)
  2100-Feb-12 05:00:00 (11.6%)
  2100-Feb-21 09:00:00 (14.1%)
  2100-Mar-02 14:00:00 (16.6%)
  2100-Mar-11 18:00:00 (19.1%)
  2100-Mar-20 23:00:00 (21.6%)
  2100-Mar-30 03:00:00 (24.1%)
  2100-Apr-08 08:00:00 (26.7%)
  2100-Apr-17 13:00:00 (29.2%)
  2100-Apr-26 18:00:00 (31.7%)
  2100-May-06 00:00:00 (34.2%)
  2100-May-15 06:00:00 (36.8%)
  2100-May-24 12:00:00 (39.3%)
  2100-Jun-02 18:00:00 (41.8%)
  2100-Jun-11 23:00:00 (44.4%)
  2100-Jun-21 05:00:00 (46.9%)
  2100-Jun-30 11:00:00 (49.4%)
  2100-Jul-09 17:00:00 (52%)
  2100-Jul-18 23:00:00 (54.5%)
  2100-Jul-28 04:00:00 (57%)
  2100-Aug-06 10:00:00 (59.6%)
  2100-Aug-15 16:00:00 (62.1%)
  2100-Aug-24 22:00:00 (64.6%)
  2100-Sep-03 04:00:00 (67.2%)
  2100-Sep-12 09:00:00 (69.7%)
  2100-Sep-21 15:00:00 (72.2%)
  2100-Sep-30 21:00:00 (74.8%)
  2100-Oct-10 03:00:00 (77.3%)
  2100-Oct-19 09:00:00 (79.8%)
  2100-Oct-28 15:00:00 (82.4%)
  2100-Nov-06 20:00:00 (84.9%)
  2100-Nov-15 11:00:00 (87.2%)
  2100-Nov-24 16:00:00 (89.8%)
  2100-Dec-03 22:00:00 (92.3%)
  2100-Dec-13 04:00:00 (94.8%)
  2100-Dec-22 10:00:00 (97.4%)
  2100-Dec-31 16:00:00 (99.9%)
  2100-Dec-31 23:00:00 (100%)
Finished Program: 2014-Nov-17 08:43:34.131449
Elapsed Time: 00:01:17.563968
