instance.yaml
kiva v0.2.0-19-ge248292
Copyright (C) 2012-2014 Big Ladder Software
Web: www.bigladdersoftware.com

Starting Program: 2014-Nov-17 08:46:13.254440
Creating Domain...
  X Cells: 64
  Y Cells: 1
  Z Cells: 113
  Total Cells: 7232
Initializing Temperatures...
  2099-Jan-09 04:00:00
  2099-Feb-08 08:00:00
  2099-Mar-10 12:00:00
  2099-Apr-09 16:00:00
  2099-May-09 20:00:00
  2099-Jun-09 00:00:00
  2099-Jul-09 05:00:00
  2099-Aug-08 09:00:00
  2099-Sep-07 13:00:00
  2099-Oct-07 17:00:00
  2099-Nov-06 22:00:00
  2099-Dec-07 02:00:00
Beginning Simulation...
  2100-Jan-06 05:00:00 (1.4%)
  2100-Feb-05 00:00:00 (9.6%)
  2100-Mar-06 18:00:00 (17.7%)
  2100-Apr-05 12:00:00 (25.9%)
  2100-May-05 07:00:00 (34.1%)
  2100-Jun-04 02:00:00 (42.2%)
  2100-Jul-03 21:00:00 (50.4%)
  2100-Aug-02 16:00:00 (58.5%)
  2100-Sep-01 11:00:00 (66.7%)
  2100-Oct-01 06:00:00 (74.9%)
  2100-Oct-31 01:00:00 (83%)
  2100-Nov-29 19:00:00 (91.2%)
  2100-Dec-29 14:00:00 (99.3%)
  2100-Dec-31 23:00:00 (100%)
Finished Program: 2014-Nov-17 08:46:38.080580
Elapsed Time: 00:00:24.826140
