instance.yaml
kiva v0.2.0-21-g785bfe1
Copyright (C) 2012-2014 Big Ladder Software
Web: www.bigladdersoftware.com

Starting Program: 2014-Nov-18 11:05:26.690700
Creating Domain...
  X Cells: 187
  Y Cells: 1
  Z Cells: 125
  Total Cells: 23375
Initializing Temperatures...
  2098-Oct-01 23:00:00
  2099-Jan-04 04:00:00
  2099-Jan-14 01:00:00
  2099-Jan-23 22:00:00
  2099-Feb-02 20:00:00
  2099-Feb-12 17:00:00
  2099-Feb-22 14:00:00
  2099-Mar-04 11:00:00
  2099-Mar-14 09:00:00
  2099-Mar-24 06:00:00
  2099-Apr-03 04:00:00
  2099-Apr-13 01:00:00
  2099-Apr-22 23:00:00
  2099-May-02 20:00:00
  2099-May-12 18:00:00
  2099-May-22 15:00:00
  2099-Jun-01 13:00:00
  2099-Jun-11 10:00:00
  2099-Jun-21 07:00:00
  2099-Jul-01 05:00:00
  2099-Jul-11 02:00:00
  2099-Jul-21 00:00:00
  2099-Jul-30 21:00:00
  2099-Aug-09 19:00:00
  2099-Aug-19 16:00:00
  2099-Aug-29 14:00:00
  2099-Sep-08 11:00:00
  2099-Sep-18 09:00:00
  2099-Sep-28 06:00:00
  2099-Oct-08 04:00:00
  2099-Oct-18 01:00:00
  2099-Oct-27 23:00:00
  2099-Nov-06 20:00:00
  2099-Nov-16 18:00:00
  2099-Nov-26 16:00:00
  2099-Dec-06 13:00:00
  2099-Dec-16 11:00:00
  2099-Dec-26 08:00:00
Beginning Simulation...
  2100-Jan-04 23:00:00 (1.1%)
  2100-Jan-14 04:00:00 (3.6%)
  2100-Jan-23 10:00:00 (6.1%)
  2100-Feb-01 15:00:00 (8.7%)
  2100-Feb-10 21:00:00 (11.2%)
  2100-Feb-20 02:00:00 (13.7%)
  2100-Mar-01 08:00:00 (16.3%)
  2100-Mar-10 13:00:00 (18.8%)
  2100-Mar-19 19:00:00 (21.3%)
  2100-Mar-29 01:00:00 (23.8%)
  2100-Apr-07 06:00:00 (26.4%)
  2100-Apr-16 12:00:00 (28.9%)
  2100-Apr-25 17:00:00 (31.4%)
  2100-May-04 23:00:00 (34%)
  2100-May-14 05:00:00 (36.5%)
  2100-May-23 11:00:00 (39%)
  2100-Jun-01 16:00:00 (41.6%)
  2100-Jun-10 22:00:00 (44.1%)
  2100-Jun-20 04:00:00 (46.6%)
  2100-Jun-29 09:00:00 (49.1%)
  2100-Jul-08 15:00:00 (51.7%)
  2100-Jul-17 21:00:00 (54.2%)
  2100-Jul-27 03:00:00 (56.7%)
  2100-Aug-05 08:00:00 (59.3%)
  2100-Aug-14 14:00:00 (61.8%)
  2100-Aug-23 19:00:00 (64.3%)
  2100-Sep-02 01:00:00 (66.9%)
  2100-Sep-11 07:00:00 (69.4%)
  2100-Sep-20 13:00:00 (71.9%)
  2100-Sep-29 19:00:00 (74.5%)
  2100-Oct-09 02:00:00 (77%)
  2100-Oct-18 08:00:00 (79.5%)
  2100-Oct-27 14:00:00 (82.1%)
  2100-Nov-05 18:00:00 (84.6%)
  2100-Nov-15 00:00:00 (87.1%)
  2100-Nov-24 06:00:00 (89.7%)
  2100-Dec-03 12:00:00 (92.2%)
  2100-Dec-12 19:00:00 (94.7%)
  2100-Dec-22 01:00:00 (97.3%)
  2100-Dec-31 07:00:00 (99.8%)
  2100-Dec-31 23:00:00 (100%)
Finished Program: 2014-Nov-18 11:06:44.075928
Elapsed Time: 00:01:17.385228
