instance.yaml
kiva v0.2.0-21-g785bfe1
Copyright (C) 2012-2014 Big Ladder Software
Web: www.bigladdersoftware.com

Starting Program: 2014-Nov-18 11:17:28.669640
Creating Domain...
  X Cells: 210
  Y Cells: 1
  Z Cells: 113
  Total Cells: 23730
Initializing Temperatures...
  2098-Oct-08 23:00:00
  2099-Jan-03 23:00:00
  2099-Jan-13 11:00:00
  2099-Jan-22 22:00:00
  2099-Feb-01 10:00:00
  2099-Feb-10 21:00:00
  2099-Feb-20 09:00:00
  2099-Mar-01 20:00:00
  2099-Mar-11 08:00:00
  2099-Mar-20 19:00:00
  2099-Mar-30 07:00:00
  2099-Apr-08 18:00:00
  2099-Apr-18 06:00:00
  2099-Apr-27 18:00:00
  2099-May-07 05:00:00
  2099-May-16 17:00:00
  2099-May-26 05:00:00
  2099-Jun-04 16:00:00
  2099-Jun-14 04:00:00
  2099-Jun-23 16:00:00
  2099-Jul-03 03:00:00
  2099-Jul-12 15:00:00
  2099-Jul-22 03:00:00
  2099-Jul-31 14:00:00
  2099-Aug-10 02:00:00
  2099-Aug-19 13:00:00
  2099-Aug-29 01:00:00
  2099-Sep-07 13:00:00
  2099-Sep-17 00:00:00
  2099-Sep-26 12:00:00
  2099-Oct-05 23:00:00
  2099-Oct-15 11:00:00
  2099-Oct-24 22:00:00
  2099-Nov-03 10:00:00
  2099-Nov-12 21:00:00
  2099-Nov-22 09:00:00
  2099-Dec-01 21:00:00
  2099-Dec-11 08:00:00
  2099-Dec-20 20:00:00
  2099-Dec-30 07:00:00
Beginning Simulation...
  2100-Jan-08 16:00:00 (2.1%)
  2100-Jan-18 00:00:00 (4.7%)
  2100-Jan-27 07:00:00 (7.2%)
  2100-Feb-05 15:00:00 (9.8%)
  2100-Feb-14 23:00:00 (12.3%)
  2100-Feb-24 06:00:00 (14.9%)
  2100-Mar-05 14:00:00 (17.4%)
  2100-Mar-14 21:00:00 (20%)
  2100-Mar-24 05:00:00 (22.5%)
  2100-Apr-02 13:00:00 (25.1%)
  2100-Apr-11 20:00:00 (27.6%)
  2100-Apr-21 04:00:00 (30.2%)
  2100-Apr-30 12:00:00 (32.7%)
  2100-May-09 20:00:00 (35.3%)
  2100-May-19 04:00:00 (37.9%)
  2100-May-28 12:00:00 (40.4%)
  2100-Jun-06 22:00:00 (43%)
  2100-Jun-16 09:00:00 (45.6%)
  2100-Jun-25 20:00:00 (48.2%)
  2100-Jul-05 07:00:00 (50.8%)
  2100-Jul-14 18:00:00 (53.4%)
  2100-Jul-24 05:00:00 (55.9%)
  2100-Aug-02 16:00:00 (58.5%)
  2100-Aug-12 03:00:00 (61.1%)
  2100-Aug-21 14:00:00 (63.7%)
  2100-Aug-31 01:00:00 (66.3%)
  2100-Sep-09 12:00:00 (68.9%)
  2100-Sep-18 23:00:00 (71.5%)
  2100-Sep-28 10:00:00 (74.1%)
  2100-Oct-07 21:00:00 (76.7%)
  2100-Oct-17 08:00:00 (79.3%)
  2100-Oct-26 19:00:00 (81.9%)
  2100-Nov-05 04:00:00 (84.4%)
  2100-Nov-14 15:00:00 (87%)
  2100-Nov-24 03:00:00 (89.6%)
  2100-Dec-03 13:00:00 (92.2%)
  2100-Dec-13 00:00:00 (94.8%)
  2100-Dec-22 11:00:00 (97.4%)
  2100-Dec-31 22:00:00 (100%)
  2100-Dec-31 23:00:00 (100%)
Finished Program: 2014-Nov-18 11:18:47.006555
Elapsed Time: 00:01:18.336915
