instance.yaml
kiva v0.2.0-9-g526928a
Copyright (C) 2012-2014 Big Ladder Software
Web: www.bigladdersoftware.com

Starting Program: 2014-Nov-15 12:22:43.996468
Creating Domain...
  X Cells: 212
  Y Cells: 1
  Z Cells: 133
  Total Cells: 28196
Initializing Temperatures...
  2098-Dec-10 23:00:00
  2099-Jan-07 19:00:00
  2099-Jan-16 04:00:00
  2099-Jan-24 13:00:00
  2099-Feb-01 21:00:00
  2099-Feb-10 06:00:00
  2099-Feb-18 15:00:00
  2099-Feb-26 23:00:00
  2099-Mar-07 08:00:00
  2099-Mar-15 17:00:00
  2099-Mar-24 02:00:00
  2099-Apr-01 10:00:00
  2099-Apr-09 19:00:00
  2099-Apr-18 04:00:00
  2099-Apr-26 13:00:00
  2099-May-04 21:00:00
  2099-May-13 07:00:00
  2099-May-21 16:00:00
  2099-May-30 01:00:00
  2099-Jun-07 11:00:00
  2099-Jun-15 20:00:00
  2099-Jun-24 05:00:00
  2099-Jul-02 14:00:00
  2099-Jul-11 00:00:00
  2099-Jul-19 09:00:00
  2099-Jul-27 18:00:00
  2099-Aug-05 06:00:00
  2099-Aug-13 17:00:00
  2099-Aug-22 04:00:00
  2099-Aug-30 15:00:00
  2099-Sep-08 01:00:00
  2099-Sep-16 12:00:00
  2099-Sep-24 23:00:00
  2099-Oct-03 10:00:00
  2099-Oct-11 21:00:00
  2099-Oct-20 09:00:00
  2099-Oct-28 20:00:00
  2099-Nov-06 07:00:00
  2099-Nov-14 18:00:00
  2099-Nov-23 05:00:00
  2099-Dec-01 16:00:00
  2099-Dec-10 03:00:00
  2099-Dec-18 14:00:00
  2099-Dec-27 01:00:00
Beginning Simulation...
  2100-Jan-04 07:00:00 (0.9%)
  2100-Jan-12 05:00:00 (3.1%)
  2100-Jan-20 03:00:00 (5.2%)
  2100-Jan-28 00:00:00 (7.4%)
  2100-Feb-04 22:00:00 (9.6%)
  2100-Feb-12 20:00:00 (11.7%)
  2100-Feb-20 18:00:00 (13.9%)
  2100-Feb-28 16:00:00 (16.1%)
  2100-Mar-08 14:00:00 (18.2%)
  2100-Mar-16 12:00:00 (20.4%)
  2100-Mar-24 10:00:00 (22.6%)
  2100-Apr-01 08:00:00 (24.7%)
  2100-Apr-09 06:00:00 (26.9%)
  2100-Apr-17 04:00:00 (29.1%)
  2100-Apr-25 01:00:00 (31.2%)
  2100-May-02 23:00:00 (33.4%)
  2100-May-10 21:00:00 (35.6%)
  2100-May-18 19:00:00 (37.8%)
  2100-May-26 17:00:00 (39.9%)
  2100-Jun-03 15:00:00 (42.1%)
  2100-Jun-11 13:00:00 (44.3%)
  2100-Jun-19 10:00:00 (46.4%)
  2100-Jun-27 08:00:00 (48.6%)
  2100-Jul-05 06:00:00 (50.8%)
  2100-Jul-13 04:00:00 (52.9%)
  2100-Jul-21 02:00:00 (55.1%)
  2100-Jul-29 01:00:00 (57.3%)
  2100-Aug-05 22:00:00 (59.4%)
  2100-Aug-13 20:00:00 (61.6%)
  2100-Aug-21 18:00:00 (63.8%)
  2100-Aug-29 16:00:00 (65.9%)
  2100-Sep-06 13:00:00 (68.1%)
  2100-Sep-14 10:00:00 (70.3%)
  2100-Sep-22 09:00:00 (72.4%)
  2100-Sep-30 07:00:00 (74.6%)
  2100-Oct-08 05:00:00 (76.8%)
  2100-Oct-16 03:00:00 (78.9%)
  2100-Oct-24 01:00:00 (81.1%)
  2100-Oct-31 23:00:00 (83.3%)
  2100-Nov-08 21:00:00 (85.4%)
  2100-Nov-16 19:00:00 (87.6%)
  2100-Nov-24 17:00:00 (89.8%)
  2100-Dec-02 15:00:00 (92%)
  2100-Dec-10 13:00:00 (94.1%)
  2100-Dec-18 11:00:00 (96.3%)
  2100-Dec-26 08:00:00 (98.4%)
  2100-Dec-31 23:00:00 (100%)
Finished Program: 2014-Nov-15 12:24:14.710918
Elapsed Time: 00:01:30.714450
