instance.yaml
kiva v0.2.0-9-g526928a
Copyright (C) 2012-2014 Big Ladder Software
Web: www.bigladdersoftware.com

Starting Program: 2014-Oct-19 03:39:05.259091
Creating Domain...
  X Cells: 96
  Y Cells: 1
  Z Cells: 113
  Total Cells: 10848
Initializing Temperatures...
  2098-Nov-26 23:00:00
  2099-Jan-17 13:00:00
  2099-Feb-09 13:00:00
  2099-Mar-04 12:00:00
  2099-Mar-27 12:00:00
  2099-Apr-19 11:00:00
  2099-May-12 11:00:00
  2099-Jun-04 11:00:00
  2099-Jun-27 11:00:00
  2099-Jul-20 11:00:00
  2099-Aug-12 11:00:00
  2099-Sep-04 10:00:00
  2099-Sep-27 10:00:00
  2099-Oct-20 10:00:00
  2099-Nov-12 10:00:00
  2099-Dec-05 10:00:00
  2099-Dec-28 10:00:00
Beginning Simulation...
  2100-Jan-19 23:00:00 (5.2%)
  2100-Feb-11 11:00:00 (11.4%)
  2100-Mar-05 23:00:00 (17.5%)
  2100-Mar-28 11:00:00 (23.7%)
  2100-Apr-19 23:00:00 (29.9%)
  2100-May-12 11:00:00 (36%)
  2100-Jun-03 23:00:00 (42.2%)
  2100-Jun-26 11:00:00 (48.3%)
  2100-Jul-18 23:00:00 (54.5%)
  2100-Aug-10 11:00:00 (60.7%)
  2100-Sep-02 00:00:00 (66.8%)
  2100-Sep-24 13:00:00 (73%)
  2100-Oct-17 01:00:00 (79.2%)
  2100-Nov-08 13:00:00 (85.4%)
  2100-Dec-01 01:00:00 (91.5%)
  2100-Dec-23 13:00:00 (97.7%)
  2100-Dec-31 23:00:00 (100%)
Finished Program: 2014-Oct-19 03:39:38.374586
Elapsed Time: 00:00:33.115495
