instance.yaml
kiva v0.2.0-21-g785bfe1
Copyright (C) 2012-2014 Big Ladder Software
Web: www.bigladdersoftware.com

Starting Program: 2014-Nov-18 11:17:29.870774
Creating Domain...
  X Cells: 97
  Y Cells: 1
  Z Cells: 113
  Total Cells: 10961
Initializing Temperatures...
  2099-Jan-13 00:00:00
  2099-Feb-02 16:00:00
  2099-Feb-23 09:00:00
  2099-Mar-16 02:00:00
  2099-Apr-05 18:00:00
  2099-Apr-26 11:00:00
  2099-May-17 04:00:00
  2099-Jun-06 21:00:00
  2099-Jun-27 13:00:00
  2099-Jul-18 06:00:00
  2099-Aug-07 23:00:00
  2099-Aug-28 16:00:00
  2099-Sep-18 08:00:00
  2099-Oct-09 01:00:00
  2099-Oct-29 18:00:00
  2099-Nov-19 11:00:00
  2099-Dec-10 04:00:00
  2099-Dec-30 21:00:00
Beginning Simulation...
  2100-Jan-20 03:00:00 (5.2%)
  2100-Feb-09 08:00:00 (10.8%)
  2100-Mar-01 13:00:00 (16.3%)
  2100-Mar-21 19:00:00 (21.9%)
  2100-Apr-10 23:00:00 (27.4%)
  2100-May-01 05:00:00 (32.9%)
  2100-May-21 10:00:00 (38.5%)
  2100-Jun-10 15:00:00 (44%)
  2100-Jun-30 20:00:00 (49.5%)
  2100-Jul-21 01:00:00 (55.1%)
  2100-Aug-10 07:00:00 (60.6%)
  2100-Aug-30 12:00:00 (66.2%)
  2100-Sep-19 16:00:00 (71.7%)
  2100-Oct-09 22:00:00 (77.2%)
  2100-Oct-30 00:00:00 (82.7%)
  2100-Nov-19 05:00:00 (88.3%)
  2100-Dec-09 10:00:00 (93.8%)
  2100-Dec-29 15:00:00 (99.3%)
  2100-Dec-31 23:00:00 (100%)
Finished Program: 2014-Nov-18 11:18:06.115736
Elapsed Time: 00:00:36.244962
