instance.yaml
kiva v0.2.0-21-g785bfe1
Copyright (C) 2012-2014 Big Ladder Software
Web: www.bigladdersoftware.com

Starting Program: 2014-Nov-18 11:14:27.352357
Creating Domain...
  X Cells: 105
  Y Cells: 1
  Z Cells: 133
  Total Cells: 13965
Initializing Temperatures...
  2098-Dec-24 23:00:00
  2099-Jan-17 18:00:00
  2099-Feb-04 02:00:00
  2099-Feb-21 09:00:00
  2099-Mar-10 17:00:00
  2099-Mar-28 01:00:00
  2099-Apr-14 08:00:00
  2099-May-01 16:00:00
  2099-May-19 00:00:00
  2099-Jun-05 08:00:00
  2099-Jun-22 15:00:00
  2099-Jul-09 23:00:00
  2099-Jul-27 07:00:00
  2099-Aug-13 15:00:00
  2099-Aug-30 23:00:00
  2099-Sep-17 07:00:00
  2099-Oct-04 15:00:00
  2099-Oct-21 23:00:00
  2099-Nov-08 07:00:00
  2099-Nov-25 16:00:00
  2099-Dec-13 00:00:00
  2099-Dec-30 08:00:00
Beginning Simulation...
  2100-Jan-15 11:00:00 (4%)
  2100-Jan-31 12:00:00 (8.4%)
  2100-Feb-16 13:00:00 (12.8%)
  2100-Mar-04 14:00:00 (17.1%)
  2100-Mar-20 14:00:00 (21.5%)
  2100-Apr-05 15:00:00 (25.9%)
  2100-Apr-21 15:00:00 (30.3%)
  2100-May-07 16:00:00 (34.7%)
  2100-May-23 17:00:00 (39.1%)
  2100-Jun-08 16:00:00 (43.5%)
  2100-Jun-24 17:00:00 (47.9%)
  2100-Jul-10 17:00:00 (52.2%)
  2100-Jul-26 18:00:00 (56.6%)
  2100-Aug-11 19:00:00 (61%)
  2100-Aug-27 20:00:00 (65.4%)
  2100-Sep-12 21:00:00 (69.8%)
  2100-Sep-28 22:00:00 (74.2%)
  2100-Oct-14 23:00:00 (78.6%)
  2100-Oct-31 00:00:00 (83%)
  2100-Nov-16 01:00:00 (87.4%)
  2100-Dec-02 02:00:00 (91.8%)
  2100-Dec-18 03:00:00 (96.2%)
  2100-Dec-31 23:00:00 (100%)
Finished Program: 2014-Nov-18 11:15:11.863637
Elapsed Time: 00:00:44.511280
