instance.yaml
kiva v0.2.0-21-g785bfe1
Copyright (C) 2012-2014 Big Ladder Software
Web: www.bigladdersoftware.com

Starting Program: 2014-Nov-18 11:14:23.990596
Creating Domain...
  X Cells: 198
  Y Cells: 1
  Z Cells: 103
  Total Cells: 20394
Initializing Temperatures...
  2099-Jan-01 06:00:00
  2099-Jan-12 03:00:00
  2099-Jan-23 00:00:00
  2099-Feb-02 22:00:00
  2099-Feb-13 19:00:00
  2099-Feb-24 16:00:00
  2099-Mar-07 13:00:00
  2099-Mar-18 11:00:00
  2099-Mar-29 08:00:00
  2099-Apr-09 05:00:00
  2099-Apr-20 03:00:00
  2099-May-01 00:00:00
  2099-May-11 22:00:00
  2099-May-22 19:00:00
  2099-Jun-02 16:00:00
  2099-Jun-13 14:00:00
  2099-Jun-24 11:00:00
  2099-Jul-05 09:00:00
  2099-Jul-16 06:00:00
  2099-Jul-27 03:00:00
  2099-Aug-07 01:00:00
  2099-Aug-17 22:00:00
  2099-Aug-28 19:00:00
  2099-Sep-08 18:00:00
  2099-Sep-19 17:00:00
  2099-Sep-30 16:00:00
  2099-Oct-11 16:00:00
  2099-Oct-22 15:00:00
  2099-Nov-02 15:00:00
  2099-Nov-13 14:00:00
  2099-Nov-24 13:00:00
  2099-Dec-05 13:00:00
  2099-Dec-16 12:00:00
  2099-Dec-27 11:00:00
Beginning Simulation...
  2100-Jan-07 08:00:00 (1.7%)
  2100-Jan-18 03:00:00 (4.7%)
  2100-Jan-28 21:00:00 (7.6%)
  2100-Feb-08 16:00:00 (10.6%)
  2100-Feb-19 11:00:00 (13.6%)
  2100-Mar-02 07:00:00 (16.5%)
  2100-Mar-13 02:00:00 (19.5%)
  2100-Mar-23 21:00:00 (22.4%)
  2100-Apr-03 16:00:00 (25.4%)
  2100-Apr-14 11:00:00 (28.3%)
  2100-Apr-25 06:00:00 (31.3%)
  2100-May-06 01:00:00 (34.3%)
  2100-May-16 20:00:00 (37.2%)
  2100-May-27 15:00:00 (40.2%)
  2100-Jun-07 10:00:00 (43.1%)
  2100-Jun-18 06:00:00 (46.1%)
  2100-Jun-29 01:00:00 (49.1%)
  2100-Jul-09 20:00:00 (52%)
  2100-Jul-20 15:00:00 (55%)
  2100-Jul-31 10:00:00 (57.9%)
  2100-Aug-11 05:00:00 (60.9%)
  2100-Aug-22 00:00:00 (63.8%)
  2100-Sep-01 19:00:00 (66.8%)
  2100-Sep-12 14:00:00 (69.7%)
  2100-Sep-23 09:00:00 (72.7%)
  2100-Oct-04 04:00:00 (75.7%)
  2100-Oct-14 23:00:00 (78.6%)
  2100-Oct-25 18:00:00 (81.6%)
  2100-Nov-05 13:00:00 (84.5%)
  2100-Nov-16 08:00:00 (87.5%)
  2100-Nov-27 04:00:00 (90.5%)
  2100-Dec-07 23:00:00 (93.4%)
  2100-Dec-18 17:00:00 (96.4%)
  2100-Dec-29 12:00:00 (99.3%)
  2100-Dec-31 23:00:00 (100%)
Finished Program: 2014-Nov-18 11:15:32.231274
Elapsed Time: 00:01:08.240678
