instance.yaml
kiva v0.2.0-9-g526928a
Copyright (C) 2012-2014 Big Ladder Software
Web: www.bigladdersoftware.com

Starting Program: 2014-Nov-15 12:24:44.004833
Creating Domain...
  X Cells: 145
  Y Cells: 1
  Z Cells: 125
  Total Cells: 18125
Initializing Temperatures...
  2099-Jan-04 04:00:00
  2099-Jan-16 11:00:00
  2099-Jan-28 19:00:00
  2099-Feb-10 02:00:00
  2099-Feb-22 10:00:00
  2099-Mar-06 17:00:00
  2099-Mar-19 01:00:00
  2099-Mar-31 08:00:00
  2099-Apr-12 16:00:00
  2099-Apr-25 00:00:00
  2099-May-07 07:00:00
  2099-May-19 15:00:00
  2099-May-31 23:00:00
  2099-Jun-13 06:00:00
  2099-Jun-25 14:00:00
  2099-Jul-07 21:00:00
  2099-Jul-20 05:00:00
  2099-Aug-01 12:00:00
  2099-Aug-13 20:00:00
  2099-Aug-26 03:00:00
  2099-Sep-07 11:00:00
  2099-Sep-19 19:00:00
  2099-Oct-02 02:00:00
  2099-Oct-14 10:00:00
  2099-Oct-26 18:00:00
  2099-Nov-08 02:00:00
  2099-Nov-20 09:00:00
  2099-Dec-02 17:00:00
  2099-Dec-15 01:00:00
  2099-Dec-27 08:00:00
Beginning Simulation...
  2100-Jan-08 00:00:00 (1.9%)
  2100-Jan-19 07:00:00 (5%)
  2100-Jan-30 13:00:00 (8.1%)
  2100-Feb-10 19:00:00 (11.2%)
  2100-Feb-22 02:00:00 (14.3%)
  2100-Mar-05 08:00:00 (17.4%)
  2100-Mar-16 14:00:00 (20.4%)
  2100-Mar-27 20:00:00 (23.5%)
  2100-Apr-08 02:00:00 (26.6%)
  2100-Apr-19 09:00:00 (29.7%)
  2100-Apr-30 15:00:00 (32.8%)
  2100-May-11 22:00:00 (35.9%)
  2100-May-23 04:00:00 (38.9%)
  2100-Jun-03 10:00:00 (42%)
  2100-Jun-14 17:00:00 (45.1%)
  2100-Jun-26 00:00:00 (48.2%)
  2100-Jul-07 05:00:00 (51.3%)
  2100-Jul-18 12:00:00 (54.4%)
  2100-Jul-29 18:00:00 (57.5%)
  2100-Aug-10 00:00:00 (60.5%)
  2100-Aug-21 07:00:00 (63.6%)
  2100-Sep-01 13:00:00 (66.7%)
  2100-Sep-12 20:00:00 (69.8%)
  2100-Sep-24 02:00:00 (72.9%)
  2100-Oct-05 09:00:00 (76%)
  2100-Oct-16 15:00:00 (79.1%)
  2100-Oct-27 21:00:00 (82.2%)
  2100-Nov-08 04:00:00 (85.3%)
  2100-Nov-19 10:00:00 (88.3%)
  2100-Nov-30 17:00:00 (91.4%)
  2100-Dec-11 23:00:00 (94.5%)
  2100-Dec-23 06:00:00 (97.6%)
  2100-Dec-31 23:00:00 (100%)
Finished Program: 2014-Nov-15 12:25:46.776528
Elapsed Time: 00:01:02.771695
