instance.yaml
kiva v0.2.0-20-g4c7c200
Copyright (C) 2012-2014 Big Ladder Software
Web: www.bigladdersoftware.com

Starting Program: 2014-Nov-17 14:15:18.102246
Creating Domain...
  X Cells: 136
  Y Cells: 1
  Z Cells: 103
  Total Cells: 14008
Initializing Temperatures...
  2099-Jan-04 03:00:00
  2099-Jan-21 14:00:00
  2099-Feb-08 00:00:00
  2099-Feb-25 11:00:00
  2099-Mar-14 22:00:00
  2099-Apr-01 09:00:00
  2099-Apr-18 20:00:00
  2099-May-06 07:00:00
  2099-May-23 18:00:00
  2099-Jun-10 05:00:00
  2099-Jun-27 16:00:00
  2099-Jul-15 03:00:00
  2099-Aug-01 14:00:00
  2099-Aug-19 01:00:00
  2099-Sep-05 12:00:00
  2099-Sep-22 23:00:00
  2099-Oct-10 10:00:00
  2099-Oct-27 21:00:00
  2099-Nov-14 08:00:00
  2099-Dec-01 19:00:00
  2099-Dec-19 06:00:00
Beginning Simulation...
  2100-Jan-05 14:00:00 (1.3%)
  2100-Jan-22 14:00:00 (5.9%)
  2100-Feb-08 13:00:00 (10.6%)
  2100-Feb-25 12:00:00 (15.2%)
  2100-Mar-14 11:00:00 (19.9%)
  2100-Mar-31 10:00:00 (24.5%)
  2100-Apr-17 10:00:00 (29.2%)
  2100-May-04 09:00:00 (33.8%)
  2100-May-21 09:00:00 (38.5%)
  2100-Jun-07 08:00:00 (43.1%)
  2100-Jun-24 06:00:00 (47.7%)
  2100-Jul-11 05:00:00 (52.4%)
  2100-Jul-28 05:00:00 (57%)
  2100-Aug-14 04:00:00 (61.7%)
  2100-Aug-31 04:00:00 (66.3%)
  2100-Sep-17 03:00:00 (71%)
  2100-Oct-04 03:00:00 (75.7%)
  2100-Oct-21 03:00:00 (80.3%)
  2100-Nov-07 02:00:00 (85%)
  2100-Nov-24 02:00:00 (89.6%)
  2100-Dec-11 01:00:00 (94.3%)
  2100-Dec-28 01:00:00 (98.9%)
  2100-Dec-31 23:00:00 (100%)
Finished Program: 2014-Nov-17 14:16:01.232683
Elapsed Time: 00:00:43.130437
