instance.yaml
kiva v0.2.0-21-g785bfe1
Copyright (C) 2012-2014 Big Ladder Software
Web: www.bigladdersoftware.com

Starting Program: 2014-Nov-18 11:08:25.843242
Creating Domain...
  X Cells: 85
  Y Cells: 1
  Z Cells: 113
  Total Cells: 9605
Initializing Temperatures...
  2099-Jan-15 12:00:00
  2099-Feb-07 16:00:00
  2099-Mar-02 19:00:00
  2099-Mar-25 22:00:00
  2099-Apr-18 01:00:00
  2099-May-11 05:00:00
  2099-Jun-03 08:00:00
  2099-Jun-26 12:00:00
  2099-Jul-19 15:00:00
  2099-Aug-11 19:00:00
  2099-Sep-03 22:00:00
  2099-Sep-27 01:00:00
  2099-Oct-20 05:00:00
  2099-Nov-12 08:00:00
  2099-Dec-05 12:00:00
  2099-Dec-28 15:00:00
Beginning Simulation...
  2100-Jan-20 08:00:00 (5.3%)
  2100-Feb-11 23:00:00 (11.5%)
  2100-Mar-06 14:00:00 (17.7%)
  2100-Mar-29 05:00:00 (23.9%)
  2100-Apr-20 20:00:00 (30.1%)
  2100-May-13 11:00:00 (36.3%)
  2100-Jun-05 03:00:00 (42.5%)
  2100-Jun-27 19:00:00 (48.7%)
  2100-Jul-20 11:00:00 (54.9%)
  2100-Aug-12 02:00:00 (61.1%)
  2100-Sep-03 17:00:00 (67.3%)
  2100-Sep-26 09:00:00 (73.5%)
  2100-Oct-19 01:00:00 (79.7%)
  2100-Nov-10 17:00:00 (85.9%)
  2100-Dec-03 08:00:00 (92.1%)
  2100-Dec-25 19:00:00 (98.3%)
  2100-Dec-31 23:00:00 (100%)
Finished Program: 2014-Nov-18 11:08:58.273147
Elapsed Time: 00:00:32.429905
