instance.yaml
kiva v0.2.0-21-g785bfe1
Copyright (C) 2012-2014 Big Ladder Software
Web: www.bigladdersoftware.com

Starting Program: 2014-Nov-18 11:06:25.474261
Creating Domain...
  X Cells: 169
  Y Cells: 1
  Z Cells: 125
  Total Cells: 21125
Initializing Temperatures...
  2098-Nov-05 23:00:00
  2099-Jan-07 16:00:00
  2099-Jan-18 08:00:00
  2099-Jan-29 00:00:00
  2099-Feb-08 16:00:00
  2099-Feb-19 08:00:00
  2099-Mar-02 01:00:00
  2099-Mar-12 17:00:00
  2099-Mar-23 09:00:00
  2099-Apr-03 02:00:00
  2099-Apr-13 18:00:00
  2099-Apr-24 10:00:00
  2099-May-05 02:00:00
  2099-May-15 19:00:00
  2099-May-26 11:00:00
  2099-Jun-06 03:00:00
  2099-Jun-16 19:00:00
  2099-Jun-27 12:00:00
  2099-Jul-08 04:00:00
  2099-Jul-18 21:00:00
  2099-Jul-29 13:00:00
  2099-Aug-09 05:00:00
  2099-Aug-19 21:00:00
  2099-Aug-30 14:00:00
  2099-Sep-10 06:00:00
  2099-Sep-20 22:00:00
  2099-Oct-01 15:00:00
  2099-Oct-12 07:00:00
  2099-Oct-23 00:00:00
  2099-Nov-02 16:00:00
  2099-Nov-13 08:00:00
  2099-Nov-24 01:00:00
  2099-Dec-04 17:00:00
  2099-Dec-15 09:00:00
  2099-Dec-26 02:00:00
Beginning Simulation...
  2100-Jan-05 10:00:00 (1.2%)
  2100-Jan-15 07:00:00 (3.9%)
  2100-Jan-25 05:00:00 (6.6%)
  2100-Feb-04 04:00:00 (9.4%)
  2100-Feb-14 02:00:00 (12.1%)
  2100-Feb-24 00:00:00 (14.8%)
  2100-Mar-05 22:00:00 (17.5%)
  2100-Mar-15 19:00:00 (20.2%)
  2100-Mar-25 17:00:00 (22.9%)
  2100-Apr-04 15:00:00 (25.7%)
  2100-Apr-14 13:00:00 (28.4%)
  2100-Apr-24 12:00:00 (31.1%)
  2100-May-04 10:00:00 (33.8%)
  2100-May-14 07:00:00 (36.5%)
  2100-May-24 05:00:00 (39.2%)
  2100-Jun-03 03:00:00 (42%)
  2100-Jun-13 01:00:00 (44.7%)
  2100-Jun-22 23:00:00 (47.4%)
  2100-Jul-02 21:00:00 (50.1%)
  2100-Jul-12 19:00:00 (52.8%)
  2100-Jul-22 17:00:00 (55.5%)
  2100-Aug-01 15:00:00 (58.3%)
  2100-Aug-11 13:00:00 (61%)
  2100-Aug-21 12:00:00 (63.7%)
  2100-Aug-31 10:00:00 (66.4%)
  2100-Sep-10 08:00:00 (69.1%)
  2100-Sep-20 06:00:00 (71.8%)
  2100-Sep-30 04:00:00 (74.6%)
  2100-Oct-10 02:00:00 (77.3%)
  2100-Oct-20 00:00:00 (80%)
  2100-Oct-29 21:00:00 (82.7%)
  2100-Nov-08 19:00:00 (85.4%)
  2100-Nov-18 17:00:00 (88.1%)
  2100-Nov-28 15:00:00 (90.9%)
  2100-Dec-08 13:00:00 (93.6%)
  2100-Dec-18 11:00:00 (96.3%)
  2100-Dec-28 09:00:00 (99%)
  2100-Dec-31 23:00:00 (100%)
Finished Program: 2014-Nov-18 11:07:37.362285
Elapsed Time: 00:01:11.888024
