instance.yaml
kiva v0.2.0-20-g4c7c200
Copyright (C) 2012-2014 Big Ladder Software
Web: www.bigladdersoftware.com

Starting Program: 2014-Nov-17 14:17:21.295261
Creating Domain...
  X Cells: 127
  Y Cells: 1
  Z Cells: 96
  Total Cells: 12192
Initializing Temperatures...
  2099-Jan-02 21:00:00
  2099-Jan-21 01:00:00
  2099-Feb-08 05:00:00
  2099-Feb-26 08:00:00
  2099-Mar-16 12:00:00
  2099-Apr-03 16:00:00
  2099-Apr-21 20:00:00
  2099-May-10 00:00:00
  2099-May-28 03:00:00
  2099-Jun-15 07:00:00
  2099-Jul-03 11:00:00
  2099-Jul-21 15:00:00
  2099-Aug-08 18:00:00
  2099-Aug-26 22:00:00
  2099-Sep-14 08:00:00
  2099-Oct-02 18:00:00
  2099-Oct-21 04:00:00
  2099-Nov-08 14:00:00
  2099-Nov-27 00:00:00
  2099-Dec-15 10:00:00
Beginning Simulation...
  2100-Jan-02 19:00:00 (0.5%)
  2100-Jan-20 16:00:00 (5.4%)
  2100-Feb-07 13:00:00 (10.3%)
  2100-Feb-25 10:00:00 (15.2%)
  2100-Mar-15 07:00:00 (20.1%)
  2100-Apr-02 04:00:00 (25%)
  2100-Apr-20 01:00:00 (29.9%)
  2100-May-07 23:00:00 (34.8%)
  2100-May-25 20:00:00 (39.7%)
  2100-Jun-12 17:00:00 (44.6%)
  2100-Jun-30 14:00:00 (49.5%)
  2100-Jul-18 11:00:00 (54.4%)
  2100-Aug-05 08:00:00 (59.3%)
  2100-Aug-23 05:00:00 (64.2%)
  2100-Sep-10 02:00:00 (69.1%)
  2100-Sep-27 21:00:00 (73.9%)
  2100-Oct-15 18:00:00 (78.8%)
  2100-Nov-02 15:00:00 (83.7%)
  2100-Nov-20 12:00:00 (88.6%)
  2100-Dec-08 09:00:00 (93.5%)
  2100-Dec-26 05:00:00 (98.4%)
  2100-Dec-31 23:00:00 (100%)
Finished Program: 2014-Nov-17 14:18:02.321421
Elapsed Time: 00:00:41.026160
