instance.yaml
kiva v0.2.0-9-g526928a
Copyright (C) 2012-2014 Big Ladder Software
Web: www.bigladdersoftware.com

Starting Program: 2014-Oct-19 03:39:30.813914
Creating Domain...
  X Cells: 86
  Y Cells: 1
  Z Cells: 107
  Total Cells: 9202
Initializing Temperatures...
  2099-Jan-01 02:00:00
  2099-Jan-24 20:00:00
  2099-Feb-20 06:00:00
  2099-Mar-18 16:00:00
  2099-Apr-14 03:00:00
  2099-May-10 13:00:00
  2099-Jun-06 00:00:00
  2099-Jul-02 10:00:00
  2099-Jul-28 21:00:00
  2099-Aug-24 07:00:00
  2099-Sep-19 17:00:00
  2099-Oct-16 04:00:00
  2099-Nov-11 14:00:00
  2099-Dec-08 01:00:00
Beginning Simulation...
  2100-Jan-03 10:00:00 (0.7%)
  2100-Jan-29 04:00:00 (7.7%)
  2100-Feb-23 23:00:00 (14.8%)
  2100-Mar-21 17:00:00 (21.8%)
  2100-Apr-16 12:00:00 (28.9%)
  2100-May-12 07:00:00 (36%)
  2100-Jun-07 01:00:00 (43%)
  2100-Jul-02 20:00:00 (50.1%)
  2100-Jul-28 15:00:00 (57.2%)
  2100-Aug-23 10:00:00 (64.2%)
  2100-Sep-18 04:00:00 (71.3%)
  2100-Oct-13 23:00:00 (78.3%)
  2100-Nov-08 18:00:00 (85.4%)
  2100-Dec-04 13:00:00 (92.5%)
  2100-Dec-30 08:00:00 (99.5%)
  2100-Dec-31 23:00:00 (100%)
Finished Program: 2014-Oct-19 03:40:00.064201
Elapsed Time: 00:00:29.250287
