instance.yaml
kiva v0.2.0-21-g785bfe1
Copyright (C) 2012-2014 Big Ladder Software
Web: www.bigladdersoftware.com

Starting Program: 2014-Nov-18 11:22:24.982702
Creating Domain...
  X Cells: 92
  Y Cells: 1
  Z Cells: 113
  Total Cells: 10396
Initializing Temperatures...
  2099-Jan-11 09:00:00
  2099-Feb-01 19:00:00
  2099-Feb-23 06:00:00
  2099-Mar-16 16:00:00
  2099-Apr-07 03:00:00
  2099-Apr-28 13:00:00
  2099-May-20 00:00:00
  2099-Jun-10 11:00:00
  2099-Jul-01 22:00:00
  2099-Jul-23 09:00:00
  2099-Aug-13 19:00:00
  2099-Sep-04 06:00:00
  2099-Sep-25 16:00:00
  2099-Oct-17 03:00:00
  2099-Nov-07 13:00:00
  2099-Nov-28 21:00:00
  2099-Dec-20 07:00:00
Beginning Simulation...
  2100-Jan-10 12:00:00 (2.6%)
  2100-Jan-31 11:00:00 (8.3%)
  2100-Feb-21 09:00:00 (14.1%)
  2100-Mar-14 10:00:00 (19.8%)
  2100-Apr-04 10:00:00 (25.6%)
  2100-Apr-25 11:00:00 (31.4%)
  2100-May-16 12:00:00 (37.1%)
  2100-Jun-06 12:00:00 (42.9%)
  2100-Jun-27 13:00:00 (48.6%)
  2100-Jul-18 14:00:00 (54.4%)
  2100-Aug-08 15:00:00 (60.2%)
  2100-Aug-29 16:00:00 (65.9%)
  2100-Sep-19 17:00:00 (71.7%)
  2100-Oct-10 15:00:00 (77.4%)
  2100-Oct-31 16:00:00 (83.2%)
  2100-Nov-21 16:00:00 (88.9%)
  2100-Dec-12 17:00:00 (94.7%)
  2100-Dec-31 23:00:00 (100%)
Finished Program: 2014-Nov-18 11:22:59.917899
Elapsed Time: 00:00:34.935197
