instance.yaml
kiva v0.2.0-21-g785bfe1
Copyright (C) 2012-2014 Big Ladder Software
Web: www.bigladdersoftware.com

Starting Program: 2014-Nov-18 11:11:24.266245
Creating Domain...
  X Cells: 247
  Y Cells: 1
  Z Cells: 127
  Total Cells: 31369
Initializing Temperatures...
  2098-Nov-12 23:00:00
  2099-Jan-04 17:00:00
  2099-Jan-12 14:00:00
  2099-Jan-20 11:00:00
  2099-Jan-28 09:00:00
  2099-Feb-05 06:00:00
  2099-Feb-13 03:00:00
  2099-Feb-21 00:00:00
  2099-Feb-28 21:00:00
  2099-Mar-08 18:00:00
  2099-Mar-16 15:00:00
  2099-Mar-24 12:00:00
  2099-Apr-01 09:00:00
  2099-Apr-09 06:00:00
  2099-Apr-17 03:00:00
  2099-Apr-25 00:00:00
  2099-May-02 22:00:00
  2099-May-10 19:00:00
  2099-May-18 16:00:00
  2099-May-26 13:00:00
  2099-Jun-03 10:00:00
  2099-Jun-11 08:00:00
  2099-Jun-19 05:00:00
  2099-Jun-27 02:00:00
  2099-Jul-05 03:00:00
  2099-Jul-13 03:00:00
  2099-Jul-21 03:00:00
  2099-Jul-29 03:00:00
  2099-Aug-06 04:00:00
  2099-Aug-14 04:00:00
  2099-Aug-22 04:00:00
  2099-Aug-30 04:00:00
  2099-Sep-07 05:00:00
  2099-Sep-15 05:00:00
  2099-Sep-23 05:00:00
  2099-Oct-01 05:00:00
  2099-Oct-09 05:00:00
  2099-Oct-17 05:00:00
  2099-Oct-25 06:00:00
  2099-Nov-02 06:00:00
  2099-Nov-10 06:00:00
  2099-Nov-18 06:00:00
  2099-Nov-26 07:00:00
  2099-Dec-04 07:00:00
  2099-Dec-12 07:00:00
  2099-Dec-20 08:00:00
  2099-Dec-28 08:00:00
Beginning Simulation...
  2100-Jan-05 02:00:00 (1.1%)
  2100-Jan-12 15:00:00 (3.2%)
  2100-Jan-20 04:00:00 (5.3%)
  2100-Jan-27 17:00:00 (7.3%)
  2100-Feb-04 05:00:00 (9.4%)
  2100-Feb-11 18:00:00 (11.4%)
  2100-Feb-19 07:00:00 (13.5%)
  2100-Feb-26 19:00:00 (15.6%)
  2100-Mar-06 08:00:00 (17.6%)
  2100-Mar-13 21:00:00 (19.7%)
  2100-Mar-21 10:00:00 (21.8%)
  2100-Mar-28 22:00:00 (23.8%)
  2100-Apr-05 11:00:00 (25.9%)
  2100-Apr-13 00:00:00 (27.9%)
  2100-Apr-20 13:00:00 (30%)
  2100-Apr-28 01:00:00 (32.1%)
  2100-May-05 14:00:00 (34.1%)
  2100-May-13 03:00:00 (36.2%)
  2100-May-20 16:00:00 (38.3%)
  2100-May-28 05:00:00 (40.3%)
  2100-Jun-04 18:00:00 (42.4%)
  2100-Jun-12 06:00:00 (44.5%)
  2100-Jun-19 19:00:00 (46.5%)
  2100-Jun-27 08:00:00 (48.6%)
  2100-Jul-04 21:00:00 (50.7%)
  2100-Jul-12 10:00:00 (52.7%)
  2100-Jul-19 22:00:00 (54.8%)
  2100-Jul-27 11:00:00 (56.8%)
  2100-Aug-04 00:00:00 (58.9%)
  2100-Aug-11 12:00:00 (61%)
  2100-Aug-19 00:00:00 (63%)
  2100-Aug-26 04:00:00 (65%)
  2100-Sep-02 09:00:00 (67%)
  2100-Sep-09 14:00:00 (68.9%)
  2100-Sep-17 00:00:00 (71%)
  2100-Sep-24 09:00:00 (73%)
  2100-Oct-01 22:00:00 (75%)
  2100-Oct-09 10:00:00 (77.1%)
  2100-Oct-16 23:00:00 (79.2%)
  2100-Oct-24 12:00:00 (81.2%)
  2100-Nov-01 01:00:00 (83.3%)
  2100-Nov-08 13:00:00 (85.4%)
  2100-Nov-16 02:00:00 (87.4%)
  2100-Nov-23 15:00:00 (89.5%)
  2100-Dec-01 03:00:00 (91.5%)
  2100-Dec-08 16:00:00 (93.6%)
  2100-Dec-16 05:00:00 (95.7%)
  2100-Dec-23 18:00:00 (97.7%)
  2100-Dec-31 07:00:00 (99.8%)
  2100-Dec-31 23:00:00 (100%)
Finished Program: 2014-Nov-18 11:13:00.093866
Elapsed Time: 00:01:35.827621
