instance.yaml
kiva v0.2.0-9-g526928a
Copyright (C) 2012-2014 Big Ladder Software
Web: www.bigladdersoftware.com

Starting Program: 2014-Nov-15 11:52:44.199231
Creating Domain...
  X Cells: 235
  Y Cells: 1
  Z Cells: 103
  Total Cells: 24205
Initializing Temperatures...
  2098-Nov-26 23:00:00
  2099-Jan-07 01:00:00
  2099-Jan-16 10:00:00
  2099-Jan-25 19:00:00
  2099-Feb-04 04:00:00
  2099-Feb-13 14:00:00
  2099-Feb-22 23:00:00
  2099-Mar-04 08:00:00
  2099-Mar-13 18:00:00
  2099-Mar-23 03:00:00
  2099-Apr-01 12:00:00
  2099-Apr-10 22:00:00
  2099-Apr-20 07:00:00
  2099-Apr-29 16:00:00
  2099-May-09 01:00:00
  2099-May-18 11:00:00
  2099-May-27 20:00:00
  2099-Jun-06 05:00:00
  2099-Jun-15 15:00:00
  2099-Jun-25 00:00:00
  2099-Jul-04 10:00:00
  2099-Jul-13 19:00:00
  2099-Jul-23 04:00:00
  2099-Aug-01 14:00:00
  2099-Aug-10 23:00:00
  2099-Aug-20 09:00:00
  2099-Aug-29 18:00:00
  2099-Sep-08 04:00:00
  2099-Sep-17 13:00:00
  2099-Sep-26 22:00:00
  2099-Oct-06 07:00:00
  2099-Oct-15 17:00:00
  2099-Oct-25 02:00:00
  2099-Nov-03 12:00:00
  2099-Nov-12 21:00:00
  2099-Nov-22 07:00:00
  2099-Dec-01 16:00:00
  2099-Dec-11 02:00:00
  2099-Dec-20 11:00:00
  2099-Dec-29 20:00:00
Beginning Simulation...
  2100-Jan-08 03:00:00 (2%)
  2100-Jan-17 08:00:00 (4.5%)
  2100-Jan-26 14:00:00 (7%)
  2100-Feb-04 19:00:00 (9.5%)
  2100-Feb-14 01:00:00 (12.1%)
  2100-Feb-23 06:00:00 (14.6%)
  2100-Mar-04 11:00:00 (17.1%)
  2100-Mar-13 17:00:00 (19.6%)
  2100-Mar-22 22:00:00 (22.2%)
  2100-Apr-01 03:00:00 (24.7%)
  2100-Apr-10 09:00:00 (27.2%)
  2100-Apr-19 14:00:00 (29.7%)
  2100-Apr-28 20:00:00 (32.3%)
  2100-May-08 01:00:00 (34.8%)
  2100-May-17 07:00:00 (37.3%)
  2100-May-26 11:00:00 (39.9%)
  2100-Jun-04 17:00:00 (42.4%)
  2100-Jun-13 23:00:00 (44.9%)
  2100-Jun-23 04:00:00 (47.4%)
  2100-Jul-02 10:00:00 (50%)
  2100-Jul-11 16:00:00 (52.5%)
  2100-Jul-20 21:00:00 (55%)
  2100-Jul-30 03:00:00 (57.6%)
  2100-Aug-08 09:00:00 (60.1%)
  2100-Aug-17 14:00:00 (62.6%)
  2100-Aug-26 21:00:00 (65.2%)
  2100-Sep-05 08:00:00 (67.8%)
  2100-Sep-14 20:00:00 (70.4%)
  2100-Sep-24 07:00:00 (73%)
  2100-Oct-03 18:00:00 (75.5%)
  2100-Oct-13 06:00:00 (78.2%)
  2100-Oct-22 17:00:00 (80.7%)
  2100-Nov-01 03:00:00 (83.3%)
  2100-Nov-10 14:00:00 (85.9%)
  2100-Nov-20 01:00:00 (88.5%)
  2100-Nov-29 12:00:00 (91.1%)
  2100-Dec-09 00:00:00 (93.7%)
  2100-Dec-18 11:00:00 (96.3%)
  2100-Dec-27 22:00:00 (98.9%)
  2100-Dec-31 23:00:00 (100%)
Finished Program: 2014-Nov-15 11:54:03.428146
Elapsed Time: 00:01:19.228915
