instance.yaml
kiva v0.2.0-9-g526928a
Copyright (C) 2012-2014 Big Ladder Software
Web: www.bigladdersoftware.com

Starting Program: 2014-Oct-26 15:53:38.844170
Creating Domain...
  X Cells: 90
  Y Cells: 1
  Z Cells: 133
  Total Cells: 11970
Initializing Temperatures...
  2098-Dec-24 23:00:00
  2099-Jan-15 02:00:00
  2099-Feb-06 05:00:00
  2099-Feb-28 07:00:00
  2099-Mar-22 09:00:00
  2099-Apr-13 11:00:00
  2099-May-05 13:00:00
  2099-May-27 15:00:00
  2099-Jun-18 17:00:00
  2099-Jul-10 19:00:00
  2099-Aug-01 21:00:00
  2099-Aug-23 23:00:00
  2099-Sep-15 01:00:00
  2099-Oct-07 03:00:00
  2099-Oct-29 05:00:00
  2099-Nov-20 08:00:00
  2099-Dec-12 10:00:00
Beginning Simulation...
  2100-Jan-03 07:00:00 (0.6%)
  2100-Jan-23 15:00:00 (6.2%)
  2100-Feb-12 22:00:00 (11.8%)
  2100-Mar-05 05:00:00 (17.3%)
  2100-Mar-25 12:00:00 (22.9%)
  2100-Apr-14 19:00:00 (28.4%)
  2100-May-05 03:00:00 (34%)
  2100-May-25 10:00:00 (39.6%)
  2100-Jun-14 17:00:00 (45.1%)
  2100-Jul-05 00:00:00 (50.7%)
  2100-Jul-25 08:00:00 (56.3%)
  2100-Aug-14 15:00:00 (61.8%)
  2100-Sep-03 22:00:00 (67.4%)
  2100-Sep-24 04:00:00 (72.9%)
  2100-Oct-14 13:00:00 (78.5%)
  2100-Nov-03 22:00:00 (84.1%)
  2100-Nov-24 08:00:00 (89.7%)
  2100-Dec-14 17:00:00 (95.3%)
  2100-Dec-31 23:00:00 (100%)
Finished Program: 2014-Oct-26 15:54:14.848055
Elapsed Time: 00:00:36.003885
