instance.yaml
kiva v0.2.0-9-g526928a
Copyright (C) 2012-2014 Big Ladder Software
Web: www.bigladdersoftware.com

Starting Program: 2014-Oct-26 15:55:14.387605
Creating Domain...
  X Cells: 119
  Y Cells: 1
  Z Cells: 96
  Total Cells: 11424
Initializing Temperatures...
  2098-Nov-05 23:00:00
  2099-Jan-13 14:00:00
  2099-Feb-04 02:00:00
  2099-Feb-25 14:00:00
  2099-Mar-19 03:00:00
  2099-Apr-09 15:00:00
  2099-May-01 03:00:00
  2099-May-22 15:00:00
  2099-Jun-13 03:00:00
  2099-Jul-04 16:00:00
  2099-Jul-26 04:00:00
  2099-Aug-16 16:00:00
  2099-Sep-07 04:00:00
  2099-Sep-28 17:00:00
  2099-Oct-20 05:00:00
  2099-Nov-10 17:00:00
  2099-Dec-02 05:00:00
  2099-Dec-23 18:00:00
Beginning Simulation...
  2100-Jan-13 20:00:00 (3.5%)
  2100-Feb-03 17:00:00 (9.2%)
  2100-Feb-24 13:00:00 (14.9%)
  2100-Mar-17 09:00:00 (20.7%)
  2100-Apr-07 05:00:00 (26.4%)
  2100-Apr-28 01:00:00 (32.1%)
  2100-May-18 21:00:00 (37.8%)
  2100-Jun-08 17:00:00 (43.5%)
  2100-Jun-29 13:00:00 (49.2%)
  2100-Jul-20 10:00:00 (54.9%)
  2100-Aug-10 06:00:00 (60.6%)
  2100-Aug-31 03:00:00 (66.3%)
  2100-Sep-21 00:00:00 (72.1%)
  2100-Oct-11 21:00:00 (77.8%)
  2100-Nov-01 17:00:00 (83.5%)
  2100-Nov-22 09:00:00 (89.1%)
  2100-Dec-13 06:00:00 (94.9%)
  2100-Dec-31 23:00:00 (100%)
Finished Program: 2014-Oct-26 15:55:49.899425
Elapsed Time: 00:00:35.511820
