instance.yaml
kiva v0.2.0-21-g785bfe1
Copyright (C) 2012-2014 Big Ladder Software
Web: www.bigladdersoftware.com

Starting Program: 2014-Nov-18 11:25:25.456643
Creating Domain...
  X Cells: 170
  Y Cells: 1
  Z Cells: 96
  Total Cells: 16320
Initializing Temperatures...
  2098-Nov-26 23:00:00
  2099-Jan-11 10:00:00
  2099-Jan-24 16:00:00
  2099-Feb-06 22:00:00
  2099-Feb-20 04:00:00
  2099-Mar-05 10:00:00
  2099-Mar-18 16:00:00
  2099-Mar-31 21:00:00
  2099-Apr-14 03:00:00
  2099-Apr-27 09:00:00
  2099-May-10 15:00:00
  2099-May-23 21:00:00
  2099-Jun-06 04:00:00
  2099-Jun-19 09:00:00
  2099-Jul-02 15:00:00
  2099-Jul-15 21:00:00
  2099-Jul-29 03:00:00
  2099-Aug-11 09:00:00
  2099-Aug-24 14:00:00
  2099-Sep-06 20:00:00
  2099-Sep-20 02:00:00
  2099-Oct-03 08:00:00
  2099-Oct-16 14:00:00
  2099-Oct-29 20:00:00
  2099-Nov-12 02:00:00
  2099-Nov-25 08:00:00
  2099-Dec-08 14:00:00
  2099-Dec-21 20:00:00
Beginning Simulation...
  2100-Jan-04 00:00:00 (0.8%)
  2100-Jan-17 00:00:00 (4.4%)
  2100-Jan-29 23:00:00 (7.9%)
  2100-Feb-11 22:00:00 (11.5%)
  2100-Feb-24 22:00:00 (15%)
  2100-Mar-09 21:00:00 (18.6%)
  2100-Mar-22 20:00:00 (22.1%)
  2100-Apr-04 19:00:00 (25.7%)
  2100-Apr-17 19:00:00 (29.3%)
  2100-Apr-30 18:00:00 (32.8%)
  2100-May-13 18:00:00 (36.4%)
  2100-May-26 17:00:00 (39.9%)
  2100-Jun-08 17:00:00 (43.5%)
  2100-Jun-21 16:00:00 (47%)
  2100-Jul-04 16:00:00 (50.6%)
  2100-Jul-17 15:00:00 (54.1%)
  2100-Jul-30 14:00:00 (57.7%)
  2100-Aug-12 14:00:00 (61.3%)
  2100-Aug-25 13:00:00 (64.8%)
  2100-Sep-07 13:00:00 (68.4%)
  2100-Sep-20 12:00:00 (71.9%)
  2100-Oct-03 12:00:00 (75.5%)
  2100-Oct-16 11:00:00 (79%)
  2100-Oct-29 11:00:00 (82.6%)
  2100-Nov-11 10:00:00 (86.1%)
  2100-Nov-24 10:00:00 (89.7%)
  2100-Dec-07 09:00:00 (93.3%)
  2100-Dec-20 08:00:00 (96.8%)
  2100-Dec-31 23:00:00 (100%)
Finished Program: 2014-Nov-18 11:26:21.896140
Elapsed Time: 00:00:56.439497
