instance.yaml
kiva v0.2.0-21-g785bfe1
Copyright (C) 2012-2014 Big Ladder Software
Web: www.bigladdersoftware.com

Starting Program: 2014-Nov-18 11:12:27.677170
Creating Domain...
  X Cells: 123
  Y Cells: 1
  Z Cells: 96
  Total Cells: 11808
Initializing Temperatures...
  2098-Oct-29 23:00:00
  2099-Jan-14 18:00:00
  2099-Feb-02 10:00:00
  2099-Feb-21 03:00:00
  2099-Mar-11 20:00:00
  2099-Mar-30 12:00:00
  2099-Apr-18 05:00:00
  2099-May-06 22:00:00
  2099-May-25 14:00:00
  2099-Jun-13 07:00:00
  2099-Jul-01 23:00:00
  2099-Jul-20 16:00:00
  2099-Aug-08 09:00:00
  2099-Aug-27 01:00:00
  2099-Sep-14 18:00:00
  2099-Oct-03 10:00:00
  2099-Oct-22 03:00:00
  2099-Nov-09 20:00:00
  2099-Nov-28 11:00:00
  2099-Dec-17 04:00:00
Beginning Simulation...
  2100-Jan-04 17:00:00 (1%)
  2100-Jan-22 21:00:00 (6%)
  2100-Feb-10 00:00:00 (11%)
  2100-Feb-28 03:00:00 (15.9%)
  2100-Mar-18 07:00:00 (20.9%)
  2100-Apr-05 10:00:00 (25.9%)
  2100-Apr-23 14:00:00 (30.8%)
  2100-May-11 18:00:00 (35.8%)
  2100-May-29 22:00:00 (40.8%)
  2100-Jun-17 01:00:00 (45.8%)
  2100-Jul-05 05:00:00 (50.7%)
  2100-Jul-23 09:00:00 (55.7%)
  2100-Aug-10 11:00:00 (60.7%)
  2100-Aug-28 14:00:00 (65.6%)
  2100-Sep-15 18:00:00 (70.6%)
  2100-Oct-03 22:00:00 (75.6%)
  2100-Oct-22 02:00:00 (80.6%)
  2100-Nov-09 06:00:00 (85.5%)
  2100-Nov-27 09:00:00 (90.5%)
  2100-Dec-15 13:00:00 (95.5%)
  2100-Dec-31 23:00:00 (100%)
Finished Program: 2014-Nov-18 11:13:07.905862
Elapsed Time: 00:00:40.228692
