instance.yaml
kiva v0.2.0-9-g526928a
Copyright (C) 2012-2014 Big Ladder Software
Web: www.bigladdersoftware.com

Starting Program: 2014-Oct-19 03:42:19.860837
Creating Domain...
  X Cells: 128
  Y Cells: 1
  Z Cells: 127
  Total Cells: 16256
Initializing Temperatures...
  2098-Dec-10 23:00:00
  2099-Jan-07 20:00:00
  2099-Jan-24 18:00:00
  2099-Feb-11 07:00:00
  2099-Feb-28 20:00:00
  2099-Mar-18 09:00:00
  2099-Apr-04 22:00:00
  2099-Apr-22 11:00:00
  2099-May-10 00:00:00
  2099-May-27 13:00:00
  2099-Jun-14 03:00:00
  2099-Jul-01 16:00:00
  2099-Jul-19 05:00:00
  2099-Aug-05 19:00:00
  2099-Aug-23 08:00:00
  2099-Sep-09 21:00:00
  2099-Sep-27 11:00:00
  2099-Oct-15 00:00:00
  2099-Nov-01 13:00:00
  2099-Nov-19 03:00:00
  2099-Dec-06 16:00:00
  2099-Dec-24 05:00:00
Beginning Simulation...
  2100-Jan-10 02:00:00 (2.5%)
  2100-Jan-26 11:00:00 (7%)
  2100-Feb-11 20:00:00 (11.5%)
  2100-Feb-28 04:00:00 (15.9%)
  2100-Mar-16 13:00:00 (20.4%)
  2100-Apr-01 21:00:00 (24.9%)
  2100-Apr-18 06:00:00 (29.4%)
  2100-May-04 15:00:00 (33.9%)
  2100-May-20 23:00:00 (38.3%)
  2100-Jun-06 07:00:00 (42.8%)
  2100-Jun-22 16:00:00 (47.3%)
  2100-Jul-09 01:00:00 (51.8%)
  2100-Jul-25 10:00:00 (56.3%)
  2100-Aug-10 19:00:00 (60.8%)
  2100-Aug-27 04:00:00 (65.3%)
  2100-Sep-12 13:00:00 (69.7%)
  2100-Sep-28 22:00:00 (74.2%)
  2100-Oct-15 07:00:00 (78.7%)
  2100-Oct-31 15:00:00 (83.2%)
  2100-Nov-17 00:00:00 (87.7%)
  2100-Dec-03 09:00:00 (92.2%)
  2100-Dec-19 18:00:00 (96.6%)
  2100-Dec-31 23:00:00 (100%)
Finished Program: 2014-Oct-19 03:43:04.747434
Elapsed Time: 00:00:44.886597
