instance.yaml
kiva v0.2.0-21-g785bfe1
Copyright (C) 2012-2014 Big Ladder Software
Web: www.bigladdersoftware.com

Starting Program: 2014-Nov-18 11:32:26.778277
Creating Domain...
  X Cells: 138
  Y Cells: 1
  Z Cells: 96
  Total Cells: 13248
Initializing Temperatures...
  2098-Oct-01 23:00:00
  2099-Jan-10 17:00:00
  2099-Jan-27 04:00:00
  2099-Feb-12 14:00:00
  2099-Mar-01 00:00:00
  2099-Mar-17 10:00:00
  2099-Apr-02 20:00:00
  2099-Apr-19 07:00:00
  2099-May-05 17:00:00
  2099-May-22 03:00:00
  2099-Jun-07 14:00:00
  2099-Jun-24 00:00:00
  2099-Jul-10 10:00:00
  2099-Jul-26 20:00:00
  2099-Aug-12 07:00:00
  2099-Aug-28 17:00:00
  2099-Sep-14 03:00:00
  2099-Sep-30 14:00:00
  2099-Oct-16 23:00:00
  2099-Nov-02 09:00:00
  2099-Nov-18 19:00:00
  2099-Dec-05 06:00:00
  2099-Dec-21 16:00:00
Beginning Simulation...
  2100-Jan-06 22:00:00 (1.6%)
  2100-Jan-23 00:00:00 (6%)
  2100-Feb-08 01:00:00 (10.4%)
  2100-Feb-24 03:00:00 (14.8%)
  2100-Mar-12 04:00:00 (19.2%)
  2100-Mar-28 06:00:00 (23.6%)
  2100-Apr-13 07:00:00 (28%)
  2100-Apr-29 09:00:00 (32.4%)
  2100-May-15 11:00:00 (36.8%)
  2100-May-31 11:00:00 (41.2%)
  2100-Jun-16 13:00:00 (45.6%)
  2100-Jul-02 15:00:00 (50%)
  2100-Jul-18 16:00:00 (54.4%)
  2100-Aug-03 18:00:00 (58.8%)
  2100-Aug-19 19:00:00 (63.2%)
  2100-Sep-04 21:00:00 (67.6%)
  2100-Sep-20 23:00:00 (72%)
  2100-Oct-07 01:00:00 (76.4%)
  2100-Oct-23 03:00:00 (80.9%)
  2100-Nov-08 04:00:00 (85.3%)
  2100-Nov-24 06:00:00 (89.7%)
  2100-Dec-10 07:00:00 (94.1%)
  2100-Dec-26 09:00:00 (98.5%)
  2100-Dec-31 23:00:00 (100%)
Finished Program: 2014-Nov-18 11:33:12.349415
Elapsed Time: 00:00:45.571138
