instance.yaml
kiva v0.2.0-21-g785bfe1
Copyright (C) 2012-2014 Big Ladder Software
Web: www.bigladdersoftware.com

Starting Program: 2014-Nov-18 11:10:24.401454
Creating Domain...
  X Cells: 89
  Y Cells: 1
  Z Cells: 133
  Total Cells: 11837
Initializing Temperatures...
  2098-Dec-10 23:00:00
  2099-Jan-19 05:00:00
  2099-Feb-08 00:00:00
  2099-Feb-27 19:00:00
  2099-Mar-19 13:00:00
  2099-Apr-08 08:00:00
  2099-Apr-28 03:00:00
  2099-May-17 21:00:00
  2099-Jun-06 16:00:00
  2099-Jun-26 11:00:00
  2099-Jul-16 06:00:00
  2099-Aug-05 01:00:00
  2099-Aug-24 21:00:00
  2099-Sep-13 16:00:00
  2099-Oct-03 11:00:00
  2099-Oct-23 06:00:00
  2099-Nov-12 01:00:00
  2099-Dec-01 21:00:00
  2099-Dec-21 16:00:00
Beginning Simulation...
  2100-Jan-09 16:00:00 (2.4%)
  2100-Jan-27 20:00:00 (7.4%)
  2100-Feb-14 23:00:00 (12.3%)
  2100-Mar-04 13:00:00 (17.1%)
  2100-Mar-22 16:00:00 (22.1%)
  2100-Apr-09 20:00:00 (27.1%)
  2100-Apr-27 23:00:00 (32%)
  2100-May-16 03:00:00 (37%)
  2100-Jun-03 07:00:00 (42%)
  2100-Jun-21 10:00:00 (47%)
  2100-Jul-09 14:00:00 (51.9%)
  2100-Jul-27 18:00:00 (56.9%)
  2100-Aug-14 22:00:00 (61.9%)
  2100-Sep-02 02:00:00 (66.9%)
  2100-Sep-20 06:00:00 (71.8%)
  2100-Oct-08 06:00:00 (76.8%)
  2100-Oct-26 10:00:00 (81.8%)
  2100-Nov-13 14:00:00 (86.7%)
  2100-Dec-01 18:00:00 (91.7%)
  2100-Dec-19 22:00:00 (96.7%)
  2100-Dec-31 23:00:00 (100%)
Finished Program: 2014-Nov-18 11:11:03.665427
Elapsed Time: 00:00:39.263973
