instance.yaml
kiva v0.2.0-9-g526928a
Copyright (C) 2012-2014 Big Ladder Software
Web: www.bigladdersoftware.com

Starting Program: 2014-Nov-15 12:22:44.078814
Creating Domain...
  X Cells: 198
  Y Cells: 1
  Z Cells: 125
  Total Cells: 24750
Initializing Temperatures...
  2098-Dec-17 23:00:00
  2099-Jan-09 07:00:00
  2099-Jan-18 21:00:00
  2099-Jan-28 11:00:00
  2099-Feb-07 01:00:00
  2099-Feb-16 15:00:00
  2099-Feb-26 05:00:00
  2099-Mar-07 18:00:00
  2099-Mar-17 08:00:00
  2099-Mar-26 22:00:00
  2099-Apr-05 12:00:00
  2099-Apr-15 02:00:00
  2099-Apr-24 15:00:00
  2099-May-04 05:00:00
  2099-May-13 19:00:00
  2099-May-23 09:00:00
  2099-Jun-01 23:00:00
  2099-Jun-11 14:00:00
  2099-Jun-21 05:00:00
  2099-Jun-30 19:00:00
  2099-Jul-10 10:00:00
  2099-Jul-20 01:00:00
  2099-Jul-29 15:00:00
  2099-Aug-08 06:00:00
  2099-Aug-17 21:00:00
  2099-Aug-27 12:00:00
  2099-Sep-06 04:00:00
  2099-Sep-15 20:00:00
  2099-Sep-25 12:00:00
  2099-Oct-05 04:00:00
  2099-Oct-14 19:00:00
  2099-Oct-24 11:00:00
  2099-Nov-03 03:00:00
  2099-Nov-12 19:00:00
  2099-Nov-22 11:00:00
  2099-Dec-02 03:00:00
  2099-Dec-11 19:00:00
  2099-Dec-21 12:00:00
  2099-Dec-31 04:00:00
Beginning Simulation...
  2100-Jan-09 06:00:00 (2.3%)
  2100-Jan-18 07:00:00 (4.7%)
  2100-Jan-27 08:00:00 (7.2%)
  2100-Feb-05 09:00:00 (9.7%)
  2100-Feb-14 10:00:00 (12.2%)
  2100-Feb-23 11:00:00 (14.6%)
  2100-Mar-04 12:00:00 (17.1%)
  2100-Mar-13 13:00:00 (19.6%)
  2100-Mar-22 14:00:00 (22.1%)
  2100-Mar-31 15:00:00 (24.6%)
  2100-Apr-09 16:00:00 (27%)
  2100-Apr-18 17:00:00 (29.5%)
  2100-Apr-27 17:00:00 (32%)
  2100-May-06 19:00:00 (34.5%)
  2100-May-15 19:00:00 (36.9%)
  2100-May-24 21:00:00 (39.4%)
  2100-Jun-02 22:00:00 (41.9%)
  2100-Jun-11 23:00:00 (44.4%)
  2100-Jun-21 00:00:00 (46.8%)
  2100-Jun-30 01:00:00 (49.3%)
  2100-Jul-09 02:00:00 (51.8%)
  2100-Jul-18 02:00:00 (54.3%)
  2100-Jul-27 03:00:00 (56.7%)
  2100-Aug-05 04:00:00 (59.2%)
  2100-Aug-14 05:00:00 (61.7%)
  2100-Aug-23 06:00:00 (64.2%)
  2100-Sep-01 08:00:00 (66.7%)
  2100-Sep-10 09:00:00 (69.1%)
  2100-Sep-19 10:00:00 (71.6%)
  2100-Sep-28 11:00:00 (74.1%)
  2100-Oct-07 12:00:00 (76.6%)
  2100-Oct-16 13:00:00 (79.1%)
  2100-Oct-25 12:00:00 (81.5%)
  2100-Nov-03 13:00:00 (84%)
  2100-Nov-12 14:00:00 (86.5%)
  2100-Nov-21 15:00:00 (88.9%)
  2100-Nov-30 16:00:00 (91.4%)
  2100-Dec-09 17:00:00 (93.9%)
  2100-Dec-18 18:00:00 (96.4%)
  2100-Dec-27 19:00:00 (98.8%)
  2100-Dec-31 23:00:00 (100%)
Finished Program: 2014-Nov-15 12:24:03.464445
Elapsed Time: 00:01:19.385631
