instance.yaml
kiva v0.2.0-9-g526928a
Copyright (C) 2012-2014 Big Ladder Software
Web: www.bigladdersoftware.com

Starting Program: 2014-Oct-26 15:41:44.252580
Creating Domain...
  X Cells: 122
  Y Cells: 1
  Z Cells: 96
  Total Cells: 11712
Initializing Temperatures...
  2098-Nov-12 23:00:00
  2099-Jan-07 23:00:00
  2099-Jan-27 13:00:00
  2099-Feb-18 10:00:00
  2099-Mar-12 07:00:00
  2099-Apr-03 05:00:00
  2099-Apr-25 02:00:00
  2099-May-17 00:00:00
  2099-Jun-07 21:00:00
  2099-Jun-29 19:00:00
  2099-Jul-21 16:00:00
  2099-Aug-12 14:00:00
  2099-Sep-03 12:00:00
  2099-Sep-25 09:00:00
  2099-Oct-17 07:00:00
  2099-Nov-08 05:00:00
  2099-Nov-30 02:00:00
  2099-Dec-22 00:00:00
Beginning Simulation...
  2100-Jan-12 14:00:00 (3.2%)
  2100-Feb-02 22:00:00 (9%)
  2100-Feb-24 05:00:00 (14.9%)
  2100-Mar-17 12:00:00 (20.7%)
  2100-Apr-07 19:00:00 (26.5%)
  2100-Apr-29 03:00:00 (32.4%)
  2100-May-20 11:00:00 (38.2%)
  2100-Jun-10 19:00:00 (44.1%)
  2100-Jul-02 03:00:00 (49.9%)
  2100-Jul-23 11:00:00 (55.7%)
  2100-Aug-13 19:00:00 (61.6%)
  2100-Sep-04 03:00:00 (67.4%)
  2100-Sep-25 11:00:00 (73.3%)
  2100-Oct-16 19:00:00 (79.1%)
  2100-Nov-06 23:00:00 (84.9%)
  2100-Nov-28 07:00:00 (90.8%)
  2100-Dec-19 15:00:00 (96.6%)
  2100-Dec-31 23:00:00 (100%)
Finished Program: 2014-Oct-26 15:42:19.579723
Elapsed Time: 00:00:35.327143
