instance.yaml
kiva v0.2.0-21-g785bfe1
Copyright (C) 2012-2014 Big Ladder Software
Web: www.bigladdersoftware.com

Starting Program: 2014-Nov-18 11:14:27.319625
Creating Domain...
  X Cells: 213
  Y Cells: 1
  Z Cells: 158
  Total Cells: 33654
Initializing Temperatures...
  2098-Nov-05 23:00:00
  2099-Jan-03 05:00:00
  2099-Jan-08 20:00:00
  2099-Jan-14 12:00:00
  2099-Jan-20 04:00:00
  2099-Jan-25 19:00:00
  2099-Jan-31 11:00:00
  2099-Feb-06 02:00:00
  2099-Feb-11 18:00:00
  2099-Feb-17 10:00:00
  2099-Feb-23 01:00:00
  2099-Feb-28 17:00:00
  2099-Mar-06 09:00:00
  2099-Mar-12 01:00:00
  2099-Mar-17 16:00:00
  2099-Mar-23 08:00:00
  2099-Mar-29 00:00:00
  2099-Apr-03 15:00:00
  2099-Apr-09 07:00:00
  2099-Apr-14 23:00:00
  2099-Apr-20 15:00:00
  2099-Apr-26 06:00:00
  2099-May-01 22:00:00
  2099-May-07 14:00:00
  2099-May-13 06:00:00
  2099-May-18 22:00:00
  2099-May-24 13:00:00
  2099-May-30 05:00:00
  2099-Jun-04 21:00:00
  2099-Jun-10 13:00:00
  2099-Jun-16 05:00:00
  2099-Jun-21 21:00:00
  2099-Jun-27 12:00:00
  2099-Jul-03 03:00:00
  2099-Jul-08 19:00:00
  2099-Jul-14 11:00:00
  2099-Jul-20 03:00:00
  2099-Jul-25 19:00:00
  2099-Jul-31 11:00:00
  2099-Aug-06 03:00:00
  2099-Aug-11 18:00:00
  2099-Aug-17 10:00:00
  2099-Aug-23 02:00:00
  2099-Aug-28 18:00:00
  2099-Sep-03 10:00:00
  2099-Sep-09 02:00:00
  2099-Sep-14 17:00:00
  2099-Sep-20 09:00:00
  2099-Sep-26 01:00:00
  2099-Oct-01 17:00:00
  2099-Oct-07 09:00:00
  2099-Oct-13 01:00:00
  2099-Oct-18 17:00:00
  2099-Oct-24 08:00:00
  2099-Oct-30 00:00:00
  2099-Nov-04 16:00:00
  2099-Nov-10 08:00:00
  2099-Nov-16 00:00:00
  2099-Nov-21 15:00:00
  2099-Nov-27 07:00:00
  2099-Dec-02 23:00:00
  2099-Dec-08 15:00:00
  2099-Dec-14 07:00:00
  2099-Dec-19 22:00:00
  2099-Dec-25 14:00:00
  2099-Dec-31 06:00:00
Beginning Simulation...
  2100-Jan-05 14:00:00 (1.3%)
  2100-Jan-10 21:00:00 (2.7%)
  2100-Jan-16 04:00:00 (4.2%)
  2100-Jan-21 11:00:00 (5.6%)
  2100-Jan-26 15:00:00 (7%)
  2100-Jan-31 22:00:00 (8.5%)
  2100-Feb-06 05:00:00 (9.9%)
  2100-Feb-11 12:00:00 (11.4%)
  2100-Feb-16 19:00:00 (12.8%)
  2100-Feb-22 02:00:00 (14.3%)
  2100-Feb-27 09:00:00 (15.7%)
  2100-Mar-04 16:00:00 (17.2%)
  2100-Mar-09 22:00:00 (18.6%)
  2100-Mar-15 05:00:00 (20.1%)
  2100-Mar-20 12:00:00 (21.5%)
  2100-Mar-25 19:00:00 (23%)
  2100-Mar-31 02:00:00 (24.4%)
  2100-Apr-05 09:00:00 (25.9%)
  2100-Apr-10 16:00:00 (27.3%)
  2100-Apr-15 23:00:00 (28.8%)
  2100-Apr-21 06:00:00 (30.2%)
  2100-Apr-26 14:00:00 (31.7%)
  2100-May-01 21:00:00 (33.1%)
  2100-May-07 04:00:00 (34.6%)
  2100-May-12 10:00:00 (36%)
  2100-May-17 16:00:00 (37.4%)
  2100-May-22 22:00:00 (38.9%)
  2100-May-28 04:00:00 (40.3%)
  2100-Jun-02 10:00:00 (41.8%)
  2100-Jun-07 17:00:00 (43.2%)
  2100-Jun-12 23:00:00 (44.6%)
  2100-Jun-18 05:00:00 (46.1%)
  2100-Jun-23 11:00:00 (47.5%)
  2100-Jun-28 17:00:00 (49%)
  2100-Jul-03 23:00:00 (50.4%)
  2100-Jul-09 05:00:00 (51.8%)
  2100-Jul-14 11:00:00 (53.3%)
  2100-Jul-19 17:00:00 (54.7%)
  2100-Jul-24 23:00:00 (56.2%)
  2100-Jul-30 05:00:00 (57.6%)
  2100-Aug-04 10:00:00 (59%)
  2100-Aug-09 16:00:00 (60.5%)
  2100-Aug-14 22:00:00 (61.9%)
  2100-Aug-20 04:00:00 (63.3%)
  2100-Aug-25 10:00:00 (64.8%)
  2100-Aug-30 15:00:00 (66.2%)
  2100-Sep-04 21:00:00 (67.6%)
  2100-Sep-10 03:00:00 (69.1%)
  2100-Sep-15 09:00:00 (70.5%)
  2100-Sep-20 15:00:00 (72%)
  2100-Sep-25 21:00:00 (73.4%)
  2100-Oct-01 03:00:00 (74.8%)
  2100-Oct-06 09:00:00 (76.3%)
  2100-Oct-11 15:00:00 (77.7%)
  2100-Oct-16 20:00:00 (79.1%)
  2100-Oct-22 02:00:00 (80.6%)
  2100-Oct-27 08:00:00 (82%)
  2100-Nov-01 13:00:00 (83.4%)
  2100-Nov-06 19:00:00 (84.9%)
  2100-Nov-12 01:00:00 (86.3%)
  2100-Nov-17 07:00:00 (87.8%)
  2100-Nov-22 13:00:00 (89.2%)
  2100-Nov-27 19:00:00 (90.6%)
  2100-Dec-03 01:00:00 (92.1%)
  2100-Dec-08 06:00:00 (93.5%)
  2100-Dec-13 12:00:00 (94.9%)
  2100-Dec-18 18:00:00 (96.4%)
  2100-Dec-24 00:00:00 (97.8%)
  2100-Dec-29 05:00:00 (99.2%)
  2100-Dec-31 23:00:00 (100%)
Finished Program: 2014-Nov-18 11:16:42.525522
Elapsed Time: 00:02:15.205897
