instance.yaml
kiva v0.2.0-21-g785bfe1
Copyright (C) 2012-2014 Big Ladder Software
Web: www.bigladdersoftware.com

Starting Program: 2014-Nov-18 11:17:29.903507
Creating Domain...
  X Cells: 104
  Y Cells: 1
  Z Cells: 113
  Total Cells: 11752
Initializing Temperatures...
  2099-Jan-11 04:00:00
  2099-Jan-31 11:00:00
  2099-Feb-20 19:00:00
  2099-Mar-13 02:00:00
  2099-Apr-02 10:00:00
  2099-Apr-22 17:00:00
  2099-May-13 01:00:00
  2099-Jun-02 09:00:00
  2099-Jun-22 17:00:00
  2099-Jul-13 00:00:00
  2099-Aug-02 08:00:00
  2099-Aug-22 16:00:00
  2099-Sep-12 00:00:00
  2099-Oct-02 07:00:00
  2099-Oct-22 15:00:00
  2099-Nov-11 23:00:00
  2099-Dec-02 07:00:00
  2099-Dec-22 15:00:00
Beginning Simulation...
  2100-Jan-11 13:00:00 (2.9%)
  2100-Jan-31 04:00:00 (8.3%)
  2100-Feb-19 18:00:00 (13.6%)
  2100-Mar-11 09:00:00 (19%)
  2100-Mar-30 23:00:00 (24.4%)
  2100-Apr-19 14:00:00 (29.7%)
  2100-May-09 05:00:00 (35.1%)
  2100-May-28 20:00:00 (40.5%)
  2100-Jun-17 11:00:00 (45.9%)
  2100-Jul-07 02:00:00 (51.3%)
  2100-Jul-26 17:00:00 (56.6%)
  2100-Aug-15 08:00:00 (62%)
  2100-Sep-03 22:00:00 (67.4%)
  2100-Sep-23 17:00:00 (72.8%)
  2100-Oct-13 09:00:00 (78.2%)
  2100-Nov-02 04:00:00 (83.6%)
  2100-Nov-21 23:00:00 (89%)
  2100-Dec-11 17:00:00 (94.4%)
  2100-Dec-31 12:00:00 (99.9%)
  2100-Dec-31 23:00:00 (100%)
Finished Program: 2014-Nov-18 11:18:07.024751
Elapsed Time: 00:00:37.121244
