instance.yaml
kiva v0.2.0-9-g526928a
Copyright (C) 2012-2014 Big Ladder Software
Web: www.bigladdersoftware.com

Starting Program: 2014-Oct-26 15:40:03.470002
Creating Domain...
  X Cells: 99
  Y Cells: 1
  Z Cells: 133
  Total Cells: 13167
Initializing Temperatures...
  2098-Oct-01 23:00:00
  2099-Jan-07 03:00:00
  2099-Jan-26 21:00:00
  2099-Feb-16 21:00:00
  2099-Mar-09 21:00:00
  2099-Mar-30 21:00:00
  2099-Apr-20 22:00:00
  2099-May-11 22:00:00
  2099-Jun-01 23:00:00
  2099-Jun-22 23:00:00
  2099-Jul-14 00:00:00
  2099-Aug-04 00:00:00
  2099-Aug-25 00:00:00
  2099-Sep-15 01:00:00
  2099-Oct-06 01:00:00
  2099-Oct-27 02:00:00
  2099-Nov-17 02:00:00
  2099-Dec-08 02:00:00
  2099-Dec-29 02:00:00
Beginning Simulation...
  2100-Jan-17 17:00:00 (4.6%)
  2100-Feb-06 03:00:00 (9.9%)
  2100-Feb-25 12:00:00 (15.2%)
  2100-Mar-16 22:00:00 (20.5%)
  2100-Apr-05 07:00:00 (25.8%)
  2100-Apr-24 17:00:00 (31.2%)
  2100-May-14 03:00:00 (36.5%)
  2100-Jun-02 13:00:00 (41.8%)
  2100-Jun-21 23:00:00 (47.1%)
  2100-Jul-11 09:00:00 (52.4%)
  2100-Jul-30 19:00:00 (57.8%)
  2100-Aug-19 05:00:00 (63.1%)
  2100-Sep-07 15:00:00 (68.4%)
  2100-Sep-27 01:00:00 (73.7%)
  2100-Oct-16 07:00:00 (79%)
  2100-Nov-04 17:00:00 (84.3%)
  2100-Nov-24 02:00:00 (89.6%)
  2100-Dec-13 12:00:00 (94.9%)
  2100-Dec-31 23:00:00 (100%)
Finished Program: 2014-Oct-26 15:40:40.954215
Elapsed Time: 00:00:37.484213
