instance.yaml
kiva v0.2.0-20-g4c7c200
Copyright (C) 2012-2014 Big Ladder Software
Web: www.bigladdersoftware.com

Starting Program: 2014-Nov-17 14:11:21.100043
Creating Domain...
  X Cells: 103
  Y Cells: 1
  Z Cells: 125
  Total Cells: 12875
Initializing Temperatures...
  2099-Jan-05 22:00:00
  2099-Jan-24 04:00:00
  2099-Feb-11 10:00:00
  2099-Mar-01 16:00:00
  2099-Mar-19 22:00:00
  2099-Apr-07 04:00:00
  2099-Apr-25 09:00:00
  2099-May-13 15:00:00
  2099-May-31 21:00:00
  2099-Jun-19 04:00:00
  2099-Jul-07 10:00:00
  2099-Jul-25 16:00:00
  2099-Aug-12 22:00:00
  2099-Aug-31 04:00:00
  2099-Sep-18 10:00:00
  2099-Oct-06 17:00:00
  2099-Oct-24 23:00:00
  2099-Nov-12 05:00:00
  2099-Nov-30 11:00:00
  2099-Dec-18 17:00:00
Beginning Simulation...
  2100-Jan-05 15:00:00 (1.3%)
  2100-Jan-22 14:00:00 (5.9%)
  2100-Feb-08 13:00:00 (10.6%)
  2100-Feb-25 12:00:00 (15.2%)
  2100-Mar-14 11:00:00 (19.9%)
  2100-Mar-31 10:00:00 (24.5%)
  2100-Apr-17 10:00:00 (29.2%)
  2100-May-04 09:00:00 (33.8%)
  2100-May-21 08:00:00 (38.4%)
  2100-Jun-07 08:00:00 (43.1%)
  2100-Jun-24 05:00:00 (47.7%)
  2100-Jul-11 05:00:00 (52.4%)
  2100-Jul-28 04:00:00 (57%)
  2100-Aug-14 04:00:00 (61.7%)
  2100-Aug-31 03:00:00 (66.3%)
  2100-Sep-17 03:00:00 (71%)
  2100-Oct-04 02:00:00 (75.6%)
  2100-Oct-21 01:00:00 (80.3%)
  2100-Nov-07 01:00:00 (84.9%)
  2100-Nov-24 00:00:00 (89.6%)
  2100-Dec-11 00:00:00 (94.2%)
  2100-Dec-27 23:00:00 (98.9%)
  2100-Dec-31 23:00:00 (100%)
Finished Program: 2014-Nov-17 14:12:03.238374
Elapsed Time: 00:00:42.138331
