instance.yaml
kiva v0.2.0-9-g526928a
Copyright (C) 2012-2014 Big Ladder Software
Web: www.bigladdersoftware.com

Starting Program: 2014-Oct-19 03:34:21.931256
Creating Domain...
  X Cells: 97
  Y Cells: 1
  Z Cells: 125
  Total Cells: 12125
Initializing Temperatures...
  2098-Dec-10 23:00:00
  2099-Jan-11 16:00:00
  2099-Feb-02 00:00:00
  2099-Feb-23 08:00:00
  2099-Mar-16 16:00:00
  2099-Apr-07 01:00:00
  2099-Apr-28 09:00:00
  2099-May-19 17:00:00
  2099-Jun-10 02:00:00
  2099-Jul-01 11:00:00
  2099-Jul-22 20:00:00
  2099-Aug-13 05:00:00
  2099-Sep-03 13:00:00
  2099-Sep-24 22:00:00
  2099-Oct-16 07:00:00
  2099-Nov-06 16:00:00
  2099-Nov-28 01:00:00
  2099-Dec-19 09:00:00
Beginning Simulation...
  2100-Jan-09 02:00:00 (2.2%)
  2100-Jan-28 22:00:00 (7.6%)
  2100-Feb-17 17:00:00 (13.1%)
  2100-Mar-09 13:00:00 (18.5%)
  2100-Mar-29 08:00:00 (23.9%)
  2100-Apr-18 04:00:00 (29.4%)
  2100-May-08 00:00:00 (34.8%)
  2100-May-27 20:00:00 (40.2%)
  2100-Jun-16 16:00:00 (45.7%)
  2100-Jun-16 17:00:00 (45.7%)
  2100-Jun-21 12:00:00 (47%)
  2100-Jul-08 05:00:00 (51.6%)
  2100-Jul-28 02:00:00 (57%)
  2100-Aug-16 22:00:00 (62.4%)
  2100-Aug-23 12:00:00 (64.2%)
  2100-Aug-26 20:00:00 (65.2%)
  2100-Sep-12 14:00:00 (69.7%)
  2100-Oct-02 10:00:00 (75.2%)
  2100-Oct-22 06:00:00 (80.6%)
  2100-Nov-11 03:00:00 (86.1%)
  2100-Nov-30 23:00:00 (91.5%)
  2100-Dec-20 18:00:00 (96.9%)
  2100-Dec-31 23:00:00 (100%)
Finished Program: 2014-Oct-19 03:35:06.566237
Elapsed Time: 00:00:44.634981
