instance.yaml
kiva v0.2.0-21-g785bfe1
Copyright (C) 2012-2014 Big Ladder Software
Web: www.bigladdersoftware.com

Starting Program: 2014-Nov-18 11:00:25.753729
Creating Domain...
  X Cells: 86
  Y Cells: 1
  Z Cells: 158
  Total Cells: 13588
Initializing Temperatures...
  2098-Oct-01 23:00:00
  2099-Jan-11 23:00:00
  2099-Jan-30 08:00:00
  2099-Feb-17 19:00:00
  2099-Mar-08 05:00:00
  2099-Mar-26 15:00:00
  2099-Apr-14 02:00:00
  2099-May-02 13:00:00
  2099-May-20 23:00:00
  2099-Jun-08 10:00:00
  2099-Jun-26 21:00:00
  2099-Jul-15 08:00:00
  2099-Aug-02 19:00:00
  2099-Aug-21 05:00:00
  2099-Sep-08 16:00:00
  2099-Sep-27 03:00:00
  2099-Oct-15 14:00:00
  2099-Nov-03 01:00:00
  2099-Nov-21 12:00:00
  2099-Dec-09 23:00:00
  2099-Dec-28 09:00:00
Beginning Simulation...
  2100-Jan-14 09:00:00 (3.7%)
  2100-Jan-31 00:00:00 (8.2%)
  2100-Feb-16 14:00:00 (12.8%)
  2100-Mar-05 05:00:00 (17.3%)
  2100-Mar-21 20:00:00 (21.9%)
  2100-Apr-07 11:00:00 (26.4%)
  2100-Apr-24 02:00:00 (31%)
  2100-May-10 17:00:00 (35.5%)
  2100-May-27 08:00:00 (40.1%)
  2100-Jun-13 00:00:00 (44.7%)
  2100-Jun-29 13:00:00 (49.2%)
  2100-Jul-16 05:00:00 (53.8%)
  2100-Aug-01 20:00:00 (58.3%)
  2100-Aug-18 12:00:00 (62.9%)
  2100-Sep-04 03:00:00 (67.4%)
  2100-Sep-20 19:00:00 (72%)
  2100-Oct-07 11:00:00 (76.6%)
  2100-Oct-24 03:00:00 (81.1%)
  2100-Nov-09 18:00:00 (85.7%)
  2100-Nov-26 09:00:00 (90.2%)
  2100-Dec-13 00:00:00 (94.8%)
  2100-Dec-29 15:00:00 (99.3%)
  2100-Dec-31 23:00:00 (100%)
Finished Program: 2014-Nov-18 11:01:08.141475
Elapsed Time: 00:00:42.387746
