instance.yaml
kiva v0.2.0-9-g526928a
Copyright (C) 2012-2014 Big Ladder Software
Web: www.bigladdersoftware.com

Starting Program: 2014-Oct-26 15:44:08.820178
Creating Domain...
  X Cells: 104
  Y Cells: 1
  Z Cells: 113
  Total Cells: 11752
Initializing Temperatures...
  2099-Jan-03 09:00:00
  2099-Jan-25 00:00:00
  2099-Feb-16 06:00:00
  2099-Mar-10 12:00:00
  2099-Apr-01 19:00:00
  2099-Apr-24 01:00:00
  2099-May-16 07:00:00
  2099-Jun-07 14:00:00
  2099-Jun-29 20:00:00
  2099-Jul-22 02:00:00
  2099-Aug-13 08:00:00
  2099-Sep-04 15:00:00
  2099-Sep-26 21:00:00
  2099-Oct-19 03:00:00
  2099-Nov-10 09:00:00
  2099-Dec-02 16:00:00
  2099-Dec-24 22:00:00
Beginning Simulation...
  2100-Jan-15 21:00:00 (4.1%)
  2100-Feb-06 16:00:00 (10%)
  2100-Feb-28 11:00:00 (16%)
  2100-Mar-22 06:00:00 (22%)
  2100-Apr-13 01:00:00 (28%)
  2100-May-04 19:00:00 (33.9%)
  2100-May-26 14:00:00 (39.9%)
  2100-Jun-17 09:00:00 (45.9%)
  2100-Jul-09 04:00:00 (51.8%)
  2100-Jul-30 23:00:00 (57.8%)
  2100-Aug-21 18:00:00 (63.8%)
  2100-Sep-12 13:00:00 (69.7%)
  2100-Oct-04 08:00:00 (75.7%)
  2100-Oct-26 03:00:00 (81.7%)
  2100-Nov-16 22:00:00 (87.6%)
  2100-Dec-08 17:00:00 (93.6%)
  2100-Dec-30 08:00:00 (99.5%)
  2100-Dec-31 23:00:00 (100%)
Finished Program: 2014-Oct-26 15:44:43.076120
Elapsed Time: 00:00:34.255942
