instance.yaml
kiva v0.2.0-9-g526928a
Copyright (C) 2012-2014 Big Ladder Software
Web: www.bigladdersoftware.com

Starting Program: 2014-Oct-19 03:29:03.012317
Creating Domain...
  X Cells: 136
  Y Cells: 1
  Z Cells: 103
  Total Cells: 14008
Initializing Temperatures...
  2098-Dec-10 23:00:00
  2099-Jan-12 18:00:00
  2099-Jan-31 20:00:00
  2099-Feb-19 22:00:00
  2099-Mar-11 00:00:00
  2099-Mar-30 02:00:00
  2099-Apr-18 05:00:00
  2099-May-07 07:00:00
  2099-May-26 09:00:00
  2099-Jun-14 11:00:00
  2099-Jul-03 13:00:00
  2099-Jul-22 16:00:00
  2099-Aug-10 18:00:00
  2099-Aug-29 20:00:00
  2099-Sep-17 22:00:00
  2099-Oct-07 00:00:00
  2099-Oct-26 02:00:00
  2099-Nov-14 05:00:00
  2099-Dec-03 07:00:00
  2099-Dec-22 09:00:00
Beginning Simulation...
  2100-Jan-10 05:00:00 (2.5%)
  2100-Jan-28 19:00:00 (7.6%)
  2100-Feb-16 08:00:00 (12.7%)
  2100-Mar-06 22:00:00 (17.8%)
  2100-Mar-25 12:00:00 (22.9%)
  2100-Apr-13 02:00:00 (28%)
  2100-May-01 16:00:00 (33.1%)
  2100-May-20 06:00:00 (38.2%)
  2100-Jun-07 21:00:00 (43.3%)
  2100-Jun-26 11:00:00 (48.3%)
  2100-Jul-15 01:00:00 (53.4%)
  2100-Aug-02 14:00:00 (58.5%)
  2100-Aug-21 04:00:00 (63.6%)
  2100-Sep-08 16:00:00 (68.7%)
  2100-Sep-27 06:00:00 (73.8%)
  2100-Oct-15 20:00:00 (78.9%)
  2100-Nov-03 11:00:00 (84%)
  2100-Nov-22 01:00:00 (89.1%)
  2100-Dec-10 17:00:00 (94.2%)
  2100-Dec-29 12:00:00 (99.3%)
  2100-Dec-31 23:00:00 (100%)
Finished Program: 2014-Oct-19 03:29:43.132194
Elapsed Time: 00:00:40.119877
