instance.yaml
kiva v0.2.0-21-g785bfe1
Copyright (C) 2012-2014 Big Ladder Software
Web: www.bigladdersoftware.com

Starting Program: 2014-Nov-18 10:55:26.731948
Creating Domain...
  X Cells: 134
  Y Cells: 1
  Z Cells: 96
  Total Cells: 12864
Initializing Temperatures...
  2098-Oct-15 23:00:00
  2099-Jan-12 09:00:00
  2099-Jan-29 15:00:00
  2099-Feb-15 22:00:00
  2099-Mar-05 04:00:00
  2099-Mar-22 10:00:00
  2099-Apr-08 16:00:00
  2099-Apr-25 22:00:00
  2099-May-13 05:00:00
  2099-May-30 11:00:00
  2099-Jun-16 17:00:00
  2099-Jul-03 23:00:00
  2099-Jul-21 06:00:00
  2099-Aug-07 12:00:00
  2099-Aug-24 18:00:00
  2099-Sep-11 00:00:00
  2099-Sep-28 06:00:00
  2099-Oct-15 11:00:00
  2099-Nov-01 18:00:00
  2099-Nov-19 00:00:00
  2099-Dec-06 06:00:00
  2099-Dec-23 12:00:00
Beginning Simulation...
  2100-Jan-09 12:00:00 (2.3%)
  2100-Jan-26 06:00:00 (6.9%)
  2100-Feb-11 23:00:00 (11.5%)
  2100-Feb-28 17:00:00 (16.1%)
  2100-Mar-17 11:00:00 (20.7%)
  2100-Apr-03 04:00:00 (25.3%)
  2100-Apr-19 22:00:00 (29.8%)
  2100-May-06 15:00:00 (34.4%)
  2100-May-23 09:00:00 (39%)
  2100-Jun-09 03:00:00 (43.6%)
  2100-Jun-25 19:00:00 (48.2%)
  2100-Jul-12 13:00:00 (52.8%)
  2100-Jul-29 06:00:00 (57.3%)
  2100-Aug-15 00:00:00 (61.9%)
  2100-Aug-31 17:00:00 (66.5%)
  2100-Sep-17 11:00:00 (71.1%)
  2100-Oct-04 08:00:00 (75.7%)
  2100-Oct-21 10:00:00 (80.4%)
  2100-Nov-07 12:00:00 (85.1%)
  2100-Nov-24 15:00:00 (89.8%)
  2100-Dec-11 16:00:00 (94.4%)
  2100-Dec-28 18:00:00 (99.1%)
  2100-Dec-31 23:00:00 (100%)
Finished Program: 2014-Nov-18 10:56:10.188002
Elapsed Time: 00:00:43.456054
