instance.yaml
kiva v0.2.0-21-g785bfe1
Copyright (C) 2012-2014 Big Ladder Software
Web: www.bigladdersoftware.com

Starting Program: 2014-Nov-18 11:15:28.593874
Creating Domain...
  X Cells: 212
  Y Cells: 1
  Z Cells: 125
  Total Cells: 26500
Initializing Temperatures...
  2098-Oct-08 23:00:00
  2099-Jan-03 09:00:00
  2099-Jan-12 07:00:00
  2099-Jan-21 04:00:00
  2099-Jan-30 02:00:00
  2099-Feb-08 00:00:00
  2099-Feb-16 22:00:00
  2099-Feb-25 20:00:00
  2099-Mar-06 18:00:00
  2099-Mar-15 16:00:00
  2099-Mar-24 14:00:00
  2099-Apr-02 12:00:00
  2099-Apr-11 10:00:00
  2099-Apr-20 08:00:00
  2099-Apr-29 06:00:00
  2099-May-08 04:00:00
  2099-May-17 02:00:00
  2099-May-26 00:00:00
  2099-Jun-03 22:00:00
  2099-Jun-12 20:00:00
  2099-Jun-21 18:00:00
  2099-Jun-30 16:00:00
  2099-Jul-09 14:00:00
  2099-Jul-18 12:00:00
  2099-Jul-27 10:00:00
  2099-Aug-05 08:00:00
  2099-Aug-14 06:00:00
  2099-Aug-23 04:00:00
  2099-Sep-01 02:00:00
  2099-Sep-10 01:00:00
  2099-Sep-18 23:00:00
  2099-Sep-27 21:00:00
  2099-Oct-06 19:00:00
  2099-Oct-15 17:00:00
  2099-Oct-24 15:00:00
  2099-Nov-02 13:00:00
  2099-Nov-11 11:00:00
  2099-Nov-20 09:00:00
  2099-Nov-29 08:00:00
  2099-Dec-08 06:00:00
  2099-Dec-17 04:00:00
  2099-Dec-26 02:00:00
Beginning Simulation...
  2100-Jan-03 19:00:00 (0.8%)
  2100-Jan-12 04:00:00 (3.1%)
  2100-Jan-20 12:00:00 (5.3%)
  2100-Jan-28 21:00:00 (7.6%)
  2100-Feb-06 06:00:00 (9.9%)
  2100-Feb-14 14:00:00 (12.2%)
  2100-Feb-22 23:00:00 (14.5%)
  2100-Mar-03 08:00:00 (16.8%)
  2100-Mar-11 16:00:00 (19.1%)
  2100-Mar-20 01:00:00 (21.4%)
  2100-Mar-28 09:00:00 (23.7%)
  2100-Apr-05 18:00:00 (26%)
  2100-Apr-14 03:00:00 (28.3%)
  2100-Apr-22 12:00:00 (30.5%)
  2100-Apr-30 20:00:00 (32.8%)
  2100-May-09 05:00:00 (35.1%)
  2100-May-17 14:00:00 (37.4%)
  2100-May-25 23:00:00 (39.7%)
  2100-Jun-03 07:00:00 (42%)
  2100-Jun-11 16:00:00 (44.3%)
  2100-Jun-20 00:00:00 (46.6%)
  2100-Jun-28 09:00:00 (48.9%)
  2100-Jul-06 18:00:00 (51.2%)
  2100-Jul-15 03:00:00 (53.5%)
  2100-Jul-23 12:00:00 (55.8%)
  2100-Jul-31 20:00:00 (58%)
  2100-Aug-09 05:00:00 (60.3%)
  2100-Aug-17 14:00:00 (62.6%)
  2100-Aug-25 23:00:00 (64.9%)
  2100-Sep-03 08:00:00 (67.2%)
  2100-Sep-11 16:00:00 (69.5%)
  2100-Sep-20 01:00:00 (71.8%)
  2100-Sep-28 09:00:00 (74.1%)
  2100-Oct-06 18:00:00 (76.4%)
  2100-Oct-15 03:00:00 (78.7%)
  2100-Oct-23 11:00:00 (80.9%)
  2100-Oct-31 20:00:00 (83.2%)
  2100-Nov-09 05:00:00 (85.5%)
  2100-Nov-17 14:00:00 (87.8%)
  2100-Nov-25 23:00:00 (90.1%)
  2100-Dec-04 07:00:00 (92.4%)
  2100-Dec-12 16:00:00 (94.7%)
  2100-Dec-21 01:00:00 (97%)
  2100-Dec-29 10:00:00 (99.3%)
  2100-Dec-31 23:00:00 (100%)
Finished Program: 2014-Nov-18 11:16:54.308957
Elapsed Time: 00:01:25.715083
