instance.yaml
kiva v0.2.0-9-g526928a
Copyright (C) 2012-2014 Big Ladder Software
Web: www.bigladdersoftware.com

Starting Program: 2014-Oct-26 15:53:18.136994
Creating Domain...
  X Cells: 90
  Y Cells: 1
  Z Cells: 133
  Total Cells: 11970
Initializing Temperatures...
  2098-Nov-19 23:00:00
  2099-Jan-08 02:00:00
  2099-Jan-28 15:00:00
  2099-Feb-19 08:00:00
  2099-Mar-13 01:00:00
  2099-Apr-03 18:00:00
  2099-Apr-25 11:00:00
  2099-May-17 04:00:00
  2099-Jun-07 20:00:00
  2099-Jun-29 13:00:00
  2099-Jul-21 06:00:00
  2099-Aug-11 22:00:00
  2099-Sep-02 15:00:00
  2099-Sep-24 08:00:00
  2099-Oct-16 01:00:00
  2099-Nov-06 18:00:00
  2099-Nov-28 11:00:00
  2099-Dec-20 04:00:00
Beginning Simulation...
  2100-Jan-10 03:00:00 (2.5%)
  2100-Jan-30 02:00:00 (8%)
  2100-Feb-19 02:00:00 (13.4%)
  2100-Mar-11 01:00:00 (18.9%)
  2100-Mar-31 01:00:00 (24.4%)
  2100-Apr-20 00:00:00 (29.9%)
  2100-May-10 00:00:00 (35.3%)
  2100-May-29 23:00:00 (40.8%)
  2100-Jun-18 22:00:00 (46.3%)
  2100-Jul-08 21:00:00 (51.7%)
  2100-Jul-28 20:00:00 (57.2%)
  2100-Aug-17 19:00:00 (62.7%)
  2100-Sep-06 18:00:00 (68.2%)
  2100-Sep-26 17:00:00 (73.6%)
  2100-Oct-16 17:00:00 (79.1%)
  2100-Nov-05 16:00:00 (84.6%)
  2100-Nov-25 14:00:00 (90%)
  2100-Dec-15 10:00:00 (95.5%)
  2100-Dec-31 23:00:00 (100%)
Finished Program: 2014-Oct-26 15:53:54.829319
Elapsed Time: 00:00:36.692325
