instance.yaml
kiva v0.2.0-20-g4c7c200
Copyright (C) 2012-2014 Big Ladder Software
Web: www.bigladdersoftware.com

Starting Program: 2014-Nov-17 14:11:19.700477
Creating Domain...
  X Cells: 93
  Y Cells: 1
  Z Cells: 125
  Total Cells: 11625
Initializing Temperatures...
  2098-Oct-22 23:00:00
  2099-Jan-15 15:00:00
  2099-Feb-05 02:00:00
  2099-Feb-25 13:00:00
  2099-Mar-18 01:00:00
  2099-Apr-07 12:00:00
  2099-Apr-28 00:00:00
  2099-May-18 11:00:00
  2099-Jun-07 22:00:00
  2099-Jun-28 10:00:00
  2099-Jul-18 21:00:00
  2099-Aug-08 09:00:00
  2099-Aug-28 20:00:00
  2099-Sep-18 08:00:00
  2099-Oct-08 19:00:00
  2099-Oct-29 07:00:00
  2099-Nov-18 18:00:00
  2099-Dec-09 06:00:00
  2099-Dec-29 18:00:00
Beginning Simulation...
  2100-Jan-17 19:00:00 (4.6%)
  2100-Feb-05 16:00:00 (9.8%)
  2100-Feb-24 13:00:00 (14.9%)
  2100-Mar-15 11:00:00 (20.1%)
  2100-Apr-03 08:00:00 (25.3%)
  2100-Apr-22 05:00:00 (30.5%)
  2100-May-11 02:00:00 (35.6%)
  2100-May-29 23:00:00 (40.8%)
  2100-Jun-17 20:00:00 (46%)
  2100-Jul-06 18:00:00 (51.2%)
  2100-Jul-25 15:00:00 (56.3%)
  2100-Aug-13 12:00:00 (61.5%)
  2100-Sep-01 06:00:00 (66.6%)
  2100-Sep-20 03:00:00 (71.8%)
  2100-Oct-09 01:00:00 (77%)
  2100-Oct-27 22:00:00 (82.2%)
  2100-Nov-15 19:00:00 (87.3%)
  2100-Dec-04 16:00:00 (92.5%)
  2100-Dec-23 14:00:00 (97.7%)
  2100-Dec-31 23:00:00 (100%)
Finished Program: 2014-Nov-17 14:11:57.445540
Elapsed Time: 00:00:37.745063
