instance.yaml
kiva v0.2.0-20-g4c7c200
Copyright (C) 2012-2014 Big Ladder Software
Web: www.bigladdersoftware.com

Starting Program: 2014-Nov-17 14:14:18.013401
Creating Domain...
  X Cells: 130
  Y Cells: 1
  Z Cells: 96
  Total Cells: 12480
Initializing Temperatures...
  2099-Jan-08 00:00:00
  2099-Jan-26 20:00:00
  2099-Feb-14 16:00:00
  2099-Mar-05 12:00:00
  2099-Mar-24 08:00:00
  2099-Apr-12 05:00:00
  2099-May-01 01:00:00
  2099-May-19 21:00:00
  2099-Jun-07 17:00:00
  2099-Jun-26 14:00:00
  2099-Jul-15 10:00:00
  2099-Aug-03 06:00:00
  2099-Aug-22 02:00:00
  2099-Sep-09 23:00:00
  2099-Sep-28 19:00:00
  2099-Oct-17 15:00:00
  2099-Nov-05 12:00:00
  2099-Nov-24 15:00:00
  2099-Dec-13 20:00:00
Beginning Simulation...
  2100-Jan-02 00:00:00 (0.3%)
  2100-Jan-20 14:00:00 (5.4%)
  2100-Feb-08 04:00:00 (10.5%)
  2100-Feb-26 18:00:00 (15.5%)
  2100-Mar-17 08:00:00 (20.6%)
  2100-Apr-04 22:00:00 (25.7%)
  2100-Apr-23 12:00:00 (30.8%)
  2100-May-12 02:00:00 (35.9%)
  2100-May-30 16:00:00 (41%)
  2100-Jun-18 06:00:00 (46.1%)
  2100-Jul-06 21:00:00 (51.2%)
  2100-Jul-25 11:00:00 (56.3%)
  2100-Aug-13 00:00:00 (61.4%)
  2100-Aug-31 14:00:00 (66.5%)
  2100-Sep-19 05:00:00 (71.6%)
  2100-Oct-07 19:00:00 (76.7%)
  2100-Oct-26 10:00:00 (81.8%)
  2100-Nov-14 00:00:00 (86.8%)
  2100-Dec-02 13:00:00 (91.9%)
  2100-Dec-21 04:00:00 (97%)
  2100-Dec-31 23:00:00 (100%)
Finished Program: 2014-Nov-17 14:14:57.584494
Elapsed Time: 00:00:39.571093
