instance.yaml
kiva v0.2.0-21-g785bfe1
Copyright (C) 2012-2014 Big Ladder Software
Web: www.bigladdersoftware.com

Starting Program: 2014-Nov-18 11:28:26.748016
Creating Domain...
  X Cells: 106
  Y Cells: 1
  Z Cells: 125
  Total Cells: 13250
Initializing Temperatures...
  2098-Oct-01 23:00:00
  2099-Jan-11 17:00:00
  2099-Jan-29 14:00:00
  2099-Feb-16 11:00:00
  2099-Mar-06 07:00:00
  2099-Mar-24 04:00:00
  2099-Apr-11 01:00:00
  2099-Apr-28 22:00:00
  2099-May-16 18:00:00
  2099-Jun-03 15:00:00
  2099-Jun-21 12:00:00
  2099-Jul-09 08:00:00
  2099-Jul-27 05:00:00
  2099-Aug-14 02:00:00
  2099-Aug-31 23:00:00
  2099-Sep-18 20:00:00
  2099-Oct-06 17:00:00
  2099-Oct-24 13:00:00
  2099-Nov-11 10:00:00
  2099-Nov-29 07:00:00
  2099-Dec-17 04:00:00
Beginning Simulation...
  2100-Jan-03 20:00:00 (0.8%)
  2100-Jan-20 11:00:00 (5.3%)
  2100-Feb-06 02:00:00 (9.9%)
  2100-Feb-22 17:00:00 (14.4%)
  2100-Mar-11 08:00:00 (19%)
  2100-Mar-27 23:00:00 (23.6%)
  2100-Apr-13 14:00:00 (28.1%)
  2100-Apr-30 05:00:00 (32.7%)
  2100-May-16 20:00:00 (37.2%)
  2100-Jun-02 10:00:00 (41.8%)
  2100-Jun-19 01:00:00 (46.3%)
  2100-Jul-05 16:00:00 (50.9%)
  2100-Jul-22 05:00:00 (55.4%)
  2100-Aug-07 20:00:00 (60%)
  2100-Aug-24 11:00:00 (64.5%)
  2100-Sep-10 02:00:00 (69.1%)
  2100-Sep-26 17:00:00 (73.6%)
  2100-Oct-13 08:00:00 (78.2%)
  2100-Oct-29 23:00:00 (82.7%)
  2100-Nov-15 14:00:00 (87.3%)
  2100-Dec-02 05:00:00 (91.8%)
  2100-Dec-18 20:00:00 (96.4%)
  2100-Dec-31 23:00:00 (100%)
Finished Program: 2014-Nov-18 11:29:09.790214
Elapsed Time: 00:00:43.042198
