instance.yaml
kiva v0.2.0-21-g785bfe1
Copyright (C) 2012-2014 Big Ladder Software
Web: www.bigladdersoftware.com

Starting Program: 2014-Nov-18 11:11:24.316839
Creating Domain...
  X Cells: 259
  Y Cells: 1
  Z Cells: 132
  Total Cells: 34188
Initializing Temperatures...
  2098-Oct-29 23:00:00
  2099-Jan-02 16:00:00
  2099-Jan-09 18:00:00
  2099-Jan-16 21:00:00
  2099-Jan-23 23:00:00
  2099-Jan-31 02:00:00
  2099-Feb-07 04:00:00
  2099-Feb-14 08:00:00
  2099-Feb-21 14:00:00
  2099-Feb-28 19:00:00
  2099-Mar-08 00:00:00
  2099-Mar-15 06:00:00
  2099-Mar-22 11:00:00
  2099-Mar-29 17:00:00
  2099-Apr-05 22:00:00
  2099-Apr-13 03:00:00
  2099-Apr-20 09:00:00
  2099-Apr-27 14:00:00
  2099-May-04 20:00:00
  2099-May-12 01:00:00
  2099-May-19 06:00:00
  2099-May-26 12:00:00
  2099-Jun-02 17:00:00
  2099-Jun-09 23:00:00
  2099-Jun-17 04:00:00
  2099-Jun-24 10:00:00
  2099-Jul-01 15:00:00
  2099-Jul-08 20:00:00
  2099-Jul-16 02:00:00
  2099-Jul-23 07:00:00
  2099-Jul-30 12:00:00
  2099-Aug-06 18:00:00
  2099-Aug-13 23:00:00
  2099-Aug-21 05:00:00
  2099-Aug-28 10:00:00
  2099-Sep-04 15:00:00
  2099-Sep-11 20:00:00
  2099-Sep-19 01:00:00
  2099-Sep-26 06:00:00
  2099-Oct-03 12:00:00
  2099-Oct-10 17:00:00
  2099-Oct-17 23:00:00
  2099-Oct-25 04:00:00
  2099-Nov-01 10:00:00
  2099-Nov-08 15:00:00
  2099-Nov-15 21:00:00
  2099-Nov-23 02:00:00
  2099-Nov-30 07:00:00
  2099-Dec-07 13:00:00
  2099-Dec-14 18:00:00
  2099-Dec-22 00:00:00
  2099-Dec-29 05:00:00
Beginning Simulation...
  2100-Jan-05 05:00:00 (1.2%)
  2100-Jan-12 00:00:00 (3%)
  2100-Jan-18 20:00:00 (4.9%)
  2100-Jan-25 16:00:00 (6.8%)
  2100-Feb-01 12:00:00 (8.6%)
  2100-Feb-08 08:00:00 (10.5%)
  2100-Feb-15 03:00:00 (12.4%)
  2100-Feb-21 23:00:00 (14.2%)
  2100-Feb-28 19:00:00 (16.1%)
  2100-Mar-07 15:00:00 (18%)
  2100-Mar-14 11:00:00 (19.9%)
  2100-Mar-21 07:00:00 (21.7%)
  2100-Mar-28 02:00:00 (23.6%)
  2100-Apr-03 22:00:00 (25.5%)
  2100-Apr-10 18:00:00 (27.3%)
  2100-Apr-17 14:00:00 (29.2%)
  2100-Apr-24 10:00:00 (31.1%)
  2100-May-01 06:00:00 (32.9%)
  2100-May-08 02:00:00 (34.8%)
  2100-May-14 21:00:00 (36.7%)
  2100-May-21 17:00:00 (38.6%)
  2100-May-28 13:00:00 (40.4%)
  2100-Jun-04 09:00:00 (42.3%)
  2100-Jun-11 05:00:00 (44.2%)
  2100-Jun-18 00:00:00 (46%)
  2100-Jun-24 20:00:00 (47.9%)
  2100-Jul-01 16:00:00 (49.8%)
  2100-Jul-08 12:00:00 (51.6%)
  2100-Jul-15 07:00:00 (53.5%)
  2100-Jul-22 02:00:00 (55.4%)
  2100-Jul-28 22:00:00 (57.2%)
  2100-Aug-04 18:00:00 (59.1%)
  2100-Aug-11 13:00:00 (61%)
  2100-Aug-18 09:00:00 (62.8%)
  2100-Aug-25 04:00:00 (64.7%)
  2100-Sep-01 00:00:00 (66.6%)
  2100-Sep-07 20:00:00 (68.4%)
  2100-Sep-14 15:00:00 (70.3%)
  2100-Sep-21 11:00:00 (72.2%)
  2100-Sep-28 06:00:00 (74%)
  2100-Oct-05 02:00:00 (75.9%)
  2100-Oct-11 22:00:00 (77.8%)
  2100-Oct-18 18:00:00 (79.7%)
  2100-Oct-25 13:00:00 (81.5%)
  2100-Nov-01 09:00:00 (83.4%)
  2100-Nov-08 05:00:00 (85.3%)
  2100-Nov-15 01:00:00 (87.1%)
  2100-Nov-21 21:00:00 (89%)
  2100-Nov-28 16:00:00 (90.9%)
  2100-Dec-05 12:00:00 (92.7%)
  2100-Dec-12 08:00:00 (94.6%)
  2100-Dec-19 04:00:00 (96.5%)
  2100-Dec-26 00:00:00 (98.4%)
  2100-Dec-31 23:00:00 (100%)
Finished Program: 2014-Nov-18 11:13:09.878424
Elapsed Time: 00:01:45.561585
