instance.yaml
kiva v0.2.0-20-g4c7c200
Copyright (C) 2012-2014 Big Ladder Software
Web: www.bigladdersoftware.com

Starting Program: 2014-Nov-17 14:15:20.909351
Creating Domain...
  X Cells: 140
  Y Cells: 1
  Z Cells: 103
  Total Cells: 14420
Initializing Temperatures...
  2099-Jan-06 17:00:00
  2099-Jan-22 14:00:00
  2099-Feb-07 11:00:00
  2099-Feb-23 08:00:00
  2099-Mar-11 06:00:00
  2099-Mar-27 03:00:00
  2099-Apr-12 00:00:00
  2099-Apr-27 21:00:00
  2099-May-13 19:00:00
  2099-May-29 16:00:00
  2099-Jun-14 13:00:00
  2099-Jun-30 11:00:00
  2099-Jul-16 08:00:00
  2099-Aug-01 05:00:00
  2099-Aug-17 02:00:00
  2099-Sep-02 00:00:00
  2099-Sep-17 21:00:00
  2099-Oct-03 18:00:00
  2099-Oct-19 16:00:00
  2099-Nov-04 13:00:00
  2099-Nov-20 10:00:00
  2099-Dec-06 07:00:00
  2099-Dec-21 14:00:00
Beginning Simulation...
  2100-Jan-06 08:00:00 (1.5%)
  2100-Jan-21 19:00:00 (5.7%)
  2100-Feb-06 07:00:00 (9.9%)
  2100-Feb-21 18:00:00 (14.2%)
  2100-Mar-09 05:00:00 (18.4%)
  2100-Mar-24 16:00:00 (22.6%)
  2100-Apr-09 03:00:00 (26.9%)
  2100-Apr-24 14:00:00 (31.1%)
  2100-May-10 01:00:00 (35.4%)
  2100-May-25 12:00:00 (39.6%)
  2100-Jun-09 22:00:00 (43.8%)
  2100-Jun-25 09:00:00 (48%)
  2100-Jul-10 20:00:00 (52.3%)
  2100-Jul-26 07:00:00 (56.5%)
  2100-Aug-10 18:00:00 (60.8%)
  2100-Aug-26 06:00:00 (65%)
  2100-Sep-10 17:00:00 (69.2%)
  2100-Sep-26 04:00:00 (73.5%)
  2100-Oct-11 15:00:00 (77.7%)
  2100-Oct-27 02:00:00 (81.9%)
  2100-Nov-11 13:00:00 (86.2%)
  2100-Nov-27 01:00:00 (90.4%)
  2100-Dec-12 12:00:00 (94.7%)
  2100-Dec-28 00:00:00 (98.9%)
  2100-Dec-31 23:00:00 (100%)
Finished Program: 2014-Nov-17 14:16:08.258038
Elapsed Time: 00:00:47.348687
