instance.yaml
kiva v0.2.0-9-g526928a
Copyright (C) 2012-2014 Big Ladder Software
Web: www.bigladdersoftware.com

Starting Program: 2014-Nov-15 11:21:47.009579
Creating Domain...
  X Cells: 151
  Y Cells: 1
  Z Cells: 133
  Total Cells: 20083
Initializing Temperatures...
  2099-Jan-02 09:00:00
  2099-Jan-13 22:00:00
  2099-Jan-25 11:00:00
  2099-Feb-06 00:00:00
  2099-Feb-17 12:00:00
  2099-Mar-01 01:00:00
  2099-Mar-12 14:00:00
  2099-Mar-24 03:00:00
  2099-Apr-04 15:00:00
  2099-Apr-16 04:00:00
  2099-Apr-27 17:00:00
  2099-May-09 06:00:00
  2099-May-20 19:00:00
  2099-Jun-01 08:00:00
  2099-Jun-12 20:00:00
  2099-Jun-24 09:00:00
  2099-Jul-05 22:00:00
  2099-Jul-17 11:00:00
  2099-Jul-29 00:00:00
  2099-Aug-09 13:00:00
  2099-Aug-21 02:00:00
  2099-Sep-01 15:00:00
  2099-Sep-13 03:00:00
  2099-Sep-24 16:00:00
  2099-Oct-06 05:00:00
  2099-Oct-17 18:00:00
  2099-Oct-29 07:00:00
  2099-Nov-09 20:00:00
  2099-Nov-21 09:00:00
  2099-Dec-02 22:00:00
  2099-Dec-14 11:00:00
  2099-Dec-26 00:00:00
Beginning Simulation...
  2100-Jan-06 02:00:00 (1.4%)
  2100-Jan-16 16:00:00 (4.3%)
  2100-Jan-27 05:00:00 (7.2%)
  2100-Feb-06 19:00:00 (10.1%)
  2100-Feb-17 09:00:00 (13%)
  2100-Feb-27 22:00:00 (15.9%)
  2100-Mar-10 12:00:00 (18.8%)
  2100-Mar-21 02:00:00 (21.7%)
  2100-Mar-31 15:00:00 (24.6%)
  2100-Apr-11 05:00:00 (27.5%)
  2100-Apr-21 18:00:00 (30.3%)
  2100-May-02 08:00:00 (33.2%)
  2100-May-12 21:00:00 (36.1%)
  2100-May-23 11:00:00 (39%)
  2100-Jun-03 01:00:00 (41.9%)
  2100-Jun-13 15:00:00 (44.8%)
  2100-Jun-24 05:00:00 (47.7%)
  2100-Jul-04 19:00:00 (50.6%)
  2100-Jul-15 09:00:00 (53.5%)
  2100-Jul-25 23:00:00 (56.4%)
  2100-Aug-05 12:00:00 (59.3%)
  2100-Aug-16 02:00:00 (62.2%)
  2100-Aug-26 16:00:00 (65.1%)
  2100-Sep-06 06:00:00 (68%)
  2100-Sep-16 20:00:00 (70.9%)
  2100-Sep-27 10:00:00 (73.8%)
  2100-Oct-07 23:00:00 (76.7%)
  2100-Oct-18 13:00:00 (79.6%)
  2100-Oct-29 03:00:00 (82.5%)
  2100-Nov-08 17:00:00 (85.4%)
  2100-Nov-19 07:00:00 (88.3%)
  2100-Nov-29 21:00:00 (91.2%)
  2100-Dec-10 11:00:00 (94.1%)
  2100-Dec-21 01:00:00 (97%)
  2100-Dec-31 12:00:00 (99.9%)
  2100-Dec-31 23:00:00 (100%)
Finished Program: 2014-Nov-15 11:22:54.045374
Elapsed Time: 00:01:07.035795
