instance.yaml
kiva v0.2.0-21-g785bfe1
Copyright (C) 2012-2014 Big Ladder Software
Web: www.bigladdersoftware.com

Starting Program: 2014-Nov-18 11:15:24.926387
Creating Domain...
  X Cells: 105
  Y Cells: 1
  Z Cells: 133
  Total Cells: 13965
Initializing Temperatures...
  2099-Jan-07 10:00:00
  2099-Jan-25 19:00:00
  2099-Feb-13 03:00:00
  2099-Mar-03 11:00:00
  2099-Mar-21 19:00:00
  2099-Apr-09 04:00:00
  2099-Apr-27 12:00:00
  2099-May-15 21:00:00
  2099-Jun-03 05:00:00
  2099-Jun-21 14:00:00
  2099-Jul-09 22:00:00
  2099-Jul-28 06:00:00
  2099-Aug-15 15:00:00
  2099-Sep-02 23:00:00
  2099-Sep-21 07:00:00
  2099-Oct-09 16:00:00
  2099-Oct-28 00:00:00
  2099-Nov-15 09:00:00
  2099-Dec-03 17:00:00
  2099-Dec-22 02:00:00
Beginning Simulation...
  2100-Jan-08 18:00:00 (2.1%)
  2100-Jan-25 15:00:00 (6.7%)
  2100-Feb-11 12:00:00 (11.4%)
  2100-Feb-28 10:00:00 (16%)
  2100-Mar-17 08:00:00 (20.6%)
  2100-Apr-03 05:00:00 (25.3%)
  2100-Apr-20 03:00:00 (29.9%)
  2100-May-07 01:00:00 (34.5%)
  2100-May-23 23:00:00 (39.2%)
  2100-Jun-09 21:00:00 (43.8%)
  2100-Jun-26 17:00:00 (48.4%)
  2100-Jul-13 15:00:00 (53%)
  2100-Jul-30 12:00:00 (57.7%)
  2100-Aug-16 10:00:00 (62.3%)
  2100-Sep-02 08:00:00 (66.9%)
  2100-Sep-19 06:00:00 (71.6%)
  2100-Oct-06 04:00:00 (76.2%)
  2100-Oct-23 01:00:00 (80.8%)
  2100-Nov-08 23:00:00 (85.5%)
  2100-Nov-25 21:00:00 (90.1%)
  2100-Dec-12 19:00:00 (94.7%)
  2100-Dec-29 17:00:00 (99.4%)
  2100-Dec-31 23:00:00 (100%)
Finished Program: 2014-Nov-18 11:16:07.134706
Elapsed Time: 00:00:42.208319
