instance.yaml
kiva v0.2.0-9-g526928a
Copyright (C) 2012-2014 Big Ladder Software
Web: www.bigladdersoftware.com

Starting Program: 2014-Oct-19 03:32:39.618480
Creating Domain...
  X Cells: 90
  Y Cells: 1
  Z Cells: 133
  Total Cells: 11970
Initializing Temperatures...
  2098-Oct-01 23:00:00
  2099-Jan-04 05:00:00
  2099-Jan-25 03:00:00
  2099-Feb-15 20:00:00
  2099-Mar-09 13:00:00
  2099-Mar-31 07:00:00
  2099-Apr-22 00:00:00
  2099-May-13 18:00:00
  2099-Jun-04 12:00:00
  2099-Jun-26 05:00:00
  2099-Jul-17 23:00:00
  2099-Aug-08 16:00:00
  2099-Aug-30 10:00:00
  2099-Sep-21 04:00:00
  2099-Oct-12 21:00:00
  2099-Nov-03 15:00:00
  2099-Nov-25 09:00:00
  2099-Dec-17 03:00:00
Beginning Simulation...
  2100-Jan-07 07:00:00 (1.7%)
  2100-Jan-27 07:00:00 (7.2%)
  2100-Feb-16 07:00:00 (12.7%)
  2100-Mar-08 07:00:00 (18.2%)
  2100-Mar-28 06:00:00 (23.6%)
  2100-Apr-17 06:00:00 (29.1%)
  2100-May-07 06:00:00 (34.6%)
  2100-May-27 06:00:00 (40.1%)
  2100-Jun-16 06:00:00 (45.5%)
  2100-Jul-06 06:00:00 (51%)
  2100-Jul-26 06:00:00 (56.5%)
  2100-Aug-15 05:00:00 (62%)
  2100-Sep-04 05:00:00 (67.5%)
  2100-Sep-24 05:00:00 (72.9%)
  2100-Oct-14 01:00:00 (78.4%)
  2100-Nov-03 02:00:00 (83.9%)
  2100-Nov-23 01:00:00 (89.3%)
  2100-Dec-13 01:00:00 (94.8%)
  2100-Dec-31 23:00:00 (100%)
Finished Program: 2014-Oct-19 03:33:15.947056
Elapsed Time: 00:00:36.328576
