instance.yaml
kiva v0.2.0-19-ge248292
Copyright (C) 2012-2014 Big Ladder Software
Web: www.bigladdersoftware.com

Starting Program: 2014-Nov-17 08:41:14.861299
Creating Domain...
  X Cells: 61
  Y Cells: 1
  Z Cells: 93
  Total Cells: 5673
Initializing Temperatures...
  2099-Jan-25 06:00:00
  2099-Feb-26 16:00:00
  2099-Mar-31 01:00:00
  2099-May-02 11:00:00
  2099-Jun-03 21:00:00
  2099-Jul-06 07:00:00
  2099-Aug-07 16:00:00
  2099-Sep-09 02:00:00
  2099-Oct-11 12:00:00
  2099-Nov-12 22:00:00
  2099-Dec-15 08:00:00
Beginning Simulation...
  2100-Jan-16 12:00:00 (4.2%)
  2100-Feb-17 11:00:00 (13%)
  2100-Mar-21 09:00:00 (21.7%)
  2100-Apr-22 07:00:00 (30.5%)
  2100-May-24 06:00:00 (39.2%)
  2100-Jun-25 04:00:00 (48%)
  2100-Jul-27 02:00:00 (56.7%)
  2100-Aug-28 01:00:00 (65.5%)
  2100-Sep-28 23:00:00 (74.2%)
  2100-Oct-30 22:00:00 (83%)
  2100-Dec-01 20:00:00 (91.7%)
  2100-Dec-31 23:00:00 (100%)
Finished Program: 2014-Nov-17 08:41:37.943195
Elapsed Time: 00:00:23.081896
