instance.yaml
kiva v0.2.0-21-g785bfe1
Copyright (C) 2012-2014 Big Ladder Software
Web: www.bigladdersoftware.com

Starting Program: 2014-Nov-18 11:04:23.936292
Creating Domain...
  X Cells: 169
  Y Cells: 1
  Z Cells: 133
  Total Cells: 22477
Initializing Temperatures...
  2099-Jan-01 21:00:00
  2099-Jan-12 19:00:00
  2099-Jan-23 18:00:00
  2099-Feb-03 16:00:00
  2099-Feb-14 14:00:00
  2099-Feb-25 13:00:00
  2099-Mar-08 11:00:00
  2099-Mar-19 09:00:00
  2099-Mar-30 08:00:00
  2099-Apr-10 06:00:00
  2099-Apr-21 05:00:00
  2099-May-02 03:00:00
  2099-May-13 01:00:00
  2099-May-24 00:00:00
  2099-Jun-03 22:00:00
  2099-Jun-14 21:00:00
  2099-Jun-25 19:00:00
  2099-Jul-06 18:00:00
  2099-Jul-17 16:00:00
  2099-Jul-28 15:00:00
  2099-Aug-08 13:00:00
  2099-Aug-19 12:00:00
  2099-Aug-29 21:00:00
  2099-Sep-09 19:00:00
  2099-Sep-20 18:00:00
  2099-Oct-01 16:00:00
  2099-Oct-12 15:00:00
  2099-Oct-23 13:00:00
  2099-Nov-03 12:00:00
  2099-Nov-14 10:00:00
  2099-Nov-25 09:00:00
  2099-Dec-06 08:00:00
  2099-Dec-17 06:00:00
  2099-Dec-28 05:00:00
Beginning Simulation...
  2100-Jan-07 13:00:00 (1.8%)
  2100-Jan-17 15:00:00 (4.6%)
  2100-Jan-27 17:00:00 (7.3%)
  2100-Feb-06 19:00:00 (10.1%)
  2100-Feb-16 21:00:00 (12.8%)
  2100-Feb-26 23:00:00 (15.6%)
  2100-Mar-09 01:00:00 (18.4%)
  2100-Mar-19 03:00:00 (21.1%)
  2100-Mar-29 05:00:00 (23.9%)
  2100-Apr-08 07:00:00 (26.7%)
  2100-Apr-18 09:00:00 (29.4%)
  2100-Apr-28 11:00:00 (32.2%)
  2100-May-08 13:00:00 (34.9%)
  2100-May-18 15:00:00 (37.7%)
  2100-May-28 17:00:00 (40.5%)
  2100-Jun-07 20:00:00 (43.2%)
  2100-Jun-17 22:00:00 (46%)
  2100-Jun-28 00:00:00 (48.8%)
  2100-Jul-08 02:00:00 (51.5%)
  2100-Jul-18 04:00:00 (54.3%)
  2100-Jul-28 07:00:00 (57.1%)
  2100-Aug-07 09:00:00 (59.8%)
  2100-Aug-17 11:00:00 (62.6%)
  2100-Aug-27 14:00:00 (65.4%)
  2100-Sep-06 16:00:00 (68.1%)
  2100-Sep-16 18:00:00 (70.9%)
  2100-Sep-26 20:00:00 (73.7%)
  2100-Oct-06 23:00:00 (76.4%)
  2100-Oct-17 01:00:00 (79.2%)
  2100-Oct-27 03:00:00 (82%)
  2100-Nov-06 06:00:00 (84.7%)
  2100-Nov-16 08:00:00 (87.5%)
  2100-Nov-26 10:00:00 (90.3%)
  2100-Dec-06 12:00:00 (93%)
  2100-Dec-16 13:00:00 (95.8%)
  2100-Dec-26 15:00:00 (98.5%)
  2100-Dec-31 23:00:00 (100%)
Finished Program: 2014-Nov-18 11:05:34.531637
Elapsed Time: 00:01:10.595345
