instance.yaml
kiva v0.2.0-9-g526928a
Copyright (C) 2012-2014 Big Ladder Software
Web: www.bigladdersoftware.com

Starting Program: 2014-Oct-19 03:08:06.154241
Creating Domain...
  X Cells: 88
  Y Cells: 1
  Z Cells: 98
  Total Cells: 8624
Initializing Temperatures...
Warning: Solution did not converge after 408 iterations.
  The final residual was: 4.48613e-06
  Solver status: 2
  2098-Nov-12 23:00:00
  2099-Jan-08 08:00:00
  2099-Feb-01 16:00:00
  2099-Mar-03 00:00:00
  2099-Apr-01 10:00:00
  2099-Apr-30 19:00:00
  2099-May-30 05:00:00
  2099-Jun-28 15:00:00
  2099-Jul-28 00:00:00
  2099-Aug-26 10:00:00
  2099-Sep-24 19:00:00
  2099-Oct-24 04:00:00
  2099-Nov-22 14:00:00
  2099-Dec-22 00:00:00
Beginning Simulation...
  2100-Jan-19 23:00:00 (5.2%)
  2100-Feb-17 15:00:00 (13%)
  2100-Mar-18 09:00:00 (20.9%)
  2100-Apr-16 02:00:00 (28.8%)
  2100-May-14 20:00:00 (36.7%)
  2100-Jun-12 14:00:00 (44.5%)
  2100-Jul-11 08:00:00 (52.4%)
  2100-Aug-09 02:00:00 (60.3%)
  2100-Sep-06 20:00:00 (68.2%)
  2100-Oct-05 13:00:00 (76%)
  2100-Nov-03 06:00:00 (83.9%)
  2100-Dec-02 01:00:00 (91.8%)
  2100-Dec-30 18:00:00 (99.7%)
  2100-Dec-31 23:00:00 (100%)
Finished Program: 2014-Oct-19 03:08:33.042205
Elapsed Time: 00:00:26.887964
