instance.yaml
kiva v0.2.0-21-g785bfe1
Copyright (C) 2012-2014 Big Ladder Software
Web: www.bigladdersoftware.com

Starting Program: 2014-Nov-18 11:15:25.008894
Creating Domain...
  X Cells: 95
  Y Cells: 1
  Z Cells: 133
  Total Cells: 12635
Initializing Temperatures...
  2099-Jan-06 16:00:00
  2099-Jan-26 23:00:00
  2099-Feb-16 06:00:00
  2099-Mar-08 13:00:00
  2099-Mar-28 20:00:00
  2099-Apr-18 03:00:00
  2099-May-08 11:00:00
  2099-May-28 18:00:00
  2099-Jun-18 01:00:00
  2099-Jul-07 22:00:00
  2099-Jul-28 06:00:00
  2099-Aug-17 13:00:00
  2099-Sep-06 20:00:00
  2099-Sep-27 04:00:00
  2099-Oct-17 11:00:00
  2099-Nov-06 18:00:00
  2099-Nov-27 02:00:00
  2099-Dec-17 09:00:00
Beginning Simulation...
  2100-Jan-06 05:00:00 (1.4%)
  2100-Jan-24 18:00:00 (6.5%)
  2100-Feb-12 06:00:00 (11.6%)
  2100-Mar-02 18:00:00 (16.6%)
  2100-Mar-21 07:00:00 (21.7%)
  2100-Apr-08 20:00:00 (26.8%)
  2100-Apr-27 09:00:00 (31.9%)
  2100-May-15 22:00:00 (37%)
  2100-Jun-03 11:00:00 (42%)
  2100-Jun-22 00:00:00 (47.1%)
  2100-Jul-10 14:00:00 (52.2%)
  2100-Jul-29 03:00:00 (57.3%)
  2100-Aug-16 14:00:00 (62.4%)
  2100-Sep-04 03:00:00 (67.4%)
  2100-Sep-22 16:00:00 (72.5%)
  2100-Oct-11 05:00:00 (77.6%)
  2100-Oct-29 19:00:00 (82.7%)
  2100-Nov-17 08:00:00 (87.8%)
  2100-Dec-05 23:00:00 (92.9%)
  2100-Dec-24 14:00:00 (98%)
  2100-Dec-31 23:00:00 (100%)
Finished Program: 2014-Nov-18 11:16:03.398239
Elapsed Time: 00:00:38.389345
