instance.yaml
kiva v0.2.0-9-g526928a
Copyright (C) 2012-2014 Big Ladder Software
Web: www.bigladdersoftware.com

Starting Program: 2014-Oct-26 15:35:12.931708
Creating Domain...
  X Cells: 109
  Y Cells: 1
  Z Cells: 133
  Total Cells: 14497
Initializing Temperatures...
  2098-Nov-19 23:00:00
  2099-Jan-07 00:00:00
  2099-Jan-25 18:00:00
  2099-Feb-13 12:00:00
  2099-Mar-04 07:00:00
  2099-Mar-23 01:00:00
  2099-Apr-10 19:00:00
  2099-Apr-29 14:00:00
  2099-May-18 08:00:00
  2099-Jun-06 02:00:00
  2099-Jun-24 21:00:00
  2099-Jul-13 15:00:00
  2099-Aug-01 09:00:00
  2099-Aug-20 04:00:00
  2099-Sep-07 22:00:00
  2099-Sep-26 17:00:00
  2099-Oct-15 11:00:00
  2099-Nov-03 05:00:00
  2099-Nov-21 23:00:00
  2099-Dec-10 17:00:00
  2099-Dec-29 12:00:00
Beginning Simulation...
  2100-Jan-16 01:00:00 (4.1%)
  2100-Feb-02 10:00:00 (8.9%)
  2100-Feb-19 20:00:00 (13.7%)
  2100-Mar-09 05:00:00 (18.4%)
  2100-Mar-26 13:00:00 (23.2%)
  2100-Apr-12 23:00:00 (27.9%)
  2100-Apr-30 08:00:00 (32.7%)
  2100-May-17 17:00:00 (37.5%)
  2100-Jun-04 02:00:00 (42.2%)
  2100-Jun-21 10:00:00 (47%)
  2100-Jul-08 19:00:00 (51.7%)
  2100-Jul-26 04:00:00 (56.5%)
  2100-Aug-12 13:00:00 (61.2%)
  2100-Aug-29 22:00:00 (66%)
  2100-Sep-16 08:00:00 (70.8%)
  2100-Oct-03 17:00:00 (75.5%)
  2100-Oct-21 02:00:00 (80.3%)
  2100-Nov-07 11:00:00 (85.1%)
  2100-Nov-24 20:00:00 (89.8%)
  2100-Dec-12 05:00:00 (94.6%)
  2100-Dec-29 14:00:00 (99.3%)
  2100-Dec-31 23:00:00 (100%)
Finished Program: 2014-Oct-26 15:35:55.137799
Elapsed Time: 00:00:42.206091
