instance.yaml
kiva v0.2.0-21-g785bfe1
Copyright (C) 2012-2014 Big Ladder Software
Web: www.bigladdersoftware.com

Starting Program: 2014-Nov-18 11:16:24.984998
Creating Domain...
  X Cells: 275
  Y Cells: 1
  Z Cells: 132
  Total Cells: 36300
Initializing Temperatures...
  2098-Nov-19 23:00:00
  2099-Jan-03 17:00:00
  2099-Jan-10 06:00:00
  2099-Jan-16 19:00:00
  2099-Jan-23 08:00:00
  2099-Jan-29 20:00:00
  2099-Feb-05 09:00:00
  2099-Feb-11 22:00:00
  2099-Feb-18 11:00:00
  2099-Feb-25 00:00:00
  2099-Mar-03 13:00:00
  2099-Mar-10 02:00:00
  2099-Mar-16 15:00:00
  2099-Mar-23 04:00:00
  2099-Mar-29 17:00:00
  2099-Apr-05 06:00:00
  2099-Apr-11 19:00:00
  2099-Apr-18 08:00:00
  2099-Apr-24 21:00:00
  2099-May-01 10:00:00
  2099-May-07 23:00:00
  2099-May-14 12:00:00
  2099-May-21 01:00:00
  2099-May-27 14:00:00
  2099-Jun-03 03:00:00
  2099-Jun-09 17:00:00
  2099-Jun-16 06:00:00
  2099-Jun-22 19:00:00
  2099-Jun-29 08:00:00
  2099-Jul-05 21:00:00
  2099-Jul-12 10:00:00
  2099-Jul-18 23:00:00
  2099-Jul-25 12:00:00
  2099-Aug-01 01:00:00
  2099-Aug-07 14:00:00
  2099-Aug-14 03:00:00
  2099-Aug-20 16:00:00
  2099-Aug-27 05:00:00
  2099-Sep-02 18:00:00
  2099-Sep-09 07:00:00
  2099-Sep-15 20:00:00
  2099-Sep-22 09:00:00
  2099-Sep-28 22:00:00
  2099-Oct-05 11:00:00
  2099-Oct-12 00:00:00
  2099-Oct-18 13:00:00
  2099-Oct-25 02:00:00
  2099-Oct-31 14:00:00
  2099-Nov-07 03:00:00
  2099-Nov-13 15:00:00
  2099-Nov-20 02:00:00
  2099-Nov-26 15:00:00
  2099-Dec-03 03:00:00
  2099-Dec-09 16:00:00
  2099-Dec-16 04:00:00
  2099-Dec-22 16:00:00
  2099-Dec-29 05:00:00
Beginning Simulation...
  2100-Jan-04 12:00:00 (1%)
  2100-Jan-10 17:00:00 (2.7%)
  2100-Jan-16 22:00:00 (4.4%)
  2100-Jan-23 02:00:00 (6.1%)
  2100-Jan-29 07:00:00 (7.8%)
  2100-Feb-04 12:00:00 (9.5%)
  2100-Feb-10 16:00:00 (11.1%)
  2100-Feb-16 21:00:00 (12.8%)
  2100-Feb-23 02:00:00 (14.5%)
  2100-Mar-01 06:00:00 (16.2%)
  2100-Mar-07 11:00:00 (17.9%)
  2100-Mar-13 16:00:00 (19.6%)
  2100-Mar-19 20:00:00 (21.3%)
  2100-Mar-26 01:00:00 (23%)
  2100-Apr-01 06:00:00 (24.7%)
  2100-Apr-07 10:00:00 (26.4%)
  2100-Apr-13 15:00:00 (28.1%)
  2100-Apr-19 20:00:00 (29.8%)
  2100-Apr-26 00:00:00 (31.5%)
  2100-May-02 05:00:00 (33.2%)
  2100-May-08 10:00:00 (34.9%)
  2100-May-14 14:00:00 (36.6%)
  2100-May-20 19:00:00 (38.3%)
  2100-May-27 00:00:00 (40%)
  2100-Jun-02 04:00:00 (41.7%)
  2100-Jun-08 09:00:00 (43.4%)
  2100-Jun-14 14:00:00 (45.1%)
  2100-Jun-20 18:00:00 (46.8%)
  2100-Jun-26 23:00:00 (48.5%)
  2100-Jul-03 04:00:00 (50.2%)
  2100-Jul-09 08:00:00 (51.9%)
  2100-Jul-15 07:00:00 (53.5%)
  2100-Jul-21 12:00:00 (55.2%)
  2100-Jul-27 16:00:00 (56.9%)
  2100-Aug-02 21:00:00 (58.6%)
  2100-Aug-09 01:00:00 (60.3%)
  2100-Aug-15 06:00:00 (62%)
  2100-Aug-21 11:00:00 (63.7%)
  2100-Aug-27 15:00:00 (65.4%)
  2100-Sep-02 19:00:00 (67.1%)
  2100-Sep-09 00:00:00 (68.8%)
  2100-Sep-15 04:00:00 (70.5%)
  2100-Sep-21 09:00:00 (72.2%)
  2100-Sep-27 14:00:00 (73.9%)
  2100-Oct-03 18:00:00 (75.5%)
  2100-Oct-09 23:00:00 (77.2%)
  2100-Oct-16 04:00:00 (78.9%)
  2100-Oct-22 08:00:00 (80.6%)
  2100-Oct-28 13:00:00 (82.3%)
  2100-Nov-03 18:00:00 (84%)
  2100-Nov-09 22:00:00 (85.7%)
  2100-Nov-16 03:00:00 (87.4%)
  2100-Nov-22 08:00:00 (89.1%)
  2100-Nov-28 12:00:00 (90.8%)
  2100-Dec-04 17:00:00 (92.5%)
  2100-Dec-10 22:00:00 (94.2%)
  2100-Dec-17 02:00:00 (95.9%)
  2100-Dec-23 07:00:00 (97.6%)
  2100-Dec-29 12:00:00 (99.3%)
  2100-Dec-31 23:00:00 (100%)
Finished Program: 2014-Nov-18 11:18:21.401927
Elapsed Time: 00:01:56.416929
