instance.yaml
kiva v0.2.0-21-g785bfe1
Copyright (C) 2012-2014 Big Ladder Software
Web: www.bigladdersoftware.com

Starting Program: 2014-Nov-18 10:51:25.641490
Creating Domain...
  X Cells: 96
  Y Cells: 1
  Z Cells: 158
  Total Cells: 15168
Initializing Temperatures...
  2098-Oct-15 23:00:00
  2099-Jan-11 11:00:00
  2099-Jan-27 13:00:00
  2099-Feb-12 16:00:00
  2099-Feb-28 17:00:00
  2099-Mar-16 19:00:00
  2099-Apr-01 21:00:00
  2099-Apr-17 23:00:00
  2099-May-04 01:00:00
  2099-May-20 04:00:00
  2099-Jun-05 06:00:00
  2099-Jun-21 08:00:00
  2099-Jul-07 10:00:00
  2099-Jul-23 13:00:00
  2099-Aug-08 15:00:00
  2099-Aug-24 17:00:00
  2099-Sep-09 20:00:00
  2099-Sep-25 22:00:00
  2099-Oct-12 00:00:00
  2099-Oct-28 03:00:00
  2099-Nov-13 05:00:00
  2099-Nov-29 07:00:00
  2099-Dec-15 10:00:00
  2099-Dec-31 12:00:00
Beginning Simulation...
  2100-Jan-15 04:00:00 (3.9%)
  2100-Jan-29 20:00:00 (7.9%)
  2100-Feb-13 11:00:00 (11.9%)
  2100-Feb-28 03:00:00 (15.9%)
  2100-Mar-14 18:00:00 (19.9%)
  2100-Mar-29 09:00:00 (23.9%)
  2100-Apr-13 00:00:00 (27.9%)
  2100-Apr-27 15:00:00 (32%)
  2100-May-12 05:00:00 (35.9%)
  2100-May-26 20:00:00 (40%)
  2100-Jun-10 12:00:00 (44%)
  2100-Jun-25 03:00:00 (48%)
  2100-Jul-09 19:00:00 (52%)
  2100-Jul-24 10:00:00 (56%)
  2100-Aug-08 02:00:00 (60%)
  2100-Aug-22 18:00:00 (64%)
  2100-Sep-06 10:00:00 (68.1%)
  2100-Sep-21 01:00:00 (72.1%)
  2100-Oct-05 17:00:00 (76.1%)
  2100-Oct-20 09:00:00 (80.1%)
  2100-Nov-04 01:00:00 (84.1%)
  2100-Nov-18 19:00:00 (88.2%)
  2100-Dec-03 14:00:00 (92.2%)
  2100-Dec-18 09:00:00 (96.3%)
  2100-Dec-31 23:00:00 (100%)
Finished Program: 2014-Nov-18 10:52:13.922617
Elapsed Time: 00:00:48.281127
