instance.yaml
kiva v0.2.0-21-g785bfe1
Copyright (C) 2012-2014 Big Ladder Software
Web: www.bigladdersoftware.com

Starting Program: 2014-Nov-18 11:18:26.587371
Creating Domain...
  X Cells: 94
  Y Cells: 1
  Z Cells: 93
  Total Cells: 8742
Initializing Temperatures...
  2098-Dec-10 23:00:00
  2099-Jan-24 13:00:00
  2099-Feb-18 15:00:00
  2099-Mar-15 17:00:00
  2099-Apr-09 18:00:00
  2099-May-04 20:00:00
  2099-May-29 22:00:00
  2099-Jun-24 00:00:00
  2099-Jul-19 02:00:00
  2099-Aug-13 04:00:00
  2099-Sep-07 05:00:00
  2099-Oct-02 07:00:00
  2099-Oct-27 09:00:00
  2099-Nov-21 12:00:00
  2099-Dec-16 14:00:00
Beginning Simulation...
  2100-Jan-10 09:00:00 (2.6%)
  2100-Feb-03 18:00:00 (9.2%)
  2100-Feb-28 02:00:00 (15.9%)
  2100-Mar-24 10:00:00 (22.6%)
  2100-Apr-17 19:00:00 (29.3%)
  2100-May-12 03:00:00 (35.9%)
  2100-Jun-05 11:00:00 (42.6%)
  2100-Jun-29 23:00:00 (49.3%)
  2100-Jul-24 11:00:00 (56%)
  2100-Aug-17 23:00:00 (62.7%)
  2100-Sep-11 11:00:00 (69.4%)
  2100-Oct-05 23:00:00 (76.2%)
  2100-Oct-30 11:00:00 (82.9%)
  2100-Nov-23 23:00:00 (89.6%)
  2100-Dec-18 12:00:00 (96.3%)
  2100-Dec-31 23:00:00 (100%)
Finished Program: 2014-Nov-18 11:18:56.549898
Elapsed Time: 00:00:29.962527
