instance.yaml
kiva v0.2.0-9-g526928a
Copyright (C) 2012-2014 Big Ladder Software
Web: www.bigladdersoftware.com

Starting Program: 2014-Oct-26 15:53:31.403409
Creating Domain...
  X Cells: 90
  Y Cells: 1
  Z Cells: 158
  Total Cells: 14220
Initializing Temperatures...
  2098-Oct-22 23:00:00
  2099-Jan-04 13:00:00
  2099-Jan-21 14:00:00
  2099-Feb-09 09:00:00
  2099-Feb-28 05:00:00
  2099-Mar-19 00:00:00
  2099-Apr-06 20:00:00
  2099-Apr-25 15:00:00
  2099-May-14 11:00:00
  2099-Jun-02 06:00:00
  2099-Jun-21 00:00:00
  2099-Jul-09 22:00:00
  2099-Jul-28 20:00:00
  2099-Aug-16 19:00:00
  2099-Sep-04 16:00:00
  2099-Sep-23 15:00:00
  2099-Oct-12 13:00:00
  2099-Oct-31 12:00:00
  2099-Nov-19 11:00:00
  2099-Dec-08 09:00:00
  2099-Dec-27 08:00:00
Beginning Simulation...
  2100-Jan-13 23:00:00 (3.6%)
  2100-Jan-31 04:00:00 (8.3%)
  2100-Feb-17 09:00:00 (13%)
  2100-Mar-06 13:00:00 (17.7%)
  2100-Mar-23 18:00:00 (22.4%)
  2100-Apr-09 23:00:00 (27.1%)
  2100-Apr-27 04:00:00 (31.8%)
  2100-May-14 09:00:00 (36.5%)
  2100-May-31 13:00:00 (41.2%)
  2100-Jun-17 18:00:00 (46%)
  2100-Jul-04 22:00:00 (50.7%)
  2100-Jul-22 02:00:00 (55.4%)
  2100-Aug-08 04:00:00 (60%)
  2100-Aug-25 08:00:00 (64.7%)
  2100-Sep-11 12:00:00 (69.5%)
  2100-Sep-28 16:00:00 (74.2%)
  2100-Oct-15 20:00:00 (78.9%)
  2100-Nov-02 01:00:00 (83.6%)
  2100-Nov-19 06:00:00 (88.3%)
  2100-Dec-06 11:00:00 (93%)
  2100-Dec-23 16:00:00 (97.7%)
  2100-Dec-31 23:00:00 (100%)
Finished Program: 2014-Oct-26 15:54:13.484072
Elapsed Time: 00:00:42.080663
