instance.yaml
kiva v0.2.0-21-g785bfe1
Copyright (C) 2012-2014 Big Ladder Software
Web: www.bigladdersoftware.com

Starting Program: 2014-Nov-18 11:32:28.843946
Creating Domain...
  X Cells: 163
  Y Cells: 1
  Z Cells: 133
  Total Cells: 21679
Initializing Temperatures...
  2099-Jan-01 04:00:00
  2099-Jan-12 00:00:00
  2099-Jan-23 01:00:00
  2099-Feb-03 01:00:00
  2099-Feb-13 21:00:00
  2099-Feb-24 23:00:00
  2099-Mar-08 00:00:00
  2099-Mar-19 01:00:00
  2099-Mar-30 03:00:00
  2099-Apr-10 04:00:00
  2099-Apr-21 06:00:00
  2099-May-02 07:00:00
  2099-May-13 09:00:00
  2099-May-24 10:00:00
  2099-Jun-04 12:00:00
  2099-Jun-15 13:00:00
  2099-Jun-26 15:00:00
  2099-Jul-07 16:00:00
  2099-Jul-18 18:00:00
  2099-Jul-29 19:00:00
  2099-Aug-09 21:00:00
  2099-Aug-20 22:00:00
  2099-Sep-01 00:00:00
  2099-Sep-12 02:00:00
  2099-Sep-23 03:00:00
  2099-Oct-04 05:00:00
  2099-Oct-15 06:00:00
  2099-Oct-26 08:00:00
  2099-Nov-06 09:00:00
  2099-Nov-17 11:00:00
  2099-Nov-28 12:00:00
  2099-Dec-09 14:00:00
  2099-Dec-20 15:00:00
  2099-Dec-31 17:00:00
Beginning Simulation...
  2100-Jan-10 21:00:00 (2.7%)
  2100-Jan-21 01:00:00 (5.5%)
  2100-Jan-31 05:00:00 (8.3%)
  2100-Feb-10 09:00:00 (11.1%)
  2100-Feb-20 13:00:00 (13.8%)
  2100-Mar-02 17:00:00 (16.6%)
  2100-Mar-12 21:00:00 (19.4%)
  2100-Mar-23 01:00:00 (22.2%)
  2100-Apr-02 05:00:00 (25%)
  2100-Apr-12 09:00:00 (27.8%)
  2100-Apr-22 13:00:00 (30.6%)
  2100-May-02 17:00:00 (33.3%)
  2100-May-12 20:00:00 (36.1%)
  2100-May-23 00:00:00 (38.9%)
  2100-Jun-02 04:00:00 (41.7%)
  2100-Jun-12 08:00:00 (44.5%)
  2100-Jun-22 12:00:00 (47.3%)
  2100-Jul-02 16:00:00 (50%)
  2100-Jul-12 20:00:00 (52.8%)
  2100-Jul-23 00:00:00 (55.6%)
  2100-Aug-02 04:00:00 (58.4%)
  2100-Aug-12 08:00:00 (61.2%)
  2100-Aug-22 12:00:00 (64%)
  2100-Sep-01 16:00:00 (66.8%)
  2100-Sep-11 20:00:00 (69.5%)
  2100-Sep-22 00:00:00 (72.3%)
  2100-Oct-02 04:00:00 (75.1%)
  2100-Oct-12 08:00:00 (77.9%)
  2100-Oct-22 12:00:00 (80.7%)
  2100-Nov-01 17:00:00 (83.5%)
  2100-Nov-11 21:00:00 (86.3%)
  2100-Nov-22 01:00:00 (89.1%)
  2100-Dec-02 02:00:00 (91.8%)
  2100-Dec-12 06:00:00 (94.6%)
  2100-Dec-22 11:00:00 (97.4%)
  2100-Dec-31 23:00:00 (100%)
Finished Program: 2014-Nov-18 11:33:38.937143
Elapsed Time: 00:01:10.093197
