instance.yaml
kiva v0.2.0-21-g785bfe1
Copyright (C) 2012-2014 Big Ladder Software
Web: www.bigladdersoftware.com

Starting Program: 2014-Nov-18 11:29:28.853322
Creating Domain...
  X Cells: 128
  Y Cells: 1
  Z Cells: 96
  Total Cells: 12288
Initializing Temperatures...
  2099-Jan-10 14:00:00
  2099-Jan-28 01:00:00
  2099-Feb-14 12:00:00
  2099-Mar-03 23:00:00
  2099-Mar-21 09:00:00
  2099-Apr-07 20:00:00
  2099-Apr-25 07:00:00
  2099-May-12 18:00:00
  2099-May-30 05:00:00
  2099-Jun-16 16:00:00
  2099-Jul-04 03:00:00
  2099-Jul-21 14:00:00
  2099-Aug-08 01:00:00
  2099-Aug-25 12:00:00
  2099-Sep-11 22:00:00
  2099-Sep-29 09:00:00
  2099-Oct-16 20:00:00
  2099-Nov-03 07:00:00
  2099-Nov-20 18:00:00
  2099-Dec-08 05:00:00
  2099-Dec-25 16:00:00
Beginning Simulation...
  2100-Jan-11 22:00:00 (3%)
  2100-Jan-29 00:00:00 (7.7%)
  2100-Feb-15 03:00:00 (12.4%)
  2100-Mar-04 05:00:00 (17%)
  2100-Mar-21 08:00:00 (21.7%)
  2100-Apr-07 10:00:00 (26.4%)
  2100-Apr-24 13:00:00 (31.1%)
  2100-May-11 15:00:00 (35.8%)
  2100-May-28 18:00:00 (40.5%)
  2100-Jun-14 21:00:00 (45.2%)
  2100-Jul-01 23:00:00 (49.9%)
  2100-Jul-19 02:00:00 (54.5%)
  2100-Aug-05 04:00:00 (59.2%)
  2100-Aug-22 05:00:00 (63.9%)
  2100-Sep-08 07:00:00 (68.6%)
  2100-Sep-25 09:00:00 (73.3%)
  2100-Oct-12 12:00:00 (77.9%)
  2100-Oct-29 15:00:00 (82.6%)
  2100-Nov-15 17:00:00 (87.3%)
  2100-Dec-02 20:00:00 (92%)
  2100-Dec-19 22:00:00 (96.7%)
  2100-Dec-31 23:00:00 (100%)
Finished Program: 2014-Nov-18 11:30:11.703843
Elapsed Time: 00:00:42.850521
