instance.yaml
kiva v0.2.0-19-ge248292
Copyright (C) 2012-2014 Big Ladder Software
Web: www.bigladdersoftware.com

Starting Program: 2014-Nov-17 08:39:14.745949
Creating Domain...
  X Cells: 64
  Y Cells: 1
  Z Cells: 158
  Total Cells: 10112
Initializing Temperatures...
  2098-Oct-01 23:00:00
  2099-Jan-16 06:00:00
  2099-Feb-07 09:00:00
  2099-Mar-01 11:00:00
  2099-Mar-23 14:00:00
  2099-Apr-14 17:00:00
  2099-May-06 20:00:00
  2099-May-28 23:00:00
  2099-Jun-19 23:00:00
  2099-Jul-12 02:00:00
  2099-Aug-03 05:00:00
  2099-Aug-25 08:00:00
  2099-Sep-16 11:00:00
  2099-Oct-08 14:00:00
  2099-Oct-30 17:00:00
  2099-Nov-21 23:00:00
  2099-Dec-14 06:00:00
Beginning Simulation...
  2100-Jan-04 23:00:00 (1.1%)
  2100-Jan-24 04:00:00 (6.3%)
  2100-Feb-12 10:00:00 (11.6%)
  2100-Mar-03 16:00:00 (16.9%)
  2100-Mar-22 21:00:00 (22.2%)
  2100-Apr-11 03:00:00 (27.4%)
  2100-Apr-30 09:00:00 (32.7%)
  2100-May-19 15:00:00 (38%)
  2100-Jun-07 21:00:00 (43.3%)
  2100-Jun-26 23:00:00 (48.5%)
  2100-Jul-16 05:00:00 (53.8%)
  2100-Aug-04 11:00:00 (59%)
  2100-Aug-23 16:00:00 (64.3%)
  2100-Sep-11 21:00:00 (69.6%)
  2100-Oct-01 03:00:00 (74.8%)
  2100-Oct-20 09:00:00 (80.1%)
  2100-Nov-08 15:00:00 (85.4%)
  2100-Nov-27 21:00:00 (90.7%)
  2100-Dec-17 01:00:00 (95.9%)
  2100-Dec-31 23:00:00 (100%)
Finished Program: 2014-Nov-17 08:39:50.777346
Elapsed Time: 00:00:36.031397
