instance.yaml
kiva v0.2.0-9-g526928a
Copyright (C) 2012-2014 Big Ladder Software
Web: www.bigladdersoftware.com

Starting Program: 2014-Nov-15 11:51:46.373297
Creating Domain...
  X Cells: 174
  Y Cells: 1
  Z Cells: 158
  Total Cells: 27492
Initializing Temperatures...
  2098-Nov-05 23:00:00
  2099-Jan-05 04:00:00
  2099-Jan-13 14:00:00
  2099-Jan-22 01:00:00
  2099-Jan-30 11:00:00
  2099-Feb-07 21:00:00
  2099-Feb-16 07:00:00
  2099-Feb-24 17:00:00
  2099-Mar-05 03:00:00
  2099-Mar-13 13:00:00
  2099-Mar-21 23:00:00
  2099-Mar-30 10:00:00
  2099-Apr-07 20:00:00
  2099-Apr-16 06:00:00
  2099-Apr-24 16:00:00
  2099-May-03 03:00:00
  2099-May-11 13:00:00
  2099-May-19 23:00:00
  2099-May-28 10:00:00
  2099-Jun-05 20:00:00
  2099-Jun-14 06:00:00
  2099-Jun-22 16:00:00
  2099-Jul-01 03:00:00
  2099-Jul-09 13:00:00
  2099-Jul-18 00:00:00
  2099-Jul-26 10:00:00
  2099-Aug-03 20:00:00
  2099-Aug-12 07:00:00
  2099-Aug-20 17:00:00
  2099-Aug-29 03:00:00
  2099-Sep-06 14:00:00
  2099-Sep-15 00:00:00
  2099-Sep-23 11:00:00
  2099-Oct-01 21:00:00
  2099-Oct-10 07:00:00
  2099-Oct-18 18:00:00
  2099-Oct-27 04:00:00
  2099-Nov-04 14:00:00
  2099-Nov-13 01:00:00
  2099-Nov-21 11:00:00
  2099-Nov-29 21:00:00
  2099-Dec-08 08:00:00
  2099-Dec-16 17:00:00
  2099-Dec-25 03:00:00
Beginning Simulation...
  2100-Jan-02 10:00:00 (0.4%)
  2100-Jan-10 02:00:00 (2.5%)
  2100-Jan-17 17:00:00 (4.6%)
  2100-Jan-25 09:00:00 (6.7%)
  2100-Feb-02 01:00:00 (8.8%)
  2100-Feb-09 17:00:00 (10.9%)
  2100-Feb-17 09:00:00 (13%)
  2100-Feb-25 01:00:00 (15.1%)
  2100-Mar-04 16:00:00 (17.2%)
  2100-Mar-12 08:00:00 (19.3%)
  2100-Mar-20 00:00:00 (21.4%)
  2100-Mar-27 08:00:00 (23.4%)
  2100-Apr-04 00:00:00 (25.5%)
  2100-Apr-11 15:00:00 (27.6%)
  2100-Apr-19 07:00:00 (29.7%)
  2100-Apr-26 23:00:00 (31.8%)
  2100-May-04 15:00:00 (33.9%)
  2100-May-12 07:00:00 (36%)
  2100-May-19 23:00:00 (38.1%)
  2100-May-27 15:00:00 (40.2%)
  2100-Jun-04 07:00:00 (42.3%)
  2100-Jun-11 23:00:00 (44.4%)
  2100-Jun-19 15:00:00 (46.5%)
  2100-Jun-27 10:00:00 (48.6%)
  2100-Jul-05 07:00:00 (50.8%)
  2100-Jul-13 04:00:00 (52.9%)
  2100-Jul-21 02:00:00 (55.1%)
  2100-Jul-28 23:00:00 (57.2%)
  2100-Aug-05 20:00:00 (59.4%)
  2100-Aug-13 18:00:00 (61.6%)
  2100-Aug-21 15:00:00 (63.7%)
  2100-Aug-29 13:00:00 (65.9%)
  2100-Sep-06 10:00:00 (68.1%)
  2100-Sep-14 08:00:00 (70.2%)
  2100-Sep-22 04:00:00 (72.4%)
  2100-Sep-30 01:00:00 (74.5%)
  2100-Oct-07 23:00:00 (76.7%)
  2100-Oct-15 21:00:00 (78.9%)
  2100-Oct-23 18:00:00 (81%)
  2100-Oct-31 16:00:00 (83.2%)
  2100-Nov-08 13:00:00 (85.4%)
  2100-Nov-16 11:00:00 (87.5%)
  2100-Nov-24 08:00:00 (89.7%)
  2100-Dec-02 04:00:00 (91.8%)
  2100-Dec-10 02:00:00 (94%)
  2100-Dec-17 23:00:00 (96.2%)
  2100-Dec-25 21:00:00 (98.3%)
  2100-Dec-31 23:00:00 (100%)
Finished Program: 2014-Nov-15 11:53:17.776746
Elapsed Time: 00:01:31.403449
