instance.yaml
kiva v0.2.0-22-gd89b213
Copyright (C) 2012-2014 Big Ladder Software
Web: www.bigladdersoftware.com

Starting Program: 2014-Nov-19 10:35:45.626109
Creating Domain...
  X Cells: 181
  Y Cells: 1
  Z Cells: 133
  Total Cells: 24073
Initializing Temperatures...
  2098-Oct-01 23:00:00
  2099-Jan-03 16:00:00
  2099-Jan-13 12:00:00
  2099-Jan-23 07:00:00
  2099-Feb-02 03:00:00
  2099-Feb-11 22:00:00
  2099-Feb-21 18:00:00
  2099-Mar-03 14:00:00
  2099-Mar-13 10:00:00
  2099-Mar-23 05:00:00
  2099-Apr-02 01:00:00
  2099-Apr-11 21:00:00
  2099-Apr-21 16:00:00
  2099-May-01 12:00:00
  2099-May-11 08:00:00
  2099-May-21 04:00:00
  2099-May-30 23:00:00
  2099-Jun-09 19:00:00
  2099-Jun-19 15:00:00
  2099-Jun-29 11:00:00
  2099-Jul-09 06:00:00
  2099-Jul-19 02:00:00
  2099-Jul-28 22:00:00
  2099-Aug-07 18:00:00
  2099-Aug-17 13:00:00
  2099-Aug-27 09:00:00
  2099-Sep-06 05:00:00
  2099-Sep-16 01:00:00
  2099-Sep-25 20:00:00
  2099-Oct-05 17:00:00
  2099-Oct-15 13:00:00
  2099-Oct-25 09:00:00
  2099-Nov-04 05:00:00
  2099-Nov-14 01:00:00
  2099-Nov-23 21:00:00
  2099-Dec-03 18:00:00
  2099-Dec-13 14:00:00
  2099-Dec-23 10:00:00
Beginning Simulation...
  2100-Jan-02 03:00:00 (0.3%)
  2100-Jan-11 04:00:00 (2.8%)
  2100-Jan-20 05:00:00 (5.3%)
  2100-Jan-29 06:00:00 (7.7%)
  2100-Feb-07 06:00:00 (10.2%)
  2100-Feb-16 07:00:00 (12.7%)
  2100-Feb-25 08:00:00 (15.2%)
  2100-Mar-06 09:00:00 (17.6%)
  2100-Mar-15 09:00:00 (20.1%)
  2100-Mar-24 10:00:00 (22.6%)
  2100-Apr-02 11:00:00 (25.1%)
  2100-Apr-11 12:00:00 (27.5%)
  2100-Apr-20 13:00:00 (30%)
  2100-Apr-29 13:00:00 (32.5%)
  2100-May-08 14:00:00 (35%)
  2100-May-17 15:00:00 (37.4%)
  2100-May-26 15:00:00 (39.9%)
  2100-Jun-04 16:00:00 (42.4%)
  2100-Jun-13 17:00:00 (44.9%)
  2100-Jun-22 18:00:00 (47.3%)
  2100-Jul-01 18:00:00 (49.8%)
  2100-Jul-10 19:00:00 (52.3%)
  2100-Jul-19 20:00:00 (54.7%)
  2100-Jul-28 21:00:00 (57.2%)
  2100-Aug-06 22:00:00 (59.7%)
  2100-Aug-15 23:00:00 (62.2%)
  2100-Aug-25 00:00:00 (64.7%)
  2100-Sep-03 01:00:00 (67.1%)
  2100-Sep-12 01:00:00 (69.6%)
  2100-Sep-21 02:00:00 (72.1%)
  2100-Sep-30 03:00:00 (74.6%)
  2100-Oct-09 04:00:00 (77%)
  2100-Oct-18 05:00:00 (79.5%)
  2100-Oct-27 06:00:00 (82%)
  2100-Nov-05 06:00:00 (84.5%)
  2100-Nov-14 06:00:00 (86.9%)
  2100-Nov-23 07:00:00 (89.4%)
  2100-Dec-02 08:00:00 (91.9%)
  2100-Dec-11 08:00:00 (94.3%)
  2100-Dec-20 09:00:00 (96.8%)
  2100-Dec-29 10:00:00 (99.3%)
  2100-Dec-31 23:00:00 (100%)
Finished Program: 2014-Nov-19 10:37:04.285524
Elapsed Time: 00:01:18.659415
