instance.yaml
kiva v0.2.0-19-ge248292
Copyright (C) 2012-2014 Big Ladder Software
Web: www.bigladdersoftware.com

Starting Program: 2014-Nov-17 08:45:15.324594
Creating Domain...
  X Cells: 100
  Y Cells: 1
  Z Cells: 125
  Total Cells: 12500
Initializing Temperatures...
  2099-Jan-02 07:00:00
  2099-Jan-22 08:00:00
  2099-Feb-11 10:00:00
  2099-Mar-03 11:00:00
  2099-Mar-23 12:00:00
  2099-Apr-12 13:00:00
  2099-May-02 14:00:00
  2099-May-22 15:00:00
  2099-Jun-11 17:00:00
  2099-Jul-01 18:00:00
  2099-Jul-21 18:00:00
  2099-Aug-10 20:00:00
  2099-Aug-30 21:00:00
  2099-Sep-19 23:00:00
  2099-Oct-10 01:00:00
  2099-Oct-30 02:00:00
  2099-Nov-19 03:00:00
  2099-Dec-09 05:00:00
  2099-Dec-29 06:00:00
Beginning Simulation...
  2100-Jan-16 23:00:00 (4.4%)
  2100-Feb-04 11:00:00 (9.4%)
  2100-Feb-22 23:00:00 (14.5%)
  2100-Mar-13 11:00:00 (19.6%)
  2100-Mar-31 22:00:00 (24.6%)
  2100-Apr-19 10:00:00 (29.7%)
  2100-May-07 22:00:00 (34.8%)
  2100-May-26 13:00:00 (39.9%)
  2100-Jun-14 08:00:00 (45%)
  2100-Jul-03 02:00:00 (50.2%)
  2100-Jul-21 20:00:00 (55.3%)
  2100-Aug-09 14:00:00 (60.4%)
  2100-Aug-28 09:00:00 (65.6%)
  2100-Sep-16 01:00:00 (70.7%)
  2100-Oct-04 19:00:00 (75.8%)
  2100-Oct-23 15:00:00 (81%)
  2100-Nov-11 10:00:00 (86.1%)
  2100-Nov-30 04:00:00 (91.3%)
  2100-Dec-18 22:00:00 (96.4%)
  2100-Dec-31 23:00:00 (100%)
Finished Program: 2014-Nov-17 08:45:53.695370
Elapsed Time: 00:00:38.370776
