instance.yaml
kiva v0.2.0-9-g526928a
Copyright (C) 2012-2014 Big Ladder Software
Web: www.bigladdersoftware.com

Starting Program: 2014-Oct-19 03:30:32.444695
Creating Domain...
  X Cells: 94
  Y Cells: 1
  Z Cells: 93
  Total Cells: 8742
Initializing Temperatures...
  2098-Oct-29 23:00:00
  2099-Jan-19 07:00:00
  2099-Feb-17 10:00:00
  2099-Mar-18 13:00:00
  2099-Apr-16 16:00:00
  2099-May-15 19:00:00
  2099-Jun-13 22:00:00
  2099-Jul-13 01:00:00
  2099-Aug-11 04:00:00
  2099-Sep-09 07:00:00
  2099-Oct-08 10:00:00
  2099-Nov-06 13:00:00
  2099-Dec-05 16:00:00
Beginning Simulation...
  2100-Jan-03 17:00:00 (0.7%)
  2100-Feb-01 00:00:00 (8.5%)
  2100-Mar-01 06:00:00 (16.2%)
  2100-Mar-29 12:00:00 (24%)
  2100-Apr-26 19:00:00 (31.7%)
  2100-May-25 02:00:00 (39.5%)
  2100-Jun-22 09:00:00 (47.2%)
  2100-Jul-20 16:00:00 (55%)
  2100-Aug-17 21:00:00 (62.7%)
  2100-Sep-15 04:00:00 (70.5%)
  2100-Oct-13 11:00:00 (78.2%)
  2100-Nov-10 18:00:00 (86%)
  2100-Dec-09 01:00:00 (93.7%)
  2100-Dec-31 23:00:00 (100%)
Finished Program: 2014-Oct-19 03:30:58.811217
Elapsed Time: 00:00:26.366522
