instance.yaml
kiva v0.2.0-21-g785bfe1
Copyright (C) 2012-2014 Big Ladder Software
Web: www.bigladdersoftware.com

Starting Program: 2014-Nov-18 11:16:25.161997
Creating Domain...
  X Cells: 192
  Y Cells: 1
  Z Cells: 125
  Total Cells: 24000
Initializing Temperatures...
  2098-Dec-17 23:00:00
  2099-Jan-09 17:00:00
  2099-Jan-19 14:00:00
  2099-Jan-29 10:00:00
  2099-Feb-08 07:00:00
  2099-Feb-18 03:00:00
  2099-Feb-28 00:00:00
  2099-Mar-09 21:00:00
  2099-Mar-19 18:00:00
  2099-Mar-29 14:00:00
  2099-Apr-08 11:00:00
  2099-Apr-18 08:00:00
  2099-Apr-28 05:00:00
  2099-May-08 01:00:00
  2099-May-17 22:00:00
  2099-May-27 19:00:00
  2099-Jun-06 16:00:00
  2099-Jun-16 13:00:00
  2099-Jun-26 09:00:00
  2099-Jul-06 06:00:00
  2099-Jul-16 03:00:00
  2099-Jul-26 00:00:00
  2099-Aug-04 21:00:00
  2099-Aug-14 18:00:00
  2099-Aug-24 14:00:00
  2099-Sep-03 11:00:00
  2099-Sep-13 08:00:00
  2099-Sep-23 05:00:00
  2099-Oct-03 02:00:00
  2099-Oct-12 23:00:00
  2099-Oct-22 20:00:00
  2099-Nov-01 17:00:00
  2099-Nov-11 13:00:00
  2099-Nov-21 10:00:00
  2099-Dec-01 07:00:00
  2099-Dec-11 04:00:00
  2099-Dec-21 01:00:00
  2099-Dec-30 22:00:00
Beginning Simulation...
  2100-Jan-09 05:00:00 (2.2%)
  2100-Jan-18 10:00:00 (4.8%)
  2100-Jan-27 15:00:00 (7.3%)
  2100-Feb-05 20:00:00 (9.8%)
  2100-Feb-15 01:00:00 (12.3%)
  2100-Feb-24 07:00:00 (14.9%)
  2100-Mar-05 12:00:00 (17.4%)
  2100-Mar-14 17:00:00 (19.9%)
  2100-Mar-23 22:00:00 (22.4%)
  2100-Apr-02 03:00:00 (25%)
  2100-Apr-11 09:00:00 (27.5%)
  2100-Apr-20 14:00:00 (30%)
  2100-Apr-29 19:00:00 (32.5%)
  2100-May-09 00:00:00 (35.1%)
  2100-May-18 05:00:00 (37.6%)
  2100-May-27 10:00:00 (40.1%)
  2100-Jun-05 15:00:00 (42.6%)
  2100-Jun-14 21:00:00 (45.2%)
  2100-Jun-24 02:00:00 (47.7%)
  2100-Jul-03 07:00:00 (50.2%)
  2100-Jul-12 13:00:00 (52.8%)
  2100-Jul-21 18:00:00 (55.3%)
  2100-Jul-30 23:00:00 (57.8%)
  2100-Aug-09 04:00:00 (60.3%)
  2100-Aug-18 09:00:00 (62.8%)
  2100-Aug-27 15:00:00 (65.4%)
  2100-Sep-05 20:00:00 (67.9%)
  2100-Sep-15 01:00:00 (70.4%)
  2100-Sep-24 07:00:00 (73%)
  2100-Oct-03 12:00:00 (75.5%)
  2100-Oct-12 17:00:00 (78%)
  2100-Oct-21 23:00:00 (80.5%)
  2100-Oct-31 02:00:00 (83%)
  2100-Nov-09 08:00:00 (85.6%)
  2100-Nov-18 14:00:00 (88.1%)
  2100-Nov-27 21:00:00 (90.7%)
  2100-Dec-07 03:00:00 (93.2%)
  2100-Dec-16 09:00:00 (95.7%)
  2100-Dec-25 15:00:00 (98.3%)
  2100-Dec-31 23:00:00 (100%)
Finished Program: 2014-Nov-18 11:17:42.685285
Elapsed Time: 00:01:17.523288
