instance.yaml
kiva v0.2.0-21-g785bfe1
Copyright (C) 2012-2014 Big Ladder Software
Web: www.bigladdersoftware.com

Starting Program: 2014-Nov-18 11:28:28.353092
Creating Domain...
  X Cells: 254
  Y Cells: 1
  Z Cells: 127
  Total Cells: 32258
Initializing Temperatures...
  2098-Nov-05 23:00:00
  2099-Jan-03 19:00:00
  2099-Jan-11 15:00:00
  2099-Jan-19 12:00:00
  2099-Jan-27 08:00:00
  2099-Feb-04 04:00:00
  2099-Feb-12 01:00:00
  2099-Feb-19 21:00:00
  2099-Feb-27 18:00:00
  2099-Mar-07 14:00:00
  2099-Mar-15 10:00:00
  2099-Mar-23 07:00:00
  2099-Mar-31 03:00:00
  2099-Apr-07 23:00:00
  2099-Apr-15 20:00:00
  2099-Apr-23 16:00:00
  2099-May-01 13:00:00
  2099-May-09 09:00:00
  2099-May-17 06:00:00
  2099-May-25 02:00:00
  2099-Jun-01 23:00:00
  2099-Jun-09 19:00:00
  2099-Jun-17 16:00:00
  2099-Jun-25 12:00:00
  2099-Jul-03 09:00:00
  2099-Jul-11 05:00:00
  2099-Jul-19 01:00:00
  2099-Jul-26 22:00:00
  2099-Aug-03 18:00:00
  2099-Aug-11 14:00:00
  2099-Aug-19 10:00:00
  2099-Aug-27 06:00:00
  2099-Sep-04 03:00:00
  2099-Sep-11 23:00:00
  2099-Sep-19 20:00:00
  2099-Sep-27 16:00:00
  2099-Oct-05 13:00:00
  2099-Oct-13 09:00:00
  2099-Oct-21 06:00:00
  2099-Oct-29 02:00:00
  2099-Nov-05 23:00:00
  2099-Nov-13 19:00:00
  2099-Nov-21 16:00:00
  2099-Nov-29 12:00:00
  2099-Dec-07 09:00:00
  2099-Dec-15 05:00:00
  2099-Dec-23 02:00:00
  2099-Dec-30 22:00:00
Beginning Simulation...
  2100-Jan-07 08:00:00 (1.7%)
  2100-Jan-14 17:00:00 (3.8%)
  2100-Jan-22 01:00:00 (5.8%)
  2100-Jan-29 09:00:00 (7.8%)
  2100-Feb-05 15:00:00 (9.8%)
  2100-Feb-12 22:00:00 (11.8%)
  2100-Feb-20 04:00:00 (13.7%)
  2100-Feb-27 11:00:00 (15.7%)
  2100-Mar-06 17:00:00 (17.7%)
  2100-Mar-13 23:00:00 (19.7%)
  2100-Mar-21 06:00:00 (21.7%)
  2100-Mar-28 12:00:00 (23.7%)
  2100-Apr-04 19:00:00 (25.7%)
  2100-Apr-12 01:00:00 (27.7%)
  2100-Apr-19 08:00:00 (29.7%)
  2100-Apr-26 14:00:00 (31.7%)
  2100-May-03 21:00:00 (33.7%)
  2100-May-11 03:00:00 (35.7%)
  2100-May-18 10:00:00 (37.6%)
  2100-May-25 16:00:00 (39.6%)
  2100-Jun-01 23:00:00 (41.6%)
  2100-Jun-09 05:00:00 (43.6%)
  2100-Jun-16 12:00:00 (45.6%)
  2100-Jun-23 18:00:00 (47.6%)
  2100-Jul-01 01:00:00 (49.6%)
  2100-Jul-08 07:00:00 (51.6%)
  2100-Jul-15 14:00:00 (53.6%)
  2100-Jul-22 19:00:00 (55.6%)
  2100-Jul-30 02:00:00 (57.6%)
  2100-Aug-06 08:00:00 (59.5%)
  2100-Aug-13 14:00:00 (61.5%)
  2100-Aug-20 21:00:00 (63.5%)
  2100-Aug-28 03:00:00 (65.5%)
  2100-Sep-04 10:00:00 (67.5%)
  2100-Sep-11 16:00:00 (69.5%)
  2100-Sep-18 23:00:00 (71.5%)
  2100-Sep-26 05:00:00 (73.5%)
  2100-Oct-03 12:00:00 (75.5%)
  2100-Oct-10 18:00:00 (77.5%)
  2100-Oct-18 01:00:00 (79.5%)
  2100-Oct-25 07:00:00 (81.4%)
  2100-Nov-01 14:00:00 (83.4%)
  2100-Nov-08 21:00:00 (85.4%)
  2100-Nov-16 03:00:00 (87.4%)
  2100-Nov-23 10:00:00 (89.4%)
  2100-Nov-30 16:00:00 (91.4%)
  2100-Dec-07 23:00:00 (93.4%)
  2100-Dec-15 05:00:00 (95.4%)
  2100-Dec-22 12:00:00 (97.4%)
  2100-Dec-29 18:00:00 (99.4%)
  2100-Dec-31 23:00:00 (100%)
Finished Program: 2014-Nov-18 11:30:06.305363
Elapsed Time: 00:01:37.952271
