instance.yaml
kiva v0.2.0-19-ge248292
Copyright (C) 2012-2014 Big Ladder Software
Web: www.bigladdersoftware.com

Starting Program: 2014-Nov-17 08:45:16.471935
Creating Domain...
  X Cells: 100
  Y Cells: 1
  Z Cells: 133
  Total Cells: 13300
Initializing Temperatures...
Warning: Solution did not converge after 1026 iterations.
  The final residual was: 2.0926e-06
  Solver status: 2
  2098-Nov-19 23:00:00
  2099-Jan-16 01:00:00
  2099-Feb-03 07:00:00
  2099-Feb-21 13:00:00
  2099-Mar-11 09:00:00
  2099-Mar-29 15:00:00
  2099-Apr-16 22:00:00
  2099-May-05 04:00:00
  2099-May-23 10:00:00
  2099-Jun-10 17:00:00
  2099-Jun-28 23:00:00
  2099-Jul-17 05:00:00
  2099-Aug-04 12:00:00
  2099-Aug-22 18:00:00
  2099-Sep-10 01:00:00
  2099-Sep-28 07:00:00
  2099-Oct-16 14:00:00
  2099-Nov-03 20:00:00
  2099-Nov-22 02:00:00
  2099-Dec-10 09:00:00
  2099-Dec-28 15:00:00
Beginning Simulation...
  2100-Jan-14 17:00:00 (3.8%)
  2100-Jan-31 13:00:00 (8.4%)
  2100-Feb-17 08:00:00 (13%)
  2100-Mar-06 03:00:00 (17.6%)
  2100-Mar-23 00:00:00 (22.2%)
  2100-Apr-08 20:00:00 (26.8%)
  2100-Apr-25 16:00:00 (31.4%)
  2100-May-12 13:00:00 (36%)
  2100-May-29 10:00:00 (40.7%)
  2100-Jun-15 07:00:00 (45.3%)
  2100-Jul-02 03:00:00 (49.9%)
  2100-Jul-18 22:00:00 (54.5%)
  2100-Aug-04 19:00:00 (59.1%)
  2100-Aug-21 16:00:00 (63.7%)
  2100-Sep-07 13:00:00 (68.4%)
  2100-Sep-24 10:00:00 (73%)
  2100-Oct-11 07:00:00 (77.6%)
  2100-Oct-28 04:00:00 (82.2%)
  2100-Nov-14 01:00:00 (86.9%)
  2100-Nov-30 22:00:00 (91.5%)
  2100-Dec-17 19:00:00 (96.1%)
  2100-Dec-31 23:00:00 (100%)
Finished Program: 2014-Nov-17 08:45:58.862177
Elapsed Time: 00:00:42.390242
