instance.yaml
kiva v0.2.0-19-ge248292
Copyright (C) 2012-2014 Big Ladder Software
Web: www.bigladdersoftware.com

Starting Program: 2014-Nov-17 08:41:14.008019
Creating Domain...
  X Cells: 71
  Y Cells: 1
  Z Cells: 103
  Total Cells: 7313
Initializing Temperatures...
lis_matrix.c(685) : lis_matrix_set_value : error ILL_ARG :i(=0) or j(=-1) are less than 0
lis_matrix.c(685) : lis_matrix_set_value : error ILL_ARG :i(=0) or j(=-71) are less than 0
lis_matrix.c(685) : lis_matrix_set_value : error ILL_ARG :i(=1) or j(=-70) are less than 0
lis_matrix.c(685) : lis_matrix_set_value : error ILL_ARG :i(=2) or j(=-69) are less than 0
lis_matrix.c(685) : lis_matrix_set_value : error ILL_ARG :i(=3) or j(=-68) are less than 0
lis_matrix.c(685) : lis_matrix_set_value : error ILL_ARG :i(=4) or j(=-67) are less than 0
lis_matrix.c(685) : lis_matrix_set_value : error ILL_ARG :i(=5) or j(=-66) are less than 0
lis_matrix.c(685) : lis_matrix_set_value : error ILL_ARG :i(=6) or j(=-65) are less than 0
lis_matrix.c(685) : lis_matrix_set_value : error ILL_ARG :i(=7) or j(=-64) are less than 0
lis_matrix.c(685) : lis_matrix_set_value : error ILL_ARG :i(=8) or j(=-63) are less than 0
lis_matrix.c(685) : lis_matrix_set_value : error ILL_ARG :i(=9) or j(=-62) are less than 0
Warning: Solution did not converge after 100001 iterations.
  The final residual was: nan
  Solver status: 4
  2098-Oct-01 23:00:00
lis_matrix.c(685) : lis_matrix_set_value : error ILL_ARG :i(=0) or j(=-1) are less than 0
lis_matrix.c(685) : lis_matrix_set_value : error ILL_ARG :i(=0) or j(=-71) are less than 0
lis_matrix.c(685) : lis_matrix_set_value : error ILL_ARG :i(=1) or j(=-70) are less than 0
lis_matrix.c(685) : lis_matrix_set_value : error ILL_ARG :i(=2) or j(=-69) are less than 0
lis_matrix.c(685) : lis_matrix_set_value : error ILL_ARG :i(=3) or j(=-68) are less than 0
lis_matrix.c(685) : lis_matrix_set_value : error ILL_ARG :i(=4) or j(=-67) are less than 0
lis_matrix.c(685) : lis_matrix_set_value : error ILL_ARG :i(=5) or j(=-66) are less than 0
lis_matrix.c(685) : lis_matrix_set_value : error ILL_ARG :i(=6) or j(=-65) are less than 0
lis_matrix.c(685) : lis_matrix_set_value : error ILL_ARG :i(=7) or j(=-64) are less than 0
lis_matrix.c(685) : lis_matrix_set_value : error ILL_ARG :i(=8) or j(=-63) are less than 0
lis_matrix.c(685) : lis_matrix_set_value : error ILL_ARG :i(=9) or j(=-62) are less than 0
Warning: Solution did not converge after 100001 iterations.
  The final residual was: -nan
  Solver status: 4
  2098-Oct-08 23:00:00
lis_matrix.c(685) : lis_matrix_set_value : error ILL_ARG :i(=0) or j(=-1) are less than 0
lis_matrix.c(685) : lis_matrix_set_value : error ILL_ARG :i(=0) or j(=-71) are less than 0
lis_matrix.c(685) : lis_matrix_set_value : error ILL_ARG :i(=1) or j(=-70) are less than 0
lis_matrix.c(685) : lis_matrix_set_value : error ILL_ARG :i(=2) or j(=-69) are less than 0
lis_matrix.c(685) : lis_matrix_set_value : error ILL_ARG :i(=3) or j(=-68) are less than 0
lis_matrix.c(685) : lis_matrix_set_value : error ILL_ARG :i(=4) or j(=-67) are less than 0
lis_matrix.c(685) : lis_matrix_set_value : error ILL_ARG :i(=5) or j(=-66) are less than 0
lis_matrix.c(685) : lis_matrix_set_value : error ILL_ARG :i(=6) or j(=-65) are less than 0
lis_matrix.c(685) : lis_matrix_set_value : error ILL_ARG :i(=7) or j(=-64) are less than 0
lis_matrix.c(685) : lis_matrix_set_value : error ILL_ARG :i(=8) or j(=-63) are less than 0
lis_matrix.c(685) : lis_matrix_set_value : error ILL_ARG :i(=9) or j(=-62) are less than 0
Warning: Solution did not converge after 100001 iterations.
  The final residual was: -nan
  Solver status: 4
  2098-Oct-15 23:00:00
lis_matrix.c(685) : lis_matrix_set_value : error ILL_ARG :i(=0) or j(=-1) are less than 0
lis_matrix.c(685) : lis_matrix_set_value : error ILL_ARG :i(=0) or j(=-71) are less than 0
lis_matrix.c(685) : lis_matrix_set_value : error ILL_ARG :i(=1) or j(=-70) are less than 0
lis_matrix.c(685) : lis_matrix_set_value : error ILL_ARG :i(=2) or j(=-69) are less than 0
lis_matrix.c(685) : lis_matrix_set_value : error ILL_ARG :i(=3) or j(=-68) are less than 0
lis_matrix.c(685) : lis_matrix_set_value : error ILL_ARG :i(=4) or j(=-67) are less than 0
lis_matrix.c(685) : lis_matrix_set_value : error ILL_ARG :i(=5) or j(=-66) are less than 0
lis_matrix.c(685) : lis_matrix_set_value : error ILL_ARG :i(=6) or j(=-65) are less than 0
lis_matrix.c(685) : lis_matrix_set_value : error ILL_ARG :i(=7) or j(=-64) are less than 0
lis_matrix.c(685) : lis_matrix_set_value : error ILL_ARG :i(=8) or j(=-63) are less than 0
lis_matrix.c(685) : lis_matrix_set_value : error ILL_ARG :i(=9) or j(=-62) are less than 0
Warning: Solution did not converge after 100001 iterations.
  The final residual was: -nan
  Solver status: 4
  2098-Oct-22 23:00:00
lis_matrix.c(685) : lis_matrix_set_value : error ILL_ARG :i(=0) or j(=-1) are less than 0
lis_matrix.c(685) : lis_matrix_set_value : error ILL_ARG :i(=0) or j(=-71) are less than 0
lis_matrix.c(685) : lis_matrix_set_value : error ILL_ARG :i(=1) or j(=-70) are less than 0
lis_matrix.c(685) : lis_matrix_set_value : error ILL_ARG :i(=2) or j(=-69) are less than 0
lis_matrix.c(685) : lis_matrix_set_value : error ILL_ARG :i(=3) or j(=-68) are less than 0
lis_matrix.c(685) : lis_matrix_set_value : error ILL_ARG :i(=4) or j(=-67) are less than 0
lis_matrix.c(685) : lis_matrix_set_value : error ILL_ARG :i(=5) or j(=-66) are less than 0
lis_matrix.c(685) : lis_matrix_set_value : error ILL_ARG :i(=6) or j(=-65) are less than 0
lis_matrix.c(685) : lis_matrix_set_value : error ILL_ARG :i(=7) or j(=-64) are less than 0
lis_matrix.c(685) : lis_matrix_set_value : error ILL_ARG :i(=8) or j(=-63) are less than 0
lis_matrix.c(685) : lis_matrix_set_value : error ILL_ARG :i(=9) or j(=-62) are less than 0
Warning: Solution did not converge after 100001 iterations.
  The final residual was: -nan
  Solver status: 4
  2098-Oct-29 23:00:00
lis_matrix.c(685) : lis_matrix_set_value : error ILL_ARG :i(=0) or j(=-1) are less than 0
lis_matrix.c(685) : lis_matrix_set_value : error ILL_ARG :i(=0) or j(=-71) are less than 0
lis_matrix.c(685) : lis_matrix_set_value : error ILL_ARG :i(=1) or j(=-70) are less than 0
lis_matrix.c(685) : lis_matrix_set_value : error ILL_ARG :i(=2) or j(=-69) are less than 0
lis_matrix.c(685) : lis_matrix_set_value : error ILL_ARG :i(=3) or j(=-68) are less than 0
lis_matrix.c(685) : lis_matrix_set_value : error ILL_ARG :i(=4) or j(=-67) are less than 0
lis_matrix.c(685) : lis_matrix_set_value : error ILL_ARG :i(=5) or j(=-66) are less than 0
lis_matrix.c(685) : lis_matrix_set_value : error ILL_ARG :i(=6) or j(=-65) are less than 0
lis_matrix.c(685) : lis_matrix_set_value : error ILL_ARG :i(=7) or j(=-64) are less than 0
lis_matrix.c(685) : lis_matrix_set_value : error ILL_ARG :i(=8) or j(=-63) are less than 0
lis_matrix.c(685) : lis_matrix_set_value : error ILL_ARG :i(=9) or j(=-62) are less than 0
Warning: Solution did not converge after 100001 iterations.
  The final residual was: -nan
  Solver status: 4
  2098-Nov-05 23:00:00
lis_matrix.c(685) : lis_matrix_set_value : error ILL_ARG :i(=0) or j(=-1) are less than 0
lis_matrix.c(685) : lis_matrix_set_value : error ILL_ARG :i(=0) or j(=-71) are less than 0
lis_matrix.c(685) : lis_matrix_set_value : error ILL_ARG :i(=1) or j(=-70) are less than 0
lis_matrix.c(685) : lis_matrix_set_value : error ILL_ARG :i(=2) or j(=-69) are less than 0
lis_matrix.c(685) : lis_matrix_set_value : error ILL_ARG :i(=3) or j(=-68) are less than 0
lis_matrix.c(685) : lis_matrix_set_value : error ILL_ARG :i(=4) or j(=-67) are less than 0
lis_matrix.c(685) : lis_matrix_set_value : error ILL_ARG :i(=5) or j(=-66) are less than 0
lis_matrix.c(685) : lis_matrix_set_value : error ILL_ARG :i(=6) or j(=-65) are less than 0
lis_matrix.c(685) : lis_matrix_set_value : error ILL_ARG :i(=7) or j(=-64) are less than 0
lis_matrix.c(685) : lis_matrix_set_value : error ILL_ARG :i(=8) or j(=-63) are less than 0
lis_matrix.c(685) : lis_matrix_set_value : error ILL_ARG :i(=9) or j(=-62) are less than 0
Warning: Solution did not converge after 100001 iterations.
  The final residual was: -nan
  Solver status: 4
  2098-Nov-12 23:00:00
lis_matrix.c(685) : lis_matrix_set_value : error ILL_ARG :i(=0) or j(=-1) are less than 0
lis_matrix.c(685) : lis_matrix_set_value : error ILL_ARG :i(=0) or j(=-71) are less than 0
lis_matrix.c(685) : lis_matrix_set_value : error ILL_ARG :i(=1) or j(=-70) are less than 0
lis_matrix.c(685) : lis_matrix_set_value : error ILL_ARG :i(=2) or j(=-69) are less than 0
lis_matrix.c(685) : lis_matrix_set_value : error ILL_ARG :i(=3) or j(=-68) are less than 0
lis_matrix.c(685) : lis_matrix_set_value : error ILL_ARG :i(=4) or j(=-67) are less than 0
lis_matrix.c(685) : lis_matrix_set_value : error ILL_ARG :i(=5) or j(=-66) are less than 0
lis_matrix.c(685) : lis_matrix_set_value : error ILL_ARG :i(=6) or j(=-65) are less than 0
lis_matrix.c(685) : lis_matrix_set_value : error ILL_ARG :i(=7) or j(=-64) are less than 0
lis_matrix.c(685) : lis_matrix_set_value : error ILL_ARG :i(=8) or j(=-63) are less than 0
lis_matrix.c(685) : lis_matrix_set_value : error ILL_ARG :i(=9) or j(=-62) are less than 0
Warning: Solution did not converge after 100001 iterations.
  The final residual was: -nan
  Solver status: 4
  2098-Nov-19 23:00:00
lis_matrix.c(685) : lis_matrix_set_value : error ILL_ARG :i(=0) or j(=-1) are less than 0
lis_matrix.c(685) : lis_matrix_set_value : error ILL_ARG :i(=0) or j(=-71) are less than 0
lis_matrix.c(685) : lis_matrix_set_value : error ILL_ARG :i(=1) or j(=-70) are less than 0
lis_matrix.c(685) : lis_matrix_set_value : error ILL_ARG :i(=2) or j(=-69) are less than 0
lis_matrix.c(685) : lis_matrix_set_value : error ILL_ARG :i(=3) or j(=-68) are less than 0
lis_matrix.c(685) : lis_matrix_set_value : error ILL_ARG :i(=4) or j(=-67) are less than 0
lis_matrix.c(685) : lis_matrix_set_value : error ILL_ARG :i(=5) or j(=-66) are less than 0
lis_matrix.c(685) : lis_matrix_set_value : error ILL_ARG :i(=6) or j(=-65) are less than 0
lis_matrix.c(685) : lis_matrix_set_value : error ILL_ARG :i(=7) or j(=-64) are less than 0
lis_matrix.c(685) : lis_matrix_set_value : error ILL_ARG :i(=8) or j(=-63) are less than 0
lis_matrix.c(685) : lis_matrix_set_value : error ILL_ARG :i(=9) or j(=-62) are less than 0
Warning: Solution did not converge after 100001 iterations.
  The final residual was: -nan
  Solver status: 4
  2098-Nov-26 23:00:00
lis_matrix.c(685) : lis_matrix_set_value : error ILL_ARG :i(=0) or j(=-1) are less than 0
lis_matrix.c(685) : lis_matrix_set_value : error ILL_ARG :i(=0) or j(=-71) are less than 0
lis_matrix.c(685) : lis_matrix_set_value : error ILL_ARG :i(=1) or j(=-70) are less than 0
lis_matrix.c(685) : lis_matrix_set_value : error ILL_ARG :i(=2) or j(=-69) are less than 0
lis_matrix.c(685) : lis_matrix_set_value : error ILL_ARG :i(=3) or j(=-68) are less than 0
lis_matrix.c(685) : lis_matrix_set_value : error ILL_ARG :i(=4) or j(=-67) are less than 0
lis_matrix.c(685) : lis_matrix_set_value : error ILL_ARG :i(=5) or j(=-66) are less than 0
lis_matrix.c(685) : lis_matrix_set_value : error ILL_ARG :i(=6) or j(=-65) are less than 0
lis_matrix.c(685) : lis_matrix_set_value : error ILL_ARG :i(=7) or j(=-64) are less than 0
lis_matrix.c(685) : lis_matrix_set_value : error ILL_ARG :i(=8) or j(=-63) are less than 0
lis_matrix.c(685) : lis_matrix_set_value : error ILL_ARG :i(=9) or j(=-62) are less than 0
Warning: Solution did not converge after 100001 iterations.
  The final residual was: -nan
  Solver status: 4
  2098-Dec-03 23:00:00
lis_matrix.c(685) : lis_matrix_set_value : error ILL_ARG :i(=0) or j(=-1) are less than 0
lis_matrix.c(685) : lis_matrix_set_value : error ILL_ARG :i(=0) or j(=-71) are less than 0
lis_matrix.c(685) : lis_matrix_set_value : error ILL_ARG :i(=1) or j(=-70) are less than 0
lis_matrix.c(685) : lis_matrix_set_value : error ILL_ARG :i(=2) or j(=-69) are less than 0
lis_matrix.c(685) : lis_matrix_set_value : error ILL_ARG :i(=3) or j(=-68) are less than 0
lis_matrix.c(685) : lis_matrix_set_value : error ILL_ARG :i(=4) or j(=-67) are less than 0
lis_matrix.c(685) : lis_matrix_set_value : error ILL_ARG :i(=5) or j(=-66) are less than 0
lis_matrix.c(685) : lis_matrix_set_value : error ILL_ARG :i(=6) or j(=-65) are less than 0
lis_matrix.c(685) : lis_matrix_set_value : error ILL_ARG :i(=7) or j(=-64) are less than 0
lis_matrix.c(685) : lis_matrix_set_value : error ILL_ARG :i(=8) or j(=-63) are less than 0
lis_matrix.c(685) : lis_matrix_set_value : error ILL_ARG :i(=9) or j(=-62) are less than 0
Warning: Solution did not converge after 100001 iterations.
  The final residual was: -nan
  Solver status: 4
  2098-Dec-10 23:00:00
lis_matrix.c(685) : lis_matrix_set_value : error ILL_ARG :i(=0) or j(=-1) are less than 0
lis_matrix.c(685) : lis_matrix_set_value : error ILL_ARG :i(=0) or j(=-71) are less than 0
lis_matrix.c(685) : lis_matrix_set_value : error ILL_ARG :i(=1) or j(=-70) are less than 0
lis_matrix.c(685) : lis_matrix_set_value : error ILL_ARG :i(=2) or j(=-69) are less than 0
lis_matrix.c(685) : lis_matrix_set_value : error ILL_ARG :i(=3) or j(=-68) are less than 0
lis_matrix.c(685) : lis_matrix_set_value : error ILL_ARG :i(=4) or j(=-67) are less than 0
lis_matrix.c(685) : lis_matrix_set_value : error ILL_ARG :i(=5) or j(=-66) are less than 0
lis_matrix.c(685) : lis_matrix_set_value : error ILL_ARG :i(=6) or j(=-65) are less than 0
lis_matrix.c(685) : lis_matrix_set_value : error ILL_ARG :i(=7) or j(=-64) are less than 0
lis_matrix.c(685) : lis_matrix_set_value : error ILL_ARG :i(=8) or j(=-63) are less than 0
lis_matrix.c(685) : lis_matrix_set_value : error ILL_ARG :i(=9) or j(=-62) are less than 0
Warning: Solution did not converge after 100001 iterations.
  The final residual was: -nan
  Solver status: 4
  2098-Dec-17 23:00:00
lis_matrix.c(685) : lis_matrix_set_value : error ILL_ARG :i(=0) or j(=-1) are less than 0
lis_matrix.c(685) : lis_matrix_set_value : error ILL_ARG :i(=0) or j(=-71) are less than 0
lis_matrix.c(685) : lis_matrix_set_value : error ILL_ARG :i(=1) or j(=-70) are less than 0
lis_matrix.c(685) : lis_matrix_set_value : error ILL_ARG :i(=2) or j(=-69) are less than 0
lis_matrix.c(685) : lis_matrix_set_value : error ILL_ARG :i(=3) or j(=-68) are less than 0
lis_matrix.c(685) : lis_matrix_set_value : error ILL_ARG :i(=4) or j(=-67) are less than 0
lis_matrix.c(685) : lis_matrix_set_value : error ILL_ARG :i(=5) or j(=-66) are less than 0
lis_matrix.c(685) : lis_matrix_set_value : error ILL_ARG :i(=6) or j(=-65) are less than 0
lis_matrix.c(685) : lis_matrix_set_value : error ILL_ARG :i(=7) or j(=-64) are less than 0
lis_matrix.c(685) : lis_matrix_set_value : error ILL_ARG :i(=8) or j(=-63) are less than 0
lis_matrix.c(685) : lis_matrix_set_value : error ILL_ARG :i(=9) or j(=-62) are less than 0
Warning: Solution did not converge after 100001 iterations.
  The final residual was: -nan
  Solver status: 4
  2098-Dec-24 23:00:00
lis_matrix.c(685) : lis_matrix_set_value : error ILL_ARG :i(=0) or j(=-1) are less than 0
lis_matrix.c(685) : lis_matrix_set_value : error ILL_ARG :i(=0) or j(=-71) are less than 0
lis_matrix.c(685) : lis_matrix_set_value : error ILL_ARG :i(=1) or j(=-70) are less than 0
lis_matrix.c(685) : lis_matrix_set_value : error ILL_ARG :i(=2) or j(=-69) are less than 0
lis_matrix.c(685) : lis_matrix_set_value : error ILL_ARG :i(=3) or j(=-68) are less than 0
lis_matrix.c(685) : lis_matrix_set_value : error ILL_ARG :i(=4) or j(=-67) are less than 0
lis_matrix.c(685) : lis_matrix_set_value : error ILL_ARG :i(=5) or j(=-66) are less than 0
lis_matrix.c(685) : lis_matrix_set_value : error ILL_ARG :i(=6) or j(=-65) are less than 0
lis_matrix.c(685) : lis_matrix_set_value : error ILL_ARG :i(=7) or j(=-64) are less than 0
lis_matrix.c(685) : lis_matrix_set_value : error ILL_ARG :i(=8) or j(=-63) are less than 0
lis_matrix.c(685) : lis_matrix_set_value : error ILL_ARG :i(=9) or j(=-62) are less than 0
Warning: Solution did not converge after 100001 iterations.
  The final residual was: -nan
  Solver status: 4
  2098-Dec-31 23:00:00
  2099-Jan-27 07:00:00
  2099-Feb-26 23:00:00
  2099-Mar-29 16:00:00
  2099-Apr-29 08:00:00
  2099-May-30 00:00:00
  2099-Jun-29 17:00:00
  2099-Jul-30 09:00:00
  2099-Aug-30 01:00:00
  2099-Sep-29 18:00:00
  2099-Oct-30 09:00:00
  2099-Nov-30 01:00:00
  2099-Dec-30 18:00:00
Beginning Simulation...
  2100-Jan-29 23:00:00 (7.9%)
  2100-Mar-01 03:00:00 (16.2%)
  2100-Mar-31 08:00:00 (24.5%)
  2100-Apr-30 12:00:00 (32.7%)
  2100-May-30 17:00:00 (41%)
  2100-Jun-29 21:00:00 (49.3%)
  2100-Jul-30 02:00:00 (57.6%)
  2100-Aug-29 06:00:00 (65.8%)
  2100-Sep-28 10:00:00 (74.1%)
  2100-Oct-28 15:00:00 (82.4%)
  2100-Nov-27 20:00:00 (90.6%)
  2100-Dec-28 01:00:00 (98.9%)
  2100-Dec-31 23:00:00 (100%)
Finished Program: 2014-Nov-17 08:44:28.130950
Elapsed Time: 00:03:14.122931
