instance.yaml
kiva v0.2.0-9-g526928a
Copyright (C) 2012-2014 Big Ladder Software
Web: www.bigladdersoftware.com

Starting Program: 2014-Oct-26 15:44:10.468077
Creating Domain...
  X Cells: 136
  Y Cells: 1
  Z Cells: 103
  Total Cells: 14008
Initializing Temperatures...
  2098-Oct-15 23:00:00
  2099-Jan-02 17:00:00
  2099-Jan-16 07:00:00
  2099-Feb-04 09:00:00
  2099-Feb-23 11:00:00
  2099-Mar-14 13:00:00
  2099-Apr-02 15:00:00
  2099-Apr-21 17:00:00
  2099-May-10 19:00:00
  2099-May-29 22:00:00
  2099-Jun-18 00:00:00
  2099-Jul-07 02:00:00
  2099-Jul-26 04:00:00
  2099-Aug-14 06:00:00
  2099-Sep-02 09:00:00
  2099-Sep-21 11:00:00
  2099-Oct-10 13:00:00
  2099-Oct-29 15:00:00
  2099-Nov-17 18:00:00
  2099-Dec-06 20:00:00
  2099-Dec-25 22:00:00
Beginning Simulation...
  2100-Jan-13 15:00:00 (3.5%)
  2100-Feb-01 04:00:00 (8.5%)
  2100-Feb-19 17:00:00 (13.6%)
  2100-Mar-10 06:00:00 (18.7%)
  2100-Mar-28 20:00:00 (23.8%)
  2100-Apr-16 09:00:00 (28.9%)
  2100-May-04 23:00:00 (34%)
  2100-May-23 12:00:00 (39%)
  2100-Jun-11 02:00:00 (44.1%)
  2100-Jun-29 16:00:00 (49.2%)
  2100-Jul-18 06:00:00 (54.3%)
  2100-Aug-05 20:00:00 (59.4%)
  2100-Aug-24 09:00:00 (64.5%)
  2100-Sep-11 20:00:00 (69.5%)
  2100-Sep-30 10:00:00 (74.6%)
  2100-Oct-19 00:00:00 (79.7%)
  2100-Nov-06 14:00:00 (84.8%)
  2100-Nov-25 03:00:00 (89.9%)
  2100-Dec-13 17:00:00 (95%)
  2100-Dec-31 23:00:00 (100%)
Finished Program: 2014-Oct-26 15:44:50.985772
Elapsed Time: 00:00:40.517695
