instance.yaml
kiva v0.2.0-21-g785bfe1
Copyright (C) 2012-2014 Big Ladder Software
Web: www.bigladdersoftware.com

Starting Program: 2014-Nov-18 11:09:26.683807
Creating Domain...
  X Cells: 185
  Y Cells: 1
  Z Cells: 158
  Total Cells: 29230
Initializing Temperatures...
  2098-Oct-01 23:00:00
  2099-Jan-02 05:00:00
  2099-Jan-09 08:00:00
  2099-Jan-16 11:00:00
  2099-Jan-23 14:00:00
  2099-Jan-30 17:00:00
  2099-Feb-06 20:00:00
  2099-Feb-14 00:00:00
  2099-Feb-21 03:00:00
  2099-Feb-28 06:00:00
  2099-Mar-07 09:00:00
  2099-Mar-14 12:00:00
  2099-Mar-21 15:00:00
  2099-Mar-28 18:00:00
  2099-Apr-04 22:00:00
  2099-Apr-12 00:00:00
  2099-Apr-19 02:00:00
  2099-Apr-26 05:00:00
  2099-May-03 09:00:00
  2099-May-10 12:00:00
  2099-May-17 16:00:00
  2099-May-24 19:00:00
  2099-May-31 22:00:00
  2099-Jun-08 02:00:00
  2099-Jun-15 05:00:00
  2099-Jun-22 10:00:00
  2099-Jun-29 20:00:00
  2099-Jul-07 06:00:00
  2099-Jul-14 16:00:00
  2099-Jul-22 02:00:00
  2099-Jul-29 11:00:00
  2099-Aug-05 22:00:00
  2099-Aug-13 08:00:00
  2099-Aug-20 18:00:00
  2099-Aug-28 03:00:00
  2099-Sep-04 13:00:00
  2099-Sep-11 23:00:00
  2099-Sep-19 09:00:00
  2099-Sep-26 19:00:00
  2099-Oct-04 06:00:00
  2099-Oct-11 16:00:00
  2099-Oct-19 02:00:00
  2099-Oct-26 12:00:00
  2099-Nov-02 22:00:00
  2099-Nov-10 08:00:00
  2099-Nov-17 18:00:00
  2099-Nov-25 04:00:00
  2099-Dec-02 14:00:00
  2099-Dec-09 23:00:00
  2099-Dec-17 09:00:00
  2099-Dec-24 19:00:00
Beginning Simulation...
  2100-Jan-01 05:00:00 (0.1%)
  2100-Jan-08 00:00:00 (1.9%)
  2100-Jan-14 20:00:00 (3.8%)
  2100-Jan-21 15:00:00 (5.7%)
  2100-Jan-28 11:00:00 (7.5%)
  2100-Feb-04 06:00:00 (9.4%)
  2100-Feb-11 02:00:00 (11.3%)
  2100-Feb-17 22:00:00 (13.1%)
  2100-Feb-24 17:00:00 (15%)
  2100-Mar-03 12:00:00 (16.8%)
  2100-Mar-10 08:00:00 (18.7%)
  2100-Mar-17 02:00:00 (20.6%)
  2100-Mar-23 22:00:00 (22.4%)
  2100-Mar-30 17:00:00 (24.3%)
  2100-Apr-06 13:00:00 (26.2%)
  2100-Apr-13 08:00:00 (28%)
  2100-Apr-20 04:00:00 (29.9%)
  2100-Apr-26 23:00:00 (31.8%)
  2100-May-03 19:00:00 (33.6%)
  2100-May-10 15:00:00 (35.5%)
  2100-May-17 10:00:00 (37.4%)
  2100-May-24 06:00:00 (39.2%)
  2100-May-31 01:00:00 (41.1%)
  2100-Jun-06 21:00:00 (43%)
  2100-Jun-13 17:00:00 (44.9%)
  2100-Jun-20 12:00:00 (46.7%)
  2100-Jun-27 08:00:00 (48.6%)
  2100-Jul-04 04:00:00 (50.5%)
  2100-Jul-10 23:00:00 (52.3%)
  2100-Jul-17 19:00:00 (54.2%)
  2100-Jul-24 14:00:00 (56.1%)
  2100-Jul-31 10:00:00 (57.9%)
  2100-Aug-07 06:00:00 (59.8%)
  2100-Aug-14 00:00:00 (61.6%)
  2100-Aug-20 20:00:00 (63.5%)
  2100-Aug-27 16:00:00 (65.4%)
  2100-Sep-03 12:00:00 (67.3%)
  2100-Sep-10 07:00:00 (69.1%)
  2100-Sep-17 03:00:00 (71%)
  2100-Sep-23 23:00:00 (72.9%)
  2100-Sep-30 18:00:00 (74.7%)
  2100-Oct-07 14:00:00 (76.6%)
  2100-Oct-14 10:00:00 (78.5%)
  2100-Oct-21 06:00:00 (80.3%)
  2100-Oct-28 01:00:00 (82.2%)
  2100-Nov-03 21:00:00 (84.1%)
  2100-Nov-10 17:00:00 (85.9%)
  2100-Nov-17 12:00:00 (87.8%)
  2100-Nov-24 08:00:00 (89.7%)
  2100-Dec-01 03:00:00 (91.5%)
  2100-Dec-07 23:00:00 (93.4%)
  2100-Dec-14 18:00:00 (95.3%)
  2100-Dec-21 14:00:00 (97.1%)
  2100-Dec-28 09:00:00 (99%)
  2100-Dec-31 23:00:00 (100%)
Finished Program: 2014-Nov-18 11:11:11.527828
Elapsed Time: 00:01:44.844021
