instance.yaml
kiva v0.2.0-9-g526928a
Copyright (C) 2012-2014 Big Ladder Software
Web: www.bigladdersoftware.com

Starting Program: 2014-Nov-15 12:23:43.586785
Creating Domain...
  X Cells: 148
  Y Cells: 1
  Z Cells: 113
  Total Cells: 16724
Initializing Temperatures...
  2098-Nov-05 23:00:00
  2099-Jan-10 03:00:00
  2099-Jan-23 08:00:00
  2099-Feb-05 13:00:00
  2099-Feb-18 18:00:00
  2099-Mar-03 23:00:00
  2099-Mar-17 03:00:00
  2099-Mar-30 08:00:00
  2099-Apr-12 13:00:00
  2099-Apr-25 18:00:00
  2099-May-08 23:00:00
  2099-May-22 04:00:00
  2099-Jun-04 09:00:00
  2099-Jun-17 14:00:00
  2099-Jun-30 19:00:00
  2099-Jul-14 00:00:00
  2099-Jul-27 05:00:00
  2099-Aug-09 10:00:00
  2099-Aug-22 15:00:00
  2099-Sep-04 20:00:00
  2099-Sep-18 01:00:00
  2099-Oct-01 06:00:00
  2099-Oct-14 11:00:00
  2099-Oct-27 16:00:00
  2099-Nov-09 21:00:00
  2099-Nov-23 03:00:00
  2099-Dec-06 08:00:00
  2099-Dec-19 13:00:00
Beginning Simulation...
  2100-Jan-01 18:00:00 (0.2%)
  2100-Jan-14 14:00:00 (3.7%)
  2100-Jan-27 11:00:00 (7.2%)
  2100-Feb-09 08:00:00 (10.8%)
  2100-Feb-22 05:00:00 (14.3%)
  2100-Mar-07 02:00:00 (17.8%)
  2100-Mar-19 22:00:00 (21.3%)
  2100-Apr-01 19:00:00 (24.9%)
  2100-Apr-14 16:00:00 (28.4%)
  2100-Apr-27 13:00:00 (31.9%)
  2100-May-10 10:00:00 (35.5%)
  2100-May-23 07:00:00 (39%)
  2100-Jun-05 04:00:00 (42.5%)
  2100-Jun-18 01:00:00 (46%)
  2100-Jun-30 22:00:00 (49.6%)
  2100-Jul-13 18:00:00 (53.1%)
  2100-Jul-26 15:00:00 (56.6%)
  2100-Aug-08 12:00:00 (60.1%)
  2100-Aug-21 09:00:00 (63.7%)
  2100-Sep-03 06:00:00 (67.2%)
  2100-Sep-16 03:00:00 (70.7%)
  2100-Sep-29 00:00:00 (74.2%)
  2100-Oct-11 21:00:00 (77.8%)
  2100-Oct-24 18:00:00 (81.3%)
  2100-Nov-06 15:00:00 (84.8%)
  2100-Nov-19 12:00:00 (88.4%)
  2100-Dec-02 09:00:00 (91.9%)
  2100-Dec-15 06:00:00 (95.4%)
  2100-Dec-28 03:00:00 (98.9%)
  2100-Dec-31 23:00:00 (100%)
Finished Program: 2014-Nov-15 12:24:40.299783
Elapsed Time: 00:00:56.712998
