instance.yaml
kiva v0.2.0-8-gc565062
Copyright (C) 2012-2014 Big Ladder Software
Web: www.bigladdersoftware.com

Starting Program: 2014-Oct-02 14:41:37.322988
Creating Domain...
  X Cells: 97
  Y Cells: 1
  Z Cells: 279
  Total Cells: 27063
Initializing Temperatures...
  2098-Oct-01 23:00:00
  2098-Nov-12 23:00:00
  2098-Dec-24 23:00:00
  2099-Jan-06 22:00:00
  2099-Jan-16 18:00:00
  2099-Jan-26 14:00:00
  2099-Feb-05 10:00:00
  2099-Feb-15 06:00:00
  2099-Feb-25 02:00:00
  2099-Mar-06 22:00:00
  2099-Mar-16 18:00:00
  2099-Mar-26 14:00:00
  2099-Apr-05 10:00:00
  2099-Apr-15 06:00:00
  2099-Apr-25 02:00:00
  2099-May-04 22:00:00
  2099-May-14 18:00:00
  2099-May-24 14:00:00
  2099-Jun-03 10:00:00
  2099-Jun-13 06:00:00
  2099-Jun-23 01:00:00
  2099-Jul-02 21:00:00
  2099-Jul-12 18:00:00
  2099-Jul-22 13:00:00
  2099-Aug-01 09:00:00
  2099-Aug-11 06:00:00
  2099-Aug-21 02:00:00
  2099-Aug-30 22:00:00
  2099-Sep-09 18:00:00
  2099-Sep-19 14:00:00
  2099-Sep-29 09:00:00
  2099-Oct-09 05:00:00
  2099-Oct-19 01:00:00
  2099-Oct-28 21:00:00
  2099-Nov-07 18:00:00
  2099-Nov-17 14:00:00
  2099-Nov-27 10:00:00
  2099-Dec-07 06:00:00
  2099-Dec-17 02:00:00
  2099-Dec-26 22:00:00
Beginning Simulation...
  2100-Jan-05 17:00:00 (1.3%)
  2100-Jan-15 10:00:00 (3.9%)
  2100-Jan-25 01:00:00 (6.6%)
  2100-Feb-03 19:00:00 (9.3%)
  2100-Feb-13 12:00:00 (11.9%)
  2100-Feb-23 05:00:00 (14.6%)
  2100-Mar-04 22:00:00 (17.2%)
  2100-Mar-14 16:00:00 (19.9%)
  2100-Mar-24 09:00:00 (22.6%)
  2100-Apr-03 02:00:00 (25.2%)
  2100-Apr-12 19:00:00 (27.9%)
  2100-Apr-22 12:00:00 (30.5%)
  2100-May-02 06:00:00 (33.2%)
  2100-May-11 23:00:00 (35.9%)
  2100-May-21 16:00:00 (38.5%)
  2100-May-31 09:00:00 (41.2%)
  2100-Jun-10 03:00:00 (43.9%)
  2100-Jun-19 20:00:00 (46.5%)
  2100-Jun-29 13:00:00 (49.2%)
  2100-Jul-09 06:00:00 (51.8%)
  2100-Jul-18 23:00:00 (54.5%)
  2100-Jul-28 17:00:00 (57.2%)
  2100-Aug-07 10:00:00 (59.8%)
  2100-Aug-17 03:00:00 (62.5%)
  2100-Aug-26 20:00:00 (65.2%)
  2100-Sep-05 13:00:00 (67.8%)
  2100-Sep-15 06:00:00 (70.5%)
  2100-Sep-24 23:00:00 (73.1%)
  2100-Oct-04 16:00:00 (75.8%)
  2100-Oct-14 10:00:00 (78.5%)
  2100-Oct-24 03:00:00 (81.1%)
  2100-Nov-02 19:00:00 (83.8%)
  2100-Nov-12 12:00:00 (86.4%)
  2100-Nov-22 05:00:00 (89.1%)
  2100-Dec-01 23:00:00 (91.8%)
  2100-Dec-11 16:00:00 (94.4%)
  2100-Dec-21 09:00:00 (97.1%)
  2100-Dec-31 02:00:00 (99.7%)
  2100-Dec-31 23:00:00 (100%)
Finished Program: 2014-Oct-02 14:42:55.090432
Elapsed Time: 00:01:17.767444

