instance.yaml
kiva v0.2.0-9-g526928a
Copyright (C) 2012-2014 Big Ladder Software
Web: www.bigladdersoftware.com

Starting Program: 2014-Nov-15 11:51:43.015809
Creating Domain...
  X Cells: 196
  Y Cells: 1
  Z Cells: 96
  Total Cells: 18816
Initializing Temperatures...
  2099-Jan-02 21:00:00
  2099-Jan-14 16:00:00
  2099-Jan-26 13:00:00
  2099-Feb-07 09:00:00
  2099-Feb-19 05:00:00
  2099-Mar-03 02:00:00
  2099-Mar-14 22:00:00
  2099-Mar-26 19:00:00
  2099-Apr-07 15:00:00
  2099-Apr-19 11:00:00
  2099-May-01 07:00:00
  2099-May-13 03:00:00
  2099-May-25 00:00:00
  2099-Jun-05 21:00:00
  2099-Jun-17 17:00:00
  2099-Jun-29 14:00:00
  2099-Jul-11 11:00:00
  2099-Jul-23 07:00:00
  2099-Aug-04 04:00:00
  2099-Aug-16 00:00:00
  2099-Aug-27 21:00:00
  2099-Sep-08 17:00:00
  2099-Sep-20 14:00:00
  2099-Oct-02 10:00:00
  2099-Oct-14 07:00:00
  2099-Oct-26 04:00:00
  2099-Nov-07 00:00:00
  2099-Nov-18 20:00:00
  2099-Nov-30 17:00:00
  2099-Dec-12 13:00:00
  2099-Dec-24 10:00:00
Beginning Simulation...
  2100-Jan-05 05:00:00 (1.2%)
  2100-Jan-16 21:00:00 (4.3%)
  2100-Jan-28 14:00:00 (7.6%)
  2100-Feb-09 06:00:00 (10.8%)
  2100-Feb-20 22:00:00 (13.9%)
  2100-Mar-04 15:00:00 (17.2%)
  2100-Mar-16 07:00:00 (20.4%)
  2100-Mar-27 23:00:00 (23.6%)
  2100-Apr-08 15:00:00 (26.7%)
  2100-Apr-20 08:00:00 (30%)
  2100-May-02 00:00:00 (33.2%)
  2100-May-13 17:00:00 (36.4%)
  2100-May-25 09:00:00 (39.6%)
  2100-Jun-06 02:00:00 (42.8%)
  2100-Jun-17 18:00:00 (46%)
  2100-Jun-29 11:00:00 (49.2%)
  2100-Jul-11 04:00:00 (52.4%)
  2100-Jul-22 21:00:00 (55.6%)
  2100-Aug-03 14:00:00 (58.8%)
  2100-Aug-15 06:00:00 (62%)
  2100-Aug-26 23:00:00 (65.2%)
  2100-Sep-07 16:00:00 (68.4%)
  2100-Sep-19 09:00:00 (71.6%)
  2100-Oct-01 01:00:00 (74.8%)
  2100-Oct-12 18:00:00 (78%)
  2100-Oct-24 11:00:00 (81.2%)
  2100-Nov-05 03:00:00 (84.4%)
  2100-Nov-16 20:00:00 (87.6%)
  2100-Nov-28 12:00:00 (90.8%)
  2100-Dec-10 05:00:00 (94%)
  2100-Dec-21 21:00:00 (97.2%)
  2100-Dec-31 23:00:00 (100%)
Finished Program: 2014-Nov-15 11:52:45.864183
Elapsed Time: 00:01:02.848374
