instance.yaml
kiva v0.2.0-21-g785bfe1
Copyright (C) 2012-2014 Big Ladder Software
Web: www.bigladdersoftware.com

Starting Program: 2014-Nov-18 11:18:26.550595
Creating Domain...
  X Cells: 190
  Y Cells: 1
  Z Cells: 93
  Total Cells: 17670
Initializing Temperatures...
  2098-Nov-05 23:00:00
  2099-Jan-09 12:00:00
  2099-Jan-21 19:00:00
  2099-Feb-03 02:00:00
  2099-Feb-15 09:00:00
  2099-Feb-27 16:00:00
  2099-Mar-11 23:00:00
  2099-Mar-24 06:00:00
  2099-Apr-05 13:00:00
  2099-Apr-17 20:00:00
  2099-Apr-30 03:00:00
  2099-May-12 10:00:00
  2099-May-24 17:00:00
  2099-Jun-06 00:00:00
  2099-Jun-18 07:00:00
  2099-Jun-30 14:00:00
  2099-Jul-12 21:00:00
  2099-Jul-25 04:00:00
  2099-Aug-06 11:00:00
  2099-Aug-18 18:00:00
  2099-Aug-31 00:00:00
  2099-Sep-12 07:00:00
  2099-Sep-24 14:00:00
  2099-Oct-06 21:00:00
  2099-Oct-19 04:00:00
  2099-Oct-31 11:00:00
  2099-Nov-12 18:00:00
  2099-Nov-25 02:00:00
  2099-Dec-07 09:00:00
  2099-Dec-19 16:00:00
  2099-Dec-31 23:00:00
Beginning Simulation...
  2100-Jan-12 23:00:00 (3.3%)
  2100-Jan-25 01:00:00 (6.6%)
  2100-Feb-06 03:00:00 (9.9%)
  2100-Feb-18 05:00:00 (13.2%)
  2100-Mar-02 07:00:00 (16.5%)
  2100-Mar-14 09:00:00 (19.8%)
  2100-Mar-26 11:00:00 (23.1%)
  2100-Apr-07 12:00:00 (26.4%)
  2100-Apr-19 14:00:00 (29.7%)
  2100-May-01 16:00:00 (33.1%)
  2100-May-13 18:00:00 (36.4%)
  2100-May-25 20:00:00 (39.7%)
  2100-Jun-06 22:00:00 (43%)
  2100-Jun-19 00:00:00 (46.3%)
  2100-Jul-01 01:00:00 (49.6%)
  2100-Jul-13 03:00:00 (52.9%)
  2100-Jul-25 05:00:00 (56.2%)
  2100-Aug-06 07:00:00 (59.5%)
  2100-Aug-18 09:00:00 (62.8%)
  2100-Aug-30 11:00:00 (66.2%)
  2100-Sep-11 12:00:00 (69.5%)
  2100-Sep-23 14:00:00 (72.8%)
  2100-Oct-05 16:00:00 (76.1%)
  2100-Oct-17 18:00:00 (79.4%)
  2100-Oct-29 20:00:00 (82.7%)
  2100-Nov-10 22:00:00 (86%)
  2100-Nov-23 00:00:00 (89.3%)
  2100-Dec-05 02:00:00 (92.6%)
  2100-Dec-17 04:00:00 (95.9%)
  2100-Dec-29 06:00:00 (99.2%)
  2100-Dec-31 23:00:00 (100%)
Finished Program: 2014-Nov-18 11:19:27.226314
Elapsed Time: 00:01:00.675719
