instance.yaml
kiva v0.2.0-9-g526928a
Copyright (C) 2012-2014 Big Ladder Software
Web: www.bigladdersoftware.com

Starting Program: 2014-Oct-26 15:43:17.531316
Creating Domain...
  X Cells: 131
  Y Cells: 1
  Z Cells: 127
  Total Cells: 16637
Initializing Temperatures...
  2098-Oct-15 23:00:00
  2099-Jan-04 16:00:00
  2099-Jan-21 08:00:00
  2099-Feb-07 22:00:00
  2099-Feb-25 12:00:00
  2099-Mar-15 02:00:00
  2099-Apr-01 16:00:00
  2099-Apr-19 07:00:00
  2099-May-06 21:00:00
  2099-May-24 11:00:00
  2099-Jun-11 01:00:00
  2099-Jun-28 15:00:00
  2099-Jul-16 05:00:00
  2099-Aug-02 19:00:00
  2099-Aug-20 09:00:00
  2099-Sep-06 23:00:00
  2099-Sep-24 14:00:00
  2099-Oct-12 04:00:00
  2099-Oct-29 18:00:00
  2099-Nov-16 08:00:00
  2099-Dec-03 22:00:00
  2099-Dec-21 13:00:00
Beginning Simulation...
  2100-Jan-07 16:00:00 (1.8%)
  2100-Jan-24 02:00:00 (6.3%)
  2100-Feb-09 12:00:00 (10.8%)
  2100-Feb-25 22:00:00 (15.3%)
  2100-Mar-14 10:00:00 (19.8%)
  2100-Mar-30 23:00:00 (24.4%)
  2100-Apr-16 11:00:00 (28.9%)
  2100-May-02 23:00:00 (33.4%)
  2100-May-19 12:00:00 (37.9%)
  2100-Jun-05 00:00:00 (42.5%)
  2100-Jun-21 12:00:00 (47%)
  2100-Jul-08 00:00:00 (51.5%)
  2100-Jul-24 10:00:00 (56%)
  2100-Aug-09 22:00:00 (60.5%)
  2100-Aug-26 14:00:00 (65.1%)
  2100-Sep-12 06:00:00 (69.7%)
  2100-Sep-28 22:00:00 (74.2%)
  2100-Oct-15 15:00:00 (78.8%)
  2100-Nov-01 07:00:00 (83.4%)
  2100-Nov-18 00:00:00 (87.9%)
  2100-Dec-04 17:00:00 (92.5%)
  2100-Dec-21 09:00:00 (97.1%)
  2100-Dec-31 23:00:00 (100%)
Finished Program: 2014-Oct-26 15:44:01.634972
Elapsed Time: 00:00:44.103656
