instance.yaml
kiva v0.2.0-19-ge248292
Copyright (C) 2012-2014 Big Ladder Software
Web: www.bigladdersoftware.com

Starting Program: 2014-Nov-17 08:41:12.053855
Creating Domain...
  X Cells: 157
  Y Cells: 1
  Z Cells: 113
  Total Cells: 17741
Initializing Temperatures...
  2099-Jan-02 05:00:00
  2099-Jan-14 23:00:00
  2099-Jan-27 19:00:00
  2099-Feb-09 15:00:00
  2099-Feb-22 10:00:00
  2099-Mar-07 06:00:00
  2099-Mar-20 02:00:00
  2099-Apr-01 21:00:00
  2099-Apr-14 17:00:00
  2099-Apr-27 13:00:00
  2099-May-10 08:00:00
  2099-May-23 04:00:00
  2099-Jun-05 00:00:00
  2099-Jun-17 20:00:00
  2099-Jun-30 15:00:00
  2099-Jul-13 11:00:00
  2099-Jul-26 07:00:00
  2099-Aug-08 03:00:00
  2099-Aug-20 22:00:00
  2099-Sep-02 18:00:00
  2099-Sep-15 14:00:00
  2099-Sep-28 09:00:00
  2099-Oct-11 05:00:00
  2099-Oct-24 01:00:00
  2099-Nov-05 21:00:00
  2099-Nov-18 17:00:00
  2099-Dec-01 12:00:00
  2099-Dec-14 08:00:00
  2099-Dec-27 04:00:00
Beginning Simulation...
  2100-Jan-08 20:00:00 (2.1%)
  2100-Jan-21 10:00:00 (5.6%)
  2100-Feb-03 00:00:00 (9%)
  2100-Feb-15 14:00:00 (12.5%)
  2100-Feb-28 04:00:00 (15.9%)
  2100-Mar-12 18:00:00 (19.4%)
  2100-Mar-25 09:00:00 (22.8%)
  2100-Apr-06 23:00:00 (26.3%)
  2100-Apr-19 13:00:00 (29.7%)
  2100-May-02 03:00:00 (33.2%)
  2100-May-14 18:00:00 (36.6%)
  2100-May-27 08:00:00 (40.1%)
  2100-Jun-08 22:00:00 (43.5%)
  2100-Jun-21 13:00:00 (47%)
  2100-Jul-04 03:00:00 (50.4%)
  2100-Jul-16 17:00:00 (53.9%)
  2100-Jul-29 07:00:00 (57.3%)
  2100-Aug-10 21:00:00 (60.8%)
  2100-Aug-23 11:00:00 (64.2%)
  2100-Sep-05 01:00:00 (67.7%)
  2100-Sep-17 15:00:00 (71.1%)
  2100-Sep-30 05:00:00 (74.6%)
  2100-Oct-12 20:00:00 (78%)
  2100-Oct-25 10:00:00 (81.5%)
  2100-Nov-07 00:00:00 (84.9%)
  2100-Nov-19 15:00:00 (88.4%)
  2100-Dec-02 05:00:00 (91.8%)
  2100-Dec-14 19:00:00 (95.3%)
  2100-Dec-27 09:00:00 (98.7%)
  2100-Dec-31 23:00:00 (100%)
Finished Program: 2014-Nov-17 08:42:10.363880
Elapsed Time: 00:00:58.310025
