instance.yaml
kiva v0.2.0-21-g785bfe1
Copyright (C) 2012-2014 Big Ladder Software
Web: www.bigladdersoftware.com

Starting Program: 2014-Nov-18 11:14:23.143067
Creating Domain...
  X Cells: 199
  Y Cells: 1
  Z Cells: 133
  Total Cells: 26467
Initializing Temperatures...
  2098-Nov-19 23:00:00
  2099-Jan-06 12:00:00
  2099-Jan-15 10:00:00
  2099-Jan-24 08:00:00
  2099-Feb-02 05:00:00
  2099-Feb-11 03:00:00
  2099-Feb-20 00:00:00
  2099-Feb-28 22:00:00
  2099-Mar-09 20:00:00
  2099-Mar-18 17:00:00
  2099-Mar-27 15:00:00
  2099-Apr-05 12:00:00
  2099-Apr-14 10:00:00
  2099-Apr-23 08:00:00
  2099-May-02 06:00:00
  2099-May-11 03:00:00
  2099-May-20 01:00:00
  2099-May-28 23:00:00
  2099-Jun-06 21:00:00
  2099-Jun-15 18:00:00
  2099-Jun-24 16:00:00
  2099-Jul-03 14:00:00
  2099-Jul-12 12:00:00
  2099-Jul-21 09:00:00
  2099-Jul-30 07:00:00
  2099-Aug-08 05:00:00
  2099-Aug-17 02:00:00
  2099-Aug-26 00:00:00
  2099-Sep-03 22:00:00
  2099-Sep-12 20:00:00
  2099-Sep-21 17:00:00
  2099-Sep-30 15:00:00
  2099-Oct-09 13:00:00
  2099-Oct-18 11:00:00
  2099-Oct-27 09:00:00
  2099-Nov-05 06:00:00
  2099-Nov-14 04:00:00
  2099-Nov-23 01:00:00
  2099-Dec-01 23:00:00
  2099-Dec-10 20:00:00
  2099-Dec-19 18:00:00
  2099-Dec-28 16:00:00
Beginning Simulation...
  2100-Jan-06 04:00:00 (1.4%)
  2100-Jan-14 12:00:00 (3.7%)
  2100-Jan-22 19:00:00 (6%)
  2100-Jan-31 02:00:00 (8.2%)
  2100-Feb-08 09:00:00 (10.5%)
  2100-Feb-16 17:00:00 (12.8%)
  2100-Feb-25 00:00:00 (15.1%)
  2100-Mar-05 08:00:00 (17.4%)
  2100-Mar-13 18:00:00 (19.7%)
  2100-Mar-22 05:00:00 (22%)
  2100-Mar-30 15:00:00 (24.3%)
  2100-Apr-08 02:00:00 (26.6%)
  2100-Apr-16 12:00:00 (28.9%)
  2100-Apr-24 23:00:00 (31.2%)
  2100-May-03 09:00:00 (33.5%)
  2100-May-11 20:00:00 (35.8%)
  2100-May-20 07:00:00 (38.2%)
  2100-May-28 17:00:00 (40.5%)
  2100-Jun-06 04:00:00 (42.8%)
  2100-Jun-14 15:00:00 (45.1%)
  2100-Jun-23 01:00:00 (47.4%)
  2100-Jul-01 12:00:00 (49.7%)
  2100-Jul-09 23:00:00 (52%)
  2100-Jul-18 09:00:00 (54.3%)
  2100-Jul-26 20:00:00 (56.7%)
  2100-Aug-04 07:00:00 (59%)
  2100-Aug-12 17:00:00 (61.3%)
  2100-Aug-21 04:00:00 (63.6%)
  2100-Aug-29 14:00:00 (65.9%)
  2100-Sep-07 01:00:00 (68.2%)
  2100-Sep-15 12:00:00 (70.5%)
  2100-Sep-23 22:00:00 (72.9%)
  2100-Oct-02 09:00:00 (75.2%)
  2100-Oct-10 20:00:00 (77.5%)
  2100-Oct-19 05:00:00 (79.8%)
  2100-Oct-27 16:00:00 (82.1%)
  2100-Nov-05 02:00:00 (84.4%)
  2100-Nov-13 13:00:00 (86.7%)
  2100-Nov-22 00:00:00 (89%)
  2100-Nov-30 10:00:00 (91.3%)
  2100-Dec-08 20:00:00 (93.7%)
  2100-Dec-17 07:00:00 (96%)
  2100-Dec-25 17:00:00 (98.3%)
  2100-Dec-31 23:00:00 (100%)
Finished Program: 2014-Nov-18 11:15:48.741711
Elapsed Time: 00:01:25.598644
