instance.yaml
kiva v0.2.0-21-g785bfe1
Copyright (C) 2012-2014 Big Ladder Software
Web: www.bigladdersoftware.com

Starting Program: 2014-Nov-18 11:17:27.633488
Creating Domain...
  X Cells: 210
  Y Cells: 1
  Z Cells: 113
  Total Cells: 23730
Initializing Temperatures...
  2098-Oct-15 23:00:00
  2099-Jan-04 13:00:00
  2099-Jan-14 02:00:00
  2099-Jan-23 15:00:00
  2099-Feb-02 04:00:00
  2099-Feb-11 17:00:00
  2099-Feb-21 06:00:00
  2099-Mar-02 18:00:00
  2099-Mar-12 07:00:00
  2099-Mar-21 20:00:00
  2099-Mar-31 09:00:00
  2099-Apr-09 22:00:00
  2099-Apr-19 11:00:00
  2099-Apr-29 00:00:00
  2099-May-08 13:00:00
  2099-May-18 02:00:00
  2099-May-27 15:00:00
  2099-Jun-06 04:00:00
  2099-Jun-15 17:00:00
  2099-Jun-25 06:00:00
  2099-Jul-04 19:00:00
  2099-Jul-14 08:00:00
  2099-Jul-23 21:00:00
  2099-Aug-02 10:00:00
  2099-Aug-11 23:00:00
  2099-Aug-21 12:00:00
  2099-Aug-31 01:00:00
  2099-Sep-09 14:00:00
  2099-Sep-19 03:00:00
  2099-Sep-28 16:00:00
  2099-Oct-08 05:00:00
  2099-Oct-17 18:00:00
  2099-Oct-27 07:00:00
  2099-Nov-05 20:00:00
  2099-Nov-15 09:00:00
  2099-Nov-24 22:00:00
  2099-Dec-04 11:00:00
  2099-Dec-14 00:00:00
  2099-Dec-23 13:00:00
Beginning Simulation...
  2100-Jan-02 01:00:00 (0.3%)
  2100-Jan-11 11:00:00 (2.9%)
  2100-Jan-20 20:00:00 (5.4%)
  2100-Jan-30 05:00:00 (8%)
  2100-Feb-08 14:00:00 (10.6%)
  2100-Feb-18 00:00:00 (13.2%)
  2100-Feb-27 09:00:00 (15.7%)
  2100-Mar-08 18:00:00 (18.3%)
  2100-Mar-18 03:00:00 (20.9%)
  2100-Mar-27 13:00:00 (23.4%)
  2100-Apr-05 22:00:00 (26%)
  2100-Apr-15 07:00:00 (28.6%)
  2100-Apr-24 16:00:00 (31.1%)
  2100-May-04 02:00:00 (33.7%)
  2100-May-13 11:00:00 (36.3%)
  2100-May-22 21:00:00 (38.9%)
  2100-Jun-01 06:00:00 (41.4%)
  2100-Jun-10 15:00:00 (44%)
  2100-Jun-20 01:00:00 (46.6%)
  2100-Jun-29 10:00:00 (49.2%)
  2100-Jul-08 20:00:00 (51.7%)
  2100-Jul-18 05:00:00 (54.3%)
  2100-Jul-27 14:00:00 (56.9%)
  2100-Aug-06 00:00:00 (59.5%)
  2100-Aug-15 09:00:00 (62%)
  2100-Aug-24 19:00:00 (64.6%)
  2100-Sep-03 04:00:00 (67.2%)
  2100-Sep-12 13:00:00 (69.7%)
  2100-Sep-21 23:00:00 (72.3%)
  2100-Oct-01 08:00:00 (74.9%)
  2100-Oct-10 18:00:00 (77.5%)
  2100-Oct-20 03:00:00 (80%)
  2100-Oct-29 13:00:00 (82.6%)
  2100-Nov-07 22:00:00 (85.2%)
  2100-Nov-17 06:00:00 (87.7%)
  2100-Nov-26 15:00:00 (90.3%)
  2100-Dec-06 01:00:00 (92.9%)
  2100-Dec-15 10:00:00 (95.5%)
  2100-Dec-24 20:00:00 (98%)
  2100-Dec-31 23:00:00 (100%)
Finished Program: 2014-Nov-18 11:18:45.763192
Elapsed Time: 00:01:18.129704
