instance.yaml
kiva v0.2.0-19-ge248292
Copyright (C) 2012-2014 Big Ladder Software
Web: www.bigladdersoftware.com

Starting Program: 2014-Nov-17 08:41:13.120151
Creating Domain...
  X Cells: 121
  Y Cells: 1
  Z Cells: 103
  Total Cells: 12463
Initializing Temperatures...
  2099-Jan-04 21:00:00
  2099-Jan-23 05:00:00
  2099-Feb-10 12:00:00
  2099-Feb-28 19:00:00
  2099-Mar-19 02:00:00
  2099-Apr-06 10:00:00
  2099-Apr-24 18:00:00
  2099-May-13 01:00:00
  2099-May-31 09:00:00
  2099-Jun-18 17:00:00
  2099-Jul-07 01:00:00
  2099-Jul-25 09:00:00
  2099-Aug-12 16:00:00
  2099-Aug-31 00:00:00
  2099-Sep-18 08:00:00
  2099-Oct-06 16:00:00
  2099-Oct-24 23:00:00
  2099-Nov-12 07:00:00
  2099-Nov-30 15:00:00
  2099-Dec-18 23:00:00
Beginning Simulation...
  2100-Jan-06 03:00:00 (1.4%)
  2100-Jan-24 00:00:00 (6.3%)
  2100-Feb-10 20:00:00 (11.2%)
  2100-Feb-28 16:00:00 (16.1%)
  2100-Mar-18 12:00:00 (21%)
  2100-Apr-05 08:00:00 (25.8%)
  2100-Apr-23 04:00:00 (30.7%)
  2100-May-11 00:00:00 (35.6%)
  2100-May-28 21:00:00 (40.5%)
  2100-Jun-15 17:00:00 (45.4%)
  2100-Jul-03 14:00:00 (50.3%)
  2100-Jul-21 10:00:00 (55.2%)
  2100-Aug-08 05:00:00 (60.1%)
  2100-Aug-26 02:00:00 (65%)
  2100-Sep-12 23:00:00 (69.9%)
  2100-Sep-30 20:00:00 (74.7%)
  2100-Oct-18 16:00:00 (79.6%)
  2100-Nov-05 13:00:00 (84.5%)
  2100-Nov-23 09:00:00 (89.4%)
  2100-Dec-11 06:00:00 (94.3%)
  2100-Dec-29 02:00:00 (99.2%)
  2100-Dec-31 23:00:00 (100%)
Finished Program: 2014-Nov-17 08:41:54.161585
Elapsed Time: 00:00:41.041434
