instance.yaml
kiva v0.2.0-21-g785bfe1
Copyright (C) 2012-2014 Big Ladder Software
Web: www.bigladdersoftware.com

Starting Program: 2014-Nov-18 11:10:27.655363
Creating Domain...
  X Cells: 199
  Y Cells: 1
  Z Cells: 125
  Total Cells: 24875
Initializing Temperatures...
  2098-Oct-08 23:00:00
  2099-Jan-03 13:00:00
  2099-Jan-12 23:00:00
  2099-Jan-22 08:00:00
  2099-Jan-31 18:00:00
  2099-Feb-10 03:00:00
  2099-Feb-19 13:00:00
  2099-Feb-28 22:00:00
  2099-Mar-10 08:00:00
  2099-Mar-19 17:00:00
  2099-Mar-29 02:00:00
  2099-Apr-07 12:00:00
  2099-Apr-16 22:00:00
  2099-Apr-26 07:00:00
  2099-May-05 17:00:00
  2099-May-15 02:00:00
  2099-May-24 12:00:00
  2099-Jun-02 22:00:00
  2099-Jun-12 07:00:00
  2099-Jun-21 17:00:00
  2099-Jul-01 02:00:00
  2099-Jul-10 12:00:00
  2099-Jul-19 22:00:00
  2099-Jul-29 07:00:00
  2099-Aug-07 17:00:00
  2099-Aug-17 03:00:00
  2099-Aug-26 12:00:00
  2099-Sep-04 22:00:00
  2099-Sep-14 08:00:00
  2099-Sep-23 17:00:00
  2099-Oct-03 03:00:00
  2099-Oct-12 13:00:00
  2099-Oct-21 22:00:00
  2099-Oct-31 08:00:00
  2099-Nov-09 18:00:00
  2099-Nov-19 03:00:00
  2099-Nov-28 13:00:00
  2099-Dec-07 23:00:00
  2099-Dec-17 08:00:00
  2099-Dec-26 18:00:00
Beginning Simulation...
  2100-Jan-04 21:00:00 (1.1%)
  2100-Jan-13 17:00:00 (3.5%)
  2100-Jan-22 12:00:00 (5.9%)
  2100-Jan-31 08:00:00 (8.3%)
  2100-Feb-09 03:00:00 (10.7%)
  2100-Feb-17 23:00:00 (13.1%)
  2100-Feb-26 18:00:00 (15.5%)
  2100-Mar-07 13:00:00 (18%)
  2100-Mar-16 09:00:00 (20.4%)
  2100-Mar-25 04:00:00 (22.8%)
  2100-Apr-03 00:00:00 (25.2%)
  2100-Apr-11 20:00:00 (27.6%)
  2100-Apr-20 15:00:00 (30%)
  2100-Apr-29 11:00:00 (32.5%)
  2100-May-08 07:00:00 (34.9%)
  2100-May-17 02:00:00 (37.3%)
  2100-May-25 22:00:00 (39.7%)
  2100-Jun-03 18:00:00 (42.1%)
  2100-Jun-12 13:00:00 (44.5%)
  2100-Jun-21 09:00:00 (47%)
  2100-Jun-30 05:00:00 (49.4%)
  2100-Jul-09 00:00:00 (51.8%)
  2100-Jul-17 20:00:00 (54.2%)
  2100-Jul-26 16:00:00 (56.6%)
  2100-Aug-04 11:00:00 (59%)
  2100-Aug-13 07:00:00 (61.4%)
  2100-Aug-22 03:00:00 (63.9%)
  2100-Aug-30 23:00:00 (66.3%)
  2100-Sep-08 19:00:00 (68.7%)
  2100-Sep-17 15:00:00 (71.1%)
  2100-Sep-26 11:00:00 (73.6%)
  2100-Oct-05 08:00:00 (76%)
  2100-Oct-14 04:00:00 (78.4%)
  2100-Oct-22 23:00:00 (80.8%)
  2100-Oct-31 20:00:00 (83.2%)
  2100-Nov-09 18:00:00 (85.7%)
  2100-Nov-18 16:00:00 (88.1%)
  2100-Nov-27 13:00:00 (90.6%)
  2100-Dec-06 11:00:00 (93%)
  2100-Dec-15 09:00:00 (95.4%)
  2100-Dec-24 06:00:00 (97.9%)
  2100-Dec-31 23:00:00 (100%)
Finished Program: 2014-Nov-18 11:11:48.866328
Elapsed Time: 00:01:21.210965
