instance.yaml
kiva v0.2.0-21-g785bfe1
Copyright (C) 2012-2014 Big Ladder Software
Web: www.bigladdersoftware.com

Starting Program: 2014-Nov-18 10:54:23.566187
Creating Domain...
  X Cells: 92
  Y Cells: 1
  Z Cells: 93
  Total Cells: 8556
Initializing Temperatures...
  2098-Dec-24 23:00:00
  2099-Jan-25 15:00:00
  2099-Feb-20 05:00:00
  2099-Mar-17 19:00:00
  2099-Apr-12 09:00:00
  2099-May-07 23:00:00
  2099-Jun-02 13:00:00
  2099-Jun-28 03:00:00
  2099-Jul-23 17:00:00
  2099-Aug-18 07:00:00
  2099-Sep-12 21:00:00
  2099-Oct-08 11:00:00
  2099-Nov-03 00:00:00
  2099-Nov-28 15:00:00
  2099-Dec-24 05:00:00
Beginning Simulation...
  2100-Jan-18 07:00:00 (4.7%)
  2100-Feb-12 02:00:00 (11.5%)
  2100-Mar-08 22:00:00 (18.3%)
  2100-Apr-02 18:00:00 (25.1%)
  2100-Apr-27 14:00:00 (31.9%)
  2100-May-22 10:00:00 (38.7%)
  2100-Jun-16 06:00:00 (45.5%)
  2100-Jul-11 02:00:00 (52.4%)
  2100-Aug-04 02:00:00 (58.9%)
  2100-Aug-28 22:00:00 (65.7%)
  2100-Sep-22 18:00:00 (72.5%)
  2100-Oct-17 14:00:00 (79.3%)
  2100-Nov-11 10:00:00 (86.1%)
  2100-Dec-06 07:00:00 (93%)
  2100-Dec-31 03:00:00 (99.8%)
  2100-Dec-31 23:00:00 (100%)
Finished Program: 2014-Nov-18 10:54:53.034285
Elapsed Time: 00:00:29.468098
