instance.yaml
kiva v0.2.0-21-g785bfe1
Copyright (C) 2012-2014 Big Ladder Software
Web: www.bigladdersoftware.com

Starting Program: 2014-Nov-18 11:22:28.143614
Creating Domain...
  X Cells: 165
  Y Cells: 1
  Z Cells: 103
  Total Cells: 16995
Initializing Temperatures...
  2098-Dec-31 23:00:00
  2099-Jan-14 02:00:00
  2099-Jan-27 06:00:00
  2099-Feb-09 10:00:00
  2099-Feb-22 14:00:00
  2099-Mar-07 18:00:00
  2099-Mar-20 22:00:00
  2099-Apr-03 02:00:00
  2099-Apr-16 06:00:00
  2099-Apr-29 10:00:00
  2099-May-12 15:00:00
  2099-May-25 19:00:00
  2099-Jun-07 23:00:00
  2099-Jun-21 03:00:00
  2099-Jul-04 07:00:00
  2099-Jul-17 11:00:00
  2099-Jul-30 15:00:00
  2099-Aug-12 19:00:00
  2099-Aug-25 23:00:00
  2099-Sep-08 03:00:00
  2099-Sep-21 07:00:00
  2099-Oct-04 11:00:00
  2099-Oct-17 15:00:00
  2099-Oct-30 19:00:00
  2099-Nov-12 23:00:00
  2099-Nov-26 04:00:00
  2099-Dec-09 08:00:00
  2099-Dec-22 12:00:00
Beginning Simulation...
  2100-Jan-04 15:00:00 (1%)
  2100-Jan-17 14:00:00 (4.5%)
  2100-Jan-30 12:00:00 (8.1%)
  2100-Feb-12 11:00:00 (11.6%)
  2100-Feb-25 10:00:00 (15.2%)
  2100-Mar-10 09:00:00 (18.7%)
  2100-Mar-23 08:00:00 (22.3%)
  2100-Apr-05 06:00:00 (25.8%)
  2100-Apr-18 05:00:00 (29.4%)
  2100-May-01 04:00:00 (32.9%)
  2100-May-14 03:00:00 (36.5%)
  2100-May-27 02:00:00 (40%)
  2100-Jun-09 01:00:00 (43.6%)
  2100-Jun-22 00:00:00 (47.1%)
  2100-Jul-04 23:00:00 (50.7%)
  2100-Jul-17 22:00:00 (54.2%)
  2100-Jul-30 20:00:00 (57.8%)
  2100-Aug-12 19:00:00 (61.3%)
  2100-Aug-25 18:00:00 (64.9%)
  2100-Sep-07 17:00:00 (68.4%)
  2100-Sep-20 16:00:00 (72%)
  2100-Oct-03 15:00:00 (75.5%)
  2100-Oct-16 14:00:00 (79.1%)
  2100-Oct-29 13:00:00 (82.6%)
  2100-Nov-11 12:00:00 (86.2%)
  2100-Nov-24 11:00:00 (89.7%)
  2100-Dec-07 10:00:00 (93.3%)
  2100-Dec-20 09:00:00 (96.8%)
  2100-Dec-31 23:00:00 (100%)
Finished Program: 2014-Nov-18 11:23:24.897058
Elapsed Time: 00:00:56.753444
