instance.yaml
kiva v0.2.0-19-ge248292
Copyright (C) 2012-2014 Big Ladder Software
Web: www.bigladdersoftware.com

Starting Program: 2014-Nov-17 08:44:16.947580
Creating Domain...
  X Cells: 93
  Y Cells: 1
  Z Cells: 113
  Total Cells: 10509
Initializing Temperatures...
  2099-Jan-12 05:00:00
  2099-Feb-04 04:00:00
  2099-Feb-27 04:00:00
  2099-Mar-22 03:00:00
  2099-Apr-14 03:00:00
  2099-May-07 03:00:00
  2099-May-30 03:00:00
  2099-Jun-22 03:00:00
  2099-Jul-15 02:00:00
  2099-Aug-07 02:00:00
  2099-Aug-30 02:00:00
  2099-Sep-22 01:00:00
  2099-Oct-15 01:00:00
  2099-Nov-07 01:00:00
  2099-Nov-30 01:00:00
  2099-Dec-23 00:00:00
Beginning Simulation...
  2100-Jan-14 16:00:00 (3.7%)
  2100-Feb-06 03:00:00 (9.9%)
  2100-Feb-28 14:00:00 (16.1%)
  2100-Mar-22 23:00:00 (22.2%)
  2100-Apr-14 10:00:00 (28.3%)
  2100-May-06 21:00:00 (34.5%)
  2100-May-29 08:00:00 (40.6%)
  2100-Jun-20 18:00:00 (46.8%)
  2100-Jul-13 05:00:00 (52.9%)
  2100-Aug-04 15:00:00 (59.1%)
  2100-Aug-27 02:00:00 (65.2%)
  2100-Sep-18 12:00:00 (71.4%)
  2100-Oct-10 22:00:00 (77.5%)
  2100-Nov-02 08:00:00 (83.7%)
  2100-Nov-24 19:00:00 (89.8%)
  2100-Dec-17 05:00:00 (95.9%)
  2100-Dec-31 23:00:00 (100%)
Finished Program: 2014-Nov-17 08:44:49.658589
Elapsed Time: 00:00:32.711009
