instance.yaml
kiva v0.2.0-9-g526928a
Copyright (C) 2012-2014 Big Ladder Software
Web: www.bigladdersoftware.com

Starting Program: 2014-Nov-15 12:24:44.669271
Creating Domain...
  X Cells: 147
  Y Cells: 1
  Z Cells: 133
  Total Cells: 19551
Initializing Temperatures...
  2098-Oct-08 23:00:00
  2099-Jan-07 04:00:00
  2099-Jan-18 21:00:00
  2099-Jan-30 15:00:00
  2099-Feb-11 08:00:00
  2099-Feb-23 01:00:00
  2099-Mar-06 18:00:00
  2099-Mar-18 12:00:00
  2099-Mar-30 05:00:00
  2099-Apr-10 22:00:00
  2099-Apr-22 16:00:00
  2099-May-04 09:00:00
  2099-May-16 02:00:00
  2099-May-27 20:00:00
  2099-Jun-08 13:00:00
  2099-Jun-20 07:00:00
  2099-Jul-02 00:00:00
  2099-Jul-13 17:00:00
  2099-Jul-25 11:00:00
  2099-Aug-06 04:00:00
  2099-Aug-17 21:00:00
  2099-Aug-29 15:00:00
  2099-Sep-10 08:00:00
  2099-Sep-22 02:00:00
  2099-Oct-03 19:00:00
  2099-Oct-15 12:00:00
  2099-Oct-27 06:00:00
  2099-Nov-07 23:00:00
  2099-Nov-19 17:00:00
  2099-Dec-01 10:00:00
  2099-Dec-13 04:00:00
  2099-Dec-24 21:00:00
Beginning Simulation...
  2100-Jan-05 05:00:00 (1.2%)
  2100-Jan-15 21:00:00 (4.1%)
  2100-Jan-26 14:00:00 (7%)
  2100-Feb-06 06:00:00 (9.9%)
  2100-Feb-16 22:00:00 (12.9%)
  2100-Feb-27 14:00:00 (15.8%)
  2100-Mar-10 06:00:00 (18.7%)
  2100-Mar-20 23:00:00 (21.6%)
  2100-Mar-31 15:00:00 (24.6%)
  2100-Apr-11 07:00:00 (27.5%)
  2100-Apr-21 23:00:00 (30.4%)
  2100-May-02 16:00:00 (33.3%)
  2100-May-13 08:00:00 (36.3%)
  2100-May-24 01:00:00 (39.2%)
  2100-Jun-03 16:00:00 (42.1%)
  2100-Jun-14 09:00:00 (45%)
  2100-Jun-25 01:00:00 (48%)
  2100-Jul-05 17:00:00 (50.9%)
  2100-Jul-16 09:00:00 (53.8%)
  2100-Jul-27 02:00:00 (56.7%)
  2100-Aug-06 18:00:00 (59.7%)
  2100-Aug-17 11:00:00 (62.6%)
  2100-Aug-28 03:00:00 (65.5%)
  2100-Sep-07 20:00:00 (68.4%)
  2100-Sep-18 12:00:00 (71.4%)
  2100-Sep-29 05:00:00 (74.3%)
  2100-Oct-09 21:00:00 (77.2%)
  2100-Oct-20 13:00:00 (80.1%)
  2100-Oct-31 06:00:00 (83.1%)
  2100-Nov-10 22:00:00 (86%)
  2100-Nov-21 15:00:00 (88.9%)
  2100-Dec-02 07:00:00 (91.9%)
  2100-Dec-13 00:00:00 (94.8%)
  2100-Dec-23 16:00:00 (97.7%)
  2100-Dec-31 23:00:00 (100%)
Finished Program: 2014-Nov-15 12:25:50.776961
Elapsed Time: 00:01:06.107690
