instance.yaml
kiva v0.2.0-21-g785bfe1
Copyright (C) 2012-2014 Big Ladder Software
Web: www.bigladdersoftware.com

Starting Program: 2014-Nov-18 11:23:24.781183
Creating Domain...
  X Cells: 130
  Y Cells: 1
  Z Cells: 132
  Total Cells: 17160
Initializing Temperatures...
  2099-Jan-07 19:00:00
  2099-Jan-23 08:00:00
  2099-Feb-07 21:00:00
  2099-Feb-23 09:00:00
  2099-Mar-10 23:00:00
  2099-Mar-26 12:00:00
  2099-Apr-11 01:00:00
  2099-Apr-26 14:00:00
  2099-May-12 04:00:00
  2099-May-27 17:00:00
  2099-Jun-12 06:00:00
  2099-Jun-27 20:00:00
  2099-Jul-13 09:00:00
  2099-Jul-28 22:00:00
  2099-Aug-13 12:00:00
  2099-Aug-29 01:00:00
  2099-Sep-13 14:00:00
  2099-Sep-29 04:00:00
  2099-Oct-14 17:00:00
  2099-Oct-30 06:00:00
  2099-Nov-14 20:00:00
  2099-Nov-29 23:00:00
  2099-Dec-15 13:00:00
  2099-Dec-31 02:00:00
Beginning Simulation...
  2100-Jan-14 17:00:00 (3.8%)
  2100-Jan-29 05:00:00 (7.7%)
  2100-Feb-12 18:00:00 (11.7%)
  2100-Feb-27 07:00:00 (15.7%)
  2100-Mar-13 20:00:00 (19.7%)
  2100-Mar-28 09:00:00 (23.7%)
  2100-Apr-11 22:00:00 (27.6%)
  2100-Apr-26 11:00:00 (31.6%)
  2100-May-11 00:00:00 (35.6%)
  2100-May-25 12:00:00 (39.6%)
  2100-Jun-09 01:00:00 (43.6%)
  2100-Jun-23 13:00:00 (47.5%)
  2100-Jul-08 02:00:00 (51.5%)
  2100-Jul-22 15:00:00 (55.5%)
  2100-Aug-06 03:00:00 (59.5%)
  2100-Aug-20 16:00:00 (63.5%)
  2100-Sep-04 05:00:00 (67.5%)
  2100-Sep-18 18:00:00 (71.4%)
  2100-Oct-03 07:00:00 (75.4%)
  2100-Oct-17 20:00:00 (79.4%)
  2100-Nov-01 09:00:00 (83.4%)
  2100-Nov-15 22:00:00 (87.4%)
  2100-Nov-30 11:00:00 (91.4%)
  2100-Dec-14 23:00:00 (95.3%)
  2100-Dec-29 11:00:00 (99.3%)
  2100-Dec-31 23:00:00 (100%)
Finished Program: 2014-Nov-18 11:24:14.172315
Elapsed Time: 00:00:49.391132
