instance.yaml
kiva v0.2.0-9-g526928a
Copyright (C) 2012-2014 Big Ladder Software
Web: www.bigladdersoftware.com

Starting Program: 2014-Oct-26 15:42:21.281067
Creating Domain...
  X Cells: 98
  Y Cells: 1
  Z Cells: 133
  Total Cells: 13034
Initializing Temperatures...
  2098-Oct-01 23:00:00
  2098-Oct-29 23:00:00
  2098-Dec-10 23:00:00
  2099-Jan-01 18:00:00
  2099-Jan-07 11:00:00
  2099-Jan-13 15:00:00
  2099-Jan-19 20:00:00
  2099-Jan-26 00:00:00
  2099-Feb-01 09:00:00
  2099-Feb-07 13:00:00
  2099-Feb-14 00:00:00
  2099-Feb-20 09:00:00
  2099-Feb-26 15:00:00
  2099-Mar-04 20:00:00
  2099-Mar-10 22:00:00
  2099-Mar-17 04:00:00
  2099-Mar-23 11:00:00
  2099-Mar-29 18:00:00
  2099-Apr-04 23:00:00
  2099-Apr-11 02:00:00
  2099-Apr-17 06:00:00
  2099-Apr-23 11:00:00
  2099-Apr-29 18:00:00
  2099-May-05 22:00:00
  2099-May-12 03:00:00
  2099-May-18 06:00:00
  2099-May-24 11:00:00
  2099-May-30 18:00:00
  2099-Jun-06 00:00:00
  2099-Jun-12 05:00:00
  2099-Jun-18 09:00:00
  2099-Jun-24 13:00:00
  2099-Jun-30 18:00:00
  2099-Jul-06 22:00:00
  2099-Jul-13 02:00:00
  2099-Jul-19 06:00:00
  2099-Jul-25 11:00:00
  2099-Jul-31 15:00:00
  2099-Aug-06 20:00:00
  2099-Aug-13 00:00:00
  2099-Aug-19 04:00:00
  2099-Aug-25 09:00:00
  2099-Aug-31 18:00:00
  2099-Sep-07 01:00:00
  2099-Sep-13 05:00:00
  2099-Sep-19 11:00:00
  2099-Sep-25 18:00:00
  2099-Oct-02 02:00:00
  2099-Oct-08 13:00:00
  2099-Oct-14 20:00:00
  2099-Oct-21 02:00:00
  2099-Oct-27 07:00:00
  2099-Nov-02 12:00:00
  2099-Nov-08 19:00:00
  2099-Nov-15 02:00:00
  2099-Nov-21 09:00:00
  2099-Nov-27 14:00:00
  2099-Dec-03 19:00:00
  2099-Dec-10 00:00:00
  2099-Dec-16 04:00:00
  2099-Dec-22 08:00:00
  2099-Dec-28 12:00:00
Beginning Simulation...
  2100-Jan-03 12:00:00 (0.7%)
  2100-Jan-09 06:00:00 (2.3%)
  2100-Jan-14 23:00:00 (3.8%)
  2100-Jan-20 16:00:00 (5.4%)
  2100-Jan-26 07:00:00 (6.9%)
  2100-Feb-01 00:00:00 (8.5%)
  2100-Feb-06 16:00:00 (10%)
  2100-Feb-12 07:00:00 (11.6%)
  2100-Feb-18 00:00:00 (13.2%)
  2100-Feb-23 20:00:00 (14.7%)
  2100-Mar-01 14:00:00 (16.3%)
  2100-Mar-07 06:00:00 (17.9%)
  2100-Mar-12 20:00:00 (19.4%)
  2100-Mar-18 14:00:00 (21%)
  2100-Mar-24 05:00:00 (22.5%)
  2100-Mar-29 22:00:00 (24.1%)
  2100-Apr-04 14:00:00 (25.6%)
  2100-Apr-10 06:00:00 (27.2%)
  2100-Apr-15 22:00:00 (28.7%)
  2100-Apr-21 14:00:00 (30.3%)
  2100-Apr-27 07:00:00 (31.9%)
  2100-May-02 23:00:00 (33.4%)
  2100-May-08 14:00:00 (35%)
  2100-May-14 05:00:00 (36.5%)
  2100-May-19 22:00:00 (38.1%)
  2100-May-25 13:00:00 (39.6%)
  2100-May-31 05:00:00 (41.2%)
  2100-Jun-05 22:00:00 (42.7%)
  2100-Jun-11 18:00:00 (44.3%)
  2100-Jun-17 12:00:00 (45.9%)
  2100-Jun-23 04:00:00 (47.4%)
  2100-Jun-28 20:00:00 (49%)
  2100-Jul-04 11:00:00 (50.5%)
  2100-Jul-10 04:00:00 (52.1%)
  2100-Jul-15 19:00:00 (53.6%)
  2100-Jul-21 14:00:00 (55.2%)
  2100-Jul-27 07:00:00 (56.8%)
  2100-Aug-02 01:00:00 (58.4%)
  2100-Aug-07 19:00:00 (59.9%)
  2100-Aug-13 12:00:00 (61.5%)
  2100-Aug-19 09:00:00 (63.1%)
  2100-Aug-25 06:00:00 (64.7%)
  2100-Aug-30 23:00:00 (66.3%)
  2100-Sep-05 15:00:00 (67.8%)
  2100-Sep-11 10:00:00 (69.4%)
  2100-Sep-17 08:00:00 (71.1%)
  2100-Sep-23 03:00:00 (72.6%)
  2100-Sep-28 21:00:00 (74.2%)
  2100-Oct-04 11:00:00 (75.7%)
  2100-Oct-10 04:00:00 (77.3%)
  2100-Oct-15 20:00:00 (78.9%)
  2100-Oct-21 16:00:00 (80.5%)
  2100-Oct-27 13:00:00 (82.1%)
  2100-Nov-02 07:00:00 (83.6%)
  2100-Nov-07 23:00:00 (85.2%)
  2100-Nov-13 15:00:00 (86.7%)
  2100-Nov-19 07:00:00 (88.3%)
  2100-Nov-24 22:00:00 (89.8%)
  2100-Nov-30 15:00:00 (91.4%)
  2100-Dec-06 06:00:00 (92.9%)
  2100-Dec-11 22:00:00 (94.5%)
  2100-Dec-17 14:00:00 (96.1%)
  2100-Dec-23 05:00:00 (97.6%)
  2100-Dec-28 21:00:00 (99.1%)
  2100-Dec-31 23:00:00 (100%)
Finished Program: 2014-Oct-26 15:44:27.551797
Elapsed Time: 00:02:06.270730
