instance.yaml
kiva v0.2.0-21-g785bfe1
Copyright (C) 2012-2014 Big Ladder Software
Web: www.bigladdersoftware.com

Starting Program: 2014-Nov-18 11:20:25.811582
Creating Domain...
  X Cells: 87
  Y Cells: 1
  Z Cells: 125
  Total Cells: 10875
Initializing Temperatures...
  2098-Oct-01 23:00:00
  2099-Jan-15 02:00:00
  2099-Feb-06 09:00:00
  2099-Feb-28 16:00:00
  2099-Mar-22 23:00:00
  2099-Apr-14 07:00:00
  2099-May-06 14:00:00
  2099-May-28 22:00:00
  2099-Jun-20 06:00:00
  2099-Jul-12 14:00:00
  2099-Aug-03 22:00:00
  2099-Aug-26 05:00:00
  2099-Sep-17 13:00:00
  2099-Oct-09 21:00:00
  2099-Nov-01 05:00:00
  2099-Nov-23 13:00:00
  2099-Dec-15 21:00:00
Beginning Simulation...
  2100-Jan-06 17:00:00 (1.6%)
  2100-Jan-27 04:00:00 (7.2%)
  2100-Feb-16 16:00:00 (12.8%)
  2100-Mar-09 03:00:00 (18.4%)
  2100-Mar-29 14:00:00 (24%)
  2100-Apr-19 02:00:00 (29.6%)
  2100-May-09 14:00:00 (35.2%)
  2100-May-30 02:00:00 (40.8%)
  2100-Jun-19 15:00:00 (46.5%)
  2100-Jul-10 03:00:00 (52.1%)
  2100-Jul-30 15:00:00 (57.7%)
  2100-Aug-20 11:00:00 (63.4%)
  2100-Sep-10 09:00:00 (69.1%)
  2100-Oct-01 06:00:00 (74.9%)
  2100-Oct-22 03:00:00 (80.6%)
  2100-Nov-11 23:00:00 (86.3%)
  2100-Dec-02 20:00:00 (92%)
  2100-Dec-23 11:00:00 (97.7%)
  2100-Dec-31 23:00:00 (100%)
Finished Program: 2014-Nov-18 11:21:00.407802
Elapsed Time: 00:00:34.596220
