instance.yaml
kiva v0.2.0-19-ge248292
Copyright (C) 2012-2014 Big Ladder Software
Web: www.bigladdersoftware.com

Starting Program: 2014-Nov-17 08:41:14.967469
Creating Domain...
  X Cells: 87
  Y Cells: 1
  Z Cells: 96
  Total Cells: 8352
Initializing Temperatures...
  2099-Jan-15 07:00:00
  2099-Feb-09 18:00:00
  2099-Mar-07 04:00:00
  2099-Apr-01 15:00:00
  2099-Apr-27 02:00:00
  2099-May-22 13:00:00
  2099-Jun-17 00:00:00
  2099-Jul-12 11:00:00
  2099-Aug-06 22:00:00
  2099-Sep-01 09:00:00
  2099-Sep-26 20:00:00
  2099-Oct-22 07:00:00
  2099-Nov-16 18:00:00
  2099-Dec-12 05:00:00
Beginning Simulation...
  2100-Jan-06 13:00:00 (1.5%)
  2100-Jan-31 09:00:00 (8.3%)
  2100-Feb-25 05:00:00 (15.1%)
  2100-Mar-22 01:00:00 (21.9%)
  2100-Apr-15 21:00:00 (28.7%)
  2100-May-10 17:00:00 (35.5%)
  2100-Jun-04 14:00:00 (42.4%)
  2100-Jun-29 10:00:00 (49.2%)
  2100-Jul-24 07:00:00 (56%)
  2100-Aug-18 03:00:00 (62.8%)
  2100-Sep-11 23:00:00 (69.6%)
  2100-Oct-06 20:00:00 (76.4%)
  2100-Oct-31 16:00:00 (83.2%)
  2100-Nov-25 13:00:00 (90%)
  2100-Dec-20 09:00:00 (96.8%)
  2100-Dec-31 23:00:00 (100%)
Finished Program: 2014-Nov-17 08:41:44.467603
Elapsed Time: 00:00:29.500134
