instance.yaml
kiva v0.2.0-9-g526928a
Copyright (C) 2012-2014 Big Ladder Software
Web: www.bigladdersoftware.com

Starting Program: 2014-Nov-15 11:22:43.941843
Creating Domain...
  X Cells: 194
  Y Cells: 1
  Z Cells: 125
  Total Cells: 24250
Initializing Temperatures...
  2099-Jan-01 02:00:00
  2099-Jan-10 18:00:00
  2099-Jan-20 10:00:00
  2099-Jan-30 03:00:00
  2099-Feb-08 20:00:00
  2099-Feb-18 16:00:00
  2099-Feb-28 11:00:00
  2099-Mar-10 07:00:00
  2099-Mar-20 02:00:00
  2099-Mar-29 22:00:00
  2099-Apr-08 17:00:00
  2099-Apr-18 12:00:00
  2099-Apr-28 08:00:00
  2099-May-08 03:00:00
  2099-May-18 01:00:00
  2099-May-28 00:00:00
  2099-Jun-06 23:00:00
  2099-Jun-16 22:00:00
  2099-Jun-26 21:00:00
  2099-Jul-06 21:00:00
  2099-Jul-16 20:00:00
  2099-Jul-26 19:00:00
  2099-Aug-05 18:00:00
  2099-Aug-15 17:00:00
  2099-Aug-25 16:00:00
  2099-Sep-04 15:00:00
  2099-Sep-14 14:00:00
  2099-Sep-24 13:00:00
  2099-Oct-04 12:00:00
  2099-Oct-14 11:00:00
  2099-Oct-24 10:00:00
  2099-Nov-03 09:00:00
  2099-Nov-13 08:00:00
  2099-Nov-23 07:00:00
  2099-Dec-03 07:00:00
  2099-Dec-13 06:00:00
  2099-Dec-23 05:00:00
Beginning Simulation...
  2100-Jan-02 02:00:00 (0.3%)
  2100-Jan-11 09:00:00 (2.8%)
  2100-Jan-20 16:00:00 (5.4%)
  2100-Jan-29 23:00:00 (7.9%)
  2100-Feb-08 07:00:00 (10.5%)
  2100-Feb-17 14:00:00 (13%)
  2100-Feb-26 21:00:00 (15.6%)
  2100-Mar-08 04:00:00 (18.1%)
  2100-Mar-17 11:00:00 (20.7%)
  2100-Mar-26 18:00:00 (23.2%)
  2100-Apr-05 01:00:00 (25.8%)
  2100-Apr-14 08:00:00 (28.3%)
  2100-Apr-23 15:00:00 (30.9%)
  2100-May-02 22:00:00 (33.4%)
  2100-May-12 05:00:00 (35.9%)
  2100-May-21 12:00:00 (38.5%)
  2100-May-30 19:00:00 (41%)
  2100-Jun-09 02:00:00 (43.6%)
  2100-Jun-18 09:00:00 (46.1%)
  2100-Jun-27 17:00:00 (48.7%)
  2100-Jul-07 00:00:00 (51.2%)
  2100-Jul-16 07:00:00 (53.8%)
  2100-Jul-25 14:00:00 (56.3%)
  2100-Aug-03 21:00:00 (58.9%)
  2100-Aug-13 04:00:00 (61.4%)
  2100-Aug-22 11:00:00 (64%)
  2100-Aug-31 18:00:00 (66.5%)
  2100-Sep-10 01:00:00 (69.1%)
  2100-Sep-19 08:00:00 (71.6%)
  2100-Sep-28 15:00:00 (74.1%)
  2100-Oct-07 22:00:00 (76.7%)
  2100-Oct-17 06:00:00 (79.2%)
  2100-Oct-26 11:00:00 (81.8%)
  2100-Nov-04 18:00:00 (84.3%)
  2100-Nov-14 01:00:00 (86.9%)
  2100-Nov-23 08:00:00 (89.4%)
  2100-Dec-02 15:00:00 (92%)
  2100-Dec-11 22:00:00 (94.5%)
  2100-Dec-21 05:00:00 (97%)
  2100-Dec-30 12:00:00 (99.6%)
  2100-Dec-31 23:00:00 (100%)
Finished Program: 2014-Nov-15 11:24:01.160338
Elapsed Time: 00:01:17.218495
