instance.yaml
kiva v0.2.0-21-g785bfe1
Copyright (C) 2012-2014 Big Ladder Software
Web: www.bigladdersoftware.com

Starting Program: 2014-Nov-18 10:54:25.590375
Creating Domain...
  X Cells: 109
  Y Cells: 1
  Z Cells: 158
  Total Cells: 17222
Initializing Temperatures...
  2098-Oct-22 23:00:00
  2099-Jan-10 07:00:00
  2099-Jan-24 20:00:00
  2099-Feb-08 08:00:00
  2099-Feb-22 21:00:00
  2099-Mar-09 10:00:00
  2099-Mar-23 22:00:00
  2099-Apr-07 11:00:00
  2099-Apr-22 00:00:00
  2099-May-06 13:00:00
  2099-May-21 01:00:00
  2099-Jun-04 14:00:00
  2099-Jun-19 03:00:00
  2099-Jul-03 16:00:00
  2099-Jul-18 05:00:00
  2099-Aug-01 18:00:00
  2099-Aug-16 07:00:00
  2099-Aug-30 20:00:00
  2099-Sep-14 09:00:00
  2099-Sep-28 22:00:00
  2099-Oct-13 10:00:00
  2099-Oct-27 23:00:00
  2099-Nov-11 12:00:00
  2099-Nov-26 01:00:00
  2099-Dec-10 14:00:00
  2099-Dec-25 03:00:00
Beginning Simulation...
  2100-Jan-08 01:00:00 (1.9%)
  2100-Jan-21 09:00:00 (5.6%)
  2100-Feb-03 17:00:00 (9.2%)
  2100-Feb-17 01:00:00 (12.9%)
  2100-Mar-02 09:00:00 (16.5%)
  2100-Mar-15 16:00:00 (20.2%)
  2100-Mar-28 23:00:00 (23.8%)
  2100-Apr-11 07:00:00 (27.5%)
  2100-Apr-24 15:00:00 (31.1%)
  2100-May-07 23:00:00 (34.8%)
  2100-May-21 07:00:00 (38.4%)
  2100-Jun-03 16:00:00 (42.1%)
  2100-Jun-17 00:00:00 (45.8%)
  2100-Jun-30 08:00:00 (49.4%)
  2100-Jul-13 16:00:00 (53.1%)
  2100-Jul-27 01:00:00 (56.7%)
  2100-Aug-09 09:00:00 (60.4%)
  2100-Aug-22 17:00:00 (64%)
  2100-Sep-05 02:00:00 (67.7%)
  2100-Sep-18 10:00:00 (71.3%)
  2100-Oct-01 18:00:00 (75%)
  2100-Oct-15 03:00:00 (78.7%)
  2100-Oct-28 11:00:00 (82.3%)
  2100-Nov-10 20:00:00 (86%)
  2100-Nov-24 04:00:00 (89.6%)
  2100-Dec-07 13:00:00 (93.3%)
  2100-Dec-20 21:00:00 (97%)
  2100-Dec-31 23:00:00 (100%)
Finished Program: 2014-Nov-18 10:55:18.830864
Elapsed Time: 00:00:53.240489
