instance.yaml
kiva v0.2.0-21-g785bfe1
Copyright (C) 2012-2014 Big Ladder Software
Web: www.bigladdersoftware.com

Starting Program: 2014-Nov-18 11:24:27.952708
Creating Domain...
  X Cells: 100
  Y Cells: 1
  Z Cells: 125
  Total Cells: 12500
Initializing Temperatures...
  2099-Jan-09 08:00:00
  2099-Jan-29 11:00:00
  2099-Feb-18 14:00:00
  2099-Mar-10 17:00:00
  2099-Mar-30 20:00:00
  2099-Apr-19 23:00:00
  2099-May-10 02:00:00
  2099-May-30 05:00:00
  2099-Jun-19 09:00:00
  2099-Jul-09 12:00:00
  2099-Jul-29 15:00:00
  2099-Aug-18 18:00:00
  2099-Sep-07 21:00:00
  2099-Sep-28 01:00:00
  2099-Oct-18 04:00:00
  2099-Nov-07 07:00:00
  2099-Nov-27 10:00:00
  2099-Dec-17 14:00:00
Beginning Simulation...
  2100-Jan-06 07:00:00 (1.4%)
  2100-Jan-24 21:00:00 (6.5%)
  2100-Feb-12 12:00:00 (11.6%)
  2100-Mar-03 03:00:00 (16.7%)
  2100-Mar-21 18:00:00 (21.8%)
  2100-Apr-09 09:00:00 (27%)
  2100-Apr-27 23:00:00 (32%)
  2100-May-16 14:00:00 (37.1%)
  2100-Jun-04 05:00:00 (42.2%)
  2100-Jun-22 20:00:00 (47.4%)
  2100-Jul-11 10:00:00 (52.4%)
  2100-Jul-30 01:00:00 (57.5%)
  2100-Aug-17 15:00:00 (62.6%)
  2100-Sep-05 06:00:00 (67.7%)
  2100-Sep-23 18:00:00 (72.8%)
  2100-Oct-12 08:00:00 (77.9%)
  2100-Oct-30 23:00:00 (83%)
  2100-Nov-18 14:00:00 (88.1%)
  2100-Dec-07 05:00:00 (93.2%)
  2100-Dec-25 20:00:00 (98.3%)
  2100-Dec-31 23:00:00 (100%)
Finished Program: 2014-Nov-18 11:25:06.329095
Elapsed Time: 00:00:38.376387
