instance.yaml
kiva v0.2.0-21-g785bfe1
Copyright (C) 2012-2014 Big Ladder Software
Web: www.bigladdersoftware.com

Starting Program: 2014-Nov-18 11:22:28.370077
Creating Domain...
  X Cells: 186
  Y Cells: 1
  Z Cells: 133
  Total Cells: 24738
Initializing Temperatures...
  2098-Nov-12 23:00:00
  2099-Jan-06 13:00:00
  2099-Jan-16 04:00:00
  2099-Jan-25 19:00:00
  2099-Feb-04 09:00:00
  2099-Feb-14 00:00:00
  2099-Feb-23 14:00:00
  2099-Mar-05 05:00:00
  2099-Mar-14 19:00:00
  2099-Mar-24 10:00:00
  2099-Apr-03 01:00:00
  2099-Apr-12 16:00:00
  2099-Apr-22 06:00:00
  2099-May-01 21:00:00
  2099-May-11 12:00:00
  2099-May-21 02:00:00
  2099-May-30 16:00:00
  2099-Jun-09 07:00:00
  2099-Jun-18 22:00:00
  2099-Jun-28 13:00:00
  2099-Jul-08 03:00:00
  2099-Jul-17 18:00:00
  2099-Jul-27 09:00:00
  2099-Aug-06 00:00:00
  2099-Aug-15 15:00:00
  2099-Aug-25 06:00:00
  2099-Sep-03 23:00:00
  2099-Sep-13 16:00:00
  2099-Sep-23 09:00:00
  2099-Oct-03 02:00:00
  2099-Oct-12 19:00:00
  2099-Oct-22 12:00:00
  2099-Nov-01 05:00:00
  2099-Nov-10 22:00:00
  2099-Nov-20 15:00:00
  2099-Nov-30 08:00:00
  2099-Dec-10 01:00:00
  2099-Dec-19 17:00:00
  2099-Dec-29 10:00:00
Beginning Simulation...
  2100-Jan-07 15:00:00 (1.8%)
  2100-Jan-16 15:00:00 (4.3%)
  2100-Jan-25 15:00:00 (6.7%)
  2100-Feb-03 16:00:00 (9.2%)
  2100-Feb-12 16:00:00 (11.7%)
  2100-Feb-21 16:00:00 (14.2%)
  2100-Mar-02 16:00:00 (16.6%)
  2100-Mar-11 16:00:00 (19.1%)
  2100-Mar-20 16:00:00 (21.6%)
  2100-Mar-29 16:00:00 (24%)
  2100-Apr-07 17:00:00 (26.5%)
  2100-Apr-16 17:00:00 (29%)
  2100-Apr-25 17:00:00 (31.4%)
  2100-May-04 17:00:00 (33.9%)
  2100-May-13 17:00:00 (36.4%)
  2100-May-22 17:00:00 (38.8%)
  2100-May-31 18:00:00 (41.3%)
  2100-Jun-09 18:00:00 (43.8%)
  2100-Jun-18 18:00:00 (46.2%)
  2100-Jun-27 18:00:00 (48.7%)
  2100-Jul-06 18:00:00 (51.2%)
  2100-Jul-15 18:00:00 (53.6%)
  2100-Jul-24 18:00:00 (56.1%)
  2100-Aug-02 18:00:00 (58.6%)
  2100-Aug-11 18:00:00 (61%)
  2100-Aug-20 19:00:00 (63.5%)
  2100-Aug-29 19:00:00 (66%)
  2100-Sep-07 19:00:00 (68.4%)
  2100-Sep-16 19:00:00 (70.9%)
  2100-Sep-25 19:00:00 (73.4%)
  2100-Oct-04 20:00:00 (75.8%)
  2100-Oct-13 20:00:00 (78.3%)
  2100-Oct-22 20:00:00 (80.8%)
  2100-Oct-31 20:00:00 (83.2%)
  2100-Nov-09 19:00:00 (85.7%)
  2100-Nov-18 19:00:00 (88.2%)
  2100-Nov-27 19:00:00 (90.6%)
  2100-Dec-06 20:00:00 (93.1%)
  2100-Dec-15 20:00:00 (95.6%)
  2100-Dec-24 17:00:00 (98%)
  2100-Dec-31 23:00:00 (100%)
Finished Program: 2014-Nov-18 11:23:47.807453
Elapsed Time: 00:01:19.437376
