instance.yaml
kiva v0.2.0-20-g4c7c200
Copyright (C) 2012-2014 Big Ladder Software
Web: www.bigladdersoftware.com

Starting Program: 2014-Nov-17 14:18:18.331474
Creating Domain...
  X Cells: 159
  Y Cells: 1
  Z Cells: 133
  Total Cells: 21147
Initializing Temperatures...
  2098-Nov-12 23:00:00
  2099-Jan-08 06:00:00
  2099-Jan-19 09:00:00
  2099-Jan-30 13:00:00
  2099-Feb-10 16:00:00
  2099-Feb-21 20:00:00
  2099-Mar-04 23:00:00
  2099-Mar-16 03:00:00
  2099-Mar-27 06:00:00
  2099-Apr-07 09:00:00
  2099-Apr-18 13:00:00
  2099-Apr-29 16:00:00
  2099-May-10 20:00:00
  2099-May-21 23:00:00
  2099-Jun-02 03:00:00
  2099-Jun-13 06:00:00
  2099-Jun-24 10:00:00
  2099-Jul-05 13:00:00
  2099-Jul-16 17:00:00
  2099-Jul-27 20:00:00
  2099-Aug-08 00:00:00
  2099-Aug-19 03:00:00
  2099-Aug-30 07:00:00
  2099-Sep-10 10:00:00
  2099-Sep-21 14:00:00
  2099-Oct-02 18:00:00
  2099-Oct-13 21:00:00
  2099-Oct-25 01:00:00
  2099-Nov-05 04:00:00
  2099-Nov-16 08:00:00
  2099-Nov-27 11:00:00
  2099-Dec-08 15:00:00
  2099-Dec-19 19:00:00
  2099-Dec-30 22:00:00
Beginning Simulation...
  2100-Jan-10 06:00:00 (2.5%)
  2100-Jan-20 11:00:00 (5.3%)
  2100-Jan-30 17:00:00 (8.1%)
  2100-Feb-09 23:00:00 (10.9%)
  2100-Feb-20 04:00:00 (13.7%)
  2100-Mar-02 09:00:00 (16.5%)
  2100-Mar-12 17:00:00 (19.4%)
  2100-Mar-23 01:00:00 (22.2%)
  2100-Apr-02 08:00:00 (25%)
  2100-Apr-12 16:00:00 (27.9%)
  2100-Apr-23 00:00:00 (30.7%)
  2100-May-03 08:00:00 (33.5%)
  2100-May-13 16:00:00 (36.3%)
  2100-May-23 23:00:00 (39.2%)
  2100-Jun-03 07:00:00 (42%)
  2100-Jun-13 15:00:00 (44.8%)
  2100-Jun-23 23:00:00 (47.7%)
  2100-Jul-04 07:00:00 (50.5%)
  2100-Jul-14 15:00:00 (53.3%)
  2100-Jul-24 22:00:00 (56.1%)
  2100-Aug-04 06:00:00 (59%)
  2100-Aug-14 14:00:00 (61.8%)
  2100-Aug-24 22:00:00 (64.6%)
  2100-Sep-04 06:00:00 (67.5%)
  2100-Sep-14 13:00:00 (70.3%)
  2100-Sep-24 21:00:00 (73.1%)
  2100-Oct-05 05:00:00 (75.9%)
  2100-Oct-15 13:00:00 (78.8%)
  2100-Oct-25 21:00:00 (81.6%)
  2100-Nov-05 05:00:00 (84.4%)
  2100-Nov-15 13:00:00 (87.3%)
  2100-Nov-25 18:00:00 (90.1%)
  2100-Dec-05 21:00:00 (92.8%)
  2100-Dec-16 02:00:00 (95.6%)
  2100-Dec-26 09:00:00 (98.5%)
  2100-Dec-31 23:00:00 (100%)
Finished Program: 2014-Nov-17 14:19:27.552468
Elapsed Time: 00:01:09.220994
