instance.yaml
kiva v0.2.0-21-g785bfe1
Copyright (C) 2012-2014 Big Ladder Software
Web: www.bigladdersoftware.com

Starting Program: 2014-Nov-18 11:10:23.615052
Creating Domain...
  X Cells: 92
  Y Cells: 1
  Z Cells: 125
  Total Cells: 11500
Initializing Temperatures...
  2098-Nov-12 23:00:00
  2099-Jan-18 11:00:00
  2099-Feb-09 07:00:00
  2099-Mar-03 03:00:00
  2099-Mar-24 22:00:00
  2099-Apr-15 16:00:00
  2099-May-07 12:00:00
  2099-May-29 08:00:00
  2099-Jun-20 04:00:00
  2099-Jul-11 23:00:00
  2099-Aug-02 19:00:00
  2099-Aug-24 15:00:00
  2099-Sep-15 11:00:00
  2099-Oct-07 07:00:00
  2099-Oct-29 03:00:00
  2099-Nov-19 23:00:00
  2099-Dec-11 19:00:00
Beginning Simulation...
  2100-Jan-02 11:00:00 (0.4%)
  2100-Jan-22 12:00:00 (5.9%)
  2100-Feb-11 12:00:00 (11.4%)
  2100-Mar-03 13:00:00 (16.9%)
  2100-Mar-23 13:00:00 (22.3%)
  2100-Apr-12 13:00:00 (27.8%)
  2100-May-02 04:00:00 (33.2%)
  2100-May-22 04:00:00 (38.7%)
  2100-Jun-11 05:00:00 (44.2%)
  2100-Jul-01 05:00:00 (49.6%)
  2100-Jul-21 06:00:00 (55.1%)
  2100-Aug-10 07:00:00 (60.6%)
  2100-Aug-30 08:00:00 (66.1%)
  2100-Sep-19 09:00:00 (71.6%)
  2100-Oct-09 10:00:00 (77.1%)
  2100-Oct-29 07:00:00 (82.5%)
  2100-Nov-18 08:00:00 (88%)
  2100-Dec-08 09:00:00 (93.5%)
  2100-Dec-28 09:00:00 (99%)
  2100-Dec-31 23:00:00 (100%)
Finished Program: 2014-Nov-18 11:10:59.179883
Elapsed Time: 00:00:35.564831
