instance.yaml
kiva v0.2.0-22-gd89b213
Copyright (C) 2012-2014 Big Ladder Software
Web: www.bigladdersoftware.com

Starting Program: 2014-Nov-19 10:38:43.700749
Creating Domain...
  X Cells: 152
  Y Cells: 1
  Z Cells: 125
  Total Cells: 19000
Initializing Temperatures...
Warning: Solution did not converge after 221 iterations.
  The final residual was: 0.000176995
  Solver status: 2
  2098-Oct-08 23:00:00
  2099-Jan-06 18:00:00
  2099-Jan-19 13:00:00
  2099-Feb-01 09:00:00
  2099-Feb-14 05:00:00
  2099-Feb-27 00:00:00
  2099-Mar-11 20:00:00
  2099-Mar-24 16:00:00
  2099-Apr-06 11:00:00
  2099-Apr-19 07:00:00
  2099-May-02 03:00:00
  2099-May-14 22:00:00
  2099-May-27 18:00:00
  2099-Jun-09 14:00:00
  2099-Jun-22 09:00:00
  2099-Jul-05 05:00:00
  2099-Jul-18 00:00:00
  2099-Jul-30 20:00:00
  2099-Aug-12 16:00:00
  2099-Aug-25 11:00:00
  2099-Sep-07 07:00:00
  2099-Sep-20 03:00:00
  2099-Oct-02 23:00:00
  2099-Oct-15 18:00:00
  2099-Oct-28 14:00:00
  2099-Nov-10 10:00:00
  2099-Nov-23 06:00:00
  2099-Dec-06 02:00:00
  2099-Dec-18 22:00:00
  2099-Dec-31 18:00:00
Beginning Simulation...
  2100-Jan-12 12:00:00 (3.2%)
  2100-Jan-24 05:00:00 (6.4%)
  2100-Feb-04 22:00:00 (9.6%)
  2100-Feb-16 15:00:00 (12.8%)
  2100-Feb-28 09:00:00 (16%)
  2100-Mar-12 01:00:00 (19.2%)
  2100-Mar-23 19:00:00 (22.4%)
  2100-Apr-04 12:00:00 (25.6%)
  2100-Apr-16 05:00:00 (28.8%)
  2100-Apr-27 23:00:00 (32%)
  2100-May-09 16:00:00 (35.3%)
  2100-May-21 10:00:00 (38.5%)
  2100-Jun-02 03:00:00 (41.7%)
  2100-Jun-13 21:00:00 (44.9%)
  2100-Jun-25 15:00:00 (48.1%)
  2100-Jul-07 08:00:00 (51.3%)
  2100-Jul-19 02:00:00 (54.5%)
  2100-Jul-30 20:00:00 (57.8%)
  2100-Aug-11 13:00:00 (61%)
  2100-Aug-23 07:00:00 (64.2%)
  2100-Sep-04 00:00:00 (67.4%)
  2100-Sep-15 18:00:00 (70.6%)
  2100-Sep-27 12:00:00 (73.8%)
  2100-Oct-09 06:00:00 (77.1%)
  2100-Oct-20 23:00:00 (80.3%)
  2100-Nov-01 17:00:00 (83.5%)
  2100-Nov-13 10:00:00 (86.7%)
  2100-Nov-25 04:00:00 (89.9%)
  2100-Dec-06 21:00:00 (93.1%)
  2100-Dec-18 14:00:00 (96.3%)
  2100-Dec-30 07:00:00 (99.5%)
  2100-Dec-31 23:00:00 (100%)
Finished Program: 2014-Nov-19 10:39:44.142646
Elapsed Time: 00:01:00.441897
