instance.yaml
kiva v0.2.0-21-g785bfe1
Copyright (C) 2012-2014 Big Ladder Software
Web: www.bigladdersoftware.com

Starting Program: 2014-Nov-18 11:17:27.939490
Creating Domain...
  X Cells: 261
  Y Cells: 1
  Z Cells: 96
  Total Cells: 25056
Initializing Temperatures...
  2099-Jan-01 05:00:00
  2099-Jan-09 19:00:00
  2099-Jan-18 09:00:00
  2099-Jan-26 23:00:00
  2099-Feb-04 13:00:00
  2099-Feb-13 03:00:00
  2099-Feb-21 17:00:00
  2099-Mar-02 07:00:00
  2099-Mar-10 22:00:00
  2099-Mar-19 12:00:00
  2099-Mar-28 02:00:00
  2099-Apr-05 16:00:00
  2099-Apr-14 06:00:00
  2099-Apr-22 20:00:00
  2099-May-01 11:00:00
  2099-May-10 01:00:00
  2099-May-18 15:00:00
  2099-May-27 05:00:00
  2099-Jun-04 19:00:00
  2099-Jun-13 10:00:00
  2099-Jun-22 00:00:00
  2099-Jun-30 14:00:00
  2099-Jul-09 04:00:00
  2099-Jul-17 18:00:00
  2099-Jul-26 08:00:00
  2099-Aug-03 22:00:00
  2099-Aug-12 13:00:00
  2099-Aug-21 03:00:00
  2099-Aug-29 17:00:00
  2099-Sep-07 07:00:00
  2099-Sep-15 21:00:00
  2099-Sep-24 11:00:00
  2099-Oct-03 01:00:00
  2099-Oct-11 15:00:00
  2099-Oct-20 05:00:00
  2099-Oct-28 20:00:00
  2099-Nov-06 10:00:00
  2099-Nov-15 00:00:00
  2099-Nov-23 14:00:00
  2099-Dec-02 04:00:00
  2099-Dec-10 19:00:00
  2099-Dec-19 09:00:00
  2099-Dec-27 23:00:00
Beginning Simulation...
  2100-Jan-05 10:00:00 (1.2%)
  2100-Jan-13 20:00:00 (3.5%)
  2100-Jan-22 05:00:00 (5.8%)
  2100-Jan-30 15:00:00 (8.1%)
  2100-Feb-08 00:00:00 (10.4%)
  2100-Feb-16 10:00:00 (12.7%)
  2100-Feb-24 19:00:00 (15%)
  2100-Mar-05 04:00:00 (17.3%)
  2100-Mar-13 14:00:00 (19.6%)
  2100-Mar-21 23:00:00 (21.9%)
  2100-Mar-30 09:00:00 (24.2%)
  2100-Apr-07 18:00:00 (26.5%)
  2100-Apr-16 04:00:00 (28.8%)
  2100-Apr-24 13:00:00 (31.1%)
  2100-May-02 23:00:00 (33.4%)
  2100-May-11 08:00:00 (35.7%)
  2100-May-19 18:00:00 (38%)
  2100-May-28 03:00:00 (40.3%)
  2100-Jun-05 13:00:00 (42.6%)
  2100-Jun-13 22:00:00 (44.9%)
  2100-Jun-22 07:00:00 (47.2%)
  2100-Jun-30 17:00:00 (49.5%)
  2100-Jul-09 02:00:00 (51.8%)
  2100-Jul-17 12:00:00 (54.1%)
  2100-Jul-25 21:00:00 (56.4%)
  2100-Aug-03 06:00:00 (58.7%)
  2100-Aug-11 16:00:00 (61%)
  2100-Aug-20 01:00:00 (63.3%)
  2100-Aug-28 11:00:00 (65.6%)
  2100-Sep-05 20:00:00 (67.9%)
  2100-Sep-14 06:00:00 (70.2%)
  2100-Sep-22 14:00:00 (72.5%)
  2100-Oct-01 00:00:00 (74.8%)
  2100-Oct-09 09:00:00 (77.1%)
  2100-Oct-17 19:00:00 (79.4%)
  2100-Oct-26 04:00:00 (81.7%)
  2100-Nov-03 14:00:00 (84%)
  2100-Nov-11 23:00:00 (86.3%)
  2100-Nov-20 08:00:00 (88.6%)
  2100-Nov-28 18:00:00 (90.9%)
  2100-Dec-07 03:00:00 (93.2%)
  2100-Dec-15 13:00:00 (95.5%)
  2100-Dec-23 22:00:00 (97.8%)
  2100-Dec-31 23:00:00 (100%)
Finished Program: 2014-Nov-18 11:18:54.959709
Elapsed Time: 00:01:27.020219
