instance.yaml
kiva v0.2.0-21-g785bfe1
Copyright (C) 2012-2014 Big Ladder Software
Web: www.bigladdersoftware.com

Starting Program: 2014-Nov-18 11:25:28.335752
Creating Domain...
  X Cells: 92
  Y Cells: 1
  Z Cells: 113
  Total Cells: 10396
Initializing Temperatures...
  2099-Jan-04 11:00:00
  2099-Jan-27 07:00:00
  2099-Feb-19 02:00:00
  2099-Mar-13 22:00:00
  2099-Apr-05 17:00:00
  2099-Apr-28 13:00:00
  2099-May-21 09:00:00
  2099-Jun-13 05:00:00
  2099-Jul-06 00:00:00
  2099-Jul-28 20:00:00
  2099-Aug-20 16:00:00
  2099-Sep-12 12:00:00
  2099-Oct-05 07:00:00
  2099-Oct-28 03:00:00
  2099-Nov-19 23:00:00
  2099-Dec-12 18:00:00
Beginning Simulation...
  2100-Jan-04 12:00:00 (1%)
  2100-Jan-26 19:00:00 (7.1%)
  2100-Feb-18 01:00:00 (13.2%)
  2100-Mar-12 07:00:00 (19.3%)
  2100-Apr-03 14:00:00 (25.4%)
  2100-Apr-25 20:00:00 (31.5%)
  2100-May-18 03:00:00 (37.6%)
  2100-Jun-09 10:00:00 (43.7%)
  2100-Jul-01 17:00:00 (49.8%)
  2100-Jul-24 00:00:00 (55.9%)
  2100-Aug-15 06:00:00 (62%)
  2100-Sep-06 13:00:00 (68.1%)
  2100-Sep-28 20:00:00 (74.2%)
  2100-Oct-21 03:00:00 (80.3%)
  2100-Nov-12 10:00:00 (86.4%)
  2100-Dec-04 13:00:00 (92.5%)
  2100-Dec-26 20:00:00 (98.6%)
  2100-Dec-31 23:00:00 (100%)
Finished Program: 2014-Nov-18 11:26:01.231622
Elapsed Time: 00:00:32.895870
