instance.yaml
kiva v0.2.0-9-g526928a
Copyright (C) 2012-2014 Big Ladder Software
Web: www.bigladdersoftware.com

Starting Program: 2014-Oct-24 08:41:24.423427
Creating Domain...
  X Cells: 120
  Y Cells: 1
  Z Cells: 127
  Total Cells: 15240
Initializing Temperatures...
  2098-Oct-15 23:00:00
  2099-Jan-06 02:00:00
  2099-Jan-23 18:00:00
  2099-Feb-11 01:00:00
  2099-Mar-01 07:00:00
  2099-Mar-19 14:00:00
  2099-Apr-06 21:00:00
  2099-Apr-25 04:00:00
  2099-May-13 11:00:00
  2099-May-31 18:00:00
  2099-Jun-19 01:00:00
  2099-Jul-07 08:00:00
  2099-Jul-25 15:00:00
  2099-Aug-12 22:00:00
  2099-Aug-31 04:00:00
  2099-Sep-18 11:00:00
  2099-Oct-06 18:00:00
  2099-Oct-25 01:00:00
  2099-Nov-12 08:00:00
  2099-Nov-30 15:00:00
  2099-Dec-18 22:00:00
Beginning Simulation...
  2100-Jan-05 19:00:00 (1.3%)
  2100-Jan-22 20:00:00 (6%)
  2100-Feb-08 20:00:00 (10.6%)
  2100-Feb-25 21:00:00 (15.3%)
  2100-Mar-14 22:00:00 (20%)
  2100-Mar-31 22:00:00 (24.6%)
  2100-Apr-17 23:00:00 (29.3%)
  2100-May-05 00:00:00 (34%)
  2100-May-22 01:00:00 (38.6%)
  2100-Jun-08 00:00:00 (43.3%)
  2100-Jun-25 01:00:00 (48%)
  2100-Jul-12 02:00:00 (52.6%)
  2100-Jul-29 03:00:00 (57.3%)
  2100-Aug-15 04:00:00 (62%)
  2100-Sep-01 05:00:00 (66.6%)
  2100-Sep-18 05:00:00 (71.3%)
  2100-Oct-05 06:00:00 (76%)
  2100-Oct-22 07:00:00 (80.6%)
  2100-Nov-08 08:00:00 (85.3%)
  2100-Nov-25 09:00:00 (90%)
  2100-Dec-12 10:00:00 (94.6%)
  2100-Dec-29 10:00:00 (99.3%)
  2100-Dec-31 23:00:00 (100%)
Finished Program: 2014-Oct-24 08:42:07.149807
Elapsed Time: 00:00:42.726380
