instance.yaml
kiva v0.2.0-9-g526928a
Copyright (C) 2012-2014 Big Ladder Software
Web: www.bigladdersoftware.com

Starting Program: 2014-Oct-26 15:36:08.577190
Creating Domain...
  X Cells: 109
  Y Cells: 1
  Z Cells: 125
  Total Cells: 13625
Initializing Temperatures...
  2098-Oct-01 23:00:00
  2098-Dec-03 23:00:00
  2099-Jan-02 02:00:00
  2099-Jan-07 07:00:00
  2099-Jan-12 23:00:00
  2099-Jan-18 16:00:00
  2099-Jan-24 07:00:00
  2099-Jan-29 22:00:00
  2099-Feb-04 14:00:00
  2099-Feb-10 06:00:00
  2099-Feb-15 20:00:00
  2099-Feb-21 13:00:00
  2099-Feb-27 05:00:00
  2099-Mar-04 20:00:00
  2099-Mar-10 14:00:00
  2099-Mar-16 09:00:00
  2099-Mar-22 06:00:00
  2099-Mar-28 01:00:00
  2099-Apr-02 22:00:00
  2099-Apr-08 19:00:00
  2099-Apr-14 13:00:00
  2099-Apr-20 10:00:00
  2099-Apr-26 07:00:00
  2099-May-02 01:00:00
  2099-May-07 17:00:00
  2099-May-13 09:00:00
  2099-May-19 04:00:00
  2099-May-24 23:00:00
  2099-May-30 22:00:00
  2099-Jun-05 15:00:00
  2099-Jun-11 07:00:00
  2099-Jun-16 23:00:00
  2099-Jun-22 14:00:00
  2099-Jun-28 06:00:00
  2099-Jul-03 22:00:00
  2099-Jul-09 13:00:00
  2099-Jul-15 05:00:00
  2099-Jul-20 20:00:00
  2099-Jul-26 12:00:00
  2099-Aug-01 05:00:00
  2099-Aug-06 23:00:00
  2099-Aug-12 16:00:00
  2099-Aug-18 09:00:00
  2099-Aug-24 00:00:00
  2099-Aug-29 15:00:00
  2099-Sep-04 08:00:00
  2099-Sep-09 22:00:00
  2099-Sep-15 15:00:00
  2099-Sep-21 06:00:00
  2099-Sep-26 22:00:00
  2099-Oct-02 14:00:00
  2099-Oct-08 08:00:00
  2099-Oct-14 02:00:00
  2099-Oct-19 18:00:00
  2099-Oct-25 09:00:00
  2099-Oct-31 00:00:00
  2099-Nov-05 17:00:00
  2099-Nov-11 07:00:00
  2099-Nov-17 04:00:00
  2099-Nov-22 20:00:00
  2099-Nov-28 11:00:00
  2099-Dec-04 03:00:00
  2099-Dec-09 19:00:00
  2099-Dec-15 10:00:00
  2099-Dec-21 04:00:00
  2099-Dec-26 23:00:00
Beginning Simulation...
  2100-Jan-01 14:00:00 (0.2%)
  2100-Jan-06 20:00:00 (1.6%)
  2100-Jan-12 02:00:00 (3%)
  2100-Jan-17 07:00:00 (4.5%)
  2100-Jan-22 17:00:00 (5.9%)
  2100-Jan-28 02:00:00 (7.4%)
  2100-Feb-02 11:00:00 (8.9%)
  2100-Feb-07 17:00:00 (10.3%)
  2100-Feb-12 23:00:00 (11.8%)
  2100-Feb-18 05:00:00 (13.2%)
  2100-Feb-23 13:00:00 (14.7%)
  2100-Feb-28 21:00:00 (16.1%)
  2100-Mar-06 05:00:00 (17.6%)
  2100-Mar-11 11:00:00 (19%)
  2100-Mar-16 17:00:00 (20.5%)
  2100-Mar-22 00:00:00 (21.9%)
  2100-Mar-27 08:00:00 (23.4%)
  2100-Apr-01 15:00:00 (24.8%)
  2100-Apr-06 22:00:00 (26.3%)
  2100-Apr-12 04:00:00 (27.7%)
  2100-Apr-17 09:00:00 (29.1%)
  2100-Apr-22 16:00:00 (30.6%)
  2100-Apr-28 02:00:00 (32.1%)
  2100-May-03 13:00:00 (33.6%)
  2100-May-08 22:00:00 (35%)
  2100-May-14 05:00:00 (36.5%)
  2100-May-19 10:00:00 (37.9%)
  2100-May-24 16:00:00 (39.4%)
  2100-May-30 00:00:00 (40.8%)
  2100-Jun-04 06:00:00 (42.3%)
  2100-Jun-09 12:00:00 (43.7%)
  2100-Jun-14 17:00:00 (45.1%)
  2100-Jun-20 01:00:00 (46.6%)
  2100-Jun-25 08:00:00 (48%)
  2100-Jun-30 15:00:00 (49.5%)
  2100-Jul-05 20:00:00 (50.9%)
  2100-Jul-11 02:00:00 (52.4%)
  2100-Jul-16 10:00:00 (53.8%)
  2100-Jul-21 16:00:00 (55.3%)
  2100-Jul-26 22:00:00 (56.7%)
  2100-Aug-01 03:00:00 (58.1%)
  2100-Aug-06 09:00:00 (59.6%)
  2100-Aug-11 15:00:00 (61%)
  2100-Aug-16 22:00:00 (62.4%)
  2100-Aug-22 03:00:00 (63.9%)
  2100-Aug-27 09:00:00 (65.3%)
  2100-Sep-01 16:00:00 (66.8%)
  2100-Sep-07 00:00:00 (68.2%)
  2100-Sep-12 06:00:00 (69.7%)
  2100-Sep-17 12:00:00 (71.1%)
  2100-Sep-22 18:00:00 (72.5%)
  2100-Sep-28 01:00:00 (74%)
  2100-Oct-03 05:00:00 (75.4%)
  2100-Oct-08 10:00:00 (76.8%)
  2100-Oct-13 16:00:00 (78.3%)
  2100-Oct-18 20:00:00 (79.7%)
  2100-Oct-24 02:00:00 (81.1%)
  2100-Oct-29 08:00:00 (82.6%)
  2100-Nov-03 13:00:00 (84%)
  2100-Nov-08 18:00:00 (85.4%)
  2100-Nov-14 02:00:00 (86.9%)
  2100-Nov-19 07:00:00 (88.3%)
  2100-Nov-24 13:00:00 (89.7%)
  2100-Nov-29 19:00:00 (91.2%)
  2100-Dec-05 02:00:00 (92.6%)
  2100-Dec-10 13:00:00 (94.1%)
  2100-Dec-15 18:00:00 (95.5%)
  2100-Dec-20 23:00:00 (97%)
  2100-Dec-26 05:00:00 (98.4%)
  2100-Dec-31 16:00:00 (99.9%)
  2100-Dec-31 23:00:00 (100%)
Finished Program: 2014-Oct-26 15:38:24.062948
Elapsed Time: 00:02:15.485758
