instance.yaml
kiva v0.2.0-19-ge248292
Copyright (C) 2012-2014 Big Ladder Software
Web: www.bigladdersoftware.com

Starting Program: 2014-Nov-17 08:40:14.460541
Creating Domain...
  X Cells: 94
  Y Cells: 1
  Z Cells: 96
  Total Cells: 9024
Initializing Temperatures...
  2099-Jan-01 21:00:00
  2099-Jan-25 19:00:00
  2099-Feb-18 17:00:00
  2099-Mar-14 15:00:00
  2099-Apr-07 14:00:00
  2099-May-01 12:00:00
  2099-May-25 11:00:00
  2099-Jun-18 09:00:00
  2099-Jul-12 08:00:00
  2099-Aug-05 06:00:00
  2099-Aug-29 04:00:00
  2099-Sep-22 03:00:00
  2099-Oct-16 01:00:00
  2099-Nov-09 00:00:00
  2099-Dec-02 21:00:00
  2099-Dec-26 19:00:00
Beginning Simulation...
  2100-Jan-19 13:00:00 (5.1%)
  2100-Feb-12 04:00:00 (11.6%)
  2100-Mar-07 19:00:00 (18%)
  2100-Mar-31 11:00:00 (24.5%)
  2100-Apr-24 03:00:00 (31%)
  2100-May-17 19:00:00 (37.5%)
  2100-Jun-10 10:00:00 (43.9%)
  2100-Jul-04 01:00:00 (50.4%)
  2100-Jul-27 17:00:00 (56.9%)
  2100-Aug-20 08:00:00 (63.4%)
  2100-Sep-12 23:00:00 (69.9%)
  2100-Oct-06 15:00:00 (76.3%)
  2100-Oct-30 06:00:00 (82.8%)
  2100-Nov-22 22:00:00 (89.3%)
  2100-Dec-16 13:00:00 (95.8%)
  2100-Dec-31 23:00:00 (100%)
Finished Program: 2014-Nov-17 08:40:45.651870
Elapsed Time: 00:00:31.191329
