instance.yaml
kiva v0.2.0-21-g785bfe1
Copyright (C) 2012-2014 Big Ladder Software
Web: www.bigladdersoftware.com

Starting Program: 2014-Nov-18 11:29:26.082183
Creating Domain...
  X Cells: 201
  Y Cells: 1
  Z Cells: 113
  Total Cells: 22713
Initializing Temperatures...
  2098-Dec-24 23:00:00
  2099-Jan-10 03:00:00
  2099-Jan-20 01:00:00
  2099-Jan-29 22:00:00
  2099-Feb-08 19:00:00
  2099-Feb-18 17:00:00
  2099-Feb-28 14:00:00
  2099-Mar-10 11:00:00
  2099-Mar-20 09:00:00
  2099-Mar-30 06:00:00
  2099-Apr-09 04:00:00
  2099-Apr-19 01:00:00
  2099-Apr-28 23:00:00
  2099-May-08 20:00:00
  2099-May-18 17:00:00
  2099-May-28 15:00:00
  2099-Jun-07 12:00:00
  2099-Jun-17 09:00:00
  2099-Jun-27 07:00:00
  2099-Jul-07 04:00:00
  2099-Jul-17 02:00:00
  2099-Jul-26 23:00:00
  2099-Aug-05 21:00:00
  2099-Aug-15 20:00:00
  2099-Aug-25 19:00:00
  2099-Sep-04 18:00:00
  2099-Sep-14 17:00:00
  2099-Sep-24 16:00:00
  2099-Oct-04 15:00:00
  2099-Oct-14 14:00:00
  2099-Oct-24 13:00:00
  2099-Nov-03 12:00:00
  2099-Nov-13 12:00:00
  2099-Nov-23 13:00:00
  2099-Dec-03 14:00:00
  2099-Dec-13 15:00:00
  2099-Dec-23 16:00:00
Beginning Simulation...
  2100-Jan-02 17:00:00 (0.5%)
  2100-Jan-12 13:00:00 (3.2%)
  2100-Jan-22 10:00:00 (5.9%)
  2100-Feb-01 06:00:00 (8.6%)
  2100-Feb-11 03:00:00 (11.3%)
  2100-Feb-20 23:00:00 (14%)
  2100-Mar-02 20:00:00 (16.7%)
  2100-Mar-12 16:00:00 (19.4%)
  2100-Mar-22 13:00:00 (22.1%)
  2100-Apr-01 10:00:00 (24.8%)
  2100-Apr-11 06:00:00 (27.5%)
  2100-Apr-21 03:00:00 (30.2%)
  2100-May-01 00:00:00 (32.9%)
  2100-May-10 21:00:00 (35.6%)
  2100-May-20 17:00:00 (38.3%)
  2100-May-30 14:00:00 (41%)
  2100-Jun-09 11:00:00 (43.7%)
  2100-Jun-19 08:00:00 (46.4%)
  2100-Jun-29 04:00:00 (49.1%)
  2100-Jul-09 01:00:00 (51.8%)
  2100-Jul-18 22:00:00 (54.5%)
  2100-Jul-28 19:00:00 (57.2%)
  2100-Aug-07 15:00:00 (59.9%)
  2100-Aug-17 12:00:00 (62.6%)
  2100-Aug-27 09:00:00 (65.3%)
  2100-Sep-06 06:00:00 (68%)
  2100-Sep-16 02:00:00 (70.7%)
  2100-Sep-25 23:00:00 (73.4%)
  2100-Oct-05 20:00:00 (76.1%)
  2100-Oct-15 17:00:00 (78.8%)
  2100-Oct-25 13:00:00 (81.5%)
  2100-Nov-04 10:00:00 (84.2%)
  2100-Nov-14 06:00:00 (86.9%)
  2100-Nov-24 02:00:00 (89.6%)
  2100-Dec-03 23:00:00 (92.3%)
  2100-Dec-13 20:00:00 (95%)
  2100-Dec-23 16:00:00 (97.7%)
  2100-Dec-31 23:00:00 (100%)
Finished Program: 2014-Nov-18 11:30:40.840825
Elapsed Time: 00:01:14.758642
