instance.yaml
kiva v0.2.0-21-g785bfe1
Copyright (C) 2012-2014 Big Ladder Software
Web: www.bigladdersoftware.com

Starting Program: 2014-Nov-18 11:06:24.391791
Creating Domain...
  X Cells: 182
  Y Cells: 1
  Z Cells: 125
  Total Cells: 22750
Initializing Temperatures...
  2098-Nov-12 23:00:00
  2099-Jan-07 20:00:00
  2099-Jan-18 15:00:00
  2099-Jan-29 11:00:00
  2099-Feb-09 05:00:00
  2099-Feb-20 00:00:00
  2099-Mar-02 19:00:00
  2099-Mar-13 14:00:00
  2099-Mar-24 10:00:00
  2099-Apr-04 05:00:00
  2099-Apr-15 00:00:00
  2099-Apr-25 19:00:00
  2099-May-06 14:00:00
  2099-May-17 10:00:00
  2099-May-28 05:00:00
  2099-Jun-08 00:00:00
  2099-Jun-18 19:00:00
  2099-Jun-29 14:00:00
  2099-Jul-10 10:00:00
  2099-Jul-21 05:00:00
  2099-Aug-01 00:00:00
  2099-Aug-11 19:00:00
  2099-Aug-22 14:00:00
  2099-Sep-02 10:00:00
  2099-Sep-13 05:00:00
  2099-Sep-24 00:00:00
  2099-Oct-04 19:00:00
  2099-Oct-15 14:00:00
  2099-Oct-26 10:00:00
  2099-Nov-06 05:00:00
  2099-Nov-17 00:00:00
  2099-Nov-22 18:00:00
  2099-Dec-03 13:00:00
  2099-Dec-14 09:00:00
  2099-Dec-25 04:00:00
Beginning Simulation...
  2100-Jan-04 17:00:00 (1%)
  2100-Jan-14 18:00:00 (3.8%)
  2100-Jan-24 19:00:00 (6.5%)
  2100-Feb-03 21:00:00 (9.3%)
  2100-Feb-13 22:00:00 (12%)
  2100-Feb-24 00:00:00 (14.8%)
  2100-Mar-06 02:00:00 (17.6%)
  2100-Mar-16 03:00:00 (20.3%)
  2100-Mar-26 05:00:00 (23.1%)
  2100-Apr-05 06:00:00 (25.8%)
  2100-Apr-15 08:00:00 (28.6%)
  2100-Apr-25 09:00:00 (31.3%)
  2100-May-05 11:00:00 (34.1%)
  2100-May-15 12:00:00 (36.8%)
  2100-May-25 13:00:00 (39.6%)
  2100-Jun-04 15:00:00 (42.4%)
  2100-Jun-14 16:00:00 (45.1%)
  2100-Jun-24 18:00:00 (47.9%)
  2100-Jul-04 19:00:00 (50.6%)
  2100-Jul-14 21:00:00 (53.4%)
  2100-Jul-24 23:00:00 (56.2%)
  2100-Aug-04 00:00:00 (58.9%)
  2100-Aug-14 02:00:00 (61.7%)
  2100-Aug-24 04:00:00 (64.4%)
  2100-Sep-03 06:00:00 (67.2%)
  2100-Sep-13 07:00:00 (69.9%)
  2100-Sep-23 09:00:00 (72.7%)
  2100-Oct-03 11:00:00 (75.5%)
  2100-Oct-13 12:00:00 (78.2%)
  2100-Oct-23 14:00:00 (81%)
  2100-Nov-02 14:00:00 (83.7%)
  2100-Nov-12 15:00:00 (86.5%)
  2100-Nov-22 17:00:00 (89.2%)
  2100-Dec-02 18:00:00 (92%)
  2100-Dec-12 20:00:00 (94.7%)
  2100-Dec-22 21:00:00 (97.5%)
  2100-Dec-31 23:00:00 (100%)
Finished Program: 2014-Nov-18 11:07:35.903561
Elapsed Time: 00:01:11.511770
