instance.yaml
kiva v0.2.0-21-g785bfe1
Copyright (C) 2012-2014 Big Ladder Software
Web: www.bigladdersoftware.com

Starting Program: 2014-Nov-18 11:23:28.757445
Creating Domain...
  X Cells: 241
  Y Cells: 1
  Z Cells: 132
  Total Cells: 31812
Initializing Temperatures...
  2098-Dec-24 23:00:00
  2099-Jan-07 13:00:00
  2099-Jan-15 05:00:00
  2099-Jan-22 21:00:00
  2099-Jan-30 13:00:00
  2099-Feb-07 05:00:00
  2099-Feb-14 21:00:00
  2099-Feb-22 13:00:00
  2099-Mar-02 05:00:00
  2099-Mar-09 21:00:00
  2099-Mar-17 13:00:00
  2099-Mar-25 05:00:00
  2099-Apr-01 21:00:00
  2099-Apr-09 13:00:00
  2099-Apr-17 04:00:00
  2099-Apr-24 20:00:00
  2099-May-02 12:00:00
  2099-May-10 04:00:00
  2099-May-17 20:00:00
  2099-May-25 12:00:00
  2099-Jun-02 04:00:00
  2099-Jun-09 20:00:00
  2099-Jun-17 12:00:00
  2099-Jun-25 04:00:00
  2099-Jul-02 20:00:00
  2099-Jul-10 12:00:00
  2099-Jul-18 04:00:00
  2099-Jul-25 20:00:00
  2099-Aug-02 12:00:00
  2099-Aug-10 04:00:00
  2099-Aug-17 20:00:00
  2099-Aug-25 11:00:00
  2099-Sep-02 03:00:00
  2099-Sep-09 19:00:00
  2099-Sep-17 11:00:00
  2099-Sep-25 03:00:00
  2099-Oct-02 19:00:00
  2099-Oct-10 11:00:00
  2099-Oct-18 03:00:00
  2099-Oct-25 19:00:00
  2099-Nov-02 11:00:00
  2099-Nov-10 03:00:00
  2099-Nov-17 19:00:00
  2099-Nov-25 10:00:00
  2099-Dec-03 01:00:00
  2099-Dec-10 17:00:00
  2099-Dec-18 09:00:00
  2099-Dec-26 01:00:00
Beginning Simulation...
  2100-Jan-02 15:00:00 (0.4%)
  2100-Jan-09 19:00:00 (2.4%)
  2100-Jan-17 00:00:00 (4.4%)
  2100-Jan-24 05:00:00 (6.4%)
  2100-Jan-31 10:00:00 (8.3%)
  2100-Feb-07 15:00:00 (10.3%)
  2100-Feb-14 23:00:00 (12.3%)
  2100-Feb-22 07:00:00 (14.3%)
  2100-Mar-01 15:00:00 (16.3%)
  2100-Mar-08 23:00:00 (18.3%)
  2100-Mar-16 07:00:00 (20.4%)
  2100-Mar-23 15:00:00 (22.4%)
  2100-Mar-30 23:00:00 (24.4%)
  2100-Apr-07 07:00:00 (26.4%)
  2100-Apr-14 15:00:00 (28.4%)
  2100-Apr-21 23:00:00 (30.4%)
  2100-Apr-29 07:00:00 (32.4%)
  2100-May-06 14:00:00 (34.4%)
  2100-May-13 22:00:00 (36.4%)
  2100-May-21 06:00:00 (38.4%)
  2100-May-28 14:00:00 (40.4%)
  2100-Jun-04 22:00:00 (42.4%)
  2100-Jun-12 06:00:00 (44.5%)
  2100-Jun-19 14:00:00 (46.5%)
  2100-Jun-26 22:00:00 (48.5%)
  2100-Jul-04 05:00:00 (50.5%)
  2100-Jul-11 13:00:00 (52.5%)
  2100-Jul-18 21:00:00 (54.5%)
  2100-Jul-26 05:00:00 (56.5%)
  2100-Aug-02 13:00:00 (58.5%)
  2100-Aug-09 21:00:00 (60.5%)
  2100-Aug-17 04:00:00 (62.5%)
  2100-Aug-24 12:00:00 (64.5%)
  2100-Aug-31 20:00:00 (66.5%)
  2100-Sep-08 04:00:00 (68.5%)
  2100-Sep-15 11:00:00 (70.5%)
  2100-Sep-22 19:00:00 (72.5%)
  2100-Sep-30 03:00:00 (74.6%)
  2100-Oct-07 11:00:00 (76.6%)
  2100-Oct-14 19:00:00 (78.6%)
  2100-Oct-22 02:00:00 (80.6%)
  2100-Oct-29 10:00:00 (82.6%)
  2100-Nov-05 18:00:00 (84.6%)
  2100-Nov-13 01:00:00 (86.6%)
  2100-Nov-20 09:00:00 (88.6%)
  2100-Nov-27 17:00:00 (90.6%)
  2100-Dec-05 01:00:00 (92.6%)
  2100-Dec-12 09:00:00 (94.6%)
  2100-Dec-19 17:00:00 (96.6%)
  2100-Dec-27 01:00:00 (98.6%)
  2100-Dec-31 23:00:00 (100%)
Finished Program: 2014-Nov-18 11:25:07.675684
Elapsed Time: 00:01:38.918239
