instance.yaml
kiva v0.2.0-19-ge248292
Copyright (C) 2012-2014 Big Ladder Software
Web: www.bigladdersoftware.com

Starting Program: 2014-Nov-17 08:44:16.693202
Creating Domain...
  X Cells: 242
  Y Cells: 1
  Z Cells: 103
  Total Cells: 24926
Initializing Temperatures...
  2098-Oct-01 23:00:00
  2099-Jan-02 15:00:00
  2099-Jan-11 16:00:00
  2099-Jan-20 17:00:00
  2099-Jan-29 18:00:00
  2099-Feb-07 19:00:00
  2099-Feb-16 20:00:00
  2099-Feb-25 21:00:00
  2099-Mar-06 22:00:00
  2099-Mar-15 23:00:00
  2099-Mar-24 23:00:00
  2099-Apr-03 00:00:00
  2099-Apr-12 01:00:00
  2099-Apr-21 02:00:00
  2099-Apr-30 03:00:00
  2099-May-09 04:00:00
  2099-May-18 06:00:00
  2099-May-27 07:00:00
  2099-Jun-05 08:00:00
  2099-Jun-14 08:00:00
  2099-Jun-23 10:00:00
  2099-Jul-02 10:00:00
  2099-Jul-11 11:00:00
  2099-Jul-20 12:00:00
  2099-Jul-29 13:00:00
  2099-Aug-07 14:00:00
  2099-Aug-16 15:00:00
  2099-Aug-25 16:00:00
  2099-Sep-03 17:00:00
  2099-Sep-12 18:00:00
  2099-Sep-21 19:00:00
  2099-Sep-30 20:00:00
  2099-Oct-09 21:00:00
  2099-Oct-18 22:00:00
  2099-Oct-27 23:00:00
  2099-Nov-03 15:00:00
  2099-Nov-12 16:00:00
  2099-Nov-21 17:00:00
  2099-Nov-30 18:00:00
  2099-Dec-09 19:00:00
  2099-Dec-18 20:00:00
  2099-Dec-27 21:00:00
Beginning Simulation...
  2100-Jan-05 19:00:00 (1.3%)
  2100-Jan-14 15:00:00 (3.7%)
  2100-Jan-23 10:00:00 (6.1%)
  2100-Feb-01 06:00:00 (8.6%)
  2100-Feb-10 02:00:00 (11%)
  2100-Feb-18 22:00:00 (13.4%)
  2100-Feb-27 18:00:00 (15.8%)
  2100-Mar-08 14:00:00 (18.2%)
  2100-Mar-17 10:00:00 (20.7%)
  2100-Mar-26 06:00:00 (23.1%)
  2100-Apr-04 02:00:00 (25.5%)
  2100-Apr-12 22:00:00 (27.9%)
  2100-Apr-21 18:00:00 (30.3%)
  2100-Apr-30 14:00:00 (32.8%)
  2100-May-09 10:00:00 (35.2%)
  2100-May-18 06:00:00 (37.6%)
  2100-May-27 02:00:00 (40%)
  2100-Jun-04 22:00:00 (42.4%)
  2100-Jun-13 18:00:00 (44.9%)
  2100-Jun-22 14:00:00 (47.3%)
  2100-Jul-01 10:00:00 (49.7%)
  2100-Jul-10 06:00:00 (52.1%)
  2100-Jul-19 02:00:00 (54.5%)
  2100-Jul-27 22:00:00 (57%)
  2100-Aug-05 18:00:00 (59.4%)
  2100-Aug-14 13:00:00 (61.8%)
  2100-Aug-23 09:00:00 (64.2%)
  2100-Sep-01 05:00:00 (66.6%)
  2100-Sep-10 01:00:00 (69.1%)
  2100-Sep-18 21:00:00 (71.5%)
  2100-Sep-27 17:00:00 (73.9%)
  2100-Oct-06 13:00:00 (76.3%)
  2100-Oct-15 09:00:00 (78.7%)
  2100-Oct-24 05:00:00 (81.2%)
  2100-Nov-01 23:00:00 (83.6%)
  2100-Nov-10 19:00:00 (86%)
  2100-Nov-19 15:00:00 (88.4%)
  2100-Nov-28 11:00:00 (90.8%)
  2100-Dec-07 07:00:00 (93.2%)
  2100-Dec-16 03:00:00 (95.7%)
  2100-Dec-24 23:00:00 (98.1%)
  2100-Dec-31 23:00:00 (100%)
Finished Program: 2014-Nov-17 08:45:39.795988
Elapsed Time: 00:01:23.102786
