instance.yaml
kiva v0.2.0-21-g785bfe1
Copyright (C) 2012-2014 Big Ladder Software
Web: www.bigladdersoftware.com

Starting Program: 2014-Nov-18 11:07:23.661709
Creating Domain...
  X Cells: 121
  Y Cells: 1
  Z Cells: 103
  Total Cells: 12463
Initializing Temperatures...
  2098-Oct-29 23:00:00
  2099-Jan-13 03:00:00
  2099-Jan-30 14:00:00
  2099-Feb-17 01:00:00
  2099-Mar-06 12:00:00
  2099-Mar-23 23:00:00
  2099-Apr-10 10:00:00
  2099-Apr-27 21:00:00
  2099-May-15 08:00:00
  2099-Jun-01 19:00:00
  2099-Jun-19 06:00:00
  2099-Jul-06 18:00:00
  2099-Jul-24 05:00:00
  2099-Aug-10 16:00:00
  2099-Aug-28 03:00:00
  2099-Sep-14 14:00:00
  2099-Oct-02 02:00:00
  2099-Oct-19 13:00:00
  2099-Nov-06 00:00:00
  2099-Nov-23 12:00:00
  2099-Dec-10 23:00:00
  2099-Dec-28 10:00:00
Beginning Simulation...
  2100-Jan-14 15:00:00 (3.7%)
  2100-Jan-31 19:00:00 (8.4%)
  2100-Feb-17 22:00:00 (13.1%)
  2100-Mar-07 02:00:00 (17.8%)
  2100-Mar-24 06:00:00 (22.5%)
  2100-Apr-10 10:00:00 (27.2%)
  2100-Apr-27 14:00:00 (31.9%)
  2100-May-14 18:00:00 (36.6%)
  2100-May-31 21:00:00 (41.3%)
  2100-Jun-18 01:00:00 (46%)
  2100-Jul-05 05:00:00 (50.7%)
  2100-Jul-22 10:00:00 (55.5%)
  2100-Aug-08 14:00:00 (60.2%)
  2100-Aug-25 17:00:00 (64.9%)
  2100-Sep-11 22:00:00 (69.6%)
  2100-Sep-29 02:00:00 (74.3%)
  2100-Oct-16 06:00:00 (79%)
  2100-Nov-02 10:00:00 (83.7%)
  2100-Nov-19 14:00:00 (88.4%)
  2100-Dec-06 18:00:00 (93.1%)
  2100-Dec-23 22:00:00 (97.8%)
  2100-Dec-31 23:00:00 (100%)
Finished Program: 2014-Nov-18 11:08:06.468924
Elapsed Time: 00:00:42.807215
