instance.yaml
kiva v0.2.0-9-g526928a
Copyright (C) 2012-2014 Big Ladder Software
Web: www.bigladdersoftware.com

Starting Program: 2014-Nov-15 12:24:42.661640
Creating Domain...
  X Cells: 145
  Y Cells: 1
  Z Cells: 96
  Total Cells: 13920
Initializing Temperatures...
  2098-Oct-29 23:00:00
  2099-Jan-11 11:00:00
  2099-Jan-26 08:00:00
  2099-Feb-10 04:00:00
  2099-Feb-25 01:00:00
  2099-Mar-11 22:00:00
  2099-Mar-26 19:00:00
  2099-Apr-10 16:00:00
  2099-Apr-25 13:00:00
  2099-May-10 10:00:00
  2099-May-25 06:00:00
  2099-Jun-09 03:00:00
  2099-Jun-24 00:00:00
  2099-Jul-08 21:00:00
  2099-Jul-23 18:00:00
  2099-Aug-07 15:00:00
  2099-Aug-22 12:00:00
  2099-Sep-06 09:00:00
  2099-Sep-21 05:00:00
  2099-Oct-06 02:00:00
  2099-Oct-20 23:00:00
  2099-Nov-04 20:00:00
  2099-Nov-19 17:00:00
  2099-Dec-04 14:00:00
  2099-Dec-19 11:00:00
Beginning Simulation...
  2100-Jan-03 06:00:00 (0.6%)
  2100-Jan-17 18:00:00 (4.6%)
  2100-Feb-01 07:00:00 (8.6%)
  2100-Feb-15 19:00:00 (12.5%)
  2100-Mar-02 06:00:00 (16.5%)
  2100-Mar-16 18:00:00 (20.5%)
  2100-Mar-31 06:00:00 (24.5%)
  2100-Apr-14 19:00:00 (28.4%)
  2100-Apr-29 07:00:00 (32.4%)
  2100-May-13 18:00:00 (36.4%)
  2100-May-28 06:00:00 (40.3%)
  2100-Jun-11 18:00:00 (44.3%)
  2100-Jun-26 06:00:00 (48.3%)
  2100-Jul-10 18:00:00 (52.3%)
  2100-Jul-25 06:00:00 (56.2%)
  2100-Aug-08 18:00:00 (60.2%)
  2100-Aug-23 06:00:00 (64.2%)
  2100-Sep-06 18:00:00 (68.2%)
  2100-Sep-21 06:00:00 (72.1%)
  2100-Oct-05 18:00:00 (76.1%)
  2100-Oct-20 06:00:00 (80.1%)
  2100-Nov-03 18:00:00 (84%)
  2100-Nov-18 06:00:00 (88%)
  2100-Dec-02 18:00:00 (92%)
  2100-Dec-17 06:00:00 (96%)
  2100-Dec-31 18:00:00 (99.9%)
  2100-Dec-31 23:00:00 (100%)
Finished Program: 2014-Nov-15 12:25:33.015031
Elapsed Time: 00:00:50.353391
