instance.yaml
kiva v0.2.0-19-ge248292
Copyright (C) 2012-2014 Big Ladder Software
Web: www.bigladdersoftware.com

Starting Program: 2014-Nov-17 08:39:17.615748
Creating Domain...
  X Cells: 71
  Y Cells: 1
  Z Cells: 158
  Total Cells: 11218
Initializing Temperatures...
  2098-Nov-05 23:00:00
  2099-Jan-18 00:00:00
  2099-Feb-08 08:00:00
  2099-Mar-01 17:00:00
  2099-Mar-23 01:00:00
  2099-Apr-13 10:00:00
  2099-May-04 19:00:00
  2099-May-26 03:00:00
  2099-Jun-16 12:00:00
  2099-Jul-07 21:00:00
  2099-Jul-29 05:00:00
  2099-Aug-19 14:00:00
  2099-Sep-09 23:00:00
  2099-Oct-01 08:00:00
  2099-Oct-22 17:00:00
  2099-Nov-13 01:00:00
  2099-Dec-04 10:00:00
  2099-Dec-25 19:00:00
Beginning Simulation...
  2100-Jan-14 05:00:00 (3.6%)
  2100-Feb-01 20:00:00 (8.7%)
  2100-Feb-20 11:00:00 (13.8%)
  2100-Mar-11 03:00:00 (18.9%)
  2100-Mar-29 18:00:00 (24%)
  2100-Apr-17 09:00:00 (29.1%)
  2100-May-06 00:00:00 (34.2%)
  2100-May-24 16:00:00 (39.4%)
  2100-Jun-12 06:00:00 (44.5%)
  2100-Jun-30 22:00:00 (49.6%)
  2100-Jul-19 13:00:00 (54.7%)
  2100-Aug-07 04:00:00 (59.8%)
  2100-Aug-25 20:00:00 (64.9%)
  2100-Sep-13 11:00:00 (70%)
  2100-Oct-02 03:00:00 (75.1%)
  2100-Oct-20 17:00:00 (80.2%)
  2100-Nov-08 09:00:00 (85.3%)
  2100-Nov-27 00:00:00 (90.4%)
  2100-Dec-15 16:00:00 (95.5%)
  2100-Dec-31 23:00:00 (100%)
Finished Program: 2014-Nov-17 08:39:54.876318
Elapsed Time: 00:00:37.260570
