instance.yaml
kiva v0.2.0-9-g526928a
Copyright (C) 2012-2014 Big Ladder Software
Web: www.bigladdersoftware.com

Starting Program: 2014-Oct-26 15:37:28.909374
Creating Domain...
  X Cells: 108
  Y Cells: 1
  Z Cells: 103
  Total Cells: 11124
Initializing Temperatures...
  2098-Dec-31 23:00:00
  2099-Jan-19 02:00:00
  2099-Feb-10 23:00:00
  2099-Mar-05 19:00:00
  2099-Mar-28 15:00:00
  2099-Apr-20 11:00:00
  2099-May-13 08:00:00
  2099-Jun-05 04:00:00
  2099-Jun-28 01:00:00
  2099-Jul-20 21:00:00
  2099-Aug-12 18:00:00
  2099-Sep-04 14:00:00
  2099-Sep-27 11:00:00
  2099-Oct-20 07:00:00
  2099-Nov-12 04:00:00
  2099-Dec-05 00:00:00
  2099-Dec-27 21:00:00
Beginning Simulation...
  2100-Jan-19 05:00:00 (5%)
  2100-Feb-10 10:00:00 (11.1%)
  2100-Mar-04 16:00:00 (17.2%)
  2100-Mar-26 21:00:00 (23.3%)
  2100-Apr-18 02:00:00 (29.3%)
  2100-May-10 07:00:00 (35.4%)
  2100-Jun-01 13:00:00 (41.5%)
  2100-Jun-23 19:00:00 (47.6%)
  2100-Jul-16 00:00:00 (53.7%)
  2100-Aug-07 06:00:00 (59.8%)
  2100-Aug-29 12:00:00 (65.9%)
  2100-Sep-20 18:00:00 (72%)
  2100-Oct-12 23:00:00 (78.1%)
  2100-Nov-04 05:00:00 (84.2%)
  2100-Nov-26 10:00:00 (90.3%)
  2100-Dec-18 11:00:00 (96.3%)
  2100-Dec-31 23:00:00 (100%)
Finished Program: 2014-Oct-26 15:38:02.608083
Elapsed Time: 00:00:33.698709
