instance.yaml
kiva v0.2.0-19-ge248292
Copyright (C) 2012-2014 Big Ladder Software
Web: www.bigladdersoftware.com

Starting Program: 2014-Nov-17 08:41:13.923632
Creating Domain...
  X Cells: 84
  Y Cells: 1
  Z Cells: 93
  Total Cells: 7812
Initializing Temperatures...
  2099-Jan-17 09:00:00
  2099-Feb-14 05:00:00
  2099-Mar-14 02:00:00
  2099-Apr-10 22:00:00
  2099-May-08 19:00:00
  2099-Jun-05 16:00:00
  2099-Jul-03 12:00:00
  2099-Jul-31 09:00:00
  2099-Aug-28 06:00:00
  2099-Sep-25 02:00:00
  2099-Oct-22 23:00:00
  2099-Nov-19 20:00:00
  2099-Dec-17 17:00:00
Beginning Simulation...
  2100-Jan-14 05:00:00 (3.6%)
  2100-Feb-10 07:00:00 (11%)
  2100-Mar-09 10:00:00 (18.5%)
  2100-Apr-05 12:00:00 (25.9%)
  2100-May-02 14:00:00 (33.3%)
  2100-May-29 17:00:00 (40.7%)
  2100-Jun-25 20:00:00 (48.2%)
  2100-Jul-22 22:00:00 (55.6%)
  2100-Aug-19 01:00:00 (63%)
  2100-Sep-15 03:00:00 (70.4%)
  2100-Oct-12 06:00:00 (77.9%)
  2100-Nov-08 09:00:00 (85.3%)
  2100-Dec-05 12:00:00 (92.7%)
  2100-Dec-31 23:00:00 (100%)
Finished Program: 2014-Nov-17 08:41:40.977730
Elapsed Time: 00:00:27.054098
