instance.yaml
kiva v0.2.0-21-g785bfe1
Copyright (C) 2012-2014 Big Ladder Software
Web: www.bigladdersoftware.com

Starting Program: 2014-Nov-18 11:10:27.370583
Creating Domain...
  X Cells: 176
  Y Cells: 1
  Z Cells: 133
  Total Cells: 23408
Initializing Temperatures...
  2098-Nov-19 23:00:00
  2099-Jan-08 05:00:00
  2099-Jan-18 17:00:00
  2099-Jan-29 06:00:00
  2099-Feb-08 18:00:00
  2099-Feb-19 06:00:00
  2099-Mar-01 19:00:00
  2099-Mar-12 07:00:00
  2099-Mar-22 19:00:00
  2099-Apr-02 08:00:00
  2099-Apr-12 20:00:00
  2099-Apr-23 08:00:00
  2099-May-03 21:00:00
  2099-May-14 09:00:00
  2099-May-24 21:00:00
  2099-Jun-04 10:00:00
  2099-Jun-14 22:00:00
  2099-Jun-25 11:00:00
  2099-Jul-05 23:00:00
  2099-Jul-16 12:00:00
  2099-Jul-27 00:00:00
  2099-Aug-06 13:00:00
  2099-Aug-17 01:00:00
  2099-Aug-27 13:00:00
  2099-Sep-07 02:00:00
  2099-Sep-17 14:00:00
  2099-Sep-28 03:00:00
  2099-Oct-08 15:00:00
  2099-Oct-19 04:00:00
  2099-Oct-29 16:00:00
  2099-Nov-09 05:00:00
  2099-Nov-19 17:00:00
  2099-Nov-30 06:00:00
  2099-Dec-10 18:00:00
  2099-Dec-21 06:00:00
  2099-Dec-31 19:00:00
Beginning Simulation...
  2100-Jan-10 12:00:00 (2.6%)
  2100-Jan-20 05:00:00 (5.3%)
  2100-Jan-29 22:00:00 (7.9%)
  2100-Feb-08 15:00:00 (10.6%)
  2100-Feb-18 08:00:00 (13.2%)
  2100-Feb-28 01:00:00 (15.9%)
  2100-Mar-09 17:00:00 (18.6%)
  2100-Mar-19 10:00:00 (21.2%)
  2100-Mar-29 03:00:00 (23.9%)
  2100-Apr-07 20:00:00 (26.5%)
  2100-Apr-17 13:00:00 (29.2%)
  2100-Apr-27 05:00:00 (31.8%)
  2100-May-06 22:00:00 (34.5%)
  2100-May-16 15:00:00 (37.2%)
  2100-May-26 08:00:00 (39.8%)
  2100-Jun-05 01:00:00 (42.5%)
  2100-Jun-14 18:00:00 (45.1%)
  2100-Jun-24 11:00:00 (47.8%)
  2100-Jul-04 04:00:00 (50.5%)
  2100-Jul-13 21:00:00 (53.1%)
  2100-Jul-23 14:00:00 (55.8%)
  2100-Aug-02 07:00:00 (58.4%)
  2100-Aug-12 00:00:00 (61.1%)
  2100-Aug-21 17:00:00 (63.8%)
  2100-Aug-31 10:00:00 (66.4%)
  2100-Sep-10 03:00:00 (69.1%)
  2100-Sep-19 20:00:00 (71.7%)
  2100-Sep-29 13:00:00 (74.4%)
  2100-Oct-09 07:00:00 (77.1%)
  2100-Oct-19 00:00:00 (79.7%)
  2100-Oct-28 17:00:00 (82.4%)
  2100-Nov-07 10:00:00 (85%)
  2100-Nov-17 00:00:00 (87.7%)
  2100-Nov-26 17:00:00 (90.3%)
  2100-Dec-06 11:00:00 (93%)
  2100-Dec-16 04:00:00 (95.7%)
  2100-Dec-25 21:00:00 (98.3%)
  2100-Dec-31 23:00:00 (100%)
Finished Program: 2014-Nov-18 11:11:40.630926
Elapsed Time: 00:01:13.260343
