instance.yaml
kiva v0.2.0-9-g526928a
Copyright (C) 2012-2014 Big Ladder Software
Web: www.bigladdersoftware.com

Starting Program: 2014-Nov-15 12:24:45.242684
Creating Domain...
  X Cells: 200
  Y Cells: 1
  Z Cells: 127
  Total Cells: 25400
Initializing Temperatures...
  2098-Nov-26 23:00:00
  2099-Jan-07 09:00:00
  2099-Jan-16 05:00:00
  2099-Jan-25 02:00:00
  2099-Feb-02 23:00:00
  2099-Feb-11 19:00:00
  2099-Feb-20 16:00:00
  2099-Mar-01 12:00:00
  2099-Mar-10 09:00:00
  2099-Mar-19 05:00:00
  2099-Mar-28 02:00:00
  2099-Apr-05 23:00:00
  2099-Apr-14 19:00:00
  2099-Apr-23 16:00:00
  2099-May-02 13:00:00
  2099-May-11 09:00:00
  2099-May-20 06:00:00
  2099-May-29 03:00:00
  2099-Jun-06 23:00:00
  2099-Jun-15 20:00:00
  2099-Jun-24 17:00:00
  2099-Jul-03 14:00:00
  2099-Jul-12 10:00:00
  2099-Jul-21 07:00:00
  2099-Jul-30 04:00:00
  2099-Aug-08 00:00:00
  2099-Aug-16 21:00:00
  2099-Aug-25 18:00:00
  2099-Sep-03 14:00:00
  2099-Sep-12 11:00:00
  2099-Sep-21 08:00:00
  2099-Sep-30 05:00:00
  2099-Oct-09 01:00:00
  2099-Oct-17 22:00:00
  2099-Oct-26 19:00:00
  2099-Nov-04 15:00:00
  2099-Nov-13 12:00:00
  2099-Nov-22 09:00:00
  2099-Dec-01 06:00:00
  2099-Dec-10 02:00:00
  2099-Dec-18 23:00:00
  2099-Dec-27 20:00:00
Beginning Simulation...
  2100-Jan-05 10:00:00 (1.2%)
  2100-Jan-13 19:00:00 (3.5%)
  2100-Jan-22 03:00:00 (5.8%)
  2100-Jan-30 11:00:00 (8.1%)
  2100-Feb-07 19:00:00 (10.4%)
  2100-Feb-16 03:00:00 (12.6%)
  2100-Feb-24 12:00:00 (14.9%)
  2100-Mar-04 20:00:00 (17.2%)
  2100-Mar-13 04:00:00 (19.5%)
  2100-Mar-21 13:00:00 (21.8%)
  2100-Mar-29 21:00:00 (24.1%)
  2100-Apr-07 05:00:00 (26.4%)
  2100-Apr-15 13:00:00 (28.6%)
  2100-Apr-23 22:00:00 (30.9%)
  2100-May-02 06:00:00 (33.2%)
  2100-May-10 14:00:00 (35.5%)
  2100-May-18 22:00:00 (37.8%)
  2100-May-27 07:00:00 (40.1%)
  2100-Jun-04 15:00:00 (42.4%)
  2100-Jun-12 23:00:00 (44.6%)
  2100-Jun-21 08:00:00 (46.9%)
  2100-Jun-29 17:00:00 (49.2%)
  2100-Jul-08 04:00:00 (51.6%)
  2100-Jul-16 15:00:00 (53.9%)
  2100-Jul-25 02:00:00 (56.2%)
  2100-Aug-02 13:00:00 (58.5%)
  2100-Aug-11 01:00:00 (60.8%)
  2100-Aug-19 12:00:00 (63.2%)
  2100-Aug-27 23:00:00 (65.5%)
  2100-Sep-05 10:00:00 (67.8%)
  2100-Sep-13 21:00:00 (70.1%)
  2100-Sep-22 07:00:00 (72.4%)
  2100-Sep-30 18:00:00 (74.7%)
  2100-Oct-09 05:00:00 (77%)
  2100-Oct-17 16:00:00 (79.4%)
  2100-Oct-26 04:00:00 (81.7%)
  2100-Nov-03 15:00:00 (84%)
  2100-Nov-12 02:00:00 (86.3%)
  2100-Nov-20 13:00:00 (88.6%)
  2100-Nov-29 00:00:00 (91%)
  2100-Dec-07 11:00:00 (93.3%)
  2100-Dec-15 22:00:00 (95.6%)
  2100-Dec-24 09:00:00 (97.9%)
  2100-Dec-31 23:00:00 (100%)
Finished Program: 2014-Nov-15 12:26:10.898662
Elapsed Time: 00:01:25.655978
