instance.yaml
kiva v0.2.0-9-g526928a
Copyright (C) 2012-2014 Big Ladder Software
Web: www.bigladdersoftware.com

Starting Program: 2014-Oct-19 03:49:54.483758
Creating Domain...
  X Cells: 101
  Y Cells: 1
  Z Cells: 113
  Total Cells: 11413
Initializing Temperatures...
  2098-Oct-22 23:00:00
  2099-Jan-05 21:00:00
  2099-Jan-24 06:00:00
  2099-Feb-15 02:00:00
  2099-Mar-08 23:00:00
  2099-Mar-30 19:00:00
  2099-Apr-21 16:00:00
  2099-May-13 13:00:00
  2099-Jun-04 10:00:00
  2099-Jun-26 06:00:00
  2099-Jul-18 03:00:00
  2099-Aug-08 23:00:00
  2099-Aug-30 20:00:00
  2099-Sep-21 16:00:00
  2099-Oct-13 12:00:00
  2099-Nov-04 09:00:00
  2099-Nov-26 06:00:00
  2099-Dec-18 02:00:00
Beginning Simulation...
  2100-Jan-08 18:00:00 (2.1%)
  2100-Jan-30 01:00:00 (8%)
  2100-Feb-20 09:00:00 (13.8%)
  2100-Mar-13 16:00:00 (19.6%)
  2100-Apr-03 23:00:00 (25.5%)
  2100-Apr-25 07:00:00 (31.3%)
  2100-May-16 14:00:00 (37.1%)
  2100-Jun-06 22:00:00 (43%)
  2100-Jun-28 06:00:00 (48.8%)
  2100-Jul-19 13:00:00 (54.7%)
  2100-Aug-09 21:00:00 (60.5%)
  2100-Aug-31 04:00:00 (66.3%)
  2100-Sep-21 12:00:00 (72.2%)
  2100-Oct-12 19:00:00 (78%)
  2100-Nov-03 03:00:00 (83.9%)
  2100-Nov-24 07:00:00 (89.7%)
  2100-Dec-15 14:00:00 (95.5%)
  2100-Dec-31 23:00:00 (100%)
Finished Program: 2014-Oct-19 03:50:29.769187
Elapsed Time: 00:00:35.285429
