instance.yaml
kiva v0.2.0-22-gd89b213
Copyright (C) 2012-2014 Big Ladder Software
Web: www.bigladdersoftware.com

Starting Program: 2014-Nov-19 10:42:42.674543
Creating Domain...
  X Cells: 146
  Y Cells: 1
  Z Cells: 93
  Total Cells: 13578
Initializing Temperatures...
  2098-Oct-22 23:00:00
  2099-Jan-11 21:00:00
  2099-Jan-27 17:00:00
  2099-Feb-12 15:00:00
  2099-Feb-28 13:00:00
  2099-Mar-16 10:00:00
  2099-Apr-01 08:00:00
  2099-Apr-17 06:00:00
  2099-May-03 04:00:00
  2099-May-19 02:00:00
  2099-Jun-03 23:00:00
  2099-Jun-19 21:00:00
  2099-Jul-05 18:00:00
  2099-Jul-21 17:00:00
  2099-Aug-06 16:00:00
  2099-Aug-22 15:00:00
  2099-Sep-07 13:00:00
  2099-Sep-23 12:00:00
  2099-Oct-09 11:00:00
  2099-Oct-25 10:00:00
  2099-Nov-10 09:00:00
  2099-Nov-26 08:00:00
  2099-Dec-12 07:00:00
  2099-Dec-28 07:00:00
Beginning Simulation...
  2100-Jan-13 01:00:00 (3.3%)
  2100-Jan-28 18:00:00 (7.6%)
  2100-Feb-13 10:00:00 (11.9%)
  2100-Mar-01 02:00:00 (16.2%)
  2100-Mar-16 19:00:00 (20.5%)
  2100-Apr-01 11:00:00 (24.8%)
  2100-Apr-17 04:00:00 (29.1%)
  2100-May-02 20:00:00 (33.4%)
  2100-May-18 13:00:00 (37.7%)
  2100-Jun-03 05:00:00 (42%)
  2100-Jun-18 21:00:00 (46.3%)
  2100-Jul-04 13:00:00 (50.6%)
  2100-Jul-20 05:00:00 (54.9%)
  2100-Aug-04 22:00:00 (59.2%)
  2100-Aug-20 14:00:00 (63.4%)
  2100-Sep-05 07:00:00 (67.8%)
  2100-Sep-20 23:00:00 (72%)
  2100-Oct-06 16:00:00 (76.3%)
  2100-Oct-22 08:00:00 (80.6%)
  2100-Nov-07 01:00:00 (84.9%)
  2100-Nov-22 17:00:00 (89.2%)
  2100-Dec-08 10:00:00 (93.5%)
  2100-Dec-24 02:00:00 (97.8%)
  2100-Dec-31 23:00:00 (100%)
Finished Program: 2014-Nov-19 10:43:29.503264
Elapsed Time: 00:00:46.828721
