instance.yaml
kiva v0.2.0-21-g785bfe1
Copyright (C) 2012-2014 Big Ladder Software
Web: www.bigladdersoftware.com

Starting Program: 2014-Nov-18 11:21:28.986591
Creating Domain...
  X Cells: 112
  Y Cells: 1
  Z Cells: 96
  Total Cells: 10752
Initializing Temperatures...
  2099-Jan-10 04:00:00
  2099-Jan-30 15:00:00
  2099-Feb-20 02:00:00
  2099-Mar-12 14:00:00
  2099-Apr-02 01:00:00
  2099-Apr-22 13:00:00
  2099-May-13 00:00:00
  2099-Jun-02 12:00:00
  2099-Jun-23 00:00:00
  2099-Jul-13 11:00:00
  2099-Aug-02 23:00:00
  2099-Aug-23 11:00:00
  2099-Sep-12 23:00:00
  2099-Oct-03 10:00:00
  2099-Oct-23 22:00:00
  2099-Nov-13 10:00:00
  2099-Dec-03 22:00:00
  2099-Dec-24 09:00:00
Beginning Simulation...
  2100-Jan-13 13:00:00 (3.4%)
  2100-Feb-02 10:00:00 (8.9%)
  2100-Feb-22 08:00:00 (14.3%)
  2100-Mar-14 05:00:00 (19.8%)
  2100-Apr-03 03:00:00 (25.2%)
  2100-Apr-23 00:00:00 (30.7%)
  2100-May-12 23:00:00 (36.2%)
  2100-Jun-01 21:00:00 (41.6%)
  2100-Jun-21 20:00:00 (47.1%)
  2100-Jul-11 18:00:00 (52.5%)
  2100-Jul-31 16:00:00 (58%)
  2100-Aug-20 13:00:00 (63.4%)
  2100-Sep-09 11:00:00 (68.9%)
  2100-Sep-29 10:00:00 (74.4%)
  2100-Oct-19 08:00:00 (79.8%)
  2100-Nov-08 07:00:00 (85.3%)
  2100-Nov-28 01:00:00 (90.7%)
  2100-Dec-18 00:00:00 (96.2%)
  2100-Dec-31 23:00:00 (100%)
Finished Program: 2014-Nov-18 11:22:05.703105
Elapsed Time: 00:00:36.716514
