instance.yaml
kiva v0.2.0-22-gd89b213
Copyright (C) 2012-2014 Big Ladder Software
Web: www.bigladdersoftware.com

Starting Program: 2014-Nov-19 10:44:45.404272
Creating Domain...
  X Cells: 211
  Y Cells: 1
  Z Cells: 96
  Total Cells: 20256
Initializing Temperatures...
  2098-Nov-19 23:00:00
  2099-Jan-08 06:00:00
  2099-Jan-18 11:00:00
  2099-Jan-28 16:00:00
  2099-Feb-07 20:00:00
  2099-Feb-18 01:00:00
  2099-Feb-28 06:00:00
  2099-Mar-10 11:00:00
  2099-Mar-20 16:00:00
  2099-Mar-30 21:00:00
  2099-Apr-10 02:00:00
  2099-Apr-20 07:00:00
  2099-Apr-30 12:00:00
  2099-May-10 17:00:00
  2099-May-20 22:00:00
  2099-May-31 03:00:00
  2099-Jun-10 08:00:00
  2099-Jun-20 13:00:00
  2099-Jun-30 18:00:00
  2099-Jul-10 23:00:00
  2099-Jul-21 04:00:00
  2099-Jul-31 09:00:00
  2099-Aug-10 14:00:00
  2099-Aug-20 19:00:00
  2099-Aug-31 00:00:00
  2099-Sep-10 05:00:00
  2099-Sep-20 10:00:00
  2099-Sep-30 15:00:00
  2099-Oct-10 20:00:00
  2099-Oct-21 01:00:00
  2099-Oct-31 06:00:00
  2099-Nov-10 11:00:00
  2099-Nov-20 16:00:00
  2099-Nov-30 21:00:00
  2099-Dec-11 02:00:00
  2099-Dec-21 07:00:00
  2099-Dec-31 12:00:00
Beginning Simulation...
  2100-Jan-10 14:00:00 (2.6%)
  2100-Jan-20 15:00:00 (5.4%)
  2100-Jan-30 17:00:00 (8.1%)
  2100-Feb-09 18:00:00 (10.9%)
  2100-Feb-19 20:00:00 (13.7%)
  2100-Mar-01 21:00:00 (16.4%)
  2100-Mar-11 23:00:00 (19.2%)
  2100-Mar-22 00:00:00 (21.9%)
  2100-Apr-01 02:00:00 (24.7%)
  2100-Apr-11 03:00:00 (27.4%)
  2100-Apr-21 05:00:00 (30.2%)
  2100-May-01 07:00:00 (33%)
  2100-May-11 08:00:00 (35.7%)
  2100-May-21 10:00:00 (38.5%)
  2100-May-31 12:00:00 (41.2%)
  2100-Jun-10 13:00:00 (44%)
  2100-Jun-20 15:00:00 (46.7%)
  2100-Jun-30 17:00:00 (49.5%)
  2100-Jul-10 18:00:00 (52.3%)
  2100-Jul-20 20:00:00 (55%)
  2100-Jul-30 21:00:00 (57.8%)
  2100-Aug-09 23:00:00 (60.5%)
  2100-Aug-20 00:00:00 (63.3%)
  2100-Aug-30 01:00:00 (66%)
  2100-Sep-09 03:00:00 (68.8%)
  2100-Sep-19 05:00:00 (71.6%)
  2100-Sep-29 07:00:00 (74.3%)
  2100-Oct-09 08:00:00 (77.1%)
  2100-Oct-19 12:00:00 (79.9%)
  2100-Oct-29 15:00:00 (82.6%)
  2100-Nov-08 16:00:00 (85.4%)
  2100-Nov-18 19:00:00 (88.2%)
  2100-Nov-28 22:00:00 (90.9%)
  2100-Dec-08 23:00:00 (93.7%)
  2100-Dec-18 15:00:00 (96.3%)
  2100-Dec-28 15:00:00 (99.1%)
  2100-Dec-31 23:00:00 (100%)
Finished Program: 2014-Nov-19 10:45:58.330642
Elapsed Time: 00:01:12.926370
