instance.yaml
kiva v0.2.0-21-g785bfe1
Copyright (C) 2012-2014 Big Ladder Software
Web: www.bigladdersoftware.com

Starting Program: 2014-Nov-18 11:14:23.659003
Creating Domain...
  X Cells: 208
  Y Cells: 1
  Z Cells: 133
  Total Cells: 27664
Initializing Temperatures...
  2098-Oct-01 23:00:00
  2099-Jan-02 10:00:00
  2099-Jan-11 12:00:00
  2099-Jan-20 15:00:00
  2099-Jan-29 17:00:00
  2099-Feb-07 20:00:00
  2099-Feb-16 23:00:00
  2099-Feb-26 01:00:00
  2099-Mar-07 04:00:00
  2099-Mar-16 07:00:00
  2099-Mar-25 10:00:00
  2099-Apr-03 12:00:00
  2099-Apr-12 15:00:00
  2099-Apr-21 18:00:00
  2099-Apr-30 20:00:00
  2099-May-09 23:00:00
  2099-May-19 01:00:00
  2099-May-28 04:00:00
  2099-Jun-06 07:00:00
  2099-Jun-15 09:00:00
  2099-Jun-24 12:00:00
  2099-Jul-03 15:00:00
  2099-Jul-12 18:00:00
  2099-Jul-21 20:00:00
  2099-Jul-31 02:00:00
  2099-Aug-09 09:00:00
  2099-Aug-18 16:00:00
  2099-Aug-27 23:00:00
  2099-Sep-06 06:00:00
  2099-Sep-15 12:00:00
  2099-Sep-24 19:00:00
  2099-Oct-04 02:00:00
  2099-Oct-13 09:00:00
  2099-Oct-22 16:00:00
  2099-Oct-31 22:00:00
  2099-Nov-10 05:00:00
  2099-Nov-19 12:00:00
  2099-Nov-28 18:00:00
  2099-Dec-08 01:00:00
  2099-Dec-17 08:00:00
  2099-Dec-26 15:00:00
Beginning Simulation...
  2100-Jan-04 15:00:00 (1%)
  2100-Jan-13 06:00:00 (3.4%)
  2100-Jan-21 20:00:00 (5.7%)
  2100-Jan-30 11:00:00 (8.1%)
  2100-Feb-08 02:00:00 (10.4%)
  2100-Feb-16 17:00:00 (12.8%)
  2100-Feb-25 07:00:00 (15.1%)
  2100-Mar-05 22:00:00 (17.5%)
  2100-Mar-14 13:00:00 (19.9%)
  2100-Mar-23 04:00:00 (22.2%)
  2100-Mar-31 18:00:00 (24.6%)
  2100-Apr-09 09:00:00 (27%)
  2100-Apr-18 00:00:00 (29.3%)
  2100-Apr-26 15:00:00 (31.7%)
  2100-May-05 06:00:00 (34%)
  2100-May-13 21:00:00 (36.4%)
  2100-May-22 11:00:00 (38.8%)
  2100-May-31 02:00:00 (41.1%)
  2100-Jun-08 17:00:00 (43.5%)
  2100-Jun-17 08:00:00 (45.8%)
  2100-Jun-25 23:00:00 (48.2%)
  2100-Jul-04 13:00:00 (50.6%)
  2100-Jul-13 04:00:00 (52.9%)
  2100-Jul-21 19:00:00 (55.3%)
  2100-Jul-30 10:00:00 (57.6%)
  2100-Aug-08 01:00:00 (60%)
  2100-Aug-16 16:00:00 (62.4%)
  2100-Aug-25 07:00:00 (64.7%)
  2100-Sep-02 22:00:00 (67.1%)
  2100-Sep-11 12:00:00 (69.5%)
  2100-Sep-20 03:00:00 (71.8%)
  2100-Sep-28 19:00:00 (74.2%)
  2100-Oct-07 10:00:00 (76.6%)
  2100-Oct-16 01:00:00 (78.9%)
  2100-Oct-24 14:00:00 (81.3%)
  2100-Nov-02 05:00:00 (83.6%)
  2100-Nov-10 20:00:00 (86%)
  2100-Nov-19 11:00:00 (88.3%)
  2100-Nov-28 02:00:00 (90.7%)
  2100-Dec-06 16:00:00 (93.1%)
  2100-Dec-15 07:00:00 (95.4%)
  2100-Dec-23 21:00:00 (97.8%)
  2100-Dec-31 23:00:00 (100%)
Finished Program: 2014-Nov-18 11:15:46.938617
Elapsed Time: 00:01:23.279614
