instance.yaml
kiva v0.2.0-9-g526928a
Copyright (C) 2012-2014 Big Ladder Software
Web: www.bigladdersoftware.com

Starting Program: 2014-Nov-15 11:51:44.392208
Creating Domain...
  X Cells: 172
  Y Cells: 1
  Z Cells: 113
  Total Cells: 19436
Initializing Temperatures...
  2098-Nov-26 23:00:00
  2099-Jan-10 06:00:00
  2099-Jan-22 16:00:00
  2099-Feb-04 01:00:00
  2099-Feb-16 10:00:00
  2099-Feb-28 20:00:00
  2099-Mar-13 05:00:00
  2099-Mar-25 15:00:00
  2099-Apr-07 00:00:00
  2099-Apr-19 10:00:00
  2099-May-01 19:00:00
  2099-May-14 05:00:00
  2099-May-26 15:00:00
  2099-Jun-08 00:00:00
  2099-Jun-20 10:00:00
  2099-Jul-02 20:00:00
  2099-Jul-15 05:00:00
  2099-Jul-27 15:00:00
  2099-Aug-09 01:00:00
  2099-Aug-21 10:00:00
  2099-Sep-02 20:00:00
  2099-Sep-15 05:00:00
  2099-Sep-27 15:00:00
  2099-Oct-10 01:00:00
  2099-Oct-22 10:00:00
  2099-Nov-03 20:00:00
  2099-Nov-16 06:00:00
  2099-Nov-28 15:00:00
  2099-Dec-11 01:00:00
  2099-Dec-23 11:00:00
Beginning Simulation...
  2100-Jan-04 19:00:00 (1%)
  2100-Jan-16 23:00:00 (4.4%)
  2100-Jan-29 03:00:00 (7.7%)
  2100-Feb-10 07:00:00 (11%)
  2100-Feb-22 10:00:00 (14.4%)
  2100-Mar-06 14:00:00 (17.7%)
  2100-Mar-18 18:00:00 (21%)
  2100-Mar-30 22:00:00 (24.4%)
  2100-Apr-12 03:00:00 (27.7%)
  2100-Apr-24 07:00:00 (31%)
  2100-May-06 11:00:00 (34.4%)
  2100-May-18 15:00:00 (37.7%)
  2100-May-30 20:00:00 (41.1%)
  2100-Jun-12 00:00:00 (44.4%)
  2100-Jun-24 03:00:00 (47.7%)
  2100-Jul-06 08:00:00 (51.1%)
  2100-Jul-18 12:00:00 (54.4%)
  2100-Jul-30 16:00:00 (57.7%)
  2100-Aug-11 21:00:00 (61.1%)
  2100-Aug-24 01:00:00 (64.4%)
  2100-Sep-05 06:00:00 (67.7%)
  2100-Sep-17 10:00:00 (71.1%)
  2100-Sep-29 14:00:00 (74.4%)
  2100-Oct-11 19:00:00 (77.8%)
  2100-Oct-23 23:00:00 (81.1%)
  2100-Nov-05 04:00:00 (84.4%)
  2100-Nov-17 08:00:00 (87.8%)
  2100-Nov-29 12:00:00 (91.1%)
  2100-Dec-11 16:00:00 (94.4%)
  2100-Dec-23 20:00:00 (97.8%)
  2100-Dec-31 23:00:00 (100%)
Finished Program: 2014-Nov-15 11:52:44.668405
Elapsed Time: 00:01:00.276197
