instance.yaml
kiva v0.2.0-9-g526928a
Copyright (C) 2012-2014 Big Ladder Software
Web: www.bigladdersoftware.com

Starting Program: 2014-Nov-15 11:51:44.112650
Creating Domain...
  X Cells: 136
  Y Cells: 1
  Z Cells: 93
  Total Cells: 12648
Initializing Temperatures...
  2099-Jan-06 06:00:00
  2099-Jan-24 06:00:00
  2099-Feb-11 07:00:00
  2099-Mar-01 07:00:00
  2099-Mar-19 08:00:00
  2099-Apr-06 09:00:00
  2099-Apr-24 09:00:00
  2099-May-12 10:00:00
  2099-May-30 11:00:00
  2099-Jun-17 12:00:00
  2099-Jul-05 12:00:00
  2099-Jul-23 13:00:00
  2099-Aug-10 14:00:00
  2099-Aug-28 14:00:00
  2099-Sep-15 15:00:00
  2099-Oct-03 16:00:00
  2099-Oct-21 17:00:00
  2099-Nov-08 18:00:00
  2099-Nov-26 19:00:00
  2099-Dec-14 19:00:00
Beginning Simulation...
  2100-Jan-01 20:00:00 (0.2%)
  2100-Jan-19 11:00:00 (5.1%)
  2100-Feb-06 03:00:00 (9.9%)
  2100-Feb-23 18:00:00 (14.7%)
  2100-Mar-13 09:00:00 (19.6%)
  2100-Mar-31 00:00:00 (24.4%)
  2100-Apr-17 16:00:00 (29.2%)
  2100-May-05 07:00:00 (34.1%)
  2100-May-22 23:00:00 (38.9%)
  2100-Jun-09 15:00:00 (43.7%)
  2100-Jun-27 05:00:00 (48.6%)
  2100-Jul-14 20:00:00 (53.4%)
  2100-Aug-01 12:00:00 (58.2%)
  2100-Aug-19 03:00:00 (63%)
  2100-Sep-05 19:00:00 (67.9%)
  2100-Sep-23 11:00:00 (72.7%)
  2100-Oct-11 04:00:00 (77.6%)
  2100-Oct-28 20:00:00 (82.4%)
  2100-Nov-15 12:00:00 (87.3%)
  2100-Dec-03 04:00:00 (92.1%)
  2100-Dec-20 20:00:00 (96.9%)
  2100-Dec-31 23:00:00 (100%)
Finished Program: 2014-Nov-15 11:52:25.629704
Elapsed Time: 00:00:41.517054
