instance.yaml
kiva v0.2.0-21-g785bfe1
Copyright (C) 2012-2014 Big Ladder Software
Web: www.bigladdersoftware.com

Starting Program: 2014-Nov-18 11:17:24.912461
Creating Domain...
  X Cells: 196
  Y Cells: 1
  Z Cells: 113
  Total Cells: 22148
Initializing Temperatures...
  2099-Jan-02 16:00:00
  2099-Jan-12 17:00:00
  2099-Jan-22 18:00:00
  2099-Feb-01 18:00:00
  2099-Feb-11 19:00:00
  2099-Feb-21 20:00:00
  2099-Mar-03 21:00:00
  2099-Mar-13 22:00:00
  2099-Mar-23 22:00:00
  2099-Apr-02 23:00:00
  2099-Apr-13 00:00:00
  2099-Apr-23 01:00:00
  2099-May-03 02:00:00
  2099-May-13 03:00:00
  2099-May-23 05:00:00
  2099-Jun-02 06:00:00
  2099-Jun-12 07:00:00
  2099-Jun-22 08:00:00
  2099-Jul-02 09:00:00
  2099-Jul-12 10:00:00
  2099-Jul-22 11:00:00
  2099-Aug-01 12:00:00
  2099-Aug-11 13:00:00
  2099-Aug-21 14:00:00
  2099-Aug-31 15:00:00
  2099-Sep-10 16:00:00
  2099-Sep-20 17:00:00
  2099-Sep-30 18:00:00
  2099-Oct-10 19:00:00
  2099-Oct-20 20:00:00
  2099-Oct-30 21:00:00
  2099-Nov-09 22:00:00
  2099-Nov-19 23:00:00
  2099-Nov-30 00:00:00
  2099-Dec-10 01:00:00
  2099-Dec-20 01:00:00
  2099-Dec-30 02:00:00
Beginning Simulation...
  2100-Jan-09 00:00:00 (2.2%)
  2100-Jan-18 21:00:00 (4.9%)
  2100-Jan-28 18:00:00 (7.6%)
  2100-Feb-07 15:00:00 (10.3%)
  2100-Feb-17 12:00:00 (13%)
  2100-Feb-27 08:00:00 (15.7%)
  2100-Mar-09 05:00:00 (18.4%)
  2100-Mar-19 02:00:00 (21.1%)
  2100-Mar-28 23:00:00 (23.8%)
  2100-Apr-07 20:00:00 (26.5%)
  2100-Apr-17 17:00:00 (29.2%)
  2100-Apr-27 13:00:00 (31.9%)
  2100-May-07 10:00:00 (34.6%)
  2100-May-17 07:00:00 (37.3%)
  2100-May-27 04:00:00 (40%)
  2100-Jun-06 01:00:00 (42.8%)
  2100-Jun-15 22:00:00 (45.5%)
  2100-Jun-25 19:00:00 (48.2%)
  2100-Jul-05 16:00:00 (50.9%)
  2100-Jul-15 13:00:00 (53.6%)
  2100-Jul-25 10:00:00 (56.3%)
  2100-Aug-04 07:00:00 (59%)
  2100-Aug-14 04:00:00 (61.7%)
  2100-Aug-24 01:00:00 (64.4%)
  2100-Sep-02 22:00:00 (67.1%)
  2100-Sep-12 19:00:00 (69.8%)
  2100-Sep-22 16:00:00 (72.5%)
  2100-Oct-02 13:00:00 (75.2%)
  2100-Oct-12 10:00:00 (77.9%)
  2100-Oct-22 07:00:00 (80.6%)
  2100-Nov-01 03:00:00 (83.3%)
  2100-Nov-11 00:00:00 (86%)
  2100-Nov-20 21:00:00 (88.7%)
  2100-Nov-30 18:00:00 (91.4%)
  2100-Dec-10 13:00:00 (94.1%)
  2100-Dec-20 10:00:00 (96.8%)
  2100-Dec-30 07:00:00 (99.5%)
  2100-Dec-31 23:00:00 (100%)
Finished Program: 2014-Nov-18 11:18:39.171516
Elapsed Time: 00:01:14.259055
