instance.yaml
kiva v0.2.0-9-g526928a
Copyright (C) 2012-2014 Big Ladder Software
Web: www.bigladdersoftware.com

Starting Program: 2014-Nov-15 11:21:45.573985
Creating Domain...
  X Cells: 157
  Y Cells: 1
  Z Cells: 133
  Total Cells: 20881
Initializing Temperatures...
  2098-Oct-08 23:00:00
  2099-Jan-05 22:00:00
  2099-Jan-17 01:00:00
  2099-Jan-28 03:00:00
  2099-Feb-08 05:00:00
  2099-Feb-19 07:00:00
  2099-Mar-02 09:00:00
  2099-Mar-13 11:00:00
  2099-Mar-24 14:00:00
  2099-Apr-04 16:00:00
  2099-Apr-15 18:00:00
  2099-Apr-26 20:00:00
  2099-May-07 22:00:00
  2099-May-19 01:00:00
  2099-May-30 03:00:00
  2099-Jun-10 05:00:00
  2099-Jun-21 08:00:00
  2099-Jul-02 10:00:00
  2099-Jul-13 12:00:00
  2099-Jul-24 15:00:00
  2099-Aug-04 17:00:00
  2099-Aug-15 19:00:00
  2099-Aug-26 22:00:00
  2099-Sep-07 00:00:00
  2099-Sep-18 02:00:00
  2099-Sep-29 04:00:00
  2099-Oct-10 07:00:00
  2099-Oct-21 09:00:00
  2099-Nov-01 12:00:00
  2099-Nov-12 14:00:00
  2099-Nov-23 16:00:00
  2099-Dec-04 19:00:00
  2099-Dec-15 21:00:00
  2099-Dec-26 23:00:00
Beginning Simulation...
  2100-Jan-06 14:00:00 (1.5%)
  2100-Jan-16 19:00:00 (4.3%)
  2100-Jan-26 23:00:00 (7.1%)
  2100-Feb-06 04:00:00 (9.9%)
  2100-Feb-16 09:00:00 (12.7%)
  2100-Feb-26 14:00:00 (15.5%)
  2100-Mar-08 18:00:00 (18.3%)
  2100-Mar-18 23:00:00 (21.1%)
  2100-Mar-29 04:00:00 (23.9%)
  2100-Apr-08 08:00:00 (26.7%)
  2100-Apr-18 13:00:00 (29.5%)
  2100-Apr-28 17:00:00 (32.2%)
  2100-May-08 22:00:00 (35%)
  2100-May-19 03:00:00 (37.8%)
  2100-May-29 08:00:00 (40.6%)
  2100-Jun-08 13:00:00 (43.4%)
  2100-Jun-18 17:00:00 (46.2%)
  2100-Jun-28 22:00:00 (49%)
  2100-Jul-09 03:00:00 (51.8%)
  2100-Jul-19 08:00:00 (54.6%)
  2100-Jul-29 13:00:00 (57.4%)
  2100-Aug-08 18:00:00 (60.2%)
  2100-Aug-18 22:00:00 (63%)
  2100-Aug-29 03:00:00 (65.8%)
  2100-Sep-08 08:00:00 (68.6%)
  2100-Sep-18 13:00:00 (71.4%)
  2100-Sep-28 17:00:00 (74.2%)
  2100-Oct-08 22:00:00 (77%)
  2100-Oct-19 03:00:00 (79.8%)
  2100-Oct-29 08:00:00 (82.6%)
  2100-Nov-08 13:00:00 (85.4%)
  2100-Nov-18 18:00:00 (88.2%)
  2100-Nov-28 22:00:00 (90.9%)
  2100-Dec-09 01:00:00 (93.7%)
  2100-Dec-19 06:00:00 (96.5%)
  2100-Dec-29 10:00:00 (99.3%)
  2100-Dec-31 23:00:00 (100%)
Finished Program: 2014-Nov-15 11:22:55.250188
Elapsed Time: 00:01:09.676203
