instance.yaml
kiva v0.2.0-19-ge248292
Copyright (C) 2012-2014 Big Ladder Software
Web: www.bigladdersoftware.com

Starting Program: 2014-Nov-17 08:42:12.709796
Creating Domain...
  X Cells: 101
  Y Cells: 1
  Z Cells: 133
  Total Cells: 13433
Initializing Temperatures...
  2098-Oct-01 23:00:00
  2099-Jan-10 04:00:00
  2099-Jan-29 02:00:00
  2099-Feb-17 00:00:00
  2099-Mar-07 21:00:00
  2099-Mar-26 19:00:00
  2099-Apr-14 17:00:00
  2099-May-03 15:00:00
  2099-May-22 13:00:00
  2099-Jun-10 11:00:00
  2099-Jun-29 09:00:00
  2099-Jul-18 07:00:00
  2099-Aug-06 05:00:00
  2099-Aug-25 04:00:00
  2099-Sep-13 02:00:00
  2099-Oct-02 00:00:00
  2099-Oct-20 23:00:00
  2099-Nov-08 22:00:00
  2099-Nov-27 21:00:00
  2099-Dec-16 20:00:00
Beginning Simulation...
  2100-Jan-04 12:00:00 (1%)
  2100-Jan-21 22:00:00 (5.7%)
  2100-Feb-08 08:00:00 (10.5%)
  2100-Feb-25 18:00:00 (15.3%)
  2100-Mar-15 04:00:00 (20%)
  2100-Apr-01 14:00:00 (24.8%)
  2100-Apr-19 00:00:00 (29.6%)
  2100-May-06 10:00:00 (34.4%)
  2100-May-23 20:00:00 (39.1%)
  2100-Jun-10 07:00:00 (43.9%)
  2100-Jun-27 17:00:00 (48.7%)
  2100-Jul-15 03:00:00 (53.5%)
  2100-Aug-01 13:00:00 (58.2%)
  2100-Aug-18 23:00:00 (63%)
  2100-Sep-05 06:00:00 (67.7%)
  2100-Sep-22 17:00:00 (72.5%)
  2100-Oct-10 03:00:00 (77.3%)
  2100-Oct-27 14:00:00 (82.1%)
  2100-Nov-14 00:00:00 (86.8%)
  2100-Dec-01 10:00:00 (91.6%)
  2100-Dec-18 21:00:00 (96.4%)
  2100-Dec-31 23:00:00 (100%)
Finished Program: 2014-Nov-17 08:42:53.752457
Elapsed Time: 00:00:41.042661
