instance.yaml
kiva v0.2.0-21-g785bfe1
Copyright (C) 2012-2014 Big Ladder Software
Web: www.bigladdersoftware.com

Starting Program: 2014-Nov-18 11:20:25.505222
Creating Domain...
  X Cells: 206
  Y Cells: 1
  Z Cells: 127
  Total Cells: 26162
Initializing Temperatures...
  2098-Oct-22 23:00:00
  2099-Jan-04 12:00:00
  2099-Jan-13 22:00:00
  2099-Jan-23 07:00:00
  2099-Feb-01 16:00:00
  2099-Feb-11 01:00:00
  2099-Feb-20 10:00:00
  2099-Mar-01 19:00:00
  2099-Mar-11 05:00:00
  2099-Mar-20 14:00:00
  2099-Mar-29 23:00:00
  2099-Apr-08 08:00:00
  2099-Apr-17 17:00:00
  2099-Apr-27 03:00:00
  2099-May-06 12:00:00
  2099-May-15 21:00:00
  2099-May-25 07:00:00
  2099-Jun-03 16:00:00
  2099-Jun-13 01:00:00
  2099-Jun-22 11:00:00
  2099-Jul-01 20:00:00
  2099-Jul-11 05:00:00
  2099-Jul-20 17:00:00
  2099-Jul-30 05:00:00
  2099-Aug-08 18:00:00
  2099-Aug-18 06:00:00
  2099-Aug-27 18:00:00
  2099-Sep-06 06:00:00
  2099-Sep-15 18:00:00
  2099-Sep-25 06:00:00
  2099-Oct-04 18:00:00
  2099-Oct-14 06:00:00
  2099-Oct-23 18:00:00
  2099-Nov-02 06:00:00
  2099-Nov-11 19:00:00
  2099-Nov-21 07:00:00
  2099-Nov-30 19:00:00
  2099-Dec-10 07:00:00
  2099-Dec-19 19:00:00
  2099-Dec-29 07:00:00
Beginning Simulation...
  2100-Jan-07 08:00:00 (1.7%)
  2100-Jan-16 05:00:00 (4.2%)
  2100-Jan-25 02:00:00 (6.6%)
  2100-Feb-02 23:00:00 (9%)
  2100-Feb-11 20:00:00 (11.5%)
  2100-Feb-20 17:00:00 (13.9%)
  2100-Mar-01 14:00:00 (16.3%)
  2100-Mar-10 11:00:00 (18.8%)
  2100-Mar-19 07:00:00 (21.2%)
  2100-Mar-28 04:00:00 (23.6%)
  2100-Apr-06 00:00:00 (26%)
  2100-Apr-14 21:00:00 (28.5%)
  2100-Apr-23 18:00:00 (30.9%)
  2100-May-02 15:00:00 (33.3%)
  2100-May-11 12:00:00 (35.8%)
  2100-May-20 09:00:00 (38.2%)
  2100-May-29 06:00:00 (40.6%)
  2100-Jun-07 03:00:00 (43%)
  2100-Jun-16 00:00:00 (45.5%)
  2100-Jun-24 21:00:00 (47.9%)
  2100-Jul-03 18:00:00 (50.3%)
  2100-Jul-12 15:00:00 (52.8%)
  2100-Jul-21 12:00:00 (55.2%)
  2100-Jul-30 08:00:00 (57.6%)
  2100-Aug-08 05:00:00 (60.1%)
  2100-Aug-17 02:00:00 (62.5%)
  2100-Aug-25 23:00:00 (64.9%)
  2100-Sep-03 20:00:00 (67.4%)
  2100-Sep-12 17:00:00 (69.8%)
  2100-Sep-21 14:00:00 (72.2%)
  2100-Sep-30 11:00:00 (74.6%)
  2100-Oct-09 08:00:00 (77.1%)
  2100-Oct-18 03:00:00 (79.5%)
  2100-Oct-27 00:00:00 (81.9%)
  2100-Nov-04 21:00:00 (84.3%)
  2100-Nov-13 18:00:00 (86.8%)
  2100-Nov-22 15:00:00 (89.2%)
  2100-Dec-01 12:00:00 (91.6%)
  2100-Dec-10 09:00:00 (94.1%)
  2100-Dec-19 06:00:00 (96.5%)
  2100-Dec-28 02:00:00 (98.9%)
  2100-Dec-31 23:00:00 (100%)
Finished Program: 2014-Nov-18 11:21:46.437004
Elapsed Time: 00:01:20.931782
