instance.yaml
kiva v0.2.0-21-g785bfe1
Copyright (C) 2012-2014 Big Ladder Software
Web: www.bigladdersoftware.com

Starting Program: 2014-Nov-18 11:10:25.001028
Creating Domain...
  X Cells: 201
  Y Cells: 1
  Z Cells: 125
  Total Cells: 25125
Initializing Temperatures...
  2098-Dec-24 23:00:00
  2099-Jan-09 15:00:00
  2099-Jan-18 22:00:00
  2099-Jan-28 05:00:00
  2099-Feb-06 12:00:00
  2099-Feb-15 19:00:00
  2099-Feb-25 03:00:00
  2099-Mar-06 10:00:00
  2099-Mar-15 17:00:00
  2099-Mar-25 00:00:00
  2099-Apr-03 08:00:00
  2099-Apr-12 15:00:00
  2099-Apr-21 22:00:00
  2099-May-01 06:00:00
  2099-May-10 13:00:00
  2099-May-19 20:00:00
  2099-May-29 04:00:00
  2099-Jun-07 11:00:00
  2099-Jun-16 19:00:00
  2099-Jun-26 02:00:00
  2099-Jul-05 09:00:00
  2099-Jul-14 17:00:00
  2099-Jul-24 00:00:00
  2099-Aug-02 08:00:00
  2099-Aug-11 15:00:00
  2099-Aug-20 22:00:00
  2099-Aug-30 06:00:00
  2099-Sep-08 13:00:00
  2099-Sep-17 21:00:00
  2099-Sep-27 04:00:00
  2099-Oct-06 12:00:00
  2099-Oct-15 19:00:00
  2099-Oct-25 03:00:00
  2099-Nov-03 10:00:00
  2099-Nov-12 17:00:00
  2099-Nov-22 01:00:00
  2099-Dec-01 08:00:00
  2099-Dec-10 16:00:00
  2099-Dec-19 23:00:00
  2099-Dec-29 06:00:00
Beginning Simulation...
  2100-Jan-07 04:00:00 (1.7%)
  2100-Jan-15 21:00:00 (4.1%)
  2100-Jan-24 14:00:00 (6.5%)
  2100-Feb-02 07:00:00 (8.8%)
  2100-Feb-11 01:00:00 (11.2%)
  2100-Feb-19 18:00:00 (13.6%)
  2100-Feb-28 11:00:00 (16%)
  2100-Mar-09 04:00:00 (18.4%)
  2100-Mar-17 21:00:00 (20.8%)
  2100-Mar-26 14:00:00 (23.2%)
  2100-Apr-04 07:00:00 (25.6%)
  2100-Apr-13 00:00:00 (27.9%)
  2100-Apr-21 18:00:00 (30.3%)
  2100-Apr-30 11:00:00 (32.7%)
  2100-May-09 04:00:00 (35.1%)
  2100-May-17 22:00:00 (37.5%)
  2100-May-26 15:00:00 (39.9%)
  2100-Jun-04 08:00:00 (42.3%)
  2100-Jun-13 02:00:00 (44.7%)
  2100-Jun-21 19:00:00 (47.1%)
  2100-Jun-30 12:00:00 (49.5%)
  2100-Jul-09 06:00:00 (51.8%)
  2100-Jul-17 23:00:00 (54.2%)
  2100-Jul-26 16:00:00 (56.6%)
  2100-Aug-04 10:00:00 (59%)
  2100-Aug-13 03:00:00 (61.4%)
  2100-Aug-21 20:00:00 (63.8%)
  2100-Aug-30 14:00:00 (66.2%)
  2100-Sep-08 07:00:00 (68.6%)
  2100-Sep-17 00:00:00 (71%)
  2100-Sep-25 18:00:00 (73.4%)
  2100-Oct-04 11:00:00 (75.7%)
  2100-Oct-13 04:00:00 (78.1%)
  2100-Oct-21 22:00:00 (80.5%)
  2100-Oct-30 14:00:00 (82.9%)
  2100-Nov-08 07:00:00 (85.3%)
  2100-Nov-17 01:00:00 (87.7%)
  2100-Nov-25 18:00:00 (90.1%)
  2100-Dec-04 12:00:00 (92.5%)
  2100-Dec-13 05:00:00 (94.9%)
  2100-Dec-21 22:00:00 (97.2%)
  2100-Dec-30 15:00:00 (99.6%)
  2100-Dec-31 23:00:00 (100%)
Finished Program: 2014-Nov-18 11:11:47.153370
Elapsed Time: 00:01:22.152342
