instance.yaml
kiva v0.2.0-9-g526928a
Copyright (C) 2012-2014 Big Ladder Software
Web: www.bigladdersoftware.com

Starting Program: 2014-Nov-15 11:51:43.305516
Creating Domain...
  X Cells: 161
  Y Cells: 1
  Z Cells: 133
  Total Cells: 21413
Initializing Temperatures...
Warning: Solution did not converge after 634 iterations.
  The final residual was: 3.30105e-05
  Solver status: 2
  2098-Nov-19 23:00:00
  2099-Jan-09 05:00:00
  2099-Jan-20 21:00:00
  2099-Feb-01 12:00:00
  2099-Feb-13 04:00:00
  2099-Feb-24 20:00:00
  2099-Mar-08 11:00:00
  2099-Mar-20 03:00:00
  2099-Mar-31 19:00:00
  2099-Apr-12 10:00:00
  2099-Apr-24 00:00:00
  2099-May-05 15:00:00
  2099-May-17 07:00:00
  2099-May-28 23:00:00
  2099-Jun-09 15:00:00
  2099-Jun-21 06:00:00
  2099-Jul-02 22:00:00
  2099-Jul-14 14:00:00
  2099-Jul-26 06:00:00
  2099-Aug-06 21:00:00
  2099-Aug-18 13:00:00
  2099-Aug-30 05:00:00
  2099-Sep-10 20:00:00
  2099-Sep-22 12:00:00
  2099-Oct-04 04:00:00
  2099-Oct-15 20:00:00
  2099-Oct-27 12:00:00
  2099-Nov-08 04:00:00
  2099-Nov-19 19:00:00
  2099-Dec-01 11:00:00
  2099-Dec-13 03:00:00
  2099-Dec-24 19:00:00
Beginning Simulation...
  2100-Jan-05 02:00:00 (1.1%)
  2100-Jan-15 18:00:00 (4%)
  2100-Jan-26 10:00:00 (7%)
  2100-Feb-06 02:00:00 (9.9%)
  2100-Feb-16 18:00:00 (12.8%)
  2100-Feb-27 10:00:00 (15.7%)
  2100-Mar-10 02:00:00 (18.7%)
  2100-Mar-20 18:00:00 (21.6%)
  2100-Mar-31 10:00:00 (24.5%)
  2100-Apr-11 03:00:00 (27.4%)
  2100-Apr-21 19:00:00 (30.4%)
  2100-May-02 11:00:00 (33.3%)
  2100-May-13 03:00:00 (36.2%)
  2100-May-23 19:00:00 (39.1%)
  2100-Jun-03 11:00:00 (42%)
  2100-Jun-14 03:00:00 (45%)
  2100-Jun-24 20:00:00 (47.9%)
  2100-Jul-05 12:00:00 (50.8%)
  2100-Jul-16 04:00:00 (53.7%)
  2100-Jul-26 21:00:00 (56.7%)
  2100-Aug-06 13:00:00 (59.6%)
  2100-Aug-17 05:00:00 (62.5%)
  2100-Aug-27 21:00:00 (65.4%)
  2100-Sep-07 14:00:00 (68.4%)
  2100-Sep-18 06:00:00 (71.3%)
  2100-Sep-28 22:00:00 (74.2%)
  2100-Oct-09 15:00:00 (77.2%)
  2100-Oct-20 07:00:00 (80.1%)
  2100-Oct-30 23:00:00 (83%)
  2100-Nov-10 15:00:00 (85.9%)
  2100-Nov-21 07:00:00 (88.8%)
  2100-Dec-02 00:00:00 (91.8%)
  2100-Dec-12 16:00:00 (94.7%)
  2100-Dec-23 08:00:00 (97.6%)
  2100-Dec-31 23:00:00 (100%)
Finished Program: 2014-Nov-15 11:52:49.810091
Elapsed Time: 00:01:06.504575
