instance.yaml
kiva v0.2.0-21-g785bfe1
Copyright (C) 2012-2014 Big Ladder Software
Web: www.bigladdersoftware.com

Starting Program: 2014-Nov-18 11:24:26.004450
Creating Domain...
  X Cells: 90
  Y Cells: 1
  Z Cells: 125
  Total Cells: 11250
Initializing Temperatures...
  2099-Jan-10 12:00:00
  2099-Feb-01 10:00:00
  2099-Feb-23 08:00:00
  2099-Mar-17 07:00:00
  2099-Apr-08 05:00:00
  2099-Apr-30 03:00:00
  2099-May-22 01:00:00
  2099-Jun-13 00:00:00
  2099-Jul-04 22:00:00
  2099-Jul-26 20:00:00
  2099-Aug-17 19:00:00
  2099-Sep-08 17:00:00
  2099-Sep-30 16:00:00
  2099-Oct-22 14:00:00
  2099-Nov-13 12:00:00
  2099-Dec-05 11:00:00
  2099-Dec-27 09:00:00
Beginning Simulation...
  2100-Jan-16 22:00:00 (4.4%)
  2100-Feb-06 00:00:00 (9.9%)
  2100-Feb-26 03:00:00 (15.4%)
  2100-Mar-18 06:00:00 (20.9%)
  2100-Apr-07 09:00:00 (26.4%)
  2100-Apr-27 12:00:00 (31.9%)
  2100-May-17 15:00:00 (37.4%)
  2100-Jun-06 18:00:00 (42.9%)
  2100-Jun-26 21:00:00 (48.5%)
  2100-Jul-17 00:00:00 (54%)
  2100-Aug-06 03:00:00 (59.5%)
  2100-Aug-26 06:00:00 (65%)
  2100-Sep-15 10:00:00 (70.5%)
  2100-Oct-05 13:00:00 (76%)
  2100-Oct-25 16:00:00 (81.6%)
  2100-Nov-14 18:00:00 (87.1%)
  2100-Dec-04 16:00:00 (92.5%)
  2100-Dec-24 19:00:00 (98%)
  2100-Dec-31 23:00:00 (100%)
Finished Program: 2014-Nov-18 11:25:01.357740
Elapsed Time: 00:00:35.353290
