instance.yaml
kiva v0.2.0-9-g526928a
Copyright (C) 2012-2014 Big Ladder Software
Web: www.bigladdersoftware.com

Starting Program: 2014-Oct-26 15:41:44.351952
Creating Domain...
  X Cells: 128
  Y Cells: 1
  Z Cells: 103
  Total Cells: 13184
Initializing Temperatures...
  2098-Nov-05 23:00:00
  2099-Jan-08 11:00:00
  2099-Jan-26 20:00:00
  2099-Feb-15 17:00:00
  2099-Mar-07 13:00:00
  2099-Mar-27 09:00:00
  2099-Apr-16 06:00:00
  2099-May-06 02:00:00
  2099-May-25 23:00:00
  2099-Jun-14 20:00:00
  2099-Jul-04 16:00:00
  2099-Jul-24 13:00:00
  2099-Aug-13 09:00:00
  2099-Sep-02 06:00:00
  2099-Sep-22 03:00:00
  2099-Oct-12 00:00:00
  2099-Oct-31 20:00:00
  2099-Nov-20 17:00:00
  2099-Dec-10 14:00:00
  2099-Dec-30 10:00:00
Beginning Simulation...
  2100-Jan-18 20:00:00 (4.9%)
  2100-Feb-07 05:00:00 (10.2%)
  2100-Feb-26 14:00:00 (15.5%)
  2100-Mar-17 23:00:00 (20.8%)
  2100-Apr-06 07:00:00 (26.1%)
  2100-Apr-25 16:00:00 (31.4%)
  2100-May-15 01:00:00 (36.7%)
  2100-Jun-03 11:00:00 (42%)
  2100-Jun-22 20:00:00 (47.4%)
  2100-Jul-12 05:00:00 (52.7%)
  2100-Jul-31 15:00:00 (58%)
  2100-Aug-20 01:00:00 (63.3%)
  2100-Sep-08 07:00:00 (68.6%)
  2100-Sep-27 17:00:00 (73.9%)
  2100-Oct-17 02:00:00 (79.2%)
  2100-Nov-05 11:00:00 (84.5%)
  2100-Nov-24 20:00:00 (89.8%)
  2100-Dec-14 05:00:00 (95.1%)
  2100-Dec-31 23:00:00 (100%)
Finished Program: 2014-Oct-26 15:42:22.917472
Elapsed Time: 00:00:38.565520
