instance.yaml
kiva v0.2.0-21-g785bfe1
Copyright (C) 2012-2014 Big Ladder Software
Web: www.bigladdersoftware.com

Starting Program: 2014-Nov-18 11:25:27.532745
Creating Domain...
  X Cells: 92
  Y Cells: 1
  Z Cells: 113
  Total Cells: 10396
Initializing Temperatures...
  2098-Dec-17 23:00:00
  2099-Jan-21 03:00:00
  2099-Feb-11 13:00:00
  2099-Mar-04 23:00:00
  2099-Mar-26 09:00:00
  2099-Apr-16 20:00:00
  2099-May-08 07:00:00
  2099-May-29 17:00:00
  2099-Jun-20 04:00:00
  2099-Jul-11 14:00:00
  2099-Aug-02 01:00:00
  2099-Aug-23 10:00:00
  2099-Sep-13 15:00:00
  2099-Oct-05 01:00:00
  2099-Oct-26 10:00:00
  2099-Nov-16 20:00:00
  2099-Dec-08 05:00:00
  2099-Dec-29 15:00:00
Beginning Simulation...
  2100-Jan-19 15:00:00 (5.1%)
  2100-Feb-09 14:00:00 (10.8%)
  2100-Mar-02 13:00:00 (16.6%)
  2100-Mar-23 12:00:00 (22.3%)
  2100-Apr-13 10:00:00 (28.1%)
  2100-May-04 09:00:00 (33.8%)
  2100-May-25 09:00:00 (39.6%)
  2100-Jun-15 08:00:00 (45.3%)
  2100-Jul-06 07:00:00 (51%)
  2100-Jul-27 06:00:00 (56.8%)
  2100-Aug-17 05:00:00 (62.5%)
  2100-Sep-07 04:00:00 (68.3%)
  2100-Sep-28 03:00:00 (74%)
  2100-Oct-19 02:00:00 (79.7%)
  2100-Nov-09 01:00:00 (85.5%)
  2100-Nov-29 20:00:00 (91.2%)
  2100-Dec-20 19:00:00 (96.9%)
  2100-Dec-31 23:00:00 (100%)
Finished Program: 2014-Nov-18 11:26:02.534104
Elapsed Time: 00:00:35.001359
