instance.yaml
kiva v0.2.0-21-g785bfe1
Copyright (C) 2012-2014 Big Ladder Software
Web: www.bigladdersoftware.com

Starting Program: 2014-Nov-18 11:04:29.276789
Creating Domain...
  X Cells: 173
  Y Cells: 1
  Z Cells: 125
  Total Cells: 21625
Initializing Temperatures...
  2098-Dec-03 23:00:00
  2099-Jan-09 00:00:00
  2099-Jan-19 13:00:00
  2099-Jan-30 01:00:00
  2099-Feb-09 14:00:00
  2099-Feb-20 02:00:00
  2099-Mar-02 15:00:00
  2099-Mar-13 03:00:00
  2099-Mar-23 15:00:00
  2099-Apr-03 04:00:00
  2099-Apr-13 16:00:00
  2099-Apr-24 05:00:00
  2099-May-04 17:00:00
  2099-May-15 06:00:00
  2099-May-25 18:00:00
  2099-Jun-05 07:00:00
  2099-Jun-15 20:00:00
  2099-Jun-26 08:00:00
  2099-Jul-06 21:00:00
  2099-Jul-17 10:00:00
  2099-Jul-27 22:00:00
  2099-Aug-07 11:00:00
  2099-Aug-18 00:00:00
  2099-Aug-28 12:00:00
  2099-Sep-08 01:00:00
  2099-Sep-18 13:00:00
  2099-Sep-29 02:00:00
  2099-Oct-09 15:00:00
  2099-Oct-20 04:00:00
  2099-Oct-30 19:00:00
  2099-Nov-10 09:00:00
  2099-Nov-21 00:00:00
  2099-Dec-01 15:00:00
  2099-Dec-12 06:00:00
  2099-Dec-22 21:00:00
Beginning Simulation...
  2100-Jan-02 09:00:00 (0.4%)
  2100-Jan-12 06:00:00 (3.1%)
  2100-Jan-22 04:00:00 (5.8%)
  2100-Feb-01 02:00:00 (8.5%)
  2100-Feb-11 01:00:00 (11.2%)
  2100-Feb-21 00:00:00 (14%)
  2100-Mar-02 23:00:00 (16.7%)
  2100-Mar-12 22:00:00 (19.4%)
  2100-Mar-22 21:00:00 (22.2%)
  2100-Apr-01 19:00:00 (24.9%)
  2100-Apr-11 18:00:00 (27.6%)
  2100-Apr-21 18:00:00 (30.3%)
  2100-May-01 17:00:00 (33.1%)
  2100-May-11 16:00:00 (35.8%)
  2100-May-21 15:00:00 (38.5%)
  2100-May-31 14:00:00 (41.3%)
  2100-Jun-10 13:00:00 (44%)
  2100-Jun-20 13:00:00 (46.7%)
  2100-Jun-30 12:00:00 (49.5%)
  2100-Jul-10 11:00:00 (52.2%)
  2100-Jul-20 10:00:00 (54.9%)
  2100-Jul-30 10:00:00 (57.6%)
  2100-Aug-09 09:00:00 (60.4%)
  2100-Aug-19 08:00:00 (63.1%)
  2100-Aug-29 07:00:00 (65.8%)
  2100-Sep-08 06:00:00 (68.6%)
  2100-Sep-18 06:00:00 (71.3%)
  2100-Sep-28 05:00:00 (74%)
  2100-Oct-08 04:00:00 (76.8%)
  2100-Oct-18 04:00:00 (79.5%)
  2100-Oct-28 03:00:00 (82.2%)
  2100-Nov-07 02:00:00 (85%)
  2100-Nov-17 01:00:00 (87.7%)
  2100-Nov-27 00:00:00 (90.4%)
  2100-Dec-06 22:00:00 (93.1%)
  2100-Dec-16 21:00:00 (95.9%)
  2100-Dec-26 20:00:00 (98.6%)
  2100-Dec-31 23:00:00 (100%)
Finished Program: 2014-Nov-18 11:05:41.516632
Elapsed Time: 00:01:12.239843
