instance.yaml
kiva v0.2.0-9-g526928a
Copyright (C) 2012-2014 Big Ladder Software
Web: www.bigladdersoftware.com

Starting Program: 2014-Oct-19 03:14:54.487509
Creating Domain...
  X Cells: 98
  Y Cells: 1
  Z Cells: 133
  Total Cells: 13034
Initializing Temperatures...
Warning: Solution did not converge after 1162 iterations.
  The final residual was: 3.7168e-06
  Solver status: 2
  2098-Oct-01 23:00:00
  2099-Jan-01 11:00:00
  2099-Jan-15 19:00:00
  2099-Feb-06 00:00:00
  2099-Feb-27 05:00:00
  2099-Mar-20 11:00:00
  2099-Apr-10 16:00:00
  2099-May-01 21:00:00
  2099-May-23 03:00:00
  2099-Jun-13 08:00:00
  2099-Jul-04 14:00:00
  2099-Jul-25 19:00:00
  2099-Aug-16 00:00:00
  2099-Sep-06 06:00:00
  2099-Sep-27 11:00:00
  2099-Oct-18 17:00:00
  2099-Nov-08 23:00:00
  2099-Nov-30 04:00:00
  2099-Dec-21 10:00:00
Beginning Simulation...
  2100-Jan-10 19:00:00 (2.7%)
  2100-Jan-30 09:00:00 (8%)
  2100-Feb-18 23:00:00 (13.4%)
  2100-Mar-10 13:00:00 (18.8%)
  2100-Mar-30 02:00:00 (24.1%)
  2100-Apr-18 17:00:00 (29.5%)
  2100-May-08 06:00:00 (34.9%)
  2100-May-27 21:00:00 (40.2%)
  2100-Jun-16 11:00:00 (45.6%)
  2100-Jul-06 01:00:00 (51%)
  2100-Jul-25 15:00:00 (56.3%)
  2100-Aug-14 06:00:00 (61.7%)
  2100-Sep-02 20:00:00 (67.1%)
  2100-Sep-22 10:00:00 (72.4%)
  2100-Oct-12 00:00:00 (77.8%)
  2100-Oct-31 11:00:00 (83.1%)
  2100-Nov-20 00:00:00 (88.5%)
  2100-Dec-09 15:00:00 (93.9%)
  2100-Dec-29 05:00:00 (99.2%)
  2100-Dec-31 23:00:00 (100%)
Finished Program: 2014-Oct-19 03:15:32.143134
Elapsed Time: 00:00:37.655625
