instance.yaml
kiva v0.2.0-21-g785bfe1
Copyright (C) 2012-2014 Big Ladder Software
Web: www.bigladdersoftware.com

Starting Program: 2014-Nov-18 11:19:27.602710
Creating Domain...
  X Cells: 94
  Y Cells: 1
  Z Cells: 158
  Total Cells: 14852
Initializing Temperatures...
  2098-Oct-29 23:00:00
  2099-Jan-12 03:00:00
  2099-Jan-28 02:00:00
  2099-Feb-13 00:00:00
  2099-Feb-28 22:00:00
  2099-Mar-16 21:00:00
  2099-Apr-01 19:00:00
  2099-Apr-17 17:00:00
  2099-May-03 16:00:00
  2099-May-19 14:00:00
  2099-Jun-04 13:00:00
  2099-Jun-20 11:00:00
  2099-Jul-06 09:00:00
  2099-Jul-22 08:00:00
  2099-Aug-07 07:00:00
  2099-Aug-23 06:00:00
  2099-Sep-08 03:00:00
  2099-Sep-24 02:00:00
  2099-Oct-10 00:00:00
  2099-Oct-25 23:00:00
  2099-Nov-10 22:00:00
  2099-Nov-26 21:00:00
  2099-Dec-12 19:00:00
  2099-Dec-28 17:00:00
Beginning Simulation...
  2100-Jan-12 13:00:00 (3.2%)
  2100-Jan-27 01:00:00 (7.1%)
  2100-Feb-10 14:00:00 (11.1%)
  2100-Feb-25 03:00:00 (15.1%)
  2100-Mar-11 16:00:00 (19.1%)
  2100-Mar-26 04:00:00 (23.1%)
  2100-Apr-09 17:00:00 (27%)
  2100-Apr-24 06:00:00 (31%)
  2100-May-08 17:00:00 (35%)
  2100-May-23 06:00:00 (39%)
  2100-Jun-06 19:00:00 (43%)
  2100-Jun-21 08:00:00 (46.9%)
  2100-Jul-05 21:00:00 (50.9%)
  2100-Jul-20 11:00:00 (54.9%)
  2100-Aug-04 00:00:00 (58.9%)
  2100-Aug-18 14:00:00 (62.9%)
  2100-Sep-02 03:00:00 (66.9%)
  2100-Sep-16 17:00:00 (70.9%)
  2100-Oct-01 06:00:00 (74.9%)
  2100-Oct-15 18:00:00 (78.8%)
  2100-Oct-30 07:00:00 (82.8%)
  2100-Nov-13 22:00:00 (86.8%)
  2100-Nov-28 11:00:00 (90.8%)
  2100-Dec-13 01:00:00 (94.8%)
  2100-Dec-27 14:00:00 (98.8%)
  2100-Dec-31 23:00:00 (100%)
Finished Program: 2014-Nov-18 11:20:16.302823
Elapsed Time: 00:00:48.700113
