instance.yaml
kiva v0.2.0-19-ge248292
Copyright (C) 2012-2014 Big Ladder Software
Web: www.bigladdersoftware.com

Starting Program: 2014-Nov-17 08:40:16.176574
Creating Domain...
  X Cells: 61
  Y Cells: 1
  Z Cells: 125
  Total Cells: 7625
Initializing Temperatures...
  2099-Jan-10 05:00:00
  2099-Feb-07 06:00:00
  2099-Mar-09 12:00:00
  2099-Apr-06 14:00:00
  2099-May-04 15:00:00
  2099-Jun-05 04:00:00
  2099-Jul-06 17:00:00
  2099-Aug-07 06:00:00
  2099-Sep-07 19:00:00
  2099-Oct-05 21:00:00
  2099-Nov-02 23:00:00
  2099-Dec-04 12:00:00
Beginning Simulation...
  2100-Jan-04 12:00:00 (1%)
  2100-Feb-01 12:00:00 (8.6%)
  2100-Mar-01 12:00:00 (16.3%)
  2100-Mar-29 12:00:00 (24%)
  2100-Apr-26 12:00:00 (31.6%)
  2100-May-24 12:00:00 (39.3%)
  2100-Jun-21 12:00:00 (47%)
  2100-Jul-19 12:00:00 (54.7%)
  2100-Aug-16 13:00:00 (62.3%)
  2100-Sep-10 10:00:00 (69.2%)
  2100-Oct-05 07:00:00 (76%)
  2100-Nov-02 08:00:00 (83.7%)
  2100-Nov-30 08:00:00 (91.3%)
  2100-Dec-28 08:00:00 (99%)
  2100-Dec-31 23:00:00 (100%)
Finished Program: 2014-Nov-17 08:40:42.129896
Elapsed Time: 00:00:25.953322
