instance.yaml
kiva v0.2.0-21-g785bfe1
Copyright (C) 2012-2014 Big Ladder Software
Web: www.bigladdersoftware.com

Starting Program: 2014-Nov-18 11:14:24.165444
Creating Domain...
  X Cells: 88
  Y Cells: 1
  Z Cells: 93
  Total Cells: 8184
Initializing Temperatures...
  2099-Jan-10 03:00:00
  2099-Feb-05 02:00:00
  2099-Mar-03 02:00:00
  2099-Mar-29 01:00:00
  2099-Apr-24 00:00:00
  2099-May-20 00:00:00
  2099-Jun-15 05:00:00
  2099-Jul-11 15:00:00
  2099-Aug-07 00:00:00
  2099-Sep-02 10:00:00
  2099-Sep-28 20:00:00
  2099-Oct-25 06:00:00
  2099-Nov-20 16:00:00
  2099-Dec-17 02:00:00
Beginning Simulation...
  2100-Jan-12 04:00:00 (3.1%)
  2100-Feb-06 20:00:00 (10.1%)
  2100-Mar-04 12:00:00 (17.1%)
  2100-Mar-30 04:00:00 (24.2%)
  2100-Apr-24 20:00:00 (31.2%)
  2100-May-20 12:00:00 (38.2%)
  2100-Jun-15 04:00:00 (45.3%)
  2100-Jul-10 20:00:00 (52.3%)
  2100-Aug-05 12:00:00 (59.3%)
  2100-Aug-31 04:00:00 (66.3%)
  2100-Sep-25 20:00:00 (73.4%)
  2100-Oct-21 13:00:00 (80.4%)
  2100-Nov-16 05:00:00 (87.5%)
  2100-Dec-11 21:00:00 (94.5%)
  2100-Dec-31 23:00:00 (100%)
Finished Program: 2014-Nov-18 11:14:52.782210
Elapsed Time: 00:00:28.616766
