instance.yaml
kiva v0.2.0-9-g526928a
Copyright (C) 2012-2014 Big Ladder Software
Web: www.bigladdersoftware.com

Starting Program: 2014-Oct-26 15:58:31.013977
Creating Domain...
  X Cells: 96
  Y Cells: 1
  Z Cells: 133
  Total Cells: 12768
Initializing Temperatures...
  2098-Nov-19 23:00:00
  2099-Jan-08 00:00:00
  2099-Jan-27 07:00:00
  2099-Feb-17 08:00:00
  2099-Mar-10 10:00:00
  2099-Mar-31 11:00:00
  2099-Apr-21 12:00:00
  2099-May-12 12:00:00
  2099-Jun-02 13:00:00
  2099-Jun-23 14:00:00
  2099-Jul-14 15:00:00
  2099-Aug-04 17:00:00
  2099-Aug-25 18:00:00
  2099-Sep-15 19:00:00
  2099-Oct-06 20:00:00
  2099-Oct-27 22:00:00
  2099-Nov-17 23:00:00
  2099-Dec-09 00:00:00
  2099-Dec-30 02:00:00
Beginning Simulation...
  2100-Jan-18 15:00:00 (4.8%)
  2100-Feb-07 00:00:00 (10.1%)
  2100-Feb-26 08:00:00 (15.4%)
  2100-Mar-17 17:00:00 (20.7%)
  2100-Apr-06 02:00:00 (26.1%)
  2100-Apr-25 11:00:00 (31.4%)
  2100-May-14 20:00:00 (36.7%)
  2100-Jun-03 05:00:00 (42%)
  2100-Jun-22 13:00:00 (47.3%)
  2100-Jul-11 22:00:00 (52.6%)
  2100-Jul-31 08:00:00 (57.9%)
  2100-Aug-19 16:00:00 (63.2%)
  2100-Sep-08 01:00:00 (68.5%)
  2100-Sep-27 10:00:00 (73.8%)
  2100-Oct-16 16:00:00 (79.1%)
  2100-Nov-05 01:00:00 (84.4%)
  2100-Nov-24 09:00:00 (89.7%)
  2100-Dec-13 19:00:00 (95%)
  2100-Dec-31 23:00:00 (100%)
Finished Program: 2014-Oct-26 15:59:08.940982
Elapsed Time: 00:00:37.927005
