instance.yaml
kiva v0.2.0-21-g785bfe1
Copyright (C) 2012-2014 Big Ladder Software
Web: www.bigladdersoftware.com

Starting Program: 2014-Nov-18 11:02:28.391794
Creating Domain...
  X Cells: 89
  Y Cells: 1
  Z Cells: 133
  Total Cells: 11837
Initializing Temperatures...
  2098-Dec-24 23:00:00
  2099-Jan-21 14:00:00
  2099-Feb-11 21:00:00
  2099-Mar-05 04:00:00
  2099-Mar-26 11:00:00
  2099-Apr-16 18:00:00
  2099-May-08 01:00:00
  2099-May-29 09:00:00
  2099-Jun-19 16:00:00
  2099-Jul-10 23:00:00
  2099-Aug-01 06:00:00
  2099-Aug-22 14:00:00
  2099-Sep-12 21:00:00
  2099-Oct-04 04:00:00
  2099-Oct-25 12:00:00
  2099-Nov-15 18:00:00
  2099-Dec-07 02:00:00
  2099-Dec-28 09:00:00
Beginning Simulation...
  2100-Jan-17 03:00:00 (4.4%)
  2100-Feb-05 13:00:00 (9.7%)
  2100-Feb-24 23:00:00 (15.1%)
  2100-Mar-16 09:00:00 (20.4%)
  2100-Apr-04 19:00:00 (25.7%)
  2100-Apr-24 05:00:00 (31%)
  2100-May-13 15:00:00 (36.3%)
  2100-Jun-02 02:00:00 (41.7%)
  2100-Jun-21 12:00:00 (47%)
  2100-Jul-10 23:00:00 (52.3%)
  2100-Jul-30 09:00:00 (57.6%)
  2100-Aug-18 19:00:00 (63%)
  2100-Sep-07 05:00:00 (68.3%)
  2100-Sep-26 16:00:00 (73.6%)
  2100-Oct-16 02:00:00 (78.9%)
  2100-Nov-04 09:00:00 (84.2%)
  2100-Nov-23 19:00:00 (89.5%)
  2100-Dec-13 06:00:00 (94.9%)
  2100-Dec-31 23:00:00 (100%)
Finished Program: 2014-Nov-18 11:03:04.964238
Elapsed Time: 00:00:36.572444
