instance.yaml
kiva v0.2.0-22-gd89b213
Copyright (C) 2012-2014 Big Ladder Software
Web: www.bigladdersoftware.com

Starting Program: 2014-Nov-19 10:35:46.209078
Creating Domain...
  X Cells: 167
  Y Cells: 1
  Z Cells: 158
  Total Cells: 26386
Initializing Temperatures...
  2098-Nov-26 23:00:00
  2099-Jan-07 03:00:00
  2099-Jan-15 13:00:00
  2099-Jan-23 23:00:00
  2099-Feb-01 09:00:00
  2099-Feb-09 19:00:00
  2099-Feb-18 05:00:00
  2099-Feb-26 15:00:00
  2099-Mar-07 01:00:00
  2099-Mar-15 11:00:00
  2099-Mar-23 21:00:00
  2099-Apr-01 07:00:00
  2099-Apr-09 17:00:00
  2099-Apr-18 04:00:00
  2099-Apr-26 14:00:00
  2099-May-05 00:00:00
  2099-May-13 10:00:00
  2099-May-21 20:00:00
  2099-May-30 07:00:00
  2099-Jun-07 17:00:00
  2099-Jun-16 03:00:00
  2099-Jun-24 14:00:00
  2099-Jul-03 00:00:00
  2099-Jul-11 10:00:00
  2099-Jul-19 20:00:00
  2099-Jul-28 07:00:00
  2099-Aug-05 17:00:00
  2099-Aug-14 03:00:00
  2099-Aug-22 13:00:00
  2099-Aug-31 00:00:00
  2099-Sep-08 09:00:00
  2099-Sep-16 19:00:00
  2099-Sep-25 05:00:00
  2099-Oct-03 16:00:00
  2099-Oct-12 02:00:00
  2099-Oct-20 13:00:00
  2099-Oct-28 23:00:00
  2099-Nov-06 09:00:00
  2099-Nov-14 19:00:00
  2099-Nov-23 06:00:00
  2099-Dec-01 16:00:00
  2099-Dec-10 02:00:00
  2099-Dec-18 12:00:00
  2099-Dec-26 23:00:00
Beginning Simulation...
  2100-Jan-04 01:00:00 (0.8%)
  2100-Jan-11 17:00:00 (2.9%)
  2100-Jan-19 08:00:00 (5%)
  2100-Jan-27 00:00:00 (7.1%)
  2100-Feb-03 15:00:00 (9.2%)
  2100-Feb-11 07:00:00 (11.3%)
  2100-Feb-18 22:00:00 (13.4%)
  2100-Feb-26 14:00:00 (15.5%)
  2100-Mar-06 05:00:00 (17.6%)
  2100-Mar-13 21:00:00 (19.7%)
  2100-Mar-21 12:00:00 (21.8%)
  2100-Mar-29 03:00:00 (23.9%)
  2100-Apr-05 19:00:00 (26%)
  2100-Apr-13 10:00:00 (28.1%)
  2100-Apr-21 02:00:00 (30.2%)
  2100-Apr-28 18:00:00 (32.3%)
  2100-May-06 09:00:00 (34.3%)
  2100-May-14 01:00:00 (36.4%)
  2100-May-21 17:00:00 (38.6%)
  2100-May-29 09:00:00 (40.7%)
  2100-Jun-06 01:00:00 (42.8%)
  2100-Jun-13 16:00:00 (44.8%)
  2100-Jun-21 08:00:00 (46.9%)
  2100-Jun-29 00:00:00 (49%)
  2100-Jul-06 15:00:00 (51.1%)
  2100-Jul-14 07:00:00 (53.2%)
  2100-Jul-21 23:00:00 (55.3%)
  2100-Jul-29 14:00:00 (57.4%)
  2100-Aug-06 06:00:00 (59.5%)
  2100-Aug-13 22:00:00 (61.6%)
  2100-Aug-21 13:00:00 (63.7%)
  2100-Aug-29 03:00:00 (65.8%)
  2100-Sep-05 19:00:00 (67.9%)
  2100-Sep-13 11:00:00 (70%)
  2100-Sep-21 03:00:00 (72.1%)
  2100-Sep-28 18:00:00 (74.2%)
  2100-Oct-06 10:00:00 (76.3%)
  2100-Oct-14 02:00:00 (78.4%)
  2100-Oct-21 18:00:00 (80.5%)
  2100-Oct-29 10:00:00 (82.6%)
  2100-Nov-06 02:00:00 (84.7%)
  2100-Nov-14 00:00:00 (86.8%)
  2100-Nov-21 23:00:00 (89%)
  2100-Nov-29 22:00:00 (91.2%)
  2100-Dec-07 20:00:00 (93.4%)
  2100-Dec-15 19:00:00 (95.6%)
  2100-Dec-23 18:00:00 (97.7%)
  2100-Dec-31 17:00:00 (99.9%)
  2100-Dec-31 23:00:00 (100%)
Finished Program: 2014-Nov-19 10:37:18.035177
Elapsed Time: 00:01:31.826099
