instance.yaml
kiva v0.2.0-21-g785bfe1
Copyright (C) 2012-2014 Big Ladder Software
Web: www.bigladdersoftware.com

Starting Program: 2014-Nov-18 11:18:25.578196
Creating Domain...
  X Cells: 191
  Y Cells: 1
  Z Cells: 93
  Total Cells: 17763
Initializing Temperatures...
  2098-Oct-29 23:00:00
  2099-Jan-08 05:00:00
  2099-Jan-20 10:00:00
  2099-Feb-01 15:00:00
  2099-Feb-13 20:00:00
  2099-Feb-26 00:00:00
  2099-Mar-10 05:00:00
  2099-Mar-22 10:00:00
  2099-Apr-03 15:00:00
  2099-Apr-15 20:00:00
  2099-Apr-28 01:00:00
  2099-May-10 06:00:00
  2099-May-22 11:00:00
  2099-Jun-03 16:00:00
  2099-Jun-15 21:00:00
  2099-Jun-28 02:00:00
  2099-Jul-10 07:00:00
  2099-Jul-22 12:00:00
  2099-Aug-03 16:00:00
  2099-Aug-15 21:00:00
  2099-Aug-28 02:00:00
  2099-Sep-09 07:00:00
  2099-Sep-21 12:00:00
  2099-Oct-03 17:00:00
  2099-Oct-15 22:00:00
  2099-Oct-28 03:00:00
  2099-Nov-09 08:00:00
  2099-Nov-21 13:00:00
  2099-Dec-03 18:00:00
  2099-Dec-15 23:00:00
  2099-Dec-28 04:00:00
Beginning Simulation...
  2100-Jan-09 05:00:00 (2.2%)
  2100-Jan-21 03:00:00 (5.5%)
  2100-Feb-02 02:00:00 (8.8%)
  2100-Feb-14 01:00:00 (12.1%)
  2100-Feb-26 00:00:00 (15.3%)
  2100-Mar-09 23:00:00 (18.6%)
  2100-Mar-21 22:00:00 (21.9%)
  2100-Apr-02 21:00:00 (25.2%)
  2100-Apr-14 20:00:00 (28.4%)
  2100-Apr-26 19:00:00 (31.7%)
  2100-May-08 18:00:00 (35%)
  2100-May-20 17:00:00 (38.3%)
  2100-Jun-01 17:00:00 (41.6%)
  2100-Jun-13 17:00:00 (44.9%)
  2100-Jun-25 17:00:00 (48.1%)
  2100-Jul-07 16:00:00 (51.4%)
  2100-Jul-19 16:00:00 (54.7%)
  2100-Jul-31 16:00:00 (58%)
  2100-Aug-12 15:00:00 (61.3%)
  2100-Aug-24 15:00:00 (64.6%)
  2100-Sep-05 15:00:00 (67.8%)
  2100-Sep-17 14:00:00 (71.1%)
  2100-Sep-29 14:00:00 (74.4%)
  2100-Oct-11 14:00:00 (77.7%)
  2100-Oct-23 14:00:00 (81%)
  2100-Nov-04 13:00:00 (84.3%)
  2100-Nov-16 13:00:00 (87.5%)
  2100-Nov-28 13:00:00 (90.8%)
  2100-Dec-10 13:00:00 (94.1%)
  2100-Dec-22 12:00:00 (97.4%)
  2100-Dec-31 23:00:00 (100%)
Finished Program: 2014-Nov-18 11:19:26.789593
Elapsed Time: 00:01:01.211397
