instance.yaml
kiva v0.2.0-21-g785bfe1
Copyright (C) 2012-2014 Big Ladder Software
Web: www.bigladdersoftware.com

Starting Program: 2014-Nov-18 11:23:25.974648
Creating Domain...
  X Cells: 100
  Y Cells: 1
  Z Cells: 158
  Total Cells: 15800
Initializing Temperatures...
  2099-Jan-03 11:00:00
  2099-Jan-18 13:00:00
  2099-Feb-02 17:00:00
  2099-Feb-17 22:00:00
  2099-Mar-05 01:00:00
  2099-Mar-20 07:00:00
  2099-Apr-04 13:00:00
  2099-Apr-19 19:00:00
  2099-May-05 01:00:00
  2099-May-20 08:00:00
  2099-Jun-04 14:00:00
  2099-Jun-19 20:00:00
  2099-Jul-05 02:00:00
  2099-Jul-20 09:00:00
  2099-Aug-04 15:00:00
  2099-Aug-19 21:00:00
  2099-Sep-04 04:00:00
  2099-Sep-19 10:00:00
  2099-Oct-04 16:00:00
  2099-Oct-19 23:00:00
  2099-Nov-04 05:00:00
  2099-Nov-19 11:00:00
  2099-Dec-04 18:00:00
  2099-Dec-20 00:00:00
Beginning Simulation...
  2100-Jan-03 23:00:00 (0.8%)
  2100-Jan-17 22:00:00 (4.6%)
  2100-Jan-31 20:00:00 (8.4%)
  2100-Feb-14 19:00:00 (12.3%)
  2100-Feb-28 17:00:00 (16.1%)
  2100-Mar-14 16:00:00 (19.9%)
  2100-Mar-28 15:00:00 (23.7%)
  2100-Apr-11 13:00:00 (27.5%)
  2100-Apr-25 11:00:00 (31.4%)
  2100-May-09 10:00:00 (35.2%)
  2100-May-23 09:00:00 (39%)
  2100-Jun-06 08:00:00 (42.8%)
  2100-Jun-20 07:00:00 (46.7%)
  2100-Jul-04 06:00:00 (50.5%)
  2100-Jul-18 05:00:00 (54.3%)
  2100-Aug-01 05:00:00 (58.1%)
  2100-Aug-15 04:00:00 (62%)
  2100-Aug-29 03:00:00 (65.8%)
  2100-Sep-12 02:00:00 (69.6%)
  2100-Sep-26 01:00:00 (73.4%)
  2100-Oct-10 00:00:00 (77.3%)
  2100-Oct-23 23:00:00 (81.1%)
  2100-Nov-06 23:00:00 (84.9%)
  2100-Nov-20 21:00:00 (88.7%)
  2100-Dec-04 20:00:00 (92.6%)
  2100-Dec-18 19:00:00 (96.4%)
  2100-Dec-31 23:00:00 (100%)
Finished Program: 2014-Nov-18 11:24:16.946901
Elapsed Time: 00:00:50.972253
