instance.yaml
kiva v0.2.0-19-ge248292
Copyright (C) 2012-2014 Big Ladder Software
Web: www.bigladdersoftware.com

Starting Program: 2014-Nov-17 08:42:13.785740
Creating Domain...
  X Cells: 182
  Y Cells: 1
  Z Cells: 133
  Total Cells: 24206
Initializing Temperatures...
  2098-Dec-31 23:00:00
  2099-Jan-10 06:00:00
  2099-Jan-20 01:00:00
  2099-Jan-29 20:00:00
  2099-Feb-08 15:00:00
  2099-Feb-18 10:00:00
  2099-Feb-28 05:00:00
  2099-Mar-10 01:00:00
  2099-Mar-19 20:00:00
  2099-Mar-29 15:00:00
  2099-Apr-08 10:00:00
  2099-Apr-18 06:00:00
  2099-Apr-28 01:00:00
  2099-May-07 20:00:00
  2099-May-17 15:00:00
  2099-May-27 10:00:00
  2099-Jun-06 06:00:00
  2099-Jun-16 01:00:00
  2099-Jun-25 20:00:00
  2099-Jul-05 15:00:00
  2099-Jul-15 11:00:00
  2099-Jul-25 06:00:00
  2099-Aug-04 01:00:00
  2099-Aug-13 20:00:00
  2099-Aug-23 15:00:00
  2099-Sep-02 10:00:00
  2099-Sep-12 06:00:00
  2099-Sep-22 01:00:00
  2099-Oct-01 20:00:00
  2099-Oct-11 15:00:00
  2099-Oct-21 10:00:00
  2099-Oct-31 05:00:00
  2099-Nov-10 01:00:00
  2099-Nov-19 20:00:00
  2099-Nov-29 15:00:00
  2099-Dec-09 10:00:00
  2099-Dec-19 06:00:00
  2099-Dec-29 01:00:00
Beginning Simulation...
  2100-Jan-07 08:00:00 (1.7%)
  2100-Jan-16 10:00:00 (4.2%)
  2100-Jan-25 12:00:00 (6.7%)
  2100-Feb-03 14:00:00 (9.2%)
  2100-Feb-12 17:00:00 (11.7%)
  2100-Feb-21 19:00:00 (14.2%)
  2100-Mar-02 21:00:00 (16.7%)
  2100-Mar-11 23:00:00 (19.2%)
  2100-Mar-21 01:00:00 (21.7%)
  2100-Mar-30 03:00:00 (24.1%)
  2100-Apr-08 05:00:00 (26.6%)
  2100-Apr-17 08:00:00 (29.1%)
  2100-Apr-26 10:00:00 (31.6%)
  2100-May-05 12:00:00 (34.1%)
  2100-May-14 14:00:00 (36.6%)
  2100-May-23 16:00:00 (39.1%)
  2100-Jun-01 19:00:00 (41.6%)
  2100-Jun-10 21:00:00 (44.1%)
  2100-Jun-19 23:00:00 (46.6%)
  2100-Jun-29 02:00:00 (49.1%)
  2100-Jul-08 05:00:00 (51.6%)
  2100-Jul-17 07:00:00 (54.1%)
  2100-Jul-26 10:00:00 (56.6%)
  2100-Aug-04 12:00:00 (59%)
  2100-Aug-13 15:00:00 (61.5%)
  2100-Aug-22 17:00:00 (64%)
  2100-Aug-31 20:00:00 (66.5%)
  2100-Sep-09 22:00:00 (69%)
  2100-Sep-19 01:00:00 (71.5%)
  2100-Sep-28 04:00:00 (74%)
  2100-Oct-07 04:00:00 (76.5%)
  2100-Oct-16 07:00:00 (79%)
  2100-Oct-25 10:00:00 (81.5%)
  2100-Nov-03 12:00:00 (84%)
  2100-Nov-10 22:00:00 (86%)
  2100-Nov-20 00:00:00 (88.5%)
  2100-Nov-29 02:00:00 (91%)
  2100-Dec-08 05:00:00 (93.5%)
  2100-Dec-17 08:00:00 (96%)
  2100-Dec-26 10:00:00 (98.5%)
  2100-Dec-31 23:00:00 (100%)
Finished Program: 2014-Nov-17 08:43:32.610048
Elapsed Time: 00:01:18.824308
