instance.yaml
kiva v0.2.0-21-g785bfe1
Copyright (C) 2012-2014 Big Ladder Software
Web: www.bigladdersoftware.com

Starting Program: 2014-Nov-18 11:31:27.142716
Creating Domain...
  X Cells: 201
  Y Cells: 1
  Z Cells: 103
  Total Cells: 20703
Initializing Temperatures...
  2098-Dec-17 23:00:00
  2099-Jan-10 15:00:00
  2099-Jan-21 13:00:00
  2099-Feb-01 10:00:00
  2099-Feb-12 08:00:00
  2099-Feb-23 05:00:00
  2099-Mar-06 03:00:00
  2099-Mar-17 00:00:00
  2099-Mar-27 22:00:00
  2099-Apr-07 19:00:00
  2099-Apr-18 17:00:00
  2099-Apr-29 15:00:00
  2099-May-10 12:00:00
  2099-May-21 10:00:00
  2099-Jun-01 07:00:00
  2099-Jun-12 05:00:00
  2099-Jun-23 03:00:00
  2099-Jul-04 00:00:00
  2099-Jul-14 22:00:00
  2099-Jul-25 19:00:00
  2099-Aug-05 17:00:00
  2099-Aug-16 15:00:00
  2099-Aug-27 12:00:00
  2099-Sep-07 10:00:00
  2099-Sep-18 07:00:00
  2099-Sep-29 05:00:00
  2099-Oct-10 03:00:00
  2099-Oct-21 00:00:00
  2099-Oct-31 22:00:00
  2099-Nov-11 20:00:00
  2099-Nov-22 17:00:00
  2099-Dec-03 15:00:00
  2099-Dec-14 12:00:00
  2099-Dec-25 10:00:00
Beginning Simulation...
  2100-Jan-05 05:00:00 (1.2%)
  2100-Jan-15 22:00:00 (4.1%)
  2100-Jan-26 15:00:00 (7%)
  2100-Feb-06 08:00:00 (10%)
  2100-Feb-17 01:00:00 (12.9%)
  2100-Feb-27 17:00:00 (15.8%)
  2100-Mar-10 10:00:00 (18.7%)
  2100-Mar-21 03:00:00 (21.7%)
  2100-Mar-31 20:00:00 (24.6%)
  2100-Apr-11 13:00:00 (27.5%)
  2100-Apr-22 06:00:00 (30.5%)
  2100-May-02 22:00:00 (33.4%)
  2100-May-13 15:00:00 (36.3%)
  2100-May-24 08:00:00 (39.3%)
  2100-Jun-04 01:00:00 (42.2%)
  2100-Jun-14 18:00:00 (45.1%)
  2100-Jun-25 11:00:00 (48.1%)
  2100-Jul-06 04:00:00 (51%)
  2100-Jul-16 21:00:00 (53.9%)
  2100-Jul-27 13:00:00 (56.9%)
  2100-Aug-07 06:00:00 (59.8%)
  2100-Aug-17 23:00:00 (62.7%)
  2100-Aug-28 16:00:00 (65.7%)
  2100-Sep-08 09:00:00 (68.6%)
  2100-Sep-19 01:00:00 (71.5%)
  2100-Sep-29 18:00:00 (74.5%)
  2100-Oct-10 10:00:00 (77.4%)
  2100-Oct-21 03:00:00 (80.3%)
  2100-Oct-31 20:00:00 (83.2%)
  2100-Nov-11 13:00:00 (86.2%)
  2100-Nov-22 06:00:00 (89.1%)
  2100-Dec-02 23:00:00 (92%)
  2100-Dec-13 16:00:00 (95%)
  2100-Dec-24 09:00:00 (97.9%)
  2100-Dec-31 23:00:00 (100%)
Finished Program: 2014-Nov-18 11:32:35.710539
Elapsed Time: 00:01:08.567823
