instance.yaml
kiva v0.2.0-21-g785bfe1
Copyright (C) 2012-2014 Big Ladder Software
Web: www.bigladdersoftware.com

Starting Program: 2014-Nov-18 11:10:26.328312
Creating Domain...
  X Cells: 200
  Y Cells: 1
  Z Cells: 133
  Total Cells: 26600
Initializing Temperatures...
  2098-Nov-05 23:00:00
  2099-Jan-05 10:00:00
  2099-Jan-14 05:00:00
  2099-Jan-23 00:00:00
  2099-Jan-31 20:00:00
  2099-Feb-09 15:00:00
  2099-Feb-18 11:00:00
  2099-Feb-27 06:00:00
  2099-Mar-08 01:00:00
  2099-Mar-16 21:00:00
  2099-Mar-25 16:00:00
  2099-Apr-03 11:00:00
  2099-Apr-12 07:00:00
  2099-Apr-21 02:00:00
  2099-Apr-29 21:00:00
  2099-May-08 17:00:00
  2099-May-17 12:00:00
  2099-May-26 08:00:00
  2099-Jun-04 03:00:00
  2099-Jun-12 22:00:00
  2099-Jun-21 18:00:00
  2099-Jun-30 13:00:00
  2099-Jul-09 09:00:00
  2099-Jul-18 04:00:00
  2099-Jul-26 23:00:00
  2099-Aug-04 19:00:00
  2099-Aug-13 14:00:00
  2099-Aug-22 10:00:00
  2099-Aug-31 05:00:00
  2099-Sep-09 01:00:00
  2099-Sep-17 20:00:00
  2099-Sep-26 16:00:00
  2099-Oct-05 11:00:00
  2099-Oct-14 06:00:00
  2099-Oct-23 02:00:00
  2099-Oct-31 21:00:00
  2099-Nov-09 17:00:00
  2099-Nov-18 12:00:00
  2099-Nov-27 08:00:00
  2099-Dec-06 03:00:00
  2099-Dec-14 22:00:00
  2099-Dec-23 18:00:00
Beginning Simulation...
  2100-Jan-01 12:00:00 (0.1%)
  2100-Jan-09 18:00:00 (2.4%)
  2100-Jan-17 23:00:00 (4.6%)
  2100-Jan-26 05:00:00 (6.9%)
  2100-Feb-03 10:00:00 (9.2%)
  2100-Feb-11 16:00:00 (11.4%)
  2100-Feb-19 21:00:00 (13.7%)
  2100-Feb-28 02:00:00 (15.9%)
  2100-Mar-08 08:00:00 (18.2%)
  2100-Mar-16 13:00:00 (20.4%)
  2100-Mar-24 19:00:00 (22.7%)
  2100-Apr-02 00:00:00 (24.9%)
  2100-Apr-10 06:00:00 (27.2%)
  2100-Apr-18 12:00:00 (29.5%)
  2100-Apr-26 17:00:00 (31.7%)
  2100-May-04 23:00:00 (34%)
  2100-May-13 04:00:00 (36.2%)
  2100-May-21 10:00:00 (38.5%)
  2100-May-29 15:00:00 (40.7%)
  2100-Jun-06 22:00:00 (43%)
  2100-Jun-15 05:00:00 (45.3%)
  2100-Jun-23 13:00:00 (47.5%)
  2100-Jul-01 20:00:00 (49.8%)
  2100-Jul-10 04:00:00 (52.1%)
  2100-Jul-18 11:00:00 (54.4%)
  2100-Jul-26 19:00:00 (56.7%)
  2100-Aug-04 02:00:00 (58.9%)
  2100-Aug-12 10:00:00 (61.2%)
  2100-Aug-20 17:00:00 (63.5%)
  2100-Aug-29 01:00:00 (65.8%)
  2100-Sep-06 08:00:00 (68%)
  2100-Sep-14 15:00:00 (70.3%)
  2100-Sep-22 23:00:00 (72.6%)
  2100-Oct-01 06:00:00 (74.9%)
  2100-Oct-09 14:00:00 (77.1%)
  2100-Oct-17 21:00:00 (79.4%)
  2100-Oct-26 05:00:00 (81.7%)
  2100-Nov-03 13:00:00 (84%)
  2100-Nov-11 20:00:00 (86.3%)
  2100-Nov-20 04:00:00 (88.5%)
  2100-Nov-28 11:00:00 (90.8%)
  2100-Dec-06 19:00:00 (93.1%)
  2100-Dec-15 02:00:00 (95.4%)
  2100-Dec-23 10:00:00 (97.6%)
  2100-Dec-31 17:00:00 (99.9%)
  2100-Dec-31 23:00:00 (100%)
Finished Program: 2014-Nov-18 11:11:53.031862
Elapsed Time: 00:01:26.703550
