instance.yaml
kiva v0.2.0-9-g526928a
Copyright (C) 2012-2014 Big Ladder Software
Web: www.bigladdersoftware.com

Starting Program: 2014-Nov-15 12:24:46.331592
Creating Domain...
  X Cells: 157
  Y Cells: 1
  Z Cells: 103
  Total Cells: 16171
Initializing Temperatures...
  2098-Dec-31 23:00:00
  2099-Jan-14 09:00:00
  2099-Jan-27 21:00:00
  2099-Feb-10 09:00:00
  2099-Feb-23 21:00:00
  2099-Mar-09 08:00:00
  2099-Mar-22 20:00:00
  2099-Apr-05 08:00:00
  2099-Apr-18 20:00:00
  2099-May-02 08:00:00
  2099-May-15 19:00:00
  2099-May-29 07:00:00
  2099-Jun-11 19:00:00
  2099-Jun-25 07:00:00
  2099-Jul-08 19:00:00
  2099-Jul-22 06:00:00
  2099-Aug-04 18:00:00
  2099-Aug-18 06:00:00
  2099-Aug-31 18:00:00
  2099-Sep-14 05:00:00
  2099-Sep-27 17:00:00
  2099-Oct-11 04:00:00
  2099-Oct-24 16:00:00
  2099-Nov-07 04:00:00
  2099-Nov-20 16:00:00
  2099-Dec-04 04:00:00
  2099-Dec-17 16:00:00
  2099-Dec-31 04:00:00
Beginning Simulation...
  2100-Jan-13 09:00:00 (3.4%)
  2100-Jan-26 13:00:00 (7%)
  2100-Feb-08 17:00:00 (10.6%)
  2100-Feb-21 21:00:00 (14.2%)
  2100-Mar-07 01:00:00 (17.8%)
  2100-Mar-20 04:00:00 (21.4%)
  2100-Apr-02 08:00:00 (25%)
  2100-Apr-15 12:00:00 (28.6%)
  2100-Apr-28 16:00:00 (32.2%)
  2100-May-11 20:00:00 (35.8%)
  2100-May-25 01:00:00 (39.5%)
  2100-Jun-07 05:00:00 (43.1%)
  2100-Jun-20 09:00:00 (46.7%)
  2100-Jul-03 13:00:00 (50.3%)
  2100-Jul-16 17:00:00 (53.9%)
  2100-Jul-29 21:00:00 (57.5%)
  2100-Aug-12 00:00:00 (61.1%)
  2100-Aug-25 04:00:00 (64.7%)
  2100-Sep-07 08:00:00 (68.3%)
  2100-Sep-20 12:00:00 (71.9%)
  2100-Oct-03 16:00:00 (75.5%)
  2100-Oct-16 20:00:00 (79.1%)
  2100-Oct-30 00:00:00 (82.7%)
  2100-Nov-12 04:00:00 (86.3%)
  2100-Nov-25 09:00:00 (90%)
  2100-Dec-08 13:00:00 (93.6%)
  2100-Dec-21 17:00:00 (97.2%)
  2100-Dec-31 23:00:00 (100%)
Finished Program: 2014-Nov-15 12:25:41.778589
Elapsed Time: 00:00:55.446997
