instance.yaml
kiva v0.2.0-9-g526928a
Copyright (C) 2012-2014 Big Ladder Software
Web: www.bigladdersoftware.com

Starting Program: 2014-Nov-15 11:51:43.228475
Creating Domain...
  X Cells: 144
  Y Cells: 1
  Z Cells: 125
  Total Cells: 18000
Initializing Temperatures...
  2098-Dec-24 23:00:00
  2099-Jan-13 14:00:00
  2099-Jan-27 00:00:00
  2099-Feb-09 10:00:00
  2099-Feb-22 20:00:00
  2099-Mar-08 06:00:00
  2099-Mar-21 16:00:00
  2099-Apr-04 02:00:00
  2099-Apr-17 12:00:00
  2099-Apr-30 23:00:00
  2099-May-14 05:00:00
  2099-May-27 16:00:00
  2099-Jun-10 02:00:00
  2099-Jun-23 13:00:00
  2099-Jul-06 23:00:00
  2099-Jul-20 09:00:00
  2099-Aug-02 20:00:00
  2099-Aug-16 06:00:00
  2099-Aug-29 17:00:00
  2099-Sep-12 03:00:00
  2099-Sep-25 13:00:00
  2099-Oct-09 00:00:00
  2099-Oct-22 11:00:00
  2099-Nov-04 22:00:00
  2099-Nov-18 09:00:00
  2099-Dec-01 20:00:00
  2099-Dec-15 07:00:00
  2099-Dec-28 18:00:00
Beginning Simulation...
  2100-Jan-10 07:00:00 (2.5%)
  2100-Jan-22 13:00:00 (5.9%)
  2100-Feb-03 19:00:00 (9.3%)
  2100-Feb-16 01:00:00 (12.6%)
  2100-Feb-28 07:00:00 (16%)
  2100-Mar-12 13:00:00 (19.3%)
  2100-Mar-24 20:00:00 (22.7%)
  2100-Apr-06 02:00:00 (26.1%)
  2100-Apr-18 08:00:00 (29.4%)
  2100-Apr-30 15:00:00 (32.8%)
  2100-May-12 21:00:00 (36.1%)
  2100-May-25 03:00:00 (39.5%)
  2100-Jun-06 10:00:00 (42.9%)
  2100-Jun-18 16:00:00 (46.2%)
  2100-Jun-30 23:00:00 (49.6%)
  2100-Jul-13 05:00:00 (52.9%)
  2100-Jul-25 12:00:00 (56.3%)
  2100-Aug-06 18:00:00 (59.7%)
  2100-Aug-19 00:00:00 (63%)
  2100-Aug-31 07:00:00 (66.4%)
  2100-Sep-12 13:00:00 (69.7%)
  2100-Sep-24 20:00:00 (73.1%)
  2100-Oct-07 03:00:00 (76.5%)
  2100-Oct-19 09:00:00 (79.8%)
  2100-Oct-31 16:00:00 (83.2%)
  2100-Nov-12 22:00:00 (86.6%)
  2100-Nov-25 04:00:00 (89.9%)
  2100-Dec-07 10:00:00 (93.3%)
  2100-Dec-19 17:00:00 (96.6%)
  2100-Dec-31 23:00:00 (100%)
  2100-Dec-31 23:00:00 (100%)
Finished Program: 2014-Nov-15 11:52:41.002191
Elapsed Time: 00:00:57.773716
