instance.yaml
kiva v0.2.0-19-ge248292
Copyright (C) 2012-2014 Big Ladder Software
Web: www.bigladdersoftware.com

Starting Program: 2014-Nov-17 08:46:13.295870
Creating Domain...
  X Cells: 135
  Y Cells: 1
  Z Cells: 103
  Total Cells: 13905
Initializing Temperatures...
  2098-Dec-17 23:00:00
  2099-Jan-15 02:00:00
  2099-Jan-31 03:00:00
  2099-Feb-16 04:00:00
  2099-Mar-04 04:00:00
  2099-Mar-20 05:00:00
  2099-Apr-05 05:00:00
  2099-Apr-21 06:00:00
  2099-May-07 06:00:00
  2099-May-23 07:00:00
  2099-Jun-08 08:00:00
  2099-Jun-24 08:00:00
  2099-Jul-10 09:00:00
  2099-Jul-26 10:00:00
  2099-Aug-11 10:00:00
  2099-Aug-27 10:00:00
  2099-Sep-12 11:00:00
  2099-Sep-28 13:00:00
  2099-Oct-14 16:00:00
  2099-Oct-30 18:00:00
  2099-Nov-15 20:00:00
  2099-Dec-01 22:00:00
  2099-Dec-18 00:00:00
Beginning Simulation...
  2100-Jan-03 01:00:00 (0.6%)
  2100-Jan-18 20:00:00 (4.9%)
  2100-Feb-03 14:00:00 (9.2%)
  2100-Feb-19 09:00:00 (13.5%)
  2100-Mar-07 05:00:00 (17.9%)
  2100-Mar-23 00:00:00 (22.2%)
  2100-Apr-07 20:00:00 (26.5%)
  2100-Apr-23 16:00:00 (30.9%)
  2100-May-09 12:00:00 (35.2%)
  2100-May-25 08:00:00 (39.5%)
  2100-Jun-10 02:00:00 (43.9%)
  2100-Jun-25 22:00:00 (48.2%)
  2100-Jul-11 18:00:00 (52.5%)
  2100-Jul-27 14:00:00 (56.9%)
  2100-Aug-12 10:00:00 (61.2%)
  2100-Aug-28 06:00:00 (65.5%)
  2100-Sep-13 02:00:00 (69.9%)
  2100-Sep-28 22:00:00 (74.2%)
  2100-Oct-14 18:00:00 (78.6%)
  2100-Oct-30 14:00:00 (82.9%)
  2100-Nov-15 10:00:00 (87.2%)
  2100-Dec-01 06:00:00 (91.6%)
  2100-Dec-17 02:00:00 (95.9%)
  2100-Dec-31 23:00:00 (100%)
Finished Program: 2014-Nov-17 08:46:59.941366
Elapsed Time: 00:00:46.645496
