instance.yaml
kiva v0.2.0-21-g785bfe1
Copyright (C) 2012-2014 Big Ladder Software
Web: www.bigladdersoftware.com

Starting Program: 2014-Nov-18 11:08:24.708442
Creating Domain...
  X Cells: 232
  Y Cells: 1
  Z Cells: 103
  Total Cells: 23896
Initializing Temperatures...
  2098-Oct-01 23:00:00
  2099-Jan-02 20:00:00
  2099-Jan-12 06:00:00
  2099-Jan-21 16:00:00
  2099-Jan-31 02:00:00
  2099-Feb-09 12:00:00
  2099-Feb-18 22:00:00
  2099-Feb-28 08:00:00
  2099-Mar-09 18:00:00
  2099-Mar-19 04:00:00
  2099-Mar-28 13:00:00
  2099-Apr-06 23:00:00
  2099-Apr-16 10:00:00
  2099-Apr-25 19:00:00
  2099-May-05 06:00:00
  2099-May-14 16:00:00
  2099-May-24 02:00:00
  2099-Jun-02 12:00:00
  2099-Jun-11 22:00:00
  2099-Jun-21 08:00:00
  2099-Jun-30 18:00:00
  2099-Jul-10 04:00:00
  2099-Jul-19 14:00:00
  2099-Jul-29 00:00:00
  2099-Aug-07 10:00:00
  2099-Aug-16 20:00:00
  2099-Aug-26 06:00:00
  2099-Sep-04 16:00:00
  2099-Sep-14 02:00:00
  2099-Sep-23 12:00:00
  2099-Oct-02 22:00:00
  2099-Oct-12 08:00:00
  2099-Oct-21 18:00:00
  2099-Oct-31 04:00:00
  2099-Nov-09 14:00:00
  2099-Nov-19 00:00:00
  2099-Nov-28 10:00:00
  2099-Dec-07 20:00:00
  2099-Dec-17 06:00:00
  2099-Dec-26 16:00:00
Beginning Simulation...
  2100-Jan-05 00:00:00 (1.1%)
  2100-Jan-14 06:00:00 (3.6%)
  2100-Jan-23 11:00:00 (6.2%)
  2100-Feb-01 17:00:00 (8.7%)
  2100-Feb-10 22:00:00 (11.2%)
  2100-Feb-20 04:00:00 (13.7%)
  2100-Mar-01 10:00:00 (16.3%)
  2100-Mar-10 15:00:00 (18.8%)
  2100-Mar-19 21:00:00 (21.3%)
  2100-Mar-29 02:00:00 (23.9%)
  2100-Apr-07 08:00:00 (26.4%)
  2100-Apr-16 14:00:00 (28.9%)
  2100-Apr-25 19:00:00 (31.4%)
  2100-May-05 01:00:00 (34%)
  2100-May-14 07:00:00 (36.5%)
  2100-May-23 12:00:00 (39%)
  2100-Jun-01 18:00:00 (41.6%)
  2100-Jun-11 00:00:00 (44.1%)
  2100-Jun-20 05:00:00 (46.6%)
  2100-Jun-29 11:00:00 (49.2%)
  2100-Jul-08 17:00:00 (51.7%)
  2100-Jul-17 22:00:00 (54.2%)
  2100-Jul-27 04:00:00 (56.8%)
  2100-Aug-05 09:00:00 (59.3%)
  2100-Aug-14 15:00:00 (61.8%)
  2100-Aug-23 20:00:00 (64.3%)
  2100-Sep-02 02:00:00 (66.9%)
  2100-Sep-11 08:00:00 (69.4%)
  2100-Sep-20 13:00:00 (71.9%)
  2100-Sep-29 19:00:00 (74.5%)
  2100-Oct-09 01:00:00 (77%)
  2100-Oct-18 06:00:00 (79.5%)
  2100-Oct-27 11:00:00 (82%)
  2100-Nov-05 17:00:00 (84.6%)
  2100-Nov-14 22:00:00 (87.1%)
  2100-Nov-24 04:00:00 (89.6%)
  2100-Dec-03 10:00:00 (92.2%)
  2100-Dec-12 15:00:00 (94.7%)
  2100-Dec-21 20:00:00 (97.2%)
  2100-Dec-31 02:00:00 (99.7%)
  2100-Dec-31 23:00:00 (100%)
Finished Program: 2014-Nov-18 11:09:44.097516
Elapsed Time: 00:01:19.389074
