instance.yaml
kiva v0.2.0-9-g526928a
Copyright (C) 2012-2014 Big Ladder Software
Web: www.bigladdersoftware.com

Starting Program: 2014-Nov-15 11:51:43.172034
Creating Domain...
  X Cells: 142
  Y Cells: 1
  Z Cells: 113
  Total Cells: 16046
Initializing Temperatures...
  2099-Jan-01 19:00:00
  2099-Jan-16 09:00:00
  2099-Jan-30 23:00:00
  2099-Feb-14 14:00:00
  2099-Mar-01 04:00:00
  2099-Mar-15 19:00:00
  2099-Mar-30 10:00:00
  2099-Apr-14 00:00:00
  2099-Apr-28 15:00:00
  2099-May-13 04:00:00
  2099-May-27 19:00:00
  2099-Jun-11 10:00:00
  2099-Jun-26 00:00:00
  2099-Jul-10 15:00:00
  2099-Jul-25 06:00:00
  2099-Aug-08 20:00:00
  2099-Aug-23 11:00:00
  2099-Sep-07 02:00:00
  2099-Sep-21 17:00:00
  2099-Oct-06 07:00:00
  2099-Oct-20 22:00:00
  2099-Nov-04 13:00:00
  2099-Nov-19 03:00:00
  2099-Dec-03 18:00:00
  2099-Dec-18 09:00:00
Beginning Simulation...
  2100-Jan-01 23:00:00 (0.3%)
  2100-Jan-16 08:00:00 (4.2%)
  2100-Jan-30 16:00:00 (8.1%)
  2100-Feb-14 00:00:00 (12.1%)
  2100-Feb-28 08:00:00 (16%)
  2100-Mar-14 17:00:00 (19.9%)
  2100-Mar-29 01:00:00 (23.8%)
  2100-Apr-12 09:00:00 (27.8%)
  2100-Apr-26 17:00:00 (31.7%)
  2100-May-11 02:00:00 (35.6%)
  2100-May-25 10:00:00 (39.6%)
  2100-Jun-08 19:00:00 (43.5%)
  2100-Jun-23 04:00:00 (47.4%)
  2100-Jul-07 13:00:00 (51.4%)
  2100-Jul-21 21:00:00 (55.3%)
  2100-Aug-05 06:00:00 (59.2%)
  2100-Aug-19 15:00:00 (63.2%)
  2100-Sep-03 00:00:00 (67.1%)
  2100-Sep-17 08:00:00 (71.1%)
  2100-Oct-01 17:00:00 (75%)
  2100-Oct-16 01:00:00 (78.9%)
  2100-Oct-30 10:00:00 (82.9%)
  2100-Nov-13 18:00:00 (86.8%)
  2100-Nov-28 03:00:00 (90.7%)
  2100-Dec-12 11:00:00 (94.6%)
  2100-Dec-26 20:00:00 (98.6%)
  2100-Dec-31 23:00:00 (100%)
Finished Program: 2014-Nov-15 11:52:34.359310
Elapsed Time: 00:00:51.187276
