instance.yaml
kiva v0.2.0-9-g526928a
Copyright (C) 2012-2014 Big Ladder Software
Web: www.bigladdersoftware.com

Starting Program: 2014-Nov-15 11:51:45.642476
Creating Domain...
  X Cells: 188
  Y Cells: 1
  Z Cells: 133
  Total Cells: 25004
Initializing Temperatures...
  2098-Oct-01 23:00:00
  2099-Jan-03 09:00:00
  2099-Jan-13 15:00:00
  2099-Jan-23 22:00:00
  2099-Feb-03 04:00:00
  2099-Feb-13 10:00:00
  2099-Feb-23 17:00:00
  2099-Mar-05 23:00:00
  2099-Mar-16 06:00:00
  2099-Mar-26 12:00:00
  2099-Apr-05 18:00:00
  2099-Apr-16 00:00:00
  2099-Apr-26 07:00:00
  2099-May-06 13:00:00
  2099-May-16 20:00:00
  2099-May-27 02:00:00
  2099-Jun-06 09:00:00
  2099-Jun-16 15:00:00
  2099-Jun-26 21:00:00
  2099-Jul-07 04:00:00
  2099-Jul-17 10:00:00
  2099-Jul-27 17:00:00
  2099-Aug-06 23:00:00
  2099-Aug-17 05:00:00
  2099-Aug-27 12:00:00
  2099-Sep-06 18:00:00
  2099-Sep-17 01:00:00
  2099-Sep-27 07:00:00
  2099-Oct-07 14:00:00
  2099-Oct-17 20:00:00
  2099-Oct-28 03:00:00
  2099-Nov-07 09:00:00
  2099-Nov-17 16:00:00
  2099-Nov-27 22:00:00
  2099-Dec-08 05:00:00
  2099-Dec-18 11:00:00
  2099-Dec-28 18:00:00
Beginning Simulation...
  2100-Jan-07 11:00:00 (1.8%)
  2100-Jan-16 22:00:00 (4.4%)
  2100-Jan-26 09:00:00 (7%)
  2100-Feb-04 20:00:00 (9.5%)
  2100-Feb-14 07:00:00 (12.1%)
  2100-Feb-23 19:00:00 (14.7%)
  2100-Mar-05 05:00:00 (17.3%)
  2100-Mar-14 16:00:00 (19.9%)
  2100-Mar-24 03:00:00 (22.5%)
  2100-Apr-02 14:00:00 (25.1%)
  2100-Apr-12 02:00:00 (27.7%)
  2100-Apr-21 13:00:00 (30.3%)
  2100-May-01 00:00:00 (32.9%)
  2100-May-10 11:00:00 (35.5%)
  2100-May-19 22:00:00 (38.1%)
  2100-May-29 09:00:00 (40.7%)
  2100-Jun-07 21:00:00 (43.3%)
  2100-Jun-17 08:00:00 (45.8%)
  2100-Jun-26 19:00:00 (48.4%)
  2100-Jul-06 06:00:00 (51%)
  2100-Jul-15 17:00:00 (53.6%)
  2100-Jul-25 05:00:00 (56.2%)
  2100-Aug-03 16:00:00 (58.8%)
  2100-Aug-13 03:00:00 (61.4%)
  2100-Aug-22 14:00:00 (64%)
  2100-Sep-01 02:00:00 (66.6%)
  2100-Sep-10 13:00:00 (69.2%)
  2100-Sep-20 00:00:00 (71.8%)
  2100-Sep-29 12:00:00 (74.4%)
  2100-Oct-08 23:00:00 (77%)
  2100-Oct-18 10:00:00 (79.6%)
  2100-Oct-27 22:00:00 (82.2%)
  2100-Nov-06 09:00:00 (84.8%)
  2100-Nov-15 20:00:00 (87.4%)
  2100-Nov-25 06:00:00 (89.9%)
  2100-Dec-04 17:00:00 (92.5%)
  2100-Dec-14 04:00:00 (95.1%)
  2100-Dec-23 15:00:00 (97.7%)
  2100-Dec-31 23:00:00 (100%)
Finished Program: 2014-Nov-15 11:53:00.880838
Elapsed Time: 00:01:15.238362
