instance.yaml
kiva v0.2.0-21-g785bfe1
Copyright (C) 2012-2014 Big Ladder Software
Web: www.bigladdersoftware.com

Starting Program: 2014-Nov-18 11:07:23.707033
Creating Domain...
  X Cells: 121
  Y Cells: 1
  Z Cells: 103
  Total Cells: 12463
Initializing Temperatures...
  2098-Oct-22 23:00:00
  2099-Jan-13 14:00:00
  2099-Feb-01 10:00:00
  2099-Feb-20 09:00:00
  2099-Mar-11 08:00:00
  2099-Mar-30 06:00:00
  2099-Apr-18 05:00:00
  2099-May-07 04:00:00
  2099-May-26 04:00:00
  2099-Jun-14 03:00:00
  2099-Jul-03 02:00:00
  2099-Jul-22 01:00:00
  2099-Aug-10 00:00:00
  2099-Aug-28 23:00:00
  2099-Sep-16 23:00:00
  2099-Oct-05 22:00:00
  2099-Oct-24 22:00:00
  2099-Nov-12 22:00:00
  2099-Dec-01 22:00:00
  2099-Dec-20 21:00:00
Beginning Simulation...
  2100-Jan-08 18:00:00 (2.1%)
  2100-Jan-27 09:00:00 (7.2%)
  2100-Feb-15 01:00:00 (12.3%)
  2100-Mar-05 16:00:00 (17.4%)
  2100-Mar-24 07:00:00 (22.5%)
  2100-Apr-11 23:00:00 (27.7%)
  2100-Apr-30 15:00:00 (32.8%)
  2100-May-19 07:00:00 (37.9%)
  2100-Jun-06 22:00:00 (43%)
  2100-Jun-25 14:00:00 (48.1%)
  2100-Jul-14 06:00:00 (53.2%)
  2100-Aug-01 22:00:00 (58.3%)
  2100-Aug-20 11:00:00 (63.4%)
  2100-Sep-08 03:00:00 (68.5%)
  2100-Sep-26 19:00:00 (73.6%)
  2100-Oct-15 11:00:00 (78.8%)
  2100-Nov-03 02:00:00 (83.9%)
  2100-Nov-21 18:00:00 (89%)
  2100-Dec-10 10:00:00 (94.1%)
  2100-Dec-29 02:00:00 (99.2%)
  2100-Dec-31 23:00:00 (100%)
Finished Program: 2014-Nov-18 11:08:03.156071
Elapsed Time: 00:00:39.449038
