instance.yaml
kiva v0.2.0-21-g785bfe1
Copyright (C) 2012-2014 Big Ladder Software
Web: www.bigladdersoftware.com

Starting Program: 2014-Nov-18 11:09:24.620388
Creating Domain...
  X Cells: 196
  Y Cells: 1
  Z Cells: 133
  Total Cells: 26068
Initializing Temperatures...
  2098-Oct-01 23:00:00
  2099-Jan-03 13:00:00
  2099-Jan-13 03:00:00
  2099-Jan-22 17:00:00
  2099-Feb-01 07:00:00
  2099-Feb-10 20:00:00
  2099-Feb-20 10:00:00
  2099-Mar-02 00:00:00
  2099-Mar-11 14:00:00
  2099-Mar-21 03:00:00
  2099-Mar-30 17:00:00
  2099-Apr-09 07:00:00
  2099-Apr-18 21:00:00
  2099-Apr-28 11:00:00
  2099-May-08 01:00:00
  2099-May-17 15:00:00
  2099-May-27 05:00:00
  2099-Jun-05 19:00:00
  2099-Jun-15 08:00:00
  2099-Jun-25 00:00:00
  2099-Jul-04 16:00:00
  2099-Jul-14 08:00:00
  2099-Jul-24 00:00:00
  2099-Aug-02 16:00:00
  2099-Aug-12 08:00:00
  2099-Aug-22 00:00:00
  2099-Aug-31 17:00:00
  2099-Sep-10 09:00:00
  2099-Sep-20 01:00:00
  2099-Sep-29 19:00:00
  2099-Oct-09 12:00:00
  2099-Oct-19 06:00:00
  2099-Oct-28 23:00:00
  2099-Nov-07 17:00:00
  2099-Nov-17 10:00:00
  2099-Nov-27 04:00:00
  2099-Dec-06 21:00:00
  2099-Dec-16 15:00:00
  2099-Dec-26 08:00:00
Beginning Simulation...
  2100-Jan-04 19:00:00 (1%)
  2100-Jan-13 20:00:00 (3.5%)
  2100-Jan-22 21:00:00 (6%)
  2100-Jan-31 22:00:00 (8.5%)
  2100-Feb-09 22:00:00 (10.9%)
  2100-Feb-18 23:00:00 (13.4%)
  2100-Feb-28 00:00:00 (15.9%)
  2100-Mar-09 01:00:00 (18.4%)
  2100-Mar-18 01:00:00 (20.8%)
  2100-Mar-27 02:00:00 (23.3%)
  2100-Apr-05 03:00:00 (25.8%)
  2100-Apr-14 04:00:00 (28.3%)
  2100-Apr-23 05:00:00 (30.7%)
  2100-May-02 06:00:00 (33.2%)
  2100-May-11 07:00:00 (35.7%)
  2100-May-20 08:00:00 (38.2%)
  2100-May-29 09:00:00 (40.7%)
  2100-Jun-07 09:00:00 (43.1%)
  2100-Jun-16 10:00:00 (45.6%)
  2100-Jun-25 11:00:00 (48.1%)
  2100-Jul-04 12:00:00 (50.5%)
  2100-Jul-13 13:00:00 (53%)
  2100-Jul-22 14:00:00 (55.5%)
  2100-Jul-31 14:00:00 (58%)
  2100-Aug-09 15:00:00 (60.4%)
  2100-Aug-18 16:00:00 (62.9%)
  2100-Aug-27 17:00:00 (65.4%)
  2100-Sep-05 18:00:00 (67.9%)
  2100-Sep-14 19:00:00 (70.4%)
  2100-Sep-23 20:00:00 (72.8%)
  2100-Oct-02 21:00:00 (75.3%)
  2100-Oct-11 22:00:00 (77.8%)
  2100-Oct-20 23:00:00 (80.3%)
  2100-Oct-30 00:00:00 (82.7%)
  2100-Nov-08 01:00:00 (85.2%)
  2100-Nov-17 00:00:00 (87.7%)
  2100-Nov-26 01:00:00 (90.1%)
  2100-Dec-05 02:00:00 (92.6%)
  2100-Dec-14 03:00:00 (95.1%)
  2100-Dec-23 04:00:00 (97.6%)
  2100-Dec-31 23:00:00 (100%)
Finished Program: 2014-Nov-18 11:10:43.976137
Elapsed Time: 00:01:19.355749
