instance.yaml
kiva v0.2.0-21-g785bfe1
Copyright (C) 2012-2014 Big Ladder Software
Web: www.bigladdersoftware.com

Starting Program: 2014-Nov-18 11:02:26.085244
Creating Domain...
  X Cells: 98
  Y Cells: 1
  Z Cells: 125
  Total Cells: 12250
Initializing Temperatures...
  2099-Jan-07 12:00:00
  2099-Jan-27 21:00:00
  2099-Feb-17 06:00:00
  2099-Mar-09 16:00:00
  2099-Mar-30 01:00:00
  2099-Apr-19 11:00:00
  2099-May-09 20:00:00
  2099-May-30 06:00:00
  2099-Jun-19 16:00:00
  2099-Jul-10 01:00:00
  2099-Jul-30 11:00:00
  2099-Aug-19 21:00:00
  2099-Sep-09 07:00:00
  2099-Sep-29 16:00:00
  2099-Oct-20 02:00:00
  2099-Nov-09 12:00:00
  2099-Nov-29 21:00:00
  2099-Dec-20 06:00:00
Beginning Simulation...
  2100-Jan-08 23:00:00 (2.2%)
  2100-Jan-27 18:00:00 (7.3%)
  2100-Feb-15 13:00:00 (12.5%)
  2100-Mar-06 08:00:00 (17.6%)
  2100-Mar-25 03:00:00 (22.8%)
  2100-Apr-12 22:00:00 (27.9%)
  2100-May-01 16:00:00 (33.1%)
  2100-May-20 12:00:00 (38.2%)
  2100-Jun-08 07:00:00 (43.4%)
  2100-Jun-27 02:00:00 (48.5%)
  2100-Jul-15 22:00:00 (53.7%)
  2100-Aug-03 18:00:00 (58.8%)
  2100-Aug-22 13:00:00 (64%)
  2100-Sep-10 09:00:00 (69.1%)
  2100-Sep-29 05:00:00 (74.3%)
  2100-Oct-18 00:00:00 (79.5%)
  2100-Nov-05 15:00:00 (84.6%)
  2100-Nov-24 11:00:00 (89.7%)
  2100-Dec-13 10:00:00 (94.9%)
  2100-Dec-31 23:00:00 (100%)
Finished Program: 2014-Nov-18 11:03:03.980295
Elapsed Time: 00:00:37.895051
