instance.yaml
kiva v0.2.0-19-ge248292
Copyright (C) 2012-2014 Big Ladder Software
Web: www.bigladdersoftware.com

Starting Program: 2014-Nov-17 08:40:13.180789
Creating Domain...
  X Cells: 203
  Y Cells: 1
  Z Cells: 96
  Total Cells: 19488
Initializing Temperatures...
lis_matrix.c(685) : lis_matrix_set_value : error ILL_ARG :i(=0) or j(=-1) are less than 0
lis_matrix.c(685) : lis_matrix_set_value : error ILL_ARG :i(=0) or j(=-203) are less than 0
lis_matrix.c(685) : lis_matrix_set_value : error ILL_ARG :i(=1) or j(=-202) are less than 0
lis_matrix.c(685) : lis_matrix_set_value : error ILL_ARG :i(=2) or j(=-201) are less than 0
lis_matrix.c(685) : lis_matrix_set_value : error ILL_ARG :i(=3) or j(=-200) are less than 0
lis_matrix.c(685) : lis_matrix_set_value : error ILL_ARG :i(=4) or j(=-199) are less than 0
lis_matrix.c(685) : lis_matrix_set_value : error ILL_ARG :i(=5) or j(=-198) are less than 0
lis_matrix.c(685) : lis_matrix_set_value : error ILL_ARG :i(=6) or j(=-197) are less than 0
lis_matrix.c(685) : lis_matrix_set_value : error ILL_ARG :i(=7) or j(=-196) are less than 0
lis_matrix.c(685) : lis_matrix_set_value : error ILL_ARG :i(=8) or j(=-195) are less than 0
lis_matrix.c(685) : lis_matrix_set_value : error ILL_ARG :i(=9) or j(=-194) are less than 0
lis_matrix.c(685) : lis_matrix_set_value : error ILL_ARG :i(=10) or j(=-193) are less than 0
lis_matrix.c(685) : lis_matrix_set_value : error ILL_ARG :i(=11) or j(=-192) are less than 0
lis_matrix.c(685) : lis_matrix_set_value : error ILL_ARG :i(=12) or j(=-191) are less than 0
lis_matrix.c(685) : lis_matrix_set_value : error ILL_ARG :i(=13) or j(=-190) are less than 0
lis_matrix.c(685) : lis_matrix_set_value : error ILL_ARG :i(=14) or j(=-189) are less than 0
lis_matrix.c(685) : lis_matrix_set_value : error ILL_ARG :i(=15) or j(=-188) are less than 0
lis_matrix.c(685) : lis_matrix_set_value : error ILL_ARG :i(=16) or j(=-187) are less than 0
lis_matrix.c(685) : lis_matrix_set_value : error ILL_ARG :i(=17) or j(=-186) are less than 0
lis_matrix.c(685) : lis_matrix_set_value : error ILL_ARG :i(=18) or j(=-185) are less than 0
lis_matrix.c(685) : lis_matrix_set_value : error ILL_ARG :i(=19) or j(=-184) are less than 0
lis_matrix.c(685) : lis_matrix_set_value : error ILL_ARG :i(=20) or j(=-183) are less than 0
lis_matrix.c(685) : lis_matrix_set_value : error ILL_ARG :i(=21) or j(=-182) are less than 0
lis_matrix.c(685) : lis_matrix_set_value : error ILL_ARG :i(=22) or j(=-181) are less than 0
lis_matrix.c(685) : lis_matrix_set_value : error ILL_ARG :i(=23) or j(=-180) are less than 0
lis_matrix.c(685) : lis_matrix_set_value : error ILL_ARG :i(=24) or j(=-179) are less than 0
lis_matrix.c(685) : lis_matrix_set_value : error ILL_ARG :i(=25) or j(=-178) are less than 0
lis_matrix.c(685) : lis_matrix_set_value : error ILL_ARG :i(=26) or j(=-177) are less than 0
lis_matrix.c(685) : lis_matrix_set_value : error ILL_ARG :i(=27) or j(=-176) are less than 0
lis_matrix.c(685) : lis_matrix_set_value : error ILL_ARG :i(=28) or j(=-175) are less than 0
lis_matrix.c(695) : lis_matrix_set_value : error ILL_ARG :i(=19285) or j(=19488) are larger than global n=(19488)
lis_matrix.c(695) : lis_matrix_set_value : error ILL_ARG :i(=19286) or j(=19489) are larger than global n=(19488)
lis_matrix.c(695) : lis_matrix_set_value : error ILL_ARG :i(=19287) or j(=19490) are larger than global n=(19488)
lis_matrix.c(695) : lis_matrix_set_value : error ILL_ARG :i(=19288) or j(=19491) are larger than global n=(19488)
lis_matrix.c(695) : lis_matrix_set_value : error ILL_ARG :i(=19289) or j(=19492) are larger than global n=(19488)
lis_matrix.c(695) : lis_matrix_set_value : error ILL_ARG :i(=19290) or j(=19493) are larger than global n=(19488)
lis_matrix.c(695) : lis_matrix_set_value : error ILL_ARG :i(=19291) or j(=19494) are larger than global n=(19488)
lis_matrix.c(695) : lis_matrix_set_value : error ILL_ARG :i(=19292) or j(=19495) are larger than global n=(19488)
lis_matrix.c(695) : lis_matrix_set_value : error ILL_ARG :i(=19293) or j(=19496) are larger than global n=(19488)
lis_matrix.c(695) : lis_matrix_set_value : error ILL_ARG :i(=19294) or j(=19497) are larger than global n=(19488)
lis_matrix.c(695) : lis_matrix_set_value : error ILL_ARG :i(=19295) or j(=19498) are larger than global n=(19488)
lis_matrix.c(695) : lis_matrix_set_value : error ILL_ARG :i(=19296) or j(=19499) are larger than global n=(19488)
lis_matrix.c(695) : lis_matrix_set_value : error ILL_ARG :i(=19297) or j(=19500) are larger than global n=(19488)
lis_matrix.c(695) : lis_matrix_set_value : error ILL_ARG :i(=19298) or j(=19501) are larger than global n=(19488)
lis_matrix.c(695) : lis_matrix_set_value : error ILL_ARG :i(=19299) or j(=19502) are larger than global n=(19488)
lis_matrix.c(695) : lis_matrix_set_value : error ILL_ARG :i(=19300) or j(=19503) are larger than global n=(19488)
lis_matrix.c(695) : lis_matrix_set_value : error ILL_ARG :i(=19301) or j(=19504) are larger than global n=(19488)
lis_matrix.c(695) : lis_matrix_set_value : error ILL_ARG :i(=19302) or j(=19505) are larger than global n=(19488)
lis_matrix.c(695) : lis_matrix_set_value : error ILL_ARG :i(=19303) or j(=19506) are larger than global n=(19488)
lis_matrix.c(695) : lis_matrix_set_value : error ILL_ARG :i(=19304) or j(=19507) are larger than global n=(19488)
lis_matrix.c(695) : lis_matrix_set_value : error ILL_ARG :i(=19305) or j(=19508) are larger than global n=(19488)
lis_matrix.c(695) : lis_matrix_set_value : error ILL_ARG :i(=19306) or j(=19509) are larger than global n=(19488)
lis_matrix.c(695) : lis_matrix_set_value : error ILL_ARG :i(=19307) or j(=19510) are larger than global n=(19488)
lis_matrix.c(695) : lis_matrix_set_value : error ILL_ARG :i(=19308) or j(=19511) are larger than global n=(19488)
lis_matrix.c(695) : lis_matrix_set_value : error ILL_ARG :i(=19309) or j(=19512) are larger than global n=(19488)
lis_matrix.c(695) : lis_matrix_set_value : error ILL_ARG :i(=19310) or j(=19513) are larger than global n=(19488)
lis_matrix.c(695) : lis_matrix_set_value : error ILL_ARG :i(=19311) or j(=19514) are larger than global n=(19488)
lis_matrix.c(695) : lis_matrix_set_value : error ILL_ARG :i(=19312) or j(=19515) are larger than global n=(19488)
lis_matrix.c(695) : lis_matrix_set_value : error ILL_ARG :i(=19313) or j(=19516) are larger than global n=(19488)
Warning: Solution did not converge after 100001 iterations.
  The final residual was: nan
  Solver status: 4
  2098-Oct-01 23:00:00
lis_matrix.c(685) : lis_matrix_set_value : error ILL_ARG :i(=0) or j(=-1) are less than 0
lis_matrix.c(685) : lis_matrix_set_value : error ILL_ARG :i(=0) or j(=-203) are less than 0
lis_matrix.c(685) : lis_matrix_set_value : error ILL_ARG :i(=1) or j(=-202) are less than 0
lis_matrix.c(685) : lis_matrix_set_value : error ILL_ARG :i(=2) or j(=-201) are less than 0
lis_matrix.c(685) : lis_matrix_set_value : error ILL_ARG :i(=3) or j(=-200) are less than 0
lis_matrix.c(685) : lis_matrix_set_value : error ILL_ARG :i(=4) or j(=-199) are less than 0
lis_matrix.c(685) : lis_matrix_set_value : error ILL_ARG :i(=5) or j(=-198) are less than 0
lis_matrix.c(685) : lis_matrix_set_value : error ILL_ARG :i(=6) or j(=-197) are less than 0
lis_matrix.c(685) : lis_matrix_set_value : error ILL_ARG :i(=7) or j(=-196) are less than 0
lis_matrix.c(685) : lis_matrix_set_value : error ILL_ARG :i(=8) or j(=-195) are less than 0
lis_matrix.c(685) : lis_matrix_set_value : error ILL_ARG :i(=9) or j(=-194) are less than 0
lis_matrix.c(685) : lis_matrix_set_value : error ILL_ARG :i(=10) or j(=-193) are less than 0
lis_matrix.c(685) : lis_matrix_set_value : error ILL_ARG :i(=11) or j(=-192) are less than 0
lis_matrix.c(685) : lis_matrix_set_value : error ILL_ARG :i(=12) or j(=-191) are less than 0
lis_matrix.c(685) : lis_matrix_set_value : error ILL_ARG :i(=13) or j(=-190) are less than 0
lis_matrix.c(685) : lis_matrix_set_value : error ILL_ARG :i(=14) or j(=-189) are less than 0
lis_matrix.c(685) : lis_matrix_set_value : error ILL_ARG :i(=15) or j(=-188) are less than 0
lis_matrix.c(685) : lis_matrix_set_value : error ILL_ARG :i(=16) or j(=-187) are less than 0
lis_matrix.c(685) : lis_matrix_set_value : error ILL_ARG :i(=17) or j(=-186) are less than 0
lis_matrix.c(685) : lis_matrix_set_value : error ILL_ARG :i(=18) or j(=-185) are less than 0
lis_matrix.c(685) : lis_matrix_set_value : error ILL_ARG :i(=19) or j(=-184) are less than 0
lis_matrix.c(685) : lis_matrix_set_value : error ILL_ARG :i(=20) or j(=-183) are less than 0
lis_matrix.c(685) : lis_matrix_set_value : error ILL_ARG :i(=21) or j(=-182) are less than 0
lis_matrix.c(685) : lis_matrix_set_value : error ILL_ARG :i(=22) or j(=-181) are less than 0
lis_matrix.c(685) : lis_matrix_set_value : error ILL_ARG :i(=23) or j(=-180) are less than 0
lis_matrix.c(685) : lis_matrix_set_value : error ILL_ARG :i(=24) or j(=-179) are less than 0
lis_matrix.c(685) : lis_matrix_set_value : error ILL_ARG :i(=25) or j(=-178) are less than 0
lis_matrix.c(685) : lis_matrix_set_value : error ILL_ARG :i(=26) or j(=-177) are less than 0
lis_matrix.c(685) : lis_matrix_set_value : error ILL_ARG :i(=27) or j(=-176) are less than 0
lis_matrix.c(685) : lis_matrix_set_value : error ILL_ARG :i(=28) or j(=-175) are less than 0
lis_matrix.c(695) : lis_matrix_set_value : error ILL_ARG :i(=19285) or j(=19488) are larger than global n=(19488)
lis_matrix.c(695) : lis_matrix_set_value : error ILL_ARG :i(=19286) or j(=19489) are larger than global n=(19488)
lis_matrix.c(695) : lis_matrix_set_value : error ILL_ARG :i(=19287) or j(=19490) are larger than global n=(19488)
lis_matrix.c(695) : lis_matrix_set_value : error ILL_ARG :i(=19288) or j(=19491) are larger than global n=(19488)
lis_matrix.c(695) : lis_matrix_set_value : error ILL_ARG :i(=19289) or j(=19492) are larger than global n=(19488)
lis_matrix.c(695) : lis_matrix_set_value : error ILL_ARG :i(=19290) or j(=19493) are larger than global n=(19488)
lis_matrix.c(695) : lis_matrix_set_value : error ILL_ARG :i(=19291) or j(=19494) are larger than global n=(19488)
lis_matrix.c(695) : lis_matrix_set_value : error ILL_ARG :i(=19292) or j(=19495) are larger than global n=(19488)
lis_matrix.c(695) : lis_matrix_set_value : error ILL_ARG :i(=19293) or j(=19496) are larger than global n=(19488)
lis_matrix.c(695) : lis_matrix_set_value : error ILL_ARG :i(=19294) or j(=19497) are larger than global n=(19488)
lis_matrix.c(695) : lis_matrix_set_value : error ILL_ARG :i(=19295) or j(=19498) are larger than global n=(19488)
lis_matrix.c(695) : lis_matrix_set_value : error ILL_ARG :i(=19296) or j(=19499) are larger than global n=(19488)
lis_matrix.c(695) : lis_matrix_set_value : error ILL_ARG :i(=19297) or j(=19500) are larger than global n=(19488)
lis_matrix.c(695) : lis_matrix_set_value : error ILL_ARG :i(=19298) or j(=19501) are larger than global n=(19488)
lis_matrix.c(695) : lis_matrix_set_value : error ILL_ARG :i(=19299) or j(=19502) are larger than global n=(19488)
lis_matrix.c(695) : lis_matrix_set_value : error ILL_ARG :i(=19300) or j(=19503) are larger than global n=(19488)
lis_matrix.c(695) : lis_matrix_set_value : error ILL_ARG :i(=19301) or j(=19504) are larger than global n=(19488)
lis_matrix.c(695) : lis_matrix_set_value : error ILL_ARG :i(=19302) or j(=19505) are larger than global n=(19488)
lis_matrix.c(695) : lis_matrix_set_value : error ILL_ARG :i(=19303) or j(=19506) are larger than global n=(19488)
lis_matrix.c(695) : lis_matrix_set_value : error ILL_ARG :i(=19304) or j(=19507) are larger than global n=(19488)
lis_matrix.c(695) : lis_matrix_set_value : error ILL_ARG :i(=19305) or j(=19508) are larger than global n=(19488)
lis_matrix.c(695) : lis_matrix_set_value : error ILL_ARG :i(=19306) or j(=19509) are larger than global n=(19488)
lis_matrix.c(695) : lis_matrix_set_value : error ILL_ARG :i(=19307) or j(=19510) are larger than global n=(19488)
lis_matrix.c(695) : lis_matrix_set_value : error ILL_ARG :i(=19308) or j(=19511) are larger than global n=(19488)
lis_matrix.c(695) : lis_matrix_set_value : error ILL_ARG :i(=19309) or j(=19512) are larger than global n=(19488)
lis_matrix.c(695) : lis_matrix_set_value : error ILL_ARG :i(=19310) or j(=19513) are larger than global n=(19488)
lis_matrix.c(695) : lis_matrix_set_value : error ILL_ARG :i(=19311) or j(=19514) are larger than global n=(19488)
lis_matrix.c(695) : lis_matrix_set_value : error ILL_ARG :i(=19312) or j(=19515) are larger than global n=(19488)
lis_matrix.c(695) : lis_matrix_set_value : error ILL_ARG :i(=19313) or j(=19516) are larger than global n=(19488)
Warning: Solution did not converge after 100001 iterations.
  The final residual was: -nan
  Solver status: 4
  2098-Oct-08 23:00:00
lis_matrix.c(685) : lis_matrix_set_value : error ILL_ARG :i(=0) or j(=-1) are less than 0
lis_matrix.c(685) : lis_matrix_set_value : error ILL_ARG :i(=0) or j(=-203) are less than 0
lis_matrix.c(685) : lis_matrix_set_value : error ILL_ARG :i(=1) or j(=-202) are less than 0
lis_matrix.c(685) : lis_matrix_set_value : error ILL_ARG :i(=2) or j(=-201) are less than 0
lis_matrix.c(685) : lis_matrix_set_value : error ILL_ARG :i(=3) or j(=-200) are less than 0
lis_matrix.c(685) : lis_matrix_set_value : error ILL_ARG :i(=4) or j(=-199) are less than 0
lis_matrix.c(685) : lis_matrix_set_value : error ILL_ARG :i(=5) or j(=-198) are less than 0
lis_matrix.c(685) : lis_matrix_set_value : error ILL_ARG :i(=6) or j(=-197) are less than 0
lis_matrix.c(685) : lis_matrix_set_value : error ILL_ARG :i(=7) or j(=-196) are less than 0
lis_matrix.c(685) : lis_matrix_set_value : error ILL_ARG :i(=8) or j(=-195) are less than 0
lis_matrix.c(685) : lis_matrix_set_value : error ILL_ARG :i(=9) or j(=-194) are less than 0
lis_matrix.c(685) : lis_matrix_set_value : error ILL_ARG :i(=10) or j(=-193) are less than 0
lis_matrix.c(685) : lis_matrix_set_value : error ILL_ARG :i(=11) or j(=-192) are less than 0
lis_matrix.c(685) : lis_matrix_set_value : error ILL_ARG :i(=12) or j(=-191) are less than 0
lis_matrix.c(685) : lis_matrix_set_value : error ILL_ARG :i(=13) or j(=-190) are less than 0
lis_matrix.c(685) : lis_matrix_set_value : error ILL_ARG :i(=14) or j(=-189) are less than 0
lis_matrix.c(685) : lis_matrix_set_value : error ILL_ARG :i(=15) or j(=-188) are less than 0
lis_matrix.c(685) : lis_matrix_set_value : error ILL_ARG :i(=16) or j(=-187) are less than 0
lis_matrix.c(685) : lis_matrix_set_value : error ILL_ARG :i(=17) or j(=-186) are less than 0
lis_matrix.c(685) : lis_matrix_set_value : error ILL_ARG :i(=18) or j(=-185) are less than 0
lis_matrix.c(685) : lis_matrix_set_value : error ILL_ARG :i(=19) or j(=-184) are less than 0
lis_matrix.c(685) : lis_matrix_set_value : error ILL_ARG :i(=20) or j(=-183) are less than 0
lis_matrix.c(685) : lis_matrix_set_value : error ILL_ARG :i(=21) or j(=-182) are less than 0
lis_matrix.c(685) : lis_matrix_set_value : error ILL_ARG :i(=22) or j(=-181) are less than 0
lis_matrix.c(685) : lis_matrix_set_value : error ILL_ARG :i(=23) or j(=-180) are less than 0
lis_matrix.c(685) : lis_matrix_set_value : error ILL_ARG :i(=24) or j(=-179) are less than 0
lis_matrix.c(685) : lis_matrix_set_value : error ILL_ARG :i(=25) or j(=-178) are less than 0
lis_matrix.c(685) : lis_matrix_set_value : error ILL_ARG :i(=26) or j(=-177) are less than 0
lis_matrix.c(685) : lis_matrix_set_value : error ILL_ARG :i(=27) or j(=-176) are less than 0
lis_matrix.c(685) : lis_matrix_set_value : error ILL_ARG :i(=28) or j(=-175) are less than 0
lis_matrix.c(695) : lis_matrix_set_value : error ILL_ARG :i(=19285) or j(=19488) are larger than global n=(19488)
lis_matrix.c(695) : lis_matrix_set_value : error ILL_ARG :i(=19286) or j(=19489) are larger than global n=(19488)
lis_matrix.c(695) : lis_matrix_set_value : error ILL_ARG :i(=19287) or j(=19490) are larger than global n=(19488)
lis_matrix.c(695) : lis_matrix_set_value : error ILL_ARG :i(=19288) or j(=19491) are larger than global n=(19488)
lis_matrix.c(695) : lis_matrix_set_value : error ILL_ARG :i(=19289) or j(=19492) are larger than global n=(19488)
lis_matrix.c(695) : lis_matrix_set_value : error ILL_ARG :i(=19290) or j(=19493) are larger than global n=(19488)
lis_matrix.c(695) : lis_matrix_set_value : error ILL_ARG :i(=19291) or j(=19494) are larger than global n=(19488)
lis_matrix.c(695) : lis_matrix_set_value : error ILL_ARG :i(=19292) or j(=19495) are larger than global n=(19488)
lis_matrix.c(695) : lis_matrix_set_value : error ILL_ARG :i(=19293) or j(=19496) are larger than global n=(19488)
lis_matrix.c(695) : lis_matrix_set_value : error ILL_ARG :i(=19294) or j(=19497) are larger than global n=(19488)
lis_matrix.c(695) : lis_matrix_set_value : error ILL_ARG :i(=19295) or j(=19498) are larger than global n=(19488)
lis_matrix.c(695) : lis_matrix_set_value : error ILL_ARG :i(=19296) or j(=19499) are larger than global n=(19488)
lis_matrix.c(695) : lis_matrix_set_value : error ILL_ARG :i(=19297) or j(=19500) are larger than global n=(19488)
lis_matrix.c(695) : lis_matrix_set_value : error ILL_ARG :i(=19298) or j(=19501) are larger than global n=(19488)
lis_matrix.c(695) : lis_matrix_set_value : error ILL_ARG :i(=19299) or j(=19502) are larger than global n=(19488)
lis_matrix.c(695) : lis_matrix_set_value : error ILL_ARG :i(=19300) or j(=19503) are larger than global n=(19488)
lis_matrix.c(695) : lis_matrix_set_value : error ILL_ARG :i(=19301) or j(=19504) are larger than global n=(19488)
lis_matrix.c(695) : lis_matrix_set_value : error ILL_ARG :i(=19302) or j(=19505) are larger than global n=(19488)
lis_matrix.c(695) : lis_matrix_set_value : error ILL_ARG :i(=19303) or j(=19506) are larger than global n=(19488)
lis_matrix.c(695) : lis_matrix_set_value : error ILL_ARG :i(=19304) or j(=19507) are larger than global n=(19488)
lis_matrix.c(695) : lis_matrix_set_value : error ILL_ARG :i(=19305) or j(=19508) are larger than global n=(19488)
lis_matrix.c(695) : lis_matrix_set_value : error ILL_ARG :i(=19306) or j(=19509) are larger than global n=(19488)
lis_matrix.c(695) : lis_matrix_set_value : error ILL_ARG :i(=19307) or j(=19510) are larger than global n=(19488)
lis_matrix.c(695) : lis_matrix_set_value : error ILL_ARG :i(=19308) or j(=19511) are larger than global n=(19488)
lis_matrix.c(695) : lis_matrix_set_value : error ILL_ARG :i(=19309) or j(=19512) are larger than global n=(19488)
lis_matrix.c(695) : lis_matrix_set_value : error ILL_ARG :i(=19310) or j(=19513) are larger than global n=(19488)
lis_matrix.c(695) : lis_matrix_set_value : error ILL_ARG :i(=19311) or j(=19514) are larger than global n=(19488)
lis_matrix.c(695) : lis_matrix_set_value : error ILL_ARG :i(=19312) or j(=19515) are larger than global n=(19488)
lis_matrix.c(695) : lis_matrix_set_value : error ILL_ARG :i(=19313) or j(=19516) are larger than global n=(19488)
Warning: Solution did not converge after 100001 iterations.
  The final residual was: -nan
  Solver status: 4
  2098-Oct-15 23:00:00
lis_matrix.c(685) : lis_matrix_set_value : error ILL_ARG :i(=0) or j(=-1) are less than 0
lis_matrix.c(685) : lis_matrix_set_value : error ILL_ARG :i(=0) or j(=-203) are less than 0
lis_matrix.c(685) : lis_matrix_set_value : error ILL_ARG :i(=1) or j(=-202) are less than 0
lis_matrix.c(685) : lis_matrix_set_value : error ILL_ARG :i(=2) or j(=-201) are less than 0
lis_matrix.c(685) : lis_matrix_set_value : error ILL_ARG :i(=3) or j(=-200) are less than 0
lis_matrix.c(685) : lis_matrix_set_value : error ILL_ARG :i(=4) or j(=-199) are less than 0
lis_matrix.c(685) : lis_matrix_set_value : error ILL_ARG :i(=5) or j(=-198) are less than 0
lis_matrix.c(685) : lis_matrix_set_value : error ILL_ARG :i(=6) or j(=-197) are less than 0
lis_matrix.c(685) : lis_matrix_set_value : error ILL_ARG :i(=7) or j(=-196) are less than 0
lis_matrix.c(685) : lis_matrix_set_value : error ILL_ARG :i(=8) or j(=-195) are less than 0
lis_matrix.c(685) : lis_matrix_set_value : error ILL_ARG :i(=9) or j(=-194) are less than 0
lis_matrix.c(685) : lis_matrix_set_value : error ILL_ARG :i(=10) or j(=-193) are less than 0
lis_matrix.c(685) : lis_matrix_set_value : error ILL_ARG :i(=11) or j(=-192) are less than 0
lis_matrix.c(685) : lis_matrix_set_value : error ILL_ARG :i(=12) or j(=-191) are less than 0
lis_matrix.c(685) : lis_matrix_set_value : error ILL_ARG :i(=13) or j(=-190) are less than 0
lis_matrix.c(685) : lis_matrix_set_value : error ILL_ARG :i(=14) or j(=-189) are less than 0
lis_matrix.c(685) : lis_matrix_set_value : error ILL_ARG :i(=15) or j(=-188) are less than 0
lis_matrix.c(685) : lis_matrix_set_value : error ILL_ARG :i(=16) or j(=-187) are less than 0
lis_matrix.c(685) : lis_matrix_set_value : error ILL_ARG :i(=17) or j(=-186) are less than 0
lis_matrix.c(685) : lis_matrix_set_value : error ILL_ARG :i(=18) or j(=-185) are less than 0
lis_matrix.c(685) : lis_matrix_set_value : error ILL_ARG :i(=19) or j(=-184) are less than 0
lis_matrix.c(685) : lis_matrix_set_value : error ILL_ARG :i(=20) or j(=-183) are less than 0
lis_matrix.c(685) : lis_matrix_set_value : error ILL_ARG :i(=21) or j(=-182) are less than 0
lis_matrix.c(685) : lis_matrix_set_value : error ILL_ARG :i(=22) or j(=-181) are less than 0
lis_matrix.c(685) : lis_matrix_set_value : error ILL_ARG :i(=23) or j(=-180) are less than 0
lis_matrix.c(685) : lis_matrix_set_value : error ILL_ARG :i(=24) or j(=-179) are less than 0
lis_matrix.c(685) : lis_matrix_set_value : error ILL_ARG :i(=25) or j(=-178) are less than 0
lis_matrix.c(685) : lis_matrix_set_value : error ILL_ARG :i(=26) or j(=-177) are less than 0
lis_matrix.c(685) : lis_matrix_set_value : error ILL_ARG :i(=27) or j(=-176) are less than 0
lis_matrix.c(685) : lis_matrix_set_value : error ILL_ARG :i(=28) or j(=-175) are less than 0
lis_matrix.c(695) : lis_matrix_set_value : error ILL_ARG :i(=19285) or j(=19488) are larger than global n=(19488)
lis_matrix.c(695) : lis_matrix_set_value : error ILL_ARG :i(=19286) or j(=19489) are larger than global n=(19488)
lis_matrix.c(695) : lis_matrix_set_value : error ILL_ARG :i(=19287) or j(=19490) are larger than global n=(19488)
lis_matrix.c(695) : lis_matrix_set_value : error ILL_ARG :i(=19288) or j(=19491) are larger than global n=(19488)
lis_matrix.c(695) : lis_matrix_set_value : error ILL_ARG :i(=19289) or j(=19492) are larger than global n=(19488)
lis_matrix.c(695) : lis_matrix_set_value : error ILL_ARG :i(=19290) or j(=19493) are larger than global n=(19488)
lis_matrix.c(695) : lis_matrix_set_value : error ILL_ARG :i(=19291) or j(=19494) are larger than global n=(19488)
lis_matrix.c(695) : lis_matrix_set_value : error ILL_ARG :i(=19292) or j(=19495) are larger than global n=(19488)
lis_matrix.c(695) : lis_matrix_set_value : error ILL_ARG :i(=19293) or j(=19496) are larger than global n=(19488)
lis_matrix.c(695) : lis_matrix_set_value : error ILL_ARG :i(=19294) or j(=19497) are larger than global n=(19488)
lis_matrix.c(695) : lis_matrix_set_value : error ILL_ARG :i(=19295) or j(=19498) are larger than global n=(19488)
lis_matrix.c(695) : lis_matrix_set_value : error ILL_ARG :i(=19296) or j(=19499) are larger than global n=(19488)
lis_matrix.c(695) : lis_matrix_set_value : error ILL_ARG :i(=19297) or j(=19500) are larger than global n=(19488)
lis_matrix.c(695) : lis_matrix_set_value : error ILL_ARG :i(=19298) or j(=19501) are larger than global n=(19488)
lis_matrix.c(695) : lis_matrix_set_value : error ILL_ARG :i(=19299) or j(=19502) are larger than global n=(19488)
lis_matrix.c(695) : lis_matrix_set_value : error ILL_ARG :i(=19300) or j(=19503) are larger than global n=(19488)
lis_matrix.c(695) : lis_matrix_set_value : error ILL_ARG :i(=19301) or j(=19504) are larger than global n=(19488)
lis_matrix.c(695) : lis_matrix_set_value : error ILL_ARG :i(=19302) or j(=19505) are larger than global n=(19488)
lis_matrix.c(695) : lis_matrix_set_value : error ILL_ARG :i(=19303) or j(=19506) are larger than global n=(19488)
lis_matrix.c(695) : lis_matrix_set_value : error ILL_ARG :i(=19304) or j(=19507) are larger than global n=(19488)
lis_matrix.c(695) : lis_matrix_set_value : error ILL_ARG :i(=19305) or j(=19508) are larger than global n=(19488)
lis_matrix.c(695) : lis_matrix_set_value : error ILL_ARG :i(=19306) or j(=19509) are larger than global n=(19488)
lis_matrix.c(695) : lis_matrix_set_value : error ILL_ARG :i(=19307) or j(=19510) are larger than global n=(19488)
lis_matrix.c(695) : lis_matrix_set_value : error ILL_ARG :i(=19308) or j(=19511) are larger than global n=(19488)
lis_matrix.c(695) : lis_matrix_set_value : error ILL_ARG :i(=19309) or j(=19512) are larger than global n=(19488)
lis_matrix.c(695) : lis_matrix_set_value : error ILL_ARG :i(=19310) or j(=19513) are larger than global n=(19488)
lis_matrix.c(695) : lis_matrix_set_value : error ILL_ARG :i(=19311) or j(=19514) are larger than global n=(19488)
lis_matrix.c(695) : lis_matrix_set_value : error ILL_ARG :i(=19312) or j(=19515) are larger than global n=(19488)
lis_matrix.c(695) : lis_matrix_set_value : error ILL_ARG :i(=19313) or j(=19516) are larger than global n=(19488)
Warning: Solution did not converge after 100001 iterations.
  The final residual was: -nan
  Solver status: 4
  2098-Oct-22 23:00:00
lis_matrix.c(685) : lis_matrix_set_value : error ILL_ARG :i(=0) or j(=-1) are less than 0
lis_matrix.c(685) : lis_matrix_set_value : error ILL_ARG :i(=0) or j(=-203) are less than 0
lis_matrix.c(685) : lis_matrix_set_value : error ILL_ARG :i(=1) or j(=-202) are less than 0
lis_matrix.c(685) : lis_matrix_set_value : error ILL_ARG :i(=2) or j(=-201) are less than 0
lis_matrix.c(685) : lis_matrix_set_value : error ILL_ARG :i(=3) or j(=-200) are less than 0
lis_matrix.c(685) : lis_matrix_set_value : error ILL_ARG :i(=4) or j(=-199) are less than 0
lis_matrix.c(685) : lis_matrix_set_value : error ILL_ARG :i(=5) or j(=-198) are less than 0
lis_matrix.c(685) : lis_matrix_set_value : error ILL_ARG :i(=6) or j(=-197) are less than 0
lis_matrix.c(685) : lis_matrix_set_value : error ILL_ARG :i(=7) or j(=-196) are less than 0
lis_matrix.c(685) : lis_matrix_set_value : error ILL_ARG :i(=8) or j(=-195) are less than 0
lis_matrix.c(685) : lis_matrix_set_value : error ILL_ARG :i(=9) or j(=-194) are less than 0
lis_matrix.c(685) : lis_matrix_set_value : error ILL_ARG :i(=10) or j(=-193) are less than 0
lis_matrix.c(685) : lis_matrix_set_value : error ILL_ARG :i(=11) or j(=-192) are less than 0
lis_matrix.c(685) : lis_matrix_set_value : error ILL_ARG :i(=12) or j(=-191) are less than 0
lis_matrix.c(685) : lis_matrix_set_value : error ILL_ARG :i(=13) or j(=-190) are less than 0
lis_matrix.c(685) : lis_matrix_set_value : error ILL_ARG :i(=14) or j(=-189) are less than 0
lis_matrix.c(685) : lis_matrix_set_value : error ILL_ARG :i(=15) or j(=-188) are less than 0
lis_matrix.c(685) : lis_matrix_set_value : error ILL_ARG :i(=16) or j(=-187) are less than 0
lis_matrix.c(685) : lis_matrix_set_value : error ILL_ARG :i(=17) or j(=-186) are less than 0
lis_matrix.c(685) : lis_matrix_set_value : error ILL_ARG :i(=18) or j(=-185) are less than 0
lis_matrix.c(685) : lis_matrix_set_value : error ILL_ARG :i(=19) or j(=-184) are less than 0
lis_matrix.c(685) : lis_matrix_set_value : error ILL_ARG :i(=20) or j(=-183) are less than 0
lis_matrix.c(685) : lis_matrix_set_value : error ILL_ARG :i(=21) or j(=-182) are less than 0
lis_matrix.c(685) : lis_matrix_set_value : error ILL_ARG :i(=22) or j(=-181) are less than 0
lis_matrix.c(685) : lis_matrix_set_value : error ILL_ARG :i(=23) or j(=-180) are less than 0
lis_matrix.c(685) : lis_matrix_set_value : error ILL_ARG :i(=24) or j(=-179) are less than 0
lis_matrix.c(685) : lis_matrix_set_value : error ILL_ARG :i(=25) or j(=-178) are less than 0
lis_matrix.c(685) : lis_matrix_set_value : error ILL_ARG :i(=26) or j(=-177) are less than 0
lis_matrix.c(685) : lis_matrix_set_value : error ILL_ARG :i(=27) or j(=-176) are less than 0
lis_matrix.c(685) : lis_matrix_set_value : error ILL_ARG :i(=28) or j(=-175) are less than 0
lis_matrix.c(695) : lis_matrix_set_value : error ILL_ARG :i(=19285) or j(=19488) are larger than global n=(19488)
lis_matrix.c(695) : lis_matrix_set_value : error ILL_ARG :i(=19286) or j(=19489) are larger than global n=(19488)
lis_matrix.c(695) : lis_matrix_set_value : error ILL_ARG :i(=19287) or j(=19490) are larger than global n=(19488)
lis_matrix.c(695) : lis_matrix_set_value : error ILL_ARG :i(=19288) or j(=19491) are larger than global n=(19488)
lis_matrix.c(695) : lis_matrix_set_value : error ILL_ARG :i(=19289) or j(=19492) are larger than global n=(19488)
lis_matrix.c(695) : lis_matrix_set_value : error ILL_ARG :i(=19290) or j(=19493) are larger than global n=(19488)
lis_matrix.c(695) : lis_matrix_set_value : error ILL_ARG :i(=19291) or j(=19494) are larger than global n=(19488)
lis_matrix.c(695) : lis_matrix_set_value : error ILL_ARG :i(=19292) or j(=19495) are larger than global n=(19488)
lis_matrix.c(695) : lis_matrix_set_value : error ILL_ARG :i(=19293) or j(=19496) are larger than global n=(19488)
lis_matrix.c(695) : lis_matrix_set_value : error ILL_ARG :i(=19294) or j(=19497) are larger than global n=(19488)
lis_matrix.c(695) : lis_matrix_set_value : error ILL_ARG :i(=19295) or j(=19498) are larger than global n=(19488)
lis_matrix.c(695) : lis_matrix_set_value : error ILL_ARG :i(=19296) or j(=19499) are larger than global n=(19488)
lis_matrix.c(695) : lis_matrix_set_value : error ILL_ARG :i(=19297) or j(=19500) are larger than global n=(19488)
lis_matrix.c(695) : lis_matrix_set_value : error ILL_ARG :i(=19298) or j(=19501) are larger than global n=(19488)
lis_matrix.c(695) : lis_matrix_set_value : error ILL_ARG :i(=19299) or j(=19502) are larger than global n=(19488)
lis_matrix.c(695) : lis_matrix_set_value : error ILL_ARG :i(=19300) or j(=19503) are larger than global n=(19488)
lis_matrix.c(695) : lis_matrix_set_value : error ILL_ARG :i(=19301) or j(=19504) are larger than global n=(19488)
lis_matrix.c(695) : lis_matrix_set_value : error ILL_ARG :i(=19302) or j(=19505) are larger than global n=(19488)
lis_matrix.c(695) : lis_matrix_set_value : error ILL_ARG :i(=19303) or j(=19506) are larger than global n=(19488)
lis_matrix.c(695) : lis_matrix_set_value : error ILL_ARG :i(=19304) or j(=19507) are larger than global n=(19488)
lis_matrix.c(695) : lis_matrix_set_value : error ILL_ARG :i(=19305) or j(=19508) are larger than global n=(19488)
lis_matrix.c(695) : lis_matrix_set_value : error ILL_ARG :i(=19306) or j(=19509) are larger than global n=(19488)
lis_matrix.c(695) : lis_matrix_set_value : error ILL_ARG :i(=19307) or j(=19510) are larger than global n=(19488)
lis_matrix.c(695) : lis_matrix_set_value : error ILL_ARG :i(=19308) or j(=19511) are larger than global n=(19488)
lis_matrix.c(695) : lis_matrix_set_value : error ILL_ARG :i(=19309) or j(=19512) are larger than global n=(19488)
lis_matrix.c(695) : lis_matrix_set_value : error ILL_ARG :i(=19310) or j(=19513) are larger than global n=(19488)
lis_matrix.c(695) : lis_matrix_set_value : error ILL_ARG :i(=19311) or j(=19514) are larger than global n=(19488)
lis_matrix.c(695) : lis_matrix_set_value : error ILL_ARG :i(=19312) or j(=19515) are larger than global n=(19488)
lis_matrix.c(695) : lis_matrix_set_value : error ILL_ARG :i(=19313) or j(=19516) are larger than global n=(19488)
Warning: Solution did not converge after 100001 iterations.
  The final residual was: -nan
  Solver status: 4
  2098-Oct-29 23:00:00
lis_matrix.c(685) : lis_matrix_set_value : error ILL_ARG :i(=0) or j(=-1) are less than 0
lis_matrix.c(685) : lis_matrix_set_value : error ILL_ARG :i(=0) or j(=-203) are less than 0
lis_matrix.c(685) : lis_matrix_set_value : error ILL_ARG :i(=1) or j(=-202) are less than 0
lis_matrix.c(685) : lis_matrix_set_value : error ILL_ARG :i(=2) or j(=-201) are less than 0
lis_matrix.c(685) : lis_matrix_set_value : error ILL_ARG :i(=3) or j(=-200) are less than 0
lis_matrix.c(685) : lis_matrix_set_value : error ILL_ARG :i(=4) or j(=-199) are less than 0
lis_matrix.c(685) : lis_matrix_set_value : error ILL_ARG :i(=5) or j(=-198) are less than 0
lis_matrix.c(685) : lis_matrix_set_value : error ILL_ARG :i(=6) or j(=-197) are less than 0
lis_matrix.c(685) : lis_matrix_set_value : error ILL_ARG :i(=7) or j(=-196) are less than 0
lis_matrix.c(685) : lis_matrix_set_value : error ILL_ARG :i(=8) or j(=-195) are less than 0
lis_matrix.c(685) : lis_matrix_set_value : error ILL_ARG :i(=9) or j(=-194) are less than 0
lis_matrix.c(685) : lis_matrix_set_value : error ILL_ARG :i(=10) or j(=-193) are less than 0
lis_matrix.c(685) : lis_matrix_set_value : error ILL_ARG :i(=11) or j(=-192) are less than 0
lis_matrix.c(685) : lis_matrix_set_value : error ILL_ARG :i(=12) or j(=-191) are less than 0
lis_matrix.c(685) : lis_matrix_set_value : error ILL_ARG :i(=13) or j(=-190) are less than 0
lis_matrix.c(685) : lis_matrix_set_value : error ILL_ARG :i(=14) or j(=-189) are less than 0
lis_matrix.c(685) : lis_matrix_set_value : error ILL_ARG :i(=15) or j(=-188) are less than 0
lis_matrix.c(685) : lis_matrix_set_value : error ILL_ARG :i(=16) or j(=-187) are less than 0
lis_matrix.c(685) : lis_matrix_set_value : error ILL_ARG :i(=17) or j(=-186) are less than 0
lis_matrix.c(685) : lis_matrix_set_value : error ILL_ARG :i(=18) or j(=-185) are less than 0
lis_matrix.c(685) : lis_matrix_set_value : error ILL_ARG :i(=19) or j(=-184) are less than 0
lis_matrix.c(685) : lis_matrix_set_value : error ILL_ARG :i(=20) or j(=-183) are less than 0
lis_matrix.c(685) : lis_matrix_set_value : error ILL_ARG :i(=21) or j(=-182) are less than 0
lis_matrix.c(685) : lis_matrix_set_value : error ILL_ARG :i(=22) or j(=-181) are less than 0
lis_matrix.c(685) : lis_matrix_set_value : error ILL_ARG :i(=23) or j(=-180) are less than 0
lis_matrix.c(685) : lis_matrix_set_value : error ILL_ARG :i(=24) or j(=-179) are less than 0
lis_matrix.c(685) : lis_matrix_set_value : error ILL_ARG :i(=25) or j(=-178) are less than 0
lis_matrix.c(685) : lis_matrix_set_value : error ILL_ARG :i(=26) or j(=-177) are less than 0
lis_matrix.c(685) : lis_matrix_set_value : error ILL_ARG :i(=27) or j(=-176) are less than 0
lis_matrix.c(685) : lis_matrix_set_value : error ILL_ARG :i(=28) or j(=-175) are less than 0
lis_matrix.c(695) : lis_matrix_set_value : error ILL_ARG :i(=19285) or j(=19488) are larger than global n=(19488)
lis_matrix.c(695) : lis_matrix_set_value : error ILL_ARG :i(=19286) or j(=19489) are larger than global n=(19488)
lis_matrix.c(695) : lis_matrix_set_value : error ILL_ARG :i(=19287) or j(=19490) are larger than global n=(19488)
lis_matrix.c(695) : lis_matrix_set_value : error ILL_ARG :i(=19288) or j(=19491) are larger than global n=(19488)
lis_matrix.c(695) : lis_matrix_set_value : error ILL_ARG :i(=19289) or j(=19492) are larger than global n=(19488)
lis_matrix.c(695) : lis_matrix_set_value : error ILL_ARG :i(=19290) or j(=19493) are larger than global n=(19488)
lis_matrix.c(695) : lis_matrix_set_value : error ILL_ARG :i(=19291) or j(=19494) are larger than global n=(19488)
lis_matrix.c(695) : lis_matrix_set_value : error ILL_ARG :i(=19292) or j(=19495) are larger than global n=(19488)
lis_matrix.c(695) : lis_matrix_set_value : error ILL_ARG :i(=19293) or j(=19496) are larger than global n=(19488)
lis_matrix.c(695) : lis_matrix_set_value : error ILL_ARG :i(=19294) or j(=19497) are larger than global n=(19488)
lis_matrix.c(695) : lis_matrix_set_value : error ILL_ARG :i(=19295) or j(=19498) are larger than global n=(19488)
lis_matrix.c(695) : lis_matrix_set_value : error ILL_ARG :i(=19296) or j(=19499) are larger than global n=(19488)
lis_matrix.c(695) : lis_matrix_set_value : error ILL_ARG :i(=19297) or j(=19500) are larger than global n=(19488)
lis_matrix.c(695) : lis_matrix_set_value : error ILL_ARG :i(=19298) or j(=19501) are larger than global n=(19488)
lis_matrix.c(695) : lis_matrix_set_value : error ILL_ARG :i(=19299) or j(=19502) are larger than global n=(19488)
lis_matrix.c(695) : lis_matrix_set_value : error ILL_ARG :i(=19300) or j(=19503) are larger than global n=(19488)
lis_matrix.c(695) : lis_matrix_set_value : error ILL_ARG :i(=19301) or j(=19504) are larger than global n=(19488)
lis_matrix.c(695) : lis_matrix_set_value : error ILL_ARG :i(=19302) or j(=19505) are larger than global n=(19488)
lis_matrix.c(695) : lis_matrix_set_value : error ILL_ARG :i(=19303) or j(=19506) are larger than global n=(19488)
lis_matrix.c(695) : lis_matrix_set_value : error ILL_ARG :i(=19304) or j(=19507) are larger than global n=(19488)
lis_matrix.c(695) : lis_matrix_set_value : error ILL_ARG :i(=19305) or j(=19508) are larger than global n=(19488)
lis_matrix.c(695) : lis_matrix_set_value : error ILL_ARG :i(=19306) or j(=19509) are larger than global n=(19488)
lis_matrix.c(695) : lis_matrix_set_value : error ILL_ARG :i(=19307) or j(=19510) are larger than global n=(19488)
lis_matrix.c(695) : lis_matrix_set_value : error ILL_ARG :i(=19308) or j(=19511) are larger than global n=(19488)
lis_matrix.c(695) : lis_matrix_set_value : error ILL_ARG :i(=19309) or j(=19512) are larger than global n=(19488)
lis_matrix.c(695) : lis_matrix_set_value : error ILL_ARG :i(=19310) or j(=19513) are larger than global n=(19488)
lis_matrix.c(695) : lis_matrix_set_value : error ILL_ARG :i(=19311) or j(=19514) are larger than global n=(19488)
lis_matrix.c(695) : lis_matrix_set_value : error ILL_ARG :i(=19312) or j(=19515) are larger than global n=(19488)
lis_matrix.c(695) : lis_matrix_set_value : error ILL_ARG :i(=19313) or j(=19516) are larger than global n=(19488)
Warning: Solution did not converge after 100001 iterations.
  The final residual was: -nan
  Solver status: 4
  2098-Nov-05 23:00:00
lis_matrix.c(685) : lis_matrix_set_value : error ILL_ARG :i(=0) or j(=-1) are less than 0
lis_matrix.c(685) : lis_matrix_set_value : error ILL_ARG :i(=0) or j(=-203) are less than 0
lis_matrix.c(685) : lis_matrix_set_value : error ILL_ARG :i(=1) or j(=-202) are less than 0
lis_matrix.c(685) : lis_matrix_set_value : error ILL_ARG :i(=2) or j(=-201) are less than 0
lis_matrix.c(685) : lis_matrix_set_value : error ILL_ARG :i(=3) or j(=-200) are less than 0
lis_matrix.c(685) : lis_matrix_set_value : error ILL_ARG :i(=4) or j(=-199) are less than 0
lis_matrix.c(685) : lis_matrix_set_value : error ILL_ARG :i(=5) or j(=-198) are less than 0
lis_matrix.c(685) : lis_matrix_set_value : error ILL_ARG :i(=6) or j(=-197) are less than 0
lis_matrix.c(685) : lis_matrix_set_value : error ILL_ARG :i(=7) or j(=-196) are less than 0
lis_matrix.c(685) : lis_matrix_set_value : error ILL_ARG :i(=8) or j(=-195) are less than 0
lis_matrix.c(685) : lis_matrix_set_value : error ILL_ARG :i(=9) or j(=-194) are less than 0
lis_matrix.c(685) : lis_matrix_set_value : error ILL_ARG :i(=10) or j(=-193) are less than 0
lis_matrix.c(685) : lis_matrix_set_value : error ILL_ARG :i(=11) or j(=-192) are less than 0
lis_matrix.c(685) : lis_matrix_set_value : error ILL_ARG :i(=12) or j(=-191) are less than 0
lis_matrix.c(685) : lis_matrix_set_value : error ILL_ARG :i(=13) or j(=-190) are less than 0
lis_matrix.c(685) : lis_matrix_set_value : error ILL_ARG :i(=14) or j(=-189) are less than 0
lis_matrix.c(685) : lis_matrix_set_value : error ILL_ARG :i(=15) or j(=-188) are less than 0
lis_matrix.c(685) : lis_matrix_set_value : error ILL_ARG :i(=16) or j(=-187) are less than 0
lis_matrix.c(685) : lis_matrix_set_value : error ILL_ARG :i(=17) or j(=-186) are less than 0
lis_matrix.c(685) : lis_matrix_set_value : error ILL_ARG :i(=18) or j(=-185) are less than 0
lis_matrix.c(685) : lis_matrix_set_value : error ILL_ARG :i(=19) or j(=-184) are less than 0
lis_matrix.c(685) : lis_matrix_set_value : error ILL_ARG :i(=20) or j(=-183) are less than 0
lis_matrix.c(685) : lis_matrix_set_value : error ILL_ARG :i(=21) or j(=-182) are less than 0
lis_matrix.c(685) : lis_matrix_set_value : error ILL_ARG :i(=22) or j(=-181) are less than 0
lis_matrix.c(685) : lis_matrix_set_value : error ILL_ARG :i(=23) or j(=-180) are less than 0
lis_matrix.c(685) : lis_matrix_set_value : error ILL_ARG :i(=24) or j(=-179) are less than 0
lis_matrix.c(685) : lis_matrix_set_value : error ILL_ARG :i(=25) or j(=-178) are less than 0
lis_matrix.c(685) : lis_matrix_set_value : error ILL_ARG :i(=26) or j(=-177) are less than 0
lis_matrix.c(685) : lis_matrix_set_value : error ILL_ARG :i(=27) or j(=-176) are less than 0
lis_matrix.c(685) : lis_matrix_set_value : error ILL_ARG :i(=28) or j(=-175) are less than 0
lis_matrix.c(695) : lis_matrix_set_value : error ILL_ARG :i(=19285) or j(=19488) are larger than global n=(19488)
lis_matrix.c(695) : lis_matrix_set_value : error ILL_ARG :i(=19286) or j(=19489) are larger than global n=(19488)
lis_matrix.c(695) : lis_matrix_set_value : error ILL_ARG :i(=19287) or j(=19490) are larger than global n=(19488)
lis_matrix.c(695) : lis_matrix_set_value : error ILL_ARG :i(=19288) or j(=19491) are larger than global n=(19488)
lis_matrix.c(695) : lis_matrix_set_value : error ILL_ARG :i(=19289) or j(=19492) are larger than global n=(19488)
lis_matrix.c(695) : lis_matrix_set_value : error ILL_ARG :i(=19290) or j(=19493) are larger than global n=(19488)
lis_matrix.c(695) : lis_matrix_set_value : error ILL_ARG :i(=19291) or j(=19494) are larger than global n=(19488)
lis_matrix.c(695) : lis_matrix_set_value : error ILL_ARG :i(=19292) or j(=19495) are larger than global n=(19488)
lis_matrix.c(695) : lis_matrix_set_value : error ILL_ARG :i(=19293) or j(=19496) are larger than global n=(19488)
lis_matrix.c(695) : lis_matrix_set_value : error ILL_ARG :i(=19294) or j(=19497) are larger than global n=(19488)
lis_matrix.c(695) : lis_matrix_set_value : error ILL_ARG :i(=19295) or j(=19498) are larger than global n=(19488)
lis_matrix.c(695) : lis_matrix_set_value : error ILL_ARG :i(=19296) or j(=19499) are larger than global n=(19488)
lis_matrix.c(695) : lis_matrix_set_value : error ILL_ARG :i(=19297) or j(=19500) are larger than global n=(19488)
lis_matrix.c(695) : lis_matrix_set_value : error ILL_ARG :i(=19298) or j(=19501) are larger than global n=(19488)
lis_matrix.c(695) : lis_matrix_set_value : error ILL_ARG :i(=19299) or j(=19502) are larger than global n=(19488)
lis_matrix.c(695) : lis_matrix_set_value : error ILL_ARG :i(=19300) or j(=19503) are larger than global n=(19488)
lis_matrix.c(695) : lis_matrix_set_value : error ILL_ARG :i(=19301) or j(=19504) are larger than global n=(19488)
lis_matrix.c(695) : lis_matrix_set_value : error ILL_ARG :i(=19302) or j(=19505) are larger than global n=(19488)
lis_matrix.c(695) : lis_matrix_set_value : error ILL_ARG :i(=19303) or j(=19506) are larger than global n=(19488)
lis_matrix.c(695) : lis_matrix_set_value : error ILL_ARG :i(=19304) or j(=19507) are larger than global n=(19488)
lis_matrix.c(695) : lis_matrix_set_value : error ILL_ARG :i(=19305) or j(=19508) are larger than global n=(19488)
lis_matrix.c(695) : lis_matrix_set_value : error ILL_ARG :i(=19306) or j(=19509) are larger than global n=(19488)
lis_matrix.c(695) : lis_matrix_set_value : error ILL_ARG :i(=19307) or j(=19510) are larger than global n=(19488)
lis_matrix.c(695) : lis_matrix_set_value : error ILL_ARG :i(=19308) or j(=19511) are larger than global n=(19488)
lis_matrix.c(695) : lis_matrix_set_value : error ILL_ARG :i(=19309) or j(=19512) are larger than global n=(19488)
lis_matrix.c(695) : lis_matrix_set_value : error ILL_ARG :i(=19310) or j(=19513) are larger than global n=(19488)
lis_matrix.c(695) : lis_matrix_set_value : error ILL_ARG :i(=19311) or j(=19514) are larger than global n=(19488)
lis_matrix.c(695) : lis_matrix_set_value : error ILL_ARG :i(=19312) or j(=19515) are larger than global n=(19488)
lis_matrix.c(695) : lis_matrix_set_value : error ILL_ARG :i(=19313) or j(=19516) are larger than global n=(19488)
Warning: Solution did not converge after 100001 iterations.
  The final residual was: -nan
  Solver status: 4
  2098-Nov-12 23:00:00
lis_matrix.c(685) : lis_matrix_set_value : error ILL_ARG :i(=0) or j(=-1) are less than 0
lis_matrix.c(685) : lis_matrix_set_value : error ILL_ARG :i(=0) or j(=-203) are less than 0
lis_matrix.c(685) : lis_matrix_set_value : error ILL_ARG :i(=1) or j(=-202) are less than 0
lis_matrix.c(685) : lis_matrix_set_value : error ILL_ARG :i(=2) or j(=-201) are less than 0
lis_matrix.c(685) : lis_matrix_set_value : error ILL_ARG :i(=3) or j(=-200) are less than 0
lis_matrix.c(685) : lis_matrix_set_value : error ILL_ARG :i(=4) or j(=-199) are less than 0
lis_matrix.c(685) : lis_matrix_set_value : error ILL_ARG :i(=5) or j(=-198) are less than 0
lis_matrix.c(685) : lis_matrix_set_value : error ILL_ARG :i(=6) or j(=-197) are less than 0
lis_matrix.c(685) : lis_matrix_set_value : error ILL_ARG :i(=7) or j(=-196) are less than 0
lis_matrix.c(685) : lis_matrix_set_value : error ILL_ARG :i(=8) or j(=-195) are less than 0
lis_matrix.c(685) : lis_matrix_set_value : error ILL_ARG :i(=9) or j(=-194) are less than 0
lis_matrix.c(685) : lis_matrix_set_value : error ILL_ARG :i(=10) or j(=-193) are less than 0
lis_matrix.c(685) : lis_matrix_set_value : error ILL_ARG :i(=11) or j(=-192) are less than 0
lis_matrix.c(685) : lis_matrix_set_value : error ILL_ARG :i(=12) or j(=-191) are less than 0
lis_matrix.c(685) : lis_matrix_set_value : error ILL_ARG :i(=13) or j(=-190) are less than 0
lis_matrix.c(685) : lis_matrix_set_value : error ILL_ARG :i(=14) or j(=-189) are less than 0
lis_matrix.c(685) : lis_matrix_set_value : error ILL_ARG :i(=15) or j(=-188) are less than 0
lis_matrix.c(685) : lis_matrix_set_value : error ILL_ARG :i(=16) or j(=-187) are less than 0
lis_matrix.c(685) : lis_matrix_set_value : error ILL_ARG :i(=17) or j(=-186) are less than 0
lis_matrix.c(685) : lis_matrix_set_value : error ILL_ARG :i(=18) or j(=-185) are less than 0
lis_matrix.c(685) : lis_matrix_set_value : error ILL_ARG :i(=19) or j(=-184) are less than 0
lis_matrix.c(685) : lis_matrix_set_value : error ILL_ARG :i(=20) or j(=-183) are less than 0
lis_matrix.c(685) : lis_matrix_set_value : error ILL_ARG :i(=21) or j(=-182) are less than 0
lis_matrix.c(685) : lis_matrix_set_value : error ILL_ARG :i(=22) or j(=-181) are less than 0
lis_matrix.c(685) : lis_matrix_set_value : error ILL_ARG :i(=23) or j(=-180) are less than 0
lis_matrix.c(685) : lis_matrix_set_value : error ILL_ARG :i(=24) or j(=-179) are less than 0
lis_matrix.c(685) : lis_matrix_set_value : error ILL_ARG :i(=25) or j(=-178) are less than 0
lis_matrix.c(685) : lis_matrix_set_value : error ILL_ARG :i(=26) or j(=-177) are less than 0
lis_matrix.c(685) : lis_matrix_set_value : error ILL_ARG :i(=27) or j(=-176) are less than 0
lis_matrix.c(685) : lis_matrix_set_value : error ILL_ARG :i(=28) or j(=-175) are less than 0
lis_matrix.c(695) : lis_matrix_set_value : error ILL_ARG :i(=19285) or j(=19488) are larger than global n=(19488)
lis_matrix.c(695) : lis_matrix_set_value : error ILL_ARG :i(=19286) or j(=19489) are larger than global n=(19488)
lis_matrix.c(695) : lis_matrix_set_value : error ILL_ARG :i(=19287) or j(=19490) are larger than global n=(19488)
lis_matrix.c(695) : lis_matrix_set_value : error ILL_ARG :i(=19288) or j(=19491) are larger than global n=(19488)
lis_matrix.c(695) : lis_matrix_set_value : error ILL_ARG :i(=19289) or j(=19492) are larger than global n=(19488)
lis_matrix.c(695) : lis_matrix_set_value : error ILL_ARG :i(=19290) or j(=19493) are larger than global n=(19488)
lis_matrix.c(695) : lis_matrix_set_value : error ILL_ARG :i(=19291) or j(=19494) are larger than global n=(19488)
lis_matrix.c(695) : lis_matrix_set_value : error ILL_ARG :i(=19292) or j(=19495) are larger than global n=(19488)
lis_matrix.c(695) : lis_matrix_set_value : error ILL_ARG :i(=19293) or j(=19496) are larger than global n=(19488)
lis_matrix.c(695) : lis_matrix_set_value : error ILL_ARG :i(=19294) or j(=19497) are larger than global n=(19488)
lis_matrix.c(695) : lis_matrix_set_value : error ILL_ARG :i(=19295) or j(=19498) are larger than global n=(19488)
lis_matrix.c(695) : lis_matrix_set_value : error ILL_ARG :i(=19296) or j(=19499) are larger than global n=(19488)
lis_matrix.c(695) : lis_matrix_set_value : error ILL_ARG :i(=19297) or j(=19500) are larger than global n=(19488)
lis_matrix.c(695) : lis_matrix_set_value : error ILL_ARG :i(=19298) or j(=19501) are larger than global n=(19488)
lis_matrix.c(695) : lis_matrix_set_value : error ILL_ARG :i(=19299) or j(=19502) are larger than global n=(19488)
lis_matrix.c(695) : lis_matrix_set_value : error ILL_ARG :i(=19300) or j(=19503) are larger than global n=(19488)
lis_matrix.c(695) : lis_matrix_set_value : error ILL_ARG :i(=19301) or j(=19504) are larger than global n=(19488)
lis_matrix.c(695) : lis_matrix_set_value : error ILL_ARG :i(=19302) or j(=19505) are larger than global n=(19488)
lis_matrix.c(695) : lis_matrix_set_value : error ILL_ARG :i(=19303) or j(=19506) are larger than global n=(19488)
lis_matrix.c(695) : lis_matrix_set_value : error ILL_ARG :i(=19304) or j(=19507) are larger than global n=(19488)
lis_matrix.c(695) : lis_matrix_set_value : error ILL_ARG :i(=19305) or j(=19508) are larger than global n=(19488)
lis_matrix.c(695) : lis_matrix_set_value : error ILL_ARG :i(=19306) or j(=19509) are larger than global n=(19488)
lis_matrix.c(695) : lis_matrix_set_value : error ILL_ARG :i(=19307) or j(=19510) are larger than global n=(19488)
lis_matrix.c(695) : lis_matrix_set_value : error ILL_ARG :i(=19308) or j(=19511) are larger than global n=(19488)
lis_matrix.c(695) : lis_matrix_set_value : error ILL_ARG :i(=19309) or j(=19512) are larger than global n=(19488)
lis_matrix.c(695) : lis_matrix_set_value : error ILL_ARG :i(=19310) or j(=19513) are larger than global n=(19488)
lis_matrix.c(695) : lis_matrix_set_value : error ILL_ARG :i(=19311) or j(=19514) are larger than global n=(19488)
lis_matrix.c(695) : lis_matrix_set_value : error ILL_ARG :i(=19312) or j(=19515) are larger than global n=(19488)
lis_matrix.c(695) : lis_matrix_set_value : error ILL_ARG :i(=19313) or j(=19516) are larger than global n=(19488)
Warning: Solution did not converge after 100001 iterations.
  The final residual was: -nan
  Solver status: 4
  2098-Nov-19 23:00:00
lis_matrix.c(685) : lis_matrix_set_value : error ILL_ARG :i(=0) or j(=-1) are less than 0
lis_matrix.c(685) : lis_matrix_set_value : error ILL_ARG :i(=0) or j(=-203) are less than 0
lis_matrix.c(685) : lis_matrix_set_value : error ILL_ARG :i(=1) or j(=-202) are less than 0
lis_matrix.c(685) : lis_matrix_set_value : error ILL_ARG :i(=2) or j(=-201) are less than 0
lis_matrix.c(685) : lis_matrix_set_value : error ILL_ARG :i(=3) or j(=-200) are less than 0
lis_matrix.c(685) : lis_matrix_set_value : error ILL_ARG :i(=4) or j(=-199) are less than 0
lis_matrix.c(685) : lis_matrix_set_value : error ILL_ARG :i(=5) or j(=-198) are less than 0
lis_matrix.c(685) : lis_matrix_set_value : error ILL_ARG :i(=6) or j(=-197) are less than 0
lis_matrix.c(685) : lis_matrix_set_value : error ILL_ARG :i(=7) or j(=-196) are less than 0
lis_matrix.c(685) : lis_matrix_set_value : error ILL_ARG :i(=8) or j(=-195) are less than 0
lis_matrix.c(685) : lis_matrix_set_value : error ILL_ARG :i(=9) or j(=-194) are less than 0
lis_matrix.c(685) : lis_matrix_set_value : error ILL_ARG :i(=10) or j(=-193) are less than 0
lis_matrix.c(685) : lis_matrix_set_value : error ILL_ARG :i(=11) or j(=-192) are less than 0
lis_matrix.c(685) : lis_matrix_set_value : error ILL_ARG :i(=12) or j(=-191) are less than 0
lis_matrix.c(685) : lis_matrix_set_value : error ILL_ARG :i(=13) or j(=-190) are less than 0
lis_matrix.c(685) : lis_matrix_set_value : error ILL_ARG :i(=14) or j(=-189) are less than 0
lis_matrix.c(685) : lis_matrix_set_value : error ILL_ARG :i(=15) or j(=-188) are less than 0
lis_matrix.c(685) : lis_matrix_set_value : error ILL_ARG :i(=16) or j(=-187) are less than 0
lis_matrix.c(685) : lis_matrix_set_value : error ILL_ARG :i(=17) or j(=-186) are less than 0
lis_matrix.c(685) : lis_matrix_set_value : error ILL_ARG :i(=18) or j(=-185) are less than 0
lis_matrix.c(685) : lis_matrix_set_value : error ILL_ARG :i(=19) or j(=-184) are less than 0
lis_matrix.c(685) : lis_matrix_set_value : error ILL_ARG :i(=20) or j(=-183) are less than 0
lis_matrix.c(685) : lis_matrix_set_value : error ILL_ARG :i(=21) or j(=-182) are less than 0
lis_matrix.c(685) : lis_matrix_set_value : error ILL_ARG :i(=22) or j(=-181) are less than 0
lis_matrix.c(685) : lis_matrix_set_value : error ILL_ARG :i(=23) or j(=-180) are less than 0
lis_matrix.c(685) : lis_matrix_set_value : error ILL_ARG :i(=24) or j(=-179) are less than 0
lis_matrix.c(685) : lis_matrix_set_value : error ILL_ARG :i(=25) or j(=-178) are less than 0
lis_matrix.c(685) : lis_matrix_set_value : error ILL_ARG :i(=26) or j(=-177) are less than 0
lis_matrix.c(685) : lis_matrix_set_value : error ILL_ARG :i(=27) or j(=-176) are less than 0
lis_matrix.c(685) : lis_matrix_set_value : error ILL_ARG :i(=28) or j(=-175) are less than 0
lis_matrix.c(695) : lis_matrix_set_value : error ILL_ARG :i(=19285) or j(=19488) are larger than global n=(19488)
lis_matrix.c(695) : lis_matrix_set_value : error ILL_ARG :i(=19286) or j(=19489) are larger than global n=(19488)
lis_matrix.c(695) : lis_matrix_set_value : error ILL_ARG :i(=19287) or j(=19490) are larger than global n=(19488)
lis_matrix.c(695) : lis_matrix_set_value : error ILL_ARG :i(=19288) or j(=19491) are larger than global n=(19488)
lis_matrix.c(695) : lis_matrix_set_value : error ILL_ARG :i(=19289) or j(=19492) are larger than global n=(19488)
lis_matrix.c(695) : lis_matrix_set_value : error ILL_ARG :i(=19290) or j(=19493) are larger than global n=(19488)
lis_matrix.c(695) : lis_matrix_set_value : error ILL_ARG :i(=19291) or j(=19494) are larger than global n=(19488)
lis_matrix.c(695) : lis_matrix_set_value : error ILL_ARG :i(=19292) or j(=19495) are larger than global n=(19488)
lis_matrix.c(695) : lis_matrix_set_value : error ILL_ARG :i(=19293) or j(=19496) are larger than global n=(19488)
lis_matrix.c(695) : lis_matrix_set_value : error ILL_ARG :i(=19294) or j(=19497) are larger than global n=(19488)
lis_matrix.c(695) : lis_matrix_set_value : error ILL_ARG :i(=19295) or j(=19498) are larger than global n=(19488)
lis_matrix.c(695) : lis_matrix_set_value : error ILL_ARG :i(=19296) or j(=19499) are larger than global n=(19488)
lis_matrix.c(695) : lis_matrix_set_value : error ILL_ARG :i(=19297) or j(=19500) are larger than global n=(19488)
lis_matrix.c(695) : lis_matrix_set_value : error ILL_ARG :i(=19298) or j(=19501) are larger than global n=(19488)
lis_matrix.c(695) : lis_matrix_set_value : error ILL_ARG :i(=19299) or j(=19502) are larger than global n=(19488)
lis_matrix.c(695) : lis_matrix_set_value : error ILL_ARG :i(=19300) or j(=19503) are larger than global n=(19488)
lis_matrix.c(695) : lis_matrix_set_value : error ILL_ARG :i(=19301) or j(=19504) are larger than global n=(19488)
lis_matrix.c(695) : lis_matrix_set_value : error ILL_ARG :i(=19302) or j(=19505) are larger than global n=(19488)
lis_matrix.c(695) : lis_matrix_set_value : error ILL_ARG :i(=19303) or j(=19506) are larger than global n=(19488)
lis_matrix.c(695) : lis_matrix_set_value : error ILL_ARG :i(=19304) or j(=19507) are larger than global n=(19488)
lis_matrix.c(695) : lis_matrix_set_value : error ILL_ARG :i(=19305) or j(=19508) are larger than global n=(19488)
lis_matrix.c(695) : lis_matrix_set_value : error ILL_ARG :i(=19306) or j(=19509) are larger than global n=(19488)
lis_matrix.c(695) : lis_matrix_set_value : error ILL_ARG :i(=19307) or j(=19510) are larger than global n=(19488)
lis_matrix.c(695) : lis_matrix_set_value : error ILL_ARG :i(=19308) or j(=19511) are larger than global n=(19488)
lis_matrix.c(695) : lis_matrix_set_value : error ILL_ARG :i(=19309) or j(=19512) are larger than global n=(19488)
lis_matrix.c(695) : lis_matrix_set_value : error ILL_ARG :i(=19310) or j(=19513) are larger than global n=(19488)
lis_matrix.c(695) : lis_matrix_set_value : error ILL_ARG :i(=19311) or j(=19514) are larger than global n=(19488)
lis_matrix.c(695) : lis_matrix_set_value : error ILL_ARG :i(=19312) or j(=19515) are larger than global n=(19488)
lis_matrix.c(695) : lis_matrix_set_value : error ILL_ARG :i(=19313) or j(=19516) are larger than global n=(19488)
Warning: Solution did not converge after 100001 iterations.
  The final residual was: -nan
  Solver status: 4
  2098-Nov-26 23:00:00
lis_matrix.c(685) : lis_matrix_set_value : error ILL_ARG :i(=0) or j(=-1) are less than 0
lis_matrix.c(685) : lis_matrix_set_value : error ILL_ARG :i(=0) or j(=-203) are less than 0
lis_matrix.c(685) : lis_matrix_set_value : error ILL_ARG :i(=1) or j(=-202) are less than 0
lis_matrix.c(685) : lis_matrix_set_value : error ILL_ARG :i(=2) or j(=-201) are less than 0
lis_matrix.c(685) : lis_matrix_set_value : error ILL_ARG :i(=3) or j(=-200) are less than 0
lis_matrix.c(685) : lis_matrix_set_value : error ILL_ARG :i(=4) or j(=-199) are less than 0
lis_matrix.c(685) : lis_matrix_set_value : error ILL_ARG :i(=5) or j(=-198) are less than 0
lis_matrix.c(685) : lis_matrix_set_value : error ILL_ARG :i(=6) or j(=-197) are less than 0
lis_matrix.c(685) : lis_matrix_set_value : error ILL_ARG :i(=7) or j(=-196) are less than 0
lis_matrix.c(685) : lis_matrix_set_value : error ILL_ARG :i(=8) or j(=-195) are less than 0
lis_matrix.c(685) : lis_matrix_set_value : error ILL_ARG :i(=9) or j(=-194) are less than 0
lis_matrix.c(685) : lis_matrix_set_value : error ILL_ARG :i(=10) or j(=-193) are less than 0
lis_matrix.c(685) : lis_matrix_set_value : error ILL_ARG :i(=11) or j(=-192) are less than 0
lis_matrix.c(685) : lis_matrix_set_value : error ILL_ARG :i(=12) or j(=-191) are less than 0
lis_matrix.c(685) : lis_matrix_set_value : error ILL_ARG :i(=13) or j(=-190) are less than 0
lis_matrix.c(685) : lis_matrix_set_value : error ILL_ARG :i(=14) or j(=-189) are less than 0
lis_matrix.c(685) : lis_matrix_set_value : error ILL_ARG :i(=15) or j(=-188) are less than 0
lis_matrix.c(685) : lis_matrix_set_value : error ILL_ARG :i(=16) or j(=-187) are less than 0
lis_matrix.c(685) : lis_matrix_set_value : error ILL_ARG :i(=17) or j(=-186) are less than 0
lis_matrix.c(685) : lis_matrix_set_value : error ILL_ARG :i(=18) or j(=-185) are less than 0
lis_matrix.c(685) : lis_matrix_set_value : error ILL_ARG :i(=19) or j(=-184) are less than 0
lis_matrix.c(685) : lis_matrix_set_value : error ILL_ARG :i(=20) or j(=-183) are less than 0
lis_matrix.c(685) : lis_matrix_set_value : error ILL_ARG :i(=21) or j(=-182) are less than 0
lis_matrix.c(685) : lis_matrix_set_value : error ILL_ARG :i(=22) or j(=-181) are less than 0
lis_matrix.c(685) : lis_matrix_set_value : error ILL_ARG :i(=23) or j(=-180) are less than 0
lis_matrix.c(685) : lis_matrix_set_value : error ILL_ARG :i(=24) or j(=-179) are less than 0
lis_matrix.c(685) : lis_matrix_set_value : error ILL_ARG :i(=25) or j(=-178) are less than 0
lis_matrix.c(685) : lis_matrix_set_value : error ILL_ARG :i(=26) or j(=-177) are less than 0
lis_matrix.c(685) : lis_matrix_set_value : error ILL_ARG :i(=27) or j(=-176) are less than 0
lis_matrix.c(685) : lis_matrix_set_value : error ILL_ARG :i(=28) or j(=-175) are less than 0
lis_matrix.c(695) : lis_matrix_set_value : error ILL_ARG :i(=19285) or j(=19488) are larger than global n=(19488)
lis_matrix.c(695) : lis_matrix_set_value : error ILL_ARG :i(=19286) or j(=19489) are larger than global n=(19488)
lis_matrix.c(695) : lis_matrix_set_value : error ILL_ARG :i(=19287) or j(=19490) are larger than global n=(19488)
lis_matrix.c(695) : lis_matrix_set_value : error ILL_ARG :i(=19288) or j(=19491) are larger than global n=(19488)
lis_matrix.c(695) : lis_matrix_set_value : error ILL_ARG :i(=19289) or j(=19492) are larger than global n=(19488)
lis_matrix.c(695) : lis_matrix_set_value : error ILL_ARG :i(=19290) or j(=19493) are larger than global n=(19488)
lis_matrix.c(695) : lis_matrix_set_value : error ILL_ARG :i(=19291) or j(=19494) are larger than global n=(19488)
lis_matrix.c(695) : lis_matrix_set_value : error ILL_ARG :i(=19292) or j(=19495) are larger than global n=(19488)
lis_matrix.c(695) : lis_matrix_set_value : error ILL_ARG :i(=19293) or j(=19496) are larger than global n=(19488)
lis_matrix.c(695) : lis_matrix_set_value : error ILL_ARG :i(=19294) or j(=19497) are larger than global n=(19488)
lis_matrix.c(695) : lis_matrix_set_value : error ILL_ARG :i(=19295) or j(=19498) are larger than global n=(19488)
lis_matrix.c(695) : lis_matrix_set_value : error ILL_ARG :i(=19296) or j(=19499) are larger than global n=(19488)
lis_matrix.c(695) : lis_matrix_set_value : error ILL_ARG :i(=19297) or j(=19500) are larger than global n=(19488)
lis_matrix.c(695) : lis_matrix_set_value : error ILL_ARG :i(=19298) or j(=19501) are larger than global n=(19488)
lis_matrix.c(695) : lis_matrix_set_value : error ILL_ARG :i(=19299) or j(=19502) are larger than global n=(19488)
lis_matrix.c(695) : lis_matrix_set_value : error ILL_ARG :i(=19300) or j(=19503) are larger than global n=(19488)
lis_matrix.c(695) : lis_matrix_set_value : error ILL_ARG :i(=19301) or j(=19504) are larger than global n=(19488)
lis_matrix.c(695) : lis_matrix_set_value : error ILL_ARG :i(=19302) or j(=19505) are larger than global n=(19488)
lis_matrix.c(695) : lis_matrix_set_value : error ILL_ARG :i(=19303) or j(=19506) are larger than global n=(19488)
lis_matrix.c(695) : lis_matrix_set_value : error ILL_ARG :i(=19304) or j(=19507) are larger than global n=(19488)
lis_matrix.c(695) : lis_matrix_set_value : error ILL_ARG :i(=19305) or j(=19508) are larger than global n=(19488)
lis_matrix.c(695) : lis_matrix_set_value : error ILL_ARG :i(=19306) or j(=19509) are larger than global n=(19488)
lis_matrix.c(695) : lis_matrix_set_value : error ILL_ARG :i(=19307) or j(=19510) are larger than global n=(19488)
lis_matrix.c(695) : lis_matrix_set_value : error ILL_ARG :i(=19308) or j(=19511) are larger than global n=(19488)
lis_matrix.c(695) : lis_matrix_set_value : error ILL_ARG :i(=19309) or j(=19512) are larger than global n=(19488)
lis_matrix.c(695) : lis_matrix_set_value : error ILL_ARG :i(=19310) or j(=19513) are larger than global n=(19488)
lis_matrix.c(695) : lis_matrix_set_value : error ILL_ARG :i(=19311) or j(=19514) are larger than global n=(19488)
lis_matrix.c(695) : lis_matrix_set_value : error ILL_ARG :i(=19312) or j(=19515) are larger than global n=(19488)
lis_matrix.c(695) : lis_matrix_set_value : error ILL_ARG :i(=19313) or j(=19516) are larger than global n=(19488)
Warning: Solution did not converge after 100001 iterations.
  The final residual was: -nan
  Solver status: 4
  2098-Dec-03 23:00:00
lis_matrix.c(685) : lis_matrix_set_value : error ILL_ARG :i(=0) or j(=-1) are less than 0
lis_matrix.c(685) : lis_matrix_set_value : error ILL_ARG :i(=0) or j(=-203) are less than 0
lis_matrix.c(685) : lis_matrix_set_value : error ILL_ARG :i(=1) or j(=-202) are less than 0
lis_matrix.c(685) : lis_matrix_set_value : error ILL_ARG :i(=2) or j(=-201) are less than 0
lis_matrix.c(685) : lis_matrix_set_value : error ILL_ARG :i(=3) or j(=-200) are less than 0
lis_matrix.c(685) : lis_matrix_set_value : error ILL_ARG :i(=4) or j(=-199) are less than 0
lis_matrix.c(685) : lis_matrix_set_value : error ILL_ARG :i(=5) or j(=-198) are less than 0
lis_matrix.c(685) : lis_matrix_set_value : error ILL_ARG :i(=6) or j(=-197) are less than 0
lis_matrix.c(685) : lis_matrix_set_value : error ILL_ARG :i(=7) or j(=-196) are less than 0
lis_matrix.c(685) : lis_matrix_set_value : error ILL_ARG :i(=8) or j(=-195) are less than 0
lis_matrix.c(685) : lis_matrix_set_value : error ILL_ARG :i(=9) or j(=-194) are less than 0
lis_matrix.c(685) : lis_matrix_set_value : error ILL_ARG :i(=10) or j(=-193) are less than 0
lis_matrix.c(685) : lis_matrix_set_value : error ILL_ARG :i(=11) or j(=-192) are less than 0
lis_matrix.c(685) : lis_matrix_set_value : error ILL_ARG :i(=12) or j(=-191) are less than 0
lis_matrix.c(685) : lis_matrix_set_value : error ILL_ARG :i(=13) or j(=-190) are less than 0
lis_matrix.c(685) : lis_matrix_set_value : error ILL_ARG :i(=14) or j(=-189) are less than 0
lis_matrix.c(685) : lis_matrix_set_value : error ILL_ARG :i(=15) or j(=-188) are less than 0
lis_matrix.c(685) : lis_matrix_set_value : error ILL_ARG :i(=16) or j(=-187) are less than 0
lis_matrix.c(685) : lis_matrix_set_value : error ILL_ARG :i(=17) or j(=-186) are less than 0
lis_matrix.c(685) : lis_matrix_set_value : error ILL_ARG :i(=18) or j(=-185) are less than 0
lis_matrix.c(685) : lis_matrix_set_value : error ILL_ARG :i(=19) or j(=-184) are less than 0
lis_matrix.c(685) : lis_matrix_set_value : error ILL_ARG :i(=20) or j(=-183) are less than 0
lis_matrix.c(685) : lis_matrix_set_value : error ILL_ARG :i(=21) or j(=-182) are less than 0
lis_matrix.c(685) : lis_matrix_set_value : error ILL_ARG :i(=22) or j(=-181) are less than 0
lis_matrix.c(685) : lis_matrix_set_value : error ILL_ARG :i(=23) or j(=-180) are less than 0
lis_matrix.c(685) : lis_matrix_set_value : error ILL_ARG :i(=24) or j(=-179) are less than 0
lis_matrix.c(685) : lis_matrix_set_value : error ILL_ARG :i(=25) or j(=-178) are less than 0
lis_matrix.c(685) : lis_matrix_set_value : error ILL_ARG :i(=26) or j(=-177) are less than 0
lis_matrix.c(685) : lis_matrix_set_value : error ILL_ARG :i(=27) or j(=-176) are less than 0
lis_matrix.c(685) : lis_matrix_set_value : error ILL_ARG :i(=28) or j(=-175) are less than 0
lis_matrix.c(695) : lis_matrix_set_value : error ILL_ARG :i(=19285) or j(=19488) are larger than global n=(19488)
lis_matrix.c(695) : lis_matrix_set_value : error ILL_ARG :i(=19286) or j(=19489) are larger than global n=(19488)
lis_matrix.c(695) : lis_matrix_set_value : error ILL_ARG :i(=19287) or j(=19490) are larger than global n=(19488)
lis_matrix.c(695) : lis_matrix_set_value : error ILL_ARG :i(=19288) or j(=19491) are larger than global n=(19488)
lis_matrix.c(695) : lis_matrix_set_value : error ILL_ARG :i(=19289) or j(=19492) are larger than global n=(19488)
lis_matrix.c(695) : lis_matrix_set_value : error ILL_ARG :i(=19290) or j(=19493) are larger than global n=(19488)
lis_matrix.c(695) : lis_matrix_set_value : error ILL_ARG :i(=19291) or j(=19494) are larger than global n=(19488)
lis_matrix.c(695) : lis_matrix_set_value : error ILL_ARG :i(=19292) or j(=19495) are larger than global n=(19488)
lis_matrix.c(695) : lis_matrix_set_value : error ILL_ARG :i(=19293) or j(=19496) are larger than global n=(19488)
lis_matrix.c(695) : lis_matrix_set_value : error ILL_ARG :i(=19294) or j(=19497) are larger than global n=(19488)
lis_matrix.c(695) : lis_matrix_set_value : error ILL_ARG :i(=19295) or j(=19498) are larger than global n=(19488)
lis_matrix.c(695) : lis_matrix_set_value : error ILL_ARG :i(=19296) or j(=19499) are larger than global n=(19488)
lis_matrix.c(695) : lis_matrix_set_value : error ILL_ARG :i(=19297) or j(=19500) are larger than global n=(19488)
lis_matrix.c(695) : lis_matrix_set_value : error ILL_ARG :i(=19298) or j(=19501) are larger than global n=(19488)
lis_matrix.c(695) : lis_matrix_set_value : error ILL_ARG :i(=19299) or j(=19502) are larger than global n=(19488)
lis_matrix.c(695) : lis_matrix_set_value : error ILL_ARG :i(=19300) or j(=19503) are larger than global n=(19488)
lis_matrix.c(695) : lis_matrix_set_value : error ILL_ARG :i(=19301) or j(=19504) are larger than global n=(19488)
lis_matrix.c(695) : lis_matrix_set_value : error ILL_ARG :i(=19302) or j(=19505) are larger than global n=(19488)
lis_matrix.c(695) : lis_matrix_set_value : error ILL_ARG :i(=19303) or j(=19506) are larger than global n=(19488)
lis_matrix.c(695) : lis_matrix_set_value : error ILL_ARG :i(=19304) or j(=19507) are larger than global n=(19488)
lis_matrix.c(695) : lis_matrix_set_value : error ILL_ARG :i(=19305) or j(=19508) are larger than global n=(19488)
lis_matrix.c(695) : lis_matrix_set_value : error ILL_ARG :i(=19306) or j(=19509) are larger than global n=(19488)
lis_matrix.c(695) : lis_matrix_set_value : error ILL_ARG :i(=19307) or j(=19510) are larger than global n=(19488)
lis_matrix.c(695) : lis_matrix_set_value : error ILL_ARG :i(=19308) or j(=19511) are larger than global n=(19488)
lis_matrix.c(695) : lis_matrix_set_value : error ILL_ARG :i(=19309) or j(=19512) are larger than global n=(19488)
lis_matrix.c(695) : lis_matrix_set_value : error ILL_ARG :i(=19310) or j(=19513) are larger than global n=(19488)
lis_matrix.c(695) : lis_matrix_set_value : error ILL_ARG :i(=19311) or j(=19514) are larger than global n=(19488)
lis_matrix.c(695) : lis_matrix_set_value : error ILL_ARG :i(=19312) or j(=19515) are larger than global n=(19488)
lis_matrix.c(695) : lis_matrix_set_value : error ILL_ARG :i(=19313) or j(=19516) are larger than global n=(19488)
Warning: Solution did not converge after 100001 iterations.
  The final residual was: -nan
  Solver status: 4
  2098-Dec-10 23:00:00
lis_matrix.c(685) : lis_matrix_set_value : error ILL_ARG :i(=0) or j(=-1) are less than 0
lis_matrix.c(685) : lis_matrix_set_value : error ILL_ARG :i(=0) or j(=-203) are less than 0
lis_matrix.c(685) : lis_matrix_set_value : error ILL_ARG :i(=1) or j(=-202) are less than 0
lis_matrix.c(685) : lis_matrix_set_value : error ILL_ARG :i(=2) or j(=-201) are less than 0
lis_matrix.c(685) : lis_matrix_set_value : error ILL_ARG :i(=3) or j(=-200) are less than 0
lis_matrix.c(685) : lis_matrix_set_value : error ILL_ARG :i(=4) or j(=-199) are less than 0
lis_matrix.c(685) : lis_matrix_set_value : error ILL_ARG :i(=5) or j(=-198) are less than 0
lis_matrix.c(685) : lis_matrix_set_value : error ILL_ARG :i(=6) or j(=-197) are less than 0
lis_matrix.c(685) : lis_matrix_set_value : error ILL_ARG :i(=7) or j(=-196) are less than 0
lis_matrix.c(685) : lis_matrix_set_value : error ILL_ARG :i(=8) or j(=-195) are less than 0
lis_matrix.c(685) : lis_matrix_set_value : error ILL_ARG :i(=9) or j(=-194) are less than 0
lis_matrix.c(685) : lis_matrix_set_value : error ILL_ARG :i(=10) or j(=-193) are less than 0
lis_matrix.c(685) : lis_matrix_set_value : error ILL_ARG :i(=11) or j(=-192) are less than 0
lis_matrix.c(685) : lis_matrix_set_value : error ILL_ARG :i(=12) or j(=-191) are less than 0
lis_matrix.c(685) : lis_matrix_set_value : error ILL_ARG :i(=13) or j(=-190) are less than 0
lis_matrix.c(685) : lis_matrix_set_value : error ILL_ARG :i(=14) or j(=-189) are less than 0
lis_matrix.c(685) : lis_matrix_set_value : error ILL_ARG :i(=15) or j(=-188) are less than 0
lis_matrix.c(685) : lis_matrix_set_value : error ILL_ARG :i(=16) or j(=-187) are less than 0
lis_matrix.c(685) : lis_matrix_set_value : error ILL_ARG :i(=17) or j(=-186) are less than 0
lis_matrix.c(685) : lis_matrix_set_value : error ILL_ARG :i(=18) or j(=-185) are less than 0
lis_matrix.c(685) : lis_matrix_set_value : error ILL_ARG :i(=19) or j(=-184) are less than 0
lis_matrix.c(685) : lis_matrix_set_value : error ILL_ARG :i(=20) or j(=-183) are less than 0
lis_matrix.c(685) : lis_matrix_set_value : error ILL_ARG :i(=21) or j(=-182) are less than 0
lis_matrix.c(685) : lis_matrix_set_value : error ILL_ARG :i(=22) or j(=-181) are less than 0
lis_matrix.c(685) : lis_matrix_set_value : error ILL_ARG :i(=23) or j(=-180) are less than 0
lis_matrix.c(685) : lis_matrix_set_value : error ILL_ARG :i(=24) or j(=-179) are less than 0
lis_matrix.c(685) : lis_matrix_set_value : error ILL_ARG :i(=25) or j(=-178) are less than 0
lis_matrix.c(685) : lis_matrix_set_value : error ILL_ARG :i(=26) or j(=-177) are less than 0
lis_matrix.c(685) : lis_matrix_set_value : error ILL_ARG :i(=27) or j(=-176) are less than 0
lis_matrix.c(685) : lis_matrix_set_value : error ILL_ARG :i(=28) or j(=-175) are less than 0
lis_matrix.c(695) : lis_matrix_set_value : error ILL_ARG :i(=19285) or j(=19488) are larger than global n=(19488)
lis_matrix.c(695) : lis_matrix_set_value : error ILL_ARG :i(=19286) or j(=19489) are larger than global n=(19488)
lis_matrix.c(695) : lis_matrix_set_value : error ILL_ARG :i(=19287) or j(=19490) are larger than global n=(19488)
lis_matrix.c(695) : lis_matrix_set_value : error ILL_ARG :i(=19288) or j(=19491) are larger than global n=(19488)
lis_matrix.c(695) : lis_matrix_set_value : error ILL_ARG :i(=19289) or j(=19492) are larger than global n=(19488)
lis_matrix.c(695) : lis_matrix_set_value : error ILL_ARG :i(=19290) or j(=19493) are larger than global n=(19488)
lis_matrix.c(695) : lis_matrix_set_value : error ILL_ARG :i(=19291) or j(=19494) are larger than global n=(19488)
lis_matrix.c(695) : lis_matrix_set_value : error ILL_ARG :i(=19292) or j(=19495) are larger than global n=(19488)
lis_matrix.c(695) : lis_matrix_set_value : error ILL_ARG :i(=19293) or j(=19496) are larger than global n=(19488)
lis_matrix.c(695) : lis_matrix_set_value : error ILL_ARG :i(=19294) or j(=19497) are larger than global n=(19488)
lis_matrix.c(695) : lis_matrix_set_value : error ILL_ARG :i(=19295) or j(=19498) are larger than global n=(19488)
lis_matrix.c(695) : lis_matrix_set_value : error ILL_ARG :i(=19296) or j(=19499) are larger than global n=(19488)
lis_matrix.c(695) : lis_matrix_set_value : error ILL_ARG :i(=19297) or j(=19500) are larger than global n=(19488)
lis_matrix.c(695) : lis_matrix_set_value : error ILL_ARG :i(=19298) or j(=19501) are larger than global n=(19488)
lis_matrix.c(695) : lis_matrix_set_value : error ILL_ARG :i(=19299) or j(=19502) are larger than global n=(19488)
lis_matrix.c(695) : lis_matrix_set_value : error ILL_ARG :i(=19300) or j(=19503) are larger than global n=(19488)
lis_matrix.c(695) : lis_matrix_set_value : error ILL_ARG :i(=19301) or j(=19504) are larger than global n=(19488)
lis_matrix.c(695) : lis_matrix_set_value : error ILL_ARG :i(=19302) or j(=19505) are larger than global n=(19488)
lis_matrix.c(695) : lis_matrix_set_value : error ILL_ARG :i(=19303) or j(=19506) are larger than global n=(19488)
lis_matrix.c(695) : lis_matrix_set_value : error ILL_ARG :i(=19304) or j(=19507) are larger than global n=(19488)
lis_matrix.c(695) : lis_matrix_set_value : error ILL_ARG :i(=19305) or j(=19508) are larger than global n=(19488)
lis_matrix.c(695) : lis_matrix_set_value : error ILL_ARG :i(=19306) or j(=19509) are larger than global n=(19488)
lis_matrix.c(695) : lis_matrix_set_value : error ILL_ARG :i(=19307) or j(=19510) are larger than global n=(19488)
lis_matrix.c(695) : lis_matrix_set_value : error ILL_ARG :i(=19308) or j(=19511) are larger than global n=(19488)
lis_matrix.c(695) : lis_matrix_set_value : error ILL_ARG :i(=19309) or j(=19512) are larger than global n=(19488)
lis_matrix.c(695) : lis_matrix_set_value : error ILL_ARG :i(=19310) or j(=19513) are larger than global n=(19488)
lis_matrix.c(695) : lis_matrix_set_value : error ILL_ARG :i(=19311) or j(=19514) are larger than global n=(19488)
lis_matrix.c(695) : lis_matrix_set_value : error ILL_ARG :i(=19312) or j(=19515) are larger than global n=(19488)
lis_matrix.c(695) : lis_matrix_set_value : error ILL_ARG :i(=19313) or j(=19516) are larger than global n=(19488)
Warning: Solution did not converge after 100001 iterations.
  The final residual was: -nan
  Solver status: 4
  2098-Dec-17 23:00:00
lis_matrix.c(685) : lis_matrix_set_value : error ILL_ARG :i(=0) or j(=-1) are less than 0
lis_matrix.c(685) : lis_matrix_set_value : error ILL_ARG :i(=0) or j(=-203) are less than 0
lis_matrix.c(685) : lis_matrix_set_value : error ILL_ARG :i(=1) or j(=-202) are less than 0
lis_matrix.c(685) : lis_matrix_set_value : error ILL_ARG :i(=2) or j(=-201) are less than 0
lis_matrix.c(685) : lis_matrix_set_value : error ILL_ARG :i(=3) or j(=-200) are less than 0
lis_matrix.c(685) : lis_matrix_set_value : error ILL_ARG :i(=4) or j(=-199) are less than 0
lis_matrix.c(685) : lis_matrix_set_value : error ILL_ARG :i(=5) or j(=-198) are less than 0
lis_matrix.c(685) : lis_matrix_set_value : error ILL_ARG :i(=6) or j(=-197) are less than 0
lis_matrix.c(685) : lis_matrix_set_value : error ILL_ARG :i(=7) or j(=-196) are less than 0
lis_matrix.c(685) : lis_matrix_set_value : error ILL_ARG :i(=8) or j(=-195) are less than 0
lis_matrix.c(685) : lis_matrix_set_value : error ILL_ARG :i(=9) or j(=-194) are less than 0
lis_matrix.c(685) : lis_matrix_set_value : error ILL_ARG :i(=10) or j(=-193) are less than 0
lis_matrix.c(685) : lis_matrix_set_value : error ILL_ARG :i(=11) or j(=-192) are less than 0
lis_matrix.c(685) : lis_matrix_set_value : error ILL_ARG :i(=12) or j(=-191) are less than 0
lis_matrix.c(685) : lis_matrix_set_value : error ILL_ARG :i(=13) or j(=-190) are less than 0
lis_matrix.c(685) : lis_matrix_set_value : error ILL_ARG :i(=14) or j(=-189) are less than 0
lis_matrix.c(685) : lis_matrix_set_value : error ILL_ARG :i(=15) or j(=-188) are less than 0
lis_matrix.c(685) : lis_matrix_set_value : error ILL_ARG :i(=16) or j(=-187) are less than 0
lis_matrix.c(685) : lis_matrix_set_value : error ILL_ARG :i(=17) or j(=-186) are less than 0
lis_matrix.c(685) : lis_matrix_set_value : error ILL_ARG :i(=18) or j(=-185) are less than 0
lis_matrix.c(685) : lis_matrix_set_value : error ILL_ARG :i(=19) or j(=-184) are less than 0
lis_matrix.c(685) : lis_matrix_set_value : error ILL_ARG :i(=20) or j(=-183) are less than 0
lis_matrix.c(685) : lis_matrix_set_value : error ILL_ARG :i(=21) or j(=-182) are less than 0
lis_matrix.c(685) : lis_matrix_set_value : error ILL_ARG :i(=22) or j(=-181) are less than 0
lis_matrix.c(685) : lis_matrix_set_value : error ILL_ARG :i(=23) or j(=-180) are less than 0
lis_matrix.c(685) : lis_matrix_set_value : error ILL_ARG :i(=24) or j(=-179) are less than 0
lis_matrix.c(685) : lis_matrix_set_value : error ILL_ARG :i(=25) or j(=-178) are less than 0
lis_matrix.c(685) : lis_matrix_set_value : error ILL_ARG :i(=26) or j(=-177) are less than 0
lis_matrix.c(685) : lis_matrix_set_value : error ILL_ARG :i(=27) or j(=-176) are less than 0
lis_matrix.c(685) : lis_matrix_set_value : error ILL_ARG :i(=28) or j(=-175) are less than 0
lis_matrix.c(695) : lis_matrix_set_value : error ILL_ARG :i(=19285) or j(=19488) are larger than global n=(19488)
lis_matrix.c(695) : lis_matrix_set_value : error ILL_ARG :i(=19286) or j(=19489) are larger than global n=(19488)
lis_matrix.c(695) : lis_matrix_set_value : error ILL_ARG :i(=19287) or j(=19490) are larger than global n=(19488)
lis_matrix.c(695) : lis_matrix_set_value : error ILL_ARG :i(=19288) or j(=19491) are larger than global n=(19488)
lis_matrix.c(695) : lis_matrix_set_value : error ILL_ARG :i(=19289) or j(=19492) are larger than global n=(19488)
lis_matrix.c(695) : lis_matrix_set_value : error ILL_ARG :i(=19290) or j(=19493) are larger than global n=(19488)
lis_matrix.c(695) : lis_matrix_set_value : error ILL_ARG :i(=19291) or j(=19494) are larger than global n=(19488)
lis_matrix.c(695) : lis_matrix_set_value : error ILL_ARG :i(=19292) or j(=19495) are larger than global n=(19488)
lis_matrix.c(695) : lis_matrix_set_value : error ILL_ARG :i(=19293) or j(=19496) are larger than global n=(19488)
lis_matrix.c(695) : lis_matrix_set_value : error ILL_ARG :i(=19294) or j(=19497) are larger than global n=(19488)
lis_matrix.c(695) : lis_matrix_set_value : error ILL_ARG :i(=19295) or j(=19498) are larger than global n=(19488)
lis_matrix.c(695) : lis_matrix_set_value : error ILL_ARG :i(=19296) or j(=19499) are larger than global n=(19488)
lis_matrix.c(695) : lis_matrix_set_value : error ILL_ARG :i(=19297) or j(=19500) are larger than global n=(19488)
lis_matrix.c(695) : lis_matrix_set_value : error ILL_ARG :i(=19298) or j(=19501) are larger than global n=(19488)
lis_matrix.c(695) : lis_matrix_set_value : error ILL_ARG :i(=19299) or j(=19502) are larger than global n=(19488)
lis_matrix.c(695) : lis_matrix_set_value : error ILL_ARG :i(=19300) or j(=19503) are larger than global n=(19488)
lis_matrix.c(695) : lis_matrix_set_value : error ILL_ARG :i(=19301) or j(=19504) are larger than global n=(19488)
lis_matrix.c(695) : lis_matrix_set_value : error ILL_ARG :i(=19302) or j(=19505) are larger than global n=(19488)
lis_matrix.c(695) : lis_matrix_set_value : error ILL_ARG :i(=19303) or j(=19506) are larger than global n=(19488)
lis_matrix.c(695) : lis_matrix_set_value : error ILL_ARG :i(=19304) or j(=19507) are larger than global n=(19488)
lis_matrix.c(695) : lis_matrix_set_value : error ILL_ARG :i(=19305) or j(=19508) are larger than global n=(19488)
lis_matrix.c(695) : lis_matrix_set_value : error ILL_ARG :i(=19306) or j(=19509) are larger than global n=(19488)
lis_matrix.c(695) : lis_matrix_set_value : error ILL_ARG :i(=19307) or j(=19510) are larger than global n=(19488)
lis_matrix.c(695) : lis_matrix_set_value : error ILL_ARG :i(=19308) or j(=19511) are larger than global n=(19488)
lis_matrix.c(695) : lis_matrix_set_value : error ILL_ARG :i(=19309) or j(=19512) are larger than global n=(19488)
lis_matrix.c(695) : lis_matrix_set_value : error ILL_ARG :i(=19310) or j(=19513) are larger than global n=(19488)
lis_matrix.c(695) : lis_matrix_set_value : error ILL_ARG :i(=19311) or j(=19514) are larger than global n=(19488)
lis_matrix.c(695) : lis_matrix_set_value : error ILL_ARG :i(=19312) or j(=19515) are larger than global n=(19488)
lis_matrix.c(695) : lis_matrix_set_value : error ILL_ARG :i(=19313) or j(=19516) are larger than global n=(19488)
Warning: Solution did not converge after 100001 iterations.
  The final residual was: -nan
  Solver status: 4
  2098-Dec-24 23:00:00
lis_matrix.c(685) : lis_matrix_set_value : error ILL_ARG :i(=0) or j(=-1) are less than 0
lis_matrix.c(685) : lis_matrix_set_value : error ILL_ARG :i(=0) or j(=-203) are less than 0
lis_matrix.c(685) : lis_matrix_set_value : error ILL_ARG :i(=1) or j(=-202) are less than 0
lis_matrix.c(685) : lis_matrix_set_value : error ILL_ARG :i(=2) or j(=-201) are less than 0
lis_matrix.c(685) : lis_matrix_set_value : error ILL_ARG :i(=3) or j(=-200) are less than 0
lis_matrix.c(685) : lis_matrix_set_value : error ILL_ARG :i(=4) or j(=-199) are less than 0
lis_matrix.c(685) : lis_matrix_set_value : error ILL_ARG :i(=5) or j(=-198) are less than 0
lis_matrix.c(685) : lis_matrix_set_value : error ILL_ARG :i(=6) or j(=-197) are less than 0
lis_matrix.c(685) : lis_matrix_set_value : error ILL_ARG :i(=7) or j(=-196) are less than 0
lis_matrix.c(685) : lis_matrix_set_value : error ILL_ARG :i(=8) or j(=-195) are less than 0
lis_matrix.c(685) : lis_matrix_set_value : error ILL_ARG :i(=9) or j(=-194) are less than 0
lis_matrix.c(685) : lis_matrix_set_value : error ILL_ARG :i(=10) or j(=-193) are less than 0
lis_matrix.c(685) : lis_matrix_set_value : error ILL_ARG :i(=11) or j(=-192) are less than 0
lis_matrix.c(685) : lis_matrix_set_value : error ILL_ARG :i(=12) or j(=-191) are less than 0
lis_matrix.c(685) : lis_matrix_set_value : error ILL_ARG :i(=13) or j(=-190) are less than 0
lis_matrix.c(685) : lis_matrix_set_value : error ILL_ARG :i(=14) or j(=-189) are less than 0
lis_matrix.c(685) : lis_matrix_set_value : error ILL_ARG :i(=15) or j(=-188) are less than 0
lis_matrix.c(685) : lis_matrix_set_value : error ILL_ARG :i(=16) or j(=-187) are less than 0
lis_matrix.c(685) : lis_matrix_set_value : error ILL_ARG :i(=17) or j(=-186) are less than 0
lis_matrix.c(685) : lis_matrix_set_value : error ILL_ARG :i(=18) or j(=-185) are less than 0
lis_matrix.c(685) : lis_matrix_set_value : error ILL_ARG :i(=19) or j(=-184) are less than 0
lis_matrix.c(685) : lis_matrix_set_value : error ILL_ARG :i(=20) or j(=-183) are less than 0
lis_matrix.c(685) : lis_matrix_set_value : error ILL_ARG :i(=21) or j(=-182) are less than 0
lis_matrix.c(685) : lis_matrix_set_value : error ILL_ARG :i(=22) or j(=-181) are less than 0
lis_matrix.c(685) : lis_matrix_set_value : error ILL_ARG :i(=23) or j(=-180) are less than 0
lis_matrix.c(685) : lis_matrix_set_value : error ILL_ARG :i(=24) or j(=-179) are less than 0
lis_matrix.c(685) : lis_matrix_set_value : error ILL_ARG :i(=25) or j(=-178) are less than 0
lis_matrix.c(685) : lis_matrix_set_value : error ILL_ARG :i(=26) or j(=-177) are less than 0
lis_matrix.c(685) : lis_matrix_set_value : error ILL_ARG :i(=27) or j(=-176) are less than 0
lis_matrix.c(685) : lis_matrix_set_value : error ILL_ARG :i(=28) or j(=-175) are less than 0
lis_matrix.c(695) : lis_matrix_set_value : error ILL_ARG :i(=19285) or j(=19488) are larger than global n=(19488)
lis_matrix.c(695) : lis_matrix_set_value : error ILL_ARG :i(=19286) or j(=19489) are larger than global n=(19488)
lis_matrix.c(695) : lis_matrix_set_value : error ILL_ARG :i(=19287) or j(=19490) are larger than global n=(19488)
lis_matrix.c(695) : lis_matrix_set_value : error ILL_ARG :i(=19288) or j(=19491) are larger than global n=(19488)
lis_matrix.c(695) : lis_matrix_set_value : error ILL_ARG :i(=19289) or j(=19492) are larger than global n=(19488)
lis_matrix.c(695) : lis_matrix_set_value : error ILL_ARG :i(=19290) or j(=19493) are larger than global n=(19488)
lis_matrix.c(695) : lis_matrix_set_value : error ILL_ARG :i(=19291) or j(=19494) are larger than global n=(19488)
lis_matrix.c(695) : lis_matrix_set_value : error ILL_ARG :i(=19292) or j(=19495) are larger than global n=(19488)
lis_matrix.c(695) : lis_matrix_set_value : error ILL_ARG :i(=19293) or j(=19496) are larger than global n=(19488)
lis_matrix.c(695) : lis_matrix_set_value : error ILL_ARG :i(=19294) or j(=19497) are larger than global n=(19488)
lis_matrix.c(695) : lis_matrix_set_value : error ILL_ARG :i(=19295) or j(=19498) are larger than global n=(19488)
lis_matrix.c(695) : lis_matrix_set_value : error ILL_ARG :i(=19296) or j(=19499) are larger than global n=(19488)
lis_matrix.c(695) : lis_matrix_set_value : error ILL_ARG :i(=19297) or j(=19500) are larger than global n=(19488)
lis_matrix.c(695) : lis_matrix_set_value : error ILL_ARG :i(=19298) or j(=19501) are larger than global n=(19488)
lis_matrix.c(695) : lis_matrix_set_value : error ILL_ARG :i(=19299) or j(=19502) are larger than global n=(19488)
lis_matrix.c(695) : lis_matrix_set_value : error ILL_ARG :i(=19300) or j(=19503) are larger than global n=(19488)
lis_matrix.c(695) : lis_matrix_set_value : error ILL_ARG :i(=19301) or j(=19504) are larger than global n=(19488)
lis_matrix.c(695) : lis_matrix_set_value : error ILL_ARG :i(=19302) or j(=19505) are larger than global n=(19488)
lis_matrix.c(695) : lis_matrix_set_value : error ILL_ARG :i(=19303) or j(=19506) are larger than global n=(19488)
lis_matrix.c(695) : lis_matrix_set_value : error ILL_ARG :i(=19304) or j(=19507) are larger than global n=(19488)
lis_matrix.c(695) : lis_matrix_set_value : error ILL_ARG :i(=19305) or j(=19508) are larger than global n=(19488)
lis_matrix.c(695) : lis_matrix_set_value : error ILL_ARG :i(=19306) or j(=19509) are larger than global n=(19488)
lis_matrix.c(695) : lis_matrix_set_value : error ILL_ARG :i(=19307) or j(=19510) are larger than global n=(19488)
lis_matrix.c(695) : lis_matrix_set_value : error ILL_ARG :i(=19308) or j(=19511) are larger than global n=(19488)
lis_matrix.c(695) : lis_matrix_set_value : error ILL_ARG :i(=19309) or j(=19512) are larger than global n=(19488)
lis_matrix.c(695) : lis_matrix_set_value : error ILL_ARG :i(=19310) or j(=19513) are larger than global n=(19488)
lis_matrix.c(695) : lis_matrix_set_value : error ILL_ARG :i(=19311) or j(=19514) are larger than global n=(19488)
lis_matrix.c(695) : lis_matrix_set_value : error ILL_ARG :i(=19312) or j(=19515) are larger than global n=(19488)
lis_matrix.c(695) : lis_matrix_set_value : error ILL_ARG :i(=19313) or j(=19516) are larger than global n=(19488)
Warning: Solution did not converge after 100001 iterations.
  The final residual was: -nan
  Solver status: 4
  2098-Dec-31 23:00:00
  2099-Jan-05 04:00:00
  2099-Jan-17 00:00:00
  2099-Jan-28 19:00:00
  2099-Feb-09 15:00:00
  2099-Feb-21 11:00:00
  2099-Mar-05 07:00:00
  2099-Mar-17 03:00:00
  2099-Mar-28 23:00:00
  2099-Apr-09 19:00:00
  2099-Apr-21 14:00:00
  2099-May-03 10:00:00
  2099-May-15 06:00:00
  2099-May-27 02:00:00
  2099-Jun-07 22:00:00
  2099-Jun-19 18:00:00
  2099-Jul-01 14:00:00
  2099-Jul-13 09:00:00
  2099-Jul-25 05:00:00
  2099-Aug-06 01:00:00
  2099-Aug-17 20:00:00
  2099-Aug-29 16:00:00
  2099-Sep-10 12:00:00
  2099-Sep-22 07:00:00
  2099-Oct-04 03:00:00
  2099-Oct-15 23:00:00
  2099-Oct-27 19:00:00
  2099-Nov-08 15:00:00
  2099-Nov-20 11:00:00
  2099-Dec-02 07:00:00
  2099-Dec-14 03:00:00
  2099-Dec-25 22:00:00
Beginning Simulation...
  2100-Jan-06 17:00:00 (1.6%)
  2100-Jan-18 11:00:00 (4.8%)
  2100-Jan-30 04:00:00 (8%)
  2100-Feb-10 22:00:00 (11.2%)
  2100-Feb-22 14:00:00 (14.4%)
  2100-Mar-06 08:00:00 (17.6%)
  2100-Mar-18 01:00:00 (20.8%)
  2100-Mar-29 19:00:00 (24.1%)
  2100-Apr-10 12:00:00 (27.3%)
  2100-Apr-22 06:00:00 (30.5%)
  2100-May-03 23:00:00 (33.7%)
  2100-May-15 16:00:00 (36.9%)
  2100-May-27 10:00:00 (40.1%)
  2100-Jun-08 03:00:00 (43.3%)
  2100-Jun-19 21:00:00 (46.5%)
  2100-Jul-01 14:00:00 (49.7%)
  2100-Jul-13 08:00:00 (53%)
  2100-Jul-25 01:00:00 (56.2%)
  2100-Aug-05 19:00:00 (59.4%)
  2100-Aug-17 12:00:00 (62.6%)
  2100-Aug-29 06:00:00 (65.8%)
  2100-Sep-09 23:00:00 (69%)
  2100-Sep-21 17:00:00 (72.2%)
  2100-Oct-03 11:00:00 (75.5%)
  2100-Oct-15 04:00:00 (78.7%)
  2100-Oct-26 22:00:00 (81.9%)
  2100-Nov-07 15:00:00 (85.1%)
  2100-Nov-19 09:00:00 (88.3%)
  2100-Dec-01 03:00:00 (91.5%)
  2100-Dec-12 20:00:00 (94.7%)
  2100-Dec-24 13:00:00 (98%)
  2100-Dec-31 23:00:00 (100%)
Finished Program: 2014-Nov-17 08:46:26.633743
Elapsed Time: 00:06:13.452954
