instance.yaml
kiva v0.2.0-9-g526928a
Copyright (C) 2012-2014 Big Ladder Software
Web: www.bigladdersoftware.com

Starting Program: 2014-Nov-15 12:24:42.335217
Creating Domain...
  X Cells: 159
  Y Cells: 1
  Z Cells: 125
  Total Cells: 19875
Initializing Temperatures...
  2098-Nov-26 23:00:00
  2099-Jan-09 14:00:00
  2099-Jan-21 00:00:00
  2099-Feb-01 10:00:00
  2099-Feb-12 21:00:00
  2099-Feb-24 07:00:00
  2099-Mar-07 18:00:00
  2099-Mar-19 04:00:00
  2099-Mar-30 15:00:00
  2099-Apr-11 02:00:00
  2099-Apr-22 12:00:00
  2099-May-03 23:00:00
  2099-May-15 10:00:00
  2099-May-26 20:00:00
  2099-Jun-07 07:00:00
  2099-Jun-18 18:00:00
  2099-Jun-30 05:00:00
  2099-Jul-11 15:00:00
  2099-Jul-23 03:00:00
  2099-Aug-03 15:00:00
  2099-Aug-15 03:00:00
  2099-Aug-26 14:00:00
  2099-Sep-07 02:00:00
  2099-Sep-18 14:00:00
  2099-Sep-30 02:00:00
  2099-Oct-11 14:00:00
  2099-Oct-23 02:00:00
  2099-Nov-03 14:00:00
  2099-Nov-15 02:00:00
  2099-Nov-26 14:00:00
  2099-Dec-08 02:00:00
  2099-Dec-19 14:00:00
  2099-Dec-31 02:00:00
Beginning Simulation...
  2100-Jan-10 18:00:00 (2.7%)
  2100-Jan-21 07:00:00 (5.6%)
  2100-Jan-31 21:00:00 (8.5%)
  2100-Feb-11 10:00:00 (11.3%)
  2100-Feb-22 00:00:00 (14.2%)
  2100-Mar-04 13:00:00 (17.1%)
  2100-Mar-15 03:00:00 (20%)
  2100-Mar-25 16:00:00 (22.9%)
  2100-Apr-05 06:00:00 (25.8%)
  2100-Apr-15 19:00:00 (28.7%)
  2100-Apr-26 09:00:00 (31.6%)
  2100-May-06 22:00:00 (34.5%)
  2100-May-17 12:00:00 (37.4%)
  2100-May-28 02:00:00 (40.3%)
  2100-Jun-07 16:00:00 (43.2%)
  2100-Jun-18 05:00:00 (46.1%)
  2100-Jun-28 19:00:00 (49%)
  2100-Jul-09 08:00:00 (51.9%)
  2100-Jul-19 22:00:00 (54.8%)
  2100-Jul-30 12:00:00 (57.7%)
  2100-Aug-10 01:00:00 (60.6%)
  2100-Aug-20 13:00:00 (63.4%)
  2100-Aug-31 03:00:00 (66.3%)
  2100-Sep-10 17:00:00 (69.2%)
  2100-Sep-21 06:00:00 (72.1%)
  2100-Oct-01 20:00:00 (75%)
  2100-Oct-12 10:00:00 (77.9%)
  2100-Oct-23 00:00:00 (80.8%)
  2100-Nov-02 13:00:00 (83.7%)
  2100-Nov-13 03:00:00 (86.6%)
  2100-Nov-23 15:00:00 (89.5%)
  2100-Dec-04 05:00:00 (92.4%)
  2100-Dec-14 19:00:00 (95.3%)
  2100-Dec-25 08:00:00 (98.2%)
  2100-Dec-31 23:00:00 (100%)
Finished Program: 2014-Nov-15 12:25:49.626955
Elapsed Time: 00:01:07.291738
