instance.yaml
kiva v0.2.0-21-g785bfe1
Copyright (C) 2012-2014 Big Ladder Software
Web: www.bigladdersoftware.com

Starting Program: 2014-Nov-18 11:22:25.435388
Creating Domain...
  X Cells: 100
  Y Cells: 1
  Z Cells: 133
  Total Cells: 13300
Initializing Temperatures...
  2098-Dec-10 23:00:00
  2099-Jan-17 06:00:00
  2099-Feb-04 05:00:00
  2099-Feb-22 04:00:00
  2099-Mar-12 02:00:00
  2099-Mar-30 01:00:00
  2099-Apr-17 00:00:00
  2099-May-04 23:00:00
  2099-May-22 22:00:00
  2099-Jun-09 20:00:00
  2099-Jun-27 20:00:00
  2099-Jul-15 21:00:00
  2099-Aug-02 23:00:00
  2099-Aug-21 00:00:00
  2099-Sep-08 01:00:00
  2099-Sep-26 02:00:00
  2099-Oct-14 03:00:00
  2099-Nov-01 04:00:00
  2099-Nov-19 05:00:00
  2099-Dec-07 06:00:00
  2099-Dec-25 07:00:00
Beginning Simulation...
  2100-Jan-11 12:00:00 (2.9%)
  2100-Jan-28 04:00:00 (7.4%)
  2100-Feb-13 20:00:00 (12%)
  2100-Mar-02 12:00:00 (16.6%)
  2100-Mar-19 05:00:00 (21.2%)
  2100-Apr-04 21:00:00 (25.7%)
  2100-Apr-21 14:00:00 (30.3%)
  2100-May-08 06:00:00 (34.9%)
  2100-May-24 22:00:00 (39.4%)
  2100-Jun-10 15:00:00 (44%)
  2100-Jun-27 08:00:00 (48.6%)
  2100-Jul-14 00:00:00 (53.2%)
  2100-Jul-30 17:00:00 (57.7%)
  2100-Aug-16 10:00:00 (62.3%)
  2100-Sep-02 00:00:00 (66.8%)
  2100-Sep-18 16:00:00 (71.4%)
  2100-Oct-05 09:00:00 (76%)
  2100-Oct-22 02:00:00 (80.6%)
  2100-Nov-07 18:00:00 (85.1%)
  2100-Nov-24 11:00:00 (89.7%)
  2100-Dec-11 04:00:00 (94.3%)
  2100-Dec-27 21:00:00 (98.9%)
  2100-Dec-31 23:00:00 (100%)
Finished Program: 2014-Nov-18 11:23:08.246247
Elapsed Time: 00:00:42.810859
