instance.yaml
kiva v0.2.0-9-g526928a
Copyright (C) 2012-2014 Big Ladder Software
Web: www.bigladdersoftware.com

Starting Program: 2014-Oct-26 15:40:03.539170
Creating Domain...
  X Cells: 92
  Y Cells: 1
  Z Cells: 158
  Total Cells: 14536
Initializing Temperatures...
  2098-Oct-01 23:00:00
  2099-Jan-03 00:00:00
  2099-Jan-17 00:00:00
  2099-Feb-05 06:00:00
  2099-Feb-24 12:00:00
  2099-Mar-15 17:00:00
  2099-Apr-03 23:00:00
  2099-Apr-23 05:00:00
  2099-May-12 10:00:00
  2099-May-31 16:00:00
  2099-Jun-19 21:00:00
  2099-Jul-09 02:00:00
  2099-Jul-28 07:00:00
  2099-Aug-16 12:00:00
  2099-Sep-04 18:00:00
  2099-Sep-23 23:00:00
  2099-Oct-13 04:00:00
  2099-Nov-01 10:00:00
  2099-Nov-20 15:00:00
  2099-Dec-09 21:00:00
  2099-Dec-29 03:00:00
Beginning Simulation...
  2100-Jan-15 23:00:00 (4.1%)
  2100-Feb-02 11:00:00 (8.9%)
  2100-Feb-20 00:00:00 (13.7%)
  2100-Mar-09 13:00:00 (18.5%)
  2100-Mar-27 02:00:00 (23.3%)
  2100-Apr-13 15:00:00 (28.1%)
  2100-May-01 04:00:00 (32.9%)
  2100-May-18 17:00:00 (37.7%)
  2100-Jun-05 07:00:00 (42.5%)
  2100-Jun-22 21:00:00 (47.4%)
  2100-Jul-10 08:00:00 (52.1%)
  2100-Jul-27 22:00:00 (57%)
  2100-Aug-14 13:00:00 (61.8%)
  2100-Sep-01 03:00:00 (66.6%)
  2100-Sep-18 17:00:00 (71.4%)
  2100-Oct-06 07:00:00 (76.2%)
  2100-Oct-23 21:00:00 (81.1%)
  2100-Nov-10 12:00:00 (85.9%)
  2100-Nov-28 05:00:00 (90.7%)
  2100-Dec-15 21:00:00 (95.6%)
  2100-Dec-31 23:00:00 (100%)
Finished Program: 2014-Oct-26 15:40:44.911166
Elapsed Time: 00:00:41.371996
