instance.yaml
kiva v0.2.0-21-g785bfe1
Copyright (C) 2012-2014 Big Ladder Software
Web: www.bigladdersoftware.com

Starting Program: 2014-Nov-18 11:29:25.971429
Creating Domain...
  X Cells: 173
  Y Cells: 1
  Z Cells: 113
  Total Cells: 19549
Initializing Temperatures...
  2099-Jan-02 20:00:00
  2099-Jan-15 03:00:00
  2099-Jan-27 10:00:00
  2099-Feb-08 17:00:00
  2099-Feb-21 00:00:00
  2099-Mar-05 07:00:00
  2099-Mar-17 14:00:00
  2099-Mar-29 21:00:00
  2099-Apr-11 04:00:00
  2099-Apr-23 12:00:00
  2099-May-05 19:00:00
  2099-May-18 02:00:00
  2099-May-30 09:00:00
  2099-Jun-11 17:00:00
  2099-Jun-24 00:00:00
  2099-Jul-06 07:00:00
  2099-Jul-18 14:00:00
  2099-Jul-30 21:00:00
  2099-Aug-12 04:00:00
  2099-Aug-24 11:00:00
  2099-Sep-05 18:00:00
  2099-Sep-18 01:00:00
  2099-Sep-30 08:00:00
  2099-Oct-12 16:00:00
  2099-Oct-24 23:00:00
  2099-Nov-06 06:00:00
  2099-Nov-18 13:00:00
  2099-Nov-30 21:00:00
  2099-Dec-13 04:00:00
  2099-Dec-25 11:00:00
Beginning Simulation...
  2100-Jan-06 15:00:00 (1.5%)
  2100-Jan-18 16:00:00 (4.8%)
  2100-Jan-30 18:00:00 (8.2%)
  2100-Feb-11 19:00:00 (11.4%)
  2100-Feb-23 20:00:00 (14.7%)
  2100-Mar-07 20:00:00 (18%)
  2100-Mar-19 22:00:00 (21.3%)
  2100-Mar-31 23:00:00 (24.6%)
  2100-Apr-13 00:00:00 (27.9%)
  2100-Apr-25 01:00:00 (31.2%)
  2100-May-07 02:00:00 (34.5%)
  2100-May-19 03:00:00 (37.8%)
  2100-May-31 05:00:00 (41.2%)
  2100-Jun-12 06:00:00 (44.5%)
  2100-Jun-24 07:00:00 (47.8%)
  2100-Jul-06 09:00:00 (51.1%)
  2100-Jul-18 10:00:00 (54.4%)
  2100-Jul-30 11:00:00 (57.7%)
  2100-Aug-11 13:00:00 (61%)
  2100-Aug-23 14:00:00 (64.3%)
  2100-Sep-04 15:00:00 (67.6%)
  2100-Sep-16 17:00:00 (70.9%)
  2100-Sep-28 18:00:00 (74.2%)
  2100-Oct-10 20:00:00 (77.5%)
  2100-Oct-22 21:00:00 (80.8%)
  2100-Nov-03 23:00:00 (84.1%)
  2100-Nov-16 00:00:00 (87.4%)
  2100-Nov-28 01:00:00 (90.7%)
  2100-Dec-10 03:00:00 (94%)
  2100-Dec-22 04:00:00 (97.3%)
  2100-Dec-31 23:00:00 (100%)
Finished Program: 2014-Nov-18 11:30:26.814577
Elapsed Time: 00:01:00.843148
