instance.yaml
kiva v0.2.0-21-g785bfe1
Copyright (C) 2012-2014 Big Ladder Software
Web: www.bigladdersoftware.com

Starting Program: 2014-Nov-18 11:14:23.145300
Creating Domain...
  X Cells: 98
  Y Cells: 1
  Z Cells: 133
  Total Cells: 13034
Initializing Temperatures...
  2099-Jan-04 13:00:00
  2099-Jan-23 01:00:00
  2099-Feb-10 14:00:00
  2099-Mar-01 02:00:00
  2099-Mar-19 14:00:00
  2099-Apr-07 02:00:00
  2099-Apr-25 15:00:00
  2099-May-14 04:00:00
  2099-Jun-01 16:00:00
  2099-Jun-20 05:00:00
  2099-Jul-08 18:00:00
  2099-Jul-27 07:00:00
  2099-Aug-14 20:00:00
  2099-Sep-02 08:00:00
  2099-Sep-20 21:00:00
  2099-Oct-09 10:00:00
  2099-Oct-27 23:00:00
  2099-Nov-15 12:00:00
  2099-Dec-04 00:00:00
  2099-Dec-22 13:00:00
Beginning Simulation...
  2100-Jan-09 09:00:00 (2.3%)
  2100-Jan-26 09:00:00 (7%)
  2100-Feb-12 10:00:00 (11.6%)
  2100-Mar-01 11:00:00 (16.3%)
  2100-Mar-18 12:00:00 (21%)
  2100-Apr-04 13:00:00 (25.6%)
  2100-Apr-21 14:00:00 (30.3%)
  2100-May-08 15:00:00 (35%)
  2100-May-25 16:00:00 (39.6%)
  2100-Jun-11 17:00:00 (44.3%)
  2100-Jun-28 19:00:00 (49%)
  2100-Jul-15 18:00:00 (53.6%)
  2100-Aug-01 19:00:00 (58.3%)
  2100-Aug-18 20:00:00 (63%)
  2100-Sep-04 22:00:00 (67.6%)
  2100-Sep-22 01:00:00 (72.3%)
  2100-Oct-09 04:00:00 (77%)
  2100-Oct-26 07:00:00 (81.7%)
  2100-Nov-12 09:00:00 (86.4%)
  2100-Nov-29 13:00:00 (91.1%)
  2100-Dec-16 16:00:00 (95.8%)
  2100-Dec-31 23:00:00 (100%)
Finished Program: 2014-Nov-18 11:15:04.894544
Elapsed Time: 00:00:41.749244
