instance.yaml
kiva v0.2.0-21-g785bfe1
Copyright (C) 2012-2014 Big Ladder Software
Web: www.bigladdersoftware.com

Starting Program: 2014-Nov-18 11:19:24.543256
Creating Domain...
  X Cells: 152
  Y Cells: 1
  Z Cells: 158
  Total Cells: 24016
Initializing Temperatures...
  2098-Oct-22 23:00:00
  2099-Jan-05 15:00:00
  2099-Jan-15 17:00:00
  2099-Jan-25 20:00:00
  2099-Feb-04 23:00:00
  2099-Feb-15 02:00:00
  2099-Feb-25 04:00:00
  2099-Mar-07 07:00:00
  2099-Mar-17 09:00:00
  2099-Mar-27 12:00:00
  2099-Apr-06 15:00:00
  2099-Apr-16 18:00:00
  2099-Apr-26 20:00:00
  2099-May-06 23:00:00
  2099-May-17 02:00:00
  2099-May-27 05:00:00
  2099-Jun-06 07:00:00
  2099-Jun-16 10:00:00
  2099-Jun-26 13:00:00
  2099-Jul-06 15:00:00
  2099-Jul-16 18:00:00
  2099-Jul-26 20:00:00
  2099-Aug-05 23:00:00
  2099-Aug-16 02:00:00
  2099-Aug-26 05:00:00
  2099-Sep-05 08:00:00
  2099-Sep-15 11:00:00
  2099-Sep-25 13:00:00
  2099-Oct-05 16:00:00
  2099-Oct-15 19:00:00
  2099-Oct-25 22:00:00
  2099-Nov-05 01:00:00
  2099-Nov-15 04:00:00
  2099-Nov-25 06:00:00
  2099-Dec-05 09:00:00
  2099-Dec-15 12:00:00
  2099-Dec-25 15:00:00
Beginning Simulation...
  2100-Jan-04 09:00:00 (0.9%)
  2100-Jan-13 12:00:00 (3.4%)
  2100-Jan-22 15:00:00 (5.9%)
  2100-Jan-31 18:00:00 (8.4%)
  2100-Feb-09 20:00:00 (10.9%)
  2100-Feb-18 23:00:00 (13.4%)
  2100-Feb-28 02:00:00 (15.9%)
  2100-Mar-09 05:00:00 (18.4%)
  2100-Mar-18 08:00:00 (20.9%)
  2100-Mar-27 11:00:00 (23.4%)
  2100-Apr-05 14:00:00 (25.9%)
  2100-Apr-14 17:00:00 (28.4%)
  2100-Apr-23 20:00:00 (30.9%)
  2100-May-02 23:00:00 (33.4%)
  2100-May-12 02:00:00 (35.9%)
  2100-May-21 05:00:00 (38.4%)
  2100-May-30 08:00:00 (40.9%)
  2100-Jun-08 11:00:00 (43.4%)
  2100-Jun-17 14:00:00 (45.9%)
  2100-Jun-26 18:00:00 (48.4%)
  2100-Jul-05 21:00:00 (50.9%)
  2100-Jul-15 00:00:00 (53.4%)
  2100-Jul-24 03:00:00 (55.9%)
  2100-Aug-02 06:00:00 (58.4%)
  2100-Aug-11 09:00:00 (60.9%)
  2100-Aug-20 12:00:00 (63.4%)
  2100-Aug-29 15:00:00 (65.9%)
  2100-Sep-07 18:00:00 (68.4%)
  2100-Sep-16 20:00:00 (70.9%)
  2100-Sep-26 00:00:00 (73.4%)
  2100-Oct-05 03:00:00 (75.9%)
  2100-Oct-14 06:00:00 (78.4%)
  2100-Oct-23 09:00:00 (80.9%)
  2100-Nov-01 12:00:00 (83.4%)
  2100-Nov-10 14:00:00 (85.9%)
  2100-Nov-19 17:00:00 (88.4%)
  2100-Nov-28 20:00:00 (90.9%)
  2100-Dec-07 23:00:00 (93.4%)
  2100-Dec-17 02:00:00 (95.9%)
  2100-Dec-25 20:00:00 (98.3%)
  2100-Dec-31 23:00:00 (100%)
Finished Program: 2014-Nov-18 11:20:41.673077
Elapsed Time: 00:01:17.129821
