instance.yaml
kiva v0.2.0-19-ge248292
Copyright (C) 2012-2014 Big Ladder Software
Web: www.bigladdersoftware.com

Starting Program: 2014-Nov-17 08:42:16.577817
Creating Domain...
  X Cells: 64
  Y Cells: 1
  Z Cells: 158
  Total Cells: 10112
Initializing Temperatures...
  2098-Nov-26 23:00:00
  2099-Jan-21 14:00:00
  2099-Feb-14 01:00:00
  2099-Mar-09 13:00:00
  2099-Apr-02 01:00:00
  2099-Apr-25 12:00:00
  2099-May-19 00:00:00
  2099-Jun-11 12:00:00
  2099-Jul-05 00:00:00
  2099-Jul-28 12:00:00
  2099-Aug-21 00:00:00
  2099-Sep-13 13:00:00
  2099-Oct-07 01:00:00
  2099-Oct-30 13:00:00
  2099-Nov-23 01:00:00
  2099-Dec-16 14:00:00
Beginning Simulation...
  2100-Jan-07 23:00:00 (1.9%)
  2100-Jan-28 05:00:00 (7.5%)
  2100-Feb-17 11:00:00 (13%)
  2100-Mar-09 17:00:00 (18.6%)
  2100-Mar-29 23:00:00 (24.1%)
  2100-Apr-19 05:00:00 (29.6%)
  2100-May-09 11:00:00 (35.2%)
  2100-May-29 17:00:00 (40.7%)
  2100-Jun-18 23:00:00 (46.3%)
  2100-Jul-09 06:00:00 (51.8%)
  2100-Jul-29 12:00:00 (57.4%)
  2100-Aug-18 17:00:00 (62.9%)
  2100-Sep-07 23:00:00 (68.5%)
  2100-Sep-28 05:00:00 (74%)
  2100-Oct-18 11:00:00 (79.6%)
  2100-Nov-07 18:00:00 (85.1%)
  2100-Nov-28 00:00:00 (90.7%)
  2100-Dec-18 06:00:00 (96.2%)
  2100-Dec-31 23:00:00 (100%)
Finished Program: 2014-Nov-17 08:42:50.679401
Elapsed Time: 00:00:34.101584
