instance.yaml
kiva v0.2.0-9-g526928a
Copyright (C) 2012-2014 Big Ladder Software
Web: www.bigladdersoftware.com

Starting Program: 2014-Oct-19 03:43:59.223040
Creating Domain...
  X Cells: 131
  Y Cells: 1
  Z Cells: 103
  Total Cells: 13493
Initializing Temperatures...
  2098-Nov-05 23:00:00
  2099-Jan-04 18:00:00
  2099-Jan-20 09:00:00
  2099-Feb-07 19:00:00
  2099-Feb-26 05:00:00
  2099-Mar-16 15:00:00
  2099-Apr-04 01:00:00
  2099-Apr-22 10:00:00
  2099-May-10 20:00:00
  2099-May-29 07:00:00
  2099-Jun-16 17:00:00
  2099-Jul-05 03:00:00
  2099-Jul-23 14:00:00
  2099-Aug-11 00:00:00
  2099-Aug-29 10:00:00
  2099-Sep-16 20:00:00
  2099-Oct-05 07:00:00
  2099-Oct-23 17:00:00
  2099-Nov-11 03:00:00
  2099-Nov-29 14:00:00
  2099-Dec-18 00:00:00
Beginning Simulation...
  2100-Jan-05 08:00:00 (1.2%)
  2100-Jan-23 09:00:00 (6.1%)
  2100-Feb-10 10:00:00 (11.1%)
  2100-Feb-28 11:00:00 (16%)
  2100-Mar-18 13:00:00 (21%)
  2100-Apr-05 14:00:00 (25.9%)
  2100-Apr-23 15:00:00 (30.9%)
  2100-May-11 16:00:00 (35.8%)
  2100-May-29 18:00:00 (40.8%)
  2100-Jun-16 19:00:00 (45.7%)
  2100-Jul-04 20:00:00 (50.6%)
  2100-Jul-22 20:00:00 (55.6%)
  2100-Aug-09 22:00:00 (60.5%)
  2100-Aug-27 23:00:00 (65.5%)
  2100-Sep-15 00:00:00 (70.4%)
  2100-Oct-03 02:00:00 (75.4%)
  2100-Oct-21 03:00:00 (80.3%)
  2100-Nov-08 05:00:00 (85.3%)
  2100-Nov-26 06:00:00 (90.2%)
  2100-Dec-14 07:00:00 (95.1%)
  2100-Dec-31 23:00:00 (100%)
Finished Program: 2014-Oct-19 03:44:40.978844
Elapsed Time: 00:00:41.755804
