instance.yaml
kiva v0.2.0-9-g526928a
Copyright (C) 2012-2014 Big Ladder Software
Web: www.bigladdersoftware.com

Starting Program: 2014-Oct-26 15:35:18.599640
Creating Domain...
  X Cells: 102
  Y Cells: 1
  Z Cells: 133
  Total Cells: 13566
Initializing Temperatures...
Warning: Solution did not converge after 1215 iterations.
  The final residual was: 2.92427e-05
  Solver status: 2
  2098-Oct-01 23:00:00
  2098-Dec-24 23:00:00
  2099-Jan-15 06:00:00
  2099-Feb-04 07:00:00
  2099-Feb-24 12:00:00
  2099-Mar-16 18:00:00
  2099-Apr-05 23:00:00
  2099-Apr-26 04:00:00
  2099-May-16 09:00:00
  2099-Jun-05 15:00:00
  2099-Jun-25 20:00:00
  2099-Jul-16 01:00:00
  2099-Aug-05 06:00:00
  2099-Aug-25 12:00:00
  2099-Sep-14 17:00:00
  2099-Oct-04 22:00:00
  2099-Oct-25 04:00:00
  2099-Nov-14 09:00:00
  2099-Dec-04 15:00:00
  2099-Dec-24 20:00:00
Beginning Simulation...
  2100-Jan-12 23:00:00 (3.3%)
  2100-Jan-31 11:00:00 (8.3%)
  2100-Feb-18 23:00:00 (13.4%)
  2100-Mar-09 11:00:00 (18.5%)
  2100-Mar-27 23:00:00 (23.6%)
  2100-Apr-15 10:00:00 (28.6%)
  2100-May-03 22:00:00 (33.7%)
  2100-May-22 10:00:00 (38.7%)
  2100-Jun-09 22:00:00 (43.8%)
  2100-Jun-28 10:00:00 (48.9%)
  2100-Jul-16 22:00:00 (53.9%)
  2100-Aug-04 07:00:00 (59%)
  2100-Aug-22 19:00:00 (64.1%)
  2100-Sep-10 06:00:00 (69.1%)
  2100-Sep-28 18:00:00 (74.2%)
  2100-Oct-17 06:00:00 (79.2%)
  2100-Nov-04 18:00:00 (84.3%)
  2100-Nov-23 07:00:00 (89.4%)
  2100-Dec-11 18:00:00 (94.5%)
  2100-Dec-30 06:00:00 (99.5%)
  2100-Dec-31 23:00:00 (100%)
Finished Program: 2014-Oct-26 15:35:58.094340
Elapsed Time: 00:00:39.494700
