instance.yaml
kiva v0.2.0-21-g785bfe1
Copyright (C) 2012-2014 Big Ladder Software
Web: www.bigladdersoftware.com

Starting Program: 2014-Nov-18 11:14:23.341151
Creating Domain...
  X Cells: 198
  Y Cells: 1
  Z Cells: 158
  Total Cells: 31284
Initializing Temperatures...
  2098-Nov-05 23:00:00
  2099-Jan-03 20:00:00
  2099-Jan-10 04:00:00
  2099-Jan-16 11:00:00
  2099-Jan-22 19:00:00
  2099-Jan-29 02:00:00
  2099-Feb-04 09:00:00
  2099-Feb-10 16:00:00
  2099-Feb-17 00:00:00
  2099-Feb-23 07:00:00
  2099-Mar-01 14:00:00
  2099-Mar-07 22:00:00
  2099-Mar-14 05:00:00
  2099-Mar-20 12:00:00
  2099-Mar-26 20:00:00
  2099-Apr-02 03:00:00
  2099-Apr-08 11:00:00
  2099-Apr-14 18:00:00
  2099-Apr-21 01:00:00
  2099-Apr-27 09:00:00
  2099-May-03 16:00:00
  2099-May-10 00:00:00
  2099-May-16 07:00:00
  2099-May-22 15:00:00
  2099-May-28 22:00:00
  2099-Jun-04 06:00:00
  2099-Jun-10 13:00:00
  2099-Jun-16 21:00:00
  2099-Jun-23 04:00:00
  2099-Jun-29 12:00:00
  2099-Jul-05 19:00:00
  2099-Jul-12 03:00:00
  2099-Jul-18 10:00:00
  2099-Jul-24 18:00:00
  2099-Jul-31 01:00:00
  2099-Aug-06 09:00:00
  2099-Aug-12 16:00:00
  2099-Aug-18 23:00:00
  2099-Aug-25 06:00:00
  2099-Aug-31 14:00:00
  2099-Sep-06 21:00:00
  2099-Sep-13 05:00:00
  2099-Sep-19 12:00:00
  2099-Sep-25 20:00:00
  2099-Oct-02 03:00:00
  2099-Oct-08 11:00:00
  2099-Oct-14 18:00:00
  2099-Oct-21 02:00:00
  2099-Oct-27 09:00:00
  2099-Nov-02 17:00:00
  2099-Nov-09 00:00:00
  2099-Nov-15 08:00:00
  2099-Nov-21 15:00:00
  2099-Nov-27 22:00:00
  2099-Dec-04 06:00:00
  2099-Dec-10 13:00:00
  2099-Dec-16 21:00:00
  2099-Dec-23 04:00:00
  2099-Dec-29 12:00:00
Beginning Simulation...
  2100-Jan-04 12:00:00 (1%)
  2100-Jan-10 09:00:00 (2.6%)
  2100-Jan-16 05:00:00 (4.2%)
  2100-Jan-22 02:00:00 (5.8%)
  2100-Jan-27 22:00:00 (7.4%)
  2100-Feb-02 18:00:00 (9%)
  2100-Feb-08 15:00:00 (10.6%)
  2100-Feb-14 11:00:00 (12.2%)
  2100-Feb-20 08:00:00 (13.8%)
  2100-Feb-26 04:00:00 (15.4%)
  2100-Mar-04 00:00:00 (17%)
  2100-Mar-09 21:00:00 (18.6%)
  2100-Mar-15 17:00:00 (20.2%)
  2100-Mar-21 13:00:00 (21.8%)
  2100-Mar-27 10:00:00 (23.4%)
  2100-Apr-02 06:00:00 (25%)
  2100-Apr-08 02:00:00 (26.6%)
  2100-Apr-13 23:00:00 (28.2%)
  2100-Apr-19 19:00:00 (29.8%)
  2100-Apr-25 16:00:00 (31.4%)
  2100-May-01 12:00:00 (33%)
  2100-May-07 09:00:00 (34.6%)
  2100-May-13 05:00:00 (36.2%)
  2100-May-19 01:00:00 (37.8%)
  2100-May-24 21:00:00 (39.4%)
  2100-May-30 18:00:00 (41%)
  2100-Jun-05 15:00:00 (42.6%)
  2100-Jun-11 11:00:00 (44.2%)
  2100-Jun-17 08:00:00 (45.8%)
  2100-Jun-23 04:00:00 (47.4%)
  2100-Jun-29 01:00:00 (49.1%)
  2100-Jul-04 20:00:00 (50.6%)
  2100-Jul-10 17:00:00 (52.2%)
  2100-Jul-16 13:00:00 (53.8%)
  2100-Jul-22 10:00:00 (55.5%)
  2100-Jul-28 06:00:00 (57.1%)
  2100-Aug-03 03:00:00 (58.7%)
  2100-Aug-08 23:00:00 (60.3%)
  2100-Aug-14 20:00:00 (61.9%)
  2100-Aug-20 16:00:00 (63.5%)
  2100-Aug-26 13:00:00 (65.1%)
  2100-Sep-01 09:00:00 (66.7%)
  2100-Sep-07 06:00:00 (68.3%)
  2100-Sep-13 02:00:00 (69.9%)
  2100-Sep-18 23:00:00 (71.5%)
  2100-Sep-24 19:00:00 (73.1%)
  2100-Sep-30 16:00:00 (74.7%)
  2100-Oct-06 12:00:00 (76.3%)
  2100-Oct-12 09:00:00 (77.9%)
  2100-Oct-18 06:00:00 (79.5%)
  2100-Oct-24 02:00:00 (81.1%)
  2100-Oct-29 23:00:00 (82.7%)
  2100-Nov-04 19:00:00 (84.3%)
  2100-Nov-10 16:00:00 (85.9%)
  2100-Nov-16 12:00:00 (87.5%)
  2100-Nov-22 09:00:00 (89.1%)
  2100-Nov-28 05:00:00 (90.7%)
  2100-Dec-04 01:00:00 (92.3%)
  2100-Dec-09 21:00:00 (93.9%)
  2100-Dec-15 18:00:00 (95.5%)
  2100-Dec-21 14:00:00 (97.1%)
  2100-Dec-27 11:00:00 (98.8%)
  2100-Dec-31 23:00:00 (100%)
Finished Program: 2014-Nov-18 11:16:24.776532
Elapsed Time: 00:02:01.435381
