instance.yaml
kiva v0.2.0-9-g526928a
Copyright (C) 2012-2014 Big Ladder Software
Web: www.bigladdersoftware.com

Starting Program: 2014-Oct-26 15:43:17.947872
Creating Domain...
  X Cells: 98
  Y Cells: 1
  Z Cells: 125
  Total Cells: 12250
Initializing Temperatures...
  2098-Nov-19 23:00:00
  2099-Jan-08 13:00:00
  2099-Jan-30 01:00:00
  2099-Feb-21 10:00:00
  2099-Mar-15 19:00:00
  2099-Apr-07 05:00:00
  2099-Apr-29 14:00:00
  2099-May-21 23:00:00
  2099-Jun-13 08:00:00
  2099-Jul-05 16:00:00
  2099-Jul-28 01:00:00
  2099-Aug-19 10:00:00
  2099-Sep-10 19:00:00
  2099-Oct-03 04:00:00
  2099-Oct-25 13:00:00
  2099-Nov-16 22:00:00
  2099-Dec-09 07:00:00
  2099-Dec-31 16:00:00
Beginning Simulation...
  2100-Jan-21 10:00:00 (5.6%)
  2100-Feb-11 04:00:00 (11.3%)
  2100-Mar-03 21:00:00 (17%)
  2100-Mar-24 15:00:00 (22.6%)
  2100-Apr-14 08:00:00 (28.3%)
  2100-May-05 02:00:00 (34%)
  2100-May-25 20:00:00 (39.7%)
  2100-Jun-15 13:00:00 (45.4%)
  2100-Jul-06 07:00:00 (51%)
  2100-Jul-27 01:00:00 (56.7%)
  2100-Aug-16 18:00:00 (62.4%)
  2100-Sep-06 11:00:00 (68.1%)
  2100-Sep-27 05:00:00 (73.8%)
  2100-Oct-17 18:00:00 (79.4%)
  2100-Nov-07 11:00:00 (85.1%)
  2100-Nov-28 05:00:00 (90.7%)
  2100-Dec-18 23:00:00 (96.4%)
  2100-Dec-31 23:00:00 (100%)
Finished Program: 2014-Oct-26 15:43:53.629091
Elapsed Time: 00:00:35.681219
