instance.yaml
kiva v0.2.0-21-g785bfe1
Copyright (C) 2012-2014 Big Ladder Software
Web: www.bigladdersoftware.com

Starting Program: 2014-Nov-18 11:05:27.854197
Creating Domain...
  X Cells: 224
  Y Cells: 1
  Z Cells: 127
  Total Cells: 28448
Initializing Temperatures...
  2098-Dec-31 23:00:00
  2099-Jan-08 20:00:00
  2099-Jan-17 00:00:00
  2099-Jan-25 05:00:00
  2099-Feb-02 10:00:00
  2099-Feb-10 14:00:00
  2099-Feb-18 19:00:00
  2099-Feb-27 00:00:00
  2099-Mar-07 04:00:00
  2099-Mar-15 09:00:00
  2099-Mar-23 14:00:00
  2099-Mar-31 18:00:00
  2099-Apr-08 23:00:00
  2099-Apr-17 04:00:00
  2099-Apr-25 09:00:00
  2099-May-03 13:00:00
  2099-May-11 18:00:00
  2099-May-19 23:00:00
  2099-May-28 03:00:00
  2099-Jun-05 08:00:00
  2099-Jun-13 13:00:00
  2099-Jun-21 18:00:00
  2099-Jun-29 22:00:00
  2099-Jul-08 03:00:00
  2099-Jul-16 08:00:00
  2099-Jul-24 13:00:00
  2099-Aug-01 17:00:00
  2099-Aug-09 22:00:00
  2099-Aug-18 03:00:00
  2099-Aug-26 08:00:00
  2099-Sep-03 12:00:00
  2099-Sep-11 17:00:00
  2099-Sep-19 22:00:00
  2099-Sep-28 03:00:00
  2099-Oct-06 07:00:00
  2099-Oct-14 12:00:00
  2099-Oct-22 17:00:00
  2099-Oct-30 22:00:00
  2099-Nov-08 02:00:00
  2099-Nov-16 07:00:00
  2099-Nov-24 12:00:00
  2099-Dec-02 17:00:00
  2099-Dec-10 21:00:00
  2099-Dec-19 02:00:00
  2099-Dec-27 07:00:00
Beginning Simulation...
  2100-Jan-04 07:00:00 (0.9%)
  2100-Jan-11 23:00:00 (3%)
  2100-Jan-19 16:00:00 (5.1%)
  2100-Jan-27 09:00:00 (7.2%)
  2100-Feb-04 02:00:00 (9.3%)
  2100-Feb-11 18:00:00 (11.4%)
  2100-Feb-19 11:00:00 (13.6%)
  2100-Feb-27 04:00:00 (15.7%)
  2100-Mar-06 21:00:00 (17.8%)
  2100-Mar-14 14:00:00 (19.9%)
  2100-Mar-22 06:00:00 (22%)
  2100-Mar-29 23:00:00 (24.1%)
  2100-Apr-06 16:00:00 (26.2%)
  2100-Apr-14 09:00:00 (28.3%)
  2100-Apr-22 02:00:00 (30.4%)
  2100-Apr-29 18:00:00 (32.5%)
  2100-May-07 11:00:00 (34.6%)
  2100-May-15 04:00:00 (36.8%)
  2100-May-22 21:00:00 (38.9%)
  2100-May-30 13:00:00 (41%)
  2100-Jun-07 06:00:00 (43.1%)
  2100-Jun-14 23:00:00 (45.2%)
  2100-Jun-22 16:00:00 (47.3%)
  2100-Jun-30 09:00:00 (49.4%)
  2100-Jul-08 02:00:00 (51.5%)
  2100-Jul-15 19:00:00 (53.6%)
  2100-Jul-23 11:00:00 (55.7%)
  2100-Jul-31 04:00:00 (57.9%)
  2100-Aug-07 21:00:00 (60%)
  2100-Aug-15 14:00:00 (62.1%)
  2100-Aug-23 06:00:00 (64.2%)
  2100-Aug-30 23:00:00 (66.3%)
  2100-Sep-07 16:00:00 (68.4%)
  2100-Sep-15 09:00:00 (70.5%)
  2100-Sep-23 02:00:00 (72.6%)
  2100-Sep-30 19:00:00 (74.7%)
  2100-Oct-08 11:00:00 (76.8%)
  2100-Oct-16 04:00:00 (78.9%)
  2100-Oct-23 21:00:00 (81.1%)
  2100-Oct-31 14:00:00 (83.2%)
  2100-Nov-08 07:00:00 (85.3%)
  2100-Nov-16 00:00:00 (87.4%)
  2100-Nov-23 17:00:00 (89.5%)
  2100-Dec-01 09:00:00 (91.6%)
  2100-Dec-09 02:00:00 (93.7%)
  2100-Dec-16 19:00:00 (95.8%)
  2100-Dec-24 12:00:00 (97.9%)
  2100-Dec-31 23:00:00 (100%)
Finished Program: 2014-Nov-18 11:07:00.971813
Elapsed Time: 00:01:33.117616
