instance.yaml
kiva v0.2.0-21-g785bfe1
Copyright (C) 2012-2014 Big Ladder Software
Web: www.bigladdersoftware.com

Starting Program: 2014-Nov-18 11:20:24.785275
Creating Domain...
  X Cells: 201
  Y Cells: 1
  Z Cells: 127
  Total Cells: 25527
Initializing Temperatures...
  2099-Jan-02 05:00:00
  2099-Jan-12 11:00:00
  2099-Jan-22 17:00:00
  2099-Feb-01 23:00:00
  2099-Feb-12 04:00:00
  2099-Feb-22 11:00:00
  2099-Mar-04 17:00:00
  2099-Mar-14 23:00:00
  2099-Mar-25 05:00:00
  2099-Apr-04 11:00:00
  2099-Apr-14 17:00:00
  2099-Apr-24 23:00:00
  2099-May-05 06:00:00
  2099-May-15 12:00:00
  2099-May-25 18:00:00
  2099-Jun-05 00:00:00
  2099-Jun-15 06:00:00
  2099-Jun-25 13:00:00
  2099-Jul-05 19:00:00
  2099-Jul-16 01:00:00
  2099-Jul-26 07:00:00
  2099-Aug-05 13:00:00
  2099-Aug-15 19:00:00
  2099-Aug-26 01:00:00
  2099-Sep-05 07:00:00
  2099-Sep-15 14:00:00
  2099-Sep-25 20:00:00
  2099-Oct-06 02:00:00
  2099-Oct-16 08:00:00
  2099-Oct-26 14:00:00
  2099-Nov-05 21:00:00
  2099-Nov-16 03:00:00
  2099-Nov-26 09:00:00
  2099-Dec-06 15:00:00
  2099-Dec-16 21:00:00
  2099-Dec-27 04:00:00
Beginning Simulation...
  2100-Jan-06 00:00:00 (1.4%)
  2100-Jan-15 12:00:00 (4%)
  2100-Jan-25 00:00:00 (6.6%)
  2100-Feb-03 12:00:00 (9.2%)
  2100-Feb-13 02:00:00 (11.8%)
  2100-Feb-22 15:00:00 (14.4%)
  2100-Mar-04 04:00:00 (17%)
  2100-Mar-13 17:00:00 (19.6%)
  2100-Mar-23 06:00:00 (22.3%)
  2100-Apr-01 19:00:00 (24.9%)
  2100-Apr-11 08:00:00 (27.5%)
  2100-Apr-20 22:00:00 (30.1%)
  2100-Apr-30 10:00:00 (32.7%)
  2100-May-10 00:00:00 (35.3%)
  2100-May-19 15:00:00 (38%)
  2100-May-29 05:00:00 (40.6%)
  2100-Jun-07 20:00:00 (43.2%)
  2100-Jun-17 11:00:00 (45.9%)
  2100-Jun-27 02:00:00 (48.5%)
  2100-Jul-06 17:00:00 (51.2%)
  2100-Jul-16 08:00:00 (53.8%)
  2100-Jul-25 23:00:00 (56.4%)
  2100-Aug-04 14:00:00 (59.1%)
  2100-Aug-14 05:00:00 (61.7%)
  2100-Aug-23 20:00:00 (64.3%)
  2100-Sep-02 11:00:00 (67%)
  2100-Sep-12 02:00:00 (69.6%)
  2100-Sep-21 17:00:00 (72.2%)
  2100-Oct-01 07:00:00 (74.9%)
  2100-Oct-10 23:00:00 (77.5%)
  2100-Oct-20 14:00:00 (80.2%)
  2100-Oct-30 05:00:00 (82.8%)
  2100-Nov-08 19:00:00 (85.4%)
  2100-Nov-18 08:00:00 (88%)
  2100-Nov-27 23:00:00 (90.7%)
  2100-Dec-07 14:00:00 (93.3%)
  2100-Dec-17 05:00:00 (95.9%)
  2100-Dec-26 19:00:00 (98.6%)
  2100-Dec-31 23:00:00 (100%)
Finished Program: 2014-Nov-18 11:21:39.538503
Elapsed Time: 00:01:14.753228
