instance.yaml
kiva v0.2.0-21-g785bfe1
Copyright (C) 2012-2014 Big Ladder Software
Web: www.bigladdersoftware.com

Starting Program: 2014-Nov-18 11:07:23.717230
Creating Domain...
  X Cells: 245
  Y Cells: 1
  Z Cells: 103
  Total Cells: 25235
Initializing Temperatures...
  2098-Oct-01 23:00:00
  2099-Jan-01 22:00:00
  2099-Jan-10 12:00:00
  2099-Jan-19 01:00:00
  2099-Jan-27 14:00:00
  2099-Feb-05 04:00:00
  2099-Feb-13 17:00:00
  2099-Feb-22 07:00:00
  2099-Mar-02 20:00:00
  2099-Mar-11 09:00:00
  2099-Mar-19 23:00:00
  2099-Mar-28 12:00:00
  2099-Apr-06 02:00:00
  2099-Apr-14 15:00:00
  2099-Apr-23 04:00:00
  2099-May-01 17:00:00
  2099-May-10 07:00:00
  2099-May-18 20:00:00
  2099-May-27 10:00:00
  2099-Jun-05 00:00:00
  2099-Jun-13 13:00:00
  2099-Jun-22 03:00:00
  2099-Jun-30 16:00:00
  2099-Jul-09 06:00:00
  2099-Jul-17 19:00:00
  2099-Jul-26 09:00:00
  2099-Aug-04 00:00:00
  2099-Aug-12 15:00:00
  2099-Aug-21 06:00:00
  2099-Aug-29 21:00:00
  2099-Sep-07 12:00:00
  2099-Sep-16 03:00:00
  2099-Sep-24 18:00:00
  2099-Oct-03 09:00:00
  2099-Oct-12 00:00:00
  2099-Oct-20 15:00:00
  2099-Oct-29 06:00:00
  2099-Nov-06 22:00:00
  2099-Nov-15 13:00:00
  2099-Nov-24 05:00:00
  2099-Dec-02 20:00:00
  2099-Dec-11 11:00:00
  2099-Dec-20 03:00:00
  2099-Dec-28 18:00:00
Beginning Simulation...
  2100-Jan-06 08:00:00 (1.5%)
  2100-Jan-14 21:00:00 (3.8%)
  2100-Jan-23 10:00:00 (6.1%)
  2100-Jan-31 22:00:00 (8.5%)
  2100-Feb-09 11:00:00 (10.8%)
  2100-Feb-18 00:00:00 (13.2%)
  2100-Feb-26 13:00:00 (15.5%)
  2100-Mar-07 02:00:00 (17.8%)
  2100-Mar-15 14:00:00 (20.2%)
  2100-Mar-24 03:00:00 (22.5%)
  2100-Apr-01 16:00:00 (24.8%)
  2100-Apr-10 05:00:00 (27.2%)
  2100-Apr-18 18:00:00 (29.5%)
  2100-Apr-27 07:00:00 (31.9%)
  2100-May-05 20:00:00 (34.2%)
  2100-May-14 09:00:00 (36.5%)
  2100-May-22 22:00:00 (38.9%)
  2100-May-31 11:00:00 (41.2%)
  2100-Jun-09 00:00:00 (43.6%)
  2100-Jun-17 13:00:00 (45.9%)
  2100-Jun-26 02:00:00 (48.2%)
  2100-Jul-04 15:00:00 (50.6%)
  2100-Jul-13 04:00:00 (52.9%)
  2100-Jul-21 17:00:00 (55.3%)
  2100-Jul-30 06:00:00 (57.6%)
  2100-Aug-07 19:00:00 (59.9%)
  2100-Aug-16 08:00:00 (62.3%)
  2100-Aug-24 21:00:00 (64.6%)
  2100-Sep-02 10:00:00 (67%)
  2100-Sep-10 23:00:00 (69.3%)
  2100-Sep-19 12:00:00 (71.6%)
  2100-Sep-28 01:00:00 (74%)
  2100-Oct-06 15:00:00 (76.3%)
  2100-Oct-15 02:00:00 (78.7%)
  2100-Oct-23 16:00:00 (81%)
  2100-Nov-01 05:00:00 (83.3%)
  2100-Nov-09 18:00:00 (85.7%)
  2100-Nov-18 07:00:00 (88%)
  2100-Nov-26 20:00:00 (90.4%)
  2100-Dec-05 09:00:00 (92.7%)
  2100-Dec-13 22:00:00 (95%)
  2100-Dec-22 11:00:00 (97.4%)
  2100-Dec-31 00:00:00 (99.7%)
  2100-Dec-31 23:00:00 (100%)
Finished Program: 2014-Nov-18 11:08:50.115334
Elapsed Time: 00:01:26.398104
