instance.yaml
kiva v0.2.0-20-g4c7c200
Copyright (C) 2012-2014 Big Ladder Software
Web: www.bigladdersoftware.com

Starting Program: 2014-Nov-17 14:11:16.832585
Creating Domain...
  X Cells: 92
  Y Cells: 1
  Z Cells: 133
  Total Cells: 12236
Initializing Temperatures...
  2099-Jan-11 05:00:00
  2099-Jan-31 11:00:00
  2099-Feb-20 17:00:00
  2099-Mar-12 23:00:00
  2099-Apr-02 05:00:00
  2099-Apr-22 11:00:00
  2099-May-12 17:00:00
  2099-Jun-02 00:00:00
  2099-Jun-22 06:00:00
  2099-Jul-12 13:00:00
  2099-Aug-01 19:00:00
  2099-Aug-22 01:00:00
  2099-Sep-11 08:00:00
  2099-Oct-01 14:00:00
  2099-Oct-21 21:00:00
  2099-Nov-11 03:00:00
  2099-Dec-01 10:00:00
  2099-Dec-21 16:00:00
Beginning Simulation...
  2100-Jan-10 02:00:00 (2.5%)
  2100-Jan-28 16:00:00 (7.6%)
  2100-Feb-16 05:00:00 (12.7%)
  2100-Mar-06 18:00:00 (17.7%)
  2100-Mar-25 07:00:00 (22.8%)
  2100-Apr-12 21:00:00 (27.9%)
  2100-May-01 10:00:00 (33%)
  2100-May-20 00:00:00 (38.1%)
  2100-Jun-07 14:00:00 (43.2%)
  2100-Jun-26 04:00:00 (48.3%)
  2100-Jul-14 18:00:00 (53.4%)
  2100-Aug-02 08:00:00 (58.4%)
  2100-Aug-20 18:00:00 (63.5%)
  2100-Sep-08 08:00:00 (68.6%)
  2100-Sep-26 22:00:00 (73.7%)
  2100-Oct-15 12:00:00 (78.8%)
  2100-Nov-03 01:00:00 (83.8%)
  2100-Nov-21 15:00:00 (88.9%)
  2100-Dec-10 04:00:00 (94%)
  2100-Dec-28 18:00:00 (99.1%)
  2100-Dec-31 23:00:00 (100%)
Finished Program: 2014-Nov-17 14:11:55.174611
Elapsed Time: 00:00:38.342026
