instance.yaml
kiva v0.2.0-21-g785bfe1
Copyright (C) 2012-2014 Big Ladder Software
Web: www.bigladdersoftware.com

Starting Program: 2014-Nov-18 10:53:25.742846
Creating Domain...
  X Cells: 127
  Y Cells: 1
  Z Cells: 96
  Total Cells: 12192
Initializing Temperatures...
  2098-Oct-15 23:00:00
  2099-Jan-13 04:00:00
  2099-Jan-31 07:00:00
  2099-Feb-18 10:00:00
  2099-Mar-08 13:00:00
  2099-Mar-26 17:00:00
  2099-Apr-13 21:00:00
  2099-May-02 00:00:00
  2099-May-20 04:00:00
  2099-Jun-07 08:00:00
  2099-Jun-25 12:00:00
  2099-Jul-13 15:00:00
  2099-Jul-31 19:00:00
  2099-Aug-18 22:00:00
  2099-Sep-06 02:00:00
  2099-Sep-24 06:00:00
  2099-Oct-12 09:00:00
  2099-Oct-30 13:00:00
  2099-Nov-17 17:00:00
  2099-Dec-05 21:00:00
  2099-Dec-24 01:00:00
Beginning Simulation...
  2100-Jan-10 21:00:00 (2.7%)
  2100-Jan-28 12:00:00 (7.5%)
  2100-Feb-15 03:00:00 (12.4%)
  2100-Mar-04 18:00:00 (17.2%)
  2100-Mar-22 09:00:00 (22%)
  2100-Apr-09 00:00:00 (26.8%)
  2100-Apr-26 15:00:00 (31.7%)
  2100-May-14 06:00:00 (36.5%)
  2100-May-31 22:00:00 (41.3%)
  2100-Jun-18 13:00:00 (46.2%)
  2100-Jul-06 04:00:00 (51%)
  2100-Jul-23 19:00:00 (55.8%)
  2100-Aug-10 10:00:00 (60.7%)
  2100-Aug-27 23:00:00 (65.5%)
  2100-Sep-14 14:00:00 (70.3%)
  2100-Oct-02 05:00:00 (75.1%)
  2100-Oct-19 20:00:00 (80%)
  2100-Nov-06 11:00:00 (84.8%)
  2100-Nov-24 02:00:00 (89.6%)
  2100-Dec-11 17:00:00 (94.4%)
  2100-Dec-29 08:00:00 (99.3%)
  2100-Dec-31 23:00:00 (100%)
Finished Program: 2014-Nov-18 10:54:07.150841
Elapsed Time: 00:00:41.407995
