instance.yaml
kiva v0.2.0-9-g526928a
Copyright (C) 2012-2014 Big Ladder Software
Web: www.bigladdersoftware.com

Starting Program: 2014-Oct-19 03:50:12.821225
Creating Domain...
  X Cells: 98
  Y Cells: 1
  Z Cells: 98
  Total Cells: 9604
Initializing Temperatures...
Warning: Solution did not converge after 1258 iterations.
  The final residual was: 0.000103745
  Solver status: 2
Warning: Solution did not converge after 261 iterations.
  The final residual was: 1.23567e-06
  Solver status: 2
  2098-Dec-10 23:00:00
  2099-Jan-19 14:00:00
  2099-Feb-14 01:00:00
  2099-Mar-11 13:00:00
  2099-Apr-06 01:00:00
  2099-May-01 13:00:00
  2099-May-27 01:00:00
  2099-Jun-21 13:00:00
  2099-Jul-17 00:00:00
  2099-Aug-11 12:00:00
  2099-Sep-06 00:00:00
  2099-Oct-01 12:00:00
  2099-Oct-27 00:00:00
  2099-Nov-21 13:00:00
  2099-Dec-17 01:00:00
Beginning Simulation...
  2100-Jan-11 05:00:00 (2.8%)
  2100-Feb-04 23:00:00 (9.6%)
  2100-Mar-01 18:00:00 (16.4%)
  2100-Mar-26 12:00:00 (23.2%)
  2100-Apr-20 07:00:00 (29.9%)
  2100-May-15 02:00:00 (36.7%)
  2100-Jun-08 20:00:00 (43.5%)
  2100-Jul-03 15:00:00 (50.3%)
  2100-Jul-28 10:00:00 (57.1%)
  2100-Aug-22 04:00:00 (63.9%)
  2100-Sep-15 23:00:00 (70.7%)
  2100-Oct-10 18:00:00 (77.5%)
  2100-Nov-04 12:00:00 (84.2%)
  2100-Nov-29 07:00:00 (91%)
  2100-Dec-24 02:00:00 (97.8%)
  2100-Dec-31 23:00:00 (100%)
Finished Program: 2014-Oct-19 03:50:43.319389
Elapsed Time: 00:00:30.498164
