instance.yaml
kiva v0.2.0-21-g785bfe1
Copyright (C) 2012-2014 Big Ladder Software
Web: www.bigladdersoftware.com

Starting Program: 2014-Nov-18 11:04:24.533989
Creating Domain...
  X Cells: 86
  Y Cells: 1
  Z Cells: 133
  Total Cells: 11438
Initializing Temperatures...
  2098-Dec-03 23:00:00
  2099-Jan-18 17:00:00
  2099-Feb-08 03:00:00
  2099-Feb-28 13:00:00
  2099-Mar-20 23:00:00
  2099-Apr-10 09:00:00
  2099-Apr-30 19:00:00
  2099-May-21 05:00:00
  2099-Jun-10 15:00:00
  2099-Jul-01 01:00:00
  2099-Jul-21 11:00:00
  2099-Aug-10 21:00:00
  2099-Aug-31 07:00:00
  2099-Sep-20 18:00:00
  2099-Oct-11 04:00:00
  2099-Oct-31 15:00:00
  2099-Nov-21 01:00:00
  2099-Dec-11 12:00:00
  2099-Dec-31 23:00:00
Beginning Simulation...
  2100-Jan-19 16:00:00 (5.1%)
  2100-Feb-07 10:00:00 (10.3%)
  2100-Feb-26 04:00:00 (15.4%)
  2100-Mar-15 20:00:00 (20.2%)
  2100-Apr-03 14:00:00 (25.4%)
  2100-Apr-22 08:00:00 (30.5%)
  2100-May-11 02:00:00 (35.6%)
  2100-May-29 20:00:00 (40.8%)
  2100-Jun-17 14:00:00 (45.9%)
  2100-Jul-06 08:00:00 (51.1%)
  2100-Jul-25 02:00:00 (56.2%)
  2100-Aug-12 19:00:00 (61.3%)
  2100-Aug-31 10:00:00 (66.4%)
  2100-Sep-19 04:00:00 (71.6%)
  2100-Oct-07 22:00:00 (76.7%)
  2100-Oct-26 15:00:00 (81.8%)
  2100-Nov-14 09:00:00 (87%)
  2100-Dec-03 03:00:00 (92.1%)
  2100-Dec-21 21:00:00 (97.2%)
  2100-Dec-31 23:00:00 (100%)
Finished Program: 2014-Nov-18 11:05:02.540446
Elapsed Time: 00:00:38.006457
