instance.yaml
kiva v0.2.0-19-ge248292
Copyright (C) 2012-2014 Big Ladder Software
Web: www.bigladdersoftware.com

Starting Program: 2014-Nov-17 08:40:16.199930
Creating Domain...
  X Cells: 61
  Y Cells: 1
  Z Cells: 125
  Total Cells: 7625
Initializing Temperatures...
  2099-Jan-10 21:00:00
  2099-Feb-09 15:00:00
  2099-Mar-11 09:00:00
  2099-Apr-10 02:00:00
  2099-May-09 20:00:00
  2099-Jun-08 14:00:00
  2099-Jul-08 08:00:00
  2099-Aug-07 02:00:00
  2099-Sep-05 20:00:00
  2099-Oct-05 14:00:00
  2099-Nov-04 08:00:00
  2099-Dec-04 02:00:00
Beginning Simulation...
  2100-Jan-02 14:00:00 (0.4%)
  2100-Jan-28 22:00:00 (7.6%)
  2100-Feb-24 06:00:00 (14.9%)
  2100-Mar-22 15:00:00 (22.1%)
  2100-Apr-17 23:00:00 (29.3%)
  2100-May-14 07:00:00 (36.5%)
  2100-Jun-09 16:00:00 (43.7%)
  2100-Jul-06 00:00:00 (51%)
  2100-Aug-01 08:00:00 (58.2%)
  2100-Aug-27 16:00:00 (65.4%)
  2100-Sep-23 01:00:00 (72.6%)
  2100-Oct-19 10:00:00 (79.8%)
  2100-Nov-14 18:00:00 (87.1%)
  2100-Dec-11 03:00:00 (94.3%)
  2100-Dec-31 23:00:00 (100%)
Finished Program: 2014-Nov-17 08:40:42.791999
Elapsed Time: 00:00:26.592069
