instance.yaml
kiva v0.2.0-9-g526928a
Copyright (C) 2012-2014 Big Ladder Software
Web: www.bigladdersoftware.com

Starting Program: 2014-Oct-26 15:36:59.887250
Creating Domain...
  X Cells: 101
  Y Cells: 1
  Z Cells: 113
  Total Cells: 11413
Initializing Temperatures...
  2098-Dec-24 23:00:00
  2099-Jan-17 10:00:00
  2099-Feb-08 18:00:00
  2099-Mar-03 01:00:00
  2099-Mar-25 08:00:00
  2099-Apr-16 15:00:00
  2099-May-08 22:00:00
  2099-May-31 06:00:00
  2099-Jun-22 13:00:00
  2099-Jul-14 20:00:00
  2099-Aug-06 03:00:00
  2099-Aug-28 10:00:00
  2099-Sep-19 17:00:00
  2099-Oct-12 01:00:00
  2099-Nov-03 08:00:00
  2099-Nov-25 15:00:00
  2099-Dec-17 22:00:00
Beginning Simulation...
  2100-Jan-09 01:00:00 (2.2%)
  2100-Jan-30 18:00:00 (8.2%)
  2100-Feb-21 12:00:00 (14.1%)
  2100-Mar-15 06:00:00 (20.1%)
  2100-Apr-05 23:00:00 (26%)
  2100-Apr-27 17:00:00 (32%)
  2100-May-19 10:00:00 (37.9%)
  2100-Jun-10 04:00:00 (43.9%)
  2100-Jul-01 21:00:00 (49.8%)
  2100-Jul-23 15:00:00 (55.8%)
  2100-Aug-14 08:00:00 (61.7%)
  2100-Sep-05 01:00:00 (67.7%)
  2100-Sep-26 19:00:00 (73.6%)
  2100-Oct-18 12:00:00 (79.6%)
  2100-Nov-09 06:00:00 (85.5%)
  2100-Dec-01 00:00:00 (91.5%)
  2100-Dec-22 13:00:00 (97.4%)
  2100-Dec-31 23:00:00 (100%)
Finished Program: 2014-Oct-26 15:37:34.433582
Elapsed Time: 00:00:34.546332
