instance.yaml
kiva v0.2.0-9-g526928a
Copyright (C) 2012-2014 Big Ladder Software
Web: www.bigladdersoftware.com

Starting Program: 2014-Oct-26 15:58:32.272553
Creating Domain...
  X Cells: 93
  Y Cells: 1
  Z Cells: 133
  Total Cells: 12369
Initializing Temperatures...
  2098-Oct-29 23:00:00
  2099-Jan-09 22:00:00
  2099-Jan-30 16:00:00
  2099-Feb-21 01:00:00
  2099-Mar-14 10:00:00
  2099-Apr-04 19:00:00
  2099-Apr-26 03:00:00
  2099-May-17 12:00:00
  2099-Jun-07 21:00:00
  2099-Jun-29 05:00:00
  2099-Jul-20 14:00:00
  2099-Aug-10 22:00:00
  2099-Sep-01 07:00:00
  2099-Sep-22 16:00:00
  2099-Oct-14 01:00:00
  2099-Nov-04 09:00:00
  2099-Nov-25 18:00:00
  2099-Dec-17 03:00:00
Beginning Simulation...
  2100-Jan-07 00:00:00 (1.6%)
  2100-Jan-26 16:00:00 (7%)
  2100-Feb-15 08:00:00 (12.4%)
  2100-Mar-07 00:00:00 (17.8%)
  2100-Mar-26 16:00:00 (23.2%)
  2100-Apr-15 07:00:00 (28.6%)
  2100-May-04 23:00:00 (34%)
  2100-May-24 16:00:00 (39.4%)
  2100-Jun-13 08:00:00 (44.7%)
  2100-Jul-02 23:00:00 (50.1%)
  2100-Jul-22 15:00:00 (55.5%)
  2100-Aug-11 06:00:00 (60.9%)
  2100-Aug-30 22:00:00 (66.3%)
  2100-Sep-19 14:00:00 (71.7%)
  2100-Oct-09 05:00:00 (77%)
  2100-Oct-28 17:00:00 (82.4%)
  2100-Nov-17 09:00:00 (87.8%)
  2100-Dec-07 01:00:00 (93.2%)
  2100-Dec-26 16:00:00 (98.5%)
  2100-Dec-31 23:00:00 (100%)
Finished Program: 2014-Oct-26 15:59:09.270309
Elapsed Time: 00:00:36.997756
