instance.yaml
kiva v0.2.0-21-g785bfe1
Copyright (C) 2012-2014 Big Ladder Software
Web: www.bigladdersoftware.com

Starting Program: 2014-Nov-18 11:31:25.202203
Creating Domain...
  X Cells: 201
  Y Cells: 1
  Z Cells: 103
  Total Cells: 20703
Initializing Temperatures...
  2098-Dec-03 23:00:00
  2099-Jan-09 17:00:00
  2099-Jan-20 14:00:00
  2099-Jan-31 11:00:00
  2099-Feb-11 09:00:00
  2099-Feb-22 06:00:00
  2099-Mar-05 03:00:00
  2099-Mar-16 00:00:00
  2099-Mar-26 21:00:00
  2099-Apr-06 19:00:00
  2099-Apr-17 16:00:00
  2099-Apr-28 13:00:00
  2099-May-09 10:00:00
  2099-May-20 07:00:00
  2099-May-31 04:00:00
  2099-Jun-11 02:00:00
  2099-Jun-21 23:00:00
  2099-Jul-02 20:00:00
  2099-Jul-13 17:00:00
  2099-Jul-24 14:00:00
  2099-Aug-04 11:00:00
  2099-Aug-15 09:00:00
  2099-Aug-26 06:00:00
  2099-Sep-06 03:00:00
  2099-Sep-17 00:00:00
  2099-Sep-27 22:00:00
  2099-Oct-08 19:00:00
  2099-Oct-19 16:00:00
  2099-Oct-30 13:00:00
  2099-Nov-10 11:00:00
  2099-Nov-21 08:00:00
  2099-Dec-02 05:00:00
  2099-Dec-13 03:00:00
  2099-Dec-24 00:00:00
Beginning Simulation...
  2100-Jan-03 19:00:00 (0.8%)
  2100-Jan-14 11:00:00 (3.7%)
  2100-Jan-25 03:00:00 (6.6%)
  2100-Feb-04 19:00:00 (9.5%)
  2100-Feb-15 11:00:00 (12.5%)
  2100-Feb-26 03:00:00 (15.4%)
  2100-Mar-08 20:00:00 (18.3%)
  2100-Mar-19 12:00:00 (21.2%)
  2100-Mar-30 04:00:00 (24.2%)
  2100-Apr-09 20:00:00 (27.1%)
  2100-Apr-20 12:00:00 (30%)
  2100-May-01 04:00:00 (32.9%)
  2100-May-11 20:00:00 (35.8%)
  2100-May-22 12:00:00 (38.8%)
  2100-Jun-02 05:00:00 (41.7%)
  2100-Jun-12 21:00:00 (44.6%)
  2100-Jun-23 12:00:00 (47.5%)
  2100-Jul-04 05:00:00 (50.5%)
  2100-Jul-14 21:00:00 (53.4%)
  2100-Jul-25 13:00:00 (56.3%)
  2100-Aug-05 05:00:00 (59.2%)
  2100-Aug-15 21:00:00 (62.2%)
  2100-Aug-26 13:00:00 (65.1%)
  2100-Sep-06 05:00:00 (68%)
  2100-Sep-16 21:00:00 (70.9%)
  2100-Sep-27 14:00:00 (73.9%)
  2100-Oct-08 06:00:00 (76.8%)
  2100-Oct-18 22:00:00 (79.7%)
  2100-Oct-29 14:00:00 (82.6%)
  2100-Nov-09 06:00:00 (85.5%)
  2100-Nov-19 23:00:00 (88.5%)
  2100-Nov-30 13:00:00 (91.4%)
  2100-Dec-11 05:00:00 (94.3%)
  2100-Dec-21 21:00:00 (97.2%)
  2100-Dec-31 23:00:00 (100%)
Finished Program: 2014-Nov-18 11:32:33.946105
Elapsed Time: 00:01:08.743902
