instance.yaml
kiva v0.2.0-21-g785bfe1
Copyright (C) 2012-2014 Big Ladder Software
Web: www.bigladdersoftware.com

Starting Program: 2014-Nov-18 11:11:25.442218
Creating Domain...
  X Cells: 92
  Y Cells: 1
  Z Cells: 125
  Total Cells: 11500
Initializing Temperatures...
  2098-Dec-24 23:00:00
  2099-Jan-21 18:00:00
  2099-Feb-12 03:00:00
  2099-Mar-05 12:00:00
  2099-Mar-26 21:00:00
  2099-Apr-17 07:00:00
  2099-May-08 16:00:00
  2099-May-30 01:00:00
  2099-Jun-20 11:00:00
  2099-Jul-11 20:00:00
  2099-Aug-02 05:00:00
  2099-Aug-23 15:00:00
  2099-Sep-14 00:00:00
  2099-Oct-05 10:00:00
  2099-Oct-26 19:00:00
  2099-Nov-17 04:00:00
  2099-Dec-08 14:00:00
  2099-Dec-29 23:00:00
Beginning Simulation...
  2100-Jan-18 19:00:00 (4.9%)
  2100-Feb-07 11:00:00 (10.3%)
  2100-Feb-27 03:00:00 (15.7%)
  2100-Mar-18 19:00:00 (21%)
  2100-Apr-07 10:00:00 (26.4%)
  2100-Apr-27 02:00:00 (31.8%)
  2100-May-16 18:00:00 (37.2%)
  2100-Jun-05 11:00:00 (42.6%)
  2100-Jun-25 03:00:00 (48%)
  2100-Jul-14 19:00:00 (53.4%)
  2100-Aug-03 11:00:00 (58.8%)
  2100-Aug-23 03:00:00 (64.1%)
  2100-Sep-11 19:00:00 (69.5%)
  2100-Oct-01 11:00:00 (74.9%)
  2100-Oct-20 23:00:00 (80.3%)
  2100-Nov-09 15:00:00 (85.7%)
  2100-Nov-29 07:00:00 (91%)
  2100-Dec-18 22:00:00 (96.4%)
  2100-Dec-31 23:00:00 (100%)
Finished Program: 2014-Nov-18 11:12:01.663941
Elapsed Time: 00:00:36.221723
