instance.yaml
kiva v0.2.0-19-ge248292
Copyright (C) 2012-2014 Big Ladder Software
Web: www.bigladdersoftware.com

Starting Program: 2014-Nov-17 08:47:13.278898
Creating Domain...
  X Cells: 179
  Y Cells: 1
  Z Cells: 93
  Total Cells: 16647
Initializing Temperatures...
  2098-Oct-29 23:00:00
  2099-Jan-08 21:00:00
  2099-Jan-21 20:00:00
  2099-Feb-03 20:00:00
  2099-Feb-16 19:00:00
  2099-Mar-01 19:00:00
  2099-Mar-14 18:00:00
  2099-Mar-27 18:00:00
  2099-Apr-09 18:00:00
  2099-Apr-22 17:00:00
  2099-May-05 17:00:00
  2099-May-18 16:00:00
  2099-May-31 16:00:00
  2099-Jun-13 16:00:00
  2099-Jun-26 15:00:00
  2099-Jul-09 15:00:00
  2099-Jul-22 14:00:00
  2099-Aug-04 14:00:00
  2099-Aug-17 14:00:00
  2099-Aug-30 13:00:00
  2099-Sep-12 13:00:00
  2099-Sep-25 13:00:00
  2099-Oct-08 12:00:00
  2099-Oct-21 12:00:00
  2099-Nov-03 12:00:00
  2099-Nov-16 11:00:00
  2099-Nov-29 11:00:00
  2099-Dec-12 11:00:00
  2099-Dec-25 10:00:00
Beginning Simulation...
  2100-Jan-07 07:00:00 (1.7%)
  2100-Jan-19 23:00:00 (5.2%)
  2100-Feb-01 15:00:00 (8.7%)
  2100-Feb-14 07:00:00 (12.1%)
  2100-Feb-26 23:00:00 (15.6%)
  2100-Mar-11 16:00:00 (19.1%)
  2100-Mar-24 08:00:00 (22.6%)
  2100-Apr-06 00:00:00 (26%)
  2100-Apr-18 16:00:00 (29.5%)
  2100-May-01 09:00:00 (33%)
  2100-May-14 00:00:00 (36.4%)
  2100-May-26 17:00:00 (39.9%)
  2100-Jun-08 09:00:00 (43.4%)
  2100-Jun-21 01:00:00 (46.9%)
  2100-Jul-03 17:00:00 (50.3%)
  2100-Jul-16 10:00:00 (53.8%)
  2100-Jul-29 01:00:00 (57.3%)
  2100-Aug-10 18:00:00 (60.8%)
  2100-Aug-23 10:00:00 (64.2%)
  2100-Sep-05 02:00:00 (67.7%)
  2100-Sep-17 19:00:00 (71.2%)
  2100-Sep-30 11:00:00 (74.6%)
  2100-Oct-13 03:00:00 (78.1%)
  2100-Oct-25 19:00:00 (81.6%)
  2100-Nov-07 12:00:00 (85.1%)
  2100-Nov-20 04:00:00 (88.5%)
  2100-Dec-02 20:00:00 (92%)
  2100-Dec-15 13:00:00 (95.5%)
  2100-Dec-28 05:00:00 (99%)
  2100-Dec-31 23:00:00 (100%)
Finished Program: 2014-Nov-17 08:48:11.297433
Elapsed Time: 00:00:58.018535
