instance.yaml
kiva v0.2.0-19-ge248292
Copyright (C) 2012-2014 Big Ladder Software
Web: www.bigladdersoftware.com

Starting Program: 2014-Nov-17 08:47:16.086053
Creating Domain...
  X Cells: 106
  Y Cells: 1
  Z Cells: 113
  Total Cells: 11978
Initializing Temperatures...
  2098-Nov-12 23:00:00
  2099-Jan-16 04:00:00
  2099-Feb-03 21:00:00
  2099-Feb-22 14:00:00
  2099-Mar-13 07:00:00
  2099-Apr-01 00:00:00
  2099-Apr-19 17:00:00
  2099-May-08 10:00:00
  2099-May-27 03:00:00
  2099-Jun-14 20:00:00
  2099-Jul-03 14:00:00
  2099-Jul-22 07:00:00
  2099-Aug-10 00:00:00
  2099-Aug-28 17:00:00
  2099-Sep-16 10:00:00
  2099-Oct-05 03:00:00
  2099-Oct-23 20:00:00
  2099-Nov-11 13:00:00
  2099-Nov-30 06:00:00
  2099-Dec-18 23:00:00
Beginning Simulation...
  2100-Jan-06 14:00:00 (1.5%)
  2100-Jan-24 21:00:00 (6.5%)
  2100-Feb-12 05:00:00 (11.6%)
  2100-Mar-02 13:00:00 (16.6%)
  2100-Mar-20 20:00:00 (21.6%)
  2100-Apr-08 04:00:00 (26.6%)
  2100-Apr-26 12:00:00 (31.6%)
  2100-May-14 20:00:00 (36.7%)
  2100-Jun-02 04:00:00 (41.7%)
  2100-Jun-20 12:00:00 (46.7%)
  2100-Jul-08 20:00:00 (51.7%)
  2100-Jul-27 04:00:00 (56.8%)
  2100-Aug-14 11:00:00 (61.8%)
  2100-Sep-01 19:00:00 (66.8%)
  2100-Sep-20 03:00:00 (71.8%)
  2100-Oct-08 08:00:00 (76.8%)
  2100-Oct-26 16:00:00 (81.8%)
  2100-Nov-13 23:00:00 (86.8%)
  2100-Dec-02 07:00:00 (91.9%)
  2100-Dec-20 15:00:00 (96.9%)
  2100-Dec-31 23:00:00 (100%)
Finished Program: 2014-Nov-17 08:47:56.620612
Elapsed Time: 00:00:40.534559
