instance.yaml
kiva v0.2.0-21-g785bfe1
Copyright (C) 2012-2014 Big Ladder Software
Web: www.bigladdersoftware.com

Starting Program: 2014-Nov-18 11:12:24.630651
Creating Domain...
  X Cells: 194
  Y Cells: 1
  Z Cells: 113
  Total Cells: 21922
Initializing Temperatures...
  2098-Oct-15 23:00:00
  2099-Jan-05 15:00:00
  2099-Jan-16 11:00:00
  2099-Jan-27 08:00:00
  2099-Feb-07 04:00:00
  2099-Feb-18 00:00:00
  2099-Feb-28 21:00:00
  2099-Mar-11 17:00:00
  2099-Mar-22 14:00:00
  2099-Apr-02 10:00:00
  2099-Apr-13 07:00:00
  2099-Apr-24 03:00:00
  2099-May-04 23:00:00
  2099-May-15 20:00:00
  2099-May-26 17:00:00
  2099-Jun-06 13:00:00
  2099-Jun-17 10:00:00
  2099-Jun-28 06:00:00
  2099-Jul-09 03:00:00
  2099-Jul-19 23:00:00
  2099-Jul-30 20:00:00
  2099-Aug-10 15:00:00
  2099-Aug-21 12:00:00
  2099-Sep-01 08:00:00
  2099-Sep-12 05:00:00
  2099-Sep-23 01:00:00
  2099-Oct-03 21:00:00
  2099-Oct-14 18:00:00
  2099-Oct-25 14:00:00
  2099-Nov-05 11:00:00
  2099-Nov-16 07:00:00
  2099-Nov-27 04:00:00
  2099-Dec-08 00:00:00
  2099-Dec-18 21:00:00
  2099-Dec-29 17:00:00
Beginning Simulation...
  2100-Jan-09 10:00:00 (2.3%)
  2100-Jan-20 02:00:00 (5.2%)
  2100-Jan-30 18:00:00 (8.2%)
  2100-Feb-10 10:00:00 (11.1%)
  2100-Feb-21 02:00:00 (14%)
  2100-Mar-03 18:00:00 (16.9%)
  2100-Mar-14 10:00:00 (19.8%)
  2100-Mar-25 02:00:00 (22.8%)
  2100-Apr-04 18:00:00 (25.7%)
  2100-Apr-15 10:00:00 (28.6%)
  2100-Apr-26 03:00:00 (31.5%)
  2100-May-06 19:00:00 (34.5%)
  2100-May-17 11:00:00 (37.4%)
  2100-May-28 03:00:00 (40.3%)
  2100-Jun-07 20:00:00 (43.2%)
  2100-Jun-18 12:00:00 (46.2%)
  2100-Jun-29 04:00:00 (49.1%)
  2100-Jul-09 21:00:00 (52%)
  2100-Jul-20 13:00:00 (54.9%)
  2100-Jul-31 05:00:00 (57.9%)
  2100-Aug-10 21:00:00 (60.8%)
  2100-Aug-21 14:00:00 (63.7%)
  2100-Sep-01 06:00:00 (66.6%)
  2100-Sep-11 22:00:00 (69.6%)
  2100-Sep-22 14:00:00 (72.5%)
  2100-Oct-03 07:00:00 (75.4%)
  2100-Oct-13 23:00:00 (78.3%)
  2100-Oct-24 16:00:00 (81.3%)
  2100-Nov-04 08:00:00 (84.2%)
  2100-Nov-15 00:00:00 (87.1%)
  2100-Nov-25 16:00:00 (90%)
  2100-Dec-06 07:00:00 (93%)
  2100-Dec-16 23:00:00 (95.9%)
  2100-Dec-27 15:00:00 (98.8%)
  2100-Dec-31 23:00:00 (100%)
Finished Program: 2014-Nov-18 11:13:33.407493
Elapsed Time: 00:01:08.776842
