instance.yaml
kiva v0.2.0-9-g526928a
Copyright (C) 2012-2014 Big Ladder Software
Web: www.bigladdersoftware.com

Starting Program: 2014-Oct-19 02:58:47.131973
Creating Domain...
  X Cells: 89
  Y Cells: 1
  Z Cells: 125
  Total Cells: 11125
Initializing Temperatures...
  2098-Dec-17 23:00:00
  2099-Jan-16 00:00:00
  2099-Feb-09 06:00:00
  2099-Mar-05 11:00:00
  2099-Mar-29 16:00:00
  2099-Apr-22 21:00:00
  2099-May-17 03:00:00
  2099-Jun-10 08:00:00
  2099-Jul-04 13:00:00
  2099-Jul-28 18:00:00
  2099-Aug-22 00:00:00
  2099-Sep-15 05:00:00
  2099-Oct-09 10:00:00
  2099-Nov-02 16:00:00
  2099-Nov-26 21:00:00
  2099-Dec-21 03:00:00
Beginning Simulation...
  2100-Jan-13 07:00:00 (3.4%)
  2100-Feb-04 15:00:00 (9.5%)
  2100-Feb-26 23:00:00 (15.6%)
  2100-Mar-21 07:00:00 (21.7%)
  2100-Apr-12 15:00:00 (27.8%)
  2100-May-04 23:00:00 (34%)
  2100-May-27 07:00:00 (40.1%)
  2100-Jun-18 15:00:00 (46.2%)
  2100-Jul-11 06:00:00 (52.4%)
  2100-Aug-02 21:00:00 (58.6%)
  2100-Aug-25 13:00:00 (64.8%)
  2100-Sep-17 06:00:00 (71%)
  2100-Oct-09 22:00:00 (77.2%)
  2100-Nov-01 14:00:00 (83.4%)
  2100-Nov-24 05:00:00 (89.6%)
  2100-Dec-16 21:00:00 (95.9%)
  2100-Dec-31 23:00:00 (100%)
Finished Program: 2014-Oct-19 02:59:19.667063
Elapsed Time: 00:00:32.535090
