instance.yaml
kiva v0.2.0-19-ge248292
Copyright (C) 2012-2014 Big Ladder Software
Web: www.bigladdersoftware.com

Starting Program: 2014-Nov-17 08:40:13.242747
Creating Domain...
  X Cells: 88
  Y Cells: 1
  Z Cells: 125
  Total Cells: 11000
Initializing Temperatures...
  2099-Jan-05 04:00:00
  2099-Jan-26 03:00:00
  2099-Feb-16 01:00:00
  2099-Mar-09 00:00:00
  2099-Mar-29 22:00:00
  2099-Apr-19 20:00:00
  2099-May-10 18:00:00
  2099-May-31 16:00:00
  2099-Jun-21 15:00:00
  2099-Jul-12 13:00:00
  2099-Aug-02 12:00:00
  2099-Aug-23 10:00:00
  2099-Sep-13 09:00:00
  2099-Oct-04 08:00:00
  2099-Oct-25 07:00:00
  2099-Nov-15 04:00:00
  2099-Dec-06 02:00:00
  2099-Dec-27 01:00:00
Beginning Simulation...
  2100-Jan-15 18:00:00 (4%)
  2100-Feb-04 01:00:00 (9.3%)
  2100-Feb-23 09:00:00 (14.6%)
  2100-Mar-14 16:00:00 (19.9%)
  2100-Apr-02 23:00:00 (25.2%)
  2100-Apr-22 06:00:00 (30.5%)
  2100-May-11 14:00:00 (35.8%)
  2100-May-30 21:00:00 (41.1%)
  2100-Jun-19 05:00:00 (46.4%)
  2100-Jul-08 12:00:00 (51.6%)
  2100-Jul-27 20:00:00 (56.9%)
  2100-Aug-16 03:00:00 (62.2%)
  2100-Sep-04 11:00:00 (67.5%)
  2100-Sep-23 16:00:00 (72.8%)
  2100-Oct-13 00:00:00 (78.1%)
  2100-Nov-01 08:00:00 (83.4%)
  2100-Nov-20 15:00:00 (88.7%)
  2100-Dec-09 22:00:00 (93.9%)
  2100-Dec-29 06:00:00 (99.2%)
  2100-Dec-31 23:00:00 (100%)
Finished Program: 2014-Nov-17 08:40:50.142154
Elapsed Time: 00:00:36.899407
