instance.yaml
kiva v0.2.0-19-ge248292
Copyright (C) 2012-2014 Big Ladder Software
Web: www.bigladdersoftware.com

Starting Program: 2014-Nov-17 08:39:14.541279
Creating Domain...
  X Cells: 88
  Y Cells: 1
  Z Cells: 158
  Total Cells: 13904
Initializing Temperatures...
  2098-Nov-12 23:00:00
  2099-Jan-14 04:00:00
  2099-Jan-31 01:00:00
  2099-Feb-16 21:00:00
  2099-Mar-05 17:00:00
  2099-Mar-22 13:00:00
  2099-Apr-08 09:00:00
  2099-Apr-25 05:00:00
  2099-May-12 01:00:00
  2099-May-28 22:00:00
  2099-Jun-14 17:00:00
  2099-Jul-01 14:00:00
  2099-Jul-18 10:00:00
  2099-Aug-04 06:00:00
  2099-Aug-21 03:00:00
  2099-Sep-06 23:00:00
  2099-Sep-23 20:00:00
  2099-Oct-10 16:00:00
  2099-Oct-27 13:00:00
  2099-Nov-13 09:00:00
  2099-Nov-30 05:00:00
  2099-Dec-17 01:00:00
Beginning Simulation...
  2100-Jan-02 18:00:00 (0.5%)
  2100-Jan-18 03:00:00 (4.7%)
  2100-Feb-02 17:00:00 (9%)
  2100-Feb-18 05:00:00 (13.2%)
  2100-Mar-05 18:00:00 (17.5%)
  2100-Mar-21 07:00:00 (21.7%)
  2100-Apr-05 19:00:00 (26%)
  2100-Apr-21 07:00:00 (30.2%)
  2100-May-06 20:00:00 (34.5%)
  2100-May-22 08:00:00 (38.7%)
  2100-Jun-06 20:00:00 (43%)
  2100-Jun-22 09:00:00 (47.2%)
  2100-Jul-07 22:00:00 (51.5%)
  2100-Jul-23 11:00:00 (55.7%)
  2100-Aug-08 00:00:00 (60%)
  2100-Aug-23 13:00:00 (64.3%)
  2100-Sep-08 03:00:00 (68.5%)
  2100-Sep-23 16:00:00 (72.8%)
  2100-Oct-09 05:00:00 (77%)
  2100-Oct-24 19:00:00 (81.3%)
  2100-Nov-09 08:00:00 (85.6%)
  2100-Nov-24 21:00:00 (89.8%)
  2100-Dec-10 10:00:00 (94.1%)
  2100-Dec-25 23:00:00 (98.3%)
  2100-Dec-31 23:00:00 (100%)
Finished Program: 2014-Nov-17 08:40:00.388401
Elapsed Time: 00:00:45.847122
