instance.yaml
kiva v0.2.0-21-g785bfe1
Copyright (C) 2012-2014 Big Ladder Software
Web: www.bigladdersoftware.com

Starting Program: 2014-Nov-18 11:31:27.068462
Creating Domain...
  X Cells: 105
  Y Cells: 1
  Z Cells: 113
  Total Cells: 11865
Initializing Temperatures...
  2099-Jan-07 05:00:00
  2099-Jan-26 03:00:00
  2099-Feb-14 00:00:00
  2099-Mar-04 21:00:00
  2099-Mar-23 19:00:00
  2099-Apr-11 16:00:00
  2099-Apr-30 14:00:00
  2099-May-19 11:00:00
  2099-Jun-07 09:00:00
  2099-Jun-26 06:00:00
  2099-Jul-15 03:00:00
  2099-Aug-03 01:00:00
  2099-Aug-21 22:00:00
  2099-Sep-09 20:00:00
  2099-Sep-28 17:00:00
  2099-Oct-17 15:00:00
  2099-Nov-05 12:00:00
  2099-Nov-24 10:00:00
  2099-Dec-13 07:00:00
Beginning Simulation...
  2100-Jan-01 05:00:00 (0.1%)
  2100-Jan-19 16:00:00 (5.1%)
  2100-Feb-07 04:00:00 (10.2%)
  2100-Feb-25 16:00:00 (15.3%)
  2100-Mar-16 03:00:00 (20.3%)
  2100-Apr-03 15:00:00 (25.4%)
  2100-Apr-22 03:00:00 (30.4%)
  2100-May-10 14:00:00 (35.5%)
  2100-May-29 02:00:00 (40.6%)
  2100-Jun-16 14:00:00 (45.6%)
  2100-Jul-05 02:00:00 (50.7%)
  2100-Jul-23 14:00:00 (55.8%)
  2100-Aug-11 00:00:00 (60.8%)
  2100-Aug-29 11:00:00 (65.9%)
  2100-Sep-16 22:00:00 (70.9%)
  2100-Oct-05 10:00:00 (76%)
  2100-Oct-23 22:00:00 (81.1%)
  2100-Nov-11 10:00:00 (86.1%)
  2100-Nov-29 22:00:00 (91.2%)
  2100-Dec-18 09:00:00 (96.3%)
  2100-Dec-31 23:00:00 (100%)
Finished Program: 2014-Nov-18 11:32:06.734997
Elapsed Time: 00:00:39.666535
