instance.yaml
kiva v0.2.0-21-g785bfe1
Copyright (C) 2012-2014 Big Ladder Software
Web: www.bigladdersoftware.com

Starting Program: 2014-Nov-18 11:20:26.464340
Creating Domain...
  X Cells: 167
  Y Cells: 1
  Z Cells: 125
  Total Cells: 20875
Initializing Temperatures...
  2098-Nov-12 23:00:00
  2099-Jan-07 21:00:00
  2099-Jan-19 02:00:00
  2099-Jan-30 06:00:00
  2099-Feb-05 15:00:00
  2099-Feb-16 20:00:00
  2099-Feb-28 00:00:00
  2099-Mar-11 05:00:00
  2099-Mar-22 10:00:00
  2099-Apr-02 15:00:00
  2099-Apr-13 19:00:00
  2099-Apr-25 00:00:00
  2099-May-06 05:00:00
  2099-May-17 10:00:00
  2099-May-28 14:00:00
  2099-Jun-08 19:00:00
  2099-Jun-20 00:00:00
  2099-Jul-01 05:00:00
  2099-Jul-12 10:00:00
  2099-Jul-23 15:00:00
  2099-Aug-03 20:00:00
  2099-Aug-15 00:00:00
  2099-Aug-26 05:00:00
  2099-Sep-06 10:00:00
  2099-Sep-17 15:00:00
  2099-Sep-28 19:00:00
  2099-Oct-10 00:00:00
  2099-Oct-21 05:00:00
  2099-Nov-01 10:00:00
  2099-Nov-12 15:00:00
  2099-Nov-23 20:00:00
  2099-Dec-05 01:00:00
  2099-Dec-16 05:00:00
  2099-Dec-27 10:00:00
Beginning Simulation...
  2100-Jan-07 04:00:00 (1.7%)
  2100-Jan-17 14:00:00 (4.5%)
  2100-Jan-28 00:00:00 (7.4%)
  2100-Feb-07 09:00:00 (10.2%)
  2100-Feb-17 19:00:00 (13.1%)
  2100-Feb-28 05:00:00 (15.9%)
  2100-Mar-10 15:00:00 (18.8%)
  2100-Mar-21 01:00:00 (21.7%)
  2100-Mar-31 11:00:00 (24.5%)
  2100-Apr-10 21:00:00 (27.4%)
  2100-Apr-21 07:00:00 (30.2%)
  2100-May-01 17:00:00 (33.1%)
  2100-May-12 03:00:00 (35.9%)
  2100-May-22 12:00:00 (38.8%)
  2100-Jun-01 22:00:00 (41.6%)
  2100-Jun-12 08:00:00 (44.5%)
  2100-Jun-22 18:00:00 (47.3%)
  2100-Jul-03 04:00:00 (50.2%)
  2100-Jul-13 15:00:00 (53%)
  2100-Jul-24 01:00:00 (55.9%)
  2100-Aug-03 10:00:00 (58.7%)
  2100-Aug-13 21:00:00 (61.6%)
  2100-Aug-24 07:00:00 (64.5%)
  2100-Sep-03 17:00:00 (67.3%)
  2100-Sep-14 03:00:00 (70.2%)
  2100-Sep-24 13:00:00 (73%)
  2100-Oct-04 23:00:00 (75.9%)
  2100-Oct-15 10:00:00 (78.7%)
  2100-Oct-25 20:00:00 (81.6%)
  2100-Nov-05 06:00:00 (84.5%)
  2100-Nov-15 16:00:00 (87.3%)
  2100-Nov-26 02:00:00 (90.2%)
  2100-Dec-06 12:00:00 (93%)
  2100-Dec-16 22:00:00 (95.9%)
  2100-Dec-27 06:00:00 (98.7%)
  2100-Dec-31 23:00:00 (100%)
Finished Program: 2014-Nov-18 11:21:35.453186
Elapsed Time: 00:01:08.988846
