instance.yaml
kiva v0.2.0-19-ge248292
Copyright (C) 2012-2014 Big Ladder Software
Web: www.bigladdersoftware.com

Starting Program: 2014-Nov-17 08:46:15.193440
Creating Domain...
  X Cells: 250
  Y Cells: 1
  Z Cells: 96
  Total Cells: 24000
Initializing Temperatures...
  2098-Dec-10 23:00:00
  2099-Jan-08 06:00:00
  2099-Jan-17 05:00:00
  2099-Jan-26 03:00:00
  2099-Feb-04 02:00:00
  2099-Feb-13 01:00:00
  2099-Feb-22 00:00:00
  2099-Mar-02 22:00:00
  2099-Mar-11 21:00:00
  2099-Mar-20 20:00:00
  2099-Mar-29 19:00:00
  2099-Apr-07 17:00:00
  2099-Apr-16 16:00:00
  2099-Apr-25 14:00:00
  2099-May-04 13:00:00
  2099-May-13 12:00:00
  2099-May-22 11:00:00
  2099-May-31 10:00:00
  2099-Jun-09 09:00:00
  2099-Jun-18 07:00:00
  2099-Jun-27 06:00:00
  2099-Jul-06 05:00:00
  2099-Jul-15 04:00:00
  2099-Jul-22 14:00:00
  2099-Jul-31 13:00:00
  2099-Aug-09 12:00:00
  2099-Aug-18 10:00:00
  2099-Aug-27 09:00:00
  2099-Sep-05 08:00:00
  2099-Sep-14 07:00:00
  2099-Sep-23 06:00:00
  2099-Oct-02 04:00:00
  2099-Oct-11 03:00:00
  2099-Oct-20 02:00:00
  2099-Oct-29 01:00:00
  2099-Nov-07 00:00:00
  2099-Nov-15 23:00:00
  2099-Nov-24 21:00:00
  2099-Dec-03 20:00:00
  2099-Dec-12 19:00:00
  2099-Dec-21 18:00:00
  2099-Dec-30 16:00:00
Beginning Simulation...
  2100-Jan-08 11:00:00 (2%)
  2100-Jan-17 04:00:00 (4.4%)
  2100-Jan-25 22:00:00 (6.8%)
  2100-Feb-03 15:00:00 (9.2%)
  2100-Feb-12 09:00:00 (11.6%)
  2100-Feb-21 03:00:00 (14%)
  2100-Mar-01 20:00:00 (16.4%)
  2100-Mar-10 13:00:00 (18.8%)
  2100-Mar-19 07:00:00 (21.2%)
  2100-Mar-28 00:00:00 (23.6%)
  2100-Apr-05 18:00:00 (26%)
  2100-Apr-14 12:00:00 (28.4%)
  2100-Apr-23 05:00:00 (30.7%)
  2100-May-01 23:00:00 (33.1%)
  2100-May-10 17:00:00 (35.5%)
  2100-May-19 10:00:00 (37.9%)
  2100-May-28 03:00:00 (40.3%)
  2100-Jun-05 21:00:00 (42.7%)
  2100-Jun-14 15:00:00 (45.1%)
  2100-Jun-23 08:00:00 (47.5%)
  2100-Jul-02 02:00:00 (49.9%)
  2100-Jul-10 19:00:00 (52.3%)
  2100-Jul-19 13:00:00 (54.7%)
  2100-Jul-28 06:00:00 (57.1%)
  2100-Aug-06 00:00:00 (59.5%)
  2100-Aug-14 18:00:00 (61.8%)
  2100-Aug-23 11:00:00 (64.2%)
  2100-Sep-01 05:00:00 (66.6%)
  2100-Sep-09 22:00:00 (69%)
  2100-Sep-18 16:00:00 (71.4%)
  2100-Sep-27 10:00:00 (73.8%)
  2100-Oct-06 03:00:00 (76.2%)
  2100-Oct-14 21:00:00 (78.6%)
  2100-Oct-23 13:00:00 (81%)
  2100-Nov-01 07:00:00 (83.4%)
  2100-Nov-10 00:00:00 (85.8%)
  2100-Nov-18 18:00:00 (88.2%)
  2100-Nov-27 12:00:00 (90.5%)
  2100-Dec-06 05:00:00 (92.9%)
  2100-Dec-14 23:00:00 (95.3%)
  2100-Dec-23 16:00:00 (97.7%)
  2100-Dec-31 23:00:00 (100%)
Finished Program: 2014-Nov-17 08:47:38.951324
Elapsed Time: 00:01:23.757884
