instance.yaml
kiva v0.2.0-21-g785bfe1
Copyright (C) 2012-2014 Big Ladder Software
Web: www.bigladdersoftware.com

Starting Program: 2014-Nov-18 11:31:25.233941
Creating Domain...
  X Cells: 105
  Y Cells: 1
  Z Cells: 103
  Total Cells: 10815
Initializing Temperatures...
  2099-Jan-04 01:00:00
  2099-Jan-25 23:00:00
  2099-Feb-16 22:00:00
  2099-Mar-10 21:00:00
  2099-Apr-01 19:00:00
  2099-Apr-23 18:00:00
  2099-May-15 16:00:00
  2099-Jun-06 15:00:00
  2099-Jun-28 14:00:00
  2099-Jul-20 12:00:00
  2099-Aug-11 11:00:00
  2099-Sep-02 09:00:00
  2099-Sep-24 08:00:00
  2099-Oct-16 06:00:00
  2099-Nov-07 05:00:00
  2099-Nov-29 04:00:00
  2099-Dec-21 02:00:00
Beginning Simulation...
  2100-Jan-11 18:00:00 (2.9%)
  2100-Feb-02 03:00:00 (8.8%)
  2100-Feb-23 12:00:00 (14.7%)
  2100-Mar-16 21:00:00 (20.5%)
  2100-Apr-07 06:00:00 (26.4%)
  2100-Apr-28 16:00:00 (32.2%)
  2100-May-20 01:00:00 (38.1%)
  2100-Jun-10 10:00:00 (43.9%)
  2100-Jul-01 19:00:00 (49.8%)
  2100-Jul-23 04:00:00 (55.7%)
  2100-Aug-13 13:00:00 (61.5%)
  2100-Sep-03 22:00:00 (67.4%)
  2100-Sep-25 07:00:00 (73.2%)
  2100-Oct-16 17:00:00 (79.1%)
  2100-Nov-07 02:00:00 (85%)
  2100-Nov-28 08:00:00 (90.8%)
  2100-Dec-19 17:00:00 (96.6%)
  2100-Dec-31 23:00:00 (100%)
Finished Program: 2014-Nov-18 11:31:59.575209
Elapsed Time: 00:00:34.341268
