instance.yaml
kiva v0.2.0-20-g4c7c200
Copyright (C) 2012-2014 Big Ladder Software
Web: www.bigladdersoftware.com

Starting Program: 2014-Nov-17 14:17:18.679802
Creating Domain...
  X Cells: 109
  Y Cells: 1
  Z Cells: 133
  Total Cells: 14497
Initializing Temperatures...
  2098-Oct-01 23:00:00
  2099-Jan-10 21:00:00
  2099-Jan-27 16:00:00
  2099-Feb-13 11:00:00
  2099-Mar-02 06:00:00
  2099-Mar-19 01:00:00
  2099-Apr-04 20:00:00
  2099-Apr-21 15:00:00
  2099-May-08 10:00:00
  2099-May-25 05:00:00
  2099-Jun-11 00:00:00
  2099-Jun-27 19:00:00
  2099-Jul-14 14:00:00
  2099-Jul-31 08:00:00
  2099-Aug-17 03:00:00
  2099-Sep-02 22:00:00
  2099-Sep-19 17:00:00
  2099-Oct-06 12:00:00
  2099-Oct-23 07:00:00
  2099-Nov-09 02:00:00
  2099-Nov-25 21:00:00
  2099-Dec-12 16:00:00
  2099-Dec-29 11:00:00
Beginning Simulation...
  2100-Jan-14 04:00:00 (3.6%)
  2100-Jan-29 18:00:00 (7.9%)
  2100-Feb-14 07:00:00 (12.1%)
  2100-Mar-01 20:00:00 (16.4%)
  2100-Mar-17 10:00:00 (20.7%)
  2100-Apr-02 03:00:00 (25%)
  2100-Apr-17 20:00:00 (29.3%)
  2100-May-03 12:00:00 (33.6%)
  2100-May-19 05:00:00 (37.9%)
  2100-Jun-03 22:00:00 (42.2%)
  2100-Jun-19 15:00:00 (46.5%)
  2100-Jul-05 08:00:00 (50.8%)
  2100-Jul-21 01:00:00 (55.1%)
  2100-Aug-05 19:00:00 (59.4%)
  2100-Aug-21 12:00:00 (63.7%)
  2100-Sep-06 05:00:00 (68%)
  2100-Sep-21 23:00:00 (72.3%)
  2100-Oct-07 15:00:00 (76.6%)
  2100-Oct-23 08:00:00 (80.9%)
  2100-Nov-08 01:00:00 (85.2%)
  2100-Nov-23 19:00:00 (89.5%)
  2100-Dec-09 12:00:00 (93.8%)
  2100-Dec-25 05:00:00 (98.1%)
  2100-Dec-31 23:00:00 (100%)
Finished Program: 2014-Nov-17 14:18:04.430164
Elapsed Time: 00:00:45.750362
