instance.yaml
kiva v0.2.0-21-g785bfe1
Copyright (C) 2012-2014 Big Ladder Software
Web: www.bigladdersoftware.com

Starting Program: 2014-Nov-18 11:16:27.845330
Creating Domain...
  X Cells: 276
  Y Cells: 1
  Z Cells: 132
  Total Cells: 36432
Initializing Temperatures...
  2098-Dec-03 23:00:00
  2099-Jan-05 02:00:00
  2099-Jan-11 16:00:00
  2099-Jan-18 07:00:00
  2099-Jan-24 22:00:00
  2099-Jan-31 13:00:00
  2099-Feb-07 04:00:00
  2099-Feb-13 19:00:00
  2099-Feb-20 10:00:00
  2099-Feb-27 01:00:00
  2099-Mar-05 15:00:00
  2099-Mar-12 06:00:00
  2099-Mar-18 21:00:00
  2099-Mar-25 12:00:00
  2099-Apr-01 03:00:00
  2099-Apr-07 18:00:00
  2099-Apr-14 09:00:00
  2099-Apr-21 00:00:00
  2099-Apr-27 15:00:00
  2099-May-04 06:00:00
  2099-May-10 21:00:00
  2099-May-17 12:00:00
  2099-May-24 03:00:00
  2099-May-30 18:00:00
  2099-Jun-06 09:00:00
  2099-Jun-13 00:00:00
  2099-Jun-19 15:00:00
  2099-Jun-26 06:00:00
  2099-Jul-02 21:00:00
  2099-Jul-09 12:00:00
  2099-Jul-16 03:00:00
  2099-Jul-22 18:00:00
  2099-Jul-29 08:00:00
  2099-Aug-04 23:00:00
  2099-Aug-11 14:00:00
  2099-Aug-18 05:00:00
  2099-Aug-24 20:00:00
  2099-Aug-31 11:00:00
  2099-Sep-07 02:00:00
  2099-Sep-13 21:00:00
  2099-Sep-20 17:00:00
  2099-Sep-27 13:00:00
  2099-Oct-04 08:00:00
  2099-Oct-11 04:00:00
  2099-Oct-18 00:00:00
  2099-Oct-24 20:00:00
  2099-Oct-31 16:00:00
  2099-Nov-07 11:00:00
  2099-Nov-14 07:00:00
  2099-Nov-21 03:00:00
  2099-Nov-27 23:00:00
  2099-Dec-04 19:00:00
  2099-Dec-11 15:00:00
  2099-Dec-18 11:00:00
  2099-Dec-25 07:00:00
Beginning Simulation...
  2100-Jan-01 03:00:00 (0%)
  2100-Jan-07 14:00:00 (1.8%)
  2100-Jan-14 01:00:00 (3.6%)
  2100-Jan-20 12:00:00 (5.3%)
  2100-Jan-26 23:00:00 (7.1%)
  2100-Feb-02 09:00:00 (8.9%)
  2100-Feb-08 20:00:00 (10.6%)
  2100-Feb-15 07:00:00 (12.4%)
  2100-Feb-21 19:00:00 (14.2%)
  2100-Feb-28 05:00:00 (15.9%)
  2100-Mar-06 16:00:00 (17.7%)
  2100-Mar-13 03:00:00 (19.5%)
  2100-Mar-19 14:00:00 (21.3%)
  2100-Mar-26 01:00:00 (23%)
  2100-Apr-01 12:00:00 (24.8%)
  2100-Apr-07 23:00:00 (26.6%)
  2100-Apr-14 11:00:00 (28.3%)
  2100-Apr-20 21:00:00 (30.1%)
  2100-Apr-27 08:00:00 (31.9%)
  2100-May-03 19:00:00 (33.6%)
  2100-May-10 07:00:00 (35.4%)
  2100-May-16 18:00:00 (37.2%)
  2100-May-23 05:00:00 (39%)
  2100-May-29 15:00:00 (40.7%)
  2100-Jun-05 02:00:00 (42.5%)
  2100-Jun-11 13:00:00 (44.3%)
  2100-Jun-18 00:00:00 (46%)
  2100-Jun-24 11:00:00 (47.8%)
  2100-Jun-30 22:00:00 (49.6%)
  2100-Jul-07 09:00:00 (51.3%)
  2100-Jul-13 20:00:00 (53.1%)
  2100-Jul-20 07:00:00 (54.9%)
  2100-Jul-26 18:00:00 (56.6%)
  2100-Aug-02 05:00:00 (58.4%)
  2100-Aug-08 16:00:00 (60.2%)
  2100-Aug-15 03:00:00 (62%)
  2100-Aug-21 14:00:00 (63.7%)
  2100-Aug-28 00:00:00 (65.5%)
  2100-Sep-03 11:00:00 (67.2%)
  2100-Sep-09 22:00:00 (69%)
  2100-Sep-16 09:00:00 (70.8%)
  2100-Sep-22 20:00:00 (72.6%)
  2100-Sep-29 07:00:00 (74.3%)
  2100-Oct-05 17:00:00 (76.1%)
  2100-Oct-12 04:00:00 (77.9%)
  2100-Oct-18 15:00:00 (79.6%)
  2100-Oct-25 03:00:00 (81.4%)
  2100-Oct-31 13:00:00 (83.2%)
  2100-Nov-07 00:00:00 (84.9%)
  2100-Nov-13 12:00:00 (86.7%)
  2100-Nov-19 23:00:00 (88.5%)
  2100-Nov-26 10:00:00 (90.3%)
  2100-Dec-02 21:00:00 (92%)
  2100-Dec-09 08:00:00 (93.8%)
  2100-Dec-15 19:00:00 (95.6%)
  2100-Dec-22 06:00:00 (97.3%)
  2100-Dec-28 17:00:00 (99.1%)
  2100-Dec-31 23:00:00 (100%)
Finished Program: 2014-Nov-18 11:18:20.509223
Elapsed Time: 00:01:52.663893
