instance.yaml
kiva v0.2.0-21-g785bfe1
Copyright (C) 2012-2014 Big Ladder Software
Web: www.bigladdersoftware.com

Starting Program: 2014-Nov-18 11:07:27.980873
Creating Domain...
  X Cells: 92
  Y Cells: 1
  Z Cells: 113
  Total Cells: 10396
Initializing Temperatures...
  2099-Jan-11 06:00:00
  2099-Feb-01 17:00:00
  2099-Feb-23 04:00:00
  2099-Mar-16 14:00:00
  2099-Apr-07 01:00:00
  2099-Apr-28 12:00:00
  2099-May-19 23:00:00
  2099-Jun-10 10:00:00
  2099-Jul-01 22:00:00
  2099-Jul-23 09:00:00
  2099-Aug-13 20:00:00
  2099-Sep-04 07:00:00
  2099-Sep-25 18:00:00
  2099-Oct-17 06:00:00
  2099-Nov-07 17:00:00
  2099-Nov-29 04:00:00
  2099-Dec-20 15:00:00
Beginning Simulation...
  2100-Jan-10 21:00:00 (2.7%)
  2100-Jan-31 22:00:00 (8.5%)
  2100-Feb-21 23:00:00 (14.2%)
  2100-Mar-15 00:00:00 (20%)
  2100-Apr-05 00:00:00 (25.8%)
  2100-Apr-26 01:00:00 (31.5%)
  2100-May-17 02:00:00 (37.3%)
  2100-Jun-07 03:00:00 (43%)
  2100-Jun-28 04:00:00 (48.8%)
  2100-Jul-19 05:00:00 (54.6%)
  2100-Aug-09 07:00:00 (60.4%)
  2100-Aug-30 08:00:00 (66.1%)
  2100-Sep-20 09:00:00 (71.9%)
  2100-Oct-11 12:00:00 (77.7%)
  2100-Nov-01 22:00:00 (83.5%)
  2100-Nov-23 03:00:00 (89.3%)
  2100-Dec-14 12:00:00 (95.2%)
  2100-Dec-31 23:00:00 (100%)
Finished Program: 2014-Nov-18 11:08:02.817054
Elapsed Time: 00:00:34.836181
