instance.yaml
kiva v0.2.0-19-ge248292
Copyright (C) 2012-2014 Big Ladder Software
Web: www.bigladdersoftware.com

Starting Program: 2014-Nov-17 08:45:12.426237
Creating Domain...
  X Cells: 64
  Y Cells: 1
  Z Cells: 125
  Total Cells: 8000
Initializing Temperatures...
  2099-Jan-04 21:00:00
  2099-Feb-01 09:00:00
  2099-Feb-28 21:00:00
  2099-Mar-28 10:00:00
  2099-Apr-24 23:00:00
  2099-May-22 11:00:00
  2099-Jun-18 21:00:00
  2099-Jul-16 10:00:00
  2099-Aug-12 23:00:00
  2099-Sep-09 11:00:00
  2099-Oct-01 04:00:00
  2099-Oct-28 16:00:00
  2099-Nov-25 05:00:00
  2099-Dec-22 18:00:00
Beginning Simulation...
  2100-Jan-17 07:00:00 (4.5%)
  2100-Feb-10 20:00:00 (11.2%)
  2100-Mar-07 08:00:00 (17.9%)
  2100-Mar-31 20:00:00 (24.6%)
  2100-Apr-25 09:00:00 (31.3%)
  2100-May-19 21:00:00 (38%)
  2100-Jun-13 08:00:00 (44.7%)
  2100-Jul-07 19:00:00 (51.4%)
  2100-Aug-01 07:00:00 (58.2%)
  2100-Aug-25 19:00:00 (64.9%)
  2100-Sep-19 07:00:00 (71.6%)
  2100-Oct-13 20:00:00 (78.3%)
  2100-Nov-07 08:00:00 (85%)
  2100-Dec-01 21:00:00 (91.7%)
  2100-Dec-26 09:00:00 (98.5%)
  2100-Dec-31 23:00:00 (100%)
Finished Program: 2014-Nov-17 08:45:41.228193
Elapsed Time: 00:00:28.801956
