instance.yaml
kiva v0.2.0-9-g526928a
Copyright (C) 2012-2014 Big Ladder Software
Web: www.bigladdersoftware.com

Starting Program: 2014-Oct-26 15:53:46.245919
Creating Domain...
  X Cells: 97
  Y Cells: 1
  Z Cells: 133
  Total Cells: 12901
Initializing Temperatures...
  2098-Oct-29 23:00:00
  2099-Jan-05 19:00:00
  2099-Jan-23 18:00:00
  2099-Feb-13 06:00:00
  2099-Mar-05 19:00:00
  2099-Mar-26 08:00:00
  2099-Apr-15 20:00:00
  2099-May-06 09:00:00
  2099-May-26 22:00:00
  2099-Jun-16 11:00:00
  2099-Jul-07 00:00:00
  2099-Jul-27 12:00:00
  2099-Aug-17 01:00:00
  2099-Sep-06 14:00:00
  2099-Sep-27 03:00:00
  2099-Oct-17 16:00:00
  2099-Nov-07 05:00:00
  2099-Nov-27 17:00:00
  2099-Dec-18 06:00:00
Beginning Simulation...
  2100-Jan-07 06:00:00 (1.7%)
  2100-Jan-26 05:00:00 (6.9%)
  2100-Feb-14 04:00:00 (12.1%)
  2100-Mar-05 01:00:00 (17.3%)
  2100-Mar-24 00:00:00 (22.5%)
  2100-Apr-11 22:00:00 (27.6%)
  2100-Apr-30 21:00:00 (32.8%)
  2100-May-19 20:00:00 (38%)
  2100-Jun-07 19:00:00 (43.2%)
  2100-Jun-26 18:00:00 (48.4%)
  2100-Jul-15 18:00:00 (53.6%)
  2100-Aug-03 16:00:00 (58.8%)
  2100-Aug-22 13:00:00 (64%)
  2100-Sep-10 12:00:00 (69.2%)
  2100-Sep-29 11:00:00 (74.4%)
  2100-Oct-18 10:00:00 (79.6%)
  2100-Nov-06 09:00:00 (84.8%)
  2100-Nov-25 07:00:00 (89.9%)
  2100-Dec-14 06:00:00 (95.1%)
  2100-Dec-31 23:00:00 (100%)
Finished Program: 2014-Oct-26 15:54:24.935337
Elapsed Time: 00:00:38.689418
