instance.yaml
kiva v0.2.0-19-ge248292
Copyright (C) 2012-2014 Big Ladder Software
Web: www.bigladdersoftware.com

Starting Program: 2014-Nov-17 08:40:14.480215
Creating Domain...
  X Cells: 204
  Y Cells: 1
  Z Cells: 127
  Total Cells: 25908
Initializing Temperatures...
  2098-Oct-29 23:00:00
  2099-Jan-05 08:00:00
  2099-Jan-15 02:00:00
  2099-Jan-24 20:00:00
  2099-Feb-03 14:00:00
  2099-Feb-13 08:00:00
  2099-Feb-23 01:00:00
  2099-Mar-04 19:00:00
  2099-Mar-14 13:00:00
  2099-Mar-24 07:00:00
  2099-Apr-03 01:00:00
  2099-Apr-12 19:00:00
  2099-Apr-22 13:00:00
  2099-May-02 07:00:00
  2099-May-12 00:00:00
  2099-May-21 18:00:00
  2099-May-31 12:00:00
  2099-Jun-10 06:00:00
  2099-Jun-20 00:00:00
  2099-Jun-29 18:00:00
  2099-Jul-09 12:00:00
  2099-Jul-19 06:00:00
  2099-Jul-29 00:00:00
  2099-Aug-07 18:00:00
  2099-Aug-17 11:00:00
  2099-Aug-27 05:00:00
  2099-Sep-05 23:00:00
  2099-Sep-15 17:00:00
  2099-Sep-25 11:00:00
  2099-Oct-05 05:00:00
  2099-Oct-14 23:00:00
  2099-Oct-24 17:00:00
  2099-Nov-03 11:00:00
  2099-Nov-13 05:00:00
  2099-Nov-22 23:00:00
  2099-Dec-02 17:00:00
  2099-Dec-12 11:00:00
  2099-Dec-22 04:00:00
  2099-Dec-31 22:00:00
Beginning Simulation...
  2100-Jan-09 23:00:00 (2.5%)
  2100-Jan-19 00:00:00 (4.9%)
  2100-Jan-28 01:00:00 (7.4%)
  2100-Feb-06 02:00:00 (9.9%)
  2100-Feb-15 03:00:00 (12.4%)
  2100-Feb-24 04:00:00 (14.8%)
  2100-Mar-05 06:00:00 (17.3%)
  2100-Mar-14 06:00:00 (19.8%)
  2100-Mar-23 07:00:00 (22.3%)
  2100-Apr-01 08:00:00 (24.7%)
  2100-Apr-10 09:00:00 (27.2%)
  2100-Apr-19 11:00:00 (29.7%)
  2100-Apr-28 12:00:00 (32.2%)
  2100-May-07 13:00:00 (34.7%)
  2100-May-16 14:00:00 (37.1%)
  2100-May-25 15:00:00 (39.6%)
  2100-Jun-03 17:00:00 (42.1%)
  2100-Jun-12 18:00:00 (44.6%)
  2100-Jun-21 19:00:00 (47.1%)
  2100-Jun-30 20:00:00 (49.5%)
  2100-Jul-09 20:00:00 (52%)
  2100-Jul-18 21:00:00 (54.5%)
  2100-Jul-27 22:00:00 (57%)
  2100-Aug-05 23:00:00 (59.4%)
  2100-Aug-15 00:00:00 (61.9%)
  2100-Aug-24 01:00:00 (64.4%)
  2100-Sep-02 03:00:00 (66.9%)
  2100-Sep-11 04:00:00 (69.4%)
  2100-Sep-20 05:00:00 (71.8%)
  2100-Sep-29 06:00:00 (74.3%)
  2100-Oct-08 07:00:00 (76.8%)
  2100-Oct-17 09:00:00 (79.3%)
  2100-Oct-26 10:00:00 (81.8%)
  2100-Nov-04 10:00:00 (84.2%)
  2100-Nov-13 11:00:00 (86.7%)
  2100-Nov-22 12:00:00 (89.2%)
  2100-Dec-01 13:00:00 (91.7%)
  2100-Dec-10 14:00:00 (94.1%)
  2100-Dec-19 15:00:00 (96.6%)
  2100-Dec-28 17:00:00 (99.1%)
  2100-Dec-31 23:00:00 (100%)
Finished Program: 2014-Nov-17 08:41:33.363582
Elapsed Time: 00:01:18.883367
