instance.yaml
kiva v0.2.0-21-g785bfe1
Copyright (C) 2012-2014 Big Ladder Software
Web: www.bigladdersoftware.com

Starting Program: 2014-Nov-18 11:50:26.825467
Creating Domain...
  X Cells: 161
  Y Cells: 1
  Z Cells: 96
  Total Cells: 15456
Initializing Temperatures...
  2099-Jan-07 02:00:00
  2099-Jan-21 03:00:00
  2099-Feb-04 03:00:00
  2099-Feb-18 03:00:00
  2099-Mar-04 03:00:00
  2099-Mar-18 03:00:00
  2099-Apr-01 03:00:00
  2099-Apr-15 04:00:00
  2099-Apr-29 04:00:00
  2099-May-13 04:00:00
  2099-May-27 04:00:00
  2099-Jun-10 04:00:00
  2099-Jun-24 05:00:00
  2099-Jul-08 05:00:00
  2099-Jul-22 05:00:00
  2099-Aug-05 06:00:00
  2099-Aug-19 06:00:00
  2099-Sep-02 06:00:00
  2099-Sep-16 07:00:00
  2099-Sep-30 07:00:00
  2099-Oct-14 07:00:00
  2099-Oct-28 08:00:00
  2099-Nov-11 08:00:00
  2099-Nov-25 08:00:00
  2099-Dec-09 09:00:00
  2099-Dec-23 09:00:00
Beginning Simulation...
  2100-Jan-06 07:00:00 (1.4%)
  2100-Jan-20 00:00:00 (5.2%)
  2100-Feb-02 17:00:00 (9%)
  2100-Feb-16 10:00:00 (12.7%)
  2100-Mar-02 03:00:00 (16.5%)
  2100-Mar-15 20:00:00 (20.2%)
  2100-Mar-29 13:00:00 (24%)
  2100-Apr-12 07:00:00 (27.8%)
  2100-Apr-25 23:00:00 (31.5%)
  2100-May-09 16:00:00 (35.3%)
  2100-May-23 10:00:00 (39%)
  2100-Jun-06 03:00:00 (42.8%)
  2100-Jun-19 20:00:00 (46.5%)
  2100-Jul-03 14:00:00 (50.3%)
  2100-Jul-17 07:00:00 (54.1%)
  2100-Jul-31 00:00:00 (57.8%)
  2100-Aug-13 17:00:00 (61.6%)
  2100-Aug-27 15:00:00 (65.4%)
  2100-Sep-10 12:00:00 (69.2%)
  2100-Sep-24 11:00:00 (73%)
  2100-Oct-08 09:00:00 (76.8%)
  2100-Oct-22 07:00:00 (80.6%)
  2100-Nov-05 05:00:00 (84.4%)
  2100-Nov-19 03:00:00 (88.3%)
  2100-Dec-03 01:00:00 (92.1%)
  2100-Dec-16 23:00:00 (95.9%)
  2100-Dec-30 21:00:00 (99.7%)
  2100-Dec-31 23:00:00 (100%)
Finished Program: 2014-Nov-18 11:51:20.080319
Elapsed Time: 00:00:53.254852
