instance.yaml
kiva v0.2.0-9-g526928a
Copyright (C) 2012-2014 Big Ladder Software
Web: www.bigladdersoftware.com

Starting Program: 2014-Oct-26 15:58:29.595274
Creating Domain...
  X Cells: 103
  Y Cells: 1
  Z Cells: 158
  Total Cells: 16274
Initializing Temperatures...
  2098-Oct-29 23:00:00
  2098-Nov-26 23:00:00
  2098-Dec-31 23:00:00
  2099-Jan-03 14:00:00
  2099-Jan-07 00:00:00
  2099-Jan-10 08:00:00
  2099-Jan-13 20:00:00
  2099-Jan-17 04:00:00
  2099-Jan-20 13:00:00
  2099-Jan-23 21:00:00
  2099-Jan-27 05:00:00
  2099-Jan-30 14:00:00
  2099-Feb-02 22:00:00
  2099-Feb-06 05:00:00
  2099-Feb-09 16:00:00
  2099-Feb-13 01:00:00
  2099-Feb-16 11:00:00
  2099-Feb-19 21:00:00
  2099-Feb-23 05:00:00
  2099-Feb-26 15:00:00
  2099-Mar-02 01:00:00
  2099-Mar-05 09:00:00
  2099-Mar-08 18:00:00
  2099-Mar-12 04:00:00
  2099-Mar-15 13:00:00
  2099-Mar-18 23:00:00
  2099-Mar-22 09:00:00
  2099-Mar-25 17:00:00
  2099-Mar-29 03:00:00
  2099-Apr-01 13:00:00
  2099-Apr-04 21:00:00
  2099-Apr-08 07:00:00
  2099-Apr-11 16:00:00
  2099-Apr-15 02:00:00
  2099-Apr-18 12:00:00
  2099-Apr-21 21:00:00
  2099-Apr-25 07:00:00
  2099-Apr-28 15:00:00
  2099-May-02 00:00:00
  2099-May-05 10:00:00
  2099-May-08 20:00:00
  2099-May-12 05:00:00
  2099-May-15 14:00:00
  2099-May-19 00:00:00
  2099-May-22 09:00:00
  2099-May-25 19:00:00
  2099-May-29 03:00:00
  2099-Jun-01 13:00:00
  2099-Jun-04 22:00:00
  2099-Jun-08 07:00:00
  2099-Jun-11 17:00:00
  2099-Jun-15 03:00:00
  2099-Jun-18 11:00:00
  2099-Jun-21 20:00:00
  2099-Jun-25 05:00:00
  2099-Jun-28 15:00:00
  2099-Jul-02 00:00:00
  2099-Jul-05 09:00:00
  2099-Jul-08 18:00:00
  2099-Jul-12 03:00:00
  2099-Jul-15 12:00:00
  2099-Jul-18 21:00:00
  2099-Jul-22 07:00:00
  2099-Jul-25 16:00:00
  2099-Jul-28 23:00:00
  2099-Aug-01 07:00:00
  2099-Aug-04 15:00:00
  2099-Aug-08 00:00:00
  2099-Aug-11 09:00:00
  2099-Aug-14 18:00:00
  2099-Aug-18 04:00:00
  2099-Aug-21 13:00:00
  2099-Aug-24 23:00:00
  2099-Aug-28 07:00:00
  2099-Aug-31 17:00:00
  2099-Sep-04 02:00:00
  2099-Sep-07 10:00:00
  2099-Sep-10 19:00:00
  2099-Sep-14 02:00:00
  2099-Sep-17 09:00:00
  2099-Sep-20 18:00:00
  2099-Sep-24 03:00:00
  2099-Sep-27 10:00:00
  2099-Sep-30 19:00:00
  2099-Oct-04 03:00:00
  2099-Oct-07 10:00:00
  2099-Oct-10 19:00:00
  2099-Oct-14 03:00:00
  2099-Oct-17 10:00:00
  2099-Oct-20 18:00:00
  2099-Oct-24 03:00:00
  2099-Oct-27 13:00:00
  2099-Oct-30 21:00:00
  2099-Nov-03 07:00:00
  2099-Nov-06 16:00:00
  2099-Nov-10 00:00:00
  2099-Nov-13 09:00:00
  2099-Nov-16 18:00:00
  2099-Nov-20 02:00:00
  2099-Nov-23 12:00:00
  2099-Nov-26 21:00:00
  2099-Nov-30 06:00:00
  2099-Dec-03 16:00:00
  2099-Dec-07 02:00:00
  2099-Dec-10 12:00:00
  2099-Dec-13 21:00:00
  2099-Dec-17 06:00:00
  2099-Dec-20 15:00:00
  2099-Dec-24 01:00:00
  2099-Dec-27 10:00:00
  2099-Dec-30 20:00:00
Beginning Simulation...
  2100-Jan-03 00:00:00 (0.5%)
  2100-Jan-06 03:00:00 (1.4%)
  2100-Jan-09 04:00:00 (2.2%)
  2100-Jan-12 07:00:00 (3.1%)
  2100-Jan-15 09:00:00 (3.9%)
  2100-Jan-18 12:00:00 (4.8%)
  2100-Jan-21 13:00:00 (5.6%)
  2100-Jan-24 16:00:00 (6.5%)
  2100-Jan-27 18:00:00 (7.3%)
  2100-Jan-30 19:00:00 (8.2%)
  2100-Feb-02 22:00:00 (9%)
  2100-Feb-06 00:00:00 (9.9%)
  2100-Feb-09 02:00:00 (10.7%)
  2100-Feb-12 05:00:00 (11.6%)
  2100-Feb-15 06:00:00 (12.4%)
  2100-Feb-18 09:00:00 (13.3%)
  2100-Feb-21 11:00:00 (14.1%)
  2100-Feb-24 12:00:00 (14.9%)
  2100-Feb-27 14:00:00 (15.8%)
  2100-Mar-02 16:00:00 (16.6%)
  2100-Mar-05 17:00:00 (17.5%)
  2100-Mar-08 19:00:00 (18.3%)
  2100-Mar-11 21:00:00 (19.1%)
  2100-Mar-14 22:00:00 (20%)
  2100-Mar-18 00:00:00 (20.8%)
  2100-Mar-21 01:00:00 (21.7%)
  2100-Mar-24 02:00:00 (22.5%)
  2100-Mar-27 04:00:00 (23.3%)
  2100-Mar-30 05:00:00 (24.2%)
  2100-Apr-02 05:00:00 (25%)
  2100-Apr-05 07:00:00 (25.8%)
  2100-Apr-08 07:00:00 (26.7%)
  2100-Apr-11 07:00:00 (27.5%)
  2100-Apr-14 10:00:00 (28.3%)
  2100-Apr-17 12:00:00 (29.2%)
  2100-Apr-20 14:00:00 (30%)
  2100-Apr-23 16:00:00 (30.9%)
  2100-Apr-26 18:00:00 (31.7%)
  2100-Apr-29 20:00:00 (32.6%)
  2100-May-02 22:00:00 (33.4%)
  2100-May-06 00:00:00 (34.2%)
  2100-May-09 02:00:00 (35.1%)
  2100-May-12 05:00:00 (35.9%)
  2100-May-15 06:00:00 (36.8%)
  2100-May-18 08:00:00 (37.6%)
  2100-May-21 09:00:00 (38.5%)
  2100-May-24 10:00:00 (39.3%)
  2100-May-27 11:00:00 (40.1%)
  2100-May-30 13:00:00 (41%)
  2100-Jun-02 13:00:00 (41.8%)
  2100-Jun-05 13:00:00 (42.6%)
  2100-Jun-08 16:00:00 (43.5%)
  2100-Jun-11 19:00:00 (44.3%)
  2100-Jun-14 21:00:00 (45.2%)
  2100-Jun-17 23:00:00 (46%)
  2100-Jun-21 01:00:00 (46.9%)
  2100-Jun-24 04:00:00 (47.7%)
  2100-Jun-27 06:00:00 (48.6%)
  2100-Jun-30 07:00:00 (49.4%)
  2100-Jul-03 10:00:00 (50.3%)
  2100-Jul-06 11:00:00 (51.1%)
  2100-Jul-09 14:00:00 (51.9%)
  2100-Jul-12 15:00:00 (52.8%)
  2100-Jul-15 17:00:00 (53.6%)
  2100-Jul-18 19:00:00 (54.5%)
  2100-Jul-21 22:00:00 (55.3%)
  2100-Jul-25 00:00:00 (56.2%)
  2100-Jul-28 01:00:00 (57%)
  2100-Jul-31 03:00:00 (57.8%)
  2100-Aug-03 06:00:00 (58.7%)
  2100-Aug-06 09:00:00 (59.6%)
  2100-Aug-09 10:00:00 (60.4%)
  2100-Aug-12 12:00:00 (61.2%)
  2100-Aug-15 15:00:00 (62.1%)
  2100-Aug-18 17:00:00 (62.9%)
  2100-Aug-21 16:00:00 (63.7%)
  2100-Aug-24 18:00:00 (64.6%)
  2100-Aug-27 19:00:00 (65.4%)
  2100-Aug-30 20:00:00 (66.3%)
  2100-Sep-02 23:00:00 (67.1%)
  2100-Sep-06 00:00:00 (67.9%)
  2100-Sep-09 03:00:00 (68.8%)
  2100-Sep-12 05:00:00 (69.6%)
  2100-Sep-15 07:00:00 (70.5%)
  2100-Sep-18 08:00:00 (71.3%)
  2100-Sep-21 10:00:00 (72.2%)
  2100-Sep-24 11:00:00 (73%)
  2100-Sep-27 14:00:00 (73.9%)
  2100-Sep-30 14:00:00 (74.7%)
  2100-Oct-03 16:00:00 (75.5%)
  2100-Oct-06 17:00:00 (76.4%)
  2100-Oct-09 19:00:00 (77.2%)
  2100-Oct-12 21:00:00 (78%)
  2100-Oct-15 23:00:00 (78.9%)
  2100-Oct-19 01:00:00 (79.7%)
  2100-Oct-22 03:00:00 (80.6%)
  2100-Oct-25 06:00:00 (81.4%)
  2100-Oct-28 08:00:00 (82.3%)
  2100-Oct-31 11:00:00 (83.1%)
  2100-Nov-03 12:00:00 (84%)
  2100-Nov-06 15:00:00 (84.8%)
  2100-Nov-09 15:00:00 (85.7%)
  2100-Nov-12 16:00:00 (86.5%)
  2100-Nov-15 17:00:00 (87.3%)
  2100-Nov-18 18:00:00 (88.2%)
  2100-Nov-21 21:00:00 (89%)
  2100-Nov-25 00:00:00 (89.9%)
  2100-Nov-28 02:00:00 (90.7%)
  2100-Dec-01 03:00:00 (91.5%)
  2100-Dec-04 06:00:00 (92.4%)
  2100-Dec-07 08:00:00 (93.2%)
  2100-Dec-10 10:00:00 (94.1%)
  2100-Dec-13 11:00:00 (94.9%)
  2100-Dec-16 13:00:00 (95.8%)
  2100-Dec-19 15:00:00 (96.6%)
  2100-Dec-22 17:00:00 (97.5%)
  2100-Dec-25 18:00:00 (98.3%)
  2100-Dec-28 20:00:00 (99.1%)
  2100-Dec-31 23:00:00 (100%)
  2100-Dec-31 23:00:00 (100%)
Finished Program: 2014-Oct-26 16:02:20.010383
Elapsed Time: 00:03:50.415109
