instance.yaml
kiva v0.2.0-22-gd89b213
Copyright (C) 2012-2014 Big Ladder Software
Web: www.bigladdersoftware.com

Starting Program: 2014-Nov-19 12:12:14.522650
Creating Domain...
  X Cells: 99
  Y Cells: 1
  Z Cells: 133
  Total Cells: 13167
Initializing Temperatures...
  2098-Oct-01 23:00:00
  2098-Nov-12 23:00:00
  2098-Dec-24 23:00:00
  2099-Jan-19 21:00:00
  2099-Feb-15 00:00:00
  2099-Mar-12 20:00:00
  2099-Apr-07 11:00:00
  2099-May-03 17:00:00
  2099-May-29 05:00:00
  2099-Jun-24 10:00:00
  2099-Jul-19 21:00:00
  2099-Aug-15 16:00:00
  2099-Sep-11 13:00:00
  2099-Oct-07 01:00:00
  2099-Nov-02 13:00:00
  2099-Nov-29 13:00:00
  2099-Dec-26 02:00:00
Beginning Simulation...
  2100-Jan-19 08:00:00 (5%)
  2100-Feb-13 04:00:00 (11.8%)
  2100-Mar-10 09:00:00 (18.7%)
  2100-Apr-04 01:00:00 (25.5%)
  2100-Apr-29 11:00:00 (32.5%)
  2100-May-24 21:00:00 (39.4%)
  2100-Jun-19 11:00:00 (46.4%)
  2100-Jul-15 04:00:00 (53.5%)
  2100-Aug-09 12:00:00 (60.4%)
  2100-Sep-03 08:00:00 (67.2%)
  2100-Sep-28 16:00:00 (74.2%)
  2100-Oct-23 20:00:00 (81.1%)
  2100-Nov-17 21:00:00 (87.9%)
  2100-Dec-12 23:00:00 (94.8%)
  2100-Dec-31 23:00:00 (100%)
Finished Program: 2014-Nov-19 12:12:45.758308
Elapsed Time: 00:00:31.235658
