instance.yaml
kiva v0.2.0-21-g785bfe1
Copyright (C) 2012-2014 Big Ladder Software
Web: www.bigladdersoftware.com

Starting Program: 2014-Nov-18 11:23:25.128037
Creating Domain...
  X Cells: 176
  Y Cells: 1
  Z Cells: 133
  Total Cells: 23408
Initializing Temperatures...
  2098-Dec-10 23:00:00
  2099-Jan-10 04:00:00
  2099-Jan-20 22:00:00
  2099-Jan-31 15:00:00
  2099-Feb-11 09:00:00
  2099-Feb-22 03:00:00
  2099-Mar-04 21:00:00
  2099-Mar-15 15:00:00
  2099-Mar-26 09:00:00
  2099-Apr-06 02:00:00
  2099-Apr-16 20:00:00
  2099-Apr-27 14:00:00
  2099-May-08 08:00:00
  2099-May-19 02:00:00
  2099-May-29 19:00:00
  2099-Jun-09 13:00:00
  2099-Jun-20 07:00:00
  2099-Jul-01 01:00:00
  2099-Jul-11 19:00:00
  2099-Jul-22 13:00:00
  2099-Aug-02 07:00:00
  2099-Aug-13 01:00:00
  2099-Aug-23 18:00:00
  2099-Sep-03 12:00:00
  2099-Sep-14 06:00:00
  2099-Sep-25 00:00:00
  2099-Oct-05 17:00:00
  2099-Oct-16 11:00:00
  2099-Oct-27 05:00:00
  2099-Nov-06 23:00:00
  2099-Nov-17 17:00:00
  2099-Nov-28 11:00:00
  2099-Dec-09 05:00:00
  2099-Dec-19 23:00:00
  2099-Dec-30 17:00:00
Beginning Simulation...
  2100-Jan-09 17:00:00 (2.4%)
  2100-Jan-19 14:00:00 (5.1%)
  2100-Jan-29 11:00:00 (7.8%)
  2100-Feb-08 09:00:00 (10.5%)
  2100-Feb-18 06:00:00 (13.2%)
  2100-Feb-28 03:00:00 (15.9%)
  2100-Mar-10 00:00:00 (18.6%)
  2100-Mar-19 22:00:00 (21.3%)
  2100-Mar-29 19:00:00 (24.1%)
  2100-Apr-08 16:00:00 (26.8%)
  2100-Apr-18 13:00:00 (29.5%)
  2100-Apr-28 11:00:00 (32.2%)
  2100-May-08 08:00:00 (34.9%)
  2100-May-18 05:00:00 (37.6%)
  2100-May-28 02:00:00 (40.3%)
  2100-Jun-07 00:00:00 (43%)
  2100-Jun-16 21:00:00 (45.7%)
  2100-Jun-26 19:00:00 (48.4%)
  2100-Jul-06 16:00:00 (51.1%)
  2100-Jul-16 14:00:00 (53.9%)
  2100-Jul-26 13:00:00 (56.6%)
  2100-Aug-05 14:00:00 (59.3%)
  2100-Aug-15 15:00:00 (62.1%)
  2100-Aug-25 16:00:00 (64.8%)
  2100-Sep-04 17:00:00 (67.6%)
  2100-Sep-14 18:00:00 (70.3%)
  2100-Sep-24 19:00:00 (73.1%)
  2100-Oct-04 20:00:00 (75.8%)
  2100-Oct-14 21:00:00 (78.6%)
  2100-Oct-24 22:00:00 (81.3%)
  2100-Nov-03 21:00:00 (84.1%)
  2100-Nov-13 22:00:00 (86.8%)
  2100-Nov-23 23:00:00 (89.6%)
  2100-Dec-04 00:00:00 (92.3%)
  2100-Dec-14 01:00:00 (95.1%)
  2100-Dec-24 02:00:00 (97.8%)
  2100-Dec-31 23:00:00 (100%)
Finished Program: 2014-Nov-18 11:24:36.788964
Elapsed Time: 00:01:11.660927
