instance.yaml
kiva v0.2.0-21-g785bfe1
Copyright (C) 2012-2014 Big Ladder Software
Web: www.bigladdersoftware.com

Starting Program: 2014-Nov-18 11:03:25.653660
Creating Domain...
  X Cells: 173
  Y Cells: 1
  Z Cells: 133
  Total Cells: 23009
Initializing Temperatures...
  2098-Oct-01 23:00:00
  2099-Jan-04 13:00:00
  2099-Jan-14 15:00:00
  2099-Jan-24 17:00:00
  2099-Feb-03 18:00:00
  2099-Feb-13 20:00:00
  2099-Feb-23 22:00:00
  2099-Mar-06 00:00:00
  2099-Mar-16 02:00:00
  2099-Mar-26 03:00:00
  2099-Apr-05 05:00:00
  2099-Apr-15 07:00:00
  2099-Apr-25 09:00:00
  2099-May-05 10:00:00
  2099-May-15 12:00:00
  2099-May-25 14:00:00
  2099-Jun-04 16:00:00
  2099-Jun-14 18:00:00
  2099-Jun-24 20:00:00
  2099-Jul-04 22:00:00
  2099-Jul-15 00:00:00
  2099-Jul-25 02:00:00
  2099-Aug-04 04:00:00
  2099-Aug-14 06:00:00
  2099-Aug-24 08:00:00
  2099-Sep-03 10:00:00
  2099-Sep-13 12:00:00
  2099-Sep-23 14:00:00
  2099-Oct-03 16:00:00
  2099-Oct-13 18:00:00
  2099-Oct-23 20:00:00
  2099-Nov-02 22:00:00
  2099-Nov-13 00:00:00
  2099-Nov-23 02:00:00
  2099-Dec-03 04:00:00
  2099-Dec-13 06:00:00
  2099-Dec-23 08:00:00
Beginning Simulation...
  2100-Jan-02 07:00:00 (0.4%)
  2100-Jan-11 16:00:00 (2.9%)
  2100-Jan-21 00:00:00 (5.5%)
  2100-Jan-30 08:00:00 (8%)
  2100-Feb-08 16:00:00 (10.6%)
  2100-Feb-18 00:00:00 (13.2%)
  2100-Feb-27 08:00:00 (15.7%)
  2100-Mar-08 16:00:00 (18.3%)
  2100-Mar-18 00:00:00 (20.8%)
  2100-Mar-27 08:00:00 (23.4%)
  2100-Apr-05 17:00:00 (25.9%)
  2100-Apr-15 00:00:00 (28.5%)
  2100-Apr-24 09:00:00 (31.1%)
  2100-May-03 17:00:00 (33.6%)
  2100-May-13 01:00:00 (36.2%)
  2100-May-22 10:00:00 (38.7%)
  2100-May-31 18:00:00 (41.3%)
  2100-Jun-10 02:00:00 (43.9%)
  2100-Jun-19 11:00:00 (46.4%)
  2100-Jun-28 19:00:00 (49%)
  2100-Jul-08 03:00:00 (51.5%)
  2100-Jul-17 11:00:00 (54.1%)
  2100-Jul-26 20:00:00 (56.7%)
  2100-Aug-05 04:00:00 (59.2%)
  2100-Aug-14 12:00:00 (61.8%)
  2100-Aug-23 20:00:00 (64.3%)
  2100-Sep-02 05:00:00 (66.9%)
  2100-Sep-11 13:00:00 (69.5%)
  2100-Sep-20 22:00:00 (72%)
  2100-Sep-30 06:00:00 (74.6%)
  2100-Oct-09 14:00:00 (77.1%)
  2100-Oct-18 21:00:00 (79.7%)
  2100-Oct-28 06:00:00 (82.3%)
  2100-Nov-06 14:00:00 (84.8%)
  2100-Nov-15 23:00:00 (87.4%)
  2100-Nov-25 07:00:00 (89.9%)
  2100-Dec-04 15:00:00 (92.5%)
  2100-Dec-14 00:00:00 (95.1%)
  2100-Dec-23 08:00:00 (97.6%)
  2100-Dec-31 23:00:00 (100%)
Finished Program: 2014-Nov-18 11:04:41.923117
Elapsed Time: 00:01:16.269457
