instance.yaml
kiva v0.2.0-21-g785bfe1
Copyright (C) 2012-2014 Big Ladder Software
Web: www.bigladdersoftware.com

Starting Program: 2014-Nov-18 11:09:26.604960
Creating Domain...
  X Cells: 185
  Y Cells: 1
  Z Cells: 158
  Total Cells: 29230
Initializing Temperatures...
  2098-Oct-08 23:00:00
  2099-Jan-02 18:00:00
  2099-Jan-09 23:00:00
  2099-Jan-17 03:00:00
  2099-Jan-24 08:00:00
  2099-Jan-31 13:00:00
  2099-Feb-07 18:00:00
  2099-Feb-14 23:00:00
  2099-Feb-22 04:00:00
  2099-Mar-01 08:00:00
  2099-Mar-08 11:00:00
  2099-Mar-15 15:00:00
  2099-Mar-22 18:00:00
  2099-Mar-29 22:00:00
  2099-Apr-06 02:00:00
  2099-Apr-13 05:00:00
  2099-Apr-20 08:00:00
  2099-Apr-27 12:00:00
  2099-May-04 15:00:00
  2099-May-11 22:00:00
  2099-May-19 06:00:00
  2099-May-26 15:00:00
  2099-Jun-02 23:00:00
  2099-Jun-10 06:00:00
  2099-Jun-17 14:00:00
  2099-Jun-24 22:00:00
  2099-Jul-02 07:00:00
  2099-Jul-09 15:00:00
  2099-Jul-16 23:00:00
  2099-Jul-24 07:00:00
  2099-Jul-31 15:00:00
  2099-Aug-07 23:00:00
  2099-Aug-15 07:00:00
  2099-Aug-22 15:00:00
  2099-Aug-29 23:00:00
  2099-Sep-06 07:00:00
  2099-Sep-13 15:00:00
  2099-Sep-20 23:00:00
  2099-Sep-28 07:00:00
  2099-Oct-05 15:00:00
  2099-Oct-12 23:00:00
  2099-Oct-20 07:00:00
  2099-Oct-27 15:00:00
  2099-Nov-04 00:00:00
  2099-Nov-11 08:00:00
  2099-Nov-18 16:00:00
  2099-Nov-26 00:00:00
  2099-Dec-03 08:00:00
  2099-Dec-10 16:00:00
  2099-Dec-18 00:00:00
  2099-Dec-25 08:00:00
Beginning Simulation...
  2100-Jan-01 15:00:00 (0.2%)
  2100-Jan-08 08:00:00 (2%)
  2100-Jan-15 02:00:00 (3.9%)
  2100-Jan-21 20:00:00 (5.7%)
  2100-Jan-28 13:00:00 (7.5%)
  2100-Feb-04 07:00:00 (9.4%)
  2100-Feb-11 01:00:00 (11.2%)
  2100-Feb-17 19:00:00 (13.1%)
  2100-Feb-24 12:00:00 (14.9%)
  2100-Mar-03 06:00:00 (16.8%)
  2100-Mar-10 00:00:00 (18.6%)
  2100-Mar-16 16:00:00 (20.5%)
  2100-Mar-23 10:00:00 (22.3%)
  2100-Mar-30 04:00:00 (24.2%)
  2100-Apr-05 21:00:00 (26%)
  2100-Apr-12 15:00:00 (27.8%)
  2100-Apr-19 09:00:00 (29.7%)
  2100-Apr-26 03:00:00 (31.5%)
  2100-May-02 20:00:00 (33.4%)
  2100-May-09 14:00:00 (35.2%)
  2100-May-16 08:00:00 (37.1%)
  2100-May-23 02:00:00 (38.9%)
  2100-May-29 20:00:00 (40.8%)
  2100-Jun-05 14:00:00 (42.6%)
  2100-Jun-12 08:00:00 (44.5%)
  2100-Jun-19 02:00:00 (46.3%)
  2100-Jun-25 19:00:00 (48.2%)
  2100-Jul-02 13:00:00 (50%)
  2100-Jul-09 07:00:00 (51.9%)
  2100-Jul-15 20:00:00 (53.7%)
  2100-Jul-22 14:00:00 (55.5%)
  2100-Jul-29 08:00:00 (57.4%)
  2100-Aug-05 02:00:00 (59.2%)
  2100-Aug-11 20:00:00 (61.1%)
  2100-Aug-18 13:00:00 (62.9%)
  2100-Aug-25 07:00:00 (64.7%)
  2100-Sep-01 01:00:00 (66.6%)
  2100-Sep-07 19:00:00 (68.4%)
  2100-Sep-14 13:00:00 (70.3%)
  2100-Sep-21 07:00:00 (72.1%)
  2100-Sep-28 01:00:00 (74%)
  2100-Oct-04 19:00:00 (75.8%)
  2100-Oct-11 13:00:00 (77.7%)
  2100-Oct-18 07:00:00 (79.5%)
  2100-Oct-25 01:00:00 (81.4%)
  2100-Oct-31 19:00:00 (83.2%)
  2100-Nov-07 12:00:00 (85.1%)
  2100-Nov-14 06:00:00 (86.9%)
  2100-Nov-21 00:00:00 (88.8%)
  2100-Nov-27 18:00:00 (90.6%)
  2100-Dec-04 11:00:00 (92.5%)
  2100-Dec-11 05:00:00 (94.3%)
  2100-Dec-17 23:00:00 (96.2%)
  2100-Dec-24 16:00:00 (98%)
  2100-Dec-31 10:00:00 (99.8%)
  2100-Dec-31 23:00:00 (100%)
Finished Program: 2014-Nov-18 11:11:12.082531
Elapsed Time: 00:01:45.477571
