instance.yaml
kiva v0.2.0-21-g785bfe1
Copyright (C) 2012-2014 Big Ladder Software
Web: www.bigladdersoftware.com

Starting Program: 2014-Nov-18 11:13:26.101356
Creating Domain...
  X Cells: 91
  Y Cells: 1
  Z Cells: 113
  Total Cells: 10283
Initializing Temperatures...
  2099-Jan-09 07:00:00
  2099-Jan-30 23:00:00
  2099-Feb-21 14:00:00
  2099-Mar-15 05:00:00
  2099-Apr-05 19:00:00
  2099-Apr-27 10:00:00
  2099-May-19 02:00:00
  2099-Jun-09 17:00:00
  2099-Jul-01 09:00:00
  2099-Jul-23 01:00:00
  2099-Aug-13 16:00:00
  2099-Sep-04 07:00:00
  2099-Sep-25 23:00:00
  2099-Oct-17 15:00:00
  2099-Nov-08 06:00:00
  2099-Nov-29 22:00:00
  2099-Dec-21 13:00:00
Beginning Simulation...
  2100-Jan-11 23:00:00 (3%)
  2100-Feb-02 03:00:00 (8.8%)
  2100-Feb-23 06:00:00 (14.6%)
  2100-Mar-16 10:00:00 (20.4%)
  2100-Apr-06 14:00:00 (26.2%)
  2100-Apr-27 17:00:00 (32%)
  2100-May-18 21:00:00 (37.8%)
  2100-Jun-09 01:00:00 (43.6%)
  2100-Jun-30 06:00:00 (49.4%)
  2100-Jul-21 11:00:00 (55.2%)
  2100-Aug-11 17:00:00 (61%)
  2100-Sep-01 22:00:00 (66.8%)
  2100-Sep-23 03:00:00 (72.6%)
  2100-Oct-14 08:00:00 (78.4%)
  2100-Nov-04 14:00:00 (84.3%)
  2100-Nov-25 19:00:00 (90.1%)
  2100-Dec-17 00:00:00 (95.9%)
  2100-Dec-31 23:00:00 (100%)
Finished Program: 2014-Nov-18 11:14:00.713945
Elapsed Time: 00:00:34.612589
