instance.yaml
kiva v0.2.0-19-ge248292
Copyright (C) 2012-2014 Big Ladder Software
Web: www.bigladdersoftware.com

Starting Program: 2014-Nov-17 08:40:14.442500
Creating Domain...
  X Cells: 95
  Y Cells: 1
  Z Cells: 125
  Total Cells: 11875
Initializing Temperatures...
  2098-Dec-24 23:00:00
  2099-Jan-20 23:00:00
  2099-Feb-10 22:00:00
  2099-Mar-03 22:00:00
  2099-Mar-24 21:00:00
  2099-Apr-14 21:00:00
  2099-May-05 20:00:00
  2099-May-26 20:00:00
  2099-Jun-16 19:00:00
  2099-Jul-07 19:00:00
  2099-Jul-28 18:00:00
  2099-Aug-18 18:00:00
  2099-Sep-08 17:00:00
  2099-Sep-29 17:00:00
  2099-Oct-20 15:00:00
  2099-Nov-10 15:00:00
  2099-Dec-01 14:00:00
  2099-Dec-22 14:00:00
Beginning Simulation...
  2100-Jan-11 16:00:00 (2.9%)
  2100-Jan-31 01:00:00 (8.2%)
  2100-Feb-19 10:00:00 (13.5%)
  2100-Mar-10 18:00:00 (18.8%)
  2100-Mar-30 03:00:00 (24.1%)
  2100-Apr-18 11:00:00 (29.4%)
  2100-May-07 20:00:00 (34.7%)
  2100-May-27 04:00:00 (40%)
  2100-Jun-15 13:00:00 (45.4%)
  2100-Jul-04 22:00:00 (50.7%)
  2100-Jul-24 09:00:00 (56%)
  2100-Aug-12 20:00:00 (61.3%)
  2100-Sep-01 07:00:00 (66.7%)
  2100-Sep-20 18:00:00 (72%)
  2100-Oct-10 05:00:00 (77.3%)
  2100-Oct-29 12:00:00 (82.6%)
  2100-Nov-17 22:00:00 (87.9%)
  2100-Dec-07 09:00:00 (93.3%)
  2100-Dec-26 19:00:00 (98.6%)
  2100-Dec-31 23:00:00 (100%)
Finished Program: 2014-Nov-17 08:40:51.267130
Elapsed Time: 00:00:36.824630
