instance.yaml
kiva v0.2.0-19-ge248292
Copyright (C) 2012-2014 Big Ladder Software
Web: www.bigladdersoftware.com

Starting Program: 2014-Nov-17 08:40:14.439314
Creating Domain...
  X Cells: 64
  Y Cells: 1
  Z Cells: 125
  Total Cells: 8000
Initializing Temperatures...
  2099-Jan-04 05:00:00
  2099-Jan-31 01:00:00
  2099-Feb-26 22:00:00
  2099-Mar-26 04:00:00
  2099-Apr-22 12:00:00
  2099-May-19 21:00:00
  2099-Jun-16 05:00:00
  2099-Jul-13 12:00:00
  2099-Aug-09 21:00:00
  2099-Sep-06 06:00:00
  2099-Oct-03 14:00:00
  2099-Oct-30 23:00:00
  2099-Nov-27 08:00:00
  2099-Dec-24 17:00:00
Beginning Simulation...
  2100-Jan-18 20:00:00 (4.9%)
  2100-Feb-12 05:00:00 (11.6%)
  2100-Mar-08 14:00:00 (18.2%)
  2100-Apr-01 22:00:00 (24.9%)
  2100-Apr-26 07:00:00 (31.6%)
  2100-May-20 16:00:00 (38.3%)
  2100-Jun-13 23:00:00 (44.9%)
  2100-Jul-08 06:00:00 (51.6%)
  2100-Aug-01 15:00:00 (58.3%)
  2100-Aug-25 23:00:00 (64.9%)
  2100-Sep-19 08:00:00 (71.6%)
  2100-Oct-13 17:00:00 (78.3%)
  2100-Nov-07 02:00:00 (85%)
  2100-Dec-01 10:00:00 (91.6%)
  2100-Dec-25 19:00:00 (98.3%)
  2100-Dec-31 23:00:00 (100%)
Finished Program: 2014-Nov-17 08:40:43.253114
Elapsed Time: 00:00:28.813800
