instance.yaml
kiva v0.2.0-21-g785bfe1
Copyright (C) 2012-2014 Big Ladder Software
Web: www.bigladdersoftware.com

Starting Program: 2014-Nov-18 11:20:24.962562
Creating Domain...
  X Cells: 84
  Y Cells: 1
  Z Cells: 125
  Total Cells: 10500
Initializing Temperatures...
  2099-Jan-11 17:00:00
  2099-Feb-02 13:00:00
  2099-Feb-24 09:00:00
  2099-Mar-18 04:00:00
  2099-Apr-08 23:00:00
  2099-Apr-30 18:00:00
  2099-May-22 14:00:00
  2099-Jun-13 10:00:00
  2099-Jul-05 05:00:00
  2099-Jul-27 01:00:00
  2099-Aug-17 21:00:00
  2099-Sep-08 16:00:00
  2099-Sep-30 12:00:00
  2099-Oct-22 08:00:00
  2099-Nov-13 04:00:00
  2099-Dec-05 00:00:00
  2099-Dec-26 20:00:00
Beginning Simulation...
  2100-Jan-16 07:00:00 (4.2%)
  2100-Feb-05 09:00:00 (9.7%)
  2100-Feb-25 11:00:00 (15.2%)
  2100-Mar-17 13:00:00 (20.7%)
  2100-Apr-06 14:00:00 (26.2%)
  2100-Apr-26 19:00:00 (31.7%)
  2100-May-17 03:00:00 (37.3%)
  2100-Jun-06 11:00:00 (42.9%)
  2100-Jun-26 19:00:00 (48.4%)
  2100-Jul-17 04:00:00 (54%)
  2100-Aug-06 13:00:00 (59.6%)
  2100-Aug-26 21:00:00 (65.2%)
  2100-Sep-16 06:00:00 (70.8%)
  2100-Oct-06 11:00:00 (76.3%)
  2100-Oct-26 20:00:00 (81.9%)
  2100-Nov-16 04:00:00 (87.4%)
  2100-Dec-06 12:00:00 (93%)
  2100-Dec-26 20:00:00 (98.6%)
  2100-Dec-31 23:00:00 (100%)
Finished Program: 2014-Nov-18 11:21:00.252941
Elapsed Time: 00:00:35.290379
