instance.yaml
kiva v0.2.0-9-g526928a
Copyright (C) 2012-2014 Big Ladder Software
Web: www.bigladdersoftware.com

Starting Program: 2014-Nov-15 11:51:43.461441
Creating Domain...
  X Cells: 233
  Y Cells: 1
  Z Cells: 103
  Total Cells: 23999
Initializing Temperatures...
  2098-Oct-29 23:00:00
  2099-Jan-05 08:00:00
  2099-Jan-15 11:00:00
  2099-Jan-25 14:00:00
  2099-Feb-04 17:00:00
  2099-Feb-14 20:00:00
  2099-Feb-24 23:00:00
  2099-Mar-07 02:00:00
  2099-Mar-17 05:00:00
  2099-Mar-27 08:00:00
  2099-Apr-06 11:00:00
  2099-Apr-16 14:00:00
  2099-Apr-26 17:00:00
  2099-May-06 20:00:00
  2099-May-16 23:00:00
  2099-May-27 02:00:00
  2099-Jun-06 05:00:00
  2099-Jun-16 08:00:00
  2099-Jun-26 11:00:00
  2099-Jul-06 14:00:00
  2099-Jul-16 17:00:00
  2099-Jul-26 19:00:00
  2099-Aug-05 22:00:00
  2099-Aug-16 01:00:00
  2099-Aug-26 04:00:00
  2099-Sep-05 07:00:00
  2099-Sep-15 10:00:00
  2099-Sep-25 13:00:00
  2099-Oct-05 16:00:00
  2099-Oct-15 19:00:00
  2099-Oct-25 22:00:00
  2099-Nov-05 01:00:00
  2099-Nov-15 04:00:00
  2099-Nov-25 07:00:00
  2099-Dec-05 10:00:00
  2099-Dec-15 14:00:00
  2099-Dec-25 17:00:00
Beginning Simulation...
  2100-Jan-04 17:00:00 (1%)
  2100-Jan-14 14:00:00 (3.7%)
  2100-Jan-24 11:00:00 (6.4%)
  2100-Feb-03 08:00:00 (9.1%)
  2100-Feb-13 05:00:00 (11.8%)
  2100-Feb-23 02:00:00 (14.5%)
  2100-Mar-04 23:00:00 (17.2%)
  2100-Mar-14 20:00:00 (20%)
  2100-Mar-24 17:00:00 (22.7%)
  2100-Apr-03 14:00:00 (25.4%)
  2100-Apr-13 11:00:00 (28.1%)
  2100-Apr-23 08:00:00 (30.8%)
  2100-May-03 05:00:00 (33.5%)
  2100-May-13 02:00:00 (36.2%)
  2100-May-22 23:00:00 (38.9%)
  2100-Jun-01 20:00:00 (41.6%)
  2100-Jun-11 17:00:00 (44.3%)
  2100-Jun-21 14:00:00 (47%)
  2100-Jul-01 12:00:00 (49.7%)
  2100-Jul-11 09:00:00 (52.4%)
  2100-Jul-21 06:00:00 (55.1%)
  2100-Jul-31 03:00:00 (57.8%)
  2100-Aug-10 00:00:00 (60.5%)
  2100-Aug-19 21:00:00 (63.3%)
  2100-Aug-29 18:00:00 (66%)
  2100-Sep-08 15:00:00 (68.7%)
  2100-Sep-18 12:00:00 (71.4%)
  2100-Sep-28 09:00:00 (74.1%)
  2100-Oct-08 06:00:00 (76.8%)
  2100-Oct-18 03:00:00 (79.5%)
  2100-Oct-28 00:00:00 (82.2%)
  2100-Nov-06 22:00:00 (84.9%)
  2100-Nov-16 18:00:00 (87.6%)
  2100-Nov-26 15:00:00 (90.3%)
  2100-Dec-06 12:00:00 (93%)
  2100-Dec-16 09:00:00 (95.7%)
  2100-Dec-26 06:00:00 (98.4%)
  2100-Dec-31 23:00:00 (100%)
Finished Program: 2014-Nov-15 11:52:57.580573
Elapsed Time: 00:01:14.119132
