instance.yaml
kiva v0.2.0-21-g785bfe1
Copyright (C) 2012-2014 Big Ladder Software
Web: www.bigladdersoftware.com

Starting Program: 2014-Nov-18 10:53:23.771453
Creating Domain...
  X Cells: 96
  Y Cells: 1
  Z Cells: 125
  Total Cells: 12000
Initializing Temperatures...
  2098-Oct-01 23:00:00
  2099-Jan-12 08:00:00
  2099-Jan-31 21:00:00
  2099-Feb-20 10:00:00
  2099-Mar-11 22:00:00
  2099-Mar-31 11:00:00
  2099-Apr-20 00:00:00
  2099-May-09 13:00:00
  2099-May-29 03:00:00
  2099-Jun-17 16:00:00
  2099-Jul-07 05:00:00
  2099-Jul-26 18:00:00
  2099-Aug-15 07:00:00
  2099-Sep-03 21:00:00
  2099-Sep-23 10:00:00
  2099-Oct-13 00:00:00
  2099-Nov-01 13:00:00
  2099-Nov-21 02:00:00
  2099-Dec-10 16:00:00
  2099-Dec-30 05:00:00
Beginning Simulation...
  2100-Jan-17 10:00:00 (4.5%)
  2100-Feb-04 12:00:00 (9.5%)
  2100-Feb-22 13:00:00 (14.4%)
  2100-Mar-12 15:00:00 (19.3%)
  2100-Mar-30 17:00:00 (24.3%)
  2100-Apr-17 19:00:00 (29.3%)
  2100-May-05 20:00:00 (34.2%)
  2100-May-23 22:00:00 (39.2%)
  2100-Jun-11 00:00:00 (44.1%)
  2100-Jun-29 02:00:00 (49.1%)
  2100-Jul-17 04:00:00 (54%)
  2100-Aug-04 03:00:00 (58.9%)
  2100-Aug-22 05:00:00 (63.9%)
  2100-Sep-09 07:00:00 (68.8%)
  2100-Sep-27 09:00:00 (73.8%)
  2100-Oct-15 11:00:00 (78.8%)
  2100-Nov-02 13:00:00 (83.7%)
  2100-Nov-20 15:00:00 (88.7%)
  2100-Dec-08 17:00:00 (93.6%)
  2100-Dec-26 19:00:00 (98.6%)
  2100-Dec-31 23:00:00 (100%)
Finished Program: 2014-Nov-18 10:54:03.287514
Elapsed Time: 00:00:39.516061
