instance.yaml
kiva v0.2.0-9-g526928a
Copyright (C) 2012-2014 Big Ladder Software
Web: www.bigladdersoftware.com

Starting Program: 2014-Oct-26 15:58:33.262125
Creating Domain...
  X Cells: 103
  Y Cells: 1
  Z Cells: 133
  Total Cells: 13699
Initializing Temperatures...
Warning: Solution did not converge after 436 iterations.
  The final residual was: 0.0022683
  Solver status: 2
  2098-Nov-05 23:00:00
  2099-Jan-05 13:00:00
  2099-Jan-22 11:00:00
  2099-Feb-10 18:00:00
  2099-Mar-02 01:00:00
  2099-Mar-21 08:00:00
  2099-Apr-09 15:00:00
  2099-Apr-28 22:00:00
  2099-May-18 06:00:00
  2099-Jun-06 13:00:00
  2099-Jun-25 21:00:00
  2099-Jul-15 04:00:00
  2099-Aug-03 12:00:00
  2099-Aug-22 20:00:00
  2099-Sep-11 03:00:00
  2099-Sep-30 11:00:00
  2099-Oct-19 20:00:00
  2099-Nov-08 05:00:00
  2099-Nov-27 14:00:00
  2099-Dec-16 23:00:00
Beginning Simulation...
  2100-Jan-05 01:00:00 (1.1%)
  2100-Jan-22 23:00:00 (6%)
  2100-Feb-09 22:00:00 (10.9%)
  2100-Feb-27 21:00:00 (15.9%)
  2100-Mar-17 19:00:00 (20.8%)
  2100-Apr-04 22:00:00 (25.7%)
  2100-Apr-23 03:00:00 (30.7%)
  2100-May-11 08:00:00 (35.7%)
  2100-May-29 14:00:00 (40.7%)
  2100-Jun-16 20:00:00 (45.7%)
  2100-Jul-05 02:00:00 (50.7%)
  2100-Jul-23 08:00:00 (55.7%)
  2100-Aug-10 13:00:00 (60.7%)
  2100-Aug-28 19:00:00 (65.7%)
  2100-Sep-15 22:00:00 (70.7%)
  2100-Oct-04 04:00:00 (75.7%)
  2100-Oct-22 09:00:00 (80.7%)
  2100-Nov-09 14:00:00 (85.6%)
  2100-Nov-27 20:00:00 (90.6%)
  2100-Dec-16 01:00:00 (95.6%)
  2100-Dec-31 23:00:00 (100%)
Finished Program: 2014-Oct-26 15:59:13.876343
Elapsed Time: 00:00:40.614218
