instance.yaml
kiva v0.2.0-9-g526928a
Copyright (C) 2012-2014 Big Ladder Software
Web: www.bigladdersoftware.com

Starting Program: 2014-Nov-15 11:51:46.006807
Creating Domain...
  X Cells: 180
  Y Cells: 1
  Z Cells: 132
  Total Cells: 23760
Initializing Temperatures...
  2098-Dec-24 23:00:00
  2099-Jan-10 18:00:00
  2099-Jan-21 07:00:00
  2099-Jan-31 20:00:00
  2099-Feb-11 09:00:00
  2099-Feb-21 23:00:00
  2099-Mar-04 12:00:00
  2099-Mar-15 01:00:00
  2099-Mar-25 14:00:00
  2099-Apr-05 03:00:00
  2099-Apr-15 16:00:00
  2099-Apr-26 05:00:00
  2099-May-06 18:00:00
  2099-May-17 08:00:00
  2099-May-27 21:00:00
  2099-Jun-07 10:00:00
  2099-Jun-17 23:00:00
  2099-Jun-28 12:00:00
  2099-Jul-09 01:00:00
  2099-Jul-19 15:00:00
  2099-Jul-30 04:00:00
  2099-Aug-09 17:00:00
  2099-Aug-20 06:00:00
  2099-Aug-30 19:00:00
  2099-Sep-10 08:00:00
  2099-Sep-20 21:00:00
  2099-Oct-01 10:00:00
  2099-Oct-12 00:00:00
  2099-Oct-22 13:00:00
  2099-Nov-02 02:00:00
  2099-Nov-12 15:00:00
  2099-Nov-23 04:00:00
  2099-Dec-03 18:00:00
  2099-Dec-14 07:00:00
  2099-Dec-24 20:00:00
Beginning Simulation...
  2100-Jan-04 03:00:00 (0.9%)
  2100-Jan-13 23:00:00 (3.6%)
  2100-Jan-23 19:00:00 (6.2%)
  2100-Feb-02 15:00:00 (8.9%)
  2100-Feb-12 11:00:00 (11.6%)
  2100-Feb-22 07:00:00 (14.3%)
  2100-Mar-04 02:00:00 (17%)
  2100-Mar-13 22:00:00 (19.7%)
  2100-Mar-23 17:00:00 (22.4%)
  2100-Apr-02 13:00:00 (25.1%)
  2100-Apr-12 09:00:00 (27.8%)
  2100-Apr-22 05:00:00 (30.5%)
  2100-May-02 01:00:00 (33.2%)
  2100-May-11 20:00:00 (35.8%)
  2100-May-21 16:00:00 (38.5%)
  2100-May-31 12:00:00 (41.2%)
  2100-Jun-10 08:00:00 (43.9%)
  2100-Jun-20 04:00:00 (46.6%)
  2100-Jun-30 00:00:00 (49.3%)
  2100-Jul-09 19:00:00 (52%)
  2100-Jul-19 14:00:00 (54.7%)
  2100-Jul-29 10:00:00 (57.4%)
  2100-Aug-08 06:00:00 (60.1%)
  2100-Aug-18 02:00:00 (62.8%)
  2100-Aug-27 22:00:00 (65.5%)
  2100-Sep-06 17:00:00 (68.1%)
  2100-Sep-16 13:00:00 (70.8%)
  2100-Sep-26 09:00:00 (73.5%)
  2100-Oct-06 05:00:00 (76.2%)
  2100-Oct-16 01:00:00 (78.9%)
  2100-Oct-25 21:00:00 (81.6%)
  2100-Nov-04 14:00:00 (84.3%)
  2100-Nov-14 10:00:00 (87%)
  2100-Nov-24 06:00:00 (89.7%)
  2100-Dec-04 02:00:00 (92.4%)
  2100-Dec-13 22:00:00 (95%)
  2100-Dec-23 18:00:00 (97.7%)
  2100-Dec-31 23:00:00 (100%)
Finished Program: 2014-Nov-15 11:52:58.837681
Elapsed Time: 00:01:12.830874
