instance.yaml
kiva v0.2.0-9-g526928a
Copyright (C) 2012-2014 Big Ladder Software
Web: www.bigladdersoftware.com

Starting Program: 2014-Oct-25 13:05:07.036651
Creating Domain...
  X Cells: 137
  Y Cells: 1
  Z Cells: 132
  Total Cells: 18084
Initializing Temperatures...
  2098-Oct-08 23:00:00
  2099-Jan-02 19:00:00
  2099-Jan-17 05:00:00
  2099-Feb-02 05:00:00
  2099-Feb-18 05:00:00
  2099-Mar-06 05:00:00
  2099-Mar-22 05:00:00
  2099-Apr-07 05:00:00
  2099-Apr-23 05:00:00
  2099-May-09 04:00:00
  2099-May-25 04:00:00
  2099-Jun-10 04:00:00
  2099-Jun-26 04:00:00
  2099-Jul-12 04:00:00
  2099-Jul-28 04:00:00
  2099-Aug-13 04:00:00
  2099-Aug-29 03:00:00
  2099-Sep-14 03:00:00
  2099-Sep-30 03:00:00
  2099-Oct-16 03:00:00
  2099-Nov-01 03:00:00
  2099-Nov-17 03:00:00
  2099-Dec-03 03:00:00
  2099-Dec-19 03:00:00
Beginning Simulation...
  2100-Jan-03 22:00:00 (0.8%)
  2100-Jan-19 00:00:00 (4.9%)
  2100-Feb-03 02:00:00 (9.1%)
  2100-Feb-18 04:00:00 (13.2%)
  2100-Mar-05 06:00:00 (17.3%)
  2100-Mar-20 08:00:00 (21.5%)
  2100-Apr-04 09:00:00 (25.6%)
  2100-Apr-19 11:00:00 (29.7%)
  2100-May-04 13:00:00 (33.8%)
  2100-May-19 14:00:00 (38%)
  2100-Jun-03 16:00:00 (42.1%)
  2100-Jun-18 18:00:00 (46.2%)
  2100-Jul-03 20:00:00 (50.4%)
  2100-Jul-18 21:00:00 (54.5%)
  2100-Aug-02 23:00:00 (58.6%)
  2100-Aug-18 01:00:00 (62.8%)
  2100-Sep-02 03:00:00 (66.9%)
  2100-Sep-17 05:00:00 (71%)
  2100-Oct-02 07:00:00 (75.1%)
  2100-Oct-17 09:00:00 (79.3%)
  2100-Nov-01 14:00:00 (83.4%)
  2100-Nov-16 19:00:00 (87.6%)
  2100-Dec-02 01:00:00 (91.8%)
  2100-Dec-17 06:00:00 (96%)
  2100-Dec-31 23:00:00 (100%)
Finished Program: 2014-Oct-25 13:05:55.970167
Elapsed Time: 00:00:48.933516
