instance.yaml
kiva v0.2.0-9-g526928a
Copyright (C) 2012-2014 Big Ladder Software
Web: www.bigladdersoftware.com

Starting Program: 2014-Oct-19 01:57:20.078023
Creating Domain...
  X Cells: 93
  Y Cells: 1
  Z Cells: 133
  Total Cells: 12369
Initializing Temperatures...
  2098-Dec-10 23:00:00
  2099-Jan-13 14:00:00
  2099-Feb-04 06:00:00
  2099-Feb-25 23:00:00
  2099-Mar-19 16:00:00
  2099-Apr-10 08:00:00
  2099-May-02 01:00:00
  2099-May-23 18:00:00
  2099-Jun-14 10:00:00
  2099-Jul-06 02:00:00
  2099-Jul-27 19:00:00
  2099-Aug-18 12:00:00
  2099-Sep-09 05:00:00
  2099-Sep-30 22:00:00
  2099-Oct-22 15:00:00
  2099-Nov-13 08:00:00
  2099-Dec-05 01:00:00
  2099-Dec-26 18:00:00
Beginning Simulation...
  2100-Jan-16 06:00:00 (4.2%)
  2100-Feb-05 07:00:00 (9.7%)
  2100-Feb-25 09:00:00 (15.2%)
  2100-Mar-17 14:00:00 (20.7%)
  2100-Apr-06 22:00:00 (26.3%)
  2100-Apr-27 06:00:00 (31.8%)
  2100-May-17 14:00:00 (37.4%)
  2100-Jun-06 22:00:00 (43%)
  2100-Jun-27 06:00:00 (48.6%)
  2100-Jul-17 14:00:00 (54.1%)
  2100-Aug-06 22:00:00 (59.7%)
  2100-Aug-27 06:00:00 (65.3%)
  2100-Sep-16 14:00:00 (70.8%)
  2100-Oct-06 21:00:00 (76.4%)
  2100-Oct-27 04:00:00 (82%)
  2100-Nov-16 08:00:00 (87.5%)
  2100-Dec-06 17:00:00 (93.1%)
  2100-Dec-27 01:00:00 (98.6%)
  2100-Dec-31 23:00:00 (100%)
Finished Program: 2014-Oct-19 01:57:56.243082
Elapsed Time: 00:00:36.165059
