instance.yaml
kiva v0.2.0-20-g4c7c200
Copyright (C) 2012-2014 Big Ladder Software
Web: www.bigladdersoftware.com

Starting Program: 2014-Nov-17 14:13:21.512234
Creating Domain...
  X Cells: 102
  Y Cells: 1
  Z Cells: 125
  Total Cells: 12750
Initializing Temperatures...
  2098-Nov-26 23:00:00
  2099-Jan-16 21:00:00
  2099-Feb-04 13:00:00
  2099-Feb-23 05:00:00
  2099-Mar-13 21:00:00
  2099-Apr-01 13:00:00
  2099-Apr-20 05:00:00
  2099-May-08 21:00:00
  2099-May-27 13:00:00
  2099-Jun-15 06:00:00
  2099-Jul-03 22:00:00
  2099-Jul-22 14:00:00
  2099-Aug-10 07:00:00
  2099-Aug-28 23:00:00
  2099-Sep-16 15:00:00
  2099-Oct-05 07:00:00
  2099-Oct-24 00:00:00
  2099-Nov-11 16:00:00
  2099-Nov-30 08:00:00
  2099-Dec-19 00:00:00
Beginning Simulation...
  2100-Jan-06 01:00:00 (1.4%)
  2100-Jan-23 07:00:00 (6.1%)
  2100-Feb-09 13:00:00 (10.8%)
  2100-Feb-26 19:00:00 (15.6%)
  2100-Mar-16 01:00:00 (20.3%)
  2100-Apr-02 08:00:00 (25%)
  2100-Apr-19 16:00:00 (29.8%)
  2100-May-06 23:00:00 (34.5%)
  2100-May-24 07:00:00 (39.3%)
  2100-Jun-10 14:00:00 (44%)
  2100-Jun-27 22:00:00 (48.7%)
  2100-Jul-15 05:00:00 (53.5%)
  2100-Aug-01 13:00:00 (58.2%)
  2100-Aug-18 21:00:00 (63%)
  2100-Sep-05 01:00:00 (67.7%)
  2100-Sep-22 09:00:00 (72.4%)
  2100-Oct-09 16:00:00 (77.2%)
  2100-Oct-27 00:00:00 (81.9%)
  2100-Nov-13 08:00:00 (86.7%)
  2100-Nov-30 15:00:00 (91.4%)
  2100-Dec-17 22:00:00 (96.1%)
  2100-Dec-31 23:00:00 (100%)
Finished Program: 2014-Nov-17 14:14:02.812886
Elapsed Time: 00:00:41.300652
