instance.yaml
kiva v0.2.0-22-gd89b213
Copyright (C) 2012-2014 Big Ladder Software
Web: www.bigladdersoftware.com

Starting Program: 2014-Nov-19 10:36:54.331824
Creating Domain...
  X Cells: 180
  Y Cells: 1
  Z Cells: 125
  Total Cells: 22500
Initializing Temperatures...
  2098-Nov-19 23:00:00
  2099-Jan-08 08:00:00
  2099-Jan-18 21:00:00
  2099-Jan-29 10:00:00
  2099-Feb-08 23:00:00
  2099-Feb-19 12:00:00
  2099-Mar-02 01:00:00
  2099-Mar-12 14:00:00
  2099-Mar-23 03:00:00
  2099-Apr-02 16:00:00
  2099-Apr-13 05:00:00
  2099-Apr-23 18:00:00
  2099-May-04 07:00:00
  2099-May-14 21:00:00
  2099-May-25 10:00:00
  2099-Jun-05 00:00:00
  2099-Jun-15 13:00:00
  2099-Jun-26 02:00:00
  2099-Jul-06 15:00:00
  2099-Jul-17 05:00:00
  2099-Jul-27 18:00:00
  2099-Aug-07 07:00:00
  2099-Aug-17 20:00:00
  2099-Aug-28 10:00:00
  2099-Sep-07 23:00:00
  2099-Sep-18 13:00:00
  2099-Sep-29 02:00:00
  2099-Oct-09 15:00:00
  2099-Oct-20 05:00:00
  2099-Oct-30 18:00:00
  2099-Nov-10 08:00:00
  2099-Nov-20 21:00:00
  2099-Dec-01 10:00:00
  2099-Dec-11 23:00:00
  2099-Dec-22 12:00:00
Beginning Simulation...
  2100-Jan-02 00:00:00 (0.3%)
  2100-Jan-11 18:00:00 (2.9%)
  2100-Jan-21 12:00:00 (5.6%)
  2100-Jan-31 06:00:00 (8.3%)
  2100-Feb-10 01:00:00 (11%)
  2100-Feb-19 19:00:00 (13.6%)
  2100-Mar-01 13:00:00 (16.3%)
  2100-Mar-11 07:00:00 (19%)
  2100-Mar-21 01:00:00 (21.7%)
  2100-Mar-30 19:00:00 (24.3%)
  2100-Apr-09 13:00:00 (27%)
  2100-Apr-19 08:00:00 (29.7%)
  2100-Apr-29 02:00:00 (32.4%)
  2100-May-08 20:00:00 (35%)
  2100-May-18 15:00:00 (37.7%)
  2100-May-28 09:00:00 (40.4%)
  2100-Jun-07 04:00:00 (43.1%)
  2100-Jun-16 21:00:00 (45.7%)
  2100-Jun-26 16:00:00 (48.4%)
  2100-Jul-06 10:00:00 (51.1%)
  2100-Jul-16 05:00:00 (53.8%)
  2100-Jul-25 23:00:00 (56.4%)
  2100-Aug-04 18:00:00 (59.1%)
  2100-Aug-14 12:00:00 (61.8%)
  2100-Aug-24 06:00:00 (64.5%)
  2100-Sep-03 01:00:00 (67.1%)
  2100-Sep-12 19:00:00 (69.8%)
  2100-Sep-22 14:00:00 (72.5%)
  2100-Oct-02 09:00:00 (75.2%)
  2100-Oct-12 03:00:00 (77.8%)
  2100-Oct-21 22:00:00 (80.5%)
  2100-Oct-31 16:00:00 (83.2%)
  2100-Nov-10 10:00:00 (85.9%)
  2100-Nov-20 04:00:00 (88.5%)
  2100-Nov-29 23:00:00 (91.2%)
  2100-Dec-09 15:00:00 (93.9%)
  2100-Dec-19 09:00:00 (96.5%)
  2100-Dec-29 03:00:00 (99.2%)
  2100-Dec-31 23:00:00 (100%)
Finished Program: 2014-Nov-19 10:38:07.290621
Elapsed Time: 00:01:12.958797
