instance.yaml
kiva v0.2.0-19-ge248292
Copyright (C) 2012-2014 Big Ladder Software
Web: www.bigladdersoftware.com

Starting Program: 2014-Nov-17 08:43:17.434987
Creating Domain...
  X Cells: 93
  Y Cells: 1
  Z Cells: 113
  Total Cells: 10509
Initializing Temperatures...
  2099-Jan-01 01:00:00
  2099-Jan-22 03:00:00
  2099-Feb-12 08:00:00
  2099-Feb-26 10:00:00
  2099-Mar-19 15:00:00
  2099-Apr-09 19:00:00
  2099-May-01 00:00:00
  2099-May-22 05:00:00
  2099-Jun-12 10:00:00
  2099-Jun-29 14:00:00
  2099-Jul-20 18:00:00
  2099-Aug-10 22:00:00
  2099-Sep-01 03:00:00
  2099-Sep-22 08:00:00
  2099-Oct-13 13:00:00
  2099-Nov-03 17:00:00
  2099-Nov-24 22:00:00
  2099-Dec-16 03:00:00
Beginning Simulation...
  2100-Jan-06 05:00:00 (1.4%)
  2100-Jan-26 22:00:00 (7.1%)
  2100-Feb-16 16:00:00 (12.8%)
  2100-Mar-09 09:00:00 (18.5%)
  2100-Mar-30 02:00:00 (24.1%)
  2100-Apr-19 20:00:00 (29.8%)
  2100-May-10 13:00:00 (35.5%)
  2100-May-31 07:00:00 (41.2%)
  2100-Jun-21 00:00:00 (46.8%)
  2100-Jul-11 18:00:00 (52.5%)
  2100-Aug-01 11:00:00 (58.2%)
  2100-Aug-22 05:00:00 (63.9%)
  2100-Sep-11 22:00:00 (69.6%)
  2100-Oct-02 16:00:00 (75.3%)
  2100-Oct-23 10:00:00 (80.9%)
  2100-Nov-13 00:00:00 (86.6%)
  2100-Dec-03 17:00:00 (92.2%)
  2100-Dec-24 10:00:00 (97.9%)
  2100-Dec-31 23:00:00 (100%)
Finished Program: 2014-Nov-17 08:43:53.364102
Elapsed Time: 00:00:35.929115
