instance.yaml
kiva v0.2.0-9-g526928a
Copyright (C) 2012-2014 Big Ladder Software
Web: www.bigladdersoftware.com

Starting Program: 2014-Oct-19 03:44:01.511435
Creating Domain...
  X Cells: 95
  Y Cells: 1
  Z Cells: 113
  Total Cells: 10735
Initializing Temperatures...
  2098-Oct-15 23:00:00
  2099-Jan-04 20:00:00
  2099-Jan-27 06:00:00
  2099-Feb-19 10:00:00
  2099-Mar-14 14:00:00
  2099-Apr-06 17:00:00
  2099-Apr-29 20:00:00
  2099-May-23 00:00:00
  2099-Jun-15 05:00:00
  2099-Jul-08 09:00:00
  2099-Jul-31 13:00:00
  2099-Aug-23 17:00:00
  2099-Sep-15 21:00:00
  2099-Oct-09 01:00:00
  2099-Nov-01 05:00:00
  2099-Nov-24 09:00:00
  2099-Dec-17 13:00:00
Beginning Simulation...
  2100-Jan-09 12:00:00 (2.3%)
  2100-Feb-01 02:00:00 (8.5%)
  2100-Feb-23 17:00:00 (14.7%)
  2100-Mar-18 07:00:00 (20.9%)
  2100-Apr-09 21:00:00 (27.1%)
  2100-May-02 12:00:00 (33.3%)
  2100-May-25 03:00:00 (39.5%)
  2100-Jun-16 17:00:00 (45.7%)
  2100-Jul-09 08:00:00 (51.9%)
  2100-Jul-31 23:00:00 (58.1%)
  2100-Aug-23 13:00:00 (64.3%)
  2100-Sep-15 04:00:00 (70.5%)
  2100-Oct-07 19:00:00 (76.7%)
  2100-Oct-30 09:00:00 (82.8%)
  2100-Nov-22 00:00:00 (89%)
  2100-Dec-14 14:00:00 (95.2%)
  2100-Dec-31 23:00:00 (100%)
Finished Program: 2014-Oct-19 03:44:34.768692
Elapsed Time: 00:00:33.257257
