instance.yaml
kiva v0.2.0-21-g785bfe1
Copyright (C) 2012-2014 Big Ladder Software
Web: www.bigladdersoftware.com

Starting Program: 2014-Nov-18 11:23:28.385621
Creating Domain...
  X Cells: 100
  Y Cells: 1
  Z Cells: 125
  Total Cells: 12500
Initializing Temperatures...
  2098-Dec-31 23:00:00
  2099-Jan-20 10:00:00
  2099-Feb-09 04:00:00
  2099-Feb-28 23:00:00
  2099-Mar-20 18:00:00
  2099-Apr-09 13:00:00
  2099-Apr-29 08:00:00
  2099-May-19 03:00:00
  2099-Jun-07 22:00:00
  2099-Jun-27 18:00:00
  2099-Jul-17 13:00:00
  2099-Aug-06 08:00:00
  2099-Aug-26 03:00:00
  2099-Sep-14 22:00:00
  2099-Oct-04 17:00:00
  2099-Oct-24 13:00:00
  2099-Nov-13 08:00:00
  2099-Dec-03 03:00:00
  2099-Dec-22 23:00:00
Beginning Simulation...
  2100-Jan-10 23:00:00 (2.7%)
  2100-Jan-29 06:00:00 (7.7%)
  2100-Feb-16 13:00:00 (12.8%)
  2100-Mar-06 21:00:00 (17.8%)
  2100-Mar-25 04:00:00 (22.8%)
  2100-Apr-12 12:00:00 (27.8%)
  2100-May-01 02:00:00 (32.9%)
  2100-May-19 16:00:00 (38%)
  2100-Jun-07 06:00:00 (43.1%)
  2100-Jun-25 20:00:00 (48.2%)
  2100-Jul-14 10:00:00 (53.3%)
  2100-Aug-02 00:00:00 (58.4%)
  2100-Aug-20 15:00:00 (63.5%)
  2100-Sep-08 05:00:00 (68.6%)
  2100-Sep-26 19:00:00 (73.6%)
  2100-Oct-15 00:00:00 (78.6%)
  2100-Nov-02 14:00:00 (83.7%)
  2100-Nov-21 05:00:00 (88.8%)
  2100-Dec-09 19:00:00 (93.9%)
  2100-Dec-28 09:00:00 (99%)
  2100-Dec-31 23:00:00 (100%)
Finished Program: 2014-Nov-18 11:24:07.194847
Elapsed Time: 00:00:38.809226
