instance.yaml
kiva v0.2.0-20-g4c7c200
Copyright (C) 2012-2014 Big Ladder Software
Web: www.bigladdersoftware.com

Starting Program: 2014-Nov-17 14:15:20.561054
Creating Domain...
  X Cells: 96
  Y Cells: 1
  Z Cells: 113
  Total Cells: 10848
Initializing Temperatures...
Warning: Solution did not converge after 321 iterations.
  The final residual was: 2.08876e-05
  Solver status: 2
  2098-Nov-26 23:00:00
  2099-Jan-18 18:00:00
  2099-Feb-08 08:00:00
  2099-Feb-28 23:00:00
  2099-Mar-21 13:00:00
  2099-Apr-11 04:00:00
  2099-May-01 18:00:00
  2099-May-22 09:00:00
  2099-Jun-12 00:00:00
  2099-Jul-02 15:00:00
  2099-Jul-23 05:00:00
  2099-Aug-12 20:00:00
  2099-Sep-02 11:00:00
  2099-Sep-23 02:00:00
  2099-Oct-13 17:00:00
  2099-Nov-03 07:00:00
  2099-Nov-23 22:00:00
  2099-Dec-14 13:00:00
Beginning Simulation...
  2100-Jan-04 02:00:00 (0.8%)
  2100-Jan-24 07:00:00 (6.4%)
  2100-Feb-13 11:00:00 (11.9%)
  2100-Mar-05 14:00:00 (17.4%)
  2100-Mar-25 17:00:00 (22.9%)
  2100-Apr-14 04:00:00 (28.3%)
  2100-May-04 08:00:00 (33.8%)
  2100-May-24 13:00:00 (39.3%)
  2100-Jun-13 17:00:00 (44.9%)
  2100-Jul-03 22:00:00 (50.4%)
  2100-Jul-24 02:00:00 (55.9%)
  2100-Aug-13 06:00:00 (61.4%)
  2100-Sep-02 11:00:00 (67%)
  2100-Sep-22 02:00:00 (72.4%)
  2100-Oct-12 06:00:00 (77.9%)
  2100-Nov-01 10:00:00 (83.4%)
  2100-Nov-21 14:00:00 (88.9%)
  2100-Dec-11 18:00:00 (94.5%)
  2100-Dec-31 22:00:00 (100%)
  2100-Dec-31 23:00:00 (100%)
Finished Program: 2014-Nov-17 14:15:57.002213
Elapsed Time: 00:00:36.441159
