instance.yaml
kiva v0.2.0-20-g4c7c200
Copyright (C) 2012-2014 Big Ladder Software
Web: www.bigladdersoftware.com

Starting Program: 2014-Nov-17 14:21:20.069880
Creating Domain...
  X Cells: 187
  Y Cells: 1
  Z Cells: 133
  Total Cells: 24871
Initializing Temperatures...
  2098-Dec-17 23:00:00
  2099-Jan-09 11:00:00
  2099-Jan-19 06:00:00
  2099-Jan-29 00:00:00
  2099-Feb-07 19:00:00
  2099-Feb-17 14:00:00
  2099-Feb-27 08:00:00
  2099-Mar-09 03:00:00
  2099-Mar-18 21:00:00
  2099-Mar-28 16:00:00
  2099-Apr-07 10:00:00
  2099-Apr-17 05:00:00
  2099-Apr-26 23:00:00
  2099-May-06 18:00:00
  2099-May-16 13:00:00
  2099-May-26 08:00:00
  2099-Jun-05 02:00:00
  2099-Jun-14 21:00:00
  2099-Jun-24 16:00:00
  2099-Jul-04 10:00:00
  2099-Jul-14 05:00:00
  2099-Jul-24 00:00:00
  2099-Aug-02 18:00:00
  2099-Aug-12 12:00:00
  2099-Aug-22 07:00:00
  2099-Sep-01 02:00:00
  2099-Sep-10 20:00:00
  2099-Sep-20 15:00:00
  2099-Sep-30 10:00:00
  2099-Oct-10 05:00:00
  2099-Oct-19 23:00:00
  2099-Oct-29 18:00:00
  2099-Nov-08 13:00:00
  2099-Nov-18 07:00:00
  2099-Nov-28 02:00:00
  2099-Dec-07 21:00:00
  2099-Dec-17 15:00:00
  2099-Dec-27 10:00:00
Beginning Simulation...
  2100-Jan-05 19:00:00 (1.3%)
  2100-Jan-14 20:00:00 (3.8%)
  2100-Jan-23 21:00:00 (6.3%)
  2100-Feb-01 23:00:00 (8.8%)
  2100-Feb-11 02:00:00 (11.3%)
  2100-Feb-20 05:00:00 (13.8%)
  2100-Mar-01 08:00:00 (16.3%)
  2100-Mar-10 11:00:00 (18.8%)
  2100-Mar-19 13:00:00 (21.2%)
  2100-Mar-28 16:00:00 (23.7%)
  2100-Apr-06 19:00:00 (26.2%)
  2100-Apr-15 22:00:00 (28.7%)
  2100-Apr-25 01:00:00 (31.2%)
  2100-May-04 04:00:00 (33.7%)
  2100-May-13 07:00:00 (36.2%)
  2100-May-22 11:00:00 (38.8%)
  2100-May-31 14:00:00 (41.3%)
  2100-Jun-09 18:00:00 (43.8%)
  2100-Jun-18 21:00:00 (46.3%)
  2100-Jun-28 00:00:00 (48.8%)
  2100-Jul-07 03:00:00 (51.3%)
  2100-Jul-16 06:00:00 (53.8%)
  2100-Jul-25 10:00:00 (56.3%)
  2100-Aug-03 13:00:00 (58.8%)
  2100-Aug-12 16:00:00 (61.3%)
  2100-Aug-21 20:00:00 (63.8%)
  2100-Aug-30 23:00:00 (66.3%)
  2100-Sep-09 02:00:00 (68.8%)
  2100-Sep-18 06:00:00 (71.3%)
  2100-Sep-27 09:00:00 (73.8%)
  2100-Oct-06 13:00:00 (76.3%)
  2100-Oct-15 16:00:00 (78.8%)
  2100-Oct-24 19:00:00 (81.3%)
  2100-Nov-02 22:00:00 (83.8%)
  2100-Nov-12 00:00:00 (86.3%)
  2100-Nov-21 03:00:00 (88.8%)
  2100-Nov-30 07:00:00 (91.3%)
  2100-Dec-09 10:00:00 (93.8%)
  2100-Dec-18 13:00:00 (96.3%)
  2100-Dec-27 17:00:00 (98.8%)
  2100-Dec-31 23:00:00 (100%)
Finished Program: 2014-Nov-17 14:22:38.468924
Elapsed Time: 00:01:18.399044
