instance.yaml
kiva v0.2.0-21-g785bfe1
Copyright (C) 2012-2014 Big Ladder Software
Web: www.bigladdersoftware.com

Starting Program: 2014-Nov-18 11:01:24.678898
Creating Domain...
  X Cells: 93
  Y Cells: 1
  Z Cells: 158
  Total Cells: 14694
Initializing Temperatures...
  2098-Oct-15 23:00:00
  2099-Jan-11 19:00:00
  2099-Jan-28 20:00:00
  2099-Feb-14 20:00:00
  2099-Mar-03 20:00:00
  2099-Mar-20 20:00:00
  2099-Apr-06 20:00:00
  2099-Apr-23 21:00:00
  2099-May-10 21:00:00
  2099-May-27 21:00:00
  2099-Jun-13 22:00:00
  2099-Jun-30 22:00:00
  2099-Jul-17 22:00:00
  2099-Aug-03 23:00:00
  2099-Aug-21 00:00:00
  2099-Sep-07 00:00:00
  2099-Sep-24 01:00:00
  2099-Oct-11 01:00:00
  2099-Oct-28 02:00:00
  2099-Nov-14 03:00:00
  2099-Dec-01 03:00:00
  2099-Dec-18 04:00:00
Beginning Simulation...
  2100-Jan-03 21:00:00 (0.8%)
  2100-Jan-19 08:00:00 (5%)
  2100-Feb-03 19:00:00 (9.3%)
  2100-Feb-19 06:00:00 (13.5%)
  2100-Mar-06 17:00:00 (17.7%)
  2100-Mar-22 04:00:00 (22%)
  2100-Apr-06 15:00:00 (26.2%)
  2100-Apr-22 01:00:00 (30.4%)
  2100-May-07 13:00:00 (34.7%)
  2100-May-22 22:00:00 (38.9%)
  2100-Jun-07 10:00:00 (43.1%)
  2100-Jun-22 21:00:00 (47.4%)
  2100-Jul-08 07:00:00 (51.6%)
  2100-Jul-23 19:00:00 (55.8%)
  2100-Aug-08 06:00:00 (60.1%)
  2100-Aug-23 18:00:00 (64.3%)
  2100-Sep-08 05:00:00 (68.6%)
  2100-Sep-23 17:00:00 (72.8%)
  2100-Oct-09 04:00:00 (77%)
  2100-Oct-24 15:00:00 (81.3%)
  2100-Nov-09 03:00:00 (85.5%)
  2100-Nov-24 15:00:00 (89.8%)
  2100-Dec-10 01:00:00 (94%)
  2100-Dec-25 13:00:00 (98.2%)
  2100-Dec-31 23:00:00 (100%)
Finished Program: 2014-Nov-18 11:02:10.414231
Elapsed Time: 00:00:45.735333
