instance.yaml
kiva v0.2.0-21-g785bfe1
Copyright (C) 2012-2014 Big Ladder Software
Web: www.bigladdersoftware.com

Starting Program: 2014-Nov-18 10:51:25.646508
Creating Domain...
  X Cells: 103
  Y Cells: 1
  Z Cells: 133
  Total Cells: 13699
Initializing Temperatures...
  2098-Oct-15 23:00:00
  2099-Jan-12 18:00:00
  2099-Jan-30 07:00:00
  2099-Feb-16 20:00:00
  2099-Mar-06 09:00:00
  2099-Mar-23 23:00:00
  2099-Apr-10 12:00:00
  2099-Apr-28 01:00:00
  2099-May-15 15:00:00
  2099-Jun-02 04:00:00
  2099-Jun-19 17:00:00
  2099-Jul-07 07:00:00
  2099-Jul-24 20:00:00
  2099-Aug-11 10:00:00
  2099-Aug-28 23:00:00
  2099-Sep-15 13:00:00
  2099-Oct-03 02:00:00
  2099-Oct-20 16:00:00
  2099-Nov-07 05:00:00
  2099-Nov-24 19:00:00
  2099-Dec-12 09:00:00
  2099-Dec-29 22:00:00
Beginning Simulation...
  2100-Jan-15 08:00:00 (3.9%)
  2100-Jan-31 13:00:00 (8.4%)
  2100-Feb-16 19:00:00 (12.8%)
  2100-Mar-05 00:00:00 (17.3%)
  2100-Mar-21 06:00:00 (21.7%)
  2100-Apr-06 12:00:00 (26.2%)
  2100-Apr-22 18:00:00 (30.6%)
  2100-May-09 00:00:00 (35.1%)
  2100-May-25 05:00:00 (39.5%)
  2100-Jun-10 10:00:00 (43.9%)
  2100-Jun-26 14:00:00 (48.4%)
  2100-Jul-12 20:00:00 (52.8%)
  2100-Jul-29 02:00:00 (57.3%)
  2100-Aug-14 08:00:00 (61.7%)
  2100-Aug-30 14:00:00 (66.2%)
  2100-Sep-15 20:00:00 (70.6%)
  2100-Oct-02 02:00:00 (75.1%)
  2100-Oct-18 08:00:00 (79.5%)
  2100-Nov-03 14:00:00 (84%)
  2100-Nov-19 18:00:00 (88.4%)
  2100-Dec-05 23:00:00 (92.9%)
  2100-Dec-22 05:00:00 (97.3%)
  2100-Dec-31 23:00:00 (100%)
Finished Program: 2014-Nov-18 10:52:09.600562
Elapsed Time: 00:00:43.954054
