instance.yaml
kiva v0.2.0-21-g785bfe1
Copyright (C) 2012-2014 Big Ladder Software
Web: www.bigladdersoftware.com

Starting Program: 2014-Nov-18 11:22:26.099293
Creating Domain...
  X Cells: 148
  Y Cells: 1
  Z Cells: 93
  Total Cells: 13764
Initializing Temperatures...
  2099-Jan-05 02:00:00
  2099-Jan-20 18:00:00
  2099-Feb-05 11:00:00
  2099-Feb-21 03:00:00
  2099-Mar-08 19:00:00
  2099-Mar-24 11:00:00
  2099-Apr-09 03:00:00
  2099-Apr-24 20:00:00
  2099-May-10 12:00:00
  2099-May-26 04:00:00
  2099-Jun-10 20:00:00
  2099-Jun-26 13:00:00
  2099-Jul-12 04:00:00
  2099-Jul-27 21:00:00
  2099-Aug-12 14:00:00
  2099-Aug-28 07:00:00
  2099-Sep-13 00:00:00
  2099-Sep-28 17:00:00
  2099-Oct-14 09:00:00
  2099-Oct-30 02:00:00
  2099-Nov-14 19:00:00
  2099-Nov-30 12:00:00
  2099-Dec-16 05:00:00
  2099-Dec-31 22:00:00
Beginning Simulation...
  2100-Jan-16 06:00:00 (4.2%)
  2100-Jan-31 15:00:00 (8.4%)
  2100-Feb-15 23:00:00 (12.6%)
  2100-Mar-03 08:00:00 (16.8%)
  2100-Mar-18 17:00:00 (21%)
  2100-Apr-03 01:00:00 (25.2%)
  2100-Apr-18 10:00:00 (29.4%)
  2100-May-03 19:00:00 (33.6%)
  2100-May-19 03:00:00 (37.8%)
  2100-Jun-03 12:00:00 (42.1%)
  2100-Jun-18 20:00:00 (46.3%)
  2100-Jul-04 04:00:00 (50.5%)
  2100-Jul-19 13:00:00 (54.7%)
  2100-Aug-03 22:00:00 (58.9%)
  2100-Aug-19 07:00:00 (63.1%)
  2100-Sep-03 16:00:00 (67.3%)
  2100-Sep-19 00:00:00 (71.5%)
  2100-Oct-04 09:00:00 (75.7%)
  2100-Oct-19 18:00:00 (79.9%)
  2100-Nov-04 03:00:00 (84.1%)
  2100-Nov-19 12:00:00 (88.4%)
  2100-Dec-04 21:00:00 (92.6%)
  2100-Dec-20 06:00:00 (96.8%)
  2100-Dec-31 23:00:00 (100%)
Finished Program: 2014-Nov-18 11:23:13.764540
Elapsed Time: 00:00:47.665247
