instance.yaml
kiva v0.2.0-20-g4c7c200
Copyright (C) 2012-2014 Big Ladder Software
Web: www.bigladdersoftware.com

Starting Program: 2014-Nov-17 14:17:21.779836
Creating Domain...
  X Cells: 101
  Y Cells: 1
  Z Cells: 113
  Total Cells: 11413
Initializing Temperatures...
  2098-Oct-01 23:00:00
  2099-Jan-12 08:00:00
  2099-Jan-31 22:00:00
  2099-Feb-20 12:00:00
  2099-Mar-12 01:00:00
  2099-Mar-31 15:00:00
  2099-Apr-20 05:00:00
  2099-May-09 19:00:00
  2099-May-29 08:00:00
  2099-Jun-17 22:00:00
  2099-Jul-07 12:00:00
  2099-Jul-27 02:00:00
  2099-Aug-15 15:00:00
  2099-Sep-04 05:00:00
  2099-Sep-23 19:00:00
  2099-Oct-13 08:00:00
  2099-Nov-01 22:00:00
  2099-Nov-21 12:00:00
  2099-Dec-11 02:00:00
  2099-Dec-30 16:00:00
Beginning Simulation...
  2100-Jan-18 20:00:00 (4.9%)
  2100-Feb-06 23:00:00 (10.1%)
  2100-Feb-26 02:00:00 (15.4%)
  2100-Mar-17 05:00:00 (20.6%)
  2100-Apr-05 08:00:00 (25.8%)
  2100-Apr-24 11:00:00 (31.1%)
  2100-May-13 14:00:00 (36.3%)
  2100-Jun-01 18:00:00 (41.6%)
  2100-Jun-20 21:00:00 (46.8%)
  2100-Jul-10 00:00:00 (52.1%)
  2100-Jul-29 03:00:00 (57.3%)
  2100-Aug-17 06:00:00 (62.5%)
  2100-Sep-05 06:00:00 (67.7%)
  2100-Sep-24 10:00:00 (73%)
  2100-Oct-13 13:00:00 (78.2%)
  2100-Nov-01 16:00:00 (83.5%)
  2100-Nov-20 19:00:00 (88.7%)
  2100-Dec-09 22:00:00 (93.9%)
  2100-Dec-29 01:00:00 (99.2%)
  2100-Dec-31 23:00:00 (100%)
Finished Program: 2014-Nov-17 14:18:00.154030
Elapsed Time: 00:00:38.374194
