instance.yaml
kiva v0.2.0-22-gd89b213
Copyright (C) 2012-2014 Big Ladder Software
Web: www.bigladdersoftware.com

Starting Program: 2014-Nov-19 10:42:44.010540
Creating Domain...
  X Cells: 203
  Y Cells: 1
  Z Cells: 125
  Total Cells: 25375
Initializing Temperatures...
  2098-Dec-24 23:00:00
  2099-Jan-09 09:00:00
  2099-Jan-18 20:00:00
  2099-Jan-28 06:00:00
  2099-Feb-06 16:00:00
  2099-Feb-16 03:00:00
  2099-Feb-25 13:00:00
  2099-Mar-07 00:00:00
  2099-Mar-16 10:00:00
  2099-Mar-25 20:00:00
  2099-Apr-04 07:00:00
  2099-Apr-13 17:00:00
  2099-Apr-23 04:00:00
  2099-May-02 14:00:00
  2099-May-12 00:00:00
  2099-May-21 11:00:00
  2099-May-30 21:00:00
  2099-Jun-09 08:00:00
  2099-Jun-18 18:00:00
  2099-Jun-28 05:00:00
  2099-Jul-07 15:00:00
  2099-Jul-17 02:00:00
  2099-Jul-26 12:00:00
  2099-Aug-04 22:00:00
  2099-Aug-14 09:00:00
  2099-Aug-23 19:00:00
  2099-Sep-02 06:00:00
  2099-Sep-11 16:00:00
  2099-Sep-21 03:00:00
  2099-Sep-30 13:00:00
  2099-Oct-10 00:00:00
  2099-Oct-19 10:00:00
  2099-Oct-28 20:00:00
  2099-Nov-07 07:00:00
  2099-Nov-16 17:00:00
  2099-Nov-26 04:00:00
  2099-Dec-05 14:00:00
  2099-Dec-15 01:00:00
  2099-Dec-24 11:00:00
Beginning Simulation...
  2100-Jan-02 19:00:00 (0.5%)
  2100-Jan-11 14:00:00 (2.9%)
  2100-Jan-20 09:00:00 (5.3%)
  2100-Jan-29 04:00:00 (7.7%)
  2100-Feb-07 00:00:00 (10.1%)
  2100-Feb-15 19:00:00 (12.5%)
  2100-Feb-24 14:00:00 (15%)
  2100-Mar-05 09:00:00 (17.4%)
  2100-Mar-14 04:00:00 (19.8%)
  2100-Mar-22 23:00:00 (22.2%)
  2100-Mar-31 19:00:00 (24.6%)
  2100-Apr-09 14:00:00 (27%)
  2100-Apr-18 09:00:00 (29.4%)
  2100-Apr-27 04:00:00 (31.8%)
  2100-May-05 23:00:00 (34.2%)
  2100-May-14 19:00:00 (36.7%)
  2100-May-23 14:00:00 (39.1%)
  2100-Jun-01 09:00:00 (41.5%)
  2100-Jun-10 04:00:00 (43.9%)
  2100-Jun-18 23:00:00 (46.3%)
  2100-Jun-27 19:00:00 (48.7%)
  2100-Jul-06 14:00:00 (51.1%)
  2100-Jul-15 09:00:00 (53.5%)
  2100-Jul-24 05:00:00 (55.9%)
  2100-Aug-02 00:00:00 (58.4%)
  2100-Aug-10 19:00:00 (60.8%)
  2100-Aug-19 14:00:00 (63.2%)
  2100-Aug-28 10:00:00 (65.6%)
  2100-Sep-06 05:00:00 (68%)
  2100-Sep-15 00:00:00 (70.4%)
  2100-Sep-23 19:00:00 (72.8%)
  2100-Oct-02 14:00:00 (75.2%)
  2100-Oct-11 08:00:00 (77.6%)
  2100-Oct-20 03:00:00 (80%)
  2100-Oct-28 23:00:00 (82.5%)
  2100-Nov-06 18:00:00 (84.9%)
  2100-Nov-15 13:00:00 (87.3%)
  2100-Nov-24 09:00:00 (89.7%)
  2100-Dec-03 04:00:00 (92.1%)
  2100-Dec-11 23:00:00 (94.5%)
  2100-Dec-20 18:00:00 (96.9%)
  2100-Dec-29 14:00:00 (99.3%)
  2100-Dec-31 23:00:00 (100%)
Finished Program: 2014-Nov-19 10:44:05.273862
Elapsed Time: 00:01:21.263322
