instance.yaml
kiva v0.2.0-20-g4c7c200
Copyright (C) 2012-2014 Big Ladder Software
Web: www.bigladdersoftware.com

Starting Program: 2014-Nov-17 14:13:18.504835
Creating Domain...
  X Cells: 137
  Y Cells: 1
  Z Cells: 132
  Total Cells: 18084
Initializing Temperatures...
  2098-Nov-12 23:00:00
  2099-Jan-11 09:00:00
  2099-Jan-26 05:00:00
  2099-Feb-10 02:00:00
  2099-Feb-24 22:00:00
  2099-Mar-11 19:00:00
  2099-Mar-26 15:00:00
  2099-Apr-10 12:00:00
  2099-Apr-25 08:00:00
  2099-May-10 05:00:00
  2099-May-25 00:00:00
  2099-Jun-08 21:00:00
  2099-Jun-23 17:00:00
  2099-Jul-08 14:00:00
  2099-Jul-23 10:00:00
  2099-Aug-07 07:00:00
  2099-Aug-22 03:00:00
  2099-Sep-06 00:00:00
  2099-Sep-20 20:00:00
  2099-Oct-05 16:00:00
  2099-Oct-20 13:00:00
  2099-Nov-04 09:00:00
  2099-Nov-19 06:00:00
  2099-Dec-04 03:00:00
  2099-Dec-18 23:00:00
Beginning Simulation...
  2100-Jan-02 17:00:00 (0.5%)
  2100-Jan-16 14:00:00 (4.3%)
  2100-Jan-30 11:00:00 (8.1%)
  2100-Feb-13 08:00:00 (11.9%)
  2100-Feb-27 05:00:00 (15.7%)
  2100-Mar-13 02:00:00 (19.5%)
  2100-Mar-27 00:00:00 (23.3%)
  2100-Apr-09 22:00:00 (27.1%)
  2100-Apr-23 18:00:00 (30.9%)
  2100-May-07 16:00:00 (34.7%)
  2100-May-21 13:00:00 (38.5%)
  2100-Jun-04 11:00:00 (42.3%)
  2100-Jun-18 08:00:00 (46.1%)
  2100-Jul-02 05:00:00 (49.9%)
  2100-Jul-16 03:00:00 (53.7%)
  2100-Jul-30 00:00:00 (57.5%)
  2100-Aug-12 22:00:00 (61.3%)
  2100-Aug-26 19:00:00 (65.1%)
  2100-Sep-09 17:00:00 (69%)
  2100-Sep-23 14:00:00 (72.8%)
  2100-Oct-07 12:00:00 (76.6%)
  2100-Oct-21 09:00:00 (80.4%)
  2100-Nov-04 06:00:00 (84.2%)
  2100-Nov-18 04:00:00 (88%)
  2100-Dec-02 01:00:00 (91.8%)
  2100-Dec-15 23:00:00 (95.6%)
  2100-Dec-29 20:00:00 (99.4%)
  2100-Dec-31 23:00:00 (100%)
Finished Program: 2014-Nov-17 14:14:10.153412
Elapsed Time: 00:00:51.648577
