instance.yaml
kiva v0.2.0-20-g4c7c200
Copyright (C) 2012-2014 Big Ladder Software
Web: www.bigladdersoftware.com

Starting Program: 2014-Nov-17 14:07:20.402530
Creating Domain...
  X Cells: 90
  Y Cells: 1
  Z Cells: 158
  Total Cells: 14220
Initializing Temperatures...
  2098-Dec-17 23:00:00
  2099-Jan-16 13:00:00
  2099-Feb-02 08:00:00
  2099-Feb-19 04:00:00
  2099-Mar-07 23:00:00
  2099-Mar-24 18:00:00
  2099-Apr-10 12:00:00
  2099-Apr-27 07:00:00
  2099-May-14 02:00:00
  2099-May-30 21:00:00
  2099-Jun-16 17:00:00
  2099-Jul-03 12:00:00
  2099-Jul-20 07:00:00
  2099-Aug-06 03:00:00
  2099-Aug-22 22:00:00
  2099-Sep-08 18:00:00
  2099-Sep-25 13:00:00
  2099-Oct-12 09:00:00
  2099-Oct-29 05:00:00
  2099-Nov-15 00:00:00
  2099-Dec-01 20:00:00
  2099-Dec-18 15:00:00
Beginning Simulation...
  2100-Jan-04 03:00:00 (0.9%)
  2100-Jan-19 09:00:00 (5%)
  2100-Feb-03 15:00:00 (9.2%)
  2100-Feb-18 22:00:00 (13.4%)
  2100-Mar-06 04:00:00 (17.6%)
  2100-Mar-21 10:00:00 (21.8%)
  2100-Apr-05 16:00:00 (25.9%)
  2100-Apr-20 22:00:00 (30.1%)
  2100-May-06 04:00:00 (34.3%)
  2100-May-21 10:00:00 (38.5%)
  2100-Jun-05 15:00:00 (42.6%)
  2100-Jun-20 22:00:00 (46.8%)
  2100-Jul-06 04:00:00 (51%)
  2100-Jul-21 11:00:00 (55.2%)
  2100-Aug-05 18:00:00 (59.4%)
  2100-Aug-21 01:00:00 (63.6%)
  2100-Sep-05 08:00:00 (67.8%)
  2100-Sep-20 15:00:00 (72%)
  2100-Oct-05 22:00:00 (76.1%)
  2100-Oct-21 05:00:00 (80.3%)
  2100-Nov-05 12:00:00 (84.5%)
  2100-Nov-20 18:00:00 (88.7%)
  2100-Dec-06 01:00:00 (92.9%)
  2100-Dec-21 08:00:00 (97.1%)
  2100-Dec-31 23:00:00 (100%)
Finished Program: 2014-Nov-17 14:08:06.696639
Elapsed Time: 00:00:46.294109
