instance.yaml
kiva v0.2.0-9-g526928a
Copyright (C) 2012-2014 Big Ladder Software
Web: www.bigladdersoftware.com

Starting Program: 2014-Oct-26 15:43:24.168676
Creating Domain...
  X Cells: 105
  Y Cells: 1
  Z Cells: 125
  Total Cells: 13125
Initializing Temperatures...
  2098-Nov-19 23:00:00
  2099-Jan-07 07:00:00
  2099-Jan-26 03:00:00
  2099-Feb-16 08:00:00
  2099-Mar-09 14:00:00
  2099-Mar-30 19:00:00
  2099-Apr-21 00:00:00
  2099-May-12 06:00:00
  2099-Jun-02 12:00:00
  2099-Jun-23 17:00:00
  2099-Jul-14 23:00:00
  2099-Aug-05 04:00:00
  2099-Aug-26 10:00:00
  2099-Sep-16 16:00:00
  2099-Oct-07 21:00:00
  2099-Oct-29 03:00:00
  2099-Nov-19 08:00:00
  2099-Dec-10 13:00:00
  2099-Dec-31 19:00:00
Beginning Simulation...
  2100-Jan-20 13:00:00 (5.4%)
  2100-Feb-09 07:00:00 (10.8%)
  2100-Mar-01 01:00:00 (16.2%)
  2100-Mar-20 19:00:00 (21.6%)
  2100-Apr-09 13:00:00 (27%)
  2100-Apr-29 07:00:00 (32.4%)
  2100-May-19 01:00:00 (37.8%)
  2100-Jun-07 20:00:00 (43.2%)
  2100-Jun-27 14:00:00 (48.7%)
  2100-Jul-17 09:00:00 (54.1%)
  2100-Aug-06 03:00:00 (59.5%)
  2100-Aug-25 22:00:00 (64.9%)
  2100-Sep-14 16:00:00 (70.3%)
  2100-Oct-04 11:00:00 (75.7%)
  2100-Oct-24 01:00:00 (81.1%)
  2100-Nov-12 19:00:00 (86.5%)
  2100-Dec-02 13:00:00 (91.9%)
  2100-Dec-22 07:00:00 (97.3%)
  2100-Dec-31 23:00:00 (100%)
Finished Program: 2014-Oct-26 15:44:01.492399
Elapsed Time: 00:00:37.323723
