instance.yaml
kiva v0.2.0-21-g785bfe1
Copyright (C) 2012-2014 Big Ladder Software
Web: www.bigladdersoftware.com

Starting Program: 2014-Nov-18 11:15:28.078405
Creating Domain...
  X Cells: 193
  Y Cells: 1
  Z Cells: 133
  Total Cells: 25669
Initializing Temperatures...
  2098-Nov-26 23:00:00
  2099-Jan-07 13:00:00
  2099-Jan-16 22:00:00
  2099-Jan-26 07:00:00
  2099-Feb-04 15:00:00
  2099-Feb-14 01:00:00
  2099-Feb-23 09:00:00
  2099-Mar-04 18:00:00
  2099-Mar-14 03:00:00
  2099-Mar-23 12:00:00
  2099-Apr-01 21:00:00
  2099-Apr-11 06:00:00
  2099-Apr-20 15:00:00
  2099-Apr-30 00:00:00
  2099-May-09 09:00:00
  2099-May-18 18:00:00
  2099-May-28 03:00:00
  2099-Jun-06 11:00:00
  2099-Jun-15 20:00:00
  2099-Jun-25 05:00:00
  2099-Jul-04 14:00:00
  2099-Jul-13 23:00:00
  2099-Jul-23 09:00:00
  2099-Aug-01 17:00:00
  2099-Aug-11 03:00:00
  2099-Aug-20 12:00:00
  2099-Aug-29 21:00:00
  2099-Sep-08 06:00:00
  2099-Sep-17 15:00:00
  2099-Sep-27 00:00:00
  2099-Oct-06 09:00:00
  2099-Oct-15 18:00:00
  2099-Oct-25 03:00:00
  2099-Nov-03 12:00:00
  2099-Nov-12 21:00:00
  2099-Nov-22 07:00:00
  2099-Dec-01 16:00:00
  2099-Dec-11 01:00:00
  2099-Dec-20 10:00:00
  2099-Dec-29 19:00:00
Beginning Simulation...
  2100-Jan-07 16:00:00 (1.8%)
  2100-Jan-16 09:00:00 (4.2%)
  2100-Jan-25 03:00:00 (6.6%)
  2100-Feb-02 20:00:00 (9%)
  2100-Feb-11 13:00:00 (11.4%)
  2100-Feb-20 06:00:00 (13.8%)
  2100-Mar-01 00:00:00 (16.2%)
  2100-Mar-09 17:00:00 (18.6%)
  2100-Mar-18 10:00:00 (20.9%)
  2100-Mar-27 03:00:00 (23.3%)
  2100-Apr-04 20:00:00 (25.7%)
  2100-Apr-13 14:00:00 (28.1%)
  2100-Apr-22 07:00:00 (30.5%)
  2100-May-01 00:00:00 (32.9%)
  2100-May-09 17:00:00 (35.3%)
  2100-May-18 11:00:00 (37.7%)
  2100-May-27 04:00:00 (40%)
  2100-Jun-04 22:00:00 (42.4%)
  2100-Jun-13 15:00:00 (44.8%)
  2100-Jun-22 08:00:00 (47.2%)
  2100-Jul-01 02:00:00 (49.6%)
  2100-Jul-09 19:00:00 (52%)
  2100-Jul-18 12:00:00 (54.4%)
  2100-Jul-27 05:00:00 (56.8%)
  2100-Aug-04 22:00:00 (59.2%)
  2100-Aug-13 16:00:00 (61.6%)
  2100-Aug-22 09:00:00 (63.9%)
  2100-Aug-31 03:00:00 (66.3%)
  2100-Sep-08 20:00:00 (68.7%)
  2100-Sep-17 13:00:00 (71.1%)
  2100-Sep-26 07:00:00 (73.5%)
  2100-Oct-04 23:00:00 (75.9%)
  2100-Oct-13 16:00:00 (78.3%)
  2100-Oct-22 10:00:00 (80.7%)
  2100-Oct-31 03:00:00 (83%)
  2100-Nov-08 20:00:00 (85.4%)
  2100-Nov-17 14:00:00 (87.8%)
  2100-Nov-26 07:00:00 (90.2%)
  2100-Dec-05 01:00:00 (92.6%)
  2100-Dec-13 18:00:00 (95%)
  2100-Dec-22 12:00:00 (97.4%)
  2100-Dec-31 05:00:00 (99.8%)
  2100-Dec-31 23:00:00 (100%)
Finished Program: 2014-Nov-18 11:16:50.088946
Elapsed Time: 00:01:22.010541
