instance.yaml
kiva v0.2.0-21-g785bfe1
Copyright (C) 2012-2014 Big Ladder Software
Web: www.bigladdersoftware.com

Starting Program: 2014-Nov-18 11:23:27.426464
Creating Domain...
  X Cells: 186
  Y Cells: 1
  Z Cells: 125
  Total Cells: 23250
Initializing Temperatures...
  2098-Nov-05 23:00:00
  2099-Jan-06 04:00:00
  2099-Jan-16 08:00:00
  2099-Jan-26 12:00:00
  2099-Feb-05 16:00:00
  2099-Feb-15 21:00:00
  2099-Feb-26 01:00:00
  2099-Mar-08 05:00:00
  2099-Mar-18 09:00:00
  2099-Mar-28 13:00:00
  2099-Apr-07 17:00:00
  2099-Apr-17 22:00:00
  2099-Apr-28 02:00:00
  2099-May-08 06:00:00
  2099-May-18 10:00:00
  2099-May-28 15:00:00
  2099-Jun-07 19:00:00
  2099-Jun-17 23:00:00
  2099-Jun-28 03:00:00
  2099-Jul-08 08:00:00
  2099-Jul-18 12:00:00
  2099-Jul-28 16:00:00
  2099-Aug-07 21:00:00
  2099-Aug-18 01:00:00
  2099-Aug-28 05:00:00
  2099-Sep-07 10:00:00
  2099-Sep-17 14:00:00
  2099-Sep-27 18:00:00
  2099-Oct-07 23:00:00
  2099-Oct-18 03:00:00
  2099-Oct-28 07:00:00
  2099-Nov-07 12:00:00
  2099-Nov-17 16:00:00
  2099-Nov-27 20:00:00
  2099-Dec-08 01:00:00
  2099-Dec-18 05:00:00
  2099-Dec-28 09:00:00
Beginning Simulation...
  2100-Jan-07 03:00:00 (1.7%)
  2100-Jan-16 14:00:00 (4.3%)
  2100-Jan-26 02:00:00 (6.9%)
  2100-Feb-04 13:00:00 (9.5%)
  2100-Feb-14 01:00:00 (12.1%)
  2100-Feb-23 12:00:00 (14.7%)
  2100-Mar-05 00:00:00 (17.3%)
  2100-Mar-14 11:00:00 (19.9%)
  2100-Mar-23 23:00:00 (22.5%)
  2100-Apr-02 10:00:00 (25%)
  2100-Apr-11 22:00:00 (27.6%)
  2100-Apr-21 09:00:00 (30.2%)
  2100-Apr-30 21:00:00 (32.8%)
  2100-May-10 09:00:00 (35.4%)
  2100-May-19 20:00:00 (38%)
  2100-May-29 08:00:00 (40.6%)
  2100-Jun-07 21:00:00 (43.3%)
  2100-Jun-17 10:00:00 (45.9%)
  2100-Jun-26 22:00:00 (48.5%)
  2100-Jul-06 11:00:00 (51.1%)
  2100-Jul-16 00:00:00 (53.7%)
  2100-Jul-25 13:00:00 (56.3%)
  2100-Aug-04 01:00:00 (58.9%)
  2100-Aug-13 14:00:00 (61.5%)
  2100-Aug-23 03:00:00 (64.1%)
  2100-Sep-01 16:00:00 (66.8%)
  2100-Sep-11 05:00:00 (69.4%)
  2100-Sep-20 18:00:00 (72%)
  2100-Sep-30 06:00:00 (74.6%)
  2100-Oct-09 19:00:00 (77.2%)
  2100-Oct-19 08:00:00 (79.8%)
  2100-Oct-28 19:00:00 (82.4%)
  2100-Nov-07 07:00:00 (85%)
  2100-Nov-16 20:00:00 (87.6%)
  2100-Nov-26 09:00:00 (90.2%)
  2100-Dec-05 22:00:00 (92.9%)
  2100-Dec-15 11:00:00 (95.5%)
  2100-Dec-24 23:00:00 (98.1%)
  2100-Dec-31 23:00:00 (100%)
Finished Program: 2014-Nov-18 11:24:42.737656
Elapsed Time: 00:01:15.311192
