instance.yaml
kiva v0.2.0-21-g785bfe1
Copyright (C) 2012-2014 Big Ladder Software
Web: www.bigladdersoftware.com

Starting Program: 2014-Nov-18 11:23:27.592406
Creating Domain...
  X Cells: 225
  Y Cells: 1
  Z Cells: 127
  Total Cells: 28575
Initializing Temperatures...
  2098-Oct-08 23:00:00
  2099-Jan-03 00:00:00
  2099-Jan-12 04:00:00
  2099-Jan-21 07:00:00
  2099-Jan-30 11:00:00
  2099-Feb-08 15:00:00
  2099-Feb-17 19:00:00
  2099-Feb-26 23:00:00
  2099-Mar-08 02:00:00
  2099-Mar-17 06:00:00
  2099-Mar-26 10:00:00
  2099-Apr-04 14:00:00
  2099-Apr-13 18:00:00
  2099-Apr-22 22:00:00
  2099-May-02 04:00:00
  2099-May-11 09:00:00
  2099-May-20 14:00:00
  2099-May-29 20:00:00
  2099-Jun-08 01:00:00
  2099-Jun-17 07:00:00
  2099-Jun-26 12:00:00
  2099-Jul-05 18:00:00
  2099-Jul-14 23:00:00
  2099-Jul-24 06:00:00
  2099-Aug-02 13:00:00
  2099-Aug-11 21:00:00
  2099-Aug-21 05:00:00
  2099-Aug-30 13:00:00
  2099-Sep-08 20:00:00
  2099-Sep-18 04:00:00
  2099-Sep-27 12:00:00
  2099-Oct-06 19:00:00
  2099-Oct-16 03:00:00
  2099-Oct-25 11:00:00
  2099-Nov-03 19:00:00
  2099-Nov-13 02:00:00
  2099-Nov-22 10:00:00
  2099-Dec-01 18:00:00
  2099-Dec-11 02:00:00
  2099-Dec-20 09:00:00
  2099-Dec-29 17:00:00
Beginning Simulation...
  2100-Jan-07 13:00:00 (1.8%)
  2100-Jan-16 05:00:00 (4.2%)
  2100-Jan-24 21:00:00 (6.5%)
  2100-Feb-02 14:00:00 (8.9%)
  2100-Feb-11 06:00:00 (11.3%)
  2100-Feb-19 21:00:00 (13.7%)
  2100-Feb-28 13:00:00 (16%)
  2100-Mar-09 05:00:00 (18.4%)
  2100-Mar-17 21:00:00 (20.8%)
  2100-Mar-26 13:00:00 (23.2%)
  2100-Apr-04 05:00:00 (25.5%)
  2100-Apr-12 22:00:00 (27.9%)
  2100-Apr-21 14:00:00 (30.3%)
  2100-Apr-30 06:00:00 (32.7%)
  2100-May-08 22:00:00 (35%)
  2100-May-17 15:00:00 (37.4%)
  2100-May-26 07:00:00 (39.8%)
  2100-Jun-03 23:00:00 (42.2%)
  2100-Jun-12 15:00:00 (44.6%)
  2100-Jun-21 08:00:00 (46.9%)
  2100-Jun-30 00:00:00 (49.3%)
  2100-Jul-08 16:00:00 (51.7%)
  2100-Jul-17 09:00:00 (54.1%)
  2100-Jul-26 01:00:00 (56.4%)
  2100-Aug-03 17:00:00 (58.8%)
  2100-Aug-12 10:00:00 (61.2%)
  2100-Aug-21 02:00:00 (63.6%)
  2100-Aug-29 18:00:00 (66%)
  2100-Sep-07 10:00:00 (68.3%)
  2100-Sep-16 03:00:00 (70.7%)
  2100-Sep-24 19:00:00 (73.1%)
  2100-Oct-03 11:00:00 (75.5%)
  2100-Oct-12 03:00:00 (77.8%)
  2100-Oct-20 18:00:00 (80.2%)
  2100-Oct-29 10:00:00 (82.6%)
  2100-Nov-07 03:00:00 (85%)
  2100-Nov-15 19:00:00 (87.3%)
  2100-Nov-24 11:00:00 (89.7%)
  2100-Dec-03 03:00:00 (92.1%)
  2100-Dec-11 19:00:00 (94.5%)
  2100-Dec-20 11:00:00 (96.8%)
  2100-Dec-29 03:00:00 (99.2%)
  2100-Dec-31 23:00:00 (100%)
Finished Program: 2014-Nov-18 11:24:50.326808
Elapsed Time: 00:01:22.734402
