instance.yaml
kiva v0.2.0-9-g526928a
Copyright (C) 2012-2014 Big Ladder Software
Web: www.bigladdersoftware.com

Starting Program: 2014-Nov-15 11:22:44.703866
Creating Domain...
  X Cells: 194
  Y Cells: 1
  Z Cells: 158
  Total Cells: 30652
Initializing Temperatures...
  2098-Oct-01 23:00:00
  2099-Jan-01 13:00:00
  2099-Jan-08 06:00:00
  2099-Jan-14 23:00:00
  2099-Jan-21 16:00:00
  2099-Jan-28 09:00:00
  2099-Feb-04 02:00:00
  2099-Feb-10 19:00:00
  2099-Feb-17 13:00:00
  2099-Feb-24 06:00:00
  2099-Mar-02 23:00:00
  2099-Mar-09 16:00:00
  2099-Mar-16 09:00:00
  2099-Mar-23 03:00:00
  2099-Mar-29 20:00:00
  2099-Apr-05 13:00:00
  2099-Apr-12 06:00:00
  2099-Apr-19 00:00:00
  2099-Apr-25 17:00:00
  2099-May-02 10:00:00
  2099-May-09 04:00:00
  2099-May-15 21:00:00
  2099-May-20 22:00:00
  2099-May-27 16:00:00
  2099-Jun-03 09:00:00
  2099-Jun-10 03:00:00
  2099-Jun-16 20:00:00
  2099-Jun-23 14:00:00
  2099-Jun-30 08:00:00
  2099-Jul-07 01:00:00
  2099-Jul-13 18:00:00
  2099-Jul-20 11:00:00
  2099-Jul-27 05:00:00
  2099-Aug-02 22:00:00
  2099-Aug-09 16:00:00
  2099-Aug-16 10:00:00
  2099-Aug-23 03:00:00
  2099-Aug-29 21:00:00
  2099-Sep-05 14:00:00
  2099-Sep-12 08:00:00
  2099-Sep-19 02:00:00
  2099-Sep-25 19:00:00
  2099-Oct-02 13:00:00
  2099-Oct-09 06:00:00
  2099-Oct-16 00:00:00
  2099-Oct-22 17:00:00
  2099-Oct-29 11:00:00
  2099-Nov-05 04:00:00
  2099-Nov-11 22:00:00
  2099-Nov-18 15:00:00
  2099-Nov-25 09:00:00
  2099-Dec-02 02:00:00
  2099-Dec-08 20:00:00
  2099-Dec-15 13:00:00
  2099-Dec-22 06:00:00
  2099-Dec-29 00:00:00
Beginning Simulation...
  2100-Jan-04 10:00:00 (0.9%)
  2100-Jan-10 16:00:00 (2.6%)
  2100-Jan-16 21:00:00 (4.3%)
  2100-Jan-23 02:00:00 (6.1%)
  2100-Jan-29 07:00:00 (7.8%)
  2100-Feb-04 12:00:00 (9.5%)
  2100-Feb-10 17:00:00 (11.2%)
  2100-Feb-16 23:00:00 (12.9%)
  2100-Feb-23 04:00:00 (14.6%)
  2100-Mar-01 09:00:00 (16.3%)
  2100-Mar-07 14:00:00 (18%)
  2100-Mar-13 19:00:00 (19.7%)
  2100-Mar-20 00:00:00 (21.4%)
  2100-Mar-26 06:00:00 (23.1%)
  2100-Apr-01 11:00:00 (24.8%)
  2100-Apr-07 16:00:00 (26.5%)
  2100-Apr-13 21:00:00 (28.2%)
  2100-Apr-20 02:00:00 (29.9%)
  2100-Apr-26 08:00:00 (31.6%)
  2100-May-02 13:00:00 (33.3%)
  2100-May-08 18:00:00 (35%)
  2100-May-15 04:00:00 (36.8%)
  2100-May-21 14:00:00 (38.5%)
  2100-May-28 00:00:00 (40.3%)
  2100-Jun-03 10:00:00 (42%)
  2100-Jun-09 20:00:00 (43.8%)
  2100-Jun-16 06:00:00 (45.5%)
  2100-Jun-22 16:00:00 (47.3%)
  2100-Jun-29 02:00:00 (49.1%)
  2100-Jul-05 12:00:00 (50.8%)
  2100-Jul-11 22:00:00 (52.6%)
  2100-Jul-18 08:00:00 (54.3%)
  2100-Jul-24 17:00:00 (56.1%)
  2100-Jul-31 03:00:00 (57.8%)
  2100-Aug-06 13:00:00 (59.6%)
  2100-Aug-12 23:00:00 (61.4%)
  2100-Aug-19 09:00:00 (63.1%)
  2100-Aug-25 19:00:00 (64.9%)
  2100-Sep-01 05:00:00 (66.6%)
  2100-Sep-07 15:00:00 (68.4%)
  2100-Sep-14 01:00:00 (70.1%)
  2100-Sep-20 11:00:00 (71.9%)
  2100-Sep-26 21:00:00 (73.7%)
  2100-Oct-03 07:00:00 (75.4%)
  2100-Oct-09 17:00:00 (77.2%)
  2100-Oct-16 02:00:00 (78.9%)
  2100-Oct-22 13:00:00 (80.7%)
  2100-Oct-28 22:00:00 (82.4%)
  2100-Nov-04 08:00:00 (84.2%)
  2100-Nov-10 18:00:00 (86%)
  2100-Nov-17 04:00:00 (87.7%)
  2100-Nov-23 15:00:00 (89.5%)
  2100-Nov-30 01:00:00 (91.2%)
  2100-Dec-06 10:00:00 (93%)
  2100-Dec-12 20:00:00 (94.7%)
  2100-Dec-19 06:00:00 (96.5%)
  2100-Dec-25 16:00:00 (98.3%)
  2100-Dec-31 23:00:00 (100%)
Finished Program: 2014-Nov-15 11:24:37.987073
Elapsed Time: 00:01:53.283207
