instance.yaml
kiva v0.2.0-22-gd89b213
Copyright (C) 2012-2014 Big Ladder Software
Web: www.bigladdersoftware.com

Starting Program: 2014-Nov-19 10:36:43.336060
Creating Domain...
  X Cells: 247
  Y Cells: 1
  Z Cells: 103
  Total Cells: 25441
Initializing Temperatures...
  2098-Nov-05 23:00:00
  2099-Jan-04 22:00:00
  2099-Jan-13 12:00:00
  2099-Jan-22 01:00:00
  2099-Jan-30 15:00:00
  2099-Feb-08 05:00:00
  2099-Feb-16 19:00:00
  2099-Feb-25 08:00:00
  2099-Mar-05 22:00:00
  2099-Mar-14 12:00:00
  2099-Mar-23 01:00:00
  2099-Mar-31 15:00:00
  2099-Apr-09 05:00:00
  2099-Apr-17 19:00:00
  2099-Apr-26 08:00:00
  2099-May-04 22:00:00
  2099-May-13 12:00:00
  2099-May-22 02:00:00
  2099-May-30 15:00:00
  2099-Jun-08 05:00:00
  2099-Jun-16 19:00:00
  2099-Jun-25 08:00:00
  2099-Jul-03 22:00:00
  2099-Jul-12 12:00:00
  2099-Jul-21 02:00:00
  2099-Jul-29 16:00:00
  2099-Aug-07 05:00:00
  2099-Aug-15 19:00:00
  2099-Aug-24 09:00:00
  2099-Sep-01 23:00:00
  2099-Sep-10 13:00:00
  2099-Sep-19 03:00:00
  2099-Sep-27 16:00:00
  2099-Oct-06 06:00:00
  2099-Oct-14 20:00:00
  2099-Oct-23 10:00:00
  2099-Nov-01 00:00:00
  2099-Nov-09 14:00:00
  2099-Nov-18 04:00:00
  2099-Nov-26 17:00:00
  2099-Dec-05 07:00:00
  2099-Dec-13 21:00:00
  2099-Dec-22 11:00:00
  2099-Dec-31 00:00:00
Beginning Simulation...
  2100-Jan-08 11:00:00 (2%)
  2100-Jan-16 22:00:00 (4.4%)
  2100-Jan-25 09:00:00 (6.7%)
  2100-Feb-02 19:00:00 (9%)
  2100-Feb-11 06:00:00 (11.3%)
  2100-Feb-19 16:00:00 (13.6%)
  2100-Feb-28 03:00:00 (15.9%)
  2100-Mar-08 13:00:00 (18.2%)
  2100-Mar-17 00:00:00 (20.5%)
  2100-Mar-25 11:00:00 (22.9%)
  2100-Apr-02 21:00:00 (25.2%)
  2100-Apr-11 08:00:00 (27.5%)
  2100-Apr-19 19:00:00 (29.8%)
  2100-Apr-28 05:00:00 (32.1%)
  2100-May-06 16:00:00 (34.4%)
  2100-May-15 03:00:00 (36.7%)
  2100-May-23 13:00:00 (39.1%)
  2100-Jun-01 00:00:00 (41.4%)
  2100-Jun-09 11:00:00 (43.7%)
  2100-Jun-17 21:00:00 (46%)
  2100-Jun-26 08:00:00 (48.3%)
  2100-Jul-04 18:00:00 (50.6%)
  2100-Jul-13 05:00:00 (52.9%)
  2100-Jul-21 16:00:00 (55.3%)
  2100-Jul-30 02:00:00 (57.6%)
  2100-Aug-07 13:00:00 (59.9%)
  2100-Aug-16 00:00:00 (62.2%)
  2100-Aug-24 10:00:00 (64.5%)
  2100-Sep-01 21:00:00 (66.8%)
  2100-Sep-10 08:00:00 (69.1%)
  2100-Sep-18 18:00:00 (71.4%)
  2100-Sep-27 05:00:00 (73.8%)
  2100-Oct-05 15:00:00 (76.1%)
  2100-Oct-14 02:00:00 (78.4%)
  2100-Oct-22 13:00:00 (80.7%)
  2100-Oct-31 00:00:00 (83%)
  2100-Nov-08 10:00:00 (85.3%)
  2100-Nov-16 21:00:00 (87.6%)
  2100-Nov-25 08:00:00 (90%)
  2100-Dec-03 19:00:00 (92.3%)
  2100-Dec-12 05:00:00 (94.6%)
  2100-Dec-20 16:00:00 (96.9%)
  2100-Dec-29 02:00:00 (99.2%)
  2100-Dec-31 23:00:00 (100%)
Finished Program: 2014-Nov-19 10:38:10.340525
Elapsed Time: 00:01:27.004465
