instance.yaml
kiva v0.2.0-21-g785bfe1
Copyright (C) 2012-2014 Big Ladder Software
Web: www.bigladdersoftware.com

Starting Program: 2014-Nov-18 11:10:23.289663
Creating Domain...
  X Cells: 92
  Y Cells: 1
  Z Cells: 133
  Total Cells: 12236
Initializing Temperatures...
  2099-Jan-02 19:00:00
  2099-Jan-21 22:00:00
  2099-Feb-10 01:00:00
  2099-Mar-01 04:00:00
  2099-Mar-20 07:00:00
  2099-Apr-08 09:00:00
  2099-Apr-27 12:00:00
  2099-May-16 15:00:00
  2099-Jun-04 19:00:00
  2099-Jun-23 22:00:00
  2099-Jul-13 01:00:00
  2099-Aug-01 05:00:00
  2099-Aug-20 08:00:00
  2099-Sep-08 11:00:00
  2099-Sep-27 15:00:00
  2099-Oct-16 18:00:00
  2099-Nov-04 21:00:00
  2099-Nov-24 01:00:00
  2099-Dec-13 04:00:00
Beginning Simulation...
  2100-Jan-01 07:00:00 (0.1%)
  2100-Jan-18 21:00:00 (4.9%)
  2100-Feb-05 12:00:00 (9.7%)
  2100-Feb-23 02:00:00 (14.5%)
  2100-Mar-12 17:00:00 (19.4%)
  2100-Mar-30 08:00:00 (24.2%)
  2100-Apr-16 22:00:00 (29%)
  2100-May-04 13:00:00 (33.8%)
  2100-May-22 04:00:00 (38.7%)
  2100-Jun-08 19:00:00 (43.5%)
  2100-Jun-26 09:00:00 (48.3%)
  2100-Jul-13 22:00:00 (53.1%)
  2100-Jul-31 12:00:00 (57.9%)
  2100-Aug-18 03:00:00 (62.8%)
  2100-Sep-04 18:00:00 (67.6%)
  2100-Sep-22 09:00:00 (72.4%)
  2100-Oct-09 23:00:00 (77.2%)
  2100-Oct-27 14:00:00 (82.1%)
  2100-Nov-14 05:00:00 (86.9%)
  2100-Dec-01 20:00:00 (91.7%)
  2100-Dec-19 11:00:00 (96.6%)
  2100-Dec-31 23:00:00 (100%)
Finished Program: 2014-Nov-18 11:11:03.711225
Elapsed Time: 00:00:40.421562
