instance.yaml
kiva v0.2.0-21-g785bfe1
Copyright (C) 2012-2014 Big Ladder Software
Web: www.bigladdersoftware.com

Starting Program: 2014-Nov-18 11:26:26.511140
Creating Domain...
  X Cells: 175
  Y Cells: 1
  Z Cells: 158
  Total Cells: 27650
Initializing Temperatures...
  2098-Oct-15 23:00:00
  2099-Jan-04 00:00:00
  2099-Jan-12 12:00:00
  2099-Jan-21 01:00:00
  2099-Jan-29 15:00:00
  2099-Feb-07 04:00:00
  2099-Feb-15 18:00:00
  2099-Feb-24 07:00:00
  2099-Mar-04 20:00:00
  2099-Mar-13 10:00:00
  2099-Mar-21 23:00:00
  2099-Mar-30 13:00:00
  2099-Apr-08 02:00:00
  2099-Apr-16 15:00:00
  2099-Apr-25 05:00:00
  2099-May-03 19:00:00
  2099-May-12 08:00:00
  2099-May-20 22:00:00
  2099-May-29 12:00:00
  2099-Jun-07 01:00:00
  2099-Jun-15 15:00:00
  2099-Jun-24 05:00:00
  2099-Jul-02 18:00:00
  2099-Jul-11 08:00:00
  2099-Jul-19 22:00:00
  2099-Jul-28 11:00:00
  2099-Aug-06 01:00:00
  2099-Aug-14 15:00:00
  2099-Aug-23 05:00:00
  2099-Aug-31 18:00:00
  2099-Sep-09 08:00:00
  2099-Sep-17 22:00:00
  2099-Sep-26 11:00:00
  2099-Oct-05 01:00:00
  2099-Oct-13 15:00:00
  2099-Oct-22 06:00:00
  2099-Oct-30 23:00:00
  2099-Nov-08 15:00:00
  2099-Nov-17 07:00:00
  2099-Nov-26 00:00:00
  2099-Dec-04 16:00:00
  2099-Dec-13 09:00:00
  2099-Dec-22 01:00:00
  2099-Dec-30 17:00:00
Beginning Simulation...
  2100-Jan-07 18:00:00 (1.8%)
  2100-Jan-15 17:00:00 (4%)
  2100-Jan-23 18:00:00 (6.2%)
  2100-Jan-31 16:00:00 (8.4%)
  2100-Feb-08 17:00:00 (10.6%)
  2100-Feb-16 17:00:00 (12.8%)
  2100-Feb-24 17:00:00 (15%)
  2100-Mar-04 17:00:00 (17.2%)
  2100-Mar-12 17:00:00 (19.4%)
  2100-Mar-20 17:00:00 (21.6%)
  2100-Mar-28 18:00:00 (23.8%)
  2100-Apr-05 18:00:00 (26%)
  2100-Apr-13 18:00:00 (28.2%)
  2100-Apr-21 18:00:00 (30.3%)
  2100-Apr-29 18:00:00 (32.5%)
  2100-May-07 19:00:00 (34.7%)
  2100-May-15 19:00:00 (36.9%)
  2100-May-23 19:00:00 (39.1%)
  2100-May-31 20:00:00 (41.3%)
  2100-Jun-08 20:00:00 (43.5%)
  2100-Jun-16 20:00:00 (45.7%)
  2100-Jun-24 21:00:00 (47.9%)
  2100-Jul-02 21:00:00 (50.1%)
  2100-Jul-10 22:00:00 (52.3%)
  2100-Jul-18 22:00:00 (54.5%)
  2100-Jul-26 23:00:00 (56.7%)
  2100-Aug-03 23:00:00 (58.9%)
  2100-Aug-11 23:00:00 (61.1%)
  2100-Aug-20 00:00:00 (63.3%)
  2100-Aug-28 00:00:00 (65.5%)
  2100-Sep-05 00:00:00 (67.7%)
  2100-Sep-13 00:00:00 (69.9%)
  2100-Sep-21 01:00:00 (72.1%)
  2100-Sep-29 01:00:00 (74.3%)
  2100-Oct-07 02:00:00 (76.5%)
  2100-Oct-15 02:00:00 (78.7%)
  2100-Oct-23 03:00:00 (80.9%)
  2100-Oct-31 03:00:00 (83%)
  2100-Nov-08 03:00:00 (85.2%)
  2100-Nov-16 04:00:00 (87.4%)
  2100-Nov-24 04:00:00 (89.6%)
  2100-Dec-02 04:00:00 (91.8%)
  2100-Dec-10 04:00:00 (94%)
  2100-Dec-18 05:00:00 (96.2%)
  2100-Dec-26 05:00:00 (98.4%)
  2100-Dec-31 23:00:00 (100%)
Finished Program: 2014-Nov-18 11:27:55.720531
Elapsed Time: 00:01:29.209391
