instance.yaml
kiva v0.2.0-21-g785bfe1
Copyright (C) 2012-2014 Big Ladder Software
Web: www.bigladdersoftware.com

Starting Program: 2014-Nov-18 11:08:24.697777
Creating Domain...
  X Cells: 216
  Y Cells: 1
  Z Cells: 96
  Total Cells: 20736
Initializing Temperatures...
  2098-Oct-08 23:00:00
  2099-Jan-05 16:00:00
  2099-Jan-16 06:00:00
  2099-Jan-26 20:00:00
  2099-Feb-06 10:00:00
  2099-Feb-17 00:00:00
  2099-Feb-27 14:00:00
  2099-Mar-10 04:00:00
  2099-Mar-20 18:00:00
  2099-Mar-31 08:00:00
  2099-Apr-10 22:00:00
  2099-Apr-21 12:00:00
  2099-May-02 02:00:00
  2099-May-12 17:00:00
  2099-May-23 07:00:00
  2099-Jun-02 21:00:00
  2099-Jun-13 11:00:00
  2099-Jun-24 08:00:00
  2099-Jul-05 06:00:00
  2099-Jul-16 03:00:00
  2099-Jul-27 00:00:00
  2099-Aug-06 22:00:00
  2099-Aug-17 03:00:00
  2099-Aug-28 00:00:00
  2099-Sep-07 22:00:00
  2099-Sep-18 19:00:00
  2099-Sep-29 16:00:00
  2099-Oct-10 14:00:00
  2099-Oct-21 11:00:00
  2099-Nov-01 09:00:00
  2099-Nov-12 06:00:00
  2099-Nov-23 04:00:00
  2099-Dec-04 01:00:00
  2099-Dec-14 23:00:00
  2099-Dec-25 20:00:00
Beginning Simulation...
  2100-Jan-05 15:00:00 (1.3%)
  2100-Jan-16 07:00:00 (4.2%)
  2100-Jan-26 22:00:00 (7.1%)
  2100-Feb-06 14:00:00 (10%)
  2100-Feb-17 05:00:00 (12.9%)
  2100-Feb-27 21:00:00 (15.9%)
  2100-Mar-10 13:00:00 (18.8%)
  2100-Mar-21 04:00:00 (21.7%)
  2100-Mar-31 20:00:00 (24.6%)
  2100-Apr-11 11:00:00 (27.5%)
  2100-Apr-22 03:00:00 (30.4%)
  2100-May-02 19:00:00 (33.4%)
  2100-May-13 10:00:00 (36.3%)
  2100-May-24 02:00:00 (39.2%)
  2100-Jun-03 18:00:00 (42.1%)
  2100-Jun-14 10:00:00 (45%)
  2100-Jun-25 02:00:00 (48%)
  2100-Jul-05 18:00:00 (50.9%)
  2100-Jul-16 09:00:00 (53.8%)
  2100-Jul-27 01:00:00 (56.7%)
  2100-Aug-06 17:00:00 (59.6%)
  2100-Aug-17 09:00:00 (62.6%)
  2100-Aug-28 01:00:00 (65.5%)
  2100-Sep-07 17:00:00 (68.4%)
  2100-Sep-18 09:00:00 (71.3%)
  2100-Sep-29 01:00:00 (74.3%)
  2100-Oct-09 17:00:00 (77.2%)
  2100-Oct-20 09:00:00 (80.1%)
  2100-Oct-31 00:00:00 (83%)
  2100-Nov-10 16:00:00 (85.9%)
  2100-Nov-21 08:00:00 (88.9%)
  2100-Dec-02 00:00:00 (91.8%)
  2100-Dec-12 16:00:00 (94.7%)
  2100-Dec-23 05:00:00 (97.6%)
  2100-Dec-31 23:00:00 (100%)
Finished Program: 2014-Nov-18 11:09:33.821942
Elapsed Time: 00:01:09.124165
