instance.yaml
kiva v0.2.0-9-g526928a
Copyright (C) 2012-2014 Big Ladder Software
Web: www.bigladdersoftware.com

Starting Program: 2014-Oct-19 02:51:23.370679
Creating Domain...
  X Cells: 123
  Y Cells: 1
  Z Cells: 127
  Total Cells: 15621
Initializing Temperatures...
  2098-Oct-22 23:00:00
  2099-Jan-03 08:00:00
  2099-Jan-18 13:00:00
  2099-Feb-06 03:00:00
  2099-Feb-24 16:00:00
  2099-Mar-15 06:00:00
  2099-Apr-02 20:00:00
  2099-Apr-21 09:00:00
  2099-May-09 23:00:00
  2099-May-28 13:00:00
  2099-Jun-16 03:00:00
  2099-Jul-04 17:00:00
  2099-Jul-23 06:00:00
  2099-Aug-10 20:00:00
  2099-Aug-29 10:00:00
  2099-Sep-16 23:00:00
  2099-Oct-05 13:00:00
  2099-Oct-24 04:00:00
  2099-Nov-11 18:00:00
  2099-Nov-30 07:00:00
  2099-Dec-18 21:00:00
Beginning Simulation...
  2100-Jan-06 03:00:00 (1.4%)
  2100-Jan-23 12:00:00 (6.2%)
  2100-Feb-09 20:00:00 (10.9%)
  2100-Feb-27 05:00:00 (15.7%)
  2100-Mar-16 13:00:00 (20.4%)
  2100-Apr-02 22:00:00 (25.2%)
  2100-Apr-20 07:00:00 (29.9%)
  2100-May-07 16:00:00 (34.7%)
  2100-May-25 01:00:00 (39.5%)
  2100-Jun-11 10:00:00 (44.2%)
  2100-Jun-28 19:00:00 (49%)
  2100-Jul-16 05:00:00 (53.8%)
  2100-Aug-02 11:00:00 (58.5%)
  2100-Aug-19 20:00:00 (63.2%)
  2100-Sep-06 06:00:00 (68%)
  2100-Sep-23 15:00:00 (72.8%)
  2100-Oct-11 01:00:00 (77.5%)
  2100-Oct-28 10:00:00 (82.3%)
  2100-Nov-14 19:00:00 (87.1%)
  2100-Dec-02 04:00:00 (91.8%)
  2100-Dec-19 13:00:00 (96.6%)
  2100-Dec-31 23:00:00 (100%)
Finished Program: 2014-Oct-19 02:52:05.715945
Elapsed Time: 00:00:42.345266
