instance.yaml
kiva v0.2.0-20-g4c7c200
Copyright (C) 2012-2014 Big Ladder Software
Web: www.bigladdersoftware.com

Starting Program: 2014-Nov-17 14:11:19.760156
Creating Domain...
  X Cells: 96
  Y Cells: 1
  Z Cells: 103
  Total Cells: 9888
Initializing Temperatures...
  2098-Oct-08 23:00:00
  2099-Jan-14 23:00:00
  2099-Feb-06 10:00:00
  2099-Feb-28 21:00:00
  2099-Mar-23 07:00:00
  2099-Apr-14 22:00:00
  2099-May-07 15:00:00
  2099-May-30 09:00:00
  2099-Jun-22 03:00:00
  2099-Jul-14 20:00:00
  2099-Aug-06 13:00:00
  2099-Aug-29 07:00:00
  2099-Sep-21 00:00:00
  2099-Oct-13 18:00:00
  2099-Nov-05 12:00:00
  2099-Nov-28 05:00:00
  2099-Dec-20 23:00:00
Beginning Simulation...
  2100-Jan-12 10:00:00 (3.1%)
  2100-Feb-03 15:00:00 (9.2%)
  2100-Feb-25 19:00:00 (15.3%)
  2100-Mar-20 00:00:00 (21.4%)
  2100-Apr-11 05:00:00 (27.5%)
  2100-May-03 10:00:00 (33.5%)
  2100-May-25 15:00:00 (39.6%)
  2100-Jun-16 20:00:00 (45.7%)
  2100-Jul-09 01:00:00 (51.8%)
  2100-Jul-31 06:00:00 (57.9%)
  2100-Aug-22 11:00:00 (64%)
  2100-Sep-13 16:00:00 (70%)
  2100-Oct-05 21:00:00 (76.1%)
  2100-Oct-27 22:00:00 (82.2%)
  2100-Nov-19 03:00:00 (88.3%)
  2100-Dec-11 08:00:00 (94.3%)
  2100-Dec-31 23:00:00 (100%)
Finished Program: 2014-Nov-17 14:11:52.930274
Elapsed Time: 00:00:33.170118
