instance.yaml
kiva v0.2.0-21-g785bfe1
Copyright (C) 2012-2014 Big Ladder Software
Web: www.bigladdersoftware.com

Starting Program: 2014-Nov-18 11:14:26.321297
Creating Domain...
  X Cells: 105
  Y Cells: 1
  Z Cells: 158
  Total Cells: 16590
Initializing Temperatures...
  2098-Dec-24 23:00:00
  2099-Jan-15 17:00:00
  2099-Jan-31 07:00:00
  2099-Feb-15 21:00:00
  2099-Mar-03 11:00:00
  2099-Mar-19 01:00:00
  2099-Apr-03 15:00:00
  2099-Apr-19 06:00:00
  2099-May-04 20:00:00
  2099-May-20 10:00:00
  2099-Jun-05 01:00:00
  2099-Jun-20 15:00:00
  2099-Jul-06 06:00:00
  2099-Jul-21 20:00:00
  2099-Aug-06 11:00:00
  2099-Aug-22 01:00:00
  2099-Sep-06 16:00:00
  2099-Sep-22 06:00:00
  2099-Oct-07 21:00:00
  2099-Oct-23 11:00:00
  2099-Nov-08 02:00:00
  2099-Nov-23 17:00:00
  2099-Dec-09 07:00:00
  2099-Dec-24 21:00:00
Beginning Simulation...
  2100-Jan-08 18:00:00 (2.1%)
  2100-Jan-22 23:00:00 (6%)
  2100-Feb-06 04:00:00 (9.9%)
  2100-Feb-20 09:00:00 (13.8%)
  2100-Mar-06 14:00:00 (17.7%)
  2100-Mar-20 20:00:00 (21.6%)
  2100-Apr-04 01:00:00 (25.5%)
  2100-Apr-18 06:00:00 (29.4%)
  2100-May-02 12:00:00 (33.3%)
  2100-May-16 18:00:00 (37.2%)
  2100-May-30 21:00:00 (41.1%)
  2100-Jun-14 03:00:00 (45%)
  2100-Jun-28 08:00:00 (48.9%)
  2100-Jul-12 14:00:00 (52.8%)
  2100-Jul-26 19:00:00 (56.7%)
  2100-Aug-10 01:00:00 (60.6%)
  2100-Aug-24 07:00:00 (64.5%)
  2100-Sep-07 12:00:00 (68.4%)
  2100-Sep-21 18:00:00 (72.3%)
  2100-Oct-06 00:00:00 (76.2%)
  2100-Oct-20 06:00:00 (80.1%)
  2100-Nov-03 12:00:00 (84%)
  2100-Nov-17 18:00:00 (87.9%)
  2100-Dec-01 23:00:00 (91.8%)
  2100-Dec-16 04:00:00 (95.7%)
  2100-Dec-30 10:00:00 (99.6%)
  2100-Dec-31 23:00:00 (100%)
Finished Program: 2014-Nov-18 11:15:16.110846
Elapsed Time: 00:00:49.789549
