instance.yaml
kiva v0.2.0-21-g785bfe1
Copyright (C) 2012-2014 Big Ladder Software
Web: www.bigladdersoftware.com

Starting Program: 2014-Nov-18 11:15:28.309944
Creating Domain...
  X Cells: 213
  Y Cells: 1
  Z Cells: 125
  Total Cells: 26625
Initializing Temperatures...
  2098-Nov-12 23:00:00
  2099-Jan-06 02:00:00
  2099-Jan-14 22:00:00
  2099-Jan-23 18:00:00
  2099-Feb-01 14:00:00
  2099-Feb-10 09:00:00
  2099-Feb-19 05:00:00
  2099-Feb-28 01:00:00
  2099-Mar-08 21:00:00
  2099-Mar-17 17:00:00
  2099-Mar-26 13:00:00
  2099-Apr-04 09:00:00
  2099-Apr-13 05:00:00
  2099-Apr-22 01:00:00
  2099-Apr-30 21:00:00
  2099-May-09 17:00:00
  2099-May-18 13:00:00
  2099-May-27 09:00:00
  2099-Jun-05 04:00:00
  2099-Jun-14 01:00:00
  2099-Jun-22 21:00:00
  2099-Jul-01 17:00:00
  2099-Jul-10 13:00:00
  2099-Jul-19 09:00:00
  2099-Jul-28 05:00:00
  2099-Aug-06 01:00:00
  2099-Aug-14 21:00:00
  2099-Aug-23 17:00:00
  2099-Sep-01 13:00:00
  2099-Sep-10 09:00:00
  2099-Sep-19 05:00:00
  2099-Sep-28 01:00:00
  2099-Oct-06 21:00:00
  2099-Oct-15 17:00:00
  2099-Oct-24 13:00:00
  2099-Nov-02 10:00:00
  2099-Nov-11 06:00:00
  2099-Nov-20 02:00:00
  2099-Nov-28 22:00:00
  2099-Dec-07 18:00:00
  2099-Dec-16 14:00:00
  2099-Dec-25 10:00:00
Beginning Simulation...
  2100-Jan-03 03:00:00 (0.6%)
  2100-Jan-11 10:00:00 (2.9%)
  2100-Jan-19 17:00:00 (5.1%)
  2100-Jan-28 00:00:00 (7.4%)
  2100-Feb-05 07:00:00 (9.7%)
  2100-Feb-13 14:00:00 (11.9%)
  2100-Feb-21 22:00:00 (14.2%)
  2100-Mar-02 05:00:00 (16.5%)
  2100-Mar-10 12:00:00 (18.8%)
  2100-Mar-18 19:00:00 (21%)
  2100-Mar-27 02:00:00 (23.3%)
  2100-Apr-04 09:00:00 (25.6%)
  2100-Apr-12 17:00:00 (27.9%)
  2100-Apr-21 00:00:00 (30.1%)
  2100-Apr-29 07:00:00 (32.4%)
  2100-May-07 14:00:00 (34.7%)
  2100-May-15 22:00:00 (37%)
  2100-May-24 05:00:00 (39.2%)
  2100-Jun-01 12:00:00 (41.5%)
  2100-Jun-09 19:00:00 (43.8%)
  2100-Jun-18 02:00:00 (46.1%)
  2100-Jun-26 09:00:00 (48.3%)
  2100-Jul-04 16:00:00 (50.6%)
  2100-Jul-13 00:00:00 (52.9%)
  2100-Jul-21 07:00:00 (55.1%)
  2100-Jul-29 14:00:00 (57.4%)
  2100-Aug-06 21:00:00 (59.7%)
  2100-Aug-15 05:00:00 (62%)
  2100-Aug-23 12:00:00 (64.2%)
  2100-Aug-31 19:00:00 (66.5%)
  2100-Sep-09 03:00:00 (68.8%)
  2100-Sep-17 09:00:00 (71.1%)
  2100-Sep-25 16:00:00 (73.3%)
  2100-Oct-03 23:00:00 (75.6%)
  2100-Oct-12 07:00:00 (77.9%)
  2100-Oct-20 14:00:00 (80.2%)
  2100-Oct-28 21:00:00 (82.4%)
  2100-Nov-06 05:00:00 (84.7%)
  2100-Nov-14 12:00:00 (87%)
  2100-Nov-22 19:00:00 (89.3%)
  2100-Dec-01 03:00:00 (91.5%)
  2100-Dec-09 10:00:00 (93.8%)
  2100-Dec-17 17:00:00 (96.1%)
  2100-Dec-26 00:00:00 (98.4%)
  2100-Dec-31 23:00:00 (100%)
Finished Program: 2014-Nov-18 11:16:54.719307
Elapsed Time: 00:01:26.409363
