instance.yaml
kiva v0.2.0-19-ge248292
Copyright (C) 2012-2014 Big Ladder Software
Web: www.bigladdersoftware.com

Starting Program: 2014-Nov-17 08:44:16.930149
Creating Domain...
  X Cells: 90
  Y Cells: 1
  Z Cells: 93
  Total Cells: 8370
Initializing Temperatures...
  2099-Jan-17 00:00:00
  2099-Feb-12 22:00:00
  2099-Mar-11 21:00:00
  2099-Apr-07 19:00:00
  2099-May-04 17:00:00
  2099-May-31 15:00:00
  2099-Jun-27 13:00:00
  2099-Jul-24 12:00:00
  2099-Aug-20 10:00:00
  2099-Sep-16 08:00:00
  2099-Oct-13 06:00:00
  2099-Nov-09 05:00:00
  2099-Dec-06 03:00:00
Beginning Simulation...
  2100-Jan-02 01:00:00 (0.3%)
  2100-Jan-28 05:00:00 (7.5%)
  2100-Feb-23 09:00:00 (14.6%)
  2100-Mar-21 13:00:00 (21.8%)
  2100-Apr-16 17:00:00 (29%)
  2100-May-12 21:00:00 (36.1%)
  2100-Jun-08 01:00:00 (43.3%)
  2100-Jul-04 05:00:00 (50.5%)
  2100-Jul-30 08:00:00 (57.6%)
  2100-Aug-25 11:00:00 (64.8%)
  2100-Sep-20 15:00:00 (72%)
  2100-Oct-16 19:00:00 (79.1%)
  2100-Nov-11 23:00:00 (86.3%)
  2100-Dec-08 03:00:00 (93.5%)
  2100-Dec-31 23:00:00 (100%)
Finished Program: 2014-Nov-17 08:44:44.910634
Elapsed Time: 00:00:27.980485
