instance.yaml
kiva v0.2.0-9-g526928a
Copyright (C) 2012-2014 Big Ladder Software
Web: www.bigladdersoftware.com

Starting Program: 2014-Nov-15 12:23:47.531093
Creating Domain...
  X Cells: 157
  Y Cells: 1
  Z Cells: 158
  Total Cells: 24806
Initializing Temperatures...
  2098-Oct-29 23:00:00
  2099-Jan-06 09:00:00
  2099-Jan-15 22:00:00
  2099-Jan-25 11:00:00
  2099-Feb-04 01:00:00
  2099-Feb-13 14:00:00
  2099-Feb-23 03:00:00
  2099-Mar-04 16:00:00
  2099-Mar-14 05:00:00
  2099-Mar-23 18:00:00
  2099-Apr-02 07:00:00
  2099-Apr-11 21:00:00
  2099-Apr-21 09:00:00
  2099-Apr-30 22:00:00
  2099-May-10 11:00:00
  2099-May-20 01:00:00
  2099-May-29 14:00:00
  2099-Jun-08 04:00:00
  2099-Jun-17 17:00:00
  2099-Jun-27 06:00:00
  2099-Jul-06 20:00:00
  2099-Jul-16 09:00:00
  2099-Jul-25 22:00:00
  2099-Aug-04 11:00:00
  2099-Aug-14 01:00:00
  2099-Aug-23 14:00:00
  2099-Sep-02 04:00:00
  2099-Sep-11 17:00:00
  2099-Sep-21 06:00:00
  2099-Sep-30 19:00:00
  2099-Oct-10 09:00:00
  2099-Oct-19 22:00:00
  2099-Oct-29 12:00:00
  2099-Nov-08 01:00:00
  2099-Nov-17 14:00:00
  2099-Nov-27 03:00:00
  2099-Dec-06 17:00:00
  2099-Dec-16 06:00:00
  2099-Dec-25 20:00:00
Beginning Simulation...
  2100-Jan-04 00:00:00 (0.8%)
  2100-Jan-12 14:00:00 (3.2%)
  2100-Jan-21 04:00:00 (5.5%)
  2100-Jan-29 17:00:00 (7.9%)
  2100-Feb-07 07:00:00 (10.2%)
  2100-Feb-15 20:00:00 (12.6%)
  2100-Feb-24 10:00:00 (14.9%)
  2100-Mar-04 23:00:00 (17.2%)
  2100-Mar-13 13:00:00 (19.6%)
  2100-Mar-22 02:00:00 (21.9%)
  2100-Mar-30 16:00:00 (24.3%)
  2100-Apr-08 05:00:00 (26.6%)
  2100-Apr-16 19:00:00 (29%)
  2100-Apr-25 08:00:00 (31.3%)
  2100-May-03 22:00:00 (33.7%)
  2100-May-12 12:00:00 (36%)
  2100-May-21 02:00:00 (38.4%)
  2100-May-29 15:00:00 (40.7%)
  2100-Jun-07 04:00:00 (43.1%)
  2100-Jun-15 17:00:00 (45.4%)
  2100-Jun-24 07:00:00 (47.8%)
  2100-Jul-02 21:00:00 (50.1%)
  2100-Jul-11 10:00:00 (52.4%)
  2100-Jul-20 00:00:00 (54.8%)
  2100-Jul-28 14:00:00 (57.1%)
  2100-Aug-06 03:00:00 (59.5%)
  2100-Aug-14 17:00:00 (61.8%)
  2100-Aug-23 07:00:00 (64.2%)
  2100-Aug-31 21:00:00 (66.5%)
  2100-Sep-09 10:00:00 (68.9%)
  2100-Sep-18 00:00:00 (71.2%)
  2100-Sep-26 13:00:00 (73.6%)
  2100-Oct-05 03:00:00 (75.9%)
  2100-Oct-13 17:00:00 (78.3%)
  2100-Oct-22 07:00:00 (80.6%)
  2100-Oct-30 19:00:00 (83%)
  2100-Nov-08 09:00:00 (85.3%)
  2100-Nov-16 22:00:00 (87.6%)
  2100-Nov-25 11:00:00 (90%)
  2100-Dec-04 00:00:00 (92.3%)
  2100-Dec-12 14:00:00 (94.7%)
  2100-Dec-21 03:00:00 (97%)
  2100-Dec-29 17:00:00 (99.4%)
  2100-Dec-31 23:00:00 (100%)
Finished Program: 2014-Nov-15 12:25:09.265256
Elapsed Time: 00:01:21.734163
