instance.yaml
kiva v0.2.0-9-g526928a
Copyright (C) 2012-2014 Big Ladder Software
Web: www.bigladdersoftware.com

Starting Program: 2014-Nov-15 11:22:46.592052
Creating Domain...
  X Cells: 222
  Y Cells: 1
  Z Cells: 96
  Total Cells: 21312
Initializing Temperatures...
  2098-Oct-22 23:00:00
  2099-Jan-05 15:00:00
  2099-Jan-15 15:00:00
  2099-Jan-25 15:00:00
  2099-Feb-04 15:00:00
  2099-Feb-14 15:00:00
  2099-Feb-24 15:00:00
  2099-Mar-06 16:00:00
  2099-Mar-16 16:00:00
  2099-Mar-26 16:00:00
  2099-Apr-05 16:00:00
  2099-Apr-15 16:00:00
  2099-Apr-25 16:00:00
  2099-May-05 16:00:00
  2099-May-15 16:00:00
  2099-May-25 17:00:00
  2099-Jun-04 17:00:00
  2099-Jun-14 17:00:00
  2099-Jun-24 17:00:00
  2099-Jul-04 18:00:00
  2099-Jul-14 18:00:00
  2099-Jul-24 18:00:00
  2099-Aug-03 18:00:00
  2099-Aug-13 18:00:00
  2099-Aug-23 19:00:00
  2099-Sep-02 19:00:00
  2099-Sep-12 19:00:00
  2099-Sep-22 20:00:00
  2099-Oct-02 19:00:00
  2099-Oct-12 20:00:00
  2099-Oct-22 20:00:00
  2099-Nov-01 21:00:00
  2099-Nov-11 21:00:00
  2099-Nov-21 22:00:00
  2099-Dec-01 22:00:00
  2099-Dec-11 22:00:00
  2099-Dec-21 23:00:00
  2099-Dec-31 23:00:00
Beginning Simulation...
  2100-Jan-10 20:00:00 (2.7%)
  2100-Jan-20 17:00:00 (5.4%)
  2100-Jan-30 13:00:00 (8.1%)
  2100-Feb-09 10:00:00 (10.8%)
  2100-Feb-19 07:00:00 (13.5%)
  2100-Mar-01 03:00:00 (16.2%)
  2100-Mar-11 00:00:00 (18.9%)
  2100-Mar-20 21:00:00 (21.6%)
  2100-Mar-30 18:00:00 (24.3%)
  2100-Apr-09 14:00:00 (27%)
  2100-Apr-19 11:00:00 (29.7%)
  2100-Apr-29 08:00:00 (32.4%)
  2100-May-09 04:00:00 (35.1%)
  2100-May-19 01:00:00 (37.8%)
  2100-May-28 22:00:00 (40.5%)
  2100-Jun-07 19:00:00 (43.2%)
  2100-Jun-17 16:00:00 (45.9%)
  2100-Jun-27 13:00:00 (48.6%)
  2100-Jul-07 10:00:00 (51.3%)
  2100-Jul-17 07:00:00 (54.1%)
  2100-Jul-27 04:00:00 (56.8%)
  2100-Aug-06 01:00:00 (59.5%)
  2100-Aug-15 21:00:00 (62.2%)
  2100-Aug-25 18:00:00 (64.9%)
  2100-Sep-04 15:00:00 (67.6%)
  2100-Sep-14 12:00:00 (70.3%)
  2100-Sep-24 09:00:00 (73%)
  2100-Oct-04 06:00:00 (75.7%)
  2100-Oct-14 03:00:00 (78.4%)
  2100-Oct-24 00:00:00 (81.1%)
  2100-Nov-02 21:00:00 (83.8%)
  2100-Nov-12 17:00:00 (86.5%)
  2100-Nov-22 14:00:00 (89.2%)
  2100-Dec-02 11:00:00 (91.9%)
  2100-Dec-12 07:00:00 (94.6%)
  2100-Dec-22 03:00:00 (97.3%)
  2100-Dec-31 23:00:00 (100%)
Finished Program: 2014-Nov-15 11:24:00.998751
Elapsed Time: 00:01:14.406699
