instance.yaml
kiva v0.2.0-22-gd89b213
Copyright (C) 2012-2014 Big Ladder Software
Web: www.bigladdersoftware.com

Starting Program: 2014-Nov-19 10:41:47.347886
Creating Domain...
  X Cells: 167
  Y Cells: 1
  Z Cells: 133
  Total Cells: 22211
Initializing Temperatures...
  2098-Nov-12 23:00:00
  2099-Jan-07 19:00:00
  2099-Jan-18 05:00:00
  2099-Jan-28 16:00:00
  2099-Feb-08 03:00:00
  2099-Feb-18 14:00:00
  2099-Mar-01 00:00:00
  2099-Mar-11 11:00:00
  2099-Mar-21 22:00:00
  2099-Apr-01 09:00:00
  2099-Apr-11 19:00:00
  2099-Apr-22 06:00:00
  2099-May-02 16:00:00
  2099-May-13 03:00:00
  2099-May-23 14:00:00
  2099-Jun-03 00:00:00
  2099-Jun-13 12:00:00
  2099-Jun-24 00:00:00
  2099-Jul-04 13:00:00
  2099-Jul-15 01:00:00
  2099-Jul-25 13:00:00
  2099-Aug-05 02:00:00
  2099-Aug-15 14:00:00
  2099-Aug-26 02:00:00
  2099-Sep-05 15:00:00
  2099-Sep-16 03:00:00
  2099-Sep-26 17:00:00
  2099-Oct-07 08:00:00
  2099-Oct-17 22:00:00
  2099-Oct-28 13:00:00
  2099-Nov-08 04:00:00
  2099-Nov-18 19:00:00
  2099-Nov-29 09:00:00
  2099-Dec-10 00:00:00
  2099-Dec-20 14:00:00
  2099-Dec-31 05:00:00
Beginning Simulation...
  2100-Jan-10 01:00:00 (2.5%)
  2100-Jan-19 19:00:00 (5.1%)
  2100-Jan-29 14:00:00 (7.8%)
  2100-Feb-08 08:00:00 (10.5%)
  2100-Feb-18 02:00:00 (13.2%)
  2100-Feb-27 21:00:00 (15.9%)
  2100-Mar-09 15:00:00 (18.5%)
  2100-Mar-19 09:00:00 (21.2%)
  2100-Mar-29 03:00:00 (23.9%)
  2100-Apr-07 22:00:00 (26.6%)
  2100-Apr-17 16:00:00 (29.2%)
  2100-Apr-27 11:00:00 (31.9%)
  2100-May-07 05:00:00 (34.6%)
  2100-May-16 23:00:00 (37.2%)
  2100-May-26 18:00:00 (39.9%)
  2100-Jun-05 12:00:00 (42.6%)
  2100-Jun-15 07:00:00 (45.3%)
  2100-Jun-25 01:00:00 (48%)
  2100-Jul-04 19:00:00 (50.6%)
  2100-Jul-14 14:00:00 (53.3%)
  2100-Jul-24 08:00:00 (56%)
  2100-Aug-03 02:00:00 (58.7%)
  2100-Aug-12 21:00:00 (61.3%)
  2100-Aug-22 15:00:00 (64%)
  2100-Sep-01 10:00:00 (66.7%)
  2100-Sep-11 04:00:00 (69.4%)
  2100-Sep-20 23:00:00 (72%)
  2100-Sep-30 17:00:00 (74.7%)
  2100-Oct-10 11:00:00 (77.4%)
  2100-Oct-20 06:00:00 (80.1%)
  2100-Oct-30 00:00:00 (82.7%)
  2100-Nov-08 19:00:00 (85.4%)
  2100-Nov-18 13:00:00 (88.1%)
  2100-Nov-28 06:00:00 (90.8%)
  2100-Dec-08 00:00:00 (93.4%)
  2100-Dec-17 19:00:00 (96.1%)
  2100-Dec-27 13:00:00 (98.8%)
  2100-Dec-31 23:00:00 (100%)
Finished Program: 2014-Nov-19 10:43:00.453882
Elapsed Time: 00:01:13.105996
