instance.yaml
kiva v0.2.0-21-g785bfe1
Copyright (C) 2012-2014 Big Ladder Software
Web: www.bigladdersoftware.com

Starting Program: 2014-Nov-18 11:28:24.659370
Creating Domain...
  X Cells: 257
  Y Cells: 1
  Z Cells: 132
  Total Cells: 33924
Initializing Temperatures...
  2098-Oct-01 23:00:00
  2098-Dec-24 23:00:00
  2099-Jan-07 05:00:00
  2099-Jan-14 10:00:00
  2099-Jan-21 16:00:00
  2099-Jan-28 21:00:00
  2099-Feb-05 03:00:00
  2099-Feb-12 09:00:00
  2099-Feb-19 14:00:00
  2099-Feb-26 20:00:00
  2099-Mar-06 02:00:00
  2099-Mar-13 07:00:00
  2099-Mar-20 13:00:00
  2099-Mar-27 19:00:00
  2099-Apr-04 00:00:00
  2099-Apr-11 06:00:00
  2099-Apr-18 12:00:00
  2099-Apr-25 17:00:00
  2099-May-02 23:00:00
  2099-May-10 05:00:00
  2099-May-17 10:00:00
  2099-May-24 16:00:00
  2099-May-31 22:00:00
  2099-Jun-08 03:00:00
  2099-Jun-15 09:00:00
  2099-Jun-22 14:00:00
  2099-Jun-29 20:00:00
  2099-Jul-07 02:00:00
  2099-Jul-14 07:00:00
  2099-Jul-21 13:00:00
  2099-Jul-28 18:00:00
  2099-Aug-05 00:00:00
  2099-Aug-12 06:00:00
  2099-Aug-19 10:00:00
  2099-Aug-26 15:00:00
  2099-Sep-02 21:00:00
  2099-Sep-10 03:00:00
  2099-Sep-17 08:00:00
  2099-Sep-24 14:00:00
  2099-Oct-01 20:00:00
  2099-Oct-09 01:00:00
  2099-Oct-16 07:00:00
  2099-Oct-23 13:00:00
  2099-Oct-30 18:00:00
  2099-Nov-07 00:00:00
  2099-Nov-14 06:00:00
  2099-Nov-21 11:00:00
  2099-Nov-28 17:00:00
  2099-Dec-05 23:00:00
  2099-Dec-13 04:00:00
  2099-Dec-20 10:00:00
  2099-Dec-27 16:00:00
Beginning Simulation...
  2100-Jan-03 17:00:00 (0.7%)
  2100-Jan-10 12:00:00 (2.6%)
  2100-Jan-17 07:00:00 (4.5%)
  2100-Jan-24 02:00:00 (6.3%)
  2100-Jan-30 21:00:00 (8.2%)
  2100-Feb-06 16:00:00 (10%)
  2100-Feb-13 11:00:00 (11.9%)
  2100-Feb-20 06:00:00 (13.8%)
  2100-Feb-27 01:00:00 (15.6%)
  2100-Mar-05 20:00:00 (17.5%)
  2100-Mar-12 15:00:00 (19.3%)
  2100-Mar-19 10:00:00 (21.2%)
  2100-Mar-26 05:00:00 (23.1%)
  2100-Apr-02 00:00:00 (24.9%)
  2100-Apr-08 19:00:00 (26.8%)
  2100-Apr-15 14:00:00 (28.7%)
  2100-Apr-22 09:00:00 (30.5%)
  2100-Apr-29 04:00:00 (32.4%)
  2100-May-05 23:00:00 (34.2%)
  2100-May-12 18:00:00 (36.1%)
  2100-May-19 13:00:00 (38%)
  2100-May-26 08:00:00 (39.8%)
  2100-Jun-02 03:00:00 (41.7%)
  2100-Jun-08 22:00:00 (43.5%)
  2100-Jun-15 18:00:00 (45.4%)
  2100-Jun-22 13:00:00 (47.3%)
  2100-Jun-29 09:00:00 (49.1%)
  2100-Jul-06 03:00:00 (51%)
  2100-Jul-12 23:00:00 (52.9%)
  2100-Jul-19 18:00:00 (54.7%)
  2100-Jul-26 13:00:00 (56.6%)
  2100-Aug-02 09:00:00 (58.5%)
  2100-Aug-09 06:00:00 (60.3%)
  2100-Aug-16 05:00:00 (62.2%)
  2100-Aug-23 03:00:00 (64.1%)
  2100-Aug-30 02:00:00 (66.1%)
  2100-Sep-06 01:00:00 (68%)
  2100-Sep-13 00:00:00 (69.9%)
  2100-Sep-19 23:00:00 (71.8%)
  2100-Sep-26 23:00:00 (73.7%)
  2100-Oct-03 22:00:00 (75.6%)
  2100-Oct-10 21:00:00 (77.5%)
  2100-Oct-17 20:00:00 (79.4%)
  2100-Oct-24 19:00:00 (81.3%)
  2100-Oct-31 18:00:00 (83.2%)
  2100-Nov-07 18:00:00 (85.1%)
  2100-Nov-14 17:00:00 (87%)
  2100-Nov-21 16:00:00 (88.9%)
  2100-Nov-28 15:00:00 (90.9%)
  2100-Dec-05 15:00:00 (92.8%)
  2100-Dec-12 14:00:00 (94.7%)
  2100-Dec-19 13:00:00 (96.6%)
  2100-Dec-26 12:00:00 (98.5%)
  2100-Dec-31 23:00:00 (100%)
Finished Program: 2014-Nov-18 11:30:09.786309
Elapsed Time: 00:01:45.126939
