instance.yaml
kiva v0.2.0-21-g785bfe1
Copyright (C) 2012-2014 Big Ladder Software
Web: www.bigladdersoftware.com

Starting Program: 2014-Nov-18 11:15:25.061752
Creating Domain...
  X Cells: 199
  Y Cells: 1
  Z Cells: 125
  Total Cells: 24875
Initializing Temperatures...
  2098-Dec-24 23:00:00
  2099-Jan-09 14:00:00
  2099-Jan-19 03:00:00
  2099-Jan-28 15:00:00
  2099-Feb-07 03:00:00
  2099-Feb-16 16:00:00
  2099-Feb-26 04:00:00
  2099-Mar-07 16:00:00
  2099-Mar-17 04:00:00
  2099-Mar-26 17:00:00
  2099-Apr-05 01:00:00
  2099-Apr-14 14:00:00
  2099-Apr-24 02:00:00
  2099-May-03 14:00:00
  2099-May-13 03:00:00
  2099-May-22 15:00:00
  2099-Jun-01 04:00:00
  2099-Jun-10 16:00:00
  2099-Jun-20 05:00:00
  2099-Jun-29 17:00:00
  2099-Jul-09 05:00:00
  2099-Jul-18 17:00:00
  2099-Jul-28 06:00:00
  2099-Aug-06 18:00:00
  2099-Aug-16 06:00:00
  2099-Aug-25 19:00:00
  2099-Sep-04 07:00:00
  2099-Sep-13 20:00:00
  2099-Sep-23 08:00:00
  2099-Oct-02 21:00:00
  2099-Oct-12 09:00:00
  2099-Oct-21 22:00:00
  2099-Oct-31 10:00:00
  2099-Nov-09 23:00:00
  2099-Nov-19 11:00:00
  2099-Nov-28 23:00:00
  2099-Dec-08 11:00:00
  2099-Dec-18 00:00:00
  2099-Dec-27 12:00:00
Beginning Simulation...
  2100-Jan-05 17:00:00 (1.3%)
  2100-Jan-14 15:00:00 (3.7%)
  2100-Jan-23 12:00:00 (6.2%)
  2100-Feb-01 10:00:00 (8.6%)
  2100-Feb-10 08:00:00 (11.1%)
  2100-Feb-19 06:00:00 (13.5%)
  2100-Feb-28 04:00:00 (15.9%)
  2100-Mar-09 01:00:00 (18.4%)
  2100-Mar-17 23:00:00 (20.8%)
  2100-Mar-26 21:00:00 (23.3%)
  2100-Apr-04 20:00:00 (25.7%)
  2100-Apr-13 19:00:00 (28.2%)
  2100-Apr-22 19:00:00 (30.6%)
  2100-May-01 18:00:00 (33.1%)
  2100-May-10 18:00:00 (35.5%)
  2100-May-19 17:00:00 (38%)
  2100-May-28 17:00:00 (40.5%)
  2100-Jun-06 16:00:00 (42.9%)
  2100-Jun-15 16:00:00 (45.4%)
  2100-Jun-24 16:00:00 (47.9%)
  2100-Jul-03 15:00:00 (50.3%)
  2100-Jul-12 15:00:00 (52.8%)
  2100-Jul-21 15:00:00 (55.2%)
  2100-Jul-30 14:00:00 (57.7%)
  2100-Aug-08 14:00:00 (60.2%)
  2100-Aug-17 13:00:00 (62.6%)
  2100-Aug-26 13:00:00 (65.1%)
  2100-Sep-04 12:00:00 (67.5%)
  2100-Sep-13 12:00:00 (70%)
  2100-Sep-22 11:00:00 (72.5%)
  2100-Oct-01 11:00:00 (74.9%)
  2100-Oct-10 09:00:00 (77.4%)
  2100-Oct-19 09:00:00 (79.8%)
  2100-Oct-28 08:00:00 (82.3%)
  2100-Nov-06 08:00:00 (84.7%)
  2100-Nov-15 07:00:00 (87.2%)
  2100-Nov-24 07:00:00 (89.7%)
  2100-Dec-03 06:00:00 (92.1%)
  2100-Dec-12 06:00:00 (94.6%)
  2100-Dec-21 05:00:00 (97%)
  2100-Dec-30 05:00:00 (99.5%)
  2100-Dec-31 23:00:00 (100%)
Finished Program: 2014-Nov-18 11:16:45.198396
Elapsed Time: 00:01:20.136644
