instance.yaml
kiva v0.2.0-21-g785bfe1
Copyright (C) 2012-2014 Big Ladder Software
Web: www.bigladdersoftware.com

Starting Program: 2014-Nov-18 11:10:23.352034
Creating Domain...
  X Cells: 99
  Y Cells: 1
  Z Cells: 133
  Total Cells: 13167
Initializing Temperatures...
Warning: Solution did not converge after 506 iterations.
  The final residual was: 0.000149627
  Solver status: 2
  2098-Dec-31 23:00:00
  2099-Jan-20 01:00:00
  2099-Feb-08 05:00:00
  2099-Feb-27 10:00:00
  2099-Mar-18 14:00:00
  2099-Apr-06 17:00:00
  2099-Apr-25 21:00:00
  2099-May-15 01:00:00
  2099-Jun-03 05:00:00
  2099-Jun-22 10:00:00
  2099-Jul-11 14:00:00
  2099-Jul-30 18:00:00
  2099-Aug-18 22:00:00
  2099-Sep-07 03:00:00
  2099-Sep-26 07:00:00
  2099-Oct-15 11:00:00
  2099-Nov-03 15:00:00
  2099-Nov-22 20:00:00
  2099-Dec-12 00:00:00
  2099-Dec-31 05:00:00
Beginning Simulation...
  2100-Jan-17 21:00:00 (4.6%)
  2100-Feb-04 13:00:00 (9.5%)
  2100-Feb-22 04:00:00 (14.3%)
  2100-Mar-11 19:00:00 (19.1%)
  2100-Mar-29 10:00:00 (23.9%)
  2100-Apr-16 02:00:00 (28.8%)
  2100-May-03 17:00:00 (33.6%)
  2100-May-21 08:00:00 (38.4%)
  2100-Jun-08 00:00:00 (43.3%)
  2100-Jun-25 15:00:00 (48.1%)
  2100-Jul-13 07:00:00 (53%)
  2100-Jul-30 20:00:00 (57.8%)
  2100-Aug-17 11:00:00 (62.6%)
  2100-Sep-04 03:00:00 (67.4%)
  2100-Sep-21 18:00:00 (72.3%)
  2100-Oct-09 10:00:00 (77.1%)
  2100-Oct-27 01:00:00 (81.9%)
  2100-Nov-13 16:00:00 (86.8%)
  2100-Dec-01 07:00:00 (91.6%)
  2100-Dec-18 23:00:00 (96.4%)
  2100-Dec-31 23:00:00 (100%)
Finished Program: 2014-Nov-18 11:11:03.738555
Elapsed Time: 00:00:40.386521
