instance.yaml
kiva v0.2.0-21-g785bfe1
Copyright (C) 2012-2014 Big Ladder Software
Web: www.bigladdersoftware.com

Starting Program: 2014-Nov-18 11:09:26.468563
Creating Domain...
  X Cells: 82
  Y Cells: 1
  Z Cells: 93
  Total Cells: 7626
Initializing Temperatures...
  2099-Jan-03 17:00:00
  2099-Feb-02 22:00:00
  2099-Mar-05 03:00:00
  2099-Apr-04 08:00:00
  2099-May-04 13:00:00
  2099-Jun-03 18:00:00
  2099-Jul-03 23:00:00
  2099-Aug-03 05:00:00
  2099-Sep-02 10:00:00
  2099-Oct-02 15:00:00
  2099-Nov-01 21:00:00
  2099-Dec-02 02:00:00
Beginning Simulation...
  2100-Jan-01 08:00:00 (0.1%)
  2100-Jan-30 17:00:00 (8.1%)
  2100-Mar-01 01:00:00 (16.2%)
  2100-Mar-30 10:00:00 (24.2%)
  2100-Apr-28 18:00:00 (32.3%)
  2100-May-28 03:00:00 (40.3%)
  2100-Jun-26 13:00:00 (48.4%)
  2100-Jul-25 22:00:00 (56.4%)
  2100-Aug-24 08:00:00 (64.5%)
  2100-Sep-22 17:00:00 (72.5%)
  2100-Oct-22 03:00:00 (80.6%)
  2100-Nov-20 12:00:00 (88.6%)
  2100-Dec-19 22:00:00 (96.7%)
  2100-Dec-31 23:00:00 (100%)
Finished Program: 2014-Nov-18 11:09:51.410537
Elapsed Time: 00:00:24.941974
