instance.yaml
kiva v0.2.0-9-g526928a
Copyright (C) 2012-2014 Big Ladder Software
Web: www.bigladdersoftware.com

Starting Program: 2014-Nov-15 12:23:43.570265
Creating Domain...
  X Cells: 148
  Y Cells: 1
  Z Cells: 113
  Total Cells: 16724
Initializing Temperatures...
  2098-Nov-05 23:00:00
  2099-Jan-10 08:00:00
  2099-Jan-23 13:00:00
  2099-Feb-05 18:00:00
  2099-Feb-18 23:00:00
  2099-Mar-04 04:00:00
  2099-Mar-17 09:00:00
  2099-Mar-30 14:00:00
  2099-Apr-12 19:00:00
  2099-Apr-26 00:00:00
  2099-May-09 05:00:00
  2099-May-22 10:00:00
  2099-Jun-04 15:00:00
  2099-Jun-17 20:00:00
  2099-Jul-01 02:00:00
  2099-Jul-14 07:00:00
  2099-Jul-27 11:00:00
  2099-Aug-09 16:00:00
  2099-Aug-22 21:00:00
  2099-Sep-05 03:00:00
  2099-Sep-18 08:00:00
  2099-Oct-01 13:00:00
  2099-Oct-14 18:00:00
  2099-Oct-27 23:00:00
  2099-Nov-10 05:00:00
  2099-Nov-23 10:00:00
  2099-Dec-06 15:00:00
  2099-Dec-19 21:00:00
Beginning Simulation...
  2100-Jan-02 02:00:00 (0.3%)
  2100-Jan-15 00:00:00 (3.8%)
  2100-Jan-27 21:00:00 (7.4%)
  2100-Feb-09 19:00:00 (10.9%)
  2100-Feb-22 17:00:00 (14.4%)
  2100-Mar-07 14:00:00 (18%)
  2100-Mar-20 12:00:00 (21.5%)
  2100-Apr-02 09:00:00 (25%)
  2100-Apr-15 07:00:00 (28.6%)
  2100-Apr-28 05:00:00 (32.1%)
  2100-May-11 02:00:00 (35.6%)
  2100-May-24 00:00:00 (39.2%)
  2100-Jun-05 22:00:00 (42.7%)
  2100-Jun-18 20:00:00 (46.3%)
  2100-Jul-01 18:00:00 (49.8%)
  2100-Jul-14 15:00:00 (53.3%)
  2100-Jul-27 13:00:00 (56.9%)
  2100-Aug-09 11:00:00 (60.4%)
  2100-Aug-22 08:00:00 (63.9%)
  2100-Sep-04 06:00:00 (67.5%)
  2100-Sep-17 04:00:00 (71%)
  2100-Sep-30 02:00:00 (74.5%)
  2100-Oct-12 23:00:00 (78.1%)
  2100-Oct-25 21:00:00 (81.6%)
  2100-Nov-07 19:00:00 (85.1%)
  2100-Nov-20 17:00:00 (88.7%)
  2100-Dec-03 15:00:00 (92.2%)
  2100-Dec-16 12:00:00 (95.8%)
  2100-Dec-29 10:00:00 (99.3%)
  2100-Dec-31 23:00:00 (100%)
Finished Program: 2014-Nov-15 12:24:40.197818
Elapsed Time: 00:00:56.627553
