instance.yaml
kiva v0.2.0-21-g785bfe1
Copyright (C) 2012-2014 Big Ladder Software
Web: www.bigladdersoftware.com

Starting Program: 2014-Nov-18 10:54:26.698597
Creating Domain...
  X Cells: 109
  Y Cells: 1
  Z Cells: 133
  Total Cells: 14497
Initializing Temperatures...
  2098-Oct-01 23:00:00
  2099-Jan-11 00:00:00
  2099-Jan-27 19:00:00
  2099-Feb-13 14:00:00
  2099-Mar-02 09:00:00
  2099-Mar-19 04:00:00
  2099-Apr-04 23:00:00
  2099-Apr-21 19:00:00
  2099-May-08 14:00:00
  2099-May-25 09:00:00
  2099-Jun-11 05:00:00
  2099-Jun-28 00:00:00
  2099-Jul-14 19:00:00
  2099-Jul-31 15:00:00
  2099-Aug-17 10:00:00
  2099-Sep-03 05:00:00
  2099-Sep-20 01:00:00
  2099-Oct-06 20:00:00
  2099-Oct-23 15:00:00
  2099-Nov-09 11:00:00
  2099-Nov-26 06:00:00
  2099-Dec-13 02:00:00
  2099-Dec-29 21:00:00
Beginning Simulation...
  2100-Jan-14 14:00:00 (3.7%)
  2100-Jan-30 04:00:00 (8%)
  2100-Feb-14 18:00:00 (12.3%)
  2100-Mar-02 08:00:00 (16.5%)
  2100-Mar-17 21:00:00 (20.8%)
  2100-Apr-02 11:00:00 (25.1%)
  2100-Apr-18 01:00:00 (29.3%)
  2100-May-03 14:00:00 (33.6%)
  2100-May-19 03:00:00 (37.8%)
  2100-Jun-03 17:00:00 (42.1%)
  2100-Jun-19 07:00:00 (46.4%)
  2100-Jul-04 21:00:00 (50.7%)
  2100-Jul-20 08:00:00 (54.9%)
  2100-Aug-04 22:00:00 (59.2%)
  2100-Aug-20 12:00:00 (63.4%)
  2100-Sep-05 01:00:00 (67.7%)
  2100-Sep-20 15:00:00 (72%)
  2100-Oct-06 04:00:00 (76.2%)
  2100-Oct-21 18:00:00 (80.5%)
  2100-Nov-06 08:00:00 (84.7%)
  2100-Nov-21 22:00:00 (89%)
  2100-Dec-07 12:00:00 (93.3%)
  2100-Dec-23 02:00:00 (97.6%)
  2100-Dec-31 23:00:00 (100%)
Finished Program: 2014-Nov-18 10:55:12.565069
Elapsed Time: 00:00:45.866472
