instance.yaml
kiva v0.2.0-19-ge248292
Copyright (C) 2012-2014 Big Ladder Software
Web: www.bigladdersoftware.com

Starting Program: 2014-Nov-17 08:42:13.038109
Creating Domain...
  X Cells: 101
  Y Cells: 1
  Z Cells: 158
  Total Cells: 15958
Initializing Temperatures...
  2099-Jan-04 21:00:00
  2099-Jan-20 01:00:00
  2099-Feb-04 05:00:00
  2099-Feb-19 09:00:00
  2099-Mar-06 14:00:00
  2099-Mar-21 18:00:00
  2099-Apr-05 23:00:00
  2099-Apr-21 03:00:00
  2099-May-06 07:00:00
  2099-May-21 12:00:00
  2099-Jun-05 17:00:00
  2099-Jun-20 21:00:00
  2099-Jul-06 02:00:00
  2099-Jul-21 07:00:00
  2099-Aug-05 11:00:00
  2099-Aug-20 16:00:00
  2099-Sep-04 21:00:00
  2099-Sep-20 01:00:00
  2099-Oct-05 06:00:00
  2099-Oct-20 11:00:00
  2099-Nov-04 16:00:00
  2099-Nov-19 21:00:00
  2099-Dec-05 01:00:00
  2099-Dec-20 06:00:00
Beginning Simulation...
  2100-Jan-04 04:00:00 (0.9%)
  2100-Jan-18 01:00:00 (4.7%)
  2100-Jan-31 23:00:00 (8.5%)
  2100-Feb-14 20:00:00 (12.3%)
  2100-Feb-28 18:00:00 (16.1%)
  2100-Mar-14 16:00:00 (19.9%)
  2100-Mar-28 12:00:00 (23.7%)
  2100-Apr-11 10:00:00 (27.5%)
  2100-Apr-25 08:00:00 (31.3%)
  2100-May-09 05:00:00 (35.1%)
  2100-May-23 03:00:00 (38.9%)
  2100-Jun-06 01:00:00 (42.8%)
  2100-Jun-20 00:00:00 (46.6%)
  2100-Jul-03 21:00:00 (50.4%)
  2100-Jul-17 19:00:00 (54.2%)
  2100-Jul-31 18:00:00 (58%)
  2100-Aug-14 16:00:00 (61.8%)
  2100-Aug-28 14:00:00 (65.6%)
  2100-Sep-11 12:00:00 (69.5%)
  2100-Sep-25 10:00:00 (73.3%)
  2100-Oct-09 08:00:00 (77.1%)
  2100-Oct-23 07:00:00 (80.9%)
  2100-Nov-06 06:00:00 (84.7%)
  2100-Nov-20 07:00:00 (88.6%)
  2100-Dec-04 08:00:00 (92.4%)
  2100-Dec-18 08:00:00 (96.3%)
  2100-Dec-31 23:00:00 (100%)
Finished Program: 2014-Nov-17 08:43:03.972655
Elapsed Time: 00:00:50.934546
