instance.yaml
kiva v0.2.0-21-g785bfe1
Copyright (C) 2012-2014 Big Ladder Software
Web: www.bigladdersoftware.com

Starting Program: 2014-Nov-18 11:24:28.987551
Creating Domain...
  X Cells: 90
  Y Cells: 1
  Z Cells: 125
  Total Cells: 11250
Initializing Temperatures...
  2099-Jan-10 16:00:00
  2099-Jan-31 17:00:00
  2099-Feb-21 17:00:00
  2099-Mar-14 18:00:00
  2099-Apr-04 19:00:00
  2099-Apr-25 19:00:00
  2099-May-16 19:00:00
  2099-Jun-06 20:00:00
  2099-Jun-27 21:00:00
  2099-Jul-18 21:00:00
  2099-Aug-08 22:00:00
  2099-Aug-29 23:00:00
  2099-Sep-19 23:00:00
  2099-Oct-11 00:00:00
  2099-Nov-01 01:00:00
  2099-Nov-22 01:00:00
  2099-Dec-13 02:00:00
Beginning Simulation...
  2100-Jan-02 23:00:00 (0.5%)
  2100-Jan-22 07:00:00 (5.8%)
  2100-Feb-10 15:00:00 (11.1%)
  2100-Mar-02 00:00:00 (16.4%)
  2100-Mar-21 08:00:00 (21.7%)
  2100-Apr-09 17:00:00 (27%)
  2100-Apr-29 01:00:00 (32.3%)
  2100-May-18 09:00:00 (37.6%)
  2100-Jun-06 18:00:00 (42.9%)
  2100-Jun-26 03:00:00 (48.3%)
  2100-Jul-15 11:00:00 (53.6%)
  2100-Aug-03 20:00:00 (58.9%)
  2100-Aug-23 04:00:00 (64.2%)
  2100-Sep-11 10:00:00 (69.4%)
  2100-Sep-30 19:00:00 (74.7%)
  2100-Oct-20 04:00:00 (80%)
  2100-Nov-08 13:00:00 (85.4%)
  2100-Nov-27 21:00:00 (90.7%)
  2100-Dec-17 06:00:00 (96%)
  2100-Dec-31 23:00:00 (100%)
Finished Program: 2014-Nov-18 11:25:05.760341
Elapsed Time: 00:00:36.772790
