instance.yaml
kiva v0.2.0-21-g785bfe1
Copyright (C) 2012-2014 Big Ladder Software
Web: www.bigladdersoftware.com

Starting Program: 2014-Nov-18 11:27:24.057768
Creating Domain...
  X Cells: 96
  Y Cells: 1
  Z Cells: 133
  Total Cells: 12768
Initializing Temperatures...
  2099-Jan-06 11:00:00
  2099-Jan-25 03:00:00
  2099-Feb-12 20:00:00
  2099-Mar-03 12:00:00
  2099-Mar-22 04:00:00
  2099-Apr-09 21:00:00
  2099-Apr-28 13:00:00
  2099-May-17 06:00:00
  2099-Jun-04 22:00:00
  2099-Jun-23 15:00:00
  2099-Jul-12 07:00:00
  2099-Jul-31 00:00:00
  2099-Aug-18 16:00:00
  2099-Sep-06 09:00:00
  2099-Sep-25 01:00:00
  2099-Oct-13 18:00:00
  2099-Nov-01 10:00:00
  2099-Nov-20 03:00:00
  2099-Dec-08 20:00:00
  2099-Dec-27 13:00:00
Beginning Simulation...
  2100-Jan-14 02:00:00 (3.6%)
  2100-Jan-31 06:00:00 (8.3%)
  2100-Feb-17 11:00:00 (13%)
  2100-Mar-06 15:00:00 (17.7%)
  2100-Mar-23 20:00:00 (22.4%)
  2100-Apr-10 00:00:00 (27.1%)
  2100-Apr-27 04:00:00 (31.8%)
  2100-May-14 09:00:00 (36.5%)
  2100-May-31 13:00:00 (41.2%)
  2100-Jun-17 18:00:00 (46%)
  2100-Jul-04 23:00:00 (50.7%)
  2100-Jul-22 03:00:00 (55.4%)
  2100-Aug-08 08:00:00 (60.1%)
  2100-Aug-25 12:00:00 (64.8%)
  2100-Sep-11 16:00:00 (69.5%)
  2100-Sep-28 18:00:00 (74.2%)
  2100-Oct-15 22:00:00 (78.9%)
  2100-Nov-02 03:00:00 (83.6%)
  2100-Nov-19 08:00:00 (88.3%)
  2100-Dec-06 13:00:00 (93%)
  2100-Dec-23 17:00:00 (97.7%)
  2100-Dec-31 23:00:00 (100%)
Finished Program: 2014-Nov-18 11:28:05.480025
Elapsed Time: 00:00:41.422257
