instance.yaml
kiva v0.2.0-19-ge248292
Copyright (C) 2012-2014 Big Ladder Software
Web: www.bigladdersoftware.com

Starting Program: 2014-Nov-17 08:43:17.878215
Creating Domain...
  X Cells: 129
  Y Cells: 1
  Z Cells: 103
  Total Cells: 13287
Initializing Temperatures...
  2099-Jan-08 04:00:00
  2099-Jan-24 22:00:00
  2099-Feb-10 16:00:00
  2099-Feb-27 10:00:00
  2099-Mar-16 04:00:00
  2099-Apr-01 23:00:00
  2099-Apr-18 18:00:00
  2099-May-05 14:00:00
  2099-May-22 09:00:00
  2099-Jun-08 05:00:00
  2099-Jun-25 00:00:00
  2099-Jul-11 19:00:00
  2099-Jul-28 14:00:00
  2099-Aug-14 10:00:00
  2099-Aug-31 05:00:00
  2099-Sep-17 01:00:00
  2099-Oct-03 21:00:00
  2099-Oct-20 18:00:00
  2099-Nov-06 14:00:00
  2099-Nov-23 10:00:00
  2099-Dec-10 07:00:00
  2099-Dec-27 03:00:00
Beginning Simulation...
  2100-Jan-12 18:00:00 (3.2%)
  2100-Jan-29 07:00:00 (7.8%)
  2100-Feb-14 20:00:00 (12.3%)
  2100-Mar-03 09:00:00 (16.8%)
  2100-Mar-19 22:00:00 (21.3%)
  2100-Apr-05 11:00:00 (25.9%)
  2100-Apr-22 00:00:00 (30.4%)
  2100-May-08 13:00:00 (34.9%)
  2100-May-25 03:00:00 (39.5%)
  2100-Jun-10 16:00:00 (44%)
  2100-Jun-27 06:00:00 (48.6%)
  2100-Jul-13 18:00:00 (53.1%)
  2100-Jul-30 07:00:00 (57.6%)
  2100-Aug-15 20:00:00 (62.1%)
  2100-Sep-01 09:00:00 (66.7%)
  2100-Sep-17 23:00:00 (71.2%)
  2100-Oct-04 12:00:00 (75.8%)
  2100-Oct-21 01:00:00 (80.3%)
  2100-Nov-06 15:00:00 (84.8%)
  2100-Nov-23 04:00:00 (89.4%)
  2100-Dec-09 17:00:00 (93.9%)
  2100-Dec-25 00:00:00 (98.1%)
  2100-Dec-31 23:00:00 (100%)
Finished Program: 2014-Nov-17 08:44:02.420624
Elapsed Time: 00:00:44.542409
