instance.yaml
kiva v0.2.0-8-gc565062
Copyright (C) 2012-2014 Big Ladder Software
Web: www.bigladdersoftware.com

Starting Program: 2014-Oct-02 14:43:42.920414
Creating Domain...
  X Cells: 97
  Y Cells: 1
  Z Cells: 279
  Total Cells: 27063
Initializing Temperatures...
  2098-Oct-22 23:00:00
  2098-Dec-10 23:00:00
  2099-Jan-03 10:00:00
  2099-Jan-13 00:00:00
  2099-Jan-22 15:00:00
  2099-Feb-01 06:00:00
  2099-Feb-10 21:00:00
  2099-Feb-20 12:00:00
  2099-Mar-02 03:00:00
  2099-Mar-11 17:00:00
  2099-Mar-21 08:00:00
  2099-Mar-30 23:00:00
  2099-Apr-09 14:00:00
  2099-Apr-19 04:00:00
  2099-Apr-28 19:00:00
  2099-May-08 10:00:00
  2099-May-18 01:00:00
  2099-May-27 16:00:00
  2099-Jun-06 06:00:00
  2099-Jun-15 21:00:00
  2099-Jun-25 12:00:00
  2099-Jul-05 03:00:00
  2099-Jul-14 17:00:00
  2099-Jul-24 08:00:00
  2099-Aug-02 23:00:00
  2099-Aug-12 14:00:00
  2099-Aug-22 05:00:00
  2099-Aug-31 19:00:00
  2099-Sep-10 10:00:00
  2099-Sep-20 00:00:00
  2099-Sep-29 15:00:00
  2099-Oct-09 06:00:00
  2099-Oct-18 20:00:00
  2099-Oct-28 11:00:00
  2099-Nov-07 02:00:00
  2099-Nov-16 16:00:00
  2099-Nov-26 07:00:00
  2099-Dec-05 22:00:00
  2099-Dec-15 13:00:00
  2099-Dec-25 04:00:00
Beginning Simulation...
  2100-Jan-03 18:00:00 (0.8%)
  2100-Jan-13 05:00:00 (3.3%)
  2100-Jan-22 17:00:00 (5.9%)
  2100-Feb-01 05:00:00 (8.6%)
  2100-Feb-10 15:00:00 (11.1%)
  2100-Feb-20 02:00:00 (13.7%)
  2100-Mar-01 13:00:00 (16.3%)
  2100-Mar-10 23:00:00 (18.9%)
  2100-Mar-20 10:00:00 (21.5%)
  2100-Mar-29 20:00:00 (24.1%)
  2100-Apr-08 07:00:00 (26.7%)
  2100-Apr-17 16:00:00 (29.2%)
  2100-Apr-27 03:00:00 (31.8%)
  2100-May-06 13:00:00 (34.4%)
  2100-May-16 00:00:00 (37%)
  2100-May-25 10:00:00 (39.6%)
  2100-Jun-03 21:00:00 (42.2%)
  2100-Jun-13 07:00:00 (44.7%)
  2100-Jun-22 18:00:00 (47.3%)
  2100-Jul-02 05:00:00 (49.9%)
  2100-Jul-11 15:00:00 (52.5%)
  2100-Jul-21 02:00:00 (55.1%)
  2100-Jul-30 12:00:00 (57.7%)
  2100-Aug-08 23:00:00 (60.3%)
  2100-Aug-18 09:00:00 (62.8%)
  2100-Aug-27 20:00:00 (65.4%)
  2100-Sep-06 06:00:00 (68%)
  2100-Sep-15 17:00:00 (70.6%)
  2100-Sep-25 03:00:00 (73.2%)
  2100-Oct-04 14:00:00 (75.8%)
  2100-Oct-14 01:00:00 (78.4%)
  2100-Oct-23 11:00:00 (80.9%)
  2100-Nov-01 22:00:00 (83.5%)
  2100-Nov-11 08:00:00 (86.1%)
  2100-Nov-20 18:00:00 (88.7%)
  2100-Nov-30 03:00:00 (91.3%)
  2100-Dec-09 14:00:00 (93.9%)
  2100-Dec-19 01:00:00 (96.4%)
  2100-Dec-28 11:00:00 (99%)
  2100-Dec-31 23:00:00 (100%)
Finished Program: 2014-Oct-02 14:45:02.371082
Elapsed Time: 00:01:19.450668

