instance.yaml
kiva v0.2.0-21-g785bfe1
Copyright (C) 2012-2014 Big Ladder Software
Web: www.bigladdersoftware.com

Starting Program: 2014-Nov-18 11:17:24.942238
Creating Domain...
  X Cells: 264
  Y Cells: 1
  Z Cells: 103
  Total Cells: 27192
Initializing Temperatures...
  2098-Dec-17 23:00:00
  2099-Jan-08 02:00:00
  2099-Jan-16 14:00:00
  2099-Jan-25 02:00:00
  2099-Feb-02 14:00:00
  2099-Feb-11 02:00:00
  2099-Feb-19 14:00:00
  2099-Feb-28 02:00:00
  2099-Mar-08 14:00:00
  2099-Mar-17 02:00:00
  2099-Mar-25 14:00:00
  2099-Apr-03 02:00:00
  2099-Apr-11 14:00:00
  2099-Apr-20 02:00:00
  2099-Apr-28 14:00:00
  2099-May-07 02:00:00
  2099-May-15 14:00:00
  2099-May-24 02:00:00
  2099-Jun-01 14:00:00
  2099-Jun-10 03:00:00
  2099-Jun-18 15:00:00
  2099-Jun-27 03:00:00
  2099-Jul-05 15:00:00
  2099-Jul-14 03:00:00
  2099-Jul-22 15:00:00
  2099-Jul-31 03:00:00
  2099-Aug-08 15:00:00
  2099-Aug-17 03:00:00
  2099-Aug-25 15:00:00
  2099-Sep-03 03:00:00
  2099-Sep-11 15:00:00
  2099-Sep-20 03:00:00
  2099-Sep-28 15:00:00
  2099-Oct-07 03:00:00
  2099-Oct-15 16:00:00
  2099-Oct-24 04:00:00
  2099-Nov-01 18:00:00
  2099-Nov-10 07:00:00
  2099-Nov-18 21:00:00
  2099-Nov-27 10:00:00
  2099-Dec-06 00:00:00
  2099-Dec-14 13:00:00
  2099-Dec-23 02:00:00
  2099-Dec-31 16:00:00
Beginning Simulation...
  2100-Jan-09 03:00:00 (2.2%)
  2100-Jan-17 16:00:00 (4.6%)
  2100-Jan-26 04:00:00 (6.9%)
  2100-Feb-03 17:00:00 (9.2%)
  2100-Feb-12 05:00:00 (11.6%)
  2100-Feb-20 18:00:00 (13.9%)
  2100-Mar-01 06:00:00 (16.2%)
  2100-Mar-09 19:00:00 (18.6%)
  2100-Mar-18 07:00:00 (20.9%)
  2100-Mar-26 20:00:00 (23.2%)
  2100-Apr-04 09:00:00 (25.6%)
  2100-Apr-12 21:00:00 (27.9%)
  2100-Apr-21 10:00:00 (30.3%)
  2100-Apr-29 22:00:00 (32.6%)
  2100-May-08 11:00:00 (34.9%)
  2100-May-17 00:00:00 (37.3%)
  2100-May-25 13:00:00 (39.6%)
  2100-Jun-03 01:00:00 (41.9%)
  2100-Jun-11 14:00:00 (44.3%)
  2100-Jun-20 03:00:00 (46.6%)
  2100-Jun-28 16:00:00 (48.9%)
  2100-Jul-07 04:00:00 (51.3%)
  2100-Jul-15 17:00:00 (53.6%)
  2100-Jul-24 06:00:00 (56%)
  2100-Aug-01 19:00:00 (58.3%)
  2100-Aug-10 07:00:00 (60.6%)
  2100-Aug-18 20:00:00 (63%)
  2100-Aug-27 09:00:00 (65.3%)
  2100-Sep-04 21:00:00 (67.6%)
  2100-Sep-13 10:00:00 (70%)
  2100-Sep-21 23:00:00 (72.3%)
  2100-Sep-30 11:00:00 (74.6%)
  2100-Oct-08 23:00:00 (77%)
  2100-Oct-17 12:00:00 (79.3%)
  2100-Oct-26 01:00:00 (81.7%)
  2100-Nov-03 13:00:00 (84%)
  2100-Nov-12 02:00:00 (86.3%)
  2100-Nov-20 15:00:00 (88.7%)
  2100-Nov-29 04:00:00 (91%)
  2100-Dec-07 16:00:00 (93.3%)
  2100-Dec-16 05:00:00 (95.7%)
  2100-Dec-24 18:00:00 (98%)
  2100-Dec-31 23:00:00 (100%)
Finished Program: 2014-Nov-18 11:18:51.849661
Elapsed Time: 00:01:26.907423
