instance.yaml
kiva v0.2.0-21-g785bfe1
Copyright (C) 2012-2014 Big Ladder Software
Web: www.bigladdersoftware.com

Starting Program: 2014-Nov-18 11:30:27.147810
Creating Domain...
  X Cells: 98
  Y Cells: 1
  Z Cells: 113
  Total Cells: 11074
Initializing Temperatures...
  2099-Jan-07 04:00:00
  2099-Jan-27 08:00:00
  2099-Feb-16 10:00:00
  2099-Mar-08 14:00:00
  2099-Mar-28 17:00:00
  2099-Apr-17 21:00:00
  2099-May-08 01:00:00
  2099-May-28 05:00:00
  2099-Jun-17 09:00:00
  2099-Jul-07 13:00:00
  2099-Jul-27 17:00:00
  2099-Aug-16 20:00:00
  2099-Sep-06 00:00:00
  2099-Sep-26 04:00:00
  2099-Oct-16 08:00:00
  2099-Nov-05 12:00:00
  2099-Nov-25 15:00:00
  2099-Dec-15 19:00:00
Beginning Simulation...
  2100-Jan-04 21:00:00 (1.1%)
  2100-Jan-24 13:00:00 (6.4%)
  2100-Feb-13 06:00:00 (11.8%)
  2100-Mar-04 22:00:00 (17.2%)
  2100-Mar-24 15:00:00 (22.6%)
  2100-Apr-13 07:00:00 (28%)
  2100-May-03 00:00:00 (33.4%)
  2100-May-22 17:00:00 (38.8%)
  2100-Jun-11 09:00:00 (44.2%)
  2100-Jul-01 02:00:00 (49.6%)
  2100-Jul-20 18:00:00 (55%)
  2100-Aug-09 11:00:00 (60.4%)
  2100-Aug-29 03:00:00 (65.8%)
  2100-Sep-17 18:00:00 (71.2%)
  2100-Oct-07 10:00:00 (76.6%)
  2100-Oct-27 02:00:00 (81.9%)
  2100-Nov-15 19:00:00 (87.3%)
  2100-Dec-05 12:00:00 (92.7%)
  2100-Dec-25 04:00:00 (98.1%)
  2100-Dec-31 23:00:00 (100%)
Finished Program: 2014-Nov-18 11:31:04.345870
Elapsed Time: 00:00:37.198060
