instance.yaml
kiva v0.2.0-21-g785bfe1
Copyright (C) 2012-2014 Big Ladder Software
Web: www.bigladdersoftware.com

Starting Program: 2014-Nov-18 11:25:26.998521
Creating Domain...
  X Cells: 99
  Y Cells: 1
  Z Cells: 113
  Total Cells: 11187
Initializing Temperatures...
  2099-Jan-09 07:00:00
  2099-Jan-29 07:00:00
  2099-Feb-18 07:00:00
  2099-Mar-10 07:00:00
  2099-Mar-30 07:00:00
  2099-Apr-19 07:00:00
  2099-May-09 07:00:00
  2099-May-29 07:00:00
  2099-Jun-18 07:00:00
  2099-Jul-08 07:00:00
  2099-Jul-28 07:00:00
  2099-Aug-17 08:00:00
  2099-Sep-06 08:00:00
  2099-Sep-26 08:00:00
  2099-Oct-16 08:00:00
  2099-Nov-05 09:00:00
  2099-Nov-25 08:00:00
  2099-Dec-15 08:00:00
Beginning Simulation...
  2100-Jan-04 06:00:00 (0.9%)
  2100-Jan-23 20:00:00 (6.3%)
  2100-Feb-12 13:00:00 (11.7%)
  2100-Mar-04 08:00:00 (17.1%)
  2100-Mar-24 02:00:00 (22.5%)
  2100-Apr-12 21:00:00 (27.9%)
  2100-May-02 15:00:00 (33.3%)
  2100-May-22 10:00:00 (38.7%)
  2100-Jun-11 05:00:00 (44.2%)
  2100-Jul-01 00:00:00 (49.6%)
  2100-Jul-20 19:00:00 (55%)
  2100-Aug-09 14:00:00 (60.4%)
  2100-Aug-29 09:00:00 (65.9%)
  2100-Sep-18 03:00:00 (71.3%)
  2100-Oct-07 23:00:00 (76.7%)
  2100-Oct-27 14:00:00 (82.1%)
  2100-Nov-16 09:00:00 (87.5%)
  2100-Dec-06 04:00:00 (92.9%)
  2100-Dec-25 23:00:00 (98.3%)
  2100-Dec-31 23:00:00 (100%)
Finished Program: 2014-Nov-18 11:26:04.305072
Elapsed Time: 00:00:37.306551
