instance.yaml
kiva v0.2.0-21-g785bfe1
Copyright (C) 2012-2014 Big Ladder Software
Web: www.bigladdersoftware.com

Starting Program: 2014-Nov-18 11:03:25.570779
Creating Domain...
  X Cells: 173
  Y Cells: 1
  Z Cells: 133
  Total Cells: 23009
Initializing Temperatures...
  2098-Oct-15 23:00:00
  2099-Jan-05 10:00:00
  2099-Jan-15 11:00:00
  2099-Jan-25 13:00:00
  2099-Feb-04 14:00:00
  2099-Feb-14 15:00:00
  2099-Feb-24 17:00:00
  2099-Mar-06 18:00:00
  2099-Mar-16 20:00:00
  2099-Mar-26 21:00:00
  2099-Apr-05 23:00:00
  2099-Apr-16 00:00:00
  2099-Apr-26 02:00:00
  2099-May-06 03:00:00
  2099-May-16 05:00:00
  2099-May-26 07:00:00
  2099-Jun-05 08:00:00
  2099-Jun-15 10:00:00
  2099-Jun-25 12:00:00
  2099-Jul-05 13:00:00
  2099-Jul-15 15:00:00
  2099-Jul-25 17:00:00
  2099-Aug-04 19:00:00
  2099-Aug-14 21:00:00
  2099-Aug-24 23:00:00
  2099-Sep-04 01:00:00
  2099-Sep-14 02:00:00
  2099-Sep-24 04:00:00
  2099-Oct-04 06:00:00
  2099-Oct-14 08:00:00
  2099-Oct-24 10:00:00
  2099-Nov-03 12:00:00
  2099-Nov-13 14:00:00
  2099-Nov-23 16:00:00
  2099-Dec-03 18:00:00
  2099-Dec-13 19:00:00
  2099-Dec-23 21:00:00
Beginning Simulation...
  2100-Jan-02 20:00:00 (0.5%)
  2100-Jan-12 04:00:00 (3.1%)
  2100-Jan-21 11:00:00 (5.6%)
  2100-Jan-30 19:00:00 (8.2%)
  2100-Feb-09 03:00:00 (10.7%)
  2100-Feb-18 11:00:00 (13.3%)
  2100-Feb-27 19:00:00 (15.8%)
  2100-Mar-09 02:00:00 (18.4%)
  2100-Mar-18 10:00:00 (20.9%)
  2100-Mar-27 18:00:00 (23.5%)
  2100-Apr-06 02:00:00 (26.1%)
  2100-Apr-15 09:00:00 (28.6%)
  2100-Apr-24 17:00:00 (31.2%)
  2100-May-04 01:00:00 (33.7%)
  2100-May-13 09:00:00 (36.3%)
  2100-May-22 17:00:00 (38.8%)
  2100-Jun-01 00:00:00 (41.4%)
  2100-Jun-10 08:00:00 (43.9%)
  2100-Jun-19 16:00:00 (46.5%)
  2100-Jun-29 00:00:00 (49%)
  2100-Jul-08 08:00:00 (51.6%)
  2100-Jul-17 16:00:00 (54.2%)
  2100-Jul-27 00:00:00 (56.7%)
  2100-Aug-05 07:00:00 (59.3%)
  2100-Aug-14 15:00:00 (61.8%)
  2100-Aug-23 23:00:00 (64.4%)
  2100-Sep-02 07:00:00 (66.9%)
  2100-Sep-11 15:00:00 (69.5%)
  2100-Sep-20 23:00:00 (72%)
  2100-Sep-30 07:00:00 (74.6%)
  2100-Oct-09 15:00:00 (77.2%)
  2100-Oct-18 23:00:00 (79.7%)
  2100-Oct-28 05:00:00 (82.2%)
  2100-Nov-06 13:00:00 (84.8%)
  2100-Nov-15 21:00:00 (87.4%)
  2100-Nov-25 05:00:00 (89.9%)
  2100-Dec-04 13:00:00 (92.5%)
  2100-Dec-13 21:00:00 (95%)
  2100-Dec-23 05:00:00 (97.6%)
  2100-Dec-31 23:00:00 (100%)
Finished Program: 2014-Nov-18 11:04:41.940149
Elapsed Time: 00:01:16.369370
