instance.yaml
kiva v0.2.0-9-g526928a
Copyright (C) 2012-2014 Big Ladder Software
Web: www.bigladdersoftware.com

Starting Program: 2014-Oct-19 02:31:09.227623
Creating Domain...
  X Cells: 82
  Y Cells: 1
  Z Cells: 98
  Total Cells: 8036
Initializing Temperatures...
  2098-Nov-26 23:00:00
  2099-Jan-14 10:00:00
  2099-Feb-14 18:00:00
  2099-Mar-18 02:00:00
  2099-Apr-18 10:00:00
  2099-May-19 19:00:00
  2099-Jun-20 03:00:00
  2099-Jul-21 12:00:00
  2099-Aug-21 21:00:00
  2099-Sep-22 05:00:00
  2099-Oct-23 14:00:00
  2099-Nov-23 23:00:00
  2099-Dec-25 08:00:00
Beginning Simulation...
  2100-Jan-25 03:00:00 (6.6%)
  2100-Feb-24 19:00:00 (15%)
  2100-Mar-27 12:00:00 (23.4%)
  2100-Apr-27 04:00:00 (31.8%)
  2100-May-27 22:00:00 (40.3%)
  2100-Jun-27 15:00:00 (48.7%)
  2100-Jul-28 07:00:00 (57.1%)
  2100-Aug-27 23:00:00 (65.5%)
  2100-Sep-27 15:00:00 (73.9%)
  2100-Oct-28 07:00:00 (82.3%)
  2100-Nov-28 00:00:00 (90.7%)
  2100-Dec-28 16:00:00 (99.1%)
  2100-Dec-31 23:00:00 (100%)
Finished Program: 2014-Oct-19 02:31:34.107957
Elapsed Time: 00:00:24.880334
