instance.yaml
kiva v0.2.0-21-g785bfe1
Copyright (C) 2012-2014 Big Ladder Software
Web: www.bigladdersoftware.com

Starting Program: 2014-Nov-18 11:24:25.000470
Creating Domain...
  X Cells: 185
  Y Cells: 1
  Z Cells: 125
  Total Cells: 23125
Initializing Temperatures...
  2098-Dec-31 23:00:00
  2099-Jan-10 22:00:00
  2099-Jan-21 03:00:00
  2099-Jan-31 07:00:00
  2099-Feb-10 12:00:00
  2099-Feb-20 16:00:00
  2099-Mar-02 21:00:00
  2099-Mar-13 02:00:00
  2099-Mar-23 06:00:00
  2099-Apr-02 11:00:00
  2099-Apr-12 15:00:00
  2099-Apr-22 20:00:00
  2099-May-03 00:00:00
  2099-May-13 05:00:00
  2099-May-23 10:00:00
  2099-Jun-02 15:00:00
  2099-Jun-12 20:00:00
  2099-Jun-23 01:00:00
  2099-Jul-03 05:00:00
  2099-Jul-13 10:00:00
  2099-Jul-23 15:00:00
  2099-Aug-02 20:00:00
  2099-Aug-13 01:00:00
  2099-Aug-23 06:00:00
  2099-Sep-02 10:00:00
  2099-Sep-12 15:00:00
  2099-Sep-22 20:00:00
  2099-Oct-03 01:00:00
  2099-Oct-13 06:00:00
  2099-Oct-23 11:00:00
  2099-Nov-02 15:00:00
  2099-Nov-12 20:00:00
  2099-Nov-23 01:00:00
  2099-Dec-03 05:00:00
  2099-Dec-13 10:00:00
  2099-Dec-23 15:00:00
Beginning Simulation...
  2100-Jan-02 17:00:00 (0.5%)
  2100-Jan-12 05:00:00 (3.1%)
  2100-Jan-21 17:00:00 (5.7%)
  2100-Jan-31 05:00:00 (8.3%)
  2100-Feb-09 17:00:00 (10.9%)
  2100-Feb-19 05:00:00 (13.5%)
  2100-Feb-28 17:00:00 (16.1%)
  2100-Mar-10 05:00:00 (18.7%)
  2100-Mar-19 17:00:00 (21.3%)
  2100-Mar-29 06:00:00 (23.9%)
  2100-Apr-07 18:00:00 (26.5%)
  2100-Apr-17 05:00:00 (29.1%)
  2100-Apr-26 18:00:00 (31.7%)
  2100-May-06 06:00:00 (34.3%)
  2100-May-15 18:00:00 (36.9%)
  2100-May-25 06:00:00 (39.5%)
  2100-Jun-03 18:00:00 (42.1%)
  2100-Jun-13 06:00:00 (44.7%)
  2100-Jun-22 18:00:00 (47.3%)
  2100-Jul-02 07:00:00 (49.9%)
  2100-Jul-11 18:00:00 (52.5%)
  2100-Jul-21 07:00:00 (55.1%)
  2100-Jul-30 19:00:00 (57.8%)
  2100-Aug-09 07:00:00 (60.4%)
  2100-Aug-18 19:00:00 (63%)
  2100-Aug-28 07:00:00 (65.6%)
  2100-Sep-06 19:00:00 (68.2%)
  2100-Sep-16 08:00:00 (70.8%)
  2100-Sep-25 20:00:00 (73.4%)
  2100-Oct-05 08:00:00 (76%)
  2100-Oct-14 20:00:00 (78.6%)
  2100-Oct-24 07:00:00 (81.2%)
  2100-Nov-02 20:00:00 (83.8%)
  2100-Nov-12 08:00:00 (86.4%)
  2100-Nov-21 20:00:00 (89%)
  2100-Dec-01 08:00:00 (91.6%)
  2100-Dec-10 20:00:00 (94.2%)
  2100-Dec-20 08:00:00 (96.8%)
  2100-Dec-29 20:00:00 (99.4%)
  2100-Dec-31 23:00:00 (100%)
Finished Program: 2014-Nov-18 11:25:40.224750
Elapsed Time: 00:01:15.224280
