instance.yaml
kiva v0.2.0-20-g4c7c200
Copyright (C) 2012-2014 Big Ladder Software
Web: www.bigladdersoftware.com

Starting Program: 2014-Nov-17 14:11:21.733748
Creating Domain...
  X Cells: 128
  Y Cells: 1
  Z Cells: 127
  Total Cells: 16256
Initializing Temperatures...
  2098-Oct-08 23:00:00
  2099-Jan-09 13:00:00
  2099-Jan-25 01:00:00
  2099-Feb-09 14:00:00
  2099-Feb-25 02:00:00
  2099-Mar-12 14:00:00
  2099-Mar-28 02:00:00
  2099-Apr-12 14:00:00
  2099-Apr-28 03:00:00
  2099-May-13 15:00:00
  2099-May-29 03:00:00
  2099-Jun-13 16:00:00
  2099-Jun-29 04:00:00
  2099-Jul-14 16:00:00
  2099-Jul-30 05:00:00
  2099-Aug-14 17:00:00
  2099-Aug-30 05:00:00
  2099-Sep-14 18:00:00
  2099-Sep-30 06:00:00
  2099-Oct-15 18:00:00
  2099-Oct-31 07:00:00
  2099-Nov-15 19:00:00
  2099-Dec-01 07:00:00
  2099-Dec-16 20:00:00
Beginning Simulation...
  2100-Jan-01 08:00:00 (0.1%)
  2100-Jan-15 19:00:00 (4.1%)
  2100-Jan-30 06:00:00 (8%)
  2100-Feb-13 17:00:00 (12%)
  2100-Feb-28 04:00:00 (15.9%)
  2100-Mar-14 15:00:00 (19.9%)
  2100-Mar-29 03:00:00 (23.9%)
  2100-Apr-12 14:00:00 (27.8%)
  2100-Apr-27 01:00:00 (31.8%)
  2100-May-11 12:00:00 (35.8%)
  2100-May-26 00:00:00 (39.7%)
  2100-Jun-09 11:00:00 (43.7%)
  2100-Jun-23 22:00:00 (47.6%)
  2100-Jul-08 09:00:00 (51.6%)
  2100-Jul-22 21:00:00 (55.6%)
  2100-Aug-06 08:00:00 (59.5%)
  2100-Aug-20 19:00:00 (63.5%)
  2100-Sep-04 07:00:00 (67.5%)
  2100-Sep-18 18:00:00 (71.4%)
  2100-Oct-03 06:00:00 (75.4%)
  2100-Oct-17 17:00:00 (79.4%)
  2100-Nov-01 05:00:00 (83.3%)
  2100-Nov-15 16:00:00 (87.3%)
  2100-Nov-30 03:00:00 (91.3%)
  2100-Dec-14 15:00:00 (95.2%)
  2100-Dec-29 02:00:00 (99.2%)
  2100-Dec-31 23:00:00 (100%)
Finished Program: 2014-Nov-17 14:12:11.199447
Elapsed Time: 00:00:49.465699
