instance.yaml
kiva v0.2.0-20-g4c7c200
Copyright (C) 2012-2014 Big Ladder Software
Web: www.bigladdersoftware.com

Starting Program: 2014-Nov-17 14:09:19.499085
Creating Domain...
  X Cells: 89
  Y Cells: 1
  Z Cells: 113
  Total Cells: 10057
Initializing Temperatures...
  2098-Dec-24 23:00:00
  2099-Jan-22 05:00:00
  2099-Feb-13 08:00:00
  2099-Mar-07 11:00:00
  2099-Mar-29 13:00:00
  2099-Apr-20 16:00:00
  2099-May-12 19:00:00
  2099-Jun-03 22:00:00
  2099-Jun-26 01:00:00
  2099-Jul-18 04:00:00
  2099-Aug-09 07:00:00
  2099-Aug-31 10:00:00
  2099-Sep-22 13:00:00
  2099-Oct-14 16:00:00
  2099-Nov-05 19:00:00
  2099-Nov-27 22:00:00
  2099-Dec-20 02:00:00
Beginning Simulation...
  2100-Jan-10 23:00:00 (2.7%)
  2100-Feb-01 15:00:00 (8.7%)
  2100-Feb-23 06:00:00 (14.6%)
  2100-Mar-16 22:00:00 (20.5%)
  2100-Apr-07 13:00:00 (26.4%)
  2100-Apr-29 05:00:00 (32.4%)
  2100-May-20 19:00:00 (38.3%)
  2100-Jun-11 11:00:00 (44.2%)
  2100-Jul-03 03:00:00 (50.2%)
  2100-Jul-24 18:00:00 (56.1%)
  2100-Aug-15 10:00:00 (62%)
  2100-Sep-06 01:00:00 (68%)
  2100-Sep-27 17:00:00 (73.9%)
  2100-Oct-19 08:00:00 (79.8%)
  2100-Nov-09 19:00:00 (85.7%)
  2100-Dec-01 10:00:00 (91.6%)
  2100-Dec-23 01:00:00 (97.5%)
  2100-Dec-31 23:00:00 (100%)
Finished Program: 2014-Nov-17 14:09:53.412741
Elapsed Time: 00:00:33.913656
