instance.yaml
kiva v0.2.0-21-g785bfe1
Copyright (C) 2012-2014 Big Ladder Software
Web: www.bigladdersoftware.com

Starting Program: 2014-Nov-18 11:16:28.041997
Creating Domain...
  X Cells: 212
  Y Cells: 1
  Z Cells: 125
  Total Cells: 26500
Initializing Temperatures...
  2098-Dec-17 23:00:00
  2099-Jan-08 13:00:00
  2099-Jan-17 10:00:00
  2099-Jan-26 08:00:00
  2099-Feb-04 06:00:00
  2099-Feb-13 04:00:00
  2099-Feb-22 02:00:00
  2099-Mar-03 01:00:00
  2099-Mar-11 23:00:00
  2099-Mar-20 21:00:00
  2099-Mar-29 19:00:00
  2099-Apr-07 17:00:00
  2099-Apr-16 15:00:00
  2099-Apr-25 13:00:00
  2099-May-04 11:00:00
  2099-May-13 09:00:00
  2099-May-22 07:00:00
  2099-May-31 05:00:00
  2099-Jun-09 03:00:00
  2099-Jun-18 02:00:00
  2099-Jun-27 00:00:00
  2099-Jul-05 22:00:00
  2099-Jul-14 20:00:00
  2099-Jul-23 18:00:00
  2099-Aug-01 16:00:00
  2099-Aug-10 14:00:00
  2099-Aug-19 12:00:00
  2099-Aug-28 10:00:00
  2099-Sep-06 08:00:00
  2099-Sep-15 07:00:00
  2099-Sep-24 05:00:00
  2099-Oct-03 03:00:00
  2099-Oct-12 01:00:00
  2099-Oct-20 23:00:00
  2099-Oct-29 21:00:00
  2099-Nov-07 19:00:00
  2099-Nov-16 17:00:00
  2099-Nov-25 15:00:00
  2099-Dec-04 13:00:00
  2099-Dec-13 12:00:00
  2099-Dec-22 10:00:00
  2099-Dec-31 08:00:00
Beginning Simulation...
  2100-Jan-08 18:00:00 (2.1%)
  2100-Jan-17 02:00:00 (4.4%)
  2100-Jan-25 11:00:00 (6.7%)
  2100-Feb-02 20:00:00 (9%)
  2100-Feb-11 05:00:00 (11.3%)
  2100-Feb-19 14:00:00 (13.6%)
  2100-Feb-27 23:00:00 (15.9%)
  2100-Mar-08 08:00:00 (18.2%)
  2100-Mar-16 16:00:00 (20.5%)
  2100-Mar-25 03:00:00 (22.8%)
  2100-Apr-02 13:00:00 (25.1%)
  2100-Apr-10 23:00:00 (27.4%)
  2100-Apr-19 09:00:00 (29.7%)
  2100-Apr-27 19:00:00 (32%)
  2100-May-06 06:00:00 (34.3%)
  2100-May-14 16:00:00 (36.6%)
  2100-May-23 02:00:00 (38.9%)
  2100-May-31 12:00:00 (41.2%)
  2100-Jun-08 23:00:00 (43.6%)
  2100-Jun-17 11:00:00 (45.9%)
  2100-Jun-25 23:00:00 (48.2%)
  2100-Jul-04 11:00:00 (50.5%)
  2100-Jul-12 23:00:00 (52.9%)
  2100-Jul-21 11:00:00 (55.2%)
  2100-Jul-29 23:00:00 (57.5%)
  2100-Aug-07 11:00:00 (59.9%)
  2100-Aug-15 23:00:00 (62.2%)
  2100-Aug-24 11:00:00 (64.5%)
  2100-Sep-01 23:00:00 (66.8%)
  2100-Sep-10 11:00:00 (69.2%)
  2100-Sep-18 23:00:00 (71.5%)
  2100-Sep-27 11:00:00 (73.8%)
  2100-Oct-05 23:00:00 (76.2%)
  2100-Oct-14 11:00:00 (78.5%)
  2100-Oct-22 23:00:00 (80.8%)
  2100-Oct-31 10:00:00 (83.1%)
  2100-Nov-08 22:00:00 (85.5%)
  2100-Nov-17 10:00:00 (87.8%)
  2100-Nov-25 22:00:00 (90.1%)
  2100-Dec-04 10:00:00 (92.4%)
  2100-Dec-12 22:00:00 (94.8%)
  2100-Dec-21 10:00:00 (97.1%)
  2100-Dec-29 22:00:00 (99.4%)
  2100-Dec-31 23:00:00 (100%)
Finished Program: 2014-Nov-18 11:17:53.240976
Elapsed Time: 00:01:25.198979
