instance.yaml
kiva v0.2.0-21-g785bfe1
Copyright (C) 2012-2014 Big Ladder Software
Web: www.bigladdersoftware.com

Starting Program: 2014-Nov-18 11:15:25.123467
Creating Domain...
  X Cells: 212
  Y Cells: 1
  Z Cells: 125
  Total Cells: 26500
Initializing Temperatures...
  2098-Dec-03 23:00:00
  2099-Jan-07 19:00:00
  2099-Jan-16 17:00:00
  2099-Jan-25 15:00:00
  2099-Feb-03 13:00:00
  2099-Feb-12 11:00:00
  2099-Feb-21 10:00:00
  2099-Mar-02 09:00:00
  2099-Mar-11 08:00:00
  2099-Mar-20 08:00:00
  2099-Mar-29 04:00:00
  2099-Apr-07 03:00:00
  2099-Apr-16 03:00:00
  2099-Apr-25 02:00:00
  2099-May-04 01:00:00
  2099-May-13 01:00:00
  2099-May-22 02:00:00
  2099-May-31 03:00:00
  2099-Jun-09 04:00:00
  2099-Jun-18 05:00:00
  2099-Jun-27 06:00:00
  2099-Jul-06 07:00:00
  2099-Jul-15 08:00:00
  2099-Jul-24 09:00:00
  2099-Aug-02 10:00:00
  2099-Aug-11 11:00:00
  2099-Aug-20 13:00:00
  2099-Aug-29 14:00:00
  2099-Sep-07 15:00:00
  2099-Sep-16 16:00:00
  2099-Sep-25 17:00:00
  2099-Oct-04 18:00:00
  2099-Oct-13 19:00:00
  2099-Oct-22 21:00:00
  2099-Oct-31 22:00:00
  2099-Nov-09 23:00:00
  2099-Nov-19 00:00:00
  2099-Nov-28 01:00:00
  2099-Dec-07 02:00:00
  2099-Dec-16 03:00:00
  2099-Dec-25 04:00:00
Beginning Simulation...
  2100-Jan-03 02:00:00 (0.6%)
  2100-Jan-11 14:00:00 (2.9%)
  2100-Jan-20 02:00:00 (5.2%)
  2100-Jan-28 13:00:00 (7.5%)
  2100-Feb-06 01:00:00 (9.9%)
  2100-Feb-14 13:00:00 (12.2%)
  2100-Feb-23 01:00:00 (14.5%)
  2100-Mar-03 13:00:00 (16.9%)
  2100-Mar-12 00:00:00 (19.2%)
  2100-Mar-20 12:00:00 (21.5%)
  2100-Mar-29 00:00:00 (23.8%)
  2100-Apr-06 12:00:00 (26.2%)
  2100-Apr-14 23:00:00 (28.5%)
  2100-Apr-23 11:00:00 (30.8%)
  2100-May-01 23:00:00 (33.1%)
  2100-May-10 11:00:00 (35.5%)
  2100-May-18 23:00:00 (37.8%)
  2100-May-27 11:00:00 (40.1%)
  2100-Jun-04 22:00:00 (42.4%)
  2100-Jun-13 10:00:00 (44.8%)
  2100-Jun-21 22:00:00 (47.1%)
  2100-Jun-30 10:00:00 (49.4%)
  2100-Jul-08 22:00:00 (51.8%)
  2100-Jul-17 10:00:00 (54.1%)
  2100-Jul-25 22:00:00 (56.4%)
  2100-Aug-03 10:00:00 (58.7%)
  2100-Aug-11 22:00:00 (61.1%)
  2100-Aug-20 10:00:00 (63.4%)
  2100-Aug-28 22:00:00 (65.7%)
  2100-Sep-06 10:00:00 (68.1%)
  2100-Sep-14 22:00:00 (70.4%)
  2100-Sep-23 10:00:00 (72.7%)
  2100-Oct-01 22:00:00 (75%)
  2100-Oct-10 10:00:00 (77.4%)
  2100-Oct-18 22:00:00 (79.7%)
  2100-Oct-27 08:00:00 (82%)
  2100-Nov-04 20:00:00 (84.3%)
  2100-Nov-13 08:00:00 (86.7%)
  2100-Nov-21 20:00:00 (89%)
  2100-Nov-30 08:00:00 (91.3%)
  2100-Dec-08 20:00:00 (93.7%)
  2100-Dec-17 07:00:00 (96%)
  2100-Dec-25 19:00:00 (98.3%)
  2100-Dec-31 23:00:00 (100%)
Finished Program: 2014-Nov-18 11:16:49.726627
Elapsed Time: 00:01:24.603160
