instance.yaml
kiva v0.2.0-21-g785bfe1
Copyright (C) 2012-2014 Big Ladder Software
Web: www.bigladdersoftware.com

Starting Program: 2014-Nov-18 11:21:26.778440
Creating Domain...
  X Cells: 215
  Y Cells: 1
  Z Cells: 103
  Total Cells: 22145
Initializing Temperatures...
  2099-Jan-02 20:00:00
  2099-Jan-12 23:00:00
  2099-Jan-23 03:00:00
  2099-Feb-02 06:00:00
  2099-Feb-12 09:00:00
  2099-Feb-22 12:00:00
  2099-Mar-04 16:00:00
  2099-Mar-14 19:00:00
  2099-Mar-24 22:00:00
  2099-Apr-04 01:00:00
  2099-Apr-14 05:00:00
  2099-Apr-24 08:00:00
  2099-May-04 11:00:00
  2099-May-14 15:00:00
  2099-May-24 18:00:00
  2099-Jun-03 22:00:00
  2099-Jun-14 01:00:00
  2099-Jun-24 04:00:00
  2099-Jul-04 08:00:00
  2099-Jul-14 11:00:00
  2099-Jul-24 14:00:00
  2099-Aug-03 18:00:00
  2099-Aug-13 21:00:00
  2099-Aug-24 00:00:00
  2099-Sep-03 04:00:00
  2099-Sep-13 07:00:00
  2099-Sep-23 10:00:00
  2099-Oct-03 14:00:00
  2099-Oct-13 17:00:00
  2099-Oct-23 20:00:00
  2099-Nov-03 00:00:00
  2099-Nov-13 02:00:00
  2099-Nov-23 06:00:00
  2099-Dec-03 09:00:00
  2099-Dec-13 11:00:00
  2099-Dec-23 15:00:00
Beginning Simulation...
  2100-Jan-02 17:00:00 (0.5%)
  2100-Jan-12 15:00:00 (3.2%)
  2100-Jan-22 13:00:00 (5.9%)
  2100-Feb-01 12:00:00 (8.6%)
  2100-Feb-11 10:00:00 (11.3%)
  2100-Feb-21 08:00:00 (14.1%)
  2100-Mar-03 06:00:00 (16.8%)
  2100-Mar-13 04:00:00 (19.5%)
  2100-Mar-23 03:00:00 (22.2%)
  2100-Apr-02 01:00:00 (24.9%)
  2100-Apr-11 23:00:00 (27.7%)
  2100-Apr-21 21:00:00 (30.4%)
  2100-May-01 19:00:00 (33.1%)
  2100-May-11 17:00:00 (35.8%)
  2100-May-21 16:00:00 (38.5%)
  2100-May-31 14:00:00 (41.3%)
  2100-Jun-10 12:00:00 (44%)
  2100-Jun-20 10:00:00 (46.7%)
  2100-Jun-30 08:00:00 (49.4%)
  2100-Jul-10 07:00:00 (52.1%)
  2100-Jul-20 05:00:00 (54.9%)
  2100-Jul-30 03:00:00 (57.6%)
  2100-Aug-09 01:00:00 (60.3%)
  2100-Aug-19 00:00:00 (63%)
  2100-Aug-28 22:00:00 (65.7%)
  2100-Sep-07 20:00:00 (68.4%)
  2100-Sep-17 18:00:00 (71.2%)
  2100-Sep-27 17:00:00 (73.9%)
  2100-Oct-07 15:00:00 (76.6%)
  2100-Oct-17 13:00:00 (79.3%)
  2100-Oct-27 11:00:00 (82%)
  2100-Nov-06 10:00:00 (84.8%)
  2100-Nov-16 08:00:00 (87.5%)
  2100-Nov-26 06:00:00 (90.2%)
  2100-Dec-06 03:00:00 (92.9%)
  2100-Dec-16 02:00:00 (95.6%)
  2100-Dec-26 00:00:00 (98.4%)
  2100-Dec-31 23:00:00 (100%)
Finished Program: 2014-Nov-18 11:22:40.602477
Elapsed Time: 00:01:13.824037
