instance.yaml
kiva v0.2.0-21-g785bfe1
Copyright (C) 2012-2014 Big Ladder Software
Web: www.bigladdersoftware.com

Starting Program: 2014-Nov-18 11:09:23.729963
Creating Domain...
  X Cells: 167
  Y Cells: 1
  Z Cells: 93
  Total Cells: 15531
Initializing Temperatures...
  2098-Oct-08 23:00:00
  2099-Jan-08 23:00:00
  2099-Jan-22 21:00:00
  2099-Feb-05 20:00:00
  2099-Feb-19 18:00:00
  2099-Mar-05 17:00:00
  2099-Mar-19 15:00:00
  2099-Apr-02 14:00:00
  2099-Apr-16 13:00:00
  2099-Apr-30 11:00:00
  2099-May-14 10:00:00
  2099-May-28 08:00:00
  2099-Jun-11 07:00:00
  2099-Jun-25 06:00:00
  2099-Jul-09 04:00:00
  2099-Jul-23 03:00:00
  2099-Aug-06 02:00:00
  2099-Aug-20 01:00:00
  2099-Sep-02 23:00:00
  2099-Sep-16 21:00:00
  2099-Sep-30 20:00:00
  2099-Oct-14 19:00:00
  2099-Oct-28 18:00:00
  2099-Nov-11 16:00:00
  2099-Nov-25 15:00:00
  2099-Dec-09 14:00:00
  2099-Dec-23 12:00:00
Beginning Simulation...
  2100-Jan-06 09:00:00 (1.5%)
  2100-Jan-20 00:00:00 (5.2%)
  2100-Feb-02 17:00:00 (9%)
  2100-Feb-16 09:00:00 (12.7%)
  2100-Mar-02 02:00:00 (16.5%)
  2100-Mar-15 18:00:00 (20.2%)
  2100-Mar-29 10:00:00 (23.9%)
  2100-Apr-12 03:00:00 (27.7%)
  2100-Apr-25 20:00:00 (31.5%)
  2100-May-09 12:00:00 (35.2%)
  2100-May-23 05:00:00 (39%)
  2100-Jun-05 21:00:00 (42.7%)
  2100-Jun-19 14:00:00 (46.5%)
  2100-Jul-03 06:00:00 (50.2%)
  2100-Jul-16 23:00:00 (54%)
  2100-Jul-30 16:00:00 (57.7%)
  2100-Aug-13 08:00:00 (61.5%)
  2100-Aug-27 01:00:00 (65.2%)
  2100-Sep-09 17:00:00 (69%)
  2100-Sep-23 10:00:00 (72.7%)
  2100-Oct-07 03:00:00 (76.5%)
  2100-Oct-20 19:00:00 (80.2%)
  2100-Nov-03 11:00:00 (84%)
  2100-Nov-17 04:00:00 (87.7%)
  2100-Nov-30 21:00:00 (91.5%)
  2100-Dec-14 13:00:00 (95.2%)
  2100-Dec-28 06:00:00 (99%)
  2100-Dec-31 23:00:00 (100%)
Finished Program: 2014-Nov-18 11:10:17.272708
Elapsed Time: 00:00:53.542745
