instance.yaml
kiva v0.2.0-20-g4c7c200
Copyright (C) 2012-2014 Big Ladder Software
Web: www.bigladdersoftware.com

Starting Program: 2014-Nov-17 14:17:17.603495
Creating Domain...
  X Cells: 108
  Y Cells: 1
  Z Cells: 113
  Total Cells: 12204
Initializing Temperatures...
  2098-Nov-19 23:00:00
  2099-Jan-15 22:00:00
  2099-Feb-03 07:00:00
  2099-Feb-21 17:00:00
  2099-Mar-12 02:00:00
  2099-Mar-30 11:00:00
  2099-Apr-17 21:00:00
  2099-May-06 06:00:00
  2099-May-24 15:00:00
  2099-Jun-12 01:00:00
  2099-Jun-30 11:00:00
  2099-Jul-18 20:00:00
  2099-Aug-06 05:00:00
  2099-Aug-24 15:00:00
  2099-Sep-12 00:00:00
  2099-Sep-30 10:00:00
  2099-Oct-18 19:00:00
  2099-Nov-06 05:00:00
  2099-Nov-24 14:00:00
  2099-Dec-12 23:00:00
  2099-Dec-31 09:00:00
Beginning Simulation...
  2100-Jan-18 09:00:00 (4.8%)
  2100-Feb-05 09:00:00 (9.7%)
  2100-Feb-23 08:00:00 (14.6%)
  2100-Mar-13 08:00:00 (19.5%)
  2100-Mar-31 08:00:00 (24.5%)
  2100-Apr-18 08:00:00 (29.4%)
  2100-May-06 08:00:00 (34.3%)
  2100-May-24 08:00:00 (39.3%)
  2100-Jun-11 07:00:00 (44.2%)
  2100-Jun-29 08:00:00 (49.1%)
  2100-Jul-17 08:00:00 (54.1%)
  2100-Aug-04 08:00:00 (59%)
  2100-Aug-22 06:00:00 (63.9%)
  2100-Sep-09 06:00:00 (68.8%)
  2100-Sep-27 06:00:00 (73.8%)
  2100-Oct-15 06:00:00 (78.7%)
  2100-Nov-02 06:00:00 (83.6%)
  2100-Nov-20 06:00:00 (88.6%)
  2100-Dec-08 06:00:00 (93.5%)
  2100-Dec-26 06:00:00 (98.4%)
  2100-Dec-31 23:00:00 (100%)
Finished Program: 2014-Nov-17 14:17:58.320595
Elapsed Time: 00:00:40.717100
