instance.yaml
kiva v0.2.0-9-g526928a
Copyright (C) 2012-2014 Big Ladder Software
Web: www.bigladdersoftware.com

Starting Program: 2014-Nov-15 12:22:45.048582
Creating Domain...
  X Cells: 257
  Y Cells: 1
  Z Cells: 103
  Total Cells: 26471
Initializing Temperatures...
  2098-Dec-10 23:00:00
  2099-Jan-07 12:00:00
  2099-Jan-15 23:00:00
  2099-Jan-24 10:00:00
  2099-Feb-01 22:00:00
  2099-Feb-10 08:00:00
  2099-Feb-18 20:00:00
  2099-Feb-27 07:00:00
  2099-Mar-07 18:00:00
  2099-Mar-16 05:00:00
  2099-Mar-24 16:00:00
  2099-Apr-02 03:00:00
  2099-Apr-10 15:00:00
  2099-Apr-19 02:00:00
  2099-Apr-27 13:00:00
  2099-May-06 00:00:00
  2099-May-14 13:00:00
  2099-May-23 03:00:00
  2099-May-31 16:00:00
  2099-Jun-09 05:00:00
  2099-Jun-17 18:00:00
  2099-Jun-26 08:00:00
  2099-Jul-04 21:00:00
  2099-Jul-13 10:00:00
  2099-Jul-21 23:00:00
  2099-Jul-30 12:00:00
  2099-Aug-08 02:00:00
  2099-Aug-16 15:00:00
  2099-Aug-25 04:00:00
  2099-Sep-02 17:00:00
  2099-Sep-11 06:00:00
  2099-Sep-19 19:00:00
  2099-Sep-28 08:00:00
  2099-Oct-06 22:00:00
  2099-Oct-15 11:00:00
  2099-Oct-24 00:00:00
  2099-Nov-01 13:00:00
  2099-Nov-10 03:00:00
  2099-Nov-18 16:00:00
  2099-Nov-27 05:00:00
  2099-Dec-05 18:00:00
  2099-Dec-14 08:00:00
  2099-Dec-22 21:00:00
  2099-Dec-31 10:00:00
Beginning Simulation...
  2100-Jan-08 19:00:00 (2.1%)
  2100-Jan-17 04:00:00 (4.4%)
  2100-Jan-25 13:00:00 (6.7%)
  2100-Feb-02 22:00:00 (9%)
  2100-Feb-11 07:00:00 (11.3%)
  2100-Feb-19 16:00:00 (13.6%)
  2100-Feb-28 01:00:00 (15.9%)
  2100-Mar-08 10:00:00 (18.2%)
  2100-Mar-16 18:00:00 (20.5%)
  2100-Mar-25 03:00:00 (22.8%)
  2100-Apr-02 12:00:00 (25.1%)
  2100-Apr-10 21:00:00 (27.4%)
  2100-Apr-19 06:00:00 (29.7%)
  2100-Apr-27 15:00:00 (32%)
  2100-May-06 00:00:00 (34.2%)
  2100-May-14 09:00:00 (36.5%)
  2100-May-22 18:00:00 (38.8%)
  2100-May-31 03:00:00 (41.1%)
  2100-Jun-08 12:00:00 (43.4%)
  2100-Jun-16 21:00:00 (45.7%)
  2100-Jun-25 06:00:00 (48%)
  2100-Jul-03 14:00:00 (50.3%)
  2100-Jul-11 23:00:00 (52.6%)
  2100-Jul-20 08:00:00 (54.9%)
  2100-Jul-28 17:00:00 (57.2%)
  2100-Aug-06 02:00:00 (59.5%)
  2100-Aug-14 10:00:00 (61.8%)
  2100-Aug-22 19:00:00 (64.1%)
  2100-Aug-31 04:00:00 (66.3%)
  2100-Sep-08 13:00:00 (68.6%)
  2100-Sep-16 21:00:00 (70.9%)
  2100-Sep-25 06:00:00 (73.2%)
  2100-Oct-03 15:00:00 (75.5%)
  2100-Oct-11 23:00:00 (77.8%)
  2100-Oct-20 08:00:00 (80.1%)
  2100-Oct-28 17:00:00 (82.4%)
  2100-Nov-06 02:00:00 (84.7%)
  2100-Nov-14 11:00:00 (87%)
  2100-Nov-22 20:00:00 (89.3%)
  2100-Dec-01 05:00:00 (91.6%)
  2100-Dec-09 14:00:00 (93.9%)
  2100-Dec-17 23:00:00 (96.2%)
  2100-Dec-26 08:00:00 (98.4%)
  2100-Dec-31 23:00:00 (100%)
Finished Program: 2014-Nov-15 12:24:12.675986
Elapsed Time: 00:01:27.627404
