instance.yaml
kiva v0.2.0-19-ge248292
Copyright (C) 2012-2014 Big Ladder Software
Web: www.bigladdersoftware.com

Starting Program: 2014-Nov-17 08:40:13.144874
Creating Domain...
  X Cells: 152
  Y Cells: 1
  Z Cells: 125
  Total Cells: 19000
Initializing Temperatures...
  2099-Jan-01 08:00:00
  2099-Jan-13 18:00:00
  2099-Jan-26 04:00:00
  2099-Feb-07 14:00:00
  2099-Feb-20 01:00:00
  2099-Mar-04 12:00:00
  2099-Mar-16 23:00:00
  2099-Mar-29 09:00:00
  2099-Apr-10 20:00:00
  2099-Apr-23 07:00:00
  2099-May-05 17:00:00
  2099-May-18 04:00:00
  2099-May-30 15:00:00
  2099-Jun-12 02:00:00
  2099-Jun-24 13:00:00
  2099-Jul-06 23:00:00
  2099-Jul-19 09:00:00
  2099-Jul-31 20:00:00
  2099-Aug-13 07:00:00
  2099-Aug-25 18:00:00
  2099-Sep-07 05:00:00
  2099-Sep-19 15:00:00
  2099-Oct-02 02:00:00
  2099-Oct-14 13:00:00
  2099-Oct-27 00:00:00
  2099-Nov-08 10:00:00
  2099-Nov-20 21:00:00
  2099-Dec-03 08:00:00
  2099-Dec-15 19:00:00
  2099-Dec-28 06:00:00
Beginning Simulation...
  2100-Jan-08 23:00:00 (2.2%)
  2100-Jan-20 10:00:00 (5.3%)
  2100-Jan-31 20:00:00 (8.4%)
  2100-Feb-12 06:00:00 (11.6%)
  2100-Feb-23 16:00:00 (14.7%)
  2100-Mar-07 02:00:00 (17.8%)
  2100-Mar-18 12:00:00 (21%)
  2100-Mar-29 22:00:00 (24.1%)
  2100-Apr-10 08:00:00 (27.2%)
  2100-Apr-21 19:00:00 (30.4%)
  2100-May-03 07:00:00 (33.5%)
  2100-May-14 18:00:00 (36.6%)
  2100-May-26 06:00:00 (39.8%)
  2100-Jun-06 18:00:00 (42.9%)
  2100-Jun-18 05:00:00 (46.1%)
  2100-Jun-29 17:00:00 (49.2%)
  2100-Jul-11 05:00:00 (52.4%)
  2100-Jul-22 17:00:00 (55.5%)
  2100-Aug-03 05:00:00 (58.7%)
  2100-Aug-14 17:00:00 (61.8%)
  2100-Aug-26 05:00:00 (65%)
  2100-Sep-06 18:00:00 (68.2%)
  2100-Sep-18 06:00:00 (71.3%)
  2100-Sep-29 18:00:00 (74.5%)
  2100-Oct-11 07:00:00 (77.6%)
  2100-Oct-22 19:00:00 (80.8%)
  2100-Nov-03 08:00:00 (83.9%)
  2100-Nov-14 20:00:00 (87.1%)
  2100-Nov-26 09:00:00 (90.2%)
  2100-Dec-07 21:00:00 (93.4%)
  2100-Dec-19 09:00:00 (96.5%)
  2100-Dec-30 21:00:00 (99.7%)
  2100-Dec-31 23:00:00 (100%)
Finished Program: 2014-Nov-17 08:41:15.097688
Elapsed Time: 00:01:01.952814
