instance.yaml
kiva v0.2.0-19-ge248292
Copyright (C) 2012-2014 Big Ladder Software
Web: www.bigladdersoftware.com

Starting Program: 2014-Nov-17 08:39:14.521889
Creating Domain...
  X Cells: 88
  Y Cells: 1
  Z Cells: 133
  Total Cells: 11704
Initializing Temperatures...
Warning: Solution did not converge after 572 iterations.
  The final residual was: 0.00537469
  Solver status: 2
  2098-Nov-19 23:00:00
  2099-Jan-17 23:00:00
  2099-Feb-07 01:00:00
  2099-Feb-27 03:00:00
  2099-Mar-19 05:00:00
  2099-Apr-08 07:00:00
  2099-Apr-28 09:00:00
  2099-May-18 12:00:00
  2099-Jun-07 14:00:00
  2099-Jun-27 16:00:00
  2099-Jul-17 19:00:00
  2099-Aug-06 21:00:00
  2099-Aug-26 23:00:00
  2099-Sep-16 02:00:00
  2099-Oct-06 04:00:00
  2099-Oct-26 07:00:00
  2099-Nov-15 09:00:00
  2099-Dec-05 11:00:00
  2099-Dec-25 14:00:00
Beginning Simulation...
  2100-Jan-13 13:00:00 (3.4%)
  2100-Jan-31 23:00:00 (8.5%)
  2100-Feb-19 09:00:00 (13.5%)
  2100-Mar-09 19:00:00 (18.6%)
  2100-Mar-28 05:00:00 (23.6%)
  2100-Apr-15 15:00:00 (28.7%)
  2100-May-04 01:00:00 (33.7%)
  2100-May-22 11:00:00 (38.8%)
  2100-Jun-09 22:00:00 (43.8%)
  2100-Jun-28 07:00:00 (48.8%)
  2100-Jul-16 16:00:00 (53.9%)
  2100-Aug-04 02:00:00 (58.9%)
  2100-Aug-22 13:00:00 (64%)
  2100-Sep-09 23:00:00 (69%)
  2100-Sep-28 10:00:00 (74.1%)
  2100-Oct-16 20:00:00 (79.1%)
  2100-Nov-04 02:00:00 (84.1%)
  2100-Nov-22 13:00:00 (89.2%)
  2100-Dec-10 23:00:00 (94.2%)
  2100-Dec-29 09:00:00 (99.3%)
  2100-Dec-31 23:00:00 (100%)
Finished Program: 2014-Nov-17 08:39:53.141131
Elapsed Time: 00:00:38.619242
