instance.yaml
kiva v0.2.0-22-gd89b213
Copyright (C) 2012-2014 Big Ladder Software
Web: www.bigladdersoftware.com

Starting Program: 2014-Nov-19 10:42:43.968941
Creating Domain...
  X Cells: 170
  Y Cells: 1
  Z Cells: 113
  Total Cells: 19210
Initializing Temperatures...
  2099-Jan-02 23:00:00
  2099-Jan-14 14:00:00
  2099-Jan-26 05:00:00
  2099-Feb-06 20:00:00
  2099-Feb-18 11:00:00
  2099-Mar-02 02:00:00
  2099-Mar-13 18:00:00
  2099-Mar-25 09:00:00
  2099-Apr-06 00:00:00
  2099-Apr-17 15:00:00
  2099-Apr-29 06:00:00
  2099-May-10 21:00:00
  2099-May-22 12:00:00
  2099-Jun-03 04:00:00
  2099-Jun-14 19:00:00
  2099-Jun-26 10:00:00
  2099-Jul-08 01:00:00
  2099-Jul-19 17:00:00
  2099-Jul-31 08:00:00
  2099-Aug-11 23:00:00
  2099-Aug-23 14:00:00
  2099-Sep-04 05:00:00
  2099-Sep-15 21:00:00
  2099-Sep-27 12:00:00
  2099-Oct-09 03:00:00
  2099-Oct-20 18:00:00
  2099-Nov-01 10:00:00
  2099-Nov-13 01:00:00
  2099-Nov-24 16:00:00
  2099-Dec-06 07:00:00
  2099-Dec-17 23:00:00
  2099-Dec-29 14:00:00
Beginning Simulation...
  2100-Jan-10 01:00:00 (2.5%)
  2100-Jan-21 11:00:00 (5.6%)
  2100-Feb-01 21:00:00 (8.7%)
  2100-Feb-13 08:00:00 (11.9%)
  2100-Feb-24 18:00:00 (15%)
  2100-Mar-08 04:00:00 (18.1%)
  2100-Mar-19 14:00:00 (21.3%)
  2100-Mar-31 00:00:00 (24.4%)
  2100-Apr-11 10:00:00 (27.5%)
  2100-Apr-22 21:00:00 (30.7%)
  2100-May-04 07:00:00 (33.8%)
  2100-May-15 17:00:00 (36.9%)
  2100-May-27 04:00:00 (40%)
  2100-Jun-07 13:00:00 (43.2%)
  2100-Jun-19 00:00:00 (46.3%)
  2100-Jun-30 10:00:00 (49.4%)
  2100-Jul-11 20:00:00 (52.6%)
  2100-Jul-23 07:00:00 (55.7%)
  2100-Aug-03 17:00:00 (58.8%)
  2100-Aug-15 03:00:00 (62%)
  2100-Aug-26 13:00:00 (65.1%)
  2100-Sep-07 00:00:00 (68.2%)
  2100-Sep-18 12:00:00 (71.4%)
  2100-Sep-30 00:00:00 (74.5%)
  2100-Oct-11 12:00:00 (77.7%)
  2100-Oct-23 00:00:00 (80.8%)
  2100-Nov-03 11:00:00 (84%)
  2100-Nov-14 23:00:00 (87.1%)
  2100-Nov-26 11:00:00 (90.3%)
  2100-Dec-07 23:00:00 (93.4%)
  2100-Dec-19 11:00:00 (96.6%)
  2100-Dec-30 23:00:00 (99.7%)
  2100-Dec-31 23:00:00 (100%)
Finished Program: 2014-Nov-19 10:43:48.088576
Elapsed Time: 00:01:04.119635
