instance.yaml
kiva v0.2.0-9-g526928a
Copyright (C) 2012-2014 Big Ladder Software
Web: www.bigladdersoftware.com

Starting Program: 2014-Nov-15 11:51:46.454248
Creating Domain...
  X Cells: 174
  Y Cells: 1
  Z Cells: 125
  Total Cells: 21750
Initializing Temperatures...
  2098-Nov-05 23:00:00
  2099-Jan-07 17:00:00
  2099-Jan-19 07:00:00
  2099-Jan-30 22:00:00
  2099-Feb-11 12:00:00
  2099-Feb-23 02:00:00
  2099-Mar-06 16:00:00
  2099-Mar-18 06:00:00
  2099-Mar-29 21:00:00
  2099-Apr-10 11:00:00
  2099-Apr-22 01:00:00
  2099-May-03 15:00:00
  2099-May-15 06:00:00
  2099-May-26 20:00:00
  2099-Jun-07 10:00:00
  2099-Jun-19 01:00:00
  2099-Jun-30 15:00:00
  2099-Jul-12 06:00:00
  2099-Jul-23 20:00:00
  2099-Aug-04 11:00:00
  2099-Aug-16 01:00:00
  2099-Aug-27 16:00:00
  2099-Sep-08 06:00:00
  2099-Sep-19 20:00:00
  2099-Oct-01 11:00:00
  2099-Oct-13 01:00:00
  2099-Oct-24 16:00:00
  2099-Nov-05 06:00:00
  2099-Nov-16 20:00:00
  2099-Nov-28 11:00:00
  2099-Dec-10 01:00:00
  2099-Dec-21 16:00:00
Beginning Simulation...
  2100-Jan-02 04:00:00 (0.3%)
  2100-Jan-12 21:00:00 (3.3%)
  2100-Jan-23 14:00:00 (6.2%)
  2100-Feb-03 08:00:00 (9.1%)
  2100-Feb-14 01:00:00 (12.1%)
  2100-Feb-24 18:00:00 (15%)
  2100-Mar-07 12:00:00 (17.9%)
  2100-Mar-18 05:00:00 (20.9%)
  2100-Mar-28 23:00:00 (23.8%)
  2100-Apr-08 16:00:00 (26.8%)
  2100-Apr-19 09:00:00 (29.7%)
  2100-Apr-30 02:00:00 (32.6%)
  2100-May-10 20:00:00 (35.6%)
  2100-May-21 13:00:00 (38.5%)
  2100-Jun-01 07:00:00 (41.4%)
  2100-Jun-12 01:00:00 (44.4%)
  2100-Jun-22 18:00:00 (47.3%)
  2100-Jul-03 12:00:00 (50.3%)
  2100-Jul-14 06:00:00 (53.2%)
  2100-Jul-24 23:00:00 (56.2%)
  2100-Aug-04 17:00:00 (59.1%)
  2100-Aug-15 11:00:00 (62%)
  2100-Aug-26 05:00:00 (65%)
  2100-Sep-05 13:00:00 (67.8%)
  2100-Sep-16 07:00:00 (70.8%)
  2100-Sep-27 00:00:00 (73.7%)
  2100-Oct-07 18:00:00 (76.6%)
  2100-Oct-18 12:00:00 (79.6%)
  2100-Oct-29 06:00:00 (82.5%)
  2100-Nov-08 23:00:00 (85.5%)
  2100-Nov-19 17:00:00 (88.4%)
  2100-Nov-30 10:00:00 (91.3%)
  2100-Dec-11 04:00:00 (94.3%)
  2100-Dec-21 21:00:00 (97.2%)
  2100-Dec-31 23:00:00 (100%)
Finished Program: 2014-Nov-15 11:52:52.940955
Elapsed Time: 00:01:06.486707
