instance.yaml
kiva v0.2.0-21-g785bfe1
Copyright (C) 2012-2014 Big Ladder Software
Web: www.bigladdersoftware.com

Starting Program: 2014-Nov-18 11:14:27.539608
Creating Domain...
  X Cells: 212
  Y Cells: 1
  Z Cells: 133
  Total Cells: 28196
Initializing Temperatures...
  2098-Oct-15 23:00:00
  2099-Jan-03 04:00:00
  2099-Jan-11 09:00:00
  2099-Jan-19 14:00:00
  2099-Jan-27 19:00:00
  2099-Feb-05 00:00:00
  2099-Feb-13 05:00:00
  2099-Feb-21 10:00:00
  2099-Mar-01 15:00:00
  2099-Mar-09 20:00:00
  2099-Mar-18 01:00:00
  2099-Mar-26 06:00:00
  2099-Apr-03 11:00:00
  2099-Apr-11 16:00:00
  2099-Apr-19 22:00:00
  2099-Apr-28 03:00:00
  2099-May-06 08:00:00
  2099-May-14 13:00:00
  2099-May-22 18:00:00
  2099-May-30 23:00:00
  2099-Jun-08 04:00:00
  2099-Jun-16 09:00:00
  2099-Jun-24 14:00:00
  2099-Jul-02 19:00:00
  2099-Jul-11 00:00:00
  2099-Jul-19 05:00:00
  2099-Jul-27 10:00:00
  2099-Aug-04 15:00:00
  2099-Aug-12 20:00:00
  2099-Aug-21 01:00:00
  2099-Aug-29 06:00:00
  2099-Sep-06 11:00:00
  2099-Sep-14 17:00:00
  2099-Sep-22 21:00:00
  2099-Oct-01 02:00:00
  2099-Oct-09 07:00:00
  2099-Oct-17 12:00:00
  2099-Oct-25 17:00:00
  2099-Nov-02 22:00:00
  2099-Nov-11 04:00:00
  2099-Nov-19 09:00:00
  2099-Nov-27 14:00:00
  2099-Dec-05 19:00:00
  2099-Dec-14 00:00:00
  2099-Dec-22 05:00:00
  2099-Dec-30 10:00:00
Beginning Simulation...
  2100-Jan-07 05:00:00 (1.7%)
  2100-Jan-14 22:00:00 (3.8%)
  2100-Jan-22 14:00:00 (5.9%)
  2100-Jan-30 07:00:00 (8%)
  2100-Feb-06 23:00:00 (10.1%)
  2100-Feb-14 16:00:00 (12.2%)
  2100-Feb-22 08:00:00 (14.3%)
  2100-Mar-02 01:00:00 (16.4%)
  2100-Mar-09 17:00:00 (18.6%)
  2100-Mar-17 10:00:00 (20.7%)
  2100-Mar-25 02:00:00 (22.8%)
  2100-Apr-01 19:00:00 (24.9%)
  2100-Apr-09 11:00:00 (27%)
  2100-Apr-17 04:00:00 (29.1%)
  2100-Apr-24 20:00:00 (31.2%)
  2100-May-02 13:00:00 (33.3%)
  2100-May-10 05:00:00 (35.4%)
  2100-May-17 22:00:00 (37.5%)
  2100-May-25 14:00:00 (39.6%)
  2100-Jun-02 07:00:00 (41.7%)
  2100-Jun-09 23:00:00 (43.8%)
  2100-Jun-17 16:00:00 (45.9%)
  2100-Jun-25 09:00:00 (48%)
  2100-Jul-03 01:00:00 (50.1%)
  2100-Jul-10 18:00:00 (52.3%)
  2100-Jul-18 10:00:00 (54.4%)
  2100-Jul-26 03:00:00 (56.5%)
  2100-Aug-02 20:00:00 (58.6%)
  2100-Aug-10 12:00:00 (60.7%)
  2100-Aug-18 05:00:00 (62.8%)
  2100-Aug-25 21:00:00 (64.9%)
  2100-Sep-02 13:00:00 (67%)
  2100-Sep-10 05:00:00 (69.1%)
  2100-Sep-17 22:00:00 (71.2%)
  2100-Sep-25 15:00:00 (73.3%)
  2100-Oct-03 07:00:00 (75.4%)
  2100-Oct-11 00:00:00 (77.5%)
  2100-Oct-18 16:00:00 (79.6%)
  2100-Oct-26 09:00:00 (81.7%)
  2100-Nov-03 01:00:00 (83.8%)
  2100-Nov-10 18:00:00 (86%)
  2100-Nov-18 11:00:00 (88.1%)
  2100-Nov-26 03:00:00 (90.2%)
  2100-Dec-03 20:00:00 (92.3%)
  2100-Dec-11 12:00:00 (94.4%)
  2100-Dec-19 05:00:00 (96.5%)
  2100-Dec-26 22:00:00 (98.6%)
  2100-Dec-31 23:00:00 (100%)
Finished Program: 2014-Nov-18 11:16:00.660244
Elapsed Time: 00:01:33.120636
