instance.yaml
kiva v0.2.0-21-g785bfe1
Copyright (C) 2012-2014 Big Ladder Software
Web: www.bigladdersoftware.com

Starting Program: 2014-Nov-18 10:48:25.289088
Creating Domain...
  X Cells: 97
  Y Cells: 1
  Z Cells: 133
  Total Cells: 12901
Initializing Temperatures...
Warning: Solution did not converge after 309 iterations.
  The final residual was: 0.00186923
  Solver status: 2
  2099-Jan-03 02:00:00
  2099-Jan-21 04:00:00
  2099-Feb-08 06:00:00
  2099-Feb-26 07:00:00
  2099-Mar-16 09:00:00
  2099-Apr-03 11:00:00
  2099-Apr-21 13:00:00
  2099-May-09 15:00:00
  2099-May-27 17:00:00
  2099-Jun-14 19:00:00
  2099-Jul-02 20:00:00
  2099-Jul-20 22:00:00
  2099-Aug-08 00:00:00
  2099-Aug-26 02:00:00
  2099-Sep-13 04:00:00
  2099-Oct-01 06:00:00
  2099-Oct-19 08:00:00
  2099-Nov-06 10:00:00
  2099-Nov-24 12:00:00
  2099-Dec-12 14:00:00
  2099-Dec-30 16:00:00
Beginning Simulation...
  2100-Jan-16 12:00:00 (4.2%)
  2100-Feb-02 05:00:00 (8.8%)
  2100-Feb-18 22:00:00 (13.4%)
  2100-Mar-07 15:00:00 (18%)
  2100-Mar-24 08:00:00 (22.6%)
  2100-Apr-10 01:00:00 (27.1%)
  2100-Apr-26 18:00:00 (31.7%)
  2100-May-13 11:00:00 (36.3%)
  2100-May-30 05:00:00 (40.9%)
  2100-Jun-15 21:00:00 (45.4%)
  2100-Jul-02 15:00:00 (50%)
  2100-Jul-19 07:00:00 (54.6%)
  2100-Aug-05 00:00:00 (59.2%)
  2100-Aug-21 15:00:00 (63.7%)
  2100-Sep-07 08:00:00 (68.3%)
  2100-Sep-24 01:00:00 (72.9%)
  2100-Oct-10 18:00:00 (77.5%)
  2100-Oct-27 11:00:00 (82%)
  2100-Nov-13 05:00:00 (86.6%)
  2100-Nov-29 22:00:00 (91.2%)
  2100-Dec-16 15:00:00 (95.8%)
  2100-Dec-31 23:00:00 (100%)
Finished Program: 2014-Nov-18 10:49:07.917928
Elapsed Time: 00:00:42.628840
