instance.yaml
kiva v0.2.0-9-g526928a
Copyright (C) 2012-2014 Big Ladder Software
Web: www.bigladdersoftware.com

Starting Program: 2014-Nov-15 12:21:44.181867
Creating Domain...
  X Cells: 167
  Y Cells: 1
  Z Cells: 133
  Total Cells: 22211
Initializing Temperatures...
  2098-Dec-10 23:00:00
  2099-Jan-09 15:00:00
  2099-Jan-20 01:00:00
  2099-Jan-30 11:00:00
  2099-Feb-09 21:00:00
  2099-Feb-20 08:00:00
  2099-Mar-02 18:00:00
  2099-Mar-13 04:00:00
  2099-Mar-23 14:00:00
  2099-Apr-03 00:00:00
  2099-Apr-13 11:00:00
  2099-Apr-23 21:00:00
  2099-May-04 07:00:00
  2099-May-14 18:00:00
  2099-May-25 04:00:00
  2099-Jun-04 14:00:00
  2099-Jun-15 01:00:00
  2099-Jun-25 11:00:00
  2099-Jul-05 21:00:00
  2099-Jul-16 08:00:00
  2099-Jul-26 18:00:00
  2099-Aug-06 05:00:00
  2099-Aug-16 14:00:00
  2099-Aug-27 01:00:00
  2099-Sep-06 11:00:00
  2099-Sep-16 22:00:00
  2099-Sep-27 08:00:00
  2099-Oct-07 18:00:00
  2099-Oct-18 05:00:00
  2099-Oct-28 15:00:00
  2099-Nov-08 02:00:00
  2099-Nov-18 12:00:00
  2099-Nov-28 22:00:00
  2099-Dec-09 09:00:00
  2099-Dec-19 19:00:00
  2099-Dec-30 06:00:00
Beginning Simulation...
  2100-Jan-09 01:00:00 (2.2%)
  2100-Jan-18 16:00:00 (4.8%)
  2100-Jan-28 08:00:00 (7.5%)
  2100-Feb-06 23:00:00 (10.1%)
  2100-Feb-16 15:00:00 (12.8%)
  2100-Feb-26 06:00:00 (15.4%)
  2100-Mar-07 22:00:00 (18.1%)
  2100-Mar-17 13:00:00 (20.7%)
  2100-Mar-27 05:00:00 (23.3%)
  2100-Apr-05 18:00:00 (26%)
  2100-Apr-15 10:00:00 (28.6%)
  2100-Apr-25 01:00:00 (31.2%)
  2100-May-04 17:00:00 (33.9%)
  2100-May-14 08:00:00 (36.5%)
  2100-May-24 00:00:00 (39.2%)
  2100-Jun-02 16:00:00 (41.8%)
  2100-Jun-12 07:00:00 (44.5%)
  2100-Jun-21 23:00:00 (47.1%)
  2100-Jul-01 14:00:00 (49.7%)
  2100-Jul-11 06:00:00 (52.4%)
  2100-Jul-20 21:00:00 (55%)
  2100-Jul-30 13:00:00 (57.7%)
  2100-Aug-09 04:00:00 (60.3%)
  2100-Aug-18 20:00:00 (63%)
  2100-Aug-28 11:00:00 (65.6%)
  2100-Sep-07 03:00:00 (68.3%)
  2100-Sep-16 19:00:00 (70.9%)
  2100-Sep-26 10:00:00 (73.5%)
  2100-Oct-06 02:00:00 (76.2%)
  2100-Oct-15 17:00:00 (78.8%)
  2100-Oct-25 09:00:00 (81.5%)
  2100-Nov-04 00:00:00 (84.1%)
  2100-Nov-13 16:00:00 (86.8%)
  2100-Nov-23 07:00:00 (89.4%)
  2100-Dec-02 23:00:00 (92%)
  2100-Dec-12 15:00:00 (94.7%)
  2100-Dec-22 07:00:00 (97.3%)
  2100-Dec-31 23:00:00 (100%)
  2100-Dec-31 23:00:00 (100%)
Finished Program: 2014-Nov-15 12:22:58.001587
Elapsed Time: 00:01:13.819720
