instance.yaml
kiva v0.2.0-22-gd89b213
Copyright (C) 2012-2014 Big Ladder Software
Web: www.bigladdersoftware.com

Starting Program: 2014-Nov-19 10:36:54.597308
Creating Domain...
  X Cells: 234
  Y Cells: 1
  Z Cells: 103
  Total Cells: 24102
Initializing Temperatures...
  2098-Oct-15 23:00:00
  2099-Jan-03 11:00:00
  2099-Jan-12 13:00:00
  2099-Jan-21 16:00:00
  2099-Jan-30 19:00:00
  2099-Feb-08 22:00:00
  2099-Feb-18 01:00:00
  2099-Feb-27 03:00:00
  2099-Mar-08 06:00:00
  2099-Mar-17 09:00:00
  2099-Mar-26 12:00:00
  2099-Apr-04 15:00:00
  2099-Apr-13 18:00:00
  2099-Apr-22 21:00:00
  2099-May-02 00:00:00
  2099-May-11 03:00:00
  2099-May-20 06:00:00
  2099-May-29 09:00:00
  2099-Jun-07 12:00:00
  2099-Jun-16 15:00:00
  2099-Jun-25 18:00:00
  2099-Jul-04 21:00:00
  2099-Jul-14 00:00:00
  2099-Jul-23 03:00:00
  2099-Aug-01 06:00:00
  2099-Aug-10 09:00:00
  2099-Aug-19 12:00:00
  2099-Aug-28 15:00:00
  2099-Sep-06 18:00:00
  2099-Sep-15 21:00:00
  2099-Sep-25 00:00:00
  2099-Oct-04 05:00:00
  2099-Oct-13 09:00:00
  2099-Oct-22 14:00:00
  2099-Oct-31 19:00:00
  2099-Nov-09 23:00:00
  2099-Nov-19 03:00:00
  2099-Nov-28 08:00:00
  2099-Dec-07 12:00:00
  2099-Dec-16 17:00:00
  2099-Dec-25 21:00:00
Beginning Simulation...
  2100-Jan-04 01:00:00 (0.8%)
  2100-Jan-13 02:00:00 (3.3%)
  2100-Jan-22 03:00:00 (5.8%)
  2100-Jan-31 04:00:00 (8.3%)
  2100-Feb-09 06:00:00 (10.8%)
  2100-Feb-18 07:00:00 (13.2%)
  2100-Feb-27 08:00:00 (15.7%)
  2100-Mar-08 09:00:00 (18.2%)
  2100-Mar-17 11:00:00 (20.7%)
  2100-Mar-26 12:00:00 (23.2%)
  2100-Apr-04 13:00:00 (25.6%)
  2100-Apr-13 14:00:00 (28.1%)
  2100-Apr-22 15:00:00 (30.6%)
  2100-May-01 16:00:00 (33.1%)
  2100-May-10 18:00:00 (35.5%)
  2100-May-19 19:00:00 (38%)
  2100-May-28 20:00:00 (40.5%)
  2100-Jun-06 22:00:00 (43%)
  2100-Jun-15 23:00:00 (45.5%)
  2100-Jun-25 00:00:00 (47.9%)
  2100-Jul-04 01:00:00 (50.4%)
  2100-Jul-13 03:00:00 (52.9%)
  2100-Jul-22 04:00:00 (55.4%)
  2100-Jul-31 06:00:00 (57.9%)
  2100-Aug-09 07:00:00 (60.4%)
  2100-Aug-18 08:00:00 (62.8%)
  2100-Aug-27 10:00:00 (65.3%)
  2100-Sep-05 11:00:00 (67.8%)
  2100-Sep-14 13:00:00 (70.3%)
  2100-Sep-23 14:00:00 (72.8%)
  2100-Oct-02 15:00:00 (75.2%)
  2100-Oct-11 16:00:00 (77.7%)
  2100-Oct-20 18:00:00 (80.2%)
  2100-Oct-29 19:00:00 (82.7%)
  2100-Nov-07 21:00:00 (85.2%)
  2100-Nov-16 21:00:00 (87.6%)
  2100-Nov-25 22:00:00 (90.1%)
  2100-Dec-04 23:00:00 (92.6%)
  2100-Dec-14 01:00:00 (95.1%)
  2100-Dec-23 02:00:00 (97.6%)
  2100-Dec-31 23:00:00 (100%)
Finished Program: 2014-Nov-19 10:38:15.982815
Elapsed Time: 00:01:21.385507
