instance.yaml
kiva v0.2.0-22-gd89b213
Copyright (C) 2012-2014 Big Ladder Software
Web: www.bigladdersoftware.com

Starting Program: 2014-Nov-19 10:41:44.749768
Creating Domain...
  X Cells: 152
  Y Cells: 1
  Z Cells: 96
  Total Cells: 14592
Initializing Temperatures...
  2098-Oct-01 23:00:00
  2099-Jan-09 08:00:00
  2099-Jan-24 02:00:00
  2099-Feb-07 21:00:00
  2099-Feb-22 15:00:00
  2099-Mar-09 09:00:00
  2099-Mar-24 04:00:00
  2099-Apr-07 22:00:00
  2099-Apr-22 17:00:00
  2099-May-07 11:00:00
  2099-May-22 06:00:00
  2099-Jun-06 00:00:00
  2099-Jun-20 19:00:00
  2099-Jul-05 13:00:00
  2099-Jul-20 08:00:00
  2099-Aug-04 01:00:00
  2099-Aug-18 20:00:00
  2099-Sep-02 14:00:00
  2099-Sep-17 09:00:00
  2099-Oct-02 03:00:00
  2099-Oct-16 22:00:00
  2099-Oct-31 16:00:00
  2099-Nov-15 11:00:00
  2099-Nov-30 05:00:00
  2099-Dec-15 00:00:00
  2099-Dec-29 18:00:00
Beginning Simulation...
  2100-Jan-13 07:00:00 (3.4%)
  2100-Jan-27 18:00:00 (7.3%)
  2100-Feb-11 05:00:00 (11.3%)
  2100-Feb-25 17:00:00 (15.3%)
  2100-Mar-12 04:00:00 (19.2%)
  2100-Mar-26 15:00:00 (23.2%)
  2100-Apr-10 03:00:00 (27.2%)
  2100-Apr-24 14:00:00 (31.1%)
  2100-May-09 01:00:00 (35.1%)
  2100-May-23 13:00:00 (39.1%)
  2100-Jun-07 01:00:00 (43%)
  2100-Jun-21 13:00:00 (47%)
  2100-Jul-06 00:00:00 (51%)
  2100-Jul-20 11:00:00 (54.9%)
  2100-Aug-03 23:00:00 (58.9%)
  2100-Aug-18 10:00:00 (62.9%)
  2100-Sep-01 22:00:00 (66.8%)
  2100-Sep-16 09:00:00 (70.8%)
  2100-Sep-30 21:00:00 (74.8%)
  2100-Oct-15 09:00:00 (78.7%)
  2100-Oct-29 20:00:00 (82.7%)
  2100-Nov-13 08:00:00 (86.7%)
  2100-Nov-27 19:00:00 (90.6%)
  2100-Dec-12 07:00:00 (94.6%)
  2100-Dec-26 18:00:00 (98.6%)
  2100-Dec-31 23:00:00 (100%)
Finished Program: 2014-Nov-19 10:42:35.360153
Elapsed Time: 00:00:50.610385
