instance.yaml
kiva v0.2.0-9-g526928a
Copyright (C) 2012-2014 Big Ladder Software
Web: www.bigladdersoftware.com

Starting Program: 2014-Nov-15 11:50:42.856440
Creating Domain...
  X Cells: 158
  Y Cells: 1
  Z Cells: 133
  Total Cells: 21014
Initializing Temperatures...
  2099-Jan-03 00:00:00
  2099-Jan-14 13:00:00
  2099-Jan-26 03:00:00
  2099-Feb-06 17:00:00
  2099-Feb-18 07:00:00
  2099-Mar-01 20:00:00
  2099-Mar-13 10:00:00
  2099-Mar-25 00:00:00
  2099-Apr-05 14:00:00
  2099-Apr-17 04:00:00
  2099-Apr-28 18:00:00
  2099-May-10 08:00:00
  2099-May-21 22:00:00
  2099-Jun-02 12:00:00
  2099-Jun-14 02:00:00
  2099-Jun-25 14:00:00
  2099-Jul-07 04:00:00
  2099-Jul-18 18:00:00
  2099-Jul-30 08:00:00
  2099-Aug-10 22:00:00
  2099-Aug-22 12:00:00
  2099-Sep-03 02:00:00
  2099-Sep-14 16:00:00
  2099-Sep-26 06:00:00
  2099-Oct-07 20:00:00
  2099-Oct-19 10:00:00
  2099-Oct-31 00:00:00
  2099-Nov-11 14:00:00
  2099-Nov-23 04:00:00
  2099-Dec-04 18:00:00
  2099-Dec-16 12:00:00
  2099-Dec-28 05:00:00
Beginning Simulation...
  2100-Jan-08 07:00:00 (2%)
  2100-Jan-19 01:00:00 (4.9%)
  2100-Jan-29 19:00:00 (7.9%)
  2100-Feb-09 13:00:00 (10.8%)
  2100-Feb-20 07:00:00 (13.8%)
  2100-Mar-03 01:00:00 (16.7%)
  2100-Mar-13 19:00:00 (19.7%)
  2100-Mar-24 13:00:00 (22.6%)
  2100-Apr-04 07:00:00 (25.6%)
  2100-Apr-15 02:00:00 (28.5%)
  2100-Apr-25 20:00:00 (31.5%)
  2100-May-06 14:00:00 (34.4%)
  2100-May-17 08:00:00 (37.4%)
  2100-May-28 03:00:00 (40.3%)
  2100-Jun-07 20:00:00 (43.2%)
  2100-Jun-18 15:00:00 (46.2%)
  2100-Jun-29 08:00:00 (49.1%)
  2100-Jul-10 03:00:00 (52.1%)
  2100-Jul-20 21:00:00 (55%)
  2100-Jul-31 15:00:00 (58%)
  2100-Aug-11 09:00:00 (60.9%)
  2100-Aug-22 04:00:00 (63.9%)
  2100-Sep-01 22:00:00 (66.8%)
  2100-Sep-12 16:00:00 (69.8%)
  2100-Sep-23 11:00:00 (72.7%)
  2100-Oct-04 05:00:00 (75.7%)
  2100-Oct-14 23:00:00 (78.6%)
  2100-Oct-25 17:00:00 (81.6%)
  2100-Nov-05 12:00:00 (84.5%)
  2100-Nov-16 05:00:00 (87.5%)
  2100-Nov-27 00:00:00 (90.4%)
  2100-Dec-07 18:00:00 (93.4%)
  2100-Dec-18 12:00:00 (96.3%)
  2100-Dec-29 06:00:00 (99.2%)
  2100-Dec-31 23:00:00 (100%)
Finished Program: 2014-Nov-15 11:51:49.251797
Elapsed Time: 00:01:06.395357
