instance.yaml
kiva v0.2.0-20-g4c7c200
Copyright (C) 2012-2014 Big Ladder Software
Web: www.bigladdersoftware.com

Starting Program: 2014-Nov-17 14:11:21.179374
Creating Domain...
  X Cells: 123
  Y Cells: 1
  Z Cells: 127
  Total Cells: 15621
Initializing Temperatures...
  2099-Jan-03 01:00:00
  2099-Jan-20 01:00:00
  2099-Feb-06 01:00:00
  2099-Feb-23 02:00:00
  2099-Mar-12 02:00:00
  2099-Mar-29 02:00:00
  2099-Apr-15 03:00:00
  2099-May-02 04:00:00
  2099-May-19 04:00:00
  2099-Jun-05 05:00:00
  2099-Jun-22 05:00:00
  2099-Jul-09 06:00:00
  2099-Jul-26 06:00:00
  2099-Aug-12 07:00:00
  2099-Aug-29 08:00:00
  2099-Sep-15 08:00:00
  2099-Oct-02 09:00:00
  2099-Oct-19 10:00:00
  2099-Nov-05 10:00:00
  2099-Nov-22 11:00:00
  2099-Dec-09 12:00:00
  2099-Dec-26 12:00:00
Beginning Simulation...
  2100-Jan-11 17:00:00 (2.9%)
  2100-Jan-27 12:00:00 (7.3%)
  2100-Feb-12 07:00:00 (11.6%)
  2100-Feb-28 02:00:00 (15.9%)
  2100-Mar-15 21:00:00 (20.2%)
  2100-Mar-31 16:00:00 (24.6%)
  2100-Apr-16 12:00:00 (28.9%)
  2100-May-02 07:00:00 (33.2%)
  2100-May-18 03:00:00 (37.6%)
  2100-Jun-02 22:00:00 (41.9%)
  2100-Jun-18 17:00:00 (46.2%)
  2100-Jul-04 12:00:00 (50.5%)
  2100-Jul-20 08:00:00 (54.9%)
  2100-Aug-05 03:00:00 (59.2%)
  2100-Aug-20 22:00:00 (63.5%)
  2100-Sep-05 17:00:00 (67.9%)
  2100-Sep-21 13:00:00 (72.2%)
  2100-Oct-07 09:00:00 (76.5%)
  2100-Oct-23 05:00:00 (80.9%)
  2100-Nov-08 00:00:00 (85.2%)
  2100-Nov-23 19:00:00 (89.5%)
  2100-Dec-09 14:00:00 (93.9%)
  2100-Dec-25 09:00:00 (98.2%)
  2100-Dec-31 23:00:00 (100%)
Finished Program: 2014-Nov-17 14:12:06.417474
Elapsed Time: 00:00:45.238100
