instance.yaml
kiva v0.2.0-9-g526928a
Copyright (C) 2012-2014 Big Ladder Software
Web: www.bigladdersoftware.com

Starting Program: 2014-Oct-19 03:36:26.130029
Creating Domain...
  X Cells: 87
  Y Cells: 1
  Z Cells: 125
  Total Cells: 10875
Initializing Temperatures...
  2098-Dec-03 23:00:00
  2099-Jan-12 04:00:00
  2099-Feb-05 07:00:00
  2099-Mar-01 10:00:00
  2099-Mar-25 13:00:00
  2099-Apr-18 16:00:00
  2099-May-12 19:00:00
  2099-Jun-05 22:00:00
  2099-Jun-30 02:00:00
  2099-Jul-24 04:00:00
  2099-Aug-17 07:00:00
  2099-Sep-10 10:00:00
  2099-Oct-04 14:00:00
  2099-Oct-28 17:00:00
  2099-Nov-21 20:00:00
  2099-Dec-16 00:00:00
Beginning Simulation...
  2100-Jan-08 12:00:00 (2.1%)
  2100-Jan-30 17:00:00 (8.1%)
  2100-Feb-21 22:00:00 (14.2%)
  2100-Mar-16 03:00:00 (20.3%)
  2100-Apr-07 08:00:00 (26.4%)
  2100-Apr-29 13:00:00 (32.5%)
  2100-May-21 18:00:00 (38.6%)
  2100-Jun-12 23:00:00 (44.6%)
  2100-Jul-05 05:00:00 (50.7%)
  2100-Jul-27 10:00:00 (56.8%)
  2100-Aug-18 16:00:00 (62.9%)
  2100-Sep-09 21:00:00 (69%)
  2100-Oct-02 02:00:00 (75.1%)
  2100-Oct-24 08:00:00 (81.2%)
  2100-Nov-15 13:00:00 (87.3%)
  2100-Dec-07 18:00:00 (93.4%)
  2100-Dec-30 00:00:00 (99.5%)
  2100-Dec-31 23:00:00 (100%)
Finished Program: 2014-Oct-19 03:36:59.089834
Elapsed Time: 00:00:32.959805
