instance.yaml
kiva v0.2.0-21-g785bfe1
Copyright (C) 2012-2014 Big Ladder Software
Web: www.bigladdersoftware.com

Starting Program: 2014-Nov-18 11:10:25.737228
Creating Domain...
  X Cells: 182
  Y Cells: 1
  Z Cells: 125
  Total Cells: 22750
Initializing Temperatures...
  2098-Oct-01 23:00:00
  2099-Jan-04 11:00:00
  2099-Jan-15 09:00:00
  2099-Jan-26 06:00:00
  2099-Feb-06 04:00:00
  2099-Feb-17 02:00:00
  2099-Feb-27 23:00:00
  2099-Mar-10 21:00:00
  2099-Mar-21 19:00:00
  2099-Apr-01 17:00:00
  2099-Apr-12 14:00:00
  2099-Apr-23 12:00:00
  2099-May-04 10:00:00
  2099-May-15 08:00:00
  2099-May-26 06:00:00
  2099-Jun-06 04:00:00
  2099-Jun-17 02:00:00
  2099-Jun-28 00:00:00
  2099-Jul-08 22:00:00
  2099-Jul-19 20:00:00
  2099-Jul-30 17:00:00
  2099-Aug-10 15:00:00
  2099-Aug-21 13:00:00
  2099-Sep-01 11:00:00
  2099-Sep-12 09:00:00
  2099-Sep-23 07:00:00
  2099-Oct-04 05:00:00
  2099-Oct-15 03:00:00
  2099-Oct-26 01:00:00
  2099-Nov-05 23:00:00
  2099-Nov-16 21:00:00
  2099-Nov-27 19:00:00
  2099-Dec-08 17:00:00
  2099-Dec-19 15:00:00
  2099-Dec-30 13:00:00
Beginning Simulation...
  2100-Jan-09 18:00:00 (2.4%)
  2100-Jan-19 21:00:00 (5.2%)
  2100-Jan-30 00:00:00 (7.9%)
  2100-Feb-09 03:00:00 (10.7%)
  2100-Feb-19 06:00:00 (13.5%)
  2100-Mar-01 09:00:00 (16.3%)
  2100-Mar-11 12:00:00 (19%)
  2100-Mar-21 15:00:00 (21.8%)
  2100-Mar-31 18:00:00 (24.6%)
  2100-Apr-10 21:00:00 (27.4%)
  2100-Apr-21 00:00:00 (30.1%)
  2100-May-01 03:00:00 (32.9%)
  2100-May-11 06:00:00 (35.7%)
  2100-May-21 09:00:00 (38.5%)
  2100-May-31 12:00:00 (41.2%)
  2100-Jun-10 15:00:00 (44%)
  2100-Jun-20 18:00:00 (46.8%)
  2100-Jun-30 22:00:00 (49.6%)
  2100-Jul-11 01:00:00 (52.3%)
  2100-Jul-21 04:00:00 (55.1%)
  2100-Jul-31 07:00:00 (57.9%)
  2100-Aug-10 11:00:00 (60.7%)
  2100-Aug-20 14:00:00 (63.4%)
  2100-Aug-30 18:00:00 (66.2%)
  2100-Sep-09 21:00:00 (69%)
  2100-Sep-20 00:00:00 (71.8%)
  2100-Sep-30 03:00:00 (74.6%)
  2100-Oct-10 07:00:00 (77.3%)
  2100-Oct-20 10:00:00 (80.1%)
  2100-Oct-30 14:00:00 (82.9%)
  2100-Nov-09 17:00:00 (85.7%)
  2100-Nov-19 20:00:00 (88.4%)
  2100-Nov-29 21:00:00 (91.2%)
  2100-Dec-10 00:00:00 (94%)
  2100-Dec-20 03:00:00 (96.7%)
  2100-Dec-30 07:00:00 (99.5%)
  2100-Dec-31 23:00:00 (100%)
Finished Program: 2014-Nov-18 11:11:36.170547
Elapsed Time: 00:01:10.433319
