instance.yaml
kiva v0.2.0-22-gd89b213
Copyright (C) 2012-2014 Big Ladder Software
Web: www.bigladdersoftware.com

Starting Program: 2014-Nov-19 10:45:44.508552
Creating Domain...
  X Cells: 183
  Y Cells: 1
  Z Cells: 103
  Total Cells: 18849
Initializing Temperatures...
  2098-Oct-29 23:00:00
  2099-Jan-07 06:00:00
  2099-Jan-19 03:00:00
  2099-Jan-31 00:00:00
  2099-Feb-11 21:00:00
  2099-Feb-23 18:00:00
  2099-Mar-07 15:00:00
  2099-Mar-19 12:00:00
  2099-Mar-31 09:00:00
  2099-Apr-12 06:00:00
  2099-Apr-24 03:00:00
  2099-May-06 00:00:00
  2099-May-17 21:00:00
  2099-May-29 17:00:00
  2099-Jun-10 14:00:00
  2099-Jun-22 11:00:00
  2099-Jul-04 08:00:00
  2099-Jul-16 05:00:00
  2099-Jul-28 02:00:00
  2099-Aug-08 23:00:00
  2099-Aug-20 20:00:00
  2099-Sep-01 17:00:00
  2099-Sep-13 14:00:00
  2099-Sep-25 11:00:00
  2099-Oct-07 08:00:00
  2099-Oct-19 05:00:00
  2099-Oct-31 02:00:00
  2099-Nov-11 23:00:00
  2099-Nov-23 20:00:00
  2099-Dec-05 17:00:00
  2099-Dec-17 14:00:00
  2099-Dec-29 11:00:00
Beginning Simulation...
  2100-Jan-10 04:00:00 (2.5%)
  2100-Jan-21 20:00:00 (5.7%)
  2100-Feb-02 12:00:00 (8.9%)
  2100-Feb-14 03:00:00 (12.1%)
  2100-Feb-25 19:00:00 (15.3%)
  2100-Mar-09 11:00:00 (18.5%)
  2100-Mar-21 02:00:00 (21.7%)
  2100-Apr-01 18:00:00 (24.9%)
  2100-Apr-13 10:00:00 (28.1%)
  2100-Apr-25 02:00:00 (31.3%)
  2100-May-06 17:00:00 (34.4%)
  2100-May-18 09:00:00 (37.6%)
  2100-May-30 01:00:00 (40.8%)
  2100-Jun-10 17:00:00 (44%)
  2100-Jun-22 07:00:00 (47.2%)
  2100-Jul-03 23:00:00 (50.4%)
  2100-Jul-15 15:00:00 (53.6%)
  2100-Jul-27 06:00:00 (56.8%)
  2100-Aug-07 22:00:00 (60%)
  2100-Aug-19 14:00:00 (63.2%)
  2100-Aug-31 05:00:00 (66.4%)
  2100-Sep-11 21:00:00 (69.6%)
  2100-Sep-23 13:00:00 (72.8%)
  2100-Oct-05 04:00:00 (75.9%)
  2100-Oct-16 20:00:00 (79.1%)
  2100-Oct-28 12:00:00 (82.3%)
  2100-Nov-09 04:00:00 (85.5%)
  2100-Nov-20 20:00:00 (88.7%)
  2100-Dec-02 11:00:00 (91.9%)
  2100-Dec-14 03:00:00 (95.1%)
  2100-Dec-25 19:00:00 (98.3%)
  2100-Dec-31 23:00:00 (100%)
Finished Program: 2014-Nov-19 10:46:47.531286
Elapsed Time: 00:01:03.022734
