instance.yaml
kiva v0.2.0-21-g785bfe1
Copyright (C) 2012-2014 Big Ladder Software
Web: www.bigladdersoftware.com

Starting Program: 2014-Nov-18 11:09:23.743290
Creating Domain...
  X Cells: 184
  Y Cells: 1
  Z Cells: 103
  Total Cells: 18952
Initializing Temperatures...
  2098-Oct-01 23:00:00
  2099-Jan-04 17:00:00
  2099-Jan-16 09:00:00
  2099-Jan-28 02:00:00
  2099-Feb-08 18:00:00
  2099-Feb-20 11:00:00
  2099-Mar-04 03:00:00
  2099-Mar-15 19:00:00
  2099-Mar-27 12:00:00
  2099-Apr-08 04:00:00
  2099-Apr-19 21:00:00
  2099-May-01 13:00:00
  2099-May-13 06:00:00
  2099-May-24 23:00:00
  2099-Jun-05 15:00:00
  2099-Jun-17 08:00:00
  2099-Jun-29 00:00:00
  2099-Jul-10 17:00:00
  2099-Jul-22 09:00:00
  2099-Aug-03 01:00:00
  2099-Aug-14 18:00:00
  2099-Aug-26 10:00:00
  2099-Sep-07 03:00:00
  2099-Sep-18 19:00:00
  2099-Sep-30 12:00:00
  2099-Oct-12 04:00:00
  2099-Oct-23 21:00:00
  2099-Nov-04 13:00:00
  2099-Nov-16 06:00:00
  2099-Nov-27 23:00:00
  2099-Dec-09 15:00:00
  2099-Dec-21 08:00:00
Beginning Simulation...
  2100-Jan-02 00:00:00 (0.3%)
  2100-Jan-13 12:00:00 (3.4%)
  2100-Jan-25 00:00:00 (6.6%)
  2100-Feb-05 12:00:00 (9.7%)
  2100-Feb-16 23:00:00 (12.9%)
  2100-Feb-28 11:00:00 (16%)
  2100-Mar-11 23:00:00 (19.2%)
  2100-Mar-23 11:00:00 (22.3%)
  2100-Apr-03 23:00:00 (25.5%)
  2100-Apr-15 11:00:00 (28.6%)
  2100-Apr-26 23:00:00 (31.8%)
  2100-May-08 11:00:00 (34.9%)
  2100-May-19 23:00:00 (38.1%)
  2100-May-31 11:00:00 (41.2%)
  2100-Jun-11 23:00:00 (44.4%)
  2100-Jun-23 11:00:00 (47.5%)
  2100-Jul-04 23:00:00 (50.7%)
  2100-Jul-16 11:00:00 (53.8%)
  2100-Jul-27 23:00:00 (57%)
  2100-Aug-08 11:00:00 (60.1%)
  2100-Aug-19 23:00:00 (63.3%)
  2100-Aug-31 11:00:00 (66.4%)
  2100-Sep-11 23:00:00 (69.6%)
  2100-Sep-23 11:00:00 (72.7%)
  2100-Oct-04 23:00:00 (75.9%)
  2100-Oct-16 11:00:00 (79%)
  2100-Oct-27 23:00:00 (82.2%)
  2100-Nov-08 11:00:00 (85.3%)
  2100-Nov-19 23:00:00 (88.5%)
  2100-Dec-01 11:00:00 (91.6%)
  2100-Dec-12 23:00:00 (94.8%)
  2100-Dec-24 11:00:00 (97.9%)
  2100-Dec-31 23:00:00 (100%)
Finished Program: 2014-Nov-18 11:10:27.651617
Elapsed Time: 00:01:03.908327
