instance.yaml
kiva v0.2.0-19-ge248292
Copyright (C) 2012-2014 Big Ladder Software
Web: www.bigladdersoftware.com

Starting Program: 2014-Nov-17 08:44:14.152733
Creating Domain...
  X Cells: 64
  Y Cells: 1
  Z Cells: 133
  Total Cells: 8512
Initializing Temperatures...
  2099-Jan-06 14:00:00
  2099-Feb-01 15:00:00
  2099-Feb-27 16:00:00
  2099-Mar-25 17:00:00
  2099-Apr-20 18:00:00
  2099-May-16 19:00:00
  2099-Jun-11 19:00:00
  2099-Jul-07 19:00:00
  2099-Aug-02 20:00:00
  2099-Aug-28 21:00:00
  2099-Sep-23 22:00:00
  2099-Oct-19 23:00:00
  2099-Nov-15 01:00:00
  2099-Dec-11 03:00:00
Beginning Simulation...
  2100-Jan-05 14:00:00 (1.3%)
  2100-Jan-28 12:00:00 (7.5%)
  2100-Feb-20 11:00:00 (13.8%)
  2100-Mar-15 10:00:00 (20.1%)
  2100-Apr-07 09:00:00 (26.4%)
  2100-Apr-30 08:00:00 (32.7%)
  2100-May-23 07:00:00 (39%)
  2100-Jun-15 05:00:00 (45.3%)
  2100-Jul-08 02:00:00 (51.5%)
  2100-Jul-31 01:00:00 (57.8%)
  2100-Aug-23 00:00:00 (64.1%)
  2100-Sep-14 22:00:00 (70.4%)
  2100-Oct-07 21:00:00 (76.7%)
  2100-Oct-30 21:00:00 (83%)
  2100-Nov-22 20:00:00 (89.3%)
  2100-Dec-15 19:00:00 (95.6%)
  2100-Dec-31 23:00:00 (100%)
Finished Program: 2014-Nov-17 08:44:44.705200
Elapsed Time: 00:00:30.552467
