instance.yaml
kiva v0.2.0-21-g785bfe1
Copyright (C) 2012-2014 Big Ladder Software
Web: www.bigladdersoftware.com

Starting Program: 2014-Nov-18 11:22:24.944922
Creating Domain...
  X Cells: 92
  Y Cells: 1
  Z Cells: 103
  Total Cells: 9476
Initializing Temperatures...
  2099-Jan-12 08:00:00
  2099-Feb-06 05:00:00
  2099-Mar-03 03:00:00
  2099-Mar-28 00:00:00
  2099-Apr-21 22:00:00
  2099-May-16 20:00:00
  2099-Jun-10 17:00:00
  2099-Jul-05 15:00:00
  2099-Jul-30 13:00:00
  2099-Aug-24 10:00:00
  2099-Sep-18 07:00:00
  2099-Oct-13 05:00:00
  2099-Nov-07 03:00:00
  2099-Dec-02 01:00:00
  2099-Dec-26 22:00:00
Beginning Simulation...
  2100-Jan-20 09:00:00 (5.3%)
  2100-Feb-13 16:00:00 (12%)
  2100-Mar-10 00:00:00 (18.6%)
  2100-Apr-03 07:00:00 (25.3%)
  2100-Apr-27 14:00:00 (31.9%)
  2100-May-21 21:00:00 (38.6%)
  2100-Jun-15 05:00:00 (45.3%)
  2100-Jul-09 13:00:00 (51.9%)
  2100-Aug-02 20:00:00 (58.6%)
  2100-Aug-27 04:00:00 (65.3%)
  2100-Sep-20 12:00:00 (71.9%)
  2100-Oct-14 20:00:00 (78.6%)
  2100-Nov-08 04:00:00 (85.3%)
  2100-Dec-02 11:00:00 (91.9%)
  2100-Dec-26 19:00:00 (98.6%)
  2100-Dec-31 23:00:00 (100%)
Finished Program: 2014-Nov-18 11:22:55.213669
Elapsed Time: 00:00:30.268747
