instance.yaml
kiva v0.2.0-21-g785bfe1
Copyright (C) 2012-2014 Big Ladder Software
Web: www.bigladdersoftware.com

Starting Program: 2014-Nov-18 11:08:24.774510
Creating Domain...
  X Cells: 228
  Y Cells: 1
  Z Cells: 103
  Total Cells: 23484
Initializing Temperatures...
  2098-Oct-01 23:00:00
  2099-Jan-02 13:00:00
  2099-Jan-12 18:00:00
  2099-Jan-23 00:00:00
  2099-Feb-02 05:00:00
  2099-Feb-12 11:00:00
  2099-Feb-22 16:00:00
  2099-Mar-04 22:00:00
  2099-Mar-15 03:00:00
  2099-Mar-25 09:00:00
  2099-Apr-04 15:00:00
  2099-Apr-14 20:00:00
  2099-Apr-25 02:00:00
  2099-May-05 07:00:00
  2099-May-15 13:00:00
  2099-May-25 19:00:00
  2099-Jun-05 00:00:00
  2099-Jun-15 06:00:00
  2099-Jun-25 12:00:00
  2099-Jul-05 17:00:00
  2099-Jul-15 23:00:00
  2099-Jul-26 04:00:00
  2099-Aug-05 10:00:00
  2099-Aug-15 16:00:00
  2099-Aug-25 21:00:00
  2099-Sep-05 03:00:00
  2099-Sep-15 08:00:00
  2099-Sep-25 14:00:00
  2099-Oct-05 20:00:00
  2099-Oct-16 01:00:00
  2099-Oct-26 07:00:00
  2099-Nov-05 13:00:00
  2099-Nov-15 18:00:00
  2099-Nov-26 00:00:00
  2099-Dec-06 06:00:00
  2099-Dec-16 11:00:00
  2099-Dec-26 17:00:00
Beginning Simulation...
  2100-Jan-05 20:00:00 (1.3%)
  2100-Jan-15 20:00:00 (4.1%)
  2100-Jan-25 21:00:00 (6.8%)
  2100-Feb-04 21:00:00 (9.6%)
  2100-Feb-14 22:00:00 (12.3%)
  2100-Feb-24 22:00:00 (15%)
  2100-Mar-06 23:00:00 (17.8%)
  2100-Mar-16 23:00:00 (20.5%)
  2100-Mar-26 23:00:00 (23.3%)
  2100-Apr-06 00:00:00 (26%)
  2100-Apr-16 01:00:00 (28.8%)
  2100-Apr-26 01:00:00 (31.5%)
  2100-May-06 02:00:00 (34.3%)
  2100-May-16 02:00:00 (37%)
  2100-May-26 03:00:00 (39.8%)
  2100-Jun-05 04:00:00 (42.5%)
  2100-Jun-15 04:00:00 (45.3%)
  2100-Jun-25 05:00:00 (48%)
  2100-Jul-05 06:00:00 (50.8%)
  2100-Jul-15 06:00:00 (53.5%)
  2100-Jul-25 07:00:00 (56.2%)
  2100-Aug-04 07:00:00 (59%)
  2100-Aug-14 08:00:00 (61.7%)
  2100-Aug-24 09:00:00 (64.5%)
  2100-Sep-03 09:00:00 (67.2%)
  2100-Sep-13 10:00:00 (70%)
  2100-Sep-23 10:00:00 (72.7%)
  2100-Oct-03 11:00:00 (75.5%)
  2100-Oct-13 11:00:00 (78.2%)
  2100-Oct-23 12:00:00 (81%)
  2100-Nov-02 13:00:00 (83.7%)
  2100-Nov-12 12:00:00 (86.4%)
  2100-Nov-22 13:00:00 (89.2%)
  2100-Dec-02 13:00:00 (91.9%)
  2100-Dec-12 14:00:00 (94.7%)
  2100-Dec-22 14:00:00 (97.4%)
  2100-Dec-31 23:00:00 (100%)
Finished Program: 2014-Nov-18 11:09:37.935704
Elapsed Time: 00:01:13.161194
