instance.yaml
kiva v0.2.0-9-g526928a
Copyright (C) 2012-2014 Big Ladder Software
Web: www.bigladdersoftware.com

Starting Program: 2014-Oct-24 00:12:01.590575
Creating Domain...
  X Cells: 98
  Y Cells: 1
  Z Cells: 103
  Total Cells: 10094
Initializing Temperatures...
  2098-Oct-01 23:00:00
  2099-Jan-02 20:00:00
  2099-Jan-25 03:00:00
  2099-Feb-19 19:00:00
  2099-Mar-17 11:00:00
  2099-Apr-12 03:00:00
  2099-May-07 19:00:00
  2099-Jun-02 11:00:00
  2099-Jun-28 03:00:00
  2099-Jul-23 19:00:00
  2099-Aug-18 11:00:00
  2099-Sep-13 03:00:00
  2099-Oct-08 20:00:00
  2099-Nov-03 12:00:00
  2099-Nov-29 04:00:00
  2099-Dec-24 21:00:00
Beginning Simulation...
  2100-Jan-19 03:00:00 (5%)
  2100-Feb-13 06:00:00 (11.8%)
  2100-Mar-10 08:00:00 (18.7%)
  2100-Apr-04 11:00:00 (25.6%)
  2100-Apr-29 14:00:00 (32.5%)
  2100-May-24 16:00:00 (39.4%)
  2100-Jun-18 19:00:00 (46.2%)
  2100-Jul-13 22:00:00 (53.1%)
  2100-Aug-08 00:00:00 (60%)
  2100-Sep-02 03:00:00 (66.9%)
  2100-Sep-27 06:00:00 (73.8%)
  2100-Oct-22 09:00:00 (80.7%)
  2100-Nov-16 11:00:00 (87.5%)
  2100-Dec-11 13:00:00 (94.4%)
  2100-Dec-31 23:00:00 (100%)
Finished Program: 2014-Oct-24 00:12:31.814100
Elapsed Time: 00:00:30.223525
