instance.yaml
kiva v0.2.0-19-ge248292
Copyright (C) 2012-2014 Big Ladder Software
Web: www.bigladdersoftware.com

Starting Program: 2014-Nov-17 08:40:16.191091
Creating Domain...
  X Cells: 94
  Y Cells: 1
  Z Cells: 96
  Total Cells: 9024
Initializing Temperatures...
  2099-Jan-08 06:00:00
  2099-Jan-31 10:00:00
  2099-Feb-23 14:00:00
  2099-Mar-18 18:00:00
  2099-Apr-10 23:00:00
  2099-May-04 03:00:00
  2099-May-27 07:00:00
  2099-Jun-19 12:00:00
  2099-Jul-12 16:00:00
  2099-Aug-04 20:00:00
  2099-Aug-28 00:00:00
  2099-Sep-20 04:00:00
  2099-Oct-13 08:00:00
  2099-Nov-05 12:00:00
  2099-Nov-28 17:00:00
  2099-Dec-21 21:00:00
Beginning Simulation...
  2100-Jan-13 22:00:00 (3.5%)
  2100-Feb-05 20:00:00 (9.8%)
  2100-Feb-28 18:00:00 (16.1%)
  2100-Mar-23 16:00:00 (22.4%)
  2100-Apr-15 15:00:00 (28.7%)
  2100-May-08 13:00:00 (34.9%)
  2100-May-31 12:00:00 (41.2%)
  2100-Jun-23 10:00:00 (47.5%)
  2100-Jul-16 09:00:00 (53.8%)
  2100-Aug-08 07:00:00 (60.1%)
  2100-Aug-31 05:00:00 (66.4%)
  2100-Sep-23 03:00:00 (72.6%)
  2100-Oct-16 02:00:00 (78.9%)
  2100-Nov-08 01:00:00 (85.2%)
  2100-Nov-30 23:00:00 (91.5%)
  2100-Dec-23 21:00:00 (97.8%)
  2100-Dec-31 23:00:00 (100%)
Finished Program: 2014-Nov-17 08:40:48.352398
Elapsed Time: 00:00:32.161307
