instance.yaml
kiva v0.2.0-21-g785bfe1
Copyright (C) 2012-2014 Big Ladder Software
Web: www.bigladdersoftware.com

Starting Program: 2014-Nov-18 11:22:27.016508
Creating Domain...
  X Cells: 86
  Y Cells: 1
  Z Cells: 96
  Total Cells: 8256
Initializing Temperatures...
  2099-Jan-15 01:00:00
  2099-Feb-12 03:00:00
  2099-Mar-12 03:00:00
  2099-Apr-09 04:00:00
  2099-May-07 05:00:00
  2099-Jun-04 06:00:00
  2099-Jul-02 07:00:00
  2099-Jul-30 08:00:00
  2099-Aug-27 08:00:00
  2099-Sep-24 09:00:00
  2099-Oct-22 10:00:00
  2099-Nov-19 12:00:00
  2099-Dec-17 13:00:00
Beginning Simulation...
  2100-Jan-14 06:00:00 (3.6%)
  2100-Feb-10 12:00:00 (11.1%)
  2100-Mar-09 18:00:00 (18.6%)
  2100-Apr-06 01:00:00 (26%)
  2100-May-03 07:00:00 (33.5%)
  2100-May-30 14:00:00 (41%)
  2100-Jun-26 21:00:00 (48.5%)
  2100-Jul-24 04:00:00 (55.9%)
  2100-Aug-20 10:00:00 (63.4%)
  2100-Sep-16 16:00:00 (70.9%)
  2100-Oct-13 23:00:00 (78.3%)
  2100-Nov-10 06:00:00 (85.8%)
  2100-Dec-07 12:00:00 (93.3%)
  2100-Dec-31 23:00:00 (100%)
Finished Program: 2014-Nov-18 11:22:53.896734
Elapsed Time: 00:00:26.880226
