instance.yaml
kiva v0.2.0-21-g785bfe1
Copyright (C) 2012-2014 Big Ladder Software
Web: www.bigladdersoftware.com

Starting Program: 2014-Nov-18 11:03:26.683488
Creating Domain...
  X Cells: 173
  Y Cells: 1
  Z Cells: 158
  Total Cells: 27334
Initializing Temperatures...
  2098-Oct-01 23:00:00
  2099-Jan-02 12:00:00
  2099-Jan-10 03:00:00
  2099-Jan-17 19:00:00
  2099-Jan-25 11:00:00
  2099-Feb-02 03:00:00
  2099-Feb-09 18:00:00
  2099-Feb-17 10:00:00
  2099-Feb-25 02:00:00
  2099-Mar-04 18:00:00
  2099-Mar-12 10:00:00
  2099-Mar-20 01:00:00
  2099-Mar-27 17:00:00
  2099-Apr-04 09:00:00
  2099-Apr-12 01:00:00
  2099-Apr-19 17:00:00
  2099-Apr-27 08:00:00
  2099-May-05 01:00:00
  2099-May-12 17:00:00
  2099-May-20 09:00:00
  2099-May-28 01:00:00
  2099-Jun-04 17:00:00
  2099-Jun-12 09:00:00
  2099-Jun-20 01:00:00
  2099-Jun-27 17:00:00
  2099-Jul-05 09:00:00
  2099-Jul-13 01:00:00
  2099-Jul-20 17:00:00
  2099-Jul-28 09:00:00
  2099-Aug-05 01:00:00
  2099-Aug-12 17:00:00
  2099-Aug-20 09:00:00
  2099-Aug-28 01:00:00
  2099-Sep-04 17:00:00
  2099-Sep-12 09:00:00
  2099-Sep-20 01:00:00
  2099-Sep-27 17:00:00
  2099-Oct-05 09:00:00
  2099-Oct-13 02:00:00
  2099-Oct-20 18:00:00
  2099-Oct-28 10:00:00
  2099-Nov-05 02:00:00
  2099-Nov-12 18:00:00
  2099-Nov-20 10:00:00
  2099-Nov-28 02:00:00
  2099-Dec-05 18:00:00
  2099-Dec-13 10:00:00
  2099-Dec-21 01:00:00
  2099-Dec-28 17:00:00
Beginning Simulation...
  2100-Jan-05 00:00:00 (1.1%)
  2100-Jan-12 02:00:00 (3%)
  2100-Jan-19 03:00:00 (5%)
  2100-Jan-26 05:00:00 (6.9%)
  2100-Feb-02 06:00:00 (8.8%)
  2100-Feb-09 07:00:00 (10.8%)
  2100-Feb-16 09:00:00 (12.7%)
  2100-Feb-23 10:00:00 (14.6%)
  2100-Mar-02 11:00:00 (16.6%)
  2100-Mar-09 13:00:00 (18.5%)
  2100-Mar-16 14:00:00 (20.4%)
  2100-Mar-23 15:00:00 (22.4%)
  2100-Mar-30 16:00:00 (24.3%)
  2100-Apr-06 17:00:00 (26.2%)
  2100-Apr-13 19:00:00 (28.2%)
  2100-Apr-20 20:00:00 (30.1%)
  2100-Apr-27 22:00:00 (32%)
  2100-May-04 23:00:00 (34%)
  2100-May-12 01:00:00 (35.9%)
  2100-May-19 02:00:00 (37.8%)
  2100-May-26 04:00:00 (39.8%)
  2100-Jun-02 05:00:00 (41.7%)
  2100-Jun-09 07:00:00 (43.6%)
  2100-Jun-16 08:00:00 (45.6%)
  2100-Jun-23 10:00:00 (47.5%)
  2100-Jun-30 11:00:00 (49.4%)
  2100-Jul-07 13:00:00 (51.4%)
  2100-Jul-14 14:00:00 (53.3%)
  2100-Jul-21 16:00:00 (55.3%)
  2100-Jul-28 17:00:00 (57.2%)
  2100-Aug-04 19:00:00 (59.1%)
  2100-Aug-11 20:00:00 (61.1%)
  2100-Aug-18 22:00:00 (63%)
  2100-Aug-25 22:00:00 (64.9%)
  2100-Sep-01 23:00:00 (66.8%)
  2100-Sep-09 01:00:00 (68.8%)
  2100-Sep-16 03:00:00 (70.7%)
  2100-Sep-23 04:00:00 (72.6%)
  2100-Sep-30 06:00:00 (74.6%)
  2100-Oct-07 07:00:00 (76.5%)
  2100-Oct-14 09:00:00 (78.5%)
  2100-Oct-21 10:00:00 (80.4%)
  2100-Oct-28 12:00:00 (82.3%)
  2100-Nov-04 12:00:00 (84.2%)
  2100-Nov-11 14:00:00 (86.2%)
  2100-Nov-18 15:00:00 (88.1%)
  2100-Nov-25 16:00:00 (90%)
  2100-Dec-02 17:00:00 (92%)
  2100-Dec-09 18:00:00 (93.9%)
  2100-Dec-16 20:00:00 (95.8%)
  2100-Dec-23 21:00:00 (97.8%)
  2100-Dec-30 22:00:00 (99.7%)
  2100-Dec-31 23:00:00 (100%)
Finished Program: 2014-Nov-18 11:05:07.148846
Elapsed Time: 00:01:40.465358
