instance.yaml
kiva v0.2.0-21-g785bfe1
Copyright (C) 2012-2014 Big Ladder Software
Web: www.bigladdersoftware.com

Starting Program: 2014-Nov-18 11:19:25.862162
Creating Domain...
  X Cells: 84
  Y Cells: 1
  Z Cells: 133
  Total Cells: 11172
Initializing Temperatures...
  2099-Jan-12 01:00:00
  2099-Feb-01 16:00:00
  2099-Feb-22 06:00:00
  2099-Mar-14 21:00:00
  2099-Apr-04 11:00:00
  2099-Apr-25 02:00:00
  2099-May-15 16:00:00
  2099-Jun-05 07:00:00
  2099-Jun-25 21:00:00
  2099-Jul-16 12:00:00
  2099-Aug-06 02:00:00
  2099-Aug-26 17:00:00
  2099-Sep-16 07:00:00
  2099-Oct-06 22:00:00
  2099-Oct-27 13:00:00
  2099-Nov-17 04:00:00
  2099-Dec-07 18:00:00
  2099-Dec-28 08:00:00
Beginning Simulation...
  2100-Jan-16 12:00:00 (4.2%)
  2100-Feb-04 09:00:00 (9.4%)
  2100-Feb-23 05:00:00 (14.6%)
  2100-Mar-14 02:00:00 (19.7%)
  2100-Apr-01 22:00:00 (24.9%)
  2100-Apr-20 19:00:00 (30.1%)
  2100-May-09 16:00:00 (35.3%)
  2100-May-28 12:00:00 (40.4%)
  2100-Jun-16 09:00:00 (45.6%)
  2100-Jul-05 06:00:00 (50.8%)
  2100-Jul-24 03:00:00 (55.9%)
  2100-Aug-12 00:00:00 (61.1%)
  2100-Aug-30 22:00:00 (66.3%)
  2100-Sep-18 15:00:00 (71.4%)
  2100-Oct-07 12:00:00 (76.6%)
  2100-Oct-26 09:00:00 (81.7%)
  2100-Nov-14 06:00:00 (86.9%)
  2100-Dec-03 03:00:00 (92.1%)
  2100-Dec-22 00:00:00 (97.3%)
  2100-Dec-31 23:00:00 (100%)
Finished Program: 2014-Nov-18 11:20:03.529216
Elapsed Time: 00:00:37.667054
