instance.yaml
kiva v0.2.0-21-g785bfe1
Copyright (C) 2012-2014 Big Ladder Software
Web: www.bigladdersoftware.com

Starting Program: 2014-Nov-18 11:18:27.594468
Creating Domain...
  X Cells: 186
  Y Cells: 1
  Z Cells: 93
  Total Cells: 17298
Initializing Temperatures...
  2098-Oct-29 23:00:00
  2099-Jan-09 09:00:00
  2099-Jan-22 07:00:00
  2099-Feb-04 05:00:00
  2099-Feb-17 03:00:00
  2099-Mar-02 01:00:00
  2099-Mar-15 00:00:00
  2099-Mar-27 22:00:00
  2099-Apr-09 20:00:00
  2099-Apr-22 18:00:00
  2099-May-05 16:00:00
  2099-May-18 15:00:00
  2099-May-31 13:00:00
  2099-Jun-13 11:00:00
  2099-Jun-26 10:00:00
  2099-Jul-09 08:00:00
  2099-Jul-22 06:00:00
  2099-Aug-04 04:00:00
  2099-Aug-17 02:00:00
  2099-Aug-30 01:00:00
  2099-Sep-11 23:00:00
  2099-Sep-24 21:00:00
  2099-Oct-07 19:00:00
  2099-Oct-20 17:00:00
  2099-Nov-02 15:00:00
  2099-Nov-15 14:00:00
  2099-Nov-28 12:00:00
  2099-Dec-11 10:00:00
  2099-Dec-24 09:00:00
Beginning Simulation...
  2100-Jan-06 04:00:00 (1.4%)
  2100-Jan-18 19:00:00 (4.9%)
  2100-Jan-31 10:00:00 (8.3%)
  2100-Feb-13 02:00:00 (11.8%)
  2100-Feb-25 18:00:00 (15.3%)
  2100-Mar-10 10:00:00 (18.7%)
  2100-Mar-23 02:00:00 (22.2%)
  2100-Apr-04 18:00:00 (25.7%)
  2100-Apr-17 10:00:00 (29.2%)
  2100-Apr-30 02:00:00 (32.6%)
  2100-May-12 18:00:00 (36.1%)
  2100-May-25 10:00:00 (39.6%)
  2100-Jun-07 03:00:00 (43%)
  2100-Jun-19 19:00:00 (46.5%)
  2100-Jul-02 11:00:00 (50%)
  2100-Jul-15 03:00:00 (53.5%)
  2100-Jul-27 19:00:00 (56.9%)
  2100-Aug-09 11:00:00 (60.4%)
  2100-Aug-22 04:00:00 (63.9%)
  2100-Sep-03 20:00:00 (67.4%)
  2100-Sep-16 12:00:00 (70.8%)
  2100-Sep-29 04:00:00 (74.3%)
  2100-Oct-11 21:00:00 (77.8%)
  2100-Oct-24 13:00:00 (81.2%)
  2100-Nov-06 05:00:00 (84.7%)
  2100-Nov-18 21:00:00 (88.2%)
  2100-Dec-01 13:00:00 (91.7%)
  2100-Dec-14 05:00:00 (95.1%)
  2100-Dec-26 21:00:00 (98.6%)
  2100-Dec-31 23:00:00 (100%)
Finished Program: 2014-Nov-18 11:19:25.402153
Elapsed Time: 00:00:57.807685
