instance.yaml
kiva v0.2.0-9-g526928a
Copyright (C) 2012-2014 Big Ladder Software
Web: www.bigladdersoftware.com

Starting Program: 2014-Oct-26 15:40:20.006769
Creating Domain...
  X Cells: 89
  Y Cells: 1
  Z Cells: 133
  Total Cells: 11837
Initializing Temperatures...
  2098-Dec-17 23:00:00
  2099-Jan-15 17:00:00
  2099-Feb-07 15:00:00
  2099-Mar-02 14:00:00
  2099-Mar-25 13:00:00
  2099-Apr-17 11:00:00
  2099-May-10 10:00:00
  2099-Jun-02 09:00:00
  2099-Jun-25 08:00:00
  2099-Jul-18 06:00:00
  2099-Aug-10 04:00:00
  2099-Sep-02 02:00:00
  2099-Sep-25 01:00:00
  2099-Oct-18 00:00:00
  2099-Nov-09 22:00:00
  2099-Dec-02 21:00:00
  2099-Dec-25 20:00:00
Beginning Simulation...
  2100-Jan-16 10:00:00 (4.2%)
  2100-Feb-06 12:00:00 (10%)
  2100-Feb-27 14:00:00 (15.8%)
  2100-Mar-20 15:00:00 (21.5%)
  2100-Apr-10 17:00:00 (27.3%)
  2100-May-01 19:00:00 (33.1%)
  2100-May-22 21:00:00 (38.9%)
  2100-Jun-12 23:00:00 (44.6%)
  2100-Jul-04 00:00:00 (50.4%)
  2100-Jul-25 01:00:00 (56.2%)
  2100-Aug-15 03:00:00 (62%)
  2100-Sep-05 05:00:00 (67.7%)
  2100-Sep-26 08:00:00 (73.5%)
  2100-Oct-17 12:00:00 (79.3%)
  2100-Nov-07 16:00:00 (85.1%)
  2100-Nov-28 15:00:00 (90.9%)
  2100-Dec-19 19:00:00 (96.7%)
  2100-Dec-31 23:00:00 (100%)
Finished Program: 2014-Oct-26 15:40:54.576334
Elapsed Time: 00:00:34.569565
