instance.yaml
kiva v0.2.0-19-ge248292
Copyright (C) 2012-2014 Big Ladder Software
Web: www.bigladdersoftware.com

Starting Program: 2014-Nov-17 08:39:17.681488
Creating Domain...
  X Cells: 64
  Y Cells: 1
  Z Cells: 133
  Total Cells: 8512
Initializing Temperatures...
  2098-Oct-22 23:00:00
  2099-Jan-19 22:00:00
  2099-Feb-14 08:00:00
  2099-Mar-11 18:00:00
  2099-Apr-06 05:00:00
  2099-May-01 16:00:00
  2099-May-27 02:00:00
  2099-Jun-21 11:00:00
  2099-Jul-16 21:00:00
  2099-Aug-11 08:00:00
  2099-Sep-05 18:00:00
  2099-Oct-01 05:00:00
  2099-Oct-26 16:00:00
  2099-Nov-21 03:00:00
  2099-Dec-16 14:00:00
Beginning Simulation...
  2100-Jan-09 21:00:00 (2.4%)
  2100-Feb-01 09:00:00 (8.6%)
  2100-Feb-23 21:00:00 (14.8%)
  2100-Mar-18 09:00:00 (20.9%)
  2100-Apr-09 21:00:00 (27.1%)
  2100-May-02 09:00:00 (33.3%)
  2100-May-24 22:00:00 (39.4%)
  2100-Jun-16 08:00:00 (45.6%)
  2100-Jul-08 18:00:00 (51.7%)
  2100-Jul-31 06:00:00 (57.9%)
  2100-Aug-22 18:00:00 (64%)
  2100-Sep-14 05:00:00 (70.2%)
  2100-Oct-06 17:00:00 (76.4%)
  2100-Oct-29 06:00:00 (82.5%)
  2100-Nov-20 18:00:00 (88.7%)
  2100-Dec-13 06:00:00 (94.9%)
  2100-Dec-31 23:00:00 (100%)
Finished Program: 2014-Nov-17 08:39:48.831797
Elapsed Time: 00:00:31.150309
