instance.yaml
kiva v0.2.0-21-g785bfe1
Copyright (C) 2012-2014 Big Ladder Software
Web: www.bigladdersoftware.com

Starting Program: 2014-Nov-18 11:21:25.576175
Creating Domain...
  X Cells: 86
  Y Cells: 1
  Z Cells: 113
  Total Cells: 9718
Initializing Temperatures...
  2098-Dec-10 23:00:00
  2099-Jan-21 21:00:00
  2099-Feb-13 18:00:00
  2099-Mar-08 15:00:00
  2099-Mar-31 12:00:00
  2099-Apr-23 09:00:00
  2099-May-16 06:00:00
  2099-Jun-08 03:00:00
  2099-Jul-01 00:00:00
  2099-Jul-23 21:00:00
  2099-Aug-15 18:00:00
  2099-Sep-07 15:00:00
  2099-Sep-30 12:00:00
  2099-Oct-23 09:00:00
  2099-Nov-15 06:00:00
  2099-Dec-08 03:00:00
  2099-Dec-31 00:00:00
Beginning Simulation...
  2100-Jan-22 10:00:00 (5.9%)
  2100-Feb-13 18:00:00 (12%)
  2100-Mar-08 03:00:00 (18.1%)
  2100-Mar-30 12:00:00 (24.2%)
  2100-Apr-21 21:00:00 (30.4%)
  2100-May-14 06:00:00 (36.5%)
  2100-Jun-05 15:00:00 (42.6%)
  2100-Jun-28 01:00:00 (48.8%)
  2100-Jul-20 10:00:00 (54.9%)
  2100-Aug-11 19:00:00 (61%)
  2100-Sep-03 04:00:00 (67.2%)
  2100-Sep-25 13:00:00 (73.3%)
  2100-Oct-17 23:00:00 (79.4%)
  2100-Nov-09 08:00:00 (85.6%)
  2100-Dec-01 13:00:00 (91.7%)
  2100-Dec-23 22:00:00 (97.8%)
  2100-Dec-31 23:00:00 (100%)
Finished Program: 2014-Nov-18 11:21:58.361911
Elapsed Time: 00:00:32.785736
