instance.yaml
kiva v0.2.0-21-g785bfe1
Copyright (C) 2012-2014 Big Ladder Software
Web: www.bigladdersoftware.com

Starting Program: 2014-Nov-18 11:27:28.122141
Creating Domain...
  X Cells: 99
  Y Cells: 1
  Z Cells: 125
  Total Cells: 12375
Initializing Temperatures...
  2099-Jan-06 14:00:00
  2099-Jan-26 00:00:00
  2099-Feb-14 10:00:00
  2099-Mar-05 21:00:00
  2099-Mar-25 07:00:00
  2099-Apr-13 17:00:00
  2099-May-03 03:00:00
  2099-May-22 13:00:00
  2099-Jun-11 00:00:00
  2099-Jun-30 10:00:00
  2099-Jul-19 20:00:00
  2099-Aug-08 06:00:00
  2099-Aug-27 17:00:00
  2099-Sep-16 03:00:00
  2099-Oct-05 14:00:00
  2099-Oct-25 00:00:00
  2099-Nov-13 11:00:00
  2099-Dec-02 21:00:00
  2099-Dec-22 07:00:00
Beginning Simulation...
  2100-Jan-10 00:00:00 (2.5%)
  2100-Jan-27 22:00:00 (7.4%)
  2100-Feb-14 21:00:00 (12.3%)
  2100-Mar-04 19:00:00 (17.2%)
  2100-Mar-22 17:00:00 (22.1%)
  2100-Apr-09 15:00:00 (27%)
  2100-Apr-27 13:00:00 (31.9%)
  2100-May-15 12:00:00 (36.8%)
  2100-Jun-02 10:00:00 (41.8%)
  2100-Jun-20 09:00:00 (46.7%)
  2100-Jul-08 08:00:00 (51.6%)
  2100-Jul-26 06:00:00 (56.5%)
  2100-Aug-13 03:00:00 (61.4%)
  2100-Aug-31 01:00:00 (66.3%)
  2100-Sep-18 00:00:00 (71.2%)
  2100-Oct-06 00:00:00 (76.2%)
  2100-Oct-23 22:00:00 (81.1%)
  2100-Nov-10 21:00:00 (86%)
  2100-Nov-28 19:00:00 (90.9%)
  2100-Dec-16 18:00:00 (95.8%)
  2100-Dec-31 23:00:00 (100%)
Finished Program: 2014-Nov-18 11:28:07.849232
Elapsed Time: 00:00:39.727091
