instance.yaml
kiva v0.2.0-20-g4c7c200
Copyright (C) 2012-2014 Big Ladder Software
Web: www.bigladdersoftware.com

Starting Program: 2014-Nov-17 14:09:16.869961
Creating Domain...
  X Cells: 89
  Y Cells: 1
  Z Cells: 96
  Total Cells: 8544
Initializing Temperatures...
  2099-Jan-17 22:00:00
  2099-Feb-12 12:00:00
  2099-Mar-10 01:00:00
  2099-Apr-04 14:00:00
  2099-Apr-30 03:00:00
  2099-May-25 16:00:00
  2099-Jun-20 06:00:00
  2099-Jul-15 19:00:00
  2099-Aug-10 08:00:00
  2099-Sep-04 22:00:00
  2099-Sep-30 11:00:00
  2099-Oct-26 01:00:00
  2099-Nov-20 14:00:00
  2099-Dec-16 04:00:00
Beginning Simulation...
  2100-Jan-10 11:00:00 (2.6%)
  2100-Feb-04 08:00:00 (9.4%)
  2100-Mar-01 05:00:00 (16.2%)
  2100-Mar-26 02:00:00 (23%)
  2100-Apr-20 00:00:00 (29.9%)
  2100-May-14 21:00:00 (36.7%)
  2100-Jun-08 19:00:00 (43.5%)
  2100-Jul-03 17:00:00 (50.3%)
  2100-Jul-28 14:00:00 (57.1%)
  2100-Aug-22 12:00:00 (64%)
  2100-Sep-16 09:00:00 (70.8%)
  2100-Oct-11 06:00:00 (77.6%)
  2100-Nov-05 04:00:00 (84.4%)
  2100-Nov-30 01:00:00 (91.2%)
  2100-Dec-24 22:00:00 (98.1%)
  2100-Dec-31 23:00:00 (100%)
Finished Program: 2014-Nov-17 14:09:46.282953
Elapsed Time: 00:00:29.412992
