instance.yaml
kiva v0.2.0-9-g526928a
Copyright (C) 2012-2014 Big Ladder Software
Web: www.bigladdersoftware.com

Starting Program: 2014-Oct-26 15:36:44.660335
Creating Domain...
  X Cells: 101
  Y Cells: 1
  Z Cells: 113
  Total Cells: 11413
Initializing Temperatures...
  2098-Oct-01 23:00:00
  2099-Jan-02 17:00:00
  2099-Jan-17 15:00:00
  2099-Feb-08 11:00:00
  2099-Mar-02 08:00:00
  2099-Mar-24 05:00:00
  2099-Apr-15 02:00:00
  2099-May-06 23:00:00
  2099-May-28 19:00:00
  2099-Jun-19 16:00:00
  2099-Jul-11 13:00:00
  2099-Aug-02 09:00:00
  2099-Aug-24 06:00:00
  2099-Sep-15 03:00:00
  2099-Oct-07 00:00:00
  2099-Oct-28 21:00:00
  2099-Nov-19 18:00:00
  2099-Dec-11 15:00:00
Beginning Simulation...
  2100-Jan-02 11:00:00 (0.4%)
  2100-Jan-23 19:00:00 (6.2%)
  2100-Feb-14 03:00:00 (12.1%)
  2100-Mar-07 11:00:00 (17.9%)
  2100-Mar-29 01:00:00 (23.8%)
  2100-Apr-19 14:00:00 (29.7%)
  2100-May-11 04:00:00 (35.7%)
  2100-Jun-01 18:00:00 (41.6%)
  2100-Jun-23 08:00:00 (47.5%)
  2100-Jul-14 22:00:00 (53.4%)
  2100-Aug-05 11:00:00 (59.3%)
  2100-Aug-27 01:00:00 (65.2%)
  2100-Sep-17 15:00:00 (71.1%)
  2100-Oct-09 05:00:00 (77%)
  2100-Oct-30 15:00:00 (82.9%)
  2100-Nov-21 05:00:00 (88.8%)
  2100-Dec-12 19:00:00 (94.7%)
  2100-Dec-31 23:00:00 (100%)
Finished Program: 2014-Oct-26 15:37:19.889740
Elapsed Time: 00:00:35.229405
