instance.yaml
kiva v0.2.0-21-g785bfe1
Copyright (C) 2012-2014 Big Ladder Software
Web: www.bigladdersoftware.com

Starting Program: 2014-Nov-18 11:16:25.960215
Creating Domain...
  X Cells: 192
  Y Cells: 1
  Z Cells: 125
  Total Cells: 24000
Initializing Temperatures...
  2099-Jan-01 12:00:00
  2099-Jan-11 08:00:00
  2099-Jan-21 05:00:00
  2099-Jan-31 02:00:00
  2099-Feb-09 22:00:00
  2099-Feb-19 19:00:00
  2099-Mar-01 16:00:00
  2099-Mar-11 13:00:00
  2099-Mar-21 10:00:00
  2099-Mar-31 06:00:00
  2099-Apr-10 03:00:00
  2099-Apr-20 00:00:00
  2099-Apr-29 21:00:00
  2099-May-09 18:00:00
  2099-May-19 15:00:00
  2099-May-29 12:00:00
  2099-Jun-08 09:00:00
  2099-Jun-18 05:00:00
  2099-Jun-28 02:00:00
  2099-Jul-07 23:00:00
  2099-Jul-17 21:00:00
  2099-Jul-27 19:00:00
  2099-Aug-06 17:00:00
  2099-Aug-16 15:00:00
  2099-Aug-26 13:00:00
  2099-Sep-05 11:00:00
  2099-Sep-15 08:00:00
  2099-Sep-25 06:00:00
  2099-Oct-05 04:00:00
  2099-Oct-15 02:00:00
  2099-Oct-25 00:00:00
  2099-Nov-03 22:00:00
  2099-Nov-13 20:00:00
  2099-Nov-23 18:00:00
  2099-Dec-03 16:00:00
  2099-Dec-13 14:00:00
  2099-Dec-23 12:00:00
Beginning Simulation...
  2100-Jan-02 08:00:00 (0.4%)
  2100-Jan-11 13:00:00 (2.9%)
  2100-Jan-20 18:00:00 (5.4%)
  2100-Jan-30 00:00:00 (7.9%)
  2100-Feb-08 05:00:00 (10.5%)
  2100-Feb-17 11:00:00 (13%)
  2100-Feb-26 16:00:00 (15.5%)
  2100-Mar-07 22:00:00 (18.1%)
  2100-Mar-17 03:00:00 (20.6%)
  2100-Mar-26 08:00:00 (23.1%)
  2100-Apr-04 14:00:00 (25.6%)
  2100-Apr-13 20:00:00 (28.2%)
  2100-Apr-23 00:00:00 (30.7%)
  2100-May-02 06:00:00 (33.2%)
  2100-May-11 11:00:00 (35.7%)
  2100-May-20 16:00:00 (38.3%)
  2100-May-29 22:00:00 (40.8%)
  2100-Jun-08 03:00:00 (43.3%)
  2100-Jun-17 09:00:00 (45.9%)
  2100-Jun-26 14:00:00 (48.4%)
  2100-Jul-05 20:00:00 (50.9%)
  2100-Jul-15 01:00:00 (53.4%)
  2100-Jul-24 06:00:00 (56%)
  2100-Aug-02 12:00:00 (58.5%)
  2100-Aug-11 17:00:00 (61%)
  2100-Aug-20 23:00:00 (63.6%)
  2100-Aug-30 04:00:00 (66.1%)
  2100-Sep-08 10:00:00 (68.6%)
  2100-Sep-17 15:00:00 (71.1%)
  2100-Sep-26 21:00:00 (73.7%)
  2100-Oct-06 02:00:00 (76.2%)
  2100-Oct-15 08:00:00 (78.7%)
  2100-Oct-24 12:00:00 (81.2%)
  2100-Nov-02 18:00:00 (83.8%)
  2100-Nov-11 23:00:00 (86.3%)
  2100-Nov-21 05:00:00 (88.8%)
  2100-Nov-30 10:00:00 (91.3%)
  2100-Dec-09 16:00:00 (93.9%)
  2100-Dec-18 21:00:00 (96.4%)
  2100-Dec-28 03:00:00 (98.9%)
  2100-Dec-31 23:00:00 (100%)
Finished Program: 2014-Nov-18 11:17:43.419664
Elapsed Time: 00:01:17.459449
