instance.yaml
kiva v0.2.0-22-gd89b213
Copyright (C) 2012-2014 Big Ladder Software
Web: www.bigladdersoftware.com

Starting Program: 2014-Nov-19 10:39:42.074658
Creating Domain...
  X Cells: 240
  Y Cells: 1
  Z Cells: 127
  Total Cells: 30480
Initializing Temperatures...
  2098-Dec-03 23:00:00
  2099-Jan-06 21:00:00
  2099-Jan-15 16:00:00
  2099-Jan-24 11:00:00
  2099-Feb-02 07:00:00
  2099-Feb-11 02:00:00
  2099-Feb-19 21:00:00
  2099-Feb-28 16:00:00
  2099-Mar-09 12:00:00
  2099-Mar-18 07:00:00
  2099-Mar-27 02:00:00
  2099-Apr-04 21:00:00
  2099-Apr-13 17:00:00
  2099-Apr-22 12:00:00
  2099-May-01 08:00:00
  2099-May-10 03:00:00
  2099-May-18 22:00:00
  2099-May-27 18:00:00
  2099-Jun-05 13:00:00
  2099-Jun-14 08:00:00
  2099-Jun-23 04:00:00
  2099-Jul-01 23:00:00
  2099-Jul-10 18:00:00
  2099-Jul-19 14:00:00
  2099-Jul-28 09:00:00
  2099-Aug-06 04:00:00
  2099-Aug-15 00:00:00
  2099-Aug-23 19:00:00
  2099-Sep-01 14:00:00
  2099-Sep-10 10:00:00
  2099-Sep-19 05:00:00
  2099-Sep-28 00:00:00
  2099-Oct-06 20:00:00
  2099-Oct-15 15:00:00
  2099-Oct-24 11:00:00
  2099-Nov-02 06:00:00
  2099-Nov-11 01:00:00
  2099-Nov-19 21:00:00
  2099-Nov-28 16:00:00
  2099-Dec-07 12:00:00
  2099-Dec-16 07:00:00
  2099-Dec-25 02:00:00
Beginning Simulation...
  2100-Jan-02 18:00:00 (0.5%)
  2100-Jan-10 22:00:00 (2.7%)
  2100-Jan-19 03:00:00 (5%)
  2100-Jan-27 07:00:00 (7.2%)
  2100-Feb-04 10:00:00 (9.4%)
  2100-Feb-12 14:00:00 (11.7%)
  2100-Feb-20 18:00:00 (13.9%)
  2100-Feb-28 22:00:00 (16.1%)
  2100-Mar-09 02:00:00 (18.4%)
  2100-Mar-17 06:00:00 (20.6%)
  2100-Mar-25 10:00:00 (22.9%)
  2100-Apr-02 14:00:00 (25.1%)
  2100-Apr-10 18:00:00 (27.3%)
  2100-Apr-18 23:00:00 (29.6%)
  2100-Apr-27 03:00:00 (31.8%)
  2100-May-05 07:00:00 (34.1%)
  2100-May-13 11:00:00 (36.3%)
  2100-May-21 16:00:00 (38.5%)
  2100-May-29 20:00:00 (40.8%)
  2100-Jun-07 00:00:00 (43%)
  2100-Jun-15 04:00:00 (45.3%)
  2100-Jun-23 09:00:00 (47.5%)
  2100-Jul-01 13:00:00 (49.7%)
  2100-Jul-09 17:00:00 (52%)
  2100-Jul-17 21:00:00 (54.2%)
  2100-Jul-26 01:00:00 (56.4%)
  2100-Aug-03 06:00:00 (58.7%)
  2100-Aug-11 10:00:00 (60.9%)
  2100-Aug-19 15:00:00 (63.2%)
  2100-Aug-27 21:00:00 (65.4%)
  2100-Sep-05 04:00:00 (67.7%)
  2100-Sep-13 10:00:00 (70%)
  2100-Sep-21 17:00:00 (72.2%)
  2100-Sep-29 23:00:00 (74.5%)
  2100-Oct-08 06:00:00 (76.8%)
  2100-Oct-16 11:00:00 (79%)
  2100-Oct-24 17:00:00 (81.3%)
  2100-Nov-01 23:00:00 (83.6%)
  2100-Nov-10 06:00:00 (85.8%)
  2100-Nov-18 12:00:00 (88.1%)
  2100-Nov-26 19:00:00 (90.4%)
  2100-Dec-05 01:00:00 (92.6%)
  2100-Dec-13 08:00:00 (94.9%)
  2100-Dec-21 14:00:00 (97.1%)
  2100-Dec-29 20:00:00 (99.4%)
  2100-Dec-31 23:00:00 (100%)
Finished Program: 2014-Nov-19 10:41:09.258102
Elapsed Time: 00:01:27.183444
