instance.yaml
kiva v0.2.0-21-g785bfe1
Copyright (C) 2012-2014 Big Ladder Software
Web: www.bigladdersoftware.com

Starting Program: 2014-Nov-18 11:16:25.200875
Creating Domain...
  X Cells: 188
  Y Cells: 1
  Z Cells: 125
  Total Cells: 23500
Initializing Temperatures...
  2098-Dec-10 23:00:00
  2099-Jan-09 23:00:00
  2099-Jan-20 16:00:00
  2099-Jan-31 08:00:00
  2099-Feb-11 01:00:00
  2099-Feb-21 17:00:00
  2099-Mar-04 10:00:00
  2099-Mar-15 03:00:00
  2099-Mar-25 19:00:00
  2099-Apr-05 12:00:00
  2099-Apr-16 05:00:00
  2099-Apr-26 22:00:00
  2099-May-07 14:00:00
  2099-May-18 07:00:00
  2099-May-29 00:00:00
  2099-Jun-08 17:00:00
  2099-Jun-19 09:00:00
  2099-Jun-30 02:00:00
  2099-Jul-10 19:00:00
  2099-Jul-21 12:00:00
  2099-Aug-01 05:00:00
  2099-Aug-11 22:00:00
  2099-Aug-22 14:00:00
  2099-Sep-02 07:00:00
  2099-Sep-13 00:00:00
  2099-Sep-23 17:00:00
  2099-Oct-04 10:00:00
  2099-Oct-15 03:00:00
  2099-Oct-25 20:00:00
  2099-Nov-05 13:00:00
  2099-Nov-16 05:00:00
  2099-Nov-26 22:00:00
  2099-Dec-07 15:00:00
  2099-Dec-18 08:00:00
  2099-Dec-29 00:00:00
Beginning Simulation...
  2100-Jan-08 04:00:00 (2%)
  2100-Jan-18 02:00:00 (4.7%)
  2100-Jan-28 01:00:00 (7.4%)
  2100-Feb-06 23:00:00 (10.1%)
  2100-Feb-16 22:00:00 (12.9%)
  2100-Feb-26 20:00:00 (15.6%)
  2100-Mar-08 18:00:00 (18.3%)
  2100-Mar-18 17:00:00 (21%)
  2100-Mar-28 15:00:00 (23.7%)
  2100-Apr-07 14:00:00 (26.5%)
  2100-Apr-17 12:00:00 (29.2%)
  2100-Apr-27 10:00:00 (31.9%)
  2100-May-07 09:00:00 (34.6%)
  2100-May-17 07:00:00 (37.3%)
  2100-May-27 06:00:00 (40.1%)
  2100-Jun-06 04:00:00 (42.8%)
  2100-Jun-16 03:00:00 (45.5%)
  2100-Jun-26 01:00:00 (48.2%)
  2100-Jul-06 00:00:00 (51%)
  2100-Jul-15 22:00:00 (53.7%)
  2100-Jul-25 21:00:00 (56.4%)
  2100-Aug-04 19:00:00 (59.1%)
  2100-Aug-14 18:00:00 (61.8%)
  2100-Aug-24 17:00:00 (64.6%)
  2100-Sep-03 15:00:00 (67.3%)
  2100-Sep-13 14:00:00 (70%)
  2100-Sep-23 13:00:00 (72.8%)
  2100-Oct-03 11:00:00 (75.5%)
  2100-Oct-13 10:00:00 (78.2%)
  2100-Oct-23 09:00:00 (80.9%)
  2100-Nov-02 07:00:00 (83.6%)
  2100-Nov-12 05:00:00 (86.4%)
  2100-Nov-22 04:00:00 (89.1%)
  2100-Dec-02 02:00:00 (91.8%)
  2100-Dec-11 23:00:00 (94.5%)
  2100-Dec-21 22:00:00 (97.2%)
  2100-Dec-31 20:00:00 (100%)
  2100-Dec-31 23:00:00 (100%)
Finished Program: 2014-Nov-18 11:17:37.014292
Elapsed Time: 00:01:11.813417
