instance.yaml
kiva v0.2.0-21-g785bfe1
Copyright (C) 2012-2014 Big Ladder Software
Web: www.bigladdersoftware.com

Starting Program: 2014-Nov-18 11:02:24.280418
Creating Domain...
  X Cells: 104
  Y Cells: 1
  Z Cells: 113
  Total Cells: 11752
Initializing Temperatures...
  2099-Jan-03 10:00:00
  2099-Jan-23 18:00:00
  2099-Feb-13 01:00:00
  2099-Mar-05 09:00:00
  2099-Mar-25 16:00:00
  2099-Apr-14 23:00:00
  2099-May-05 07:00:00
  2099-May-25 14:00:00
  2099-Jun-14 22:00:00
  2099-Jul-05 06:00:00
  2099-Jul-25 13:00:00
  2099-Aug-14 21:00:00
  2099-Sep-04 04:00:00
  2099-Sep-24 12:00:00
  2099-Oct-14 19:00:00
  2099-Nov-04 03:00:00
  2099-Nov-24 11:00:00
  2099-Dec-14 18:00:00
Beginning Simulation...
  2100-Jan-04 00:00:00 (0.8%)
  2100-Jan-23 19:00:00 (6.2%)
  2100-Feb-12 16:00:00 (11.7%)
  2100-Mar-04 12:00:00 (17.1%)
  2100-Mar-23 06:00:00 (22.3%)
  2100-Apr-12 02:00:00 (27.7%)
  2100-May-01 23:00:00 (33.1%)
  2100-May-21 20:00:00 (38.6%)
  2100-Jun-10 17:00:00 (44%)
  2100-Jun-30 14:00:00 (49.5%)
  2100-Jul-20 11:00:00 (54.9%)
  2100-Aug-09 14:00:00 (60.4%)
  2100-Aug-29 17:00:00 (65.9%)
  2100-Sep-18 21:00:00 (71.5%)
  2100-Oct-08 21:00:00 (77%)
  2100-Oct-29 01:00:00 (82.5%)
  2100-Nov-18 04:00:00 (88%)
  2100-Dec-08 07:00:00 (93.5%)
  2100-Dec-28 10:00:00 (99%)
  2100-Dec-31 23:00:00 (100%)
Finished Program: 2014-Nov-18 11:03:01.176568
Elapsed Time: 00:00:36.896150
