instance.yaml
kiva v0.2.0-9-g526928a
Copyright (C) 2012-2014 Big Ladder Software
Web: www.bigladdersoftware.com

Starting Program: 2014-Oct-19 03:43:14.587597
Creating Domain...
  X Cells: 93
  Y Cells: 1
  Z Cells: 125
  Total Cells: 11625
Initializing Temperatures...
  2098-Oct-08 23:00:00
  2099-Jan-08 18:00:00
  2099-Jan-27 21:00:00
  2099-Feb-19 10:00:00
  2099-Mar-13 23:00:00
  2099-Apr-05 13:00:00
  2099-Apr-28 02:00:00
  2099-May-20 15:00:00
  2099-Jun-12 04:00:00
  2099-Jul-04 17:00:00
  2099-Jul-27 07:00:00
  2099-Aug-18 20:00:00
  2099-Sep-10 09:00:00
  2099-Oct-02 23:00:00
  2099-Oct-25 12:00:00
  2099-Nov-17 01:00:00
  2099-Dec-09 15:00:00
Beginning Simulation...
  2100-Jan-01 04:00:00 (0%)
  2100-Jan-21 23:00:00 (5.7%)
  2100-Feb-11 19:00:00 (11.4%)
  2100-Mar-04 15:00:00 (17.2%)
  2100-Mar-25 10:00:00 (22.9%)
  2100-Apr-15 05:00:00 (28.6%)
  2100-May-06 01:00:00 (34.3%)
  2100-May-26 20:00:00 (40%)
  2100-Jun-16 16:00:00 (45.7%)
  2100-Jul-07 11:00:00 (51.4%)
  2100-Jul-28 06:00:00 (57.1%)
  2100-Aug-18 01:00:00 (62.8%)
  2100-Sep-07 21:00:00 (68.5%)
  2100-Sep-28 17:00:00 (74.2%)
  2100-Oct-19 13:00:00 (79.9%)
  2100-Nov-09 04:00:00 (85.5%)
  2100-Nov-29 23:00:00 (91.2%)
  2100-Dec-20 19:00:00 (96.9%)
  2100-Dec-31 23:00:00 (100%)
Finished Program: 2014-Oct-19 03:43:49.537632
Elapsed Time: 00:00:34.950035
