instance.yaml
kiva v0.2.0-22-gd89b213
Copyright (C) 2012-2014 Big Ladder Software
Web: www.bigladdersoftware.com

Starting Program: 2014-Nov-19 10:35:45.567754
Creating Domain...
  X Cells: 180
  Y Cells: 1
  Z Cells: 133
  Total Cells: 23940
Initializing Temperatures...
  2098-Oct-15 23:00:00
  2099-Jan-04 14:00:00
  2099-Jan-14 12:00:00
  2099-Jan-24 11:00:00
  2099-Feb-03 09:00:00
  2099-Feb-13 07:00:00
  2099-Feb-23 06:00:00
  2099-Mar-05 04:00:00
  2099-Mar-15 03:00:00
  2099-Mar-25 01:00:00
  2099-Apr-03 23:00:00
  2099-Apr-13 22:00:00
  2099-Apr-23 20:00:00
  2099-May-03 19:00:00
  2099-May-13 17:00:00
  2099-May-23 15:00:00
  2099-Jun-02 14:00:00
  2099-Jun-12 12:00:00
  2099-Jun-22 11:00:00
  2099-Jul-02 09:00:00
  2099-Jul-12 08:00:00
  2099-Jul-22 06:00:00
  2099-Aug-01 04:00:00
  2099-Aug-11 03:00:00
  2099-Aug-21 01:00:00
  2099-Aug-31 00:00:00
  2099-Sep-09 22:00:00
  2099-Sep-19 21:00:00
  2099-Sep-29 19:00:00
  2099-Oct-09 17:00:00
  2099-Oct-19 16:00:00
  2099-Oct-29 14:00:00
  2099-Nov-08 12:00:00
  2099-Nov-18 11:00:00
  2099-Nov-28 09:00:00
  2099-Dec-08 08:00:00
  2099-Dec-18 06:00:00
  2099-Dec-28 05:00:00
Beginning Simulation...
  2100-Jan-06 16:00:00 (1.6%)
  2100-Jan-15 20:00:00 (4.1%)
  2100-Jan-25 00:00:00 (6.6%)
  2100-Feb-03 05:00:00 (9.1%)
  2100-Feb-12 09:00:00 (11.6%)
  2100-Feb-21 13:00:00 (14.1%)
  2100-Mar-02 17:00:00 (16.6%)
  2100-Mar-11 21:00:00 (19.1%)
  2100-Mar-21 01:00:00 (21.7%)
  2100-Mar-30 06:00:00 (24.2%)
  2100-Apr-08 10:00:00 (26.7%)
  2100-Apr-17 14:00:00 (29.2%)
  2100-Apr-26 18:00:00 (31.7%)
  2100-May-05 22:00:00 (34.2%)
  2100-May-15 02:00:00 (36.7%)
  2100-May-24 06:00:00 (39.2%)
  2100-Jun-02 10:00:00 (41.8%)
  2100-Jun-11 14:00:00 (44.3%)
  2100-Jun-20 18:00:00 (46.8%)
  2100-Jun-29 23:00:00 (49.3%)
  2100-Jul-09 03:00:00 (51.8%)
  2100-Jul-18 07:00:00 (54.3%)
  2100-Jul-27 11:00:00 (56.8%)
  2100-Aug-05 15:00:00 (59.3%)
  2100-Aug-14 19:00:00 (61.9%)
  2100-Aug-24 00:00:00 (64.4%)
  2100-Sep-02 04:00:00 (66.9%)
  2100-Sep-11 08:00:00 (69.4%)
  2100-Sep-20 12:00:00 (71.9%)
  2100-Sep-29 16:00:00 (74.4%)
  2100-Oct-08 20:00:00 (76.9%)
  2100-Oct-18 00:00:00 (79.5%)
  2100-Oct-27 05:00:00 (82%)
  2100-Nov-05 09:00:00 (84.5%)
  2100-Nov-14 11:00:00 (87%)
  2100-Nov-23 16:00:00 (89.5%)
  2100-Dec-02 20:00:00 (92%)
  2100-Dec-12 00:00:00 (94.5%)
  2100-Dec-21 04:00:00 (97%)
  2100-Dec-30 08:00:00 (99.5%)
  2100-Dec-31 23:00:00 (100%)
Finished Program: 2014-Nov-19 10:37:03.181008
Elapsed Time: 00:01:17.613254
