instance.yaml
kiva v0.2.0-21-g785bfe1
Copyright (C) 2012-2014 Big Ladder Software
Web: www.bigladdersoftware.com

Starting Program: 2014-Nov-18 11:09:24.633984
Creating Domain...
  X Cells: 92
  Y Cells: 1
  Z Cells: 133
  Total Cells: 12236
Initializing Temperatures...
  2098-Oct-01 23:00:00
  2099-Jan-10 09:00:00
  2099-Jan-30 15:00:00
  2099-Feb-19 21:00:00
  2099-Mar-12 03:00:00
  2099-Apr-01 09:00:00
  2099-Apr-21 15:00:00
  2099-May-11 21:00:00
  2099-Jun-01 04:00:00
  2099-Jun-21 10:00:00
  2099-Jul-11 17:00:00
  2099-Aug-01 08:00:00
  2099-Aug-21 23:00:00
  2099-Sep-11 14:00:00
  2099-Oct-02 05:00:00
  2099-Oct-22 20:00:00
  2099-Nov-12 11:00:00
  2099-Dec-03 02:00:00
  2099-Dec-23 16:00:00
Beginning Simulation...
  2100-Jan-12 05:00:00 (3.1%)
  2100-Jan-31 02:00:00 (8.2%)
  2100-Feb-18 22:00:00 (13.4%)
  2100-Mar-09 17:00:00 (18.6%)
  2100-Mar-28 13:00:00 (23.7%)
  2100-Apr-16 09:00:00 (28.9%)
  2100-May-05 06:00:00 (34%)
  2100-May-24 02:00:00 (39.2%)
  2100-Jun-11 22:00:00 (44.4%)
  2100-Jun-30 19:00:00 (49.5%)
  2100-Jul-19 15:00:00 (54.7%)
  2100-Aug-07 11:00:00 (59.9%)
  2100-Aug-26 08:00:00 (65%)
  2100-Sep-14 05:00:00 (70.2%)
  2100-Oct-03 01:00:00 (75.4%)
  2100-Oct-21 18:00:00 (80.5%)
  2100-Nov-09 14:00:00 (85.6%)
  2100-Nov-28 10:00:00 (90.8%)
  2100-Dec-17 07:00:00 (96%)
  2100-Dec-31 23:00:00 (100%)
Finished Program: 2014-Nov-18 11:10:02.780539
Elapsed Time: 00:00:38.146555
