instance.yaml
kiva v0.2.0-21-g785bfe1
Copyright (C) 2012-2014 Big Ladder Software
Web: www.bigladdersoftware.com

Starting Program: 2014-Nov-18 11:17:24.930282
Creating Domain...
  X Cells: 210
  Y Cells: 1
  Z Cells: 113
  Total Cells: 23730
Initializing Temperatures...
  2099-Jan-01 13:00:00
  2099-Jan-10 23:00:00
  2099-Jan-20 09:00:00
  2099-Jan-29 20:00:00
  2099-Feb-08 06:00:00
  2099-Feb-17 17:00:00
  2099-Feb-27 03:00:00
  2099-Mar-08 13:00:00
  2099-Mar-18 00:00:00
  2099-Mar-27 10:00:00
  2099-Apr-05 21:00:00
  2099-Apr-15 07:00:00
  2099-Apr-24 18:00:00
  2099-May-04 04:00:00
  2099-May-13 15:00:00
  2099-May-23 01:00:00
  2099-Jun-01 12:00:00
  2099-Jun-10 22:00:00
  2099-Jun-20 09:00:00
  2099-Jun-29 19:00:00
  2099-Jul-09 06:00:00
  2099-Jul-18 16:00:00
  2099-Jul-28 02:00:00
  2099-Aug-06 13:00:00
  2099-Aug-15 23:00:00
  2099-Aug-25 10:00:00
  2099-Sep-03 20:00:00
  2099-Sep-13 07:00:00
  2099-Sep-22 17:00:00
  2099-Oct-02 03:00:00
  2099-Oct-11 14:00:00
  2099-Oct-21 01:00:00
  2099-Oct-30 11:00:00
  2099-Nov-08 22:00:00
  2099-Nov-18 08:00:00
  2099-Nov-27 18:00:00
  2099-Dec-07 04:00:00
  2099-Dec-16 15:00:00
  2099-Dec-26 01:00:00
Beginning Simulation...
  2100-Jan-04 10:00:00 (0.9%)
  2100-Jan-13 17:00:00 (3.5%)
  2100-Jan-23 00:00:00 (6%)
  2100-Feb-01 07:00:00 (8.6%)
  2100-Feb-10 13:00:00 (11.1%)
  2100-Feb-19 20:00:00 (13.7%)
  2100-Mar-01 03:00:00 (16.2%)
  2100-Mar-10 12:00:00 (18.8%)
  2100-Mar-19 23:00:00 (21.4%)
  2100-Mar-29 10:00:00 (23.9%)
  2100-Apr-07 20:00:00 (26.5%)
  2100-Apr-17 07:00:00 (29.1%)
  2100-Apr-26 18:00:00 (31.7%)
  2100-May-06 04:00:00 (34.3%)
  2100-May-15 15:00:00 (36.9%)
  2100-May-25 02:00:00 (39.5%)
  2100-Jun-03 12:00:00 (42.1%)
  2100-Jun-12 23:00:00 (44.6%)
  2100-Jun-22 10:00:00 (47.2%)
  2100-Jul-01 20:00:00 (49.8%)
  2100-Jul-11 07:00:00 (52.4%)
  2100-Jul-20 17:00:00 (55%)
  2100-Jul-30 04:00:00 (57.6%)
  2100-Aug-08 14:00:00 (60.2%)
  2100-Aug-18 01:00:00 (62.8%)
  2100-Aug-27 12:00:00 (65.3%)
  2100-Sep-05 22:00:00 (67.9%)
  2100-Sep-15 09:00:00 (70.5%)
  2100-Sep-24 19:00:00 (73.1%)
  2100-Oct-04 06:00:00 (75.7%)
  2100-Oct-13 17:00:00 (78.3%)
  2100-Oct-23 02:00:00 (80.8%)
  2100-Nov-01 13:00:00 (83.4%)
  2100-Nov-10 23:00:00 (86%)
  2100-Nov-20 10:00:00 (88.6%)
  2100-Nov-29 21:00:00 (91.2%)
  2100-Dec-09 07:00:00 (93.8%)
  2100-Dec-18 18:00:00 (96.4%)
  2100-Dec-28 04:00:00 (98.9%)
  2100-Dec-31 23:00:00 (100%)
Finished Program: 2014-Nov-18 11:18:43.401861
Elapsed Time: 00:01:18.471579
