instance.yaml
kiva v0.2.0-21-g785bfe1
Copyright (C) 2012-2014 Big Ladder Software
Web: www.bigladdersoftware.com

Starting Program: 2014-Nov-18 11:25:27.532244
Creating Domain...
  X Cells: 129
  Y Cells: 1
  Z Cells: 103
  Total Cells: 13287
Initializing Temperatures...
  2098-Nov-19 23:00:00
  2099-Jan-15 07:00:00
  2099-Feb-02 16:00:00
  2099-Feb-21 01:00:00
  2099-Mar-11 10:00:00
  2099-Mar-29 19:00:00
  2099-Apr-17 05:00:00
  2099-May-05 14:00:00
  2099-May-23 23:00:00
  2099-Jun-11 08:00:00
  2099-Jun-29 18:00:00
  2099-Jul-18 03:00:00
  2099-Aug-05 12:00:00
  2099-Aug-23 21:00:00
  2099-Sep-11 07:00:00
  2099-Sep-29 16:00:00
  2099-Oct-18 00:00:00
  2099-Nov-05 10:00:00
  2099-Nov-23 19:00:00
  2099-Dec-12 04:00:00
  2099-Dec-30 14:00:00
Beginning Simulation...
  2100-Jan-17 12:00:00 (4.5%)
  2100-Feb-04 09:00:00 (9.4%)
  2100-Feb-22 06:00:00 (14.3%)
  2100-Mar-12 04:00:00 (19.2%)
  2100-Mar-30 04:00:00 (24.2%)
  2100-Apr-17 05:00:00 (29.1%)
  2100-May-05 05:00:00 (34%)
  2100-May-23 06:00:00 (39%)
  2100-Jun-10 06:00:00 (43.9%)
  2100-Jun-28 06:00:00 (48.8%)
  2100-Jul-16 06:00:00 (53.8%)
  2100-Aug-03 06:00:00 (58.7%)
  2100-Aug-21 04:00:00 (63.6%)
  2100-Sep-08 04:00:00 (68.5%)
  2100-Sep-26 04:00:00 (73.5%)
  2100-Oct-14 05:00:00 (78.4%)
  2100-Nov-01 05:00:00 (83.3%)
  2100-Nov-19 05:00:00 (88.3%)
  2100-Dec-07 06:00:00 (93.2%)
  2100-Dec-25 06:00:00 (98.2%)
  2100-Dec-31 23:00:00 (100%)
Finished Program: 2014-Nov-18 11:26:08.373358
Elapsed Time: 00:00:40.841114
