instance.yaml
kiva v0.2.0-22-gd89b213
Copyright (C) 2012-2014 Big Ladder Software
Web: www.bigladdersoftware.com

Starting Program: 2014-Nov-19 10:39:42.941993
Creating Domain...
  X Cells: 163
  Y Cells: 1
  Z Cells: 113
  Total Cells: 18419
Initializing Temperatures...
  2099-Jan-03 22:00:00
  2099-Jan-16 23:00:00
  2099-Jan-30 00:00:00
  2099-Feb-12 00:00:00
  2099-Feb-25 01:00:00
  2099-Mar-10 02:00:00
  2099-Mar-23 02:00:00
  2099-Apr-05 03:00:00
  2099-Apr-18 04:00:00
  2099-May-01 05:00:00
  2099-May-14 06:00:00
  2099-May-27 07:00:00
  2099-Jun-09 07:00:00
  2099-Jun-22 08:00:00
  2099-Jul-05 09:00:00
  2099-Jul-18 10:00:00
  2099-Jul-31 11:00:00
  2099-Aug-13 11:00:00
  2099-Aug-26 12:00:00
  2099-Sep-08 13:00:00
  2099-Sep-21 14:00:00
  2099-Oct-04 15:00:00
  2099-Oct-17 16:00:00
  2099-Oct-30 16:00:00
  2099-Nov-12 17:00:00
  2099-Nov-25 18:00:00
  2099-Dec-08 19:00:00
  2099-Dec-21 20:00:00
Beginning Simulation...
  2100-Jan-03 19:00:00 (0.8%)
  2100-Jan-16 15:00:00 (4.3%)
  2100-Jan-29 10:00:00 (7.8%)
  2100-Feb-11 05:00:00 (11.3%)
  2100-Feb-24 01:00:00 (14.8%)
  2100-Mar-08 21:00:00 (18.3%)
  2100-Mar-21 18:00:00 (21.8%)
  2100-Apr-03 16:00:00 (25.4%)
  2100-Apr-16 13:00:00 (28.9%)
  2100-Apr-29 11:00:00 (32.5%)
  2100-May-12 08:00:00 (36%)
  2100-May-25 06:00:00 (39.5%)
  2100-Jun-07 03:00:00 (43%)
  2100-Jun-20 01:00:00 (46.6%)
  2100-Jul-02 23:00:00 (50.1%)
  2100-Jul-15 20:00:00 (53.7%)
  2100-Jul-28 18:00:00 (57.2%)
  2100-Aug-10 14:00:00 (60.7%)
  2100-Aug-23 12:00:00 (64.2%)
  2100-Sep-05 10:00:00 (67.8%)
  2100-Sep-18 07:00:00 (71.3%)
  2100-Oct-01 05:00:00 (74.9%)
  2100-Oct-14 02:00:00 (78.4%)
  2100-Oct-27 00:00:00 (81.9%)
  2100-Nov-08 22:00:00 (85.5%)
  2100-Nov-21 19:00:00 (89%)
  2100-Dec-04 17:00:00 (92.5%)
  2100-Dec-17 14:00:00 (96.1%)
  2100-Dec-30 12:00:00 (99.6%)
  2100-Dec-31 23:00:00 (100%)
Finished Program: 2014-Nov-19 10:40:40.115470
Elapsed Time: 00:00:57.173477
