instance.yaml
kiva v0.2.0-21-g785bfe1
Copyright (C) 2012-2014 Big Ladder Software
Web: www.bigladdersoftware.com

Starting Program: 2014-Nov-18 11:23:26.015917
Creating Domain...
  X Cells: 167
  Y Cells: 1
  Z Cells: 133
  Total Cells: 22211
Initializing Temperatures...
Warning: Solution did not converge after 712 iterations.
  The final residual was: 0.000204533
  Solver status: 2
  2098-Dec-24 23:00:00
  2099-Jan-10 22:00:00
  2099-Jan-21 14:00:00
  2099-Feb-01 07:00:00
  2099-Feb-12 00:00:00
  2099-Feb-22 17:00:00
  2099-Mar-05 10:00:00
  2099-Mar-16 03:00:00
  2099-Mar-26 20:00:00
  2099-Apr-06 13:00:00
  2099-Apr-17 06:00:00
  2099-Apr-27 23:00:00
  2099-May-08 18:00:00
  2099-May-19 13:00:00
  2099-May-30 07:00:00
  2099-Jun-10 02:00:00
  2099-Jun-20 21:00:00
  2099-Jul-01 16:00:00
  2099-Jul-12 11:00:00
  2099-Jul-23 06:00:00
  2099-Aug-03 01:00:00
  2099-Aug-13 19:00:00
  2099-Aug-24 14:00:00
  2099-Sep-04 09:00:00
  2099-Sep-15 04:00:00
  2099-Sep-25 23:00:00
  2099-Oct-06 18:00:00
  2099-Oct-17 13:00:00
  2099-Oct-28 08:00:00
  2099-Nov-08 03:00:00
  2099-Nov-18 22:00:00
  2099-Nov-29 17:00:00
  2099-Dec-10 11:00:00
  2099-Dec-21 06:00:00
Beginning Simulation...
  2100-Jan-01 01:00:00 (0%)
  2100-Jan-10 23:00:00 (2.7%)
  2100-Jan-20 22:00:00 (5.5%)
  2100-Jan-30 20:00:00 (8.2%)
  2100-Feb-09 18:00:00 (10.9%)
  2100-Feb-19 17:00:00 (13.6%)
  2100-Mar-01 15:00:00 (16.3%)
  2100-Mar-11 13:00:00 (19.1%)
  2100-Mar-21 12:00:00 (21.8%)
  2100-Mar-31 10:00:00 (24.5%)
  2100-Apr-10 08:00:00 (27.2%)
  2100-Apr-20 07:00:00 (29.9%)
  2100-Apr-30 05:00:00 (32.7%)
  2100-May-10 03:00:00 (35.4%)
  2100-May-20 01:00:00 (38.1%)
  2100-May-29 23:00:00 (40.8%)
  2100-Jun-08 22:00:00 (43.5%)
  2100-Jun-18 20:00:00 (46.3%)
  2100-Jun-28 19:00:00 (49%)
  2100-Jul-08 17:00:00 (51.7%)
  2100-Jul-18 15:00:00 (54.4%)
  2100-Jul-28 13:00:00 (57.1%)
  2100-Aug-07 12:00:00 (59.9%)
  2100-Aug-17 10:00:00 (62.6%)
  2100-Aug-27 08:00:00 (65.3%)
  2100-Sep-06 07:00:00 (68%)
  2100-Sep-16 05:00:00 (70.7%)
  2100-Sep-26 03:00:00 (73.5%)
  2100-Oct-06 02:00:00 (76.2%)
  2100-Oct-16 00:00:00 (78.9%)
  2100-Oct-25 23:00:00 (81.6%)
  2100-Nov-04 21:00:00 (84.3%)
  2100-Nov-14 18:00:00 (87.1%)
  2100-Nov-24 16:00:00 (89.8%)
  2100-Dec-04 14:00:00 (92.5%)
  2100-Dec-14 13:00:00 (95.2%)
  2100-Dec-24 11:00:00 (97.9%)
  2100-Dec-31 23:00:00 (100%)
Finished Program: 2014-Nov-18 11:24:37.756692
Elapsed Time: 00:01:11.740775
