instance.yaml
kiva v0.2.0-21-g785bfe1
Copyright (C) 2012-2014 Big Ladder Software
Web: www.bigladdersoftware.com

Starting Program: 2014-Nov-18 11:16:27.943960
Creating Domain...
  X Cells: 98
  Y Cells: 1
  Z Cells: 125
  Total Cells: 12250
Initializing Temperatures...
  2099-Jan-10 10:00:00
  2099-Jan-30 18:00:00
  2099-Feb-20 02:00:00
  2099-Mar-12 11:00:00
  2099-Apr-01 20:00:00
  2099-Apr-22 05:00:00
  2099-May-12 15:00:00
  2099-Jun-02 00:00:00
  2099-Jun-22 09:00:00
  2099-Jul-12 18:00:00
  2099-Aug-02 04:00:00
  2099-Aug-22 13:00:00
  2099-Sep-11 22:00:00
  2099-Oct-02 08:00:00
  2099-Oct-22 17:00:00
  2099-Nov-12 02:00:00
  2099-Dec-02 12:00:00
  2099-Dec-22 21:00:00
Beginning Simulation...
  2100-Jan-11 09:00:00 (2.8%)
  2100-Jan-30 03:00:00 (8%)
  2100-Feb-17 22:00:00 (13.1%)
  2100-Mar-08 17:00:00 (18.3%)
  2100-Mar-27 11:00:00 (23.4%)
  2100-Apr-15 06:00:00 (28.6%)
  2100-May-04 01:00:00 (33.7%)
  2100-May-22 20:00:00 (38.9%)
  2100-Jun-10 15:00:00 (44%)
  2100-Jun-29 10:00:00 (49.2%)
  2100-Jul-18 05:00:00 (54.3%)
  2100-Aug-06 00:00:00 (59.5%)
  2100-Aug-24 19:00:00 (64.6%)
  2100-Sep-12 14:00:00 (69.7%)
  2100-Oct-01 05:00:00 (74.9%)
  2100-Oct-20 00:00:00 (80%)
  2100-Nov-07 19:00:00 (85.1%)
  2100-Nov-26 14:00:00 (90.3%)
  2100-Dec-15 07:00:00 (95.4%)
  2100-Dec-31 23:00:00 (100%)
Finished Program: 2014-Nov-18 11:17:05.888202
Elapsed Time: 00:00:37.944242
