instance.yaml
kiva v0.2.0-9-g526928a
Copyright (C) 2012-2014 Big Ladder Software
Web: www.bigladdersoftware.com

Starting Program: 2014-Oct-19 03:47:08.501298
Creating Domain...
  X Cells: 99
  Y Cells: 1
  Z Cells: 133
  Total Cells: 13167
Initializing Temperatures...
  2098-Oct-01 23:00:00
  2099-Jan-05 04:00:00
  2099-Jan-24 02:00:00
  2099-Feb-13 19:00:00
  2099-Mar-06 11:00:00
  2099-Mar-27 04:00:00
  2099-Apr-16 20:00:00
  2099-May-07 13:00:00
  2099-May-28 05:00:00
  2099-Jun-17 22:00:00
  2099-Jul-08 15:00:00
  2099-Jul-29 07:00:00
  2099-Aug-19 00:00:00
  2099-Sep-08 17:00:00
  2099-Sep-29 09:00:00
  2099-Oct-20 02:00:00
  2099-Nov-09 19:00:00
  2099-Nov-30 11:00:00
  2099-Dec-21 04:00:00
Beginning Simulation...
  2100-Jan-10 02:00:00 (2.5%)
  2100-Jan-29 03:00:00 (7.7%)
  2100-Feb-17 03:00:00 (12.9%)
  2100-Mar-08 04:00:00 (18.1%)
  2100-Mar-27 04:00:00 (23.3%)
  2100-Apr-15 05:00:00 (28.6%)
  2100-May-04 06:00:00 (33.8%)
  2100-May-23 07:00:00 (39%)
  2100-Jun-11 08:00:00 (44.2%)
  2100-Jun-30 09:00:00 (49.4%)
  2100-Jul-19 10:00:00 (54.6%)
  2100-Aug-07 11:00:00 (59.9%)
  2100-Aug-26 12:00:00 (65.1%)
  2100-Sep-14 13:00:00 (70.3%)
  2100-Oct-03 11:00:00 (75.5%)
  2100-Oct-22 12:00:00 (80.7%)
  2100-Nov-10 13:00:00 (85.9%)
  2100-Nov-29 14:00:00 (91.1%)
  2100-Dec-18 15:00:00 (96.3%)
  2100-Dec-31 23:00:00 (100%)
Finished Program: 2014-Oct-19 03:47:46.701982
Elapsed Time: 00:00:38.200684
