instance.yaml
kiva v0.2.0-22-gd89b213
Copyright (C) 2012-2014 Big Ladder Software
Web: www.bigladdersoftware.com

Starting Program: 2014-Nov-19 10:39:45.151925
Creating Domain...
  X Cells: 155
  Y Cells: 1
  Z Cells: 93
  Total Cells: 14415
Initializing Temperatures...
  2099-Jan-03 20:00:00
  2099-Jan-19 21:00:00
  2099-Feb-04 21:00:00
  2099-Feb-20 22:00:00
  2099-Mar-08 23:00:00
  2099-Mar-25 00:00:00
  2099-Apr-10 01:00:00
  2099-Apr-26 01:00:00
  2099-May-12 02:00:00
  2099-May-28 03:00:00
  2099-Jun-13 04:00:00
  2099-Jun-29 05:00:00
  2099-Jul-15 06:00:00
  2099-Jul-31 06:00:00
  2099-Aug-16 07:00:00
  2099-Sep-01 08:00:00
  2099-Sep-17 09:00:00
  2099-Oct-03 10:00:00
  2099-Oct-19 11:00:00
  2099-Nov-04 12:00:00
  2099-Nov-20 13:00:00
  2099-Dec-06 14:00:00
  2099-Dec-22 15:00:00
Beginning Simulation...
  2100-Jan-07 12:00:00 (1.8%)
  2100-Jan-23 03:00:00 (6.1%)
  2100-Feb-07 19:00:00 (10.4%)
  2100-Feb-23 10:00:00 (14.6%)
  2100-Mar-11 01:00:00 (18.9%)
  2100-Mar-26 17:00:00 (23.2%)
  2100-Apr-11 08:00:00 (27.5%)
  2100-Apr-26 23:00:00 (31.8%)
  2100-May-12 15:00:00 (36.1%)
  2100-May-28 06:00:00 (40.3%)
  2100-Jun-12 22:00:00 (44.6%)
  2100-Jun-28 14:00:00 (48.9%)
  2100-Jul-14 05:00:00 (53.2%)
  2100-Jul-29 21:00:00 (57.5%)
  2100-Aug-14 13:00:00 (61.8%)
  2100-Aug-30 04:00:00 (66.1%)
  2100-Sep-14 20:00:00 (70.4%)
  2100-Sep-30 12:00:00 (74.7%)
  2100-Oct-16 03:00:00 (78.9%)
  2100-Oct-31 19:00:00 (83.2%)
  2100-Nov-16 10:00:00 (87.5%)
  2100-Dec-02 02:00:00 (91.8%)
  2100-Dec-17 17:00:00 (96.1%)
  2100-Dec-31 23:00:00 (100%)
Finished Program: 2014-Nov-19 10:40:31.910024
Elapsed Time: 00:00:46.758099
