instance.yaml
kiva v0.2.0-21-g785bfe1
Copyright (C) 2012-2014 Big Ladder Software
Web: www.bigladdersoftware.com

Starting Program: 2014-Nov-18 11:26:25.783379
Creating Domain...
  X Cells: 106
  Y Cells: 1
  Z Cells: 133
  Total Cells: 14098
Initializing Temperatures...
Warning: Solution did not converge after 835 iterations.
  The final residual was: 1.471e-06
  Solver status: 2
  2098-Oct-01 23:00:00
  2099-Jan-09 21:00:00
  2099-Jan-28 03:00:00
  2099-Feb-15 08:00:00
  2099-Mar-05 13:00:00
  2099-Mar-23 19:00:00
  2099-Apr-11 01:00:00
  2099-Apr-29 07:00:00
  2099-May-17 13:00:00
  2099-Jun-04 19:00:00
  2099-Jun-23 01:00:00
  2099-Jul-11 07:00:00
  2099-Jul-29 12:00:00
  2099-Aug-16 18:00:00
  2099-Sep-04 00:00:00
  2099-Sep-22 06:00:00
  2099-Oct-10 12:00:00
  2099-Oct-28 18:00:00
  2099-Nov-16 01:00:00
  2099-Dec-04 07:00:00
  2099-Dec-22 13:00:00
Beginning Simulation...
  2100-Jan-09 02:00:00 (2.2%)
  2100-Jan-25 22:00:00 (6.8%)
  2100-Feb-11 17:00:00 (11.4%)
  2100-Feb-28 13:00:00 (16%)
  2100-Mar-17 09:00:00 (20.7%)
  2100-Apr-03 05:00:00 (25.3%)
  2100-Apr-20 00:00:00 (29.9%)
  2100-May-06 20:00:00 (34.5%)
  2100-May-23 16:00:00 (39.1%)
  2100-Jun-09 12:00:00 (43.7%)
  2100-Jun-26 07:00:00 (48.3%)
  2100-Jul-13 03:00:00 (52.9%)
  2100-Jul-29 23:00:00 (57.5%)
  2100-Aug-15 19:00:00 (62.1%)
  2100-Sep-01 12:00:00 (66.7%)
  2100-Sep-18 08:00:00 (71.3%)
  2100-Oct-05 04:00:00 (75.9%)
  2100-Oct-22 00:00:00 (80.5%)
  2100-Nov-07 18:00:00 (85.1%)
  2100-Nov-24 14:00:00 (89.7%)
  2100-Dec-11 10:00:00 (94.4%)
  2100-Dec-28 06:00:00 (99%)
  2100-Dec-31 23:00:00 (100%)
Finished Program: 2014-Nov-18 11:27:08.222086
Elapsed Time: 00:00:42.438707
