instance.yaml
kiva v0.2.0-9-g526928a
Copyright (C) 2012-2014 Big Ladder Software
Web: www.bigladdersoftware.com

Starting Program: 2014-Oct-26 15:35:20.502671
Creating Domain...
  X Cells: 99
  Y Cells: 1
  Z Cells: 133
  Total Cells: 13167
Initializing Temperatures...
  2098-Oct-01 23:00:00
  2099-Jan-07 02:00:00
  2099-Jan-26 12:00:00
  2099-Feb-16 03:00:00
  2099-Mar-08 18:00:00
  2099-Mar-29 09:00:00
  2099-Apr-19 00:00:00
  2099-May-09 15:00:00
  2099-May-30 07:00:00
  2099-Jun-19 22:00:00
  2099-Jul-10 12:00:00
  2099-Jul-31 03:00:00
  2099-Aug-20 18:00:00
  2099-Sep-10 09:00:00
  2099-Oct-01 00:00:00
  2099-Oct-21 15:00:00
  2099-Nov-11 06:00:00
  2099-Dec-01 22:00:00
  2099-Dec-22 13:00:00
Beginning Simulation...
  2100-Jan-11 07:00:00 (2.8%)
  2100-Jan-30 07:00:00 (8%)
  2100-Feb-18 07:00:00 (13.2%)
  2100-Mar-09 07:00:00 (18.4%)
  2100-Mar-28 07:00:00 (23.6%)
  2100-Apr-16 06:00:00 (28.8%)
  2100-May-05 06:00:00 (34%)
  2100-May-24 06:00:00 (39.2%)
  2100-Jun-12 05:00:00 (44.4%)
  2100-Jul-01 05:00:00 (49.6%)
  2100-Jul-20 04:00:00 (54.8%)
  2100-Aug-08 04:00:00 (60%)
  2100-Aug-27 03:00:00 (65.2%)
  2100-Sep-15 00:00:00 (70.4%)
  2100-Oct-03 23:00:00 (75.6%)
  2100-Oct-22 23:00:00 (80.8%)
  2100-Nov-10 22:00:00 (86%)
  2100-Nov-29 22:00:00 (91.2%)
  2100-Dec-18 22:00:00 (96.4%)
  2100-Dec-31 23:00:00 (100%)
Finished Program: 2014-Oct-26 15:35:58.688272
Elapsed Time: 00:00:38.185601
