instance.yaml
kiva v0.2.0-21-g785bfe1
Copyright (C) 2012-2014 Big Ladder Software
Web: www.bigladdersoftware.com

Starting Program: 2014-Nov-18 11:16:25.883869
Creating Domain...
  X Cells: 199
  Y Cells: 1
  Z Cells: 125
  Total Cells: 24875
Initializing Temperatures...
  2099-Jan-01 11:00:00
  2099-Jan-10 22:00:00
  2099-Jan-20 08:00:00
  2099-Jan-29 19:00:00
  2099-Feb-08 04:00:00
  2099-Feb-17 15:00:00
  2099-Feb-27 01:00:00
  2099-Mar-08 12:00:00
  2099-Mar-17 22:00:00
  2099-Mar-27 09:00:00
  2099-Apr-05 19:00:00
  2099-Apr-15 05:00:00
  2099-Apr-24 15:00:00
  2099-May-04 02:00:00
  2099-May-13 12:00:00
  2099-May-22 23:00:00
  2099-Jun-01 10:00:00
  2099-Jun-10 20:00:00
  2099-Jun-20 07:00:00
  2099-Jun-29 17:00:00
  2099-Jul-09 04:00:00
  2099-Jul-18 16:00:00
  2099-Jul-28 07:00:00
  2099-Aug-06 21:00:00
  2099-Aug-16 12:00:00
  2099-Aug-26 02:00:00
  2099-Sep-04 17:00:00
  2099-Sep-14 07:00:00
  2099-Sep-23 21:00:00
  2099-Oct-03 12:00:00
  2099-Oct-13 02:00:00
  2099-Oct-22 17:00:00
  2099-Nov-01 07:00:00
  2099-Nov-10 22:00:00
  2099-Nov-20 12:00:00
  2099-Nov-30 03:00:00
  2099-Dec-09 17:00:00
  2099-Dec-19 07:00:00
  2099-Dec-28 22:00:00
Beginning Simulation...
  2100-Jan-07 02:00:00 (1.7%)
  2100-Jan-16 02:00:00 (4.1%)
  2100-Jan-25 01:00:00 (6.6%)
  2100-Feb-03 01:00:00 (9.1%)
  2100-Feb-12 00:00:00 (11.5%)
  2100-Feb-21 00:00:00 (14%)
  2100-Mar-02 00:00:00 (16.4%)
  2100-Mar-10 23:00:00 (18.9%)
  2100-Mar-19 23:00:00 (21.4%)
  2100-Mar-28 22:00:00 (23.8%)
  2100-Apr-06 21:00:00 (26.3%)
  2100-Apr-15 21:00:00 (28.7%)
  2100-Apr-24 20:00:00 (31.2%)
  2100-May-03 19:00:00 (33.6%)
  2100-May-12 19:00:00 (36.1%)
  2100-May-21 18:00:00 (38.6%)
  2100-May-30 18:00:00 (41%)
  2100-Jun-08 18:00:00 (43.5%)
  2100-Jun-17 17:00:00 (45.9%)
  2100-Jun-26 17:00:00 (48.4%)
  2100-Jul-05 17:00:00 (50.9%)
  2100-Jul-14 16:00:00 (53.3%)
  2100-Jul-23 16:00:00 (55.8%)
  2100-Aug-01 16:00:00 (58.3%)
  2100-Aug-10 15:00:00 (60.7%)
  2100-Aug-19 15:00:00 (63.2%)
  2100-Aug-28 14:00:00 (65.6%)
  2100-Sep-06 14:00:00 (68.1%)
  2100-Sep-15 14:00:00 (70.6%)
  2100-Sep-24 13:00:00 (73%)
  2100-Oct-03 12:00:00 (75.5%)
  2100-Oct-12 12:00:00 (77.9%)
  2100-Oct-21 11:00:00 (80.4%)
  2100-Oct-30 11:00:00 (82.9%)
  2100-Nov-08 11:00:00 (85.3%)
  2100-Nov-17 10:00:00 (87.8%)
  2100-Nov-26 10:00:00 (90.3%)
  2100-Dec-05 09:00:00 (92.7%)
  2100-Dec-14 09:00:00 (95.2%)
  2100-Dec-23 08:00:00 (97.6%)
  2100-Dec-31 23:00:00 (100%)
Finished Program: 2014-Nov-18 11:17:45.960571
Elapsed Time: 00:01:20.076702
