instance.yaml
kiva v0.2.0-22-gd89b213
Copyright (C) 2012-2014 Big Ladder Software
Web: www.bigladdersoftware.com

Starting Program: 2014-Nov-19 10:36:54.327108
Creating Domain...
  X Cells: 167
  Y Cells: 1
  Z Cells: 125
  Total Cells: 20875
Initializing Temperatures...
  2098-Nov-26 23:00:00
  2099-Jan-09 07:00:00
  2099-Jan-20 12:00:00
  2099-Jan-31 16:00:00
  2099-Feb-11 21:00:00
  2099-Feb-23 02:00:00
  2099-Mar-06 07:00:00
  2099-Mar-17 11:00:00
  2099-Mar-28 16:00:00
  2099-Apr-08 21:00:00
  2099-Apr-20 02:00:00
  2099-May-01 07:00:00
  2099-May-12 12:00:00
  2099-May-23 17:00:00
  2099-Jun-03 22:00:00
  2099-Jun-15 03:00:00
  2099-Jun-26 08:00:00
  2099-Jul-07 13:00:00
  2099-Jul-18 18:00:00
  2099-Jul-29 23:00:00
  2099-Aug-10 04:00:00
  2099-Aug-21 09:00:00
  2099-Sep-01 14:00:00
  2099-Sep-12 19:00:00
  2099-Sep-24 00:00:00
  2099-Oct-05 05:00:00
  2099-Oct-16 11:00:00
  2099-Oct-27 16:00:00
  2099-Nov-07 21:00:00
  2099-Nov-19 02:00:00
  2099-Nov-30 07:00:00
  2099-Dec-11 11:00:00
  2099-Dec-22 16:00:00
Beginning Simulation...
  2100-Jan-02 18:00:00 (0.5%)
  2100-Jan-13 02:00:00 (3.3%)
  2100-Jan-23 10:00:00 (6.1%)
  2100-Feb-02 19:00:00 (9%)
  2100-Feb-13 03:00:00 (11.8%)
  2100-Feb-23 11:00:00 (14.6%)
  2100-Mar-05 19:00:00 (17.5%)
  2100-Mar-16 03:00:00 (20.3%)
  2100-Mar-26 11:00:00 (23.1%)
  2100-Apr-05 19:00:00 (26%)
  2100-Apr-16 03:00:00 (28.8%)
  2100-Apr-26 11:00:00 (31.6%)
  2100-May-06 19:00:00 (34.5%)
  2100-May-17 04:00:00 (37.3%)
  2100-May-27 12:00:00 (40.1%)
  2100-Jun-06 20:00:00 (43%)
  2100-Jun-17 05:00:00 (45.8%)
  2100-Jun-27 13:00:00 (48.6%)
  2100-Jul-07 21:00:00 (51.5%)
  2100-Jul-18 05:00:00 (54.3%)
  2100-Jul-28 13:00:00 (57.1%)
  2100-Aug-07 22:00:00 (60%)
  2100-Aug-18 05:00:00 (62.8%)
  2100-Aug-28 14:00:00 (65.6%)
  2100-Sep-07 22:00:00 (68.5%)
  2100-Sep-18 07:00:00 (71.3%)
  2100-Sep-28 15:00:00 (74.1%)
  2100-Oct-09 00:00:00 (77%)
  2100-Oct-19 08:00:00 (79.8%)
  2100-Oct-29 17:00:00 (82.7%)
  2100-Nov-09 01:00:00 (85.5%)
  2100-Nov-19 09:00:00 (88.3%)
  2100-Nov-29 17:00:00 (91.2%)
  2100-Dec-10 04:00:00 (94%)
  2100-Dec-20 12:00:00 (96.8%)
  2100-Dec-30 23:00:00 (99.7%)
  2100-Dec-31 23:00:00 (100%)
Finished Program: 2014-Nov-19 10:38:03.098920
Elapsed Time: 00:01:08.771812
