instance.yaml
kiva v0.2.0-22-gd89b213
Copyright (C) 2012-2014 Big Ladder Software
Web: www.bigladdersoftware.com

Starting Program: 2014-Nov-19 10:35:43.934776
Creating Domain...
  X Cells: 155
  Y Cells: 1
  Z Cells: 113
  Total Cells: 17515
Initializing Temperatures...
  2099-Jan-03 18:00:00
  2099-Jan-16 13:00:00
  2099-Jan-29 08:00:00
  2099-Feb-11 02:00:00
  2099-Feb-23 21:00:00
  2099-Mar-08 16:00:00
  2099-Mar-21 11:00:00
  2099-Apr-03 06:00:00
  2099-Apr-16 01:00:00
  2099-Apr-28 19:00:00
  2099-May-11 14:00:00
  2099-May-24 09:00:00
  2099-Jun-06 04:00:00
  2099-Jun-18 23:00:00
  2099-Jul-01 18:00:00
  2099-Jul-14 13:00:00
  2099-Jul-27 08:00:00
  2099-Aug-09 03:00:00
  2099-Aug-21 22:00:00
  2099-Sep-03 17:00:00
  2099-Sep-16 12:00:00
  2099-Sep-29 07:00:00
  2099-Oct-12 02:00:00
  2099-Oct-24 21:00:00
  2099-Nov-06 16:00:00
  2099-Nov-19 11:00:00
  2099-Dec-02 06:00:00
  2099-Dec-15 01:00:00
  2099-Dec-27 20:00:00
Beginning Simulation...
  2100-Jan-09 11:00:00 (2.3%)
  2100-Jan-22 01:00:00 (5.8%)
  2100-Feb-03 14:00:00 (9.2%)
  2100-Feb-16 02:00:00 (12.6%)
  2100-Feb-28 16:00:00 (16.1%)
  2100-Mar-13 05:00:00 (19.5%)
  2100-Mar-25 19:00:00 (23%)
  2100-Apr-07 08:00:00 (26.4%)
  2100-Apr-19 22:00:00 (29.8%)
  2100-May-02 12:00:00 (33.3%)
  2100-May-15 03:00:00 (36.7%)
  2100-May-27 18:00:00 (40.2%)
  2100-Jun-09 08:00:00 (43.7%)
  2100-Jun-21 23:00:00 (47.1%)
  2100-Jul-04 13:00:00 (50.6%)
  2100-Jul-17 04:00:00 (54%)
  2100-Jul-29 19:00:00 (57.5%)
  2100-Aug-11 09:00:00 (60.9%)
  2100-Aug-24 00:00:00 (64.4%)
  2100-Sep-05 14:00:00 (67.8%)
  2100-Sep-18 05:00:00 (71.3%)
  2100-Sep-30 20:00:00 (74.7%)
  2100-Oct-13 10:00:00 (78.2%)
  2100-Oct-26 01:00:00 (81.7%)
  2100-Nov-07 16:00:00 (85.1%)
  2100-Nov-20 06:00:00 (88.6%)
  2100-Dec-02 21:00:00 (92%)
  2100-Dec-15 11:00:00 (95.5%)
  2100-Dec-28 02:00:00 (98.9%)
  2100-Dec-31 23:00:00 (100%)
Finished Program: 2014-Nov-19 10:36:42.310186
Elapsed Time: 00:00:58.375410
