instance.yaml
kiva v0.2.0-20-g4c7c200
Copyright (C) 2012-2014 Big Ladder Software
Web: www.bigladdersoftware.com

Starting Program: 2014-Nov-17 14:17:18.762431
Creating Domain...
  X Cells: 101
  Y Cells: 1
  Z Cells: 96
  Total Cells: 9696
Initializing Temperatures...
  2098-Oct-15 23:00:00
  2099-Jan-17 11:00:00
  2099-Feb-09 03:00:00
  2099-Mar-03 18:00:00
  2099-Mar-26 10:00:00
  2099-Apr-18 02:00:00
  2099-May-10 18:00:00
  2099-Jun-02 09:00:00
  2099-Jun-25 01:00:00
  2099-Jul-17 17:00:00
  2099-Aug-09 08:00:00
  2099-Sep-01 00:00:00
  2099-Sep-23 16:00:00
  2099-Oct-16 08:00:00
  2099-Nov-08 00:00:00
  2099-Nov-30 15:00:00
  2099-Dec-23 07:00:00
Beginning Simulation...
  2100-Jan-14 13:00:00 (3.7%)
  2100-Feb-05 13:00:00 (9.7%)
  2100-Feb-27 14:00:00 (15.8%)
  2100-Mar-21 14:00:00 (21.8%)
  2100-Apr-12 15:00:00 (27.8%)
  2100-May-04 16:00:00 (33.9%)
  2100-May-26 17:00:00 (39.9%)
  2100-Jun-17 18:00:00 (46%)
  2100-Jul-09 19:00:00 (52%)
  2100-Jul-31 20:00:00 (58%)
  2100-Aug-22 21:00:00 (64.1%)
  2100-Sep-13 21:00:00 (70.1%)
  2100-Oct-05 23:00:00 (76.2%)
  2100-Oct-28 00:00:00 (82.2%)
  2100-Nov-19 01:00:00 (88.2%)
  2100-Dec-11 02:00:00 (94.3%)
  2100-Dec-31 23:00:00 (100%)
Finished Program: 2014-Nov-17 14:17:51.957300
Elapsed Time: 00:00:33.194869
