instance.yaml
kiva v0.2.0-21-g785bfe1
Copyright (C) 2012-2014 Big Ladder Software
Web: www.bigladdersoftware.com

Starting Program: 2014-Nov-18 10:54:23.576164
Creating Domain...
  X Cells: 131
  Y Cells: 1
  Z Cells: 96
  Total Cells: 12576
Initializing Temperatures...
  2098-Nov-19 23:00:00
  2099-Jan-14 23:00:00
  2099-Feb-01 08:00:00
  2099-Feb-18 18:00:00
  2099-Mar-08 03:00:00
  2099-Mar-25 13:00:00
  2099-Apr-11 23:00:00
  2099-Apr-29 08:00:00
  2099-May-16 18:00:00
  2099-Jun-03 04:00:00
  2099-Jun-20 14:00:00
  2099-Jul-08 00:00:00
  2099-Jul-25 09:00:00
  2099-Aug-11 19:00:00
  2099-Aug-29 05:00:00
  2099-Sep-15 15:00:00
  2099-Oct-03 01:00:00
  2099-Oct-20 11:00:00
  2099-Nov-06 21:00:00
  2099-Nov-24 06:00:00
  2099-Dec-11 16:00:00
  2099-Dec-29 02:00:00
Beginning Simulation...
  2100-Jan-15 04:00:00 (3.9%)
  2100-Feb-01 05:00:00 (8.6%)
  2100-Feb-18 06:00:00 (13.2%)
  2100-Mar-07 06:00:00 (17.9%)
  2100-Mar-24 07:00:00 (22.5%)
  2100-Apr-10 07:00:00 (27.2%)
  2100-Apr-27 08:00:00 (31.9%)
  2100-May-14 09:00:00 (36.5%)
  2100-May-31 10:00:00 (41.2%)
  2100-Jun-17 10:00:00 (45.9%)
  2100-Jul-04 10:00:00 (50.5%)
  2100-Jul-21 11:00:00 (55.2%)
  2100-Aug-07 11:00:00 (59.9%)
  2100-Aug-24 12:00:00 (64.5%)
  2100-Sep-10 12:00:00 (69.2%)
  2100-Sep-27 13:00:00 (73.8%)
  2100-Oct-14 14:00:00 (78.5%)
  2100-Oct-31 15:00:00 (83.2%)
  2100-Nov-17 15:00:00 (87.8%)
  2100-Dec-04 16:00:00 (92.5%)
  2100-Dec-21 17:00:00 (97.2%)
  2100-Dec-31 23:00:00 (100%)
Finished Program: 2014-Nov-18 10:55:06.603483
Elapsed Time: 00:00:43.027319
