instance.yaml
kiva v0.2.0-19-ge248292
Copyright (C) 2012-2014 Big Ladder Software
Web: www.bigladdersoftware.com

Starting Program: 2014-Nov-17 08:43:17.231103
Creating Domain...
  X Cells: 123
  Y Cells: 1
  Z Cells: 96
  Total Cells: 11808
Initializing Temperatures...
  2099-Jan-03 01:00:00
  2099-Jan-22 14:00:00
  2099-Feb-11 04:00:00
  2099-Feb-24 05:00:00
  2099-Mar-15 19:00:00
  2099-Apr-04 08:00:00
  2099-Apr-23 22:00:00
  2099-May-13 11:00:00
  2099-Jun-02 01:00:00
  2099-Jun-21 15:00:00
  2099-Jul-11 05:00:00
  2099-Jul-30 18:00:00
  2099-Aug-19 07:00:00
  2099-Sep-07 21:00:00
  2099-Sep-27 11:00:00
  2099-Oct-17 01:00:00
  2099-Nov-05 15:00:00
  2099-Nov-25 05:00:00
  2099-Dec-14 19:00:00
Beginning Simulation...
  2100-Jan-03 08:00:00 (0.6%)
  2100-Jan-22 12:00:00 (5.9%)
  2100-Feb-10 15:00:00 (11.1%)
  2100-Mar-01 18:00:00 (16.4%)
  2100-Mar-20 22:00:00 (21.6%)
  2100-Apr-09 01:00:00 (26.9%)
  2100-Apr-28 05:00:00 (32.1%)
  2100-May-17 09:00:00 (37.4%)
  2100-Jun-05 12:00:00 (42.6%)
  2100-Jun-24 16:00:00 (47.9%)
  2100-Jul-13 20:00:00 (53.1%)
  2100-Aug-01 23:00:00 (58.3%)
  2100-Aug-21 01:00:00 (63.6%)
  2100-Sep-09 05:00:00 (68.8%)
  2100-Sep-28 09:00:00 (74.1%)
  2100-Oct-17 13:00:00 (79.3%)
  2100-Nov-05 16:00:00 (84.6%)
  2100-Nov-24 20:00:00 (89.8%)
  2100-Dec-14 00:00:00 (95.1%)
  2100-Dec-31 23:00:00 (100%)
Finished Program: 2014-Nov-17 08:43:55.939619
Elapsed Time: 00:00:38.708516
