instance.yaml
kiva v0.2.0-21-g785bfe1
Copyright (C) 2012-2014 Big Ladder Software
Web: www.bigladdersoftware.com

Starting Program: 2014-Nov-18 11:30:28.083492
Creating Domain...
  X Cells: 187
  Y Cells: 1
  Z Cells: 113
  Total Cells: 21131
Initializing Temperatures...
  2099-Jan-01 02:00:00
  2099-Jan-11 17:00:00
  2099-Jan-22 08:00:00
  2099-Feb-01 23:00:00
  2099-Feb-12 14:00:00
  2099-Feb-23 05:00:00
  2099-Mar-05 20:00:00
  2099-Mar-16 11:00:00
  2099-Mar-27 02:00:00
  2099-Apr-06 17:00:00
  2099-Apr-17 08:00:00
  2099-Apr-28 00:00:00
  2099-May-08 15:00:00
  2099-May-19 06:00:00
  2099-May-29 21:00:00
  2099-Jun-09 12:00:00
  2099-Jun-20 04:00:00
  2099-Jun-30 19:00:00
  2099-Jul-11 10:00:00
  2099-Jul-22 01:00:00
  2099-Aug-01 16:00:00
  2099-Aug-12 07:00:00
  2099-Aug-22 22:00:00
  2099-Sep-02 14:00:00
  2099-Sep-13 05:00:00
  2099-Sep-23 20:00:00
  2099-Oct-04 11:00:00
  2099-Oct-15 02:00:00
  2099-Oct-25 18:00:00
  2099-Nov-05 09:00:00
  2099-Nov-16 00:00:00
  2099-Nov-26 15:00:00
  2099-Dec-07 06:00:00
  2099-Dec-17 22:00:00
  2099-Dec-28 13:00:00
Beginning Simulation...
  2100-Jan-08 01:00:00 (1.9%)
  2100-Jan-18 11:00:00 (4.8%)
  2100-Jan-28 22:00:00 (7.6%)
  2100-Feb-08 08:00:00 (10.5%)
  2100-Feb-18 19:00:00 (13.4%)
  2100-Mar-01 05:00:00 (16.2%)
  2100-Mar-11 15:00:00 (19.1%)
  2100-Mar-22 02:00:00 (21.9%)
  2100-Apr-01 12:00:00 (24.8%)
  2100-Apr-11 23:00:00 (27.7%)
  2100-Apr-22 09:00:00 (30.5%)
  2100-May-02 19:00:00 (33.4%)
  2100-May-13 06:00:00 (36.2%)
  2100-May-23 17:00:00 (39.1%)
  2100-Jun-03 04:00:00 (42%)
  2100-Jun-13 14:00:00 (44.8%)
  2100-Jun-24 01:00:00 (47.7%)
  2100-Jul-04 11:00:00 (50.5%)
  2100-Jul-14 22:00:00 (53.4%)
  2100-Jul-25 09:00:00 (56.3%)
  2100-Aug-04 19:00:00 (59.1%)
  2100-Aug-15 06:00:00 (62%)
  2100-Aug-25 16:00:00 (64.8%)
  2100-Sep-05 03:00:00 (67.7%)
  2100-Sep-15 14:00:00 (70.6%)
  2100-Sep-26 00:00:00 (73.4%)
  2100-Oct-06 11:00:00 (76.3%)
  2100-Oct-16 22:00:00 (79.2%)
  2100-Oct-27 08:00:00 (82%)
  2100-Nov-06 19:00:00 (84.9%)
  2100-Nov-17 06:00:00 (87.7%)
  2100-Nov-27 16:00:00 (90.6%)
  2100-Dec-08 03:00:00 (93.5%)
  2100-Dec-18 11:00:00 (96.3%)
  2100-Dec-28 22:00:00 (99.2%)
  2100-Dec-31 23:00:00 (100%)
Finished Program: 2014-Nov-18 11:31:38.293574
Elapsed Time: 00:01:10.210082
