instance.yaml
kiva v0.2.0-9-g526928a
Copyright (C) 2012-2014 Big Ladder Software
Web: www.bigladdersoftware.com

Starting Program: 2014-Oct-19 03:47:37.141429
Creating Domain...
  X Cells: 109
  Y Cells: 1
  Z Cells: 125
  Total Cells: 13625
Initializing Temperatures...
  2098-Nov-19 23:00:00
  2099-Jan-08 10:00:00
  2099-Jan-28 05:00:00
  2099-Feb-17 01:00:00
  2099-Mar-08 20:00:00
  2099-Mar-28 15:00:00
  2099-Apr-17 11:00:00
  2099-May-07 06:00:00
  2099-May-27 01:00:00
  2099-Jun-15 21:00:00
  2099-Jul-05 16:00:00
  2099-Jul-25 12:00:00
  2099-Aug-14 08:00:00
  2099-Sep-03 04:00:00
  2099-Sep-22 23:00:00
  2099-Oct-12 19:00:00
  2099-Nov-01 14:00:00
  2099-Nov-21 09:00:00
  2099-Dec-11 05:00:00
  2099-Dec-31 00:00:00
Beginning Simulation...
  2100-Jan-18 12:00:00 (4.8%)
  2100-Feb-05 22:00:00 (9.8%)
  2100-Feb-24 09:00:00 (14.9%)
  2100-Mar-14 19:00:00 (19.9%)
  2100-Apr-02 05:00:00 (25%)
  2100-Apr-20 16:00:00 (30%)
  2100-May-09 02:00:00 (35.1%)
  2100-May-27 13:00:00 (40.1%)
  2100-Jun-15 00:00:00 (45.2%)
  2100-Jul-03 11:00:00 (50.3%)
  2100-Jul-21 19:00:00 (55.3%)
  2100-Aug-09 06:00:00 (60.3%)
  2100-Aug-27 17:00:00 (65.4%)
  2100-Sep-15 03:00:00 (70.4%)
  2100-Oct-03 14:00:00 (75.5%)
  2100-Oct-22 01:00:00 (80.6%)
  2100-Nov-09 13:00:00 (85.6%)
  2100-Nov-27 23:00:00 (90.7%)
  2100-Dec-16 10:00:00 (95.7%)
  2100-Dec-31 23:00:00 (100%)
Finished Program: 2014-Oct-19 03:48:16.843870
Elapsed Time: 00:00:39.702441
