instance.yaml
kiva v0.2.0-19-ge248292
Copyright (C) 2012-2014 Big Ladder Software
Web: www.bigladdersoftware.com

Starting Program: 2014-Nov-17 08:47:13.328769
Creating Domain...
  X Cells: 106
  Y Cells: 1
  Z Cells: 103
  Total Cells: 10918
Initializing Temperatures...
  2098-Nov-12 23:00:00
  2099-Jan-17 15:00:00
  2099-Feb-08 08:00:00
  2099-Mar-02 02:00:00
  2099-Mar-23 20:00:00
  2099-Apr-14 14:00:00
  2099-May-06 08:00:00
  2099-May-28 02:00:00
  2099-Jun-18 20:00:00
  2099-Jul-10 14:00:00
  2099-Aug-01 08:00:00
  2099-Aug-23 02:00:00
  2099-Sep-13 20:00:00
  2099-Oct-05 14:00:00
  2099-Oct-27 08:00:00
  2099-Nov-18 02:00:00
  2099-Dec-09 21:00:00
  2099-Dec-31 15:00:00
Beginning Simulation...
  2100-Jan-21 19:00:00 (5.7%)
  2100-Feb-12 00:00:00 (11.5%)
  2100-Mar-05 04:00:00 (17.3%)
  2100-Mar-26 09:00:00 (23.1%)
  2100-Apr-16 13:00:00 (28.9%)
  2100-May-07 18:00:00 (34.7%)
  2100-May-28 22:00:00 (40.5%)
  2100-Jun-19 03:00:00 (46.3%)
  2100-Jul-10 07:00:00 (52.1%)
  2100-Jul-31 11:00:00 (57.9%)
  2100-Aug-21 16:00:00 (63.7%)
  2100-Sep-11 20:00:00 (69.5%)
  2100-Oct-03 01:00:00 (75.4%)
  2100-Oct-24 05:00:00 (81.2%)
  2100-Nov-14 10:00:00 (87%)
  2100-Dec-05 11:00:00 (92.7%)
  2100-Dec-26 16:00:00 (98.5%)
  2100-Dec-31 23:00:00 (100%)
Finished Program: 2014-Nov-17 08:47:48.250914
Elapsed Time: 00:00:34.922145
