instance.yaml
kiva v0.2.0-20-g4c7c200
Copyright (C) 2012-2014 Big Ladder Software
Web: www.bigladdersoftware.com

Starting Program: 2014-Nov-17 14:17:17.588589
Creating Domain...
  X Cells: 133
  Y Cells: 1
  Z Cells: 103
  Total Cells: 13699
Initializing Temperatures...
  2098-Nov-05 23:00:00
  2099-Jan-12 09:00:00
  2099-Jan-29 01:00:00
  2099-Feb-14 18:00:00
  2099-Mar-03 10:00:00
  2099-Mar-20 03:00:00
  2099-Apr-05 19:00:00
  2099-Apr-22 12:00:00
  2099-May-09 05:00:00
  2099-May-25 21:00:00
  2099-Jun-11 14:00:00
  2099-Jun-28 06:00:00
  2099-Jul-14 23:00:00
  2099-Jul-31 15:00:00
  2099-Aug-17 07:00:00
  2099-Sep-03 00:00:00
  2099-Sep-19 16:00:00
  2099-Oct-06 09:00:00
  2099-Oct-23 01:00:00
  2099-Nov-08 17:00:00
  2099-Nov-25 10:00:00
  2099-Dec-12 02:00:00
  2099-Dec-28 19:00:00
Beginning Simulation...
  2100-Jan-14 03:00:00 (3.6%)
  2100-Jan-30 09:00:00 (8%)
  2100-Feb-15 16:00:00 (12.5%)
  2100-Mar-03 22:00:00 (17%)
  2100-Mar-20 04:00:00 (21.4%)
  2100-Apr-05 10:00:00 (25.9%)
  2100-Apr-21 17:00:00 (30.3%)
  2100-May-07 23:00:00 (34.8%)
  2100-May-24 05:00:00 (39.2%)
  2100-Jun-09 12:00:00 (43.7%)
  2100-Jun-25 18:00:00 (48.2%)
  2100-Jul-11 23:00:00 (52.6%)
  2100-Jul-28 05:00:00 (57%)
  2100-Aug-13 11:00:00 (61.5%)
  2100-Aug-29 17:00:00 (65.9%)
  2100-Sep-14 23:00:00 (70.4%)
  2100-Oct-01 06:00:00 (74.9%)
  2100-Oct-17 12:00:00 (79.3%)
  2100-Nov-02 17:00:00 (83.8%)
  2100-Nov-18 23:00:00 (88.2%)
  2100-Dec-05 06:00:00 (92.7%)
  2100-Dec-21 12:00:00 (97.1%)
  2100-Dec-31 23:00:00 (100%)
Finished Program: 2014-Nov-17 14:18:02.644834
Elapsed Time: 00:00:45.056245
