instance.yaml
kiva v0.2.0-21-g785bfe1
Copyright (C) 2012-2014 Big Ladder Software
Web: www.bigladdersoftware.com

Starting Program: 2014-Nov-18 11:19:28.941062
Creating Domain...
  X Cells: 93
  Y Cells: 1
  Z Cells: 133
  Total Cells: 12369
Initializing Temperatures...
  2099-Jan-09 04:00:00
  2099-Jan-28 20:00:00
  2099-Feb-17 11:00:00
  2099-Mar-09 03:00:00
  2099-Mar-28 18:00:00
  2099-Apr-17 10:00:00
  2099-May-07 01:00:00
  2099-May-26 17:00:00
  2099-Jun-15 09:00:00
  2099-Jul-05 00:00:00
  2099-Jul-24 16:00:00
  2099-Aug-13 07:00:00
  2099-Sep-01 23:00:00
  2099-Sep-21 15:00:00
  2099-Oct-11 05:00:00
  2099-Oct-30 21:00:00
  2099-Nov-19 13:00:00
  2099-Dec-09 05:00:00
  2099-Dec-28 20:00:00
Beginning Simulation...
  2100-Jan-16 06:00:00 (4.2%)
  2100-Feb-03 12:00:00 (9.2%)
  2100-Feb-21 19:00:00 (14.2%)
  2100-Mar-12 02:00:00 (19.2%)
  2100-Mar-30 09:00:00 (24.2%)
  2100-Apr-17 17:00:00 (29.2%)
  2100-May-06 00:00:00 (34.2%)
  2100-May-24 08:00:00 (39.3%)
  2100-Jun-11 15:00:00 (44.3%)
  2100-Jun-29 23:00:00 (49.3%)
  2100-Jul-18 06:00:00 (54.3%)
  2100-Aug-05 14:00:00 (59.3%)
  2100-Aug-23 21:00:00 (64.3%)
  2100-Sep-11 05:00:00 (69.4%)
  2100-Sep-29 09:00:00 (74.3%)
  2100-Oct-17 17:00:00 (79.4%)
  2100-Nov-05 01:00:00 (84.4%)
  2100-Nov-23 08:00:00 (89.4%)
  2100-Dec-11 16:00:00 (94.4%)
  2100-Dec-29 23:00:00 (99.4%)
  2100-Dec-31 23:00:00 (100%)
Finished Program: 2014-Nov-18 11:20:08.109986
Elapsed Time: 00:00:39.168924
