instance.yaml
kiva v0.2.0-20-g4c7c200
Copyright (C) 2012-2014 Big Ladder Software
Web: www.bigladdersoftware.com

Starting Program: 2014-Nov-17 14:20:22.095599
Creating Domain...
  X Cells: 180
  Y Cells: 1
  Z Cells: 103
  Total Cells: 18540
Initializing Temperatures...
  2098-Dec-31 23:00:00
  2099-Jan-12 23:00:00
  2099-Jan-25 03:00:00
  2099-Feb-06 06:00:00
  2099-Feb-18 10:00:00
  2099-Mar-02 13:00:00
  2099-Mar-14 15:00:00
  2099-Mar-26 19:00:00
  2099-Apr-07 22:00:00
  2099-Apr-20 02:00:00
  2099-May-02 06:00:00
  2099-May-14 09:00:00
  2099-May-26 13:00:00
  2099-Jun-07 16:00:00
  2099-Jun-19 20:00:00
  2099-Jul-02 00:00:00
  2099-Jul-14 03:00:00
  2099-Jul-26 07:00:00
  2099-Aug-07 10:00:00
  2099-Aug-19 14:00:00
  2099-Aug-31 17:00:00
  2099-Sep-12 21:00:00
  2099-Sep-25 00:00:00
  2099-Oct-07 04:00:00
  2099-Oct-19 07:00:00
  2099-Oct-31 11:00:00
  2099-Nov-12 15:00:00
  2099-Nov-24 18:00:00
  2099-Dec-06 22:00:00
  2099-Dec-19 02:00:00
  2099-Dec-31 05:00:00
Beginning Simulation...
  2100-Jan-12 03:00:00 (3%)
  2100-Jan-24 00:00:00 (6.3%)
  2100-Feb-04 22:00:00 (9.6%)
  2100-Feb-16 20:00:00 (12.8%)
  2100-Feb-28 18:00:00 (16.1%)
  2100-Mar-12 16:00:00 (19.4%)
  2100-Mar-24 13:00:00 (22.6%)
  2100-Apr-05 11:00:00 (25.9%)
  2100-Apr-17 09:00:00 (29.1%)
  2100-Apr-29 07:00:00 (32.4%)
  2100-May-11 04:00:00 (35.7%)
  2100-May-23 02:00:00 (38.9%)
  2100-Jun-04 00:00:00 (42.2%)
  2100-Jun-15 22:00:00 (45.5%)
  2100-Jun-27 20:00:00 (48.7%)
  2100-Jul-09 17:00:00 (52%)
  2100-Jul-21 15:00:00 (55.2%)
  2100-Aug-02 13:00:00 (58.5%)
  2100-Aug-14 11:00:00 (61.8%)
  2100-Aug-26 08:00:00 (65%)
  2100-Sep-07 06:00:00 (68.3%)
  2100-Sep-19 03:00:00 (71.5%)
  2100-Oct-01 01:00:00 (74.8%)
  2100-Oct-12 23:00:00 (78.1%)
  2100-Oct-24 21:00:00 (81.3%)
  2100-Nov-05 19:00:00 (84.6%)
  2100-Nov-17 16:00:00 (87.9%)
  2100-Nov-29 14:00:00 (91.1%)
  2100-Dec-11 12:00:00 (94.4%)
  2100-Dec-23 10:00:00 (97.6%)
  2100-Dec-31 23:00:00 (100%)
Finished Program: 2014-Nov-17 14:21:23.719202
Elapsed Time: 00:01:01.623603
