instance.yaml
kiva v0.2.0-21-g785bfe1
Copyright (C) 2012-2014 Big Ladder Software
Web: www.bigladdersoftware.com

Starting Program: 2014-Nov-18 11:14:27.023528
Creating Domain...
  X Cells: 174
  Y Cells: 1
  Z Cells: 93
  Total Cells: 16182
Initializing Temperatures...
  2099-Jan-04 18:00:00
  2099-Jan-19 01:00:00
  2099-Feb-02 07:00:00
  2099-Feb-16 13:00:00
  2099-Mar-02 20:00:00
  2099-Mar-17 02:00:00
  2099-Mar-31 09:00:00
  2099-Apr-14 15:00:00
  2099-Apr-28 22:00:00
  2099-May-13 04:00:00
  2099-May-27 11:00:00
  2099-Jun-10 17:00:00
  2099-Jun-25 00:00:00
  2099-Jul-09 07:00:00
  2099-Jul-23 13:00:00
  2099-Aug-06 20:00:00
  2099-Aug-21 02:00:00
  2099-Sep-04 09:00:00
  2099-Sep-18 15:00:00
  2099-Oct-02 22:00:00
  2099-Oct-17 05:00:00
  2099-Oct-31 11:00:00
  2099-Nov-14 18:00:00
  2099-Nov-29 00:00:00
  2099-Dec-13 07:00:00
  2099-Dec-27 14:00:00
Beginning Simulation...
  2100-Jan-10 15:00:00 (2.6%)
  2100-Jan-24 14:00:00 (6.5%)
  2100-Feb-07 14:00:00 (10.3%)
  2100-Feb-21 13:00:00 (14.1%)
  2100-Mar-07 12:00:00 (17.9%)
  2100-Mar-21 11:00:00 (21.8%)
  2100-Apr-04 10:00:00 (25.6%)
  2100-Apr-18 08:00:00 (29.4%)
  2100-May-02 07:00:00 (33.2%)
  2100-May-16 06:00:00 (37.1%)
  2100-May-30 05:00:00 (40.9%)
  2100-Jun-13 04:00:00 (44.7%)
  2100-Jun-27 04:00:00 (48.5%)
  2100-Jul-11 03:00:00 (52.4%)
  2100-Jul-25 02:00:00 (56.2%)
  2100-Aug-08 02:00:00 (60%)
  2100-Aug-22 01:00:00 (63.8%)
  2100-Sep-05 00:00:00 (67.7%)
  2100-Sep-18 23:00:00 (71.5%)
  2100-Oct-02 23:00:00 (75.3%)
  2100-Oct-16 22:00:00 (79.2%)
  2100-Oct-30 22:00:00 (83%)
  2100-Nov-13 21:00:00 (86.8%)
  2100-Nov-27 20:00:00 (90.6%)
  2100-Dec-11 20:00:00 (94.5%)
  2100-Dec-25 19:00:00 (98.3%)
  2100-Dec-31 23:00:00 (100%)
Finished Program: 2014-Nov-18 11:15:19.442990
Elapsed Time: 00:00:52.419462
