instance.yaml
kiva v0.2.0-21-g785bfe1
Copyright (C) 2012-2014 Big Ladder Software
Web: www.bigladdersoftware.com

Starting Program: 2014-Nov-18 11:21:24.768357
Creating Domain...
  X Cells: 211
  Y Cells: 1
  Z Cells: 103
  Total Cells: 21733
Initializing Temperatures...
  2098-Oct-01 23:00:00
  2099-Jan-03 19:00:00
  2099-Jan-14 19:00:00
  2099-Jan-25 20:00:00
  2099-Feb-05 21:00:00
  2099-Feb-16 22:00:00
  2099-Feb-27 23:00:00
  2099-Mar-11 00:00:00
  2099-Mar-22 00:00:00
  2099-Apr-02 01:00:00
  2099-Apr-13 02:00:00
  2099-Apr-24 03:00:00
  2099-May-05 04:00:00
  2099-May-16 05:00:00
  2099-May-27 06:00:00
  2099-Jun-07 07:00:00
  2099-Jun-18 07:00:00
  2099-Jun-29 08:00:00
  2099-Jul-10 09:00:00
  2099-Jul-21 10:00:00
  2099-Aug-01 11:00:00
  2099-Aug-12 12:00:00
  2099-Aug-23 13:00:00
  2099-Sep-03 14:00:00
  2099-Sep-14 15:00:00
  2099-Sep-25 15:00:00
  2099-Oct-06 16:00:00
  2099-Oct-17 17:00:00
  2099-Oct-28 18:00:00
  2099-Nov-08 19:00:00
  2099-Nov-19 20:00:00
  2099-Nov-30 21:00:00
  2099-Dec-11 22:00:00
  2099-Dec-22 23:00:00
Beginning Simulation...
  2100-Jan-02 22:00:00 (0.5%)
  2100-Jan-13 17:00:00 (3.5%)
  2100-Jan-24 12:00:00 (6.4%)
  2100-Feb-04 07:00:00 (9.4%)
  2100-Feb-15 02:00:00 (12.4%)
  2100-Feb-25 21:00:00 (15.3%)
  2100-Mar-08 16:00:00 (18.3%)
  2100-Mar-19 10:00:00 (21.2%)
  2100-Mar-30 05:00:00 (24.2%)
  2100-Apr-10 00:00:00 (27.1%)
  2100-Apr-20 20:00:00 (30.1%)
  2100-May-01 15:00:00 (33%)
  2100-May-12 10:00:00 (36%)
  2100-May-23 04:00:00 (38.9%)
  2100-Jun-02 23:00:00 (41.9%)
  2100-Jun-13 18:00:00 (44.9%)
  2100-Jun-24 13:00:00 (47.8%)
  2100-Jul-05 08:00:00 (50.8%)
  2100-Jul-16 03:00:00 (53.7%)
  2100-Jul-26 22:00:00 (56.7%)
  2100-Aug-06 17:00:00 (59.6%)
  2100-Aug-17 12:00:00 (62.6%)
  2100-Aug-28 08:00:00 (65.6%)
  2100-Sep-08 03:00:00 (68.5%)
  2100-Sep-18 22:00:00 (71.5%)
  2100-Sep-29 17:00:00 (74.4%)
  2100-Oct-10 12:00:00 (77.4%)
  2100-Oct-21 07:00:00 (80.4%)
  2100-Nov-01 02:00:00 (83.3%)
  2100-Nov-11 21:00:00 (86.3%)
  2100-Nov-22 16:00:00 (89.2%)
  2100-Dec-03 11:00:00 (92.2%)
  2100-Dec-14 05:00:00 (95.1%)
  2100-Dec-25 01:00:00 (98.1%)
  2100-Dec-31 23:00:00 (100%)
Finished Program: 2014-Nov-18 11:22:32.644554
Elapsed Time: 00:01:07.876197
