instance.yaml
kiva v0.2.0-20-g4c7c200
Copyright (C) 2012-2014 Big Ladder Software
Web: www.bigladdersoftware.com

Starting Program: 2014-Nov-17 14:07:18.053860
Creating Domain...
  X Cells: 97
  Y Cells: 1
  Z Cells: 133
  Total Cells: 12901
Initializing Temperatures...
Warning: Solution did not converge after 309 iterations.
  The final residual was: 0.00186923
  Solver status: 2
  2099-Jan-06 20:00:00
  2099-Jan-25 05:00:00
  2099-Feb-12 14:00:00
  2099-Mar-02 23:00:00
  2099-Mar-21 09:00:00
  2099-Apr-08 18:00:00
  2099-Apr-27 03:00:00
  2099-May-15 13:00:00
  2099-Jun-02 21:00:00
  2099-Jun-21 06:00:00
  2099-Jul-09 15:00:00
  2099-Jul-28 00:00:00
  2099-Aug-15 10:00:00
  2099-Sep-02 19:00:00
  2099-Sep-21 04:00:00
  2099-Oct-09 14:00:00
  2099-Oct-27 23:00:00
  2099-Nov-15 09:00:00
  2099-Dec-03 18:00:00
  2099-Dec-22 04:00:00
Beginning Simulation...
  2100-Jan-08 21:00:00 (2.2%)
  2100-Jan-25 21:00:00 (6.8%)
  2100-Feb-11 20:00:00 (11.5%)
  2100-Feb-28 20:00:00 (16.1%)
  2100-Mar-17 19:00:00 (20.8%)
  2100-Apr-03 19:00:00 (25.4%)
  2100-Apr-20 18:00:00 (30.1%)
  2100-May-07 18:00:00 (34.7%)
  2100-May-24 17:00:00 (39.4%)
  2100-Jun-10 17:00:00 (44%)
  2100-Jun-27 16:00:00 (48.7%)
  2100-Jul-14 16:00:00 (53.3%)
  2100-Jul-31 15:00:00 (58%)
  2100-Aug-17 12:00:00 (62.6%)
  2100-Sep-03 12:00:00 (67.3%)
  2100-Sep-20 12:00:00 (71.9%)
  2100-Oct-07 11:00:00 (76.6%)
  2100-Oct-24 11:00:00 (81.2%)
  2100-Nov-10 11:00:00 (85.9%)
  2100-Nov-27 10:00:00 (90.5%)
  2100-Dec-14 10:00:00 (95.2%)
  2100-Dec-31 09:00:00 (99.8%)
  2100-Dec-31 23:00:00 (100%)
Finished Program: 2014-Nov-17 14:08:00.036196
Elapsed Time: 00:00:41.982336
