instance.yaml
kiva v0.2.0-21-g785bfe1
Copyright (C) 2012-2014 Big Ladder Software
Web: www.bigladdersoftware.com

Starting Program: 2014-Nov-18 11:48:29.047643
Creating Domain...
  X Cells: 205
  Y Cells: 1
  Z Cells: 96
  Total Cells: 19680
Initializing Temperatures...
  2099-Jan-01 17:00:00
  2099-Jan-12 13:00:00
  2099-Jan-23 09:00:00
  2099-Feb-03 05:00:00
  2099-Feb-14 01:00:00
  2099-Feb-24 21:00:00
  2099-Mar-07 17:00:00
  2099-Mar-18 13:00:00
  2099-Mar-29 09:00:00
  2099-Apr-09 05:00:00
  2099-Apr-20 01:00:00
  2099-Apr-30 21:00:00
  2099-May-11 17:00:00
  2099-May-22 13:00:00
  2099-Jun-02 09:00:00
  2099-Jun-13 06:00:00
  2099-Jun-24 02:00:00
  2099-Jul-04 22:00:00
  2099-Jul-15 18:00:00
  2099-Jul-26 14:00:00
  2099-Aug-06 10:00:00
  2099-Aug-17 06:00:00
  2099-Aug-28 02:00:00
  2099-Sep-07 22:00:00
  2099-Sep-18 18:00:00
  2099-Sep-29 15:00:00
  2099-Oct-10 11:00:00
  2099-Oct-21 06:00:00
  2099-Nov-01 02:00:00
  2099-Nov-11 22:00:00
  2099-Nov-22 19:00:00
  2099-Dec-03 15:00:00
  2099-Dec-14 11:00:00
  2099-Dec-25 07:00:00
Beginning Simulation...
  2100-Jan-05 01:00:00 (1.1%)
  2100-Jan-15 17:00:00 (4%)
  2100-Jan-26 09:00:00 (7%)
  2100-Feb-06 01:00:00 (9.9%)
  2100-Feb-16 16:00:00 (12.8%)
  2100-Feb-27 08:00:00 (15.7%)
  2100-Mar-09 23:00:00 (18.6%)
  2100-Mar-20 16:00:00 (21.6%)
  2100-Mar-31 08:00:00 (24.5%)
  2100-Apr-10 21:00:00 (27.4%)
  2100-Apr-21 03:00:00 (30.2%)
  2100-May-01 16:00:00 (33.1%)
  2100-May-12 08:00:00 (36%)
  2100-May-23 00:00:00 (38.9%)
  2100-Jun-02 14:00:00 (41.8%)
  2100-Jun-13 07:00:00 (44.7%)
  2100-Jun-24 00:00:00 (47.7%)
  2100-Jul-04 16:00:00 (50.6%)
  2100-Jul-15 08:00:00 (53.5%)
  2100-Jul-26 01:00:00 (56.4%)
  2100-Aug-05 17:00:00 (59.4%)
  2100-Aug-16 10:00:00 (62.3%)
  2100-Aug-27 02:00:00 (65.2%)
  2100-Sep-06 19:00:00 (68.2%)
  2100-Sep-17 11:00:00 (71.1%)
  2100-Sep-28 04:00:00 (74%)
  2100-Oct-08 20:00:00 (76.9%)
  2100-Oct-19 13:00:00 (79.9%)
  2100-Oct-30 06:00:00 (82.8%)
  2100-Nov-09 22:00:00 (85.7%)
  2100-Nov-20 15:00:00 (88.7%)
  2100-Dec-01 07:00:00 (91.6%)
  2100-Dec-12 00:00:00 (94.5%)
  2100-Dec-22 14:00:00 (97.4%)
  2100-Dec-31 23:00:00 (100%)
Finished Program: 2014-Nov-18 11:49:37.877584
Elapsed Time: 00:01:08.829941
