instance.yaml
kiva v0.2.0-21-g785bfe1
Copyright (C) 2012-2014 Big Ladder Software
Web: www.bigladdersoftware.com

Starting Program: 2014-Nov-18 11:02:27.174868
Creating Domain...
  X Cells: 98
  Y Cells: 1
  Z Cells: 125
  Total Cells: 12250
Initializing Temperatures...
  2099-Jan-03 19:00:00
  2099-Jan-24 05:00:00
  2099-Feb-13 14:00:00
  2099-Mar-06 00:00:00
  2099-Mar-26 09:00:00
  2099-Apr-15 19:00:00
  2099-May-06 05:00:00
  2099-May-26 15:00:00
  2099-Jun-16 00:00:00
  2099-Jul-06 10:00:00
  2099-Jul-26 20:00:00
  2099-Aug-16 06:00:00
  2099-Sep-05 16:00:00
  2099-Sep-26 02:00:00
  2099-Oct-16 12:00:00
  2099-Nov-05 22:00:00
  2099-Nov-26 07:00:00
  2099-Dec-16 16:00:00
Beginning Simulation...
  2100-Jan-05 16:00:00 (1.3%)
  2100-Jan-24 11:00:00 (6.4%)
  2100-Feb-12 06:00:00 (11.6%)
  2100-Mar-03 01:00:00 (16.7%)
  2100-Mar-21 20:00:00 (21.9%)
  2100-Apr-09 14:00:00 (27%)
  2100-Apr-28 09:00:00 (32.2%)
  2100-May-17 04:00:00 (37.3%)
  2100-Jun-04 23:00:00 (42.5%)
  2100-Jun-23 19:00:00 (47.6%)
  2100-Jul-12 15:00:00 (52.8%)
  2100-Jul-31 17:00:00 (58%)
  2100-Aug-19 20:00:00 (63.2%)
  2100-Sep-07 22:00:00 (68.5%)
  2100-Sep-27 01:00:00 (73.7%)
  2100-Oct-15 23:00:00 (78.9%)
  2100-Nov-04 01:00:00 (84.1%)
  2100-Nov-23 03:00:00 (89.3%)
  2100-Dec-12 05:00:00 (94.6%)
  2100-Dec-31 07:00:00 (99.8%)
  2100-Dec-31 23:00:00 (100%)
Finished Program: 2014-Nov-18 11:03:05.035353
Elapsed Time: 00:00:37.860485
