instance.yaml
kiva v0.2.0-21-g785bfe1
Copyright (C) 2012-2014 Big Ladder Software
Web: www.bigladdersoftware.com

Starting Program: 2014-Nov-18 11:25:26.120226
Creating Domain...
  X Cells: 179
  Y Cells: 1
  Z Cells: 113
  Total Cells: 20227
Initializing Temperatures...
  2098-Dec-31 23:00:00
  2099-Jan-11 13:00:00
  2099-Jan-22 15:00:00
  2099-Feb-02 17:00:00
  2099-Feb-13 19:00:00
  2099-Feb-24 21:00:00
  2099-Mar-07 23:00:00
  2099-Mar-19 02:00:00
  2099-Mar-30 04:00:00
  2099-Apr-10 06:00:00
  2099-Apr-21 08:00:00
  2099-May-02 10:00:00
  2099-May-13 13:00:00
  2099-May-24 15:00:00
  2099-Jun-04 17:00:00
  2099-Jun-15 19:00:00
  2099-Jun-26 22:00:00
  2099-Jul-07 23:00:00
  2099-Jul-19 01:00:00
  2099-Jul-30 04:00:00
  2099-Aug-10 06:00:00
  2099-Aug-21 08:00:00
  2099-Sep-01 10:00:00
  2099-Sep-12 13:00:00
  2099-Sep-23 15:00:00
  2099-Oct-04 17:00:00
  2099-Oct-15 19:00:00
  2099-Oct-26 22:00:00
  2099-Nov-07 00:00:00
  2099-Nov-18 03:00:00
  2099-Nov-29 05:00:00
  2099-Dec-10 07:00:00
  2099-Dec-21 09:00:00
Beginning Simulation...
  2100-Jan-01 12:00:00 (0.1%)
  2100-Jan-12 09:00:00 (3.1%)
  2100-Jan-23 07:00:00 (6.1%)
  2100-Feb-03 04:00:00 (9.1%)
  2100-Feb-14 01:00:00 (12.1%)
  2100-Feb-24 23:00:00 (15.1%)
  2100-Mar-07 20:00:00 (18%)
  2100-Mar-18 18:00:00 (21%)
  2100-Mar-29 15:00:00 (24%)
  2100-Apr-09 13:00:00 (27%)
  2100-Apr-20 11:00:00 (30%)
  2100-May-01 08:00:00 (33%)
  2100-May-12 06:00:00 (36%)
  2100-May-23 04:00:00 (38.9%)
  2100-Jun-03 02:00:00 (41.9%)
  2100-Jun-13 23:00:00 (44.9%)
  2100-Jun-24 21:00:00 (47.9%)
  2100-Jul-05 19:00:00 (50.9%)
  2100-Jul-16 16:00:00 (53.9%)
  2100-Jul-27 14:00:00 (56.9%)
  2100-Aug-07 12:00:00 (59.9%)
  2100-Aug-18 09:00:00 (62.8%)
  2100-Aug-29 07:00:00 (65.8%)
  2100-Sep-09 05:00:00 (68.8%)
  2100-Sep-20 03:00:00 (71.8%)
  2100-Oct-01 00:00:00 (74.8%)
  2100-Oct-11 22:00:00 (77.8%)
  2100-Oct-22 20:00:00 (80.8%)
  2100-Nov-02 18:00:00 (83.8%)
  2100-Nov-13 15:00:00 (86.7%)
  2100-Nov-24 12:00:00 (89.7%)
  2100-Dec-05 10:00:00 (92.7%)
  2100-Dec-16 08:00:00 (95.7%)
  2100-Dec-27 05:00:00 (98.7%)
  2100-Dec-31 23:00:00 (100%)
Finished Program: 2014-Nov-18 11:26:33.441817
Elapsed Time: 00:01:07.321591
