instance.yaml
kiva v0.2.0-21-g785bfe1
Copyright (C) 2012-2014 Big Ladder Software
Web: www.bigladdersoftware.com

Starting Program: 2014-Nov-18 11:24:27.885392
Creating Domain...
  X Cells: 185
  Y Cells: 1
  Z Cells: 125
  Total Cells: 23125
Initializing Temperatures...
  2099-Jan-02 02:00:00
  2099-Jan-12 07:00:00
  2099-Jan-22 12:00:00
  2099-Feb-01 17:00:00
  2099-Feb-11 22:00:00
  2099-Feb-22 02:00:00
  2099-Mar-04 07:00:00
  2099-Mar-14 12:00:00
  2099-Mar-24 17:00:00
  2099-Apr-03 22:00:00
  2099-Apr-14 03:00:00
  2099-Apr-24 07:00:00
  2099-May-04 12:00:00
  2099-May-14 17:00:00
  2099-May-24 22:00:00
  2099-Jun-04 03:00:00
  2099-Jun-14 08:00:00
  2099-Jun-24 14:00:00
  2099-Jul-04 20:00:00
  2099-Jul-15 01:00:00
  2099-Jul-25 07:00:00
  2099-Aug-04 13:00:00
  2099-Aug-14 19:00:00
  2099-Aug-25 01:00:00
  2099-Sep-04 07:00:00
  2099-Sep-14 13:00:00
  2099-Sep-24 19:00:00
  2099-Oct-05 01:00:00
  2099-Oct-15 07:00:00
  2099-Oct-25 13:00:00
  2099-Nov-04 18:00:00
  2099-Nov-15 00:00:00
  2099-Nov-25 06:00:00
  2099-Dec-05 12:00:00
  2099-Dec-15 18:00:00
  2099-Dec-25 23:00:00
Beginning Simulation...
  2100-Jan-04 23:00:00 (1.1%)
  2100-Jan-14 12:00:00 (3.7%)
  2100-Jan-24 01:00:00 (6.3%)
  2100-Feb-02 14:00:00 (8.9%)
  2100-Feb-12 03:00:00 (11.5%)
  2100-Feb-21 16:00:00 (14.2%)
  2100-Mar-03 05:00:00 (16.8%)
  2100-Mar-12 19:00:00 (19.4%)
  2100-Mar-22 08:00:00 (22%)
  2100-Mar-31 21:00:00 (24.6%)
  2100-Apr-10 10:00:00 (27.2%)
  2100-Apr-19 23:00:00 (29.9%)
  2100-Apr-29 12:00:00 (32.5%)
  2100-May-09 01:00:00 (35.1%)
  2100-May-18 14:00:00 (37.7%)
  2100-May-28 04:00:00 (40.3%)
  2100-Jun-06 17:00:00 (42.9%)
  2100-Jun-16 06:00:00 (45.5%)
  2100-Jun-25 19:00:00 (48.2%)
  2100-Jul-05 08:00:00 (50.8%)
  2100-Jul-14 21:00:00 (53.4%)
  2100-Jul-24 11:00:00 (56%)
  2100-Aug-03 00:00:00 (58.6%)
  2100-Aug-12 13:00:00 (61.2%)
  2100-Aug-22 02:00:00 (63.9%)
  2100-Aug-31 16:00:00 (66.5%)
  2100-Sep-10 05:00:00 (69.1%)
  2100-Sep-19 18:00:00 (71.7%)
  2100-Sep-29 07:00:00 (74.3%)
  2100-Oct-08 20:00:00 (76.9%)
  2100-Oct-18 10:00:00 (79.6%)
  2100-Oct-27 23:00:00 (82.2%)
  2100-Nov-06 12:00:00 (84.8%)
  2100-Nov-16 01:00:00 (87.4%)
  2100-Nov-25 15:00:00 (90%)
  2100-Dec-05 01:00:00 (92.6%)
  2100-Dec-14 15:00:00 (95.2%)
  2100-Dec-24 04:00:00 (97.9%)
  2100-Dec-31 23:00:00 (100%)
Finished Program: 2014-Nov-18 11:25:42.819527
Elapsed Time: 00:01:14.934135
