instance.yaml
kiva v0.2.0-20-g4c7c200
Copyright (C) 2012-2014 Big Ladder Software
Web: www.bigladdersoftware.com

Starting Program: 2014-Nov-17 14:14:17.796512
Creating Domain...
  X Cells: 134
  Y Cells: 1
  Z Cells: 96
  Total Cells: 12864
Initializing Temperatures...
  2098-Oct-01 23:00:00
  2099-Jan-10 02:00:00
  2099-Jan-27 08:00:00
  2099-Feb-13 15:00:00
  2099-Mar-02 21:00:00
  2099-Mar-20 03:00:00
  2099-Apr-06 09:00:00
  2099-Apr-23 15:00:00
  2099-May-10 21:00:00
  2099-May-28 07:00:00
  2099-Jun-14 20:00:00
  2099-Jul-02 09:00:00
  2099-Jul-19 22:00:00
  2099-Aug-06 10:00:00
  2099-Aug-24 00:00:00
  2099-Sep-10 13:00:00
  2099-Sep-28 02:00:00
  2099-Oct-15 15:00:00
  2099-Nov-02 04:00:00
  2099-Nov-19 17:00:00
  2099-Dec-07 06:00:00
  2099-Dec-24 19:00:00
Beginning Simulation...
  2100-Jan-11 01:00:00 (2.8%)
  2100-Jan-28 01:00:00 (7.4%)
  2100-Feb-14 01:00:00 (12.1%)
  2100-Mar-03 01:00:00 (16.7%)
  2100-Mar-20 01:00:00 (21.4%)
  2100-Apr-06 01:00:00 (26%)
  2100-Apr-23 02:00:00 (30.7%)
  2100-May-10 02:00:00 (35.4%)
  2100-May-27 02:00:00 (40%)
  2100-Jun-13 01:00:00 (44.7%)
  2100-Jun-30 01:00:00 (49.3%)
  2100-Jul-17 01:00:00 (54%)
  2100-Aug-03 01:00:00 (58.6%)
  2100-Aug-20 02:00:00 (63.3%)
  2100-Sep-06 02:00:00 (68%)
  2100-Sep-23 02:00:00 (72.6%)
  2100-Oct-10 02:00:00 (77.3%)
  2100-Oct-27 03:00:00 (82%)
  2100-Nov-13 02:00:00 (86.6%)
  2100-Nov-30 03:00:00 (91.3%)
  2100-Dec-17 03:00:00 (95.9%)
  2100-Dec-31 23:00:00 (100%)
Finished Program: 2014-Nov-17 14:15:00.873812
Elapsed Time: 00:00:43.077300
