instance.yaml
kiva v0.2.0-9-g526928a
Copyright (C) 2012-2014 Big Ladder Software
Web: www.bigladdersoftware.com

Starting Program: 2014-Nov-15 12:23:46.670499
Creating Domain...
  X Cells: 145
  Y Cells: 1
  Z Cells: 158
  Total Cells: 22910
Initializing Temperatures...
  2098-Oct-08 23:00:00
  2099-Jan-06 05:00:00
  2099-Jan-16 15:00:00
  2099-Jan-27 02:00:00
  2099-Feb-06 12:00:00
  2099-Feb-16 22:00:00
  2099-Feb-27 08:00:00
  2099-Mar-09 18:00:00
  2099-Mar-20 04:00:00
  2099-Mar-30 14:00:00
  2099-Apr-10 01:00:00
  2099-Apr-20 11:00:00
  2099-Apr-30 21:00:00
  2099-May-11 07:00:00
  2099-May-21 17:00:00
  2099-Jun-01 04:00:00
  2099-Jun-11 14:00:00
  2099-Jun-22 00:00:00
  2099-Jul-02 11:00:00
  2099-Jul-12 21:00:00
  2099-Jul-23 07:00:00
  2099-Aug-02 18:00:00
  2099-Aug-13 04:00:00
  2099-Aug-23 14:00:00
  2099-Sep-03 01:00:00
  2099-Sep-13 11:00:00
  2099-Sep-23 21:00:00
  2099-Oct-04 07:00:00
  2099-Oct-14 18:00:00
  2099-Oct-25 04:00:00
  2099-Nov-04 15:00:00
  2099-Nov-15 01:00:00
  2099-Nov-25 12:00:00
  2099-Dec-05 22:00:00
  2099-Dec-16 08:00:00
  2099-Dec-26 19:00:00
Beginning Simulation...
  2100-Jan-05 16:00:00 (1.3%)
  2100-Jan-14 23:00:00 (3.8%)
  2100-Jan-24 06:00:00 (6.4%)
  2100-Feb-02 14:00:00 (8.9%)
  2100-Feb-11 21:00:00 (11.5%)
  2100-Feb-21 04:00:00 (14%)
  2100-Mar-02 12:00:00 (16.6%)
  2100-Mar-11 19:00:00 (19.1%)
  2100-Mar-21 02:00:00 (21.7%)
  2100-Mar-30 10:00:00 (24.2%)
  2100-Apr-08 17:00:00 (26.8%)
  2100-Apr-18 00:00:00 (29.3%)
  2100-Apr-27 08:00:00 (31.9%)
  2100-May-06 15:00:00 (34.4%)
  2100-May-15 23:00:00 (37%)
  2100-May-25 06:00:00 (39.5%)
  2100-Jun-03 14:00:00 (42.1%)
  2100-Jun-12 21:00:00 (44.6%)
  2100-Jun-22 05:00:00 (47.2%)
  2100-Jul-01 12:00:00 (49.7%)
  2100-Jul-10 20:00:00 (52.3%)
  2100-Jul-20 03:00:00 (54.8%)
  2100-Jul-29 09:00:00 (57.4%)
  2100-Aug-07 17:00:00 (59.9%)
  2100-Aug-17 00:00:00 (62.5%)
  2100-Aug-26 08:00:00 (65%)
  2100-Sep-04 16:00:00 (67.6%)
  2100-Sep-13 23:00:00 (70.1%)
  2100-Sep-23 06:00:00 (72.7%)
  2100-Oct-02 14:00:00 (75.2%)
  2100-Oct-11 20:00:00 (77.8%)
  2100-Oct-21 04:00:00 (80.3%)
  2100-Oct-30 11:00:00 (82.9%)
  2100-Nov-08 19:00:00 (85.4%)
  2100-Nov-18 00:00:00 (87.9%)
  2100-Nov-27 08:00:00 (90.5%)
  2100-Dec-06 15:00:00 (93%)
  2100-Dec-15 23:00:00 (95.6%)
  2100-Dec-25 06:00:00 (98.2%)
  2100-Dec-31 23:00:00 (100%)
Finished Program: 2014-Nov-15 12:25:01.725247
Elapsed Time: 00:01:15.054748
