instance.yaml
kiva v0.2.0-9-g526928a
Copyright (C) 2012-2014 Big Ladder Software
Web: www.bigladdersoftware.com

Starting Program: 2014-Nov-15 12:24:42.225459
Creating Domain...
  X Cells: 141
  Y Cells: 1
  Z Cells: 133
  Total Cells: 18753
Initializing Temperatures...
  2098-Dec-31 23:00:00
  2099-Jan-12 19:00:00
  2099-Jan-24 19:00:00
  2099-Feb-05 19:00:00
  2099-Feb-17 19:00:00
  2099-Mar-01 19:00:00
  2099-Mar-13 19:00:00
  2099-Mar-25 19:00:00
  2099-Apr-06 19:00:00
  2099-Apr-18 20:00:00
  2099-Apr-30 20:00:00
  2099-May-12 20:00:00
  2099-May-24 20:00:00
  2099-Jun-05 21:00:00
  2099-Jun-17 21:00:00
  2099-Jun-29 21:00:00
  2099-Jul-11 21:00:00
  2099-Jul-23 21:00:00
  2099-Aug-04 22:00:00
  2099-Aug-16 22:00:00
  2099-Aug-28 22:00:00
  2099-Sep-09 22:00:00
  2099-Sep-21 22:00:00
  2099-Oct-03 23:00:00
  2099-Oct-15 23:00:00
  2099-Oct-27 23:00:00
  2099-Nov-08 23:00:00
  2099-Nov-20 23:00:00
  2099-Dec-03 00:00:00
  2099-Dec-15 00:00:00
  2099-Dec-27 01:00:00
Beginning Simulation...
  2100-Jan-07 10:00:00 (1.8%)
  2100-Jan-18 08:00:00 (4.7%)
  2100-Jan-29 06:00:00 (7.7%)
  2100-Feb-09 03:00:00 (10.7%)
  2100-Feb-20 01:00:00 (13.7%)
  2100-Mar-02 23:00:00 (16.7%)
  2100-Mar-13 21:00:00 (19.7%)
  2100-Mar-24 19:00:00 (22.7%)
  2100-Apr-04 16:00:00 (25.7%)
  2100-Apr-15 14:00:00 (28.7%)
  2100-Apr-26 12:00:00 (31.6%)
  2100-May-07 10:00:00 (34.6%)
  2100-May-18 08:00:00 (37.6%)
  2100-May-29 06:00:00 (40.6%)
  2100-Jun-09 04:00:00 (43.6%)
  2100-Jun-20 02:00:00 (46.6%)
  2100-Jul-01 00:00:00 (49.6%)
  2100-Jul-11 22:00:00 (52.6%)
  2100-Jul-22 20:00:00 (55.6%)
  2100-Aug-02 18:00:00 (58.6%)
  2100-Aug-13 16:00:00 (61.6%)
  2100-Aug-24 14:00:00 (64.5%)
  2100-Sep-04 12:00:00 (67.5%)
  2100-Sep-15 10:00:00 (70.5%)
  2100-Sep-26 08:00:00 (73.5%)
  2100-Oct-07 06:00:00 (76.5%)
  2100-Oct-18 04:00:00 (79.5%)
  2100-Oct-29 03:00:00 (82.5%)
  2100-Nov-09 01:00:00 (85.5%)
  2100-Nov-19 21:00:00 (88.5%)
  2100-Nov-30 19:00:00 (91.4%)
  2100-Dec-11 17:00:00 (94.4%)
  2100-Dec-22 15:00:00 (97.4%)
  2100-Dec-31 23:00:00 (100%)
Finished Program: 2014-Nov-15 12:25:46.856216
Elapsed Time: 00:01:04.630757
