instance.yaml
kiva v0.2.0-20-g4c7c200
Copyright (C) 2012-2014 Big Ladder Software
Web: www.bigladdersoftware.com

Starting Program: 2014-Nov-17 14:11:19.088935
Creating Domain...
  X Cells: 99
  Y Cells: 1
  Z Cells: 158
  Total Cells: 15642
Initializing Temperatures...
  2099-Jan-04 06:00:00
  2099-Jan-20 14:00:00
  2099-Feb-05 21:00:00
  2099-Feb-22 05:00:00
  2099-Mar-10 12:00:00
  2099-Mar-26 20:00:00
  2099-Apr-12 04:00:00
  2099-Apr-28 12:00:00
  2099-May-14 20:00:00
  2099-May-31 03:00:00
  2099-Jun-16 11:00:00
  2099-Jul-02 19:00:00
  2099-Jul-19 03:00:00
  2099-Aug-04 11:00:00
  2099-Aug-20 19:00:00
  2099-Sep-06 03:00:00
  2099-Sep-22 11:00:00
  2099-Oct-08 19:00:00
  2099-Oct-25 03:00:00
  2099-Nov-10 11:00:00
  2099-Nov-26 20:00:00
  2099-Dec-13 04:00:00
  2099-Dec-29 11:00:00
Beginning Simulation...
  2100-Jan-13 14:00:00 (3.4%)
  2100-Jan-28 10:00:00 (7.5%)
  2100-Feb-12 07:00:00 (11.6%)
  2100-Feb-27 04:00:00 (15.7%)
  2100-Mar-14 01:00:00 (19.7%)
  2100-Mar-28 21:00:00 (23.8%)
  2100-Apr-12 18:00:00 (27.9%)
  2100-Apr-27 15:00:00 (32%)
  2100-May-12 13:00:00 (36%)
  2100-May-27 09:00:00 (40.1%)
  2100-Jun-11 06:00:00 (44.2%)
  2100-Jun-26 03:00:00 (48.3%)
  2100-Jul-11 01:00:00 (52.3%)
  2100-Jul-25 22:00:00 (56.4%)
  2100-Aug-09 20:00:00 (60.5%)
  2100-Aug-24 16:00:00 (64.6%)
  2100-Sep-08 14:00:00 (68.7%)
  2100-Sep-23 11:00:00 (72.7%)
  2100-Oct-08 08:00:00 (76.8%)
  2100-Oct-23 06:00:00 (80.9%)
  2100-Nov-07 03:00:00 (85%)
  2100-Nov-22 00:00:00 (89%)
  2100-Dec-06 22:00:00 (93.1%)
  2100-Dec-21 18:00:00 (97.2%)
  2100-Dec-31 23:00:00 (100%)
Finished Program: 2014-Nov-17 14:12:06.687485
Elapsed Time: 00:00:47.598550
