instance.yaml
kiva v0.2.0-9-g526928a
Copyright (C) 2012-2014 Big Ladder Software
Web: www.bigladdersoftware.com

Starting Program: 2014-Nov-15 12:22:43.677444
Creating Domain...
  X Cells: 185
  Y Cells: 1
  Z Cells: 158
  Total Cells: 29230
Initializing Temperatures...
  2098-Oct-01 23:00:00
  2099-Jan-02 05:00:00
  2099-Jan-09 02:00:00
  2099-Jan-15 22:00:00
  2099-Jan-22 19:00:00
  2099-Jan-29 15:00:00
  2099-Feb-05 11:00:00
  2099-Feb-12 08:00:00
  2099-Feb-19 04:00:00
  2099-Feb-26 01:00:00
  2099-Mar-04 21:00:00
  2099-Mar-11 18:00:00
  2099-Mar-18 14:00:00
  2099-Mar-25 11:00:00
  2099-Apr-01 07:00:00
  2099-Apr-08 04:00:00
  2099-Apr-15 00:00:00
  2099-Apr-21 21:00:00
  2099-Apr-28 18:00:00
  2099-May-05 14:00:00
  2099-May-12 11:00:00
  2099-May-19 08:00:00
  2099-May-26 05:00:00
  2099-Jun-02 02:00:00
  2099-Jun-08 23:00:00
  2099-Jun-15 20:00:00
  2099-Jun-22 17:00:00
  2099-Jun-29 13:00:00
  2099-Jul-06 10:00:00
  2099-Jul-13 07:00:00
  2099-Jul-20 04:00:00
  2099-Jul-26 23:00:00
  2099-Aug-02 20:00:00
  2099-Aug-09 17:00:00
  2099-Aug-16 14:00:00
  2099-Aug-23 11:00:00
  2099-Aug-30 08:00:00
  2099-Sep-06 04:00:00
  2099-Sep-13 01:00:00
  2099-Sep-19 22:00:00
  2099-Sep-26 19:00:00
  2099-Oct-03 16:00:00
  2099-Oct-10 13:00:00
  2099-Oct-17 10:00:00
  2099-Oct-24 07:00:00
  2099-Oct-31 03:00:00
  2099-Nov-07 00:00:00
  2099-Nov-13 21:00:00
  2099-Nov-20 17:00:00
  2099-Nov-27 14:00:00
  2099-Dec-04 10:00:00
  2099-Dec-11 07:00:00
  2099-Dec-18 04:00:00
  2099-Dec-25 00:00:00
  2099-Dec-31 21:00:00
Beginning Simulation...
  2100-Jan-07 05:00:00 (1.7%)
  2100-Jan-13 14:00:00 (3.4%)
  2100-Jan-19 22:00:00 (5.2%)
  2100-Jan-26 07:00:00 (6.9%)
  2100-Feb-01 15:00:00 (8.7%)
  2100-Feb-08 00:00:00 (10.4%)
  2100-Feb-14 08:00:00 (12.1%)
  2100-Feb-20 16:00:00 (13.9%)
  2100-Feb-27 01:00:00 (15.6%)
  2100-Mar-05 09:00:00 (17.4%)
  2100-Mar-11 17:00:00 (19.1%)
  2100-Mar-18 02:00:00 (20.8%)
  2100-Mar-24 10:00:00 (22.6%)
  2100-Mar-30 19:00:00 (24.3%)
  2100-Apr-06 03:00:00 (26.1%)
  2100-Apr-12 12:00:00 (27.8%)
  2100-Apr-18 20:00:00 (29.5%)
  2100-Apr-25 04:00:00 (31.3%)
  2100-May-01 13:00:00 (33%)
  2100-May-07 21:00:00 (34.8%)
  2100-May-14 06:00:00 (36.5%)
  2100-May-20 14:00:00 (38.2%)
  2100-May-26 22:00:00 (40%)
  2100-Jun-02 07:00:00 (41.7%)
  2100-Jun-08 16:00:00 (43.5%)
  2100-Jun-15 00:00:00 (45.2%)
  2100-Jun-21 09:00:00 (47%)
  2100-Jun-27 17:00:00 (48.7%)
  2100-Jul-04 02:00:00 (50.4%)
  2100-Jul-10 11:00:00 (52.2%)
  2100-Jul-16 19:00:00 (53.9%)
  2100-Jul-23 07:00:00 (55.7%)
  2100-Jul-29 20:00:00 (57.5%)
  2100-Aug-05 09:00:00 (59.3%)
  2100-Aug-11 22:00:00 (61.1%)
  2100-Aug-18 11:00:00 (62.9%)
  2100-Aug-25 00:00:00 (64.7%)
  2100-Aug-31 13:00:00 (66.4%)
  2100-Sep-07 02:00:00 (68.2%)
  2100-Sep-13 16:00:00 (70%)
  2100-Sep-20 05:00:00 (71.8%)
  2100-Sep-26 18:00:00 (73.6%)
  2100-Oct-03 07:00:00 (75.4%)
  2100-Oct-09 20:00:00 (77.2%)
  2100-Oct-16 09:00:00 (79%)
  2100-Oct-22 22:00:00 (80.8%)
  2100-Oct-29 11:00:00 (82.6%)
  2100-Nov-05 01:00:00 (84.4%)
  2100-Nov-11 13:00:00 (86.2%)
  2100-Nov-18 02:00:00 (88%)
  2100-Nov-24 15:00:00 (89.8%)
  2100-Dec-01 04:00:00 (91.6%)
  2100-Dec-07 17:00:00 (93.3%)
  2100-Dec-14 06:00:00 (95.1%)
  2100-Dec-20 19:00:00 (96.9%)
  2100-Dec-27 08:00:00 (98.7%)
  2100-Dec-31 23:00:00 (100%)
Finished Program: 2014-Nov-15 12:24:34.713335
Elapsed Time: 00:01:51.035891
