instance.yaml
kiva v0.2.0-9-g526928a
Copyright (C) 2012-2014 Big Ladder Software
Web: www.bigladdersoftware.com

Starting Program: 2014-Oct-26 15:54:01.214217
Creating Domain...
  X Cells: 97
  Y Cells: 1
  Z Cells: 125
  Total Cells: 12125
Initializing Temperatures...
  2098-Nov-26 23:00:00
  2099-Jan-16 04:00:00
  2099-Feb-06 12:00:00
  2099-Feb-27 21:00:00
  2099-Mar-21 05:00:00
  2099-Apr-11 13:00:00
  2099-May-02 22:00:00
  2099-May-24 05:00:00
  2099-Jun-14 13:00:00
  2099-Jul-05 22:00:00
  2099-Jul-27 06:00:00
  2099-Aug-17 15:00:00
  2099-Sep-07 23:00:00
  2099-Sep-29 08:00:00
  2099-Oct-20 16:00:00
  2099-Nov-11 01:00:00
  2099-Dec-02 09:00:00
  2099-Dec-23 18:00:00
Beginning Simulation...
  2100-Jan-13 04:00:00 (3.3%)
  2100-Feb-01 23:00:00 (8.8%)
  2100-Feb-21 18:00:00 (14.2%)
  2100-Mar-13 13:00:00 (19.6%)
  2100-Apr-02 08:00:00 (25%)
  2100-Apr-22 04:00:00 (30.5%)
  2100-May-11 23:00:00 (35.9%)
  2100-May-31 18:00:00 (41.3%)
  2100-Jun-20 14:00:00 (46.7%)
  2100-Jul-10 10:00:00 (52.2%)
  2100-Jul-30 06:00:00 (57.6%)
  2100-Aug-19 01:00:00 (63%)
  2100-Sep-07 21:00:00 (68.5%)
  2100-Sep-27 16:00:00 (73.9%)
  2100-Oct-17 09:00:00 (79.3%)
  2100-Nov-06 05:00:00 (84.7%)
  2100-Nov-26 00:00:00 (90.1%)
  2100-Dec-15 20:00:00 (95.6%)
  2100-Dec-31 23:00:00 (100%)
Finished Program: 2014-Oct-26 15:54:37.815216
Elapsed Time: 00:00:36.600999
