instance.yaml
kiva v0.2.0-21-g785bfe1
Copyright (C) 2012-2014 Big Ladder Software
Web: www.bigladdersoftware.com

Starting Program: 2014-Nov-18 11:28:29.137230
Creating Domain...
  X Cells: 106
  Y Cells: 1
  Z Cells: 125
  Total Cells: 13250
Initializing Temperatures...
  2099-Jan-05 06:00:00
  2099-Jan-24 04:00:00
  2099-Feb-12 03:00:00
  2099-Mar-03 01:00:00
  2099-Mar-21 23:00:00
  2099-Apr-09 22:00:00
  2099-Apr-28 20:00:00
  2099-May-17 19:00:00
  2099-Jun-05 17:00:00
  2099-Jun-24 16:00:00
  2099-Jul-13 14:00:00
  2099-Aug-01 13:00:00
  2099-Aug-20 11:00:00
  2099-Sep-08 10:00:00
  2099-Sep-27 08:00:00
  2099-Oct-16 07:00:00
  2099-Nov-04 05:00:00
  2099-Nov-23 04:00:00
  2099-Dec-12 03:00:00
  2099-Dec-31 01:00:00
Beginning Simulation...
  2100-Jan-17 16:00:00 (4.6%)
  2100-Feb-04 05:00:00 (9.4%)
  2100-Feb-21 18:00:00 (14.2%)
  2100-Mar-11 07:00:00 (19%)
  2100-Mar-28 20:00:00 (23.8%)
  2100-Apr-15 09:00:00 (28.6%)
  2100-May-02 22:00:00 (33.4%)
  2100-May-20 11:00:00 (38.2%)
  2100-Jun-06 23:00:00 (43%)
  2100-Jun-24 12:00:00 (47.8%)
  2100-Jul-12 01:00:00 (52.6%)
  2100-Jul-29 12:00:00 (57.4%)
  2100-Aug-16 01:00:00 (62.2%)
  2100-Sep-02 14:00:00 (67%)
  2100-Sep-20 03:00:00 (71.8%)
  2100-Oct-07 17:00:00 (76.6%)
  2100-Oct-25 05:00:00 (81.4%)
  2100-Nov-11 19:00:00 (86.2%)
  2100-Nov-29 08:00:00 (91.1%)
  2100-Dec-16 21:00:00 (95.9%)
  2100-Dec-31 23:00:00 (100%)
Finished Program: 2014-Nov-18 11:29:09.860999
Elapsed Time: 00:00:40.723769
