instance.yaml
kiva v0.2.0-21-g785bfe1
Copyright (C) 2012-2014 Big Ladder Software
Web: www.bigladdersoftware.com

Starting Program: 2014-Nov-18 11:01:24.664101
Creating Domain...
  X Cells: 86
  Y Cells: 1
  Z Cells: 133
  Total Cells: 11438
Initializing Temperatures...
  2098-Oct-15 23:00:00
  2099-Jan-16 09:00:00
  2099-Feb-06 16:00:00
  2099-Feb-27 23:00:00
  2099-Mar-21 05:00:00
  2099-Apr-11 12:00:00
  2099-May-02 19:00:00
  2099-May-24 02:00:00
  2099-Jun-14 09:00:00
  2099-Jul-05 16:00:00
  2099-Jul-26 23:00:00
  2099-Aug-17 06:00:00
  2099-Sep-07 12:00:00
  2099-Sep-28 19:00:00
  2099-Oct-20 03:00:00
  2099-Nov-10 10:00:00
  2099-Dec-01 17:00:00
  2099-Dec-23 00:00:00
Beginning Simulation...
  2100-Jan-12 05:00:00 (3.1%)
  2100-Jan-31 16:00:00 (8.4%)
  2100-Feb-20 02:00:00 (13.7%)
  2100-Mar-11 13:00:00 (19.1%)
  2100-Mar-30 23:00:00 (24.4%)
  2100-Apr-19 10:00:00 (29.7%)
  2100-May-08 21:00:00 (35%)
  2100-May-28 08:00:00 (40.4%)
  2100-Jun-16 19:00:00 (45.7%)
  2100-Jul-06 07:00:00 (51%)
  2100-Jul-25 18:00:00 (56.4%)
  2100-Aug-14 05:00:00 (61.7%)
  2100-Sep-02 17:00:00 (67%)
  2100-Sep-22 04:00:00 (72.4%)
  2100-Oct-11 16:00:00 (77.7%)
  2100-Oct-31 03:00:00 (83%)
  2100-Nov-19 13:00:00 (88.4%)
  2100-Dec-08 19:00:00 (93.6%)
  2100-Dec-28 06:00:00 (99%)
  2100-Dec-31 23:00:00 (100%)
Finished Program: 2014-Nov-18 11:02:01.191676
Elapsed Time: 00:00:36.527575
