instance.yaml
kiva v0.2.0-9-g526928a
Copyright (C) 2012-2014 Big Ladder Software
Web: www.bigladdersoftware.com

Starting Program: 2014-Oct-19 03:12:59.927338
Creating Domain...
  X Cells: 98
  Y Cells: 1
  Z Cells: 158
  Total Cells: 15484
Initializing Temperatures...
  2099-Jan-01 00:00:00
  2099-Jan-15 03:00:00
  2099-Feb-02 12:00:00
  2099-Feb-20 21:00:00
  2099-Mar-11 06:00:00
  2099-Mar-29 15:00:00
  2099-Apr-17 00:00:00
  2099-May-05 09:00:00
  2099-May-23 19:00:00
  2099-Jun-11 04:00:00
  2099-Jun-29 14:00:00
  2099-Jul-18 00:00:00
  2099-Aug-05 09:00:00
  2099-Aug-23 19:00:00
  2099-Sep-11 05:00:00
  2099-Sep-29 14:00:00
  2099-Oct-18 00:00:00
  2099-Nov-05 09:00:00
  2099-Nov-23 19:00:00
  2099-Dec-12 04:00:00
  2099-Dec-30 14:00:00
Beginning Simulation...
  2100-Jan-16 12:00:00 (4.2%)
  2100-Feb-02 07:00:00 (8.8%)
  2100-Feb-19 03:00:00 (13.5%)
  2100-Mar-07 22:00:00 (18.1%)
  2100-Mar-24 18:00:00 (22.7%)
  2100-Apr-10 13:00:00 (27.3%)
  2100-Apr-27 08:00:00 (31.9%)
  2100-May-14 04:00:00 (36.5%)
  2100-May-31 01:00:00 (41.1%)
  2100-Jun-16 21:00:00 (45.7%)
  2100-Jul-03 17:00:00 (50.3%)
  2100-Jul-20 13:00:00 (54.9%)
  2100-Aug-06 07:00:00 (59.5%)
  2100-Aug-23 03:00:00 (64.1%)
  2100-Sep-08 23:00:00 (68.8%)
  2100-Sep-25 19:00:00 (73.4%)
  2100-Oct-12 15:00:00 (78%)
  2100-Oct-29 12:00:00 (82.6%)
  2100-Nov-15 07:00:00 (87.2%)
  2100-Dec-02 03:00:00 (91.8%)
  2100-Dec-18 23:00:00 (96.4%)
  2100-Dec-31 23:00:00 (100%)
Finished Program: 2014-Oct-19 03:13:42.775179
Elapsed Time: 00:00:42.847841
