instance.yaml
kiva v0.2.0-9-g526928a
Copyright (C) 2012-2014 Big Ladder Software
Web: www.bigladdersoftware.com

Starting Program: 2014-Oct-26 15:54:33.100362
Creating Domain...
  X Cells: 87
  Y Cells: 1
  Z Cells: 125
  Total Cells: 10875
Initializing Temperatures...
  2098-Dec-03 23:00:00
  2099-Jan-13 03:00:00
  2099-Feb-05 20:00:00
  2099-Mar-01 14:00:00
  2099-Mar-25 07:00:00
  2099-Apr-18 00:00:00
  2099-May-11 18:00:00
  2099-Jun-04 11:00:00
  2099-Jun-28 04:00:00
  2099-Jul-21 21:00:00
  2099-Aug-14 15:00:00
  2099-Sep-07 08:00:00
  2099-Oct-01 02:00:00
  2099-Oct-24 20:00:00
  2099-Nov-17 13:00:00
  2099-Dec-11 11:00:00
Beginning Simulation...
  2100-Jan-04 06:00:00 (0.9%)
  2100-Jan-26 10:00:00 (7%)
  2100-Feb-17 14:00:00 (13%)
  2100-Mar-11 17:00:00 (19.1%)
  2100-Apr-02 20:00:00 (25.2%)
  2100-Apr-25 00:00:00 (31.2%)
  2100-May-17 04:00:00 (37.3%)
  2100-Jun-08 08:00:00 (43.4%)
  2100-Jun-30 12:00:00 (49.5%)
  2100-Jul-22 16:00:00 (55.5%)
  2100-Aug-13 20:00:00 (61.6%)
  2100-Sep-05 00:00:00 (67.7%)
  2100-Sep-27 04:00:00 (73.7%)
  2100-Oct-19 09:00:00 (79.8%)
  2100-Nov-10 13:00:00 (85.9%)
  2100-Dec-02 17:00:00 (92%)
  2100-Dec-24 21:00:00 (98%)
  2100-Dec-31 23:00:00 (100%)
Finished Program: 2014-Oct-26 15:55:06.320025
Elapsed Time: 00:00:33.219663
