instance.yaml
kiva v0.2.0-9-g526928a
Copyright (C) 2012-2014 Big Ladder Software
Web: www.bigladdersoftware.com

Starting Program: 2014-Oct-26 15:41:00.088507
Creating Domain...
  X Cells: 99
  Y Cells: 1
  Z Cells: 125
  Total Cells: 12375
Initializing Temperatures...
  2098-Nov-26 23:00:00
  2099-Jan-11 10:00:00
  2099-Feb-02 06:00:00
  2099-Feb-24 02:00:00
  2099-Mar-17 21:00:00
  2099-Apr-08 17:00:00
  2099-Apr-30 13:00:00
  2099-May-22 09:00:00
  2099-Jun-13 05:00:00
  2099-Jul-05 01:00:00
  2099-Jul-26 21:00:00
  2099-Aug-17 17:00:00
  2099-Sep-08 13:00:00
  2099-Sep-30 09:00:00
  2099-Oct-22 05:00:00
  2099-Nov-13 01:00:00
  2099-Dec-04 21:00:00
  2099-Dec-26 16:00:00
Beginning Simulation...
  2100-Jan-16 08:00:00 (4.2%)
  2100-Feb-05 15:00:00 (9.8%)
  2100-Feb-25 21:00:00 (15.3%)
  2100-Mar-18 04:00:00 (20.9%)
  2100-Apr-07 11:00:00 (26.4%)
  2100-Apr-27 18:00:00 (32%)
  2100-May-18 01:00:00 (37.5%)
  2100-Jun-07 09:00:00 (43.1%)
  2100-Jun-27 16:00:00 (48.7%)
  2100-Jul-17 23:00:00 (54.2%)
  2100-Aug-07 06:00:00 (59.8%)
  2100-Aug-27 13:00:00 (65.4%)
  2100-Sep-16 21:00:00 (70.9%)
  2100-Oct-07 00:00:00 (76.4%)
  2100-Oct-27 07:00:00 (82%)
  2100-Nov-16 14:00:00 (87.6%)
  2100-Dec-06 20:00:00 (93.1%)
  2100-Dec-26 23:00:00 (98.6%)
  2100-Dec-31 23:00:00 (100%)
Finished Program: 2014-Oct-26 15:41:36.249284
Elapsed Time: 00:00:36.160777
