instance.yaml
kiva v0.2.0-21-g785bfe1
Copyright (C) 2012-2014 Big Ladder Software
Web: www.bigladdersoftware.com

Starting Program: 2014-Nov-18 11:09:25.628993
Creating Domain...
  X Cells: 92
  Y Cells: 1
  Z Cells: 133
  Total Cells: 12236
Initializing Temperatures...
  2098-Oct-22 23:00:00
  2099-Jan-15 04:00:00
  2099-Feb-03 15:00:00
  2099-Feb-23 02:00:00
  2099-Mar-14 12:00:00
  2099-Apr-02 23:00:00
  2099-Apr-22 10:00:00
  2099-May-11 21:00:00
  2099-May-31 08:00:00
  2099-Jun-19 19:00:00
  2099-Jul-09 06:00:00
  2099-Jul-28 17:00:00
  2099-Aug-17 04:00:00
  2099-Sep-05 15:00:00
  2099-Sep-25 02:00:00
  2099-Oct-14 14:00:00
  2099-Nov-03 02:00:00
  2099-Nov-22 13:00:00
  2099-Dec-12 02:00:00
  2099-Dec-31 14:00:00
Beginning Simulation...
  2100-Jan-18 13:00:00 (4.8%)
  2100-Feb-05 11:00:00 (9.7%)
  2100-Feb-23 08:00:00 (14.6%)
  2100-Mar-13 06:00:00 (19.5%)
  2100-Mar-31 03:00:00 (24.4%)
  2100-Apr-18 01:00:00 (29.3%)
  2100-May-05 23:00:00 (34.2%)
  2100-May-23 21:00:00 (39.1%)
  2100-Jun-10 19:00:00 (44.1%)
  2100-Jun-28 18:00:00 (49%)
  2100-Jul-16 16:00:00 (53.9%)
  2100-Aug-03 14:00:00 (58.8%)
  2100-Aug-21 12:00:00 (63.7%)
  2100-Sep-08 10:00:00 (68.6%)
  2100-Sep-26 08:00:00 (73.5%)
  2100-Oct-14 04:00:00 (78.4%)
  2100-Nov-01 02:00:00 (83.3%)
  2100-Nov-19 00:00:00 (88.2%)
  2100-Dec-06 22:00:00 (93.1%)
  2100-Dec-24 20:00:00 (98%)
  2100-Dec-31 23:00:00 (100%)
Finished Program: 2014-Nov-18 11:10:05.397834
Elapsed Time: 00:00:39.768841
