instance.yaml
kiva v0.2.0-22-gd89b213
Copyright (C) 2012-2014 Big Ladder Software
Web: www.bigladdersoftware.com

Starting Program: 2014-Nov-19 10:44:43.807885
Creating Domain...
  X Cells: 186
  Y Cells: 1
  Z Cells: 125
  Total Cells: 23250
Initializing Temperatures...
  2099-Jan-02 14:00:00
  2099-Jan-12 17:00:00
  2099-Jan-22 20:00:00
  2099-Feb-02 00:00:00
  2099-Feb-12 03:00:00
  2099-Feb-22 06:00:00
  2099-Mar-04 09:00:00
  2099-Mar-14 13:00:00
  2099-Mar-24 16:00:00
  2099-Apr-03 19:00:00
  2099-Apr-13 22:00:00
  2099-Apr-24 02:00:00
  2099-May-04 05:00:00
  2099-May-14 08:00:00
  2099-May-24 12:00:00
  2099-Jun-03 15:00:00
  2099-Jun-13 18:00:00
  2099-Jun-23 21:00:00
  2099-Jul-04 01:00:00
  2099-Jul-14 04:00:00
  2099-Jul-24 08:00:00
  2099-Aug-03 11:00:00
  2099-Aug-13 14:00:00
  2099-Aug-23 18:00:00
  2099-Sep-02 21:00:00
  2099-Sep-13 01:00:00
  2099-Sep-23 04:00:00
  2099-Oct-03 08:00:00
  2099-Oct-13 11:00:00
  2099-Oct-23 15:00:00
  2099-Nov-02 18:00:00
  2099-Nov-12 22:00:00
  2099-Nov-23 01:00:00
  2099-Dec-03 05:00:00
  2099-Dec-13 08:00:00
  2099-Dec-23 11:00:00
Beginning Simulation...
  2100-Jan-02 12:00:00 (0.4%)
  2100-Jan-11 22:00:00 (3%)
  2100-Jan-21 08:00:00 (5.6%)
  2100-Jan-30 18:00:00 (8.2%)
  2100-Feb-09 04:00:00 (10.7%)
  2100-Feb-18 15:00:00 (13.3%)
  2100-Feb-28 01:00:00 (15.9%)
  2100-Mar-09 11:00:00 (18.5%)
  2100-Mar-18 21:00:00 (21.1%)
  2100-Mar-28 07:00:00 (23.6%)
  2100-Apr-06 17:00:00 (26.2%)
  2100-Apr-16 04:00:00 (28.8%)
  2100-Apr-25 14:00:00 (31.4%)
  2100-May-05 00:00:00 (34%)
  2100-May-14 10:00:00 (36.6%)
  2100-May-23 21:00:00 (39.1%)
  2100-Jun-02 07:00:00 (41.7%)
  2100-Jun-11 18:00:00 (44.3%)
  2100-Jun-21 04:00:00 (46.9%)
  2100-Jun-30 14:00:00 (49.5%)
  2100-Jul-10 01:00:00 (52.1%)
  2100-Jul-19 11:00:00 (54.6%)
  2100-Jul-28 22:00:00 (57.2%)
  2100-Aug-07 08:00:00 (59.8%)
  2100-Aug-16 18:00:00 (62.4%)
  2100-Aug-26 04:00:00 (65%)
  2100-Sep-04 15:00:00 (67.6%)
  2100-Sep-14 01:00:00 (70.1%)
  2100-Sep-23 11:00:00 (72.7%)
  2100-Oct-02 22:00:00 (75.3%)
  2100-Oct-12 08:00:00 (77.9%)
  2100-Oct-21 19:00:00 (80.5%)
  2100-Oct-31 03:00:00 (83%)
  2100-Nov-09 14:00:00 (85.6%)
  2100-Nov-19 00:00:00 (88.2%)
  2100-Nov-28 11:00:00 (90.8%)
  2100-Dec-07 21:00:00 (93.4%)
  2100-Dec-17 07:00:00 (96%)
  2100-Dec-26 18:00:00 (98.6%)
  2100-Dec-31 23:00:00 (100%)
Finished Program: 2014-Nov-19 10:45:59.556131
Elapsed Time: 00:01:15.748246
