instance.yaml
kiva v0.2.0-21-g785bfe1
Copyright (C) 2012-2014 Big Ladder Software
Web: www.bigladdersoftware.com

Starting Program: 2014-Nov-18 11:10:27.248994
Creating Domain...
  X Cells: 182
  Y Cells: 1
  Z Cells: 133
  Total Cells: 24206
Initializing Temperatures...
  2098-Nov-26 23:00:00
  2099-Jan-08 09:00:00
  2099-Jan-18 16:00:00
  2099-Jan-28 23:00:00
  2099-Feb-08 07:00:00
  2099-Feb-18 14:00:00
  2099-Feb-28 21:00:00
  2099-Mar-11 04:00:00
  2099-Mar-21 11:00:00
  2099-Mar-31 18:00:00
  2099-Apr-11 01:00:00
  2099-Apr-21 08:00:00
  2099-May-01 16:00:00
  2099-May-11 23:00:00
  2099-May-22 06:00:00
  2099-Jun-01 13:00:00
  2099-Jun-11 20:00:00
  2099-Jun-22 04:00:00
  2099-Jul-02 11:00:00
  2099-Jul-12 18:00:00
  2099-Jul-23 02:00:00
  2099-Aug-02 09:00:00
  2099-Aug-12 16:00:00
  2099-Aug-22 23:00:00
  2099-Sep-02 07:00:00
  2099-Sep-12 14:00:00
  2099-Sep-22 21:00:00
  2099-Oct-03 05:00:00
  2099-Oct-13 12:00:00
  2099-Oct-23 19:00:00
  2099-Nov-03 03:00:00
  2099-Nov-13 10:00:00
  2099-Nov-23 17:00:00
  2099-Dec-04 01:00:00
  2099-Dec-14 08:00:00
  2099-Dec-24 15:00:00
Beginning Simulation...
  2100-Jan-03 17:00:00 (0.7%)
  2100-Jan-13 05:00:00 (3.3%)
  2100-Jan-22 18:00:00 (6%)
  2100-Feb-01 06:00:00 (8.6%)
  2100-Feb-10 18:00:00 (11.2%)
  2100-Feb-20 06:00:00 (13.8%)
  2100-Mar-01 18:00:00 (16.4%)
  2100-Mar-11 06:00:00 (19%)
  2100-Mar-20 18:00:00 (21.6%)
  2100-Mar-30 07:00:00 (24.2%)
  2100-Apr-08 19:00:00 (26.8%)
  2100-Apr-18 06:00:00 (29.4%)
  2100-Apr-27 18:00:00 (32%)
  2100-May-07 07:00:00 (34.6%)
  2100-May-16 19:00:00 (37.2%)
  2100-May-26 07:00:00 (39.8%)
  2100-Jun-04 20:00:00 (42.4%)
  2100-Jun-14 08:00:00 (45%)
  2100-Jun-23 20:00:00 (47.6%)
  2100-Jul-03 09:00:00 (50.2%)
  2100-Jul-12 21:00:00 (52.8%)
  2100-Jul-22 09:00:00 (55.4%)
  2100-Jul-31 22:00:00 (58.1%)
  2100-Aug-10 10:00:00 (60.7%)
  2100-Aug-19 23:00:00 (63.3%)
  2100-Aug-29 14:00:00 (65.9%)
  2100-Sep-08 04:00:00 (68.5%)
  2100-Sep-17 18:00:00 (71.2%)
  2100-Sep-27 08:00:00 (73.8%)
  2100-Oct-06 23:00:00 (76.4%)
  2100-Oct-16 13:00:00 (79.1%)
  2100-Oct-26 03:00:00 (81.7%)
  2100-Nov-04 14:00:00 (84.3%)
  2100-Nov-14 04:00:00 (86.9%)
  2100-Nov-23 18:00:00 (89.5%)
  2100-Dec-03 09:00:00 (92.2%)
  2100-Dec-12 23:00:00 (94.8%)
  2100-Dec-22 13:00:00 (97.4%)
  2100-Dec-31 23:00:00 (100%)
Finished Program: 2014-Nov-18 11:11:41.987293
Elapsed Time: 00:01:14.738299
