instance.yaml
kiva v0.2.0-21-g785bfe1
Copyright (C) 2012-2014 Big Ladder Software
Web: www.bigladdersoftware.com

Starting Program: 2014-Nov-18 11:14:27.337327
Creating Domain...
  X Cells: 105
  Y Cells: 1
  Z Cells: 133
  Total Cells: 13965
Initializing Temperatures...
Warning: Solution did not converge after 917 iterations.
  The final residual was: 3.29164e-05
  Solver status: 2
  2098-Dec-17 23:00:00
  2099-Jan-17 22:00:00
  2099-Feb-05 06:00:00
  2099-Feb-23 15:00:00
  2099-Mar-14 00:00:00
  2099-Apr-01 08:00:00
  2099-Apr-19 17:00:00
  2099-May-08 02:00:00
  2099-May-26 11:00:00
  2099-Jun-13 20:00:00
  2099-Jul-02 05:00:00
  2099-Jul-20 14:00:00
  2099-Aug-07 22:00:00
  2099-Aug-26 07:00:00
  2099-Sep-13 16:00:00
  2099-Oct-02 01:00:00
  2099-Oct-20 10:00:00
  2099-Nov-07 20:00:00
  2099-Nov-26 05:00:00
  2099-Dec-14 14:00:00
Beginning Simulation...
  2100-Jan-01 21:00:00 (0.2%)
  2100-Jan-18 19:00:00 (4.9%)
  2100-Feb-04 17:00:00 (9.5%)
  2100-Feb-21 15:00:00 (14.1%)
  2100-Mar-10 13:00:00 (18.8%)
  2100-Mar-27 11:00:00 (23.4%)
  2100-Apr-13 09:00:00 (28%)
  2100-Apr-30 07:00:00 (32.7%)
  2100-May-17 05:00:00 (37.3%)
  2100-Jun-03 03:00:00 (42%)
  2100-Jun-20 01:00:00 (46.6%)
  2100-Jul-06 23:00:00 (51.2%)
  2100-Jul-23 21:00:00 (55.9%)
  2100-Aug-09 18:00:00 (60.5%)
  2100-Aug-26 17:00:00 (65.1%)
  2100-Sep-11 23:00:00 (69.6%)
  2100-Sep-28 21:00:00 (74.2%)
  2100-Oct-15 19:00:00 (78.8%)
  2100-Nov-01 17:00:00 (83.5%)
  2100-Nov-18 15:00:00 (88.1%)
  2100-Dec-05 14:00:00 (92.8%)
  2100-Dec-22 12:00:00 (97.4%)
  2100-Dec-31 23:00:00 (100%)
Finished Program: 2014-Nov-18 11:15:09.560440
Elapsed Time: 00:00:42.223113
