instance.yaml
kiva v0.2.0-19-ge248292
Copyright (C) 2012-2014 Big Ladder Software
Web: www.bigladdersoftware.com

Starting Program: 2014-Nov-17 08:40:16.136255
Creating Domain...
  X Cells: 122
  Y Cells: 1
  Z Cells: 132
  Total Cells: 16104
Initializing Temperatures...
  2099-Jan-02 18:00:00
  2099-Jan-17 23:00:00
  2099-Feb-02 05:00:00
  2099-Feb-17 10:00:00
  2099-Mar-04 15:00:00
  2099-Mar-19 20:00:00
  2099-Apr-04 01:00:00
  2099-Apr-19 06:00:00
  2099-May-04 11:00:00
  2099-May-19 16:00:00
  2099-Jun-03 21:00:00
  2099-Jun-19 02:00:00
  2099-Jul-04 07:00:00
  2099-Jul-19 12:00:00
  2099-Aug-03 17:00:00
  2099-Aug-18 22:00:00
  2099-Sep-03 03:00:00
  2099-Sep-18 08:00:00
  2099-Oct-03 13:00:00
  2099-Oct-18 18:00:00
  2099-Nov-02 23:00:00
  2099-Nov-18 05:00:00
  2099-Dec-03 10:00:00
  2099-Dec-18 15:00:00
Beginning Simulation...
  2100-Jan-02 17:00:00 (0.5%)
  2100-Jan-16 23:00:00 (4.4%)
  2100-Jan-31 06:00:00 (8.3%)
  2100-Feb-14 12:00:00 (12.2%)
  2100-Feb-28 18:00:00 (16.1%)
  2100-Mar-15 01:00:00 (20%)
  2100-Mar-29 07:00:00 (23.9%)
  2100-Apr-12 13:00:00 (27.8%)
  2100-Apr-26 19:00:00 (31.7%)
  2100-May-11 01:00:00 (35.6%)
  2100-May-25 06:00:00 (39.5%)
  2100-Jun-08 13:00:00 (43.4%)
  2100-Jun-22 19:00:00 (47.3%)
  2100-Jul-07 01:00:00 (51.2%)
  2100-Jul-21 07:00:00 (55.1%)
  2100-Aug-04 13:00:00 (59.1%)
  2100-Aug-18 20:00:00 (63%)
  2100-Sep-02 02:00:00 (66.9%)
  2100-Sep-16 08:00:00 (70.8%)
  2100-Sep-30 15:00:00 (74.7%)
  2100-Oct-14 21:00:00 (78.6%)
  2100-Oct-29 03:00:00 (82.5%)
  2100-Nov-12 10:00:00 (86.4%)
  2100-Nov-26 16:00:00 (90.3%)
  2100-Dec-10 22:00:00 (94.2%)
  2100-Dec-25 05:00:00 (98.1%)
  2100-Dec-31 23:00:00 (100%)
Finished Program: 2014-Nov-17 08:41:06.475793
Elapsed Time: 00:00:50.339538
