instance.yaml
kiva v0.2.0-21-g785bfe1
Copyright (C) 2012-2014 Big Ladder Software
Web: www.bigladdersoftware.com

Starting Program: 2014-Nov-18 10:51:22.467986
Creating Domain...
  X Cells: 125
  Y Cells: 1
  Z Cells: 103
  Total Cells: 12875
Initializing Temperatures...
  2098-Dec-03 23:00:00
  2099-Jan-15 20:00:00
  2099-Feb-02 07:00:00
  2099-Feb-19 19:00:00
  2099-Mar-09 12:00:00
  2099-Mar-27 05:00:00
  2099-Apr-13 22:00:00
  2099-May-01 16:00:00
  2099-May-19 09:00:00
  2099-Jun-06 03:00:00
  2099-Jun-23 20:00:00
  2099-Jul-11 13:00:00
  2099-Jul-29 06:00:00
  2099-Aug-16 00:00:00
  2099-Sep-02 17:00:00
  2099-Sep-20 10:00:00
  2099-Oct-08 04:00:00
  2099-Oct-25 21:00:00
  2099-Nov-12 15:00:00
  2099-Nov-30 08:00:00
  2099-Dec-18 02:00:00
Beginning Simulation...
  2100-Jan-04 17:00:00 (1%)
  2100-Jan-21 23:00:00 (5.7%)
  2100-Feb-08 05:00:00 (10.5%)
  2100-Feb-25 11:00:00 (15.2%)
  2100-Mar-14 17:00:00 (19.9%)
  2100-Mar-31 23:00:00 (24.6%)
  2100-Apr-18 05:00:00 (29.4%)
  2100-May-05 12:00:00 (34.1%)
  2100-May-22 18:00:00 (38.8%)
  2100-Jun-09 00:00:00 (43.6%)
  2100-Jun-26 06:00:00 (48.3%)
  2100-Jul-13 13:00:00 (53%)
  2100-Jul-30 17:00:00 (57.7%)
  2100-Aug-16 23:00:00 (62.5%)
  2100-Sep-03 04:00:00 (67.2%)
  2100-Sep-20 10:00:00 (71.9%)
  2100-Oct-07 16:00:00 (76.6%)
  2100-Oct-24 23:00:00 (81.4%)
  2100-Nov-11 05:00:00 (86.1%)
  2100-Nov-28 11:00:00 (90.8%)
  2100-Dec-15 17:00:00 (95.5%)
  2100-Dec-31 23:00:00 (100%)
Finished Program: 2014-Nov-18 10:52:04.942772
Elapsed Time: 00:00:42.474786
