instance.yaml
kiva v0.2.0-22-gd89b213
Copyright (C) 2012-2014 Big Ladder Software
Web: www.bigladdersoftware.com

Starting Program: 2014-Nov-19 10:42:42.947624
Creating Domain...
  X Cells: 164
  Y Cells: 1
  Z Cells: 93
  Total Cells: 15252
Initializing Temperatures...
  2099-Jan-05 15:00:00
  2099-Jan-19 18:00:00
  2099-Feb-02 22:00:00
  2099-Feb-17 02:00:00
  2099-Mar-03 06:00:00
  2099-Mar-17 10:00:00
  2099-Mar-31 14:00:00
  2099-Apr-14 18:00:00
  2099-Apr-28 22:00:00
  2099-May-13 01:00:00
  2099-May-27 05:00:00
  2099-Jun-10 09:00:00
  2099-Jun-24 13:00:00
  2099-Jul-08 17:00:00
  2099-Jul-22 21:00:00
  2099-Aug-06 01:00:00
  2099-Aug-20 05:00:00
  2099-Sep-03 09:00:00
  2099-Sep-17 13:00:00
  2099-Oct-01 17:00:00
  2099-Oct-15 21:00:00
  2099-Oct-30 01:00:00
  2099-Nov-13 05:00:00
  2099-Nov-27 09:00:00
  2099-Dec-11 13:00:00
  2099-Dec-25 17:00:00
Beginning Simulation...
  2100-Jan-08 17:00:00 (2.1%)
  2100-Jan-22 14:00:00 (5.9%)
  2100-Feb-05 10:00:00 (9.7%)
  2100-Feb-19 07:00:00 (13.5%)
  2100-Mar-05 03:00:00 (17.3%)
  2100-Mar-19 00:00:00 (21.1%)
  2100-Apr-01 21:00:00 (24.9%)
  2100-Apr-15 18:00:00 (28.7%)
  2100-Apr-29 14:00:00 (32.5%)
  2100-May-13 10:00:00 (36.3%)
  2100-May-27 07:00:00 (40.1%)
  2100-Jun-10 04:00:00 (43.9%)
  2100-Jun-24 00:00:00 (47.7%)
  2100-Jul-07 21:00:00 (51.5%)
  2100-Jul-21 18:00:00 (55.3%)
  2100-Aug-04 14:00:00 (59.1%)
  2100-Aug-18 11:00:00 (62.9%)
  2100-Sep-01 08:00:00 (66.7%)
  2100-Sep-15 04:00:00 (70.5%)
  2100-Sep-29 01:00:00 (74.3%)
  2100-Oct-12 21:00:00 (78%)
  2100-Oct-26 18:00:00 (81.8%)
  2100-Nov-09 15:00:00 (85.7%)
  2100-Nov-23 12:00:00 (89.5%)
  2100-Dec-07 08:00:00 (93.2%)
  2100-Dec-21 05:00:00 (97%)
  2100-Dec-31 23:00:00 (100%)
Finished Program: 2014-Nov-19 10:43:35.776614
Elapsed Time: 00:00:52.828990
