instance.yaml
kiva v0.2.0-19-ge248292
Copyright (C) 2012-2014 Big Ladder Software
Web: www.bigladdersoftware.com

Starting Program: 2014-Nov-17 08:40:15.433116
Creating Domain...
  X Cells: 95
  Y Cells: 1
  Z Cells: 125
  Total Cells: 11875
Initializing Temperatures...
  2098-Dec-24 23:00:00
  2099-Jan-21 02:00:00
  2099-Feb-11 00:00:00
  2099-Mar-03 23:00:00
  2099-Mar-24 21:00:00
  2099-Apr-14 20:00:00
  2099-May-05 19:00:00
  2099-May-26 17:00:00
  2099-Jun-16 16:00:00
  2099-Jul-07 15:00:00
  2099-Jul-28 14:00:00
  2099-Aug-18 13:00:00
  2099-Sep-08 12:00:00
  2099-Sep-29 09:00:00
  2099-Oct-20 08:00:00
  2099-Nov-10 07:00:00
  2099-Dec-01 06:00:00
  2099-Dec-22 05:00:00
Beginning Simulation...
  2100-Jan-11 07:00:00 (2.8%)
  2100-Jan-30 15:00:00 (8.1%)
  2100-Feb-18 22:00:00 (13.4%)
  2100-Mar-10 05:00:00 (18.7%)
  2100-Mar-29 13:00:00 (24%)
  2100-Apr-17 21:00:00 (29.3%)
  2100-May-07 05:00:00 (34.6%)
  2100-May-26 13:00:00 (39.9%)
  2100-Jun-14 20:00:00 (45.2%)
  2100-Jul-04 05:00:00 (50.5%)
  2100-Jul-23 13:00:00 (55.8%)
  2100-Aug-11 21:00:00 (61.1%)
  2100-Aug-31 05:00:00 (66.4%)
  2100-Sep-19 14:00:00 (71.7%)
  2100-Oct-08 19:00:00 (76.9%)
  2100-Oct-28 02:00:00 (82.2%)
  2100-Nov-16 10:00:00 (87.5%)
  2100-Dec-05 18:00:00 (92.8%)
  2100-Dec-25 01:00:00 (98.1%)
  2100-Dec-31 23:00:00 (100%)
Finished Program: 2014-Nov-17 08:40:52.359536
Elapsed Time: 00:00:36.926420
