instance.yaml
kiva v0.2.0-22-gd89b213
Copyright (C) 2012-2014 Big Ladder Software
Web: www.bigladdersoftware.com

Starting Program: 2014-Nov-19 10:44:45.581513
Creating Domain...
  X Cells: 172
  Y Cells: 1
  Z Cells: 133
  Total Cells: 22876
Initializing Temperatures...
  2098-Oct-08 23:00:00
  2099-Jan-03 13:00:00
  2099-Jan-13 20:00:00
  2099-Jan-24 02:00:00
  2099-Feb-03 08:00:00
  2099-Feb-13 14:00:00
  2099-Feb-23 20:00:00
  2099-Mar-06 02:00:00
  2099-Mar-16 09:00:00
  2099-Mar-26 15:00:00
  2099-Apr-05 21:00:00
  2099-Apr-16 03:00:00
  2099-Apr-26 09:00:00
  2099-May-06 16:00:00
  2099-May-16 20:00:00
  2099-May-27 02:00:00
  2099-Jun-06 09:00:00
  2099-Jun-16 15:00:00
  2099-Jun-26 21:00:00
  2099-Jul-07 04:00:00
  2099-Jul-17 10:00:00
  2099-Jul-27 16:00:00
  2099-Aug-06 22:00:00
  2099-Aug-17 04:00:00
  2099-Aug-27 11:00:00
  2099-Sep-06 17:00:00
  2099-Sep-16 23:00:00
  2099-Sep-27 06:00:00
  2099-Oct-07 12:00:00
  2099-Oct-17 19:00:00
  2099-Oct-28 01:00:00
  2099-Nov-07 07:00:00
  2099-Nov-17 14:00:00
  2099-Nov-27 20:00:00
  2099-Dec-08 02:00:00
  2099-Dec-18 08:00:00
  2099-Dec-28 15:00:00
Beginning Simulation...
  2100-Jan-07 08:00:00 (1.7%)
  2100-Jan-16 19:00:00 (4.3%)
  2100-Jan-26 06:00:00 (6.9%)
  2100-Feb-04 16:00:00 (9.5%)
  2100-Feb-14 03:00:00 (12.1%)
  2100-Feb-23 14:00:00 (14.7%)
  2100-Mar-05 00:00:00 (17.3%)
  2100-Mar-14 11:00:00 (19.9%)
  2100-Mar-23 21:00:00 (22.4%)
  2100-Apr-02 08:00:00 (25%)
  2100-Apr-11 19:00:00 (27.6%)
  2100-Apr-21 08:00:00 (30.2%)
  2100-Apr-30 20:00:00 (32.8%)
  2100-May-10 09:00:00 (35.4%)
  2100-May-19 21:00:00 (38%)
  2100-May-29 10:00:00 (40.7%)
  2100-Jun-07 23:00:00 (43.3%)
  2100-Jun-17 11:00:00 (45.9%)
  2100-Jun-27 00:00:00 (48.5%)
  2100-Jul-06 13:00:00 (51.1%)
  2100-Jul-16 02:00:00 (53.7%)
  2100-Jul-25 16:00:00 (56.3%)
  2100-Aug-04 05:00:00 (59%)
  2100-Aug-13 19:00:00 (61.6%)
  2100-Aug-23 09:00:00 (64.2%)
  2100-Sep-02 00:00:00 (66.8%)
  2100-Sep-11 14:00:00 (69.5%)
  2100-Sep-21 05:00:00 (72.1%)
  2100-Sep-30 19:00:00 (74.7%)
  2100-Oct-10 09:00:00 (77.4%)
  2100-Oct-20 00:00:00 (80%)
  2100-Oct-29 14:00:00 (82.6%)
  2100-Nov-08 04:00:00 (85.3%)
  2100-Nov-17 16:00:00 (87.9%)
  2100-Nov-27 07:00:00 (90.5%)
  2100-Dec-06 21:00:00 (93.1%)
  2100-Dec-16 11:00:00 (95.7%)
  2100-Dec-26 01:00:00 (98.4%)
  2100-Dec-31 23:00:00 (100%)
Finished Program: 2014-Nov-19 10:46:00.617152
Elapsed Time: 00:01:15.035639
