instance.yaml
kiva v0.2.0-21-g785bfe1
Copyright (C) 2012-2014 Big Ladder Software
Web: www.bigladdersoftware.com

Starting Program: 2014-Nov-18 11:31:25.447155
Creating Domain...
  X Cells: 139
  Y Cells: 1
  Z Cells: 125
  Total Cells: 17375
Initializing Temperatures...
  2098-Nov-26 23:00:00
  2099-Jan-11 14:00:00
  2099-Jan-24 19:00:00
  2099-Feb-07 00:00:00
  2099-Feb-20 05:00:00
  2099-Mar-05 11:00:00
  2099-Mar-18 16:00:00
  2099-Mar-31 21:00:00
  2099-Apr-14 02:00:00
  2099-Apr-27 07:00:00
  2099-May-10 12:00:00
  2099-May-23 17:00:00
  2099-Jun-05 22:00:00
  2099-Jun-19 04:00:00
  2099-Jul-02 09:00:00
  2099-Jul-15 14:00:00
  2099-Jul-28 19:00:00
  2099-Aug-11 01:00:00
  2099-Aug-24 06:00:00
  2099-Sep-06 11:00:00
  2099-Sep-19 16:00:00
  2099-Oct-02 22:00:00
  2099-Oct-16 03:00:00
  2099-Oct-29 09:00:00
  2099-Nov-11 14:00:00
  2099-Nov-24 19:00:00
  2099-Dec-08 00:00:00
  2099-Dec-21 05:00:00
Beginning Simulation...
  2100-Jan-03 09:00:00 (0.7%)
  2100-Jan-15 14:00:00 (4%)
  2100-Jan-27 20:00:00 (7.4%)
  2100-Feb-09 02:00:00 (10.7%)
  2100-Feb-21 07:00:00 (14.1%)
  2100-Mar-05 13:00:00 (17.4%)
  2100-Mar-17 18:00:00 (20.8%)
  2100-Mar-29 23:00:00 (24.1%)
  2100-Apr-11 04:00:00 (27.4%)
  2100-Apr-23 10:00:00 (30.8%)
  2100-May-05 18:00:00 (34.2%)
  2100-May-18 02:00:00 (37.6%)
  2100-May-30 10:00:00 (40.9%)
  2100-Jun-11 18:00:00 (44.3%)
  2100-Jun-24 01:00:00 (47.7%)
  2100-Jul-06 09:00:00 (51.1%)
  2100-Jul-18 17:00:00 (54.4%)
  2100-Jul-31 01:00:00 (57.8%)
  2100-Aug-12 09:00:00 (61.2%)
  2100-Aug-24 17:00:00 (64.6%)
  2100-Sep-06 01:00:00 (68%)
  2100-Sep-18 08:00:00 (71.3%)
  2100-Sep-30 16:00:00 (74.7%)
  2100-Oct-13 01:00:00 (78.1%)
  2100-Oct-25 09:00:00 (81.5%)
  2100-Nov-06 17:00:00 (84.9%)
  2100-Nov-19 00:00:00 (88.2%)
  2100-Dec-01 08:00:00 (91.6%)
  2100-Dec-13 16:00:00 (95%)
  2100-Dec-26 00:00:00 (98.4%)
  2100-Dec-31 23:00:00 (100%)
Finished Program: 2014-Nov-18 11:32:23.484880
Elapsed Time: 00:00:58.037725
