instance.yaml
kiva v0.2.0-9-g526928a
Copyright (C) 2012-2014 Big Ladder Software
Web: www.bigladdersoftware.com

Starting Program: 2014-Oct-26 15:33:47.513057
Creating Domain...
  X Cells: 95
  Y Cells: 1
  Z Cells: 113
  Total Cells: 10735
Initializing Temperatures...
  2098-Oct-08 23:00:00
  2099-Jan-03 22:00:00
  2099-Jan-21 22:00:00
  2099-Feb-14 03:00:00
  2099-Mar-09 07:00:00
  2099-Apr-01 12:00:00
  2099-Apr-24 17:00:00
  2099-May-17 22:00:00
  2099-Jun-10 03:00:00
  2099-Jul-03 03:00:00
  2099-Jul-26 08:00:00
  2099-Aug-18 13:00:00
  2099-Sep-10 18:00:00
  2099-Oct-03 23:00:00
  2099-Oct-27 04:00:00
  2099-Nov-19 08:00:00
  2099-Dec-12 13:00:00
Beginning Simulation...
  2100-Jan-04 16:00:00 (1%)
  2100-Jan-27 07:00:00 (7.2%)
  2100-Feb-18 22:00:00 (13.4%)
  2100-Mar-13 13:00:00 (19.6%)
  2100-Apr-05 03:00:00 (25.8%)
  2100-Apr-27 18:00:00 (32%)
  2100-May-20 08:00:00 (38.2%)
  2100-Jun-11 23:00:00 (44.4%)
  2100-Jul-04 13:00:00 (50.6%)
  2100-Jul-27 04:00:00 (56.8%)
  2100-Aug-18 18:00:00 (62.9%)
  2100-Sep-10 09:00:00 (69.1%)
  2100-Oct-03 00:00:00 (75.3%)
  2100-Oct-25 14:00:00 (81.5%)
  2100-Nov-17 02:00:00 (87.7%)
  2100-Dec-09 16:00:00 (93.9%)
  2100-Dec-31 23:00:00 (100%)
Finished Program: 2014-Oct-26 15:34:20.986175
Elapsed Time: 00:00:33.473118
