instance.yaml
kiva v0.2.0-21-g785bfe1
Copyright (C) 2012-2014 Big Ladder Software
Web: www.bigladdersoftware.com

Starting Program: 2014-Nov-18 10:51:22.679337
Creating Domain...
  X Cells: 119
  Y Cells: 1
  Z Cells: 96
  Total Cells: 11424
Initializing Temperatures...
  2098-Nov-05 23:00:00
  2099-Jan-16 00:00:00
  2099-Feb-04 16:00:00
  2099-Feb-24 08:00:00
  2099-Mar-16 00:00:00
  2099-Apr-04 15:00:00
  2099-Apr-24 08:00:00
  2099-May-14 00:00:00
  2099-Jun-02 16:00:00
  2099-Jun-22 08:00:00
  2099-Jul-12 00:00:00
  2099-Jul-31 16:00:00
  2099-Aug-20 08:00:00
  2099-Sep-09 00:00:00
  2099-Sep-28 16:00:00
  2099-Oct-18 08:00:00
  2099-Nov-07 00:00:00
  2099-Nov-26 16:00:00
  2099-Dec-16 08:00:00
Beginning Simulation...
  2100-Jan-04 21:00:00 (1.1%)
  2100-Jan-24 00:00:00 (6.3%)
  2100-Feb-12 02:00:00 (11.5%)
  2100-Mar-03 05:00:00 (16.8%)
  2100-Mar-22 07:00:00 (22%)
  2100-Apr-10 10:00:00 (27.2%)
  2100-Apr-29 13:00:00 (32.5%)
  2100-May-18 15:00:00 (37.7%)
  2100-Jun-06 16:00:00 (42.9%)
  2100-Jun-25 16:00:00 (48.1%)
  2100-Jul-14 17:00:00 (53.3%)
  2100-Aug-02 18:00:00 (58.6%)
  2100-Aug-21 20:00:00 (63.8%)
  2100-Sep-09 18:00:00 (69%)
  2100-Sep-28 21:00:00 (74.2%)
  2100-Oct-18 01:00:00 (79.5%)
  2100-Nov-06 05:00:00 (84.7%)
  2100-Nov-25 09:00:00 (90%)
  2100-Dec-14 13:00:00 (95.2%)
  2100-Dec-31 23:00:00 (100%)
Finished Program: 2014-Nov-18 10:52:00.909105
Elapsed Time: 00:00:38.229768
