instance.yaml
kiva v0.2.0-20-g4c7c200
Copyright (C) 2012-2014 Big Ladder Software
Web: www.bigladdersoftware.com

Starting Program: 2014-Nov-17 14:15:18.261507
Creating Domain...
  X Cells: 89
  Y Cells: 1
  Z Cells: 113
  Total Cells: 10057
Initializing Temperatures...
  2099-Jan-05 11:00:00
  2099-Jan-27 14:00:00
  2099-Feb-18 17:00:00
  2099-Mar-12 20:00:00
  2099-Apr-03 23:00:00
  2099-Apr-26 02:00:00
  2099-May-18 05:00:00
  2099-Jun-09 08:00:00
  2099-Jul-01 11:00:00
  2099-Jul-23 14:00:00
  2099-Aug-14 18:00:00
  2099-Sep-05 21:00:00
  2099-Sep-28 00:00:00
  2099-Oct-20 04:00:00
  2099-Nov-11 07:00:00
  2099-Dec-03 10:00:00
  2099-Dec-25 14:00:00
Beginning Simulation...
  2100-Jan-16 08:00:00 (4.2%)
  2100-Feb-06 23:00:00 (10.1%)
  2100-Feb-28 13:00:00 (16%)
  2100-Mar-22 04:00:00 (22%)
  2100-Apr-12 18:00:00 (27.9%)
  2100-May-04 09:00:00 (33.8%)
  2100-May-26 00:00:00 (39.7%)
  2100-Jun-16 12:00:00 (45.6%)
  2100-Jul-08 03:00:00 (51.5%)
  2100-Jul-29 17:00:00 (57.5%)
  2100-Aug-20 07:00:00 (63.4%)
  2100-Sep-10 22:00:00 (69.3%)
  2100-Oct-02 13:00:00 (75.2%)
  2100-Oct-24 03:00:00 (81.1%)
  2100-Nov-14 14:00:00 (87%)
  2100-Dec-06 05:00:00 (92.9%)
  2100-Dec-27 19:00:00 (98.8%)
  2100-Dec-31 23:00:00 (100%)
Finished Program: 2014-Nov-17 14:15:52.193384
Elapsed Time: 00:00:33.931877
