instance.yaml
kiva v0.2.0-21-g785bfe1
Copyright (C) 2012-2014 Big Ladder Software
Web: www.bigladdersoftware.com

Starting Program: 2014-Nov-18 11:19:24.534339
Creating Domain...
  X Cells: 87
  Y Cells: 1
  Z Cells: 158
  Total Cells: 13746
Initializing Temperatures...
  2098-Nov-05 23:00:00
  2099-Jan-13 20:00:00
  2099-Jan-31 03:00:00
  2099-Feb-17 10:00:00
  2099-Mar-06 16:00:00
  2099-Mar-23 23:00:00
  2099-Apr-10 05:00:00
  2099-Apr-27 12:00:00
  2099-May-14 18:00:00
  2099-Jun-01 01:00:00
  2099-Jun-18 07:00:00
  2099-Jul-05 14:00:00
  2099-Jul-22 21:00:00
  2099-Aug-09 03:00:00
  2099-Aug-26 10:00:00
  2099-Sep-12 17:00:00
  2099-Sep-30 00:00:00
  2099-Oct-17 06:00:00
  2099-Nov-03 13:00:00
  2099-Nov-20 19:00:00
  2099-Dec-08 02:00:00
  2099-Dec-25 08:00:00
Beginning Simulation...
  2100-Jan-10 15:00:00 (2.6%)
  2100-Jan-26 08:00:00 (6.9%)
  2100-Feb-11 00:00:00 (11.2%)
  2100-Feb-26 16:00:00 (15.5%)
  2100-Mar-14 08:00:00 (19.8%)
  2100-Mar-29 23:00:00 (24.1%)
  2100-Apr-14 15:00:00 (28.4%)
  2100-Apr-30 06:00:00 (32.7%)
  2100-May-15 21:00:00 (37%)
  2100-May-25 19:00:00 (39.7%)
  2100-Jun-10 11:00:00 (44%)
  2100-Jun-26 03:00:00 (48.3%)
  2100-Jul-11 18:00:00 (52.5%)
  2100-Jul-27 10:00:00 (56.8%)
  2100-Aug-12 03:00:00 (61.1%)
  2100-Aug-27 19:00:00 (65.4%)
  2100-Sep-12 11:00:00 (69.7%)
  2100-Sep-28 03:00:00 (74%)
  2100-Oct-13 19:00:00 (78.3%)
  2100-Oct-29 12:00:00 (82.6%)
  2100-Nov-14 04:00:00 (86.9%)
  2100-Nov-29 20:00:00 (91.2%)
  2100-Dec-15 12:00:00 (95.5%)
  2100-Dec-31 04:00:00 (99.8%)
  2100-Dec-31 23:00:00 (100%)
Finished Program: 2014-Nov-18 11:20:10.052530
Elapsed Time: 00:00:45.518191
