instance.yaml
kiva v0.2.0-22-gd89b213
Copyright (C) 2012-2014 Big Ladder Software
Web: www.bigladdersoftware.com

Starting Program: 2014-Nov-19 10:35:43.934809
Creating Domain...
  X Cells: 170
  Y Cells: 1
  Z Cells: 133
  Total Cells: 22610
Initializing Temperatures...
  2098-Dec-31 23:00:00
  2099-Jan-11 04:00:00
  2099-Jan-21 12:00:00
  2099-Jan-31 20:00:00
  2099-Feb-11 04:00:00
  2099-Feb-21 11:00:00
  2099-Mar-03 19:00:00
  2099-Mar-14 03:00:00
  2099-Mar-24 11:00:00
  2099-Apr-03 19:00:00
  2099-Apr-14 03:00:00
  2099-Apr-24 10:00:00
  2099-May-04 18:00:00
  2099-May-15 02:00:00
  2099-May-25 10:00:00
  2099-Jun-04 18:00:00
  2099-Jun-15 02:00:00
  2099-Jun-25 10:00:00
  2099-Jul-05 19:00:00
  2099-Jul-16 03:00:00
  2099-Jul-26 12:00:00
  2099-Aug-05 20:00:00
  2099-Aug-16 05:00:00
  2099-Aug-26 13:00:00
  2099-Sep-05 21:00:00
  2099-Sep-16 06:00:00
  2099-Sep-26 14:00:00
  2099-Oct-06 23:00:00
  2099-Oct-17 07:00:00
  2099-Oct-27 16:00:00
  2099-Nov-07 00:00:00
  2099-Nov-17 09:00:00
  2099-Nov-27 17:00:00
  2099-Dec-08 01:00:00
  2099-Dec-18 10:00:00
  2099-Dec-28 18:00:00
Beginning Simulation...
  2100-Jan-07 13:00:00 (1.8%)
  2100-Jan-17 02:00:00 (4.4%)
  2100-Jan-26 16:00:00 (7%)
  2100-Feb-05 05:00:00 (9.6%)
  2100-Feb-14 18:00:00 (12.3%)
  2100-Feb-24 07:00:00 (14.9%)
  2100-Mar-05 20:00:00 (17.5%)
  2100-Mar-15 09:00:00 (20.1%)
  2100-Mar-24 22:00:00 (22.7%)
  2100-Apr-03 11:00:00 (25.3%)
  2100-Apr-13 00:00:00 (27.9%)
  2100-Apr-22 13:00:00 (30.6%)
  2100-May-02 02:00:00 (33.2%)
  2100-May-11 15:00:00 (35.8%)
  2100-May-21 04:00:00 (38.4%)
  2100-May-30 17:00:00 (41%)
  2100-Jun-09 06:00:00 (43.6%)
  2100-Jun-18 19:00:00 (46.2%)
  2100-Jun-28 08:00:00 (48.9%)
  2100-Jul-07 21:00:00 (51.5%)
  2100-Jul-17 10:00:00 (54.1%)
  2100-Jul-26 23:00:00 (56.7%)
  2100-Aug-05 12:00:00 (59.3%)
  2100-Aug-15 01:00:00 (61.9%)
  2100-Aug-24 15:00:00 (64.6%)
  2100-Sep-03 04:00:00 (67.2%)
  2100-Sep-12 17:00:00 (69.8%)
  2100-Sep-22 06:00:00 (72.4%)
  2100-Oct-01 19:00:00 (75%)
  2100-Oct-11 08:00:00 (77.6%)
  2100-Oct-20 21:00:00 (80.2%)
  2100-Oct-30 10:00:00 (82.9%)
  2100-Nov-08 22:00:00 (85.5%)
  2100-Nov-18 11:00:00 (88.1%)
  2100-Nov-28 00:00:00 (90.7%)
  2100-Dec-07 13:00:00 (93.3%)
  2100-Dec-17 02:00:00 (95.9%)
  2100-Dec-26 15:00:00 (98.5%)
  2100-Dec-31 23:00:00 (100%)
Finished Program: 2014-Nov-19 10:36:58.560352
Elapsed Time: 00:01:14.625543
