instance.yaml
kiva v0.2.0-21-g785bfe1
Copyright (C) 2012-2014 Big Ladder Software
Web: www.bigladdersoftware.com

Starting Program: 2014-Nov-18 11:21:29.606985
Creating Domain...
  X Cells: 86
  Y Cells: 1
  Z Cells: 113
  Total Cells: 9718
Initializing Temperatures...
  2098-Nov-26 23:00:00
  2099-Jan-22 13:00:00
  2099-Feb-15 21:00:00
  2099-Mar-12 05:00:00
  2099-Apr-05 13:00:00
  2099-Apr-29 21:00:00
  2099-May-24 06:00:00
  2099-Jun-17 14:00:00
  2099-Jul-11 23:00:00
  2099-Aug-05 07:00:00
  2099-Aug-29 15:00:00
  2099-Sep-23 00:00:00
  2099-Oct-17 08:00:00
  2099-Nov-10 16:00:00
  2099-Dec-05 01:00:00
  2099-Dec-29 09:00:00
Beginning Simulation...
  2100-Jan-22 05:00:00 (5.8%)
  2100-Feb-14 23:00:00 (12.3%)
  2100-Mar-10 17:00:00 (18.8%)
  2100-Apr-03 11:00:00 (25.3%)
  2100-Apr-27 06:00:00 (31.8%)
  2100-May-21 01:00:00 (38.4%)
  2100-Jun-13 19:00:00 (44.9%)
  2100-Jul-07 14:00:00 (51.4%)
  2100-Jul-31 08:00:00 (57.9%)
  2100-Aug-24 02:00:00 (64.4%)
  2100-Sep-16 20:00:00 (70.9%)
  2100-Oct-10 15:00:00 (77.4%)
  2100-Nov-03 09:00:00 (83.9%)
  2100-Nov-27 02:00:00 (90.4%)
  2100-Dec-20 19:00:00 (96.9%)
  2100-Dec-31 23:00:00 (100%)
Finished Program: 2014-Nov-18 11:22:00.470747
Elapsed Time: 00:00:30.863762
