instance.yaml
kiva v0.2.0-9-g526928a
Copyright (C) 2012-2014 Big Ladder Software
Web: www.bigladdersoftware.com

Starting Program: 2014-Nov-15 11:52:46.167815
Creating Domain...
  X Cells: 172
  Y Cells: 1
  Z Cells: 113
  Total Cells: 19436
Initializing Temperatures...
  2098-Dec-31 23:00:00
  2099-Jan-13 01:00:00
  2099-Jan-25 10:00:00
  2099-Feb-06 19:00:00
  2099-Feb-19 04:00:00
  2099-Mar-03 13:00:00
  2099-Mar-15 22:00:00
  2099-Mar-28 07:00:00
  2099-Apr-09 16:00:00
  2099-Apr-22 01:00:00
  2099-May-04 10:00:00
  2099-May-16 19:00:00
  2099-May-29 04:00:00
  2099-Jun-10 13:00:00
  2099-Jun-22 22:00:00
  2099-Jul-05 08:00:00
  2099-Jul-17 16:00:00
  2099-Jul-30 02:00:00
  2099-Aug-11 11:00:00
  2099-Aug-23 20:00:00
  2099-Sep-05 05:00:00
  2099-Sep-17 14:00:00
  2099-Sep-29 23:00:00
  2099-Oct-12 08:00:00
  2099-Oct-24 17:00:00
  2099-Nov-06 03:00:00
  2099-Nov-18 12:00:00
  2099-Nov-30 20:00:00
  2099-Dec-13 06:00:00
  2099-Dec-25 15:00:00
Beginning Simulation...
  2100-Jan-06 21:00:00 (1.6%)
  2100-Jan-19 02:00:00 (5%)
  2100-Jan-31 08:00:00 (8.3%)
  2100-Feb-12 14:00:00 (11.7%)
  2100-Feb-24 20:00:00 (15%)
  2100-Mar-09 02:00:00 (18.4%)
  2100-Mar-21 07:00:00 (21.7%)
  2100-Apr-02 13:00:00 (25.1%)
  2100-Apr-14 19:00:00 (28.4%)
  2100-Apr-27 01:00:00 (31.8%)
  2100-May-09 07:00:00 (35.1%)
  2100-May-21 13:00:00 (38.5%)
  2100-Jun-02 19:00:00 (41.9%)
  2100-Jun-15 01:00:00 (45.2%)
  2100-Jun-27 07:00:00 (48.6%)
  2100-Jul-09 13:00:00 (51.9%)
  2100-Jul-21 19:00:00 (55.3%)
  2100-Aug-03 01:00:00 (58.6%)
  2100-Aug-15 07:00:00 (62%)
  2100-Aug-27 13:00:00 (65.4%)
  2100-Sep-08 19:00:00 (68.7%)
  2100-Sep-21 01:00:00 (72.1%)
  2100-Oct-03 07:00:00 (75.4%)
  2100-Oct-15 13:00:00 (78.8%)
  2100-Oct-27 20:00:00 (82.1%)
  2100-Nov-09 01:00:00 (85.5%)
  2100-Nov-21 07:00:00 (88.8%)
  2100-Dec-03 13:00:00 (92.2%)
  2100-Dec-15 19:00:00 (95.6%)
  2100-Dec-28 01:00:00 (98.9%)
  2100-Dec-31 23:00:00 (100%)
Finished Program: 2014-Nov-15 11:53:46.320791
Elapsed Time: 00:01:00.152976
