instance.yaml
kiva v0.2.0-21-g785bfe1
Copyright (C) 2012-2014 Big Ladder Software
Web: www.bigladdersoftware.com

Starting Program: 2014-Nov-18 11:26:27.301173
Creating Domain...
  X Cells: 89
  Y Cells: 1
  Z Cells: 93
  Total Cells: 8277
Initializing Temperatures...
  2099-Jan-07 13:00:00
  2099-Feb-03 17:00:00
  2099-Mar-02 21:00:00
  2099-Mar-30 01:00:00
  2099-Apr-26 06:00:00
  2099-May-23 10:00:00
  2099-Jun-19 15:00:00
  2099-Jul-16 19:00:00
  2099-Aug-13 00:00:00
  2099-Sep-09 05:00:00
  2099-Oct-06 09:00:00
  2099-Nov-02 13:00:00
  2099-Nov-29 18:00:00
  2099-Dec-26 23:00:00
Beginning Simulation...
  2100-Jan-22 12:00:00 (5.9%)
  2100-Feb-17 21:00:00 (13.1%)
  2100-Mar-16 07:00:00 (20.4%)
  2100-Apr-11 17:00:00 (27.6%)
  2100-May-08 02:00:00 (34.8%)
  2100-Jun-03 12:00:00 (42.1%)
  2100-Jun-29 22:00:00 (49.3%)
  2100-Jul-26 07:00:00 (56.5%)
  2100-Aug-21 17:00:00 (63.8%)
  2100-Sep-17 02:00:00 (71%)
  2100-Oct-13 12:00:00 (78.2%)
  2100-Nov-08 21:00:00 (85.4%)
  2100-Dec-05 07:00:00 (92.7%)
  2100-Dec-31 17:00:00 (99.9%)
  2100-Dec-31 23:00:00 (100%)
Finished Program: 2014-Nov-18 11:26:55.010558
Elapsed Time: 00:00:27.709385
