instance.yaml
kiva v0.2.0-21-g785bfe1
Copyright (C) 2012-2014 Big Ladder Software
Web: www.bigladdersoftware.com

Starting Program: 2014-Nov-18 11:23:23.996194
Creating Domain...
  X Cells: 100
  Y Cells: 1
  Z Cells: 158
  Total Cells: 15800
Initializing Temperatures...
  2099-Jan-06 05:00:00
  2099-Jan-22 14:00:00
  2099-Feb-07 23:00:00
  2099-Feb-24 08:00:00
  2099-Mar-12 16:00:00
  2099-Mar-29 01:00:00
  2099-Apr-14 10:00:00
  2099-Apr-30 19:00:00
  2099-May-17 04:00:00
  2099-Jun-02 13:00:00
  2099-Jun-18 23:00:00
  2099-Jul-05 08:00:00
  2099-Jul-21 17:00:00
  2099-Aug-07 02:00:00
  2099-Aug-23 11:00:00
  2099-Sep-08 21:00:00
  2099-Sep-25 06:00:00
  2099-Oct-11 15:00:00
  2099-Oct-28 01:00:00
  2099-Nov-13 10:00:00
  2099-Nov-29 19:00:00
  2099-Dec-16 05:00:00
Beginning Simulation...
  2100-Jan-01 04:00:00 (0%)
  2100-Jan-16 01:00:00 (4.1%)
  2100-Jan-30 23:00:00 (8.2%)
  2100-Feb-14 20:00:00 (12.3%)
  2100-Mar-01 18:00:00 (16.4%)
  2100-Mar-16 15:00:00 (20.4%)
  2100-Mar-31 13:00:00 (24.5%)
  2100-Apr-15 11:00:00 (28.6%)
  2100-Apr-30 09:00:00 (32.7%)
  2100-May-15 07:00:00 (36.8%)
  2100-May-30 05:00:00 (40.9%)
  2100-Jun-14 03:00:00 (45%)
  2100-Jun-29 00:00:00 (49%)
  2100-Jul-13 22:00:00 (53.1%)
  2100-Jul-28 20:00:00 (57.2%)
  2100-Aug-12 18:00:00 (61.3%)
  2100-Aug-27 16:00:00 (65.4%)
  2100-Sep-11 15:00:00 (69.5%)
  2100-Sep-26 13:00:00 (73.6%)
  2100-Oct-11 11:00:00 (77.7%)
  2100-Oct-26 09:00:00 (81.7%)
  2100-Nov-10 07:00:00 (85.8%)
  2100-Nov-25 05:00:00 (89.9%)
  2100-Dec-10 03:00:00 (94%)
  2100-Dec-25 01:00:00 (98.1%)
  2100-Dec-31 23:00:00 (100%)
Finished Program: 2014-Nov-18 11:24:11.464948
Elapsed Time: 00:00:47.468754
