instance.yaml
kiva v0.2.0-22-gd89b213
Copyright (C) 2012-2014 Big Ladder Software
Web: www.bigladdersoftware.com

Starting Program: 2014-Nov-19 10:39:45.191929
Creating Domain...
  X Cells: 175
  Y Cells: 1
  Z Cells: 133
  Total Cells: 23275
Initializing Temperatures...
  2098-Nov-19 23:00:00
  2099-Jan-08 10:00:00
  2099-Jan-19 07:00:00
  2099-Jan-30 04:00:00
  2099-Feb-10 01:00:00
  2099-Feb-20 21:00:00
  2099-Mar-03 18:00:00
  2099-Mar-14 15:00:00
  2099-Mar-25 11:00:00
  2099-Apr-05 08:00:00
  2099-Apr-16 05:00:00
  2099-Apr-27 02:00:00
  2099-May-07 23:00:00
  2099-May-18 20:00:00
  2099-May-29 17:00:00
  2099-Jun-09 14:00:00
  2099-Jun-20 11:00:00
  2099-Jul-01 08:00:00
  2099-Jul-12 05:00:00
  2099-Jul-23 01:00:00
  2099-Aug-02 22:00:00
  2099-Aug-13 19:00:00
  2099-Aug-24 16:00:00
  2099-Sep-04 13:00:00
  2099-Sep-15 10:00:00
  2099-Sep-26 07:00:00
  2099-Oct-07 04:00:00
  2099-Oct-18 01:00:00
  2099-Oct-28 22:00:00
  2099-Nov-08 19:00:00
  2099-Nov-19 16:00:00
  2099-Nov-30 13:00:00
  2099-Dec-11 10:00:00
  2099-Dec-22 07:00:00
Beginning Simulation...
  2100-Jan-02 02:00:00 (0.3%)
  2100-Jan-11 23:00:00 (3%)
  2100-Jan-21 20:00:00 (5.7%)
  2100-Jan-31 18:00:00 (8.4%)
  2100-Feb-10 15:00:00 (11.1%)
  2100-Feb-20 12:00:00 (13.8%)
  2100-Mar-02 09:00:00 (16.5%)
  2100-Mar-12 06:00:00 (19.2%)
  2100-Mar-22 03:00:00 (22%)
  2100-Mar-31 23:00:00 (24.6%)
  2100-Apr-10 20:00:00 (27.4%)
  2100-Apr-20 18:00:00 (30.1%)
  2100-Apr-30 15:00:00 (32.8%)
  2100-May-10 12:00:00 (35.5%)
  2100-May-20 10:00:00 (38.2%)
  2100-May-30 07:00:00 (40.9%)
  2100-Jun-09 04:00:00 (43.6%)
  2100-Jun-19 02:00:00 (46.3%)
  2100-Jun-28 23:00:00 (49%)
  2100-Jul-08 20:00:00 (51.7%)
  2100-Jul-18 18:00:00 (54.5%)
  2100-Jul-28 14:00:00 (57.1%)
  2100-Aug-07 12:00:00 (59.9%)
  2100-Aug-17 09:00:00 (62.6%)
  2100-Aug-27 06:00:00 (65.3%)
  2100-Sep-06 04:00:00 (68%)
  2100-Sep-16 01:00:00 (70.7%)
  2100-Sep-25 23:00:00 (73.4%)
  2100-Oct-05 20:00:00 (76.1%)
  2100-Oct-15 18:00:00 (78.8%)
  2100-Oct-25 18:00:00 (81.6%)
  2100-Nov-04 19:00:00 (84.3%)
  2100-Nov-14 21:00:00 (87.1%)
  2100-Nov-24 20:00:00 (89.8%)
  2100-Dec-04 22:00:00 (92.6%)
  2100-Dec-14 23:00:00 (95.3%)
  2100-Dec-25 01:00:00 (98.1%)
  2100-Dec-31 23:00:00 (100%)
Finished Program: 2014-Nov-19 10:40:56.691430
Elapsed Time: 00:01:11.499501
