instance.yaml
kiva v0.2.0-19-ge248292
Copyright (C) 2012-2014 Big Ladder Software
Web: www.bigladdersoftware.com

Starting Program: 2014-Nov-17 08:40:16.118686
Creating Domain...
  X Cells: 85
  Y Cells: 1
  Z Cells: 125
  Total Cells: 10625
Initializing Temperatures...
  2099-Jan-08 02:00:00
  2099-Jan-29 16:00:00
  2099-Feb-20 06:00:00
  2099-Mar-13 20:00:00
  2099-Apr-04 10:00:00
  2099-Apr-26 00:00:00
  2099-May-17 14:00:00
  2099-Jun-08 04:00:00
  2099-Jun-29 18:00:00
  2099-Jul-21 08:00:00
  2099-Aug-11 22:00:00
  2099-Sep-02 13:00:00
  2099-Sep-24 02:00:00
  2099-Oct-15 16:00:00
  2099-Nov-06 06:00:00
  2099-Nov-27 21:00:00
  2099-Dec-19 11:00:00
Beginning Simulation...
  2100-Jan-09 08:00:00 (2.3%)
  2100-Jan-29 05:00:00 (7.7%)
  2100-Feb-18 02:00:00 (13.2%)
  2100-Mar-10 00:00:00 (18.6%)
  2100-Mar-29 21:00:00 (24.1%)
  2100-Apr-18 18:00:00 (29.5%)
  2100-May-08 14:00:00 (35%)
  2100-May-28 12:00:00 (40.4%)
  2100-Jun-17 09:00:00 (45.9%)
  2100-Jul-07 06:00:00 (51.3%)
  2100-Jul-27 04:00:00 (56.8%)
  2100-Aug-16 01:00:00 (62.2%)
  2100-Sep-04 23:00:00 (67.7%)
  2100-Sep-24 20:00:00 (73.1%)
  2100-Oct-14 17:00:00 (78.6%)
  2100-Nov-03 14:00:00 (84%)
  2100-Nov-23 07:00:00 (89.4%)
  2100-Dec-13 04:00:00 (94.8%)
  2100-Dec-31 23:00:00 (100%)
Finished Program: 2014-Nov-17 08:40:51.946944
Elapsed Time: 00:00:35.828258
