instance.yaml
kiva v0.2.0-9-g526928a
Copyright (C) 2012-2014 Big Ladder Software
Web: www.bigladdersoftware.com

Starting Program: 2014-Oct-19 03:24:08.229912
Creating Domain...
  X Cells: 95
  Y Cells: 1
  Z Cells: 125
  Total Cells: 11875
Initializing Temperatures...
  2098-Nov-05 23:00:00
  2099-Jan-09 09:00:00
  2099-Feb-01 20:00:00
  2099-Feb-25 08:00:00
  2099-Mar-20 20:00:00
  2099-Apr-13 08:00:00
  2099-May-06 19:00:00
  2099-May-30 07:00:00
  2099-Jun-22 19:00:00
  2099-Jul-16 06:00:00
  2099-Aug-08 18:00:00
  2099-Sep-01 06:00:00
  2099-Sep-24 18:00:00
  2099-Oct-18 06:00:00
  2099-Nov-10 18:00:00
  2099-Dec-04 06:00:00
  2099-Dec-27 18:00:00
Beginning Simulation...
  2100-Jan-18 18:00:00 (4.9%)
  2100-Feb-09 10:00:00 (10.8%)
  2100-Mar-03 02:00:00 (16.7%)
  2100-Mar-24 19:00:00 (22.7%)
  2100-Apr-15 11:00:00 (28.6%)
  2100-May-07 03:00:00 (34.6%)
  2100-May-28 20:00:00 (40.5%)
  2100-Jun-19 13:00:00 (46.4%)
  2100-Jul-11 06:00:00 (52.4%)
  2100-Aug-01 23:00:00 (58.3%)
  2100-Aug-23 15:00:00 (64.3%)
  2100-Sep-14 08:00:00 (70.2%)
  2100-Oct-06 00:00:00 (76.2%)
  2100-Oct-27 17:00:00 (82.1%)
  2100-Nov-18 09:00:00 (88%)
  2100-Dec-10 02:00:00 (94%)
  2100-Dec-31 13:00:00 (99.9%)
  2100-Dec-31 23:00:00 (100%)
Finished Program: 2014-Oct-19 03:24:42.020321
Elapsed Time: 00:00:33.790409
