instance.yaml
kiva v0.2.0-21-g785bfe1
Copyright (C) 2012-2014 Big Ladder Software
Web: www.bigladdersoftware.com

Starting Program: 2014-Nov-18 11:05:24.669550
Creating Domain...
  X Cells: 175
  Y Cells: 1
  Z Cells: 125
  Total Cells: 21875
Initializing Temperatures...
  2098-Oct-01 23:00:00
  2099-Jan-04 20:00:00
  2099-Jan-15 06:00:00
  2099-Jan-25 16:00:00
  2099-Feb-05 02:00:00
  2099-Feb-15 12:00:00
  2099-Feb-25 21:00:00
  2099-Mar-08 07:00:00
  2099-Mar-18 17:00:00
  2099-Mar-29 03:00:00
  2099-Apr-08 12:00:00
  2099-Apr-18 22:00:00
  2099-Apr-29 07:00:00
  2099-May-09 17:00:00
  2099-May-20 03:00:00
  2099-May-30 13:00:00
  2099-Jun-09 23:00:00
  2099-Jun-20 09:00:00
  2099-Jun-30 19:00:00
  2099-Jul-11 04:00:00
  2099-Jul-21 14:00:00
  2099-Aug-01 00:00:00
  2099-Aug-11 10:00:00
  2099-Aug-21 20:00:00
  2099-Sep-01 06:00:00
  2099-Sep-11 16:00:00
  2099-Sep-22 02:00:00
  2099-Oct-02 12:00:00
  2099-Oct-12 22:00:00
  2099-Oct-23 08:00:00
  2099-Nov-02 18:00:00
  2099-Nov-13 03:00:00
  2099-Nov-23 13:00:00
  2099-Dec-03 23:00:00
  2099-Dec-14 09:00:00
  2099-Dec-24 19:00:00
Beginning Simulation...
  2100-Jan-04 00:00:00 (0.8%)
  2100-Jan-13 16:00:00 (3.5%)
  2100-Jan-23 09:00:00 (6.1%)
  2100-Feb-02 01:00:00 (8.8%)
  2100-Feb-11 18:00:00 (11.4%)
  2100-Feb-21 10:00:00 (14.1%)
  2100-Mar-03 03:00:00 (16.7%)
  2100-Mar-12 19:00:00 (19.4%)
  2100-Mar-22 12:00:00 (22.1%)
  2100-Apr-01 04:00:00 (24.7%)
  2100-Apr-10 20:00:00 (27.4%)
  2100-Apr-20 13:00:00 (30%)
  2100-Apr-30 06:00:00 (32.7%)
  2100-May-09 22:00:00 (35.3%)
  2100-May-19 15:00:00 (38%)
  2100-May-29 07:00:00 (40.6%)
  2100-Jun-08 00:00:00 (43.3%)
  2100-Jun-17 16:00:00 (45.9%)
  2100-Jun-27 09:00:00 (48.6%)
  2100-Jul-07 02:00:00 (51.3%)
  2100-Jul-16 18:00:00 (53.9%)
  2100-Jul-26 11:00:00 (56.6%)
  2100-Aug-05 03:00:00 (59.2%)
  2100-Aug-14 20:00:00 (61.9%)
  2100-Aug-24 12:00:00 (64.5%)
  2100-Sep-03 05:00:00 (67.2%)
  2100-Sep-12 22:00:00 (69.8%)
  2100-Sep-22 14:00:00 (72.5%)
  2100-Oct-02 06:00:00 (75.1%)
  2100-Oct-11 23:00:00 (77.8%)
  2100-Oct-21 16:00:00 (80.5%)
  2100-Oct-31 09:00:00 (83.1%)
  2100-Nov-10 01:00:00 (85.8%)
  2100-Nov-19 16:00:00 (88.4%)
  2100-Nov-29 09:00:00 (91.1%)
  2100-Dec-09 01:00:00 (93.7%)
  2100-Dec-18 18:00:00 (96.4%)
  2100-Dec-28 11:00:00 (99%)
  2100-Dec-31 23:00:00 (100%)
Finished Program: 2014-Nov-18 11:06:38.364951
Elapsed Time: 00:01:13.695401
