instance.yaml
kiva v0.2.0-19-ge248292
Copyright (C) 2012-2014 Big Ladder Software
Web: www.bigladdersoftware.com

Starting Program: 2014-Nov-17 08:45:14.218896
Creating Domain...
  X Cells: 107
  Y Cells: 1
  Z Cells: 133
  Total Cells: 14231
Initializing Temperatures...
  2099-Jan-02 09:00:00
  2099-Jan-20 11:00:00
  2099-Feb-07 13:00:00
  2099-Feb-25 15:00:00
  2099-Mar-15 17:00:00
  2099-Apr-02 19:00:00
  2099-Apr-20 22:00:00
  2099-May-09 00:00:00
  2099-May-27 02:00:00
  2099-Jun-14 04:00:00
  2099-Jul-02 06:00:00
  2099-Jul-20 08:00:00
  2099-Aug-07 10:00:00
  2099-Aug-25 12:00:00
  2099-Sep-12 15:00:00
  2099-Sep-30 17:00:00
  2099-Oct-18 19:00:00
  2099-Nov-05 21:00:00
  2099-Nov-23 19:00:00
  2099-Dec-11 19:00:00
  2099-Dec-29 21:00:00
Beginning Simulation...
  2100-Jan-15 17:00:00 (4%)
  2100-Feb-01 07:00:00 (8.6%)
  2100-Feb-17 23:00:00 (13.1%)
  2100-Mar-06 15:00:00 (17.7%)
  2100-Mar-23 08:00:00 (22.3%)
  2100-Apr-09 00:00:00 (26.8%)
  2100-Apr-25 17:00:00 (31.4%)
  2100-May-12 10:00:00 (36%)
  2100-May-29 01:00:00 (40.6%)
  2100-Jun-14 18:00:00 (45.1%)
  2100-Jul-01 10:00:00 (49.7%)
  2100-Jul-18 00:00:00 (54.2%)
  2100-Aug-03 16:00:00 (58.8%)
  2100-Aug-20 08:00:00 (63.4%)
  2100-Sep-06 01:00:00 (68%)
  2100-Sep-22 17:00:00 (72.5%)
  2100-Oct-09 10:00:00 (77.1%)
  2100-Oct-26 03:00:00 (81.7%)
  2100-Nov-11 19:00:00 (86.2%)
  2100-Nov-28 12:00:00 (90.8%)
  2100-Dec-15 05:00:00 (95.4%)
  2100-Dec-31 21:00:00 (100%)
  2100-Dec-31 23:00:00 (100%)
Finished Program: 2014-Nov-17 08:45:57.005508
Elapsed Time: 00:00:42.786612
