instance.yaml
kiva v0.2.0-22-gd89b213
Copyright (C) 2012-2014 Big Ladder Software
Web: www.bigladdersoftware.com

Starting Program: 2014-Nov-19 10:41:46.854460
Creating Domain...
  X Cells: 154
  Y Cells: 1
  Z Cells: 125
  Total Cells: 19250
Initializing Temperatures...
  2099-Jan-04 05:00:00
  2099-Jan-16 03:00:00
  2099-Jan-28 02:00:00
  2099-Feb-09 00:00:00
  2099-Feb-20 22:00:00
  2099-Mar-04 21:00:00
  2099-Mar-16 19:00:00
  2099-Mar-28 18:00:00
  2099-Apr-09 16:00:00
  2099-Apr-21 15:00:00
  2099-May-03 13:00:00
  2099-May-15 12:00:00
  2099-May-27 10:00:00
  2099-Jun-08 08:00:00
  2099-Jun-20 07:00:00
  2099-Jul-02 05:00:00
  2099-Jul-14 04:00:00
  2099-Jul-26 02:00:00
  2099-Aug-07 01:00:00
  2099-Aug-19 00:00:00
  2099-Aug-30 22:00:00
  2099-Sep-11 21:00:00
  2099-Sep-23 20:00:00
  2099-Oct-05 18:00:00
  2099-Oct-17 17:00:00
  2099-Oct-29 16:00:00
  2099-Nov-10 14:00:00
  2099-Nov-22 13:00:00
  2099-Dec-04 11:00:00
  2099-Dec-16 08:00:00
  2099-Dec-28 01:00:00
Beginning Simulation...
  2100-Jan-08 06:00:00 (2%)
  2100-Jan-19 04:00:00 (5%)
  2100-Jan-30 03:00:00 (8%)
  2100-Feb-10 01:00:00 (11%)
  2100-Feb-21 00:00:00 (14%)
  2100-Mar-04 00:00:00 (17%)
  2100-Mar-14 23:00:00 (20%)
  2100-Mar-25 23:00:00 (23%)
  2100-Apr-05 22:00:00 (26%)
  2100-Apr-16 22:00:00 (29%)
  2100-Apr-27 21:00:00 (32%)
  2100-May-08 20:00:00 (35%)
  2100-May-19 20:00:00 (38%)
  2100-May-30 20:00:00 (41.1%)
  2100-Jun-10 20:00:00 (44.1%)
  2100-Jun-21 20:00:00 (47.1%)
  2100-Jul-02 20:00:00 (50.1%)
  2100-Jul-13 19:00:00 (53.1%)
  2100-Jul-24 19:00:00 (56.1%)
  2100-Aug-04 18:00:00 (59.1%)
  2100-Aug-15 18:00:00 (62.1%)
  2100-Aug-26 18:00:00 (65.1%)
  2100-Sep-06 18:00:00 (68.2%)
  2100-Sep-17 18:00:00 (71.2%)
  2100-Sep-28 17:00:00 (74.2%)
  2100-Oct-09 17:00:00 (77.2%)
  2100-Oct-20 17:00:00 (80.2%)
  2100-Oct-31 16:00:00 (83.2%)
  2100-Nov-11 16:00:00 (86.2%)
  2100-Nov-22 15:00:00 (89.2%)
  2100-Dec-03 15:00:00 (92.2%)
  2100-Dec-14 14:00:00 (95.2%)
  2100-Dec-25 14:00:00 (98.2%)
  2100-Dec-31 23:00:00 (100%)
Finished Program: 2014-Nov-19 10:42:51.583054
Elapsed Time: 00:01:04.728594
