instance.yaml
kiva v0.2.0-9-g526928a
Copyright (C) 2012-2014 Big Ladder Software
Web: www.bigladdersoftware.com

Starting Program: 2014-Oct-19 03:05:38.449001
Creating Domain...
  X Cells: 128
  Y Cells: 1
  Z Cells: 103
  Total Cells: 13184
Initializing Temperatures...
  2098-Oct-29 23:00:00
  2099-Jan-07 21:00:00
  2099-Jan-26 13:00:00
  2099-Feb-15 18:00:00
  2099-Mar-08 00:00:00
  2099-Mar-28 06:00:00
  2099-Apr-17 12:00:00
  2099-May-07 18:00:00
  2099-May-27 23:00:00
  2099-Jun-17 05:00:00
  2099-Jul-07 11:00:00
  2099-Jul-27 17:00:00
  2099-Aug-16 23:00:00
  2099-Sep-06 05:00:00
  2099-Sep-26 11:00:00
  2099-Oct-16 17:00:00
  2099-Nov-05 23:00:00
  2099-Nov-26 05:00:00
  2099-Dec-16 11:00:00
Beginning Simulation...
  2100-Jan-05 14:00:00 (1.3%)
  2100-Jan-25 08:00:00 (6.7%)
  2100-Feb-14 02:00:00 (12.1%)
  2100-Mar-05 20:00:00 (17.5%)
  2100-Mar-25 14:00:00 (22.9%)
  2100-Apr-14 09:00:00 (28.3%)
  2100-May-04 03:00:00 (33.7%)
  2100-May-23 22:00:00 (39.2%)
  2100-Jun-12 16:00:00 (44.6%)
  2100-Jul-02 10:00:00 (50%)
  2100-Jul-22 04:00:00 (55.4%)
  2100-Aug-10 22:00:00 (60.8%)
  2100-Aug-30 16:00:00 (66.2%)
  2100-Sep-19 10:00:00 (71.6%)
  2100-Oct-09 04:00:00 (77%)
  2100-Oct-28 19:00:00 (82.4%)
  2100-Nov-17 13:00:00 (87.8%)
  2100-Dec-07 08:00:00 (93.2%)
  2100-Dec-27 02:00:00 (98.7%)
  2100-Dec-31 23:00:00 (100%)
Finished Program: 2014-Oct-19 03:06:16.248495
Elapsed Time: 00:00:37.799494
