instance.yaml
kiva v0.2.0-9-g526928a
Copyright (C) 2012-2014 Big Ladder Software
Web: www.bigladdersoftware.com

Starting Program: 2014-Oct-26 15:43:10.257908
Creating Domain...
  X Cells: 105
  Y Cells: 1
  Z Cells: 125
  Total Cells: 13125
Initializing Temperatures...
  2098-Oct-22 23:00:00
  2099-Jan-04 20:00:00
  2099-Jan-23 11:00:00
  2099-Feb-13 16:00:00
  2099-Mar-06 21:00:00
  2099-Mar-28 02:00:00
  2099-Apr-18 07:00:00
  2099-May-09 12:00:00
  2099-May-30 18:00:00
  2099-Jun-20 23:00:00
  2099-Jul-12 04:00:00
  2099-Aug-02 09:00:00
  2099-Aug-23 14:00:00
  2099-Sep-13 20:00:00
  2099-Oct-05 01:00:00
  2099-Oct-26 06:00:00
  2099-Nov-16 11:00:00
  2099-Dec-07 17:00:00
  2099-Dec-28 22:00:00
Beginning Simulation...
  2100-Jan-17 21:00:00 (4.6%)
  2100-Feb-06 15:00:00 (10%)
  2100-Feb-26 09:00:00 (15.4%)
  2100-Mar-18 02:00:00 (20.8%)
  2100-Apr-06 20:00:00 (26.3%)
  2100-Apr-26 14:00:00 (31.7%)
  2100-May-16 08:00:00 (37.1%)
  2100-Jun-05 02:00:00 (42.5%)
  2100-Jun-24 20:00:00 (47.9%)
  2100-Jul-14 13:00:00 (53.3%)
  2100-Aug-03 07:00:00 (58.7%)
  2100-Aug-23 01:00:00 (64.1%)
  2100-Sep-11 19:00:00 (69.5%)
  2100-Oct-01 09:00:00 (74.9%)
  2100-Oct-21 03:00:00 (80.3%)
  2100-Nov-09 21:00:00 (85.7%)
  2100-Nov-29 15:00:00 (91.1%)
  2100-Dec-19 09:00:00 (96.5%)
  2100-Dec-31 23:00:00 (100%)
Finished Program: 2014-Oct-26 15:43:47.639475
Elapsed Time: 00:00:37.381567
