instance.yaml
kiva v0.2.0-19-ge248292
Copyright (C) 2012-2014 Big Ladder Software
Web: www.bigladdersoftware.com

Starting Program: 2014-Nov-17 08:39:16.284112
Creating Domain...
  X Cells: 71
  Y Cells: 1
  Z Cells: 133
  Total Cells: 9443
Initializing Temperatures...
  2099-Jan-03 04:00:00
  2099-Jan-26 19:00:00
  2099-Feb-19 10:00:00
  2099-Mar-15 01:00:00
  2099-Apr-07 16:00:00
  2099-May-01 08:00:00
  2099-May-24 23:00:00
  2099-Jun-17 11:00:00
  2099-Jul-11 02:00:00
  2099-Aug-03 17:00:00
  2099-Aug-27 08:00:00
  2099-Sep-19 23:00:00
  2099-Oct-13 15:00:00
  2099-Nov-06 06:00:00
  2099-Nov-29 22:00:00
  2099-Dec-23 13:00:00
Beginning Simulation...
  2100-Jan-14 13:00:00 (3.7%)
  2100-Feb-06 02:00:00 (9.9%)
  2100-Mar-01 05:00:00 (16.2%)
  2100-Mar-24 08:00:00 (22.6%)
  2100-Apr-16 11:00:00 (28.9%)
  2100-May-09 14:00:00 (35.2%)
  2100-Jun-01 18:00:00 (41.6%)
  2100-Jun-24 21:00:00 (47.9%)
  2100-Jul-18 00:00:00 (54.2%)
  2100-Aug-10 03:00:00 (60.6%)
  2100-Sep-02 06:00:00 (66.9%)
  2100-Sep-25 08:00:00 (73.2%)
  2100-Oct-18 11:00:00 (79.6%)
  2100-Nov-10 14:00:00 (85.9%)
  2100-Dec-03 15:00:00 (92.2%)
  2100-Dec-26 18:00:00 (98.6%)
  2100-Dec-31 23:00:00 (100%)
Finished Program: 2014-Nov-17 08:39:48.225179
Elapsed Time: 00:00:31.941067
