instance.yaml
kiva v0.2.0-21-g785bfe1
Copyright (C) 2012-2014 Big Ladder Software
Web: www.bigladdersoftware.com

Starting Program: 2014-Nov-18 11:27:25.069584
Creating Domain...
  X Cells: 189
  Y Cells: 1
  Z Cells: 125
  Total Cells: 23625
Initializing Temperatures...
  2098-Dec-31 23:00:00
  2099-Jan-10 14:00:00
  2099-Jan-20 16:00:00
  2099-Jan-30 18:00:00
  2099-Feb-09 21:00:00
  2099-Feb-19 23:00:00
  2099-Mar-02 01:00:00
  2099-Mar-12 04:00:00
  2099-Mar-22 06:00:00
  2099-Apr-01 08:00:00
  2099-Apr-11 10:00:00
  2099-Apr-21 13:00:00
  2099-May-01 15:00:00
  2099-May-11 17:00:00
  2099-May-21 19:00:00
  2099-May-31 22:00:00
  2099-Jun-11 00:00:00
  2099-Jun-21 03:00:00
  2099-Jul-01 05:00:00
  2099-Jul-11 08:00:00
  2099-Jul-21 10:00:00
  2099-Jul-31 12:00:00
  2099-Aug-10 15:00:00
  2099-Aug-20 17:00:00
  2099-Aug-30 19:00:00
  2099-Sep-09 22:00:00
  2099-Sep-20 00:00:00
  2099-Sep-30 03:00:00
  2099-Oct-10 05:00:00
  2099-Oct-20 07:00:00
  2099-Oct-30 10:00:00
  2099-Nov-09 12:00:00
  2099-Nov-19 15:00:00
  2099-Nov-29 16:00:00
  2099-Dec-09 19:00:00
  2099-Dec-19 22:00:00
  2099-Dec-30 01:00:00
Beginning Simulation...
  2100-Jan-08 15:00:00 (2.1%)
  2100-Jan-18 02:00:00 (4.7%)
  2100-Jan-27 13:00:00 (7.3%)
  2100-Feb-06 00:00:00 (9.9%)
  2100-Feb-15 11:00:00 (12.5%)
  2100-Feb-24 22:00:00 (15%)
  2100-Mar-06 08:00:00 (17.6%)
  2100-Mar-15 19:00:00 (20.2%)
  2100-Mar-25 06:00:00 (22.8%)
  2100-Apr-03 16:00:00 (25.4%)
  2100-Apr-13 04:00:00 (28%)
  2100-Apr-22 15:00:00 (30.6%)
  2100-May-02 02:00:00 (33.2%)
  2100-May-11 14:00:00 (35.8%)
  2100-May-21 01:00:00 (38.4%)
  2100-May-30 12:00:00 (41%)
  2100-Jun-09 00:00:00 (43.6%)
  2100-Jun-18 11:00:00 (46.2%)
  2100-Jun-27 23:00:00 (48.8%)
  2100-Jul-07 10:00:00 (51.3%)
  2100-Jul-16 22:00:00 (53.9%)
  2100-Jul-26 09:00:00 (56.5%)
  2100-Aug-04 21:00:00 (59.1%)
  2100-Aug-14 08:00:00 (61.7%)
  2100-Aug-23 19:00:00 (64.3%)
  2100-Sep-02 07:00:00 (66.9%)
  2100-Sep-11 18:00:00 (69.5%)
  2100-Sep-21 06:00:00 (72.1%)
  2100-Sep-30 17:00:00 (74.7%)
  2100-Oct-10 05:00:00 (77.3%)
  2100-Oct-19 14:00:00 (79.9%)
  2100-Oct-29 02:00:00 (82.5%)
  2100-Nov-07 13:00:00 (85.1%)
  2100-Nov-17 00:00:00 (87.7%)
  2100-Nov-26 11:00:00 (90.3%)
  2100-Dec-05 22:00:00 (92.9%)
  2100-Dec-15 10:00:00 (95.5%)
  2100-Dec-24 21:00:00 (98%)
  2100-Dec-31 23:00:00 (100%)
Finished Program: 2014-Nov-18 11:28:40.749279
Elapsed Time: 00:01:15.679695
