instance.yaml
kiva v0.2.0-21-g785bfe1
Copyright (C) 2012-2014 Big Ladder Software
Web: www.bigladdersoftware.com

Starting Program: 2014-Nov-18 11:10:24.521672
Creating Domain...
  X Cells: 199
  Y Cells: 1
  Z Cells: 125
  Total Cells: 24875
Initializing Temperatures...
  2098-Oct-22 23:00:00
  2099-Jan-05 01:00:00
  2099-Jan-14 11:00:00
  2099-Jan-23 21:00:00
  2099-Feb-02 06:00:00
  2099-Feb-11 16:00:00
  2099-Feb-21 02:00:00
  2099-Mar-02 12:00:00
  2099-Mar-11 22:00:00
  2099-Mar-21 08:00:00
  2099-Mar-30 18:00:00
  2099-Apr-09 04:00:00
  2099-Apr-18 14:00:00
  2099-Apr-28 00:00:00
  2099-May-07 09:00:00
  2099-May-16 19:00:00
  2099-May-26 05:00:00
  2099-Jun-04 15:00:00
  2099-Jun-14 01:00:00
  2099-Jun-23 12:00:00
  2099-Jul-02 22:00:00
  2099-Jul-12 08:00:00
  2099-Jul-21 14:00:00
  2099-Jul-31 00:00:00
  2099-Aug-09 10:00:00
  2099-Aug-18 20:00:00
  2099-Aug-28 06:00:00
  2099-Sep-06 16:00:00
  2099-Sep-16 02:00:00
  2099-Sep-25 12:00:00
  2099-Oct-04 22:00:00
  2099-Oct-14 08:00:00
  2099-Oct-23 18:00:00
  2099-Nov-02 04:00:00
  2099-Nov-11 14:00:00
  2099-Nov-21 01:00:00
  2099-Nov-30 11:00:00
  2099-Dec-09 21:00:00
  2099-Dec-19 07:00:00
  2099-Dec-28 17:00:00
Beginning Simulation...
  2100-Jan-06 17:00:00 (1.6%)
  2100-Jan-15 13:00:00 (4%)
  2100-Jan-24 08:00:00 (6.4%)
  2100-Feb-02 04:00:00 (8.8%)
  2100-Feb-10 23:00:00 (11.2%)
  2100-Feb-19 19:00:00 (13.6%)
  2100-Feb-28 14:00:00 (16.1%)
  2100-Mar-09 10:00:00 (18.5%)
  2100-Mar-18 05:00:00 (20.9%)
  2100-Mar-27 01:00:00 (23.3%)
  2100-Apr-04 20:00:00 (25.7%)
  2100-Apr-13 16:00:00 (28.1%)
  2100-Apr-22 11:00:00 (30.5%)
  2100-May-01 07:00:00 (33%)
  2100-May-10 02:00:00 (35.4%)
  2100-May-18 22:00:00 (37.8%)
  2100-May-27 17:00:00 (40.2%)
  2100-Jun-05 13:00:00 (42.6%)
  2100-Jun-14 08:00:00 (45%)
  2100-Jun-23 04:00:00 (47.4%)
  2100-Jul-01 23:00:00 (49.9%)
  2100-Jul-10 19:00:00 (52.3%)
  2100-Jul-19 15:00:00 (54.7%)
  2100-Jul-28 11:00:00 (57.1%)
  2100-Aug-06 06:00:00 (59.5%)
  2100-Aug-15 02:00:00 (61.9%)
  2100-Aug-23 22:00:00 (64.4%)
  2100-Sep-01 17:00:00 (66.8%)
  2100-Sep-10 13:00:00 (69.2%)
  2100-Sep-19 08:00:00 (71.6%)
  2100-Sep-28 04:00:00 (74%)
  2100-Oct-07 00:00:00 (76.4%)
  2100-Oct-15 15:00:00 (78.8%)
  2100-Oct-24 11:00:00 (81.2%)
  2100-Nov-02 07:00:00 (83.6%)
  2100-Nov-11 03:00:00 (86.1%)
  2100-Nov-19 22:00:00 (88.5%)
  2100-Nov-28 18:00:00 (90.9%)
  2100-Dec-07 14:00:00 (93.3%)
  2100-Dec-16 09:00:00 (95.7%)
  2100-Dec-25 05:00:00 (98.1%)
  2100-Dec-31 23:00:00 (100%)
Finished Program: 2014-Nov-18 11:11:45.764872
Elapsed Time: 00:01:21.243200
