instance.yaml
kiva v0.2.0-21-g785bfe1
Copyright (C) 2012-2014 Big Ladder Software
Web: www.bigladdersoftware.com

Starting Program: 2014-Nov-18 11:19:28.902750
Creating Domain...
  X Cells: 146
  Y Cells: 1
  Z Cells: 133
  Total Cells: 19418
Initializing Temperatures...
  2099-Jan-03 11:00:00
  2099-Jan-16 02:00:00
  2099-Jan-28 18:00:00
  2099-Feb-10 09:00:00
  2099-Feb-23 01:00:00
  2099-Mar-07 16:00:00
  2099-Mar-20 08:00:00
  2099-Apr-01 23:00:00
  2099-Apr-14 15:00:00
  2099-Apr-27 06:00:00
  2099-May-09 22:00:00
  2099-May-22 14:00:00
  2099-Jun-04 05:00:00
  2099-Jun-16 21:00:00
  2099-Jun-29 13:00:00
  2099-Jul-12 06:00:00
  2099-Jul-25 00:00:00
  2099-Aug-06 17:00:00
  2099-Aug-19 10:00:00
  2099-Sep-01 03:00:00
  2099-Sep-13 20:00:00
  2099-Sep-26 13:00:00
  2099-Oct-09 07:00:00
  2099-Oct-22 00:00:00
  2099-Nov-03 17:00:00
  2099-Nov-16 10:00:00
  2099-Nov-29 03:00:00
  2099-Dec-11 21:00:00
  2099-Dec-24 14:00:00
Beginning Simulation...
  2100-Jan-05 20:00:00 (1.3%)
  2100-Jan-17 10:00:00 (4.5%)
  2100-Jan-29 00:00:00 (7.7%)
  2100-Feb-09 14:00:00 (10.8%)
  2100-Feb-21 04:00:00 (14%)
  2100-Mar-04 18:00:00 (17.2%)
  2100-Mar-16 08:00:00 (20.4%)
  2100-Mar-27 22:00:00 (23.5%)
  2100-Apr-08 12:00:00 (26.7%)
  2100-Apr-20 02:00:00 (29.9%)
  2100-May-01 16:00:00 (33.1%)
  2100-May-13 06:00:00 (36.2%)
  2100-May-24 21:00:00 (39.4%)
  2100-Jun-05 11:00:00 (42.6%)
  2100-Jun-17 01:00:00 (45.8%)
  2100-Jun-28 15:00:00 (48.9%)
  2100-Jul-10 05:00:00 (52.1%)
  2100-Jul-21 19:00:00 (55.3%)
  2100-Aug-02 09:00:00 (58.5%)
  2100-Aug-13 23:00:00 (61.6%)
  2100-Aug-25 13:00:00 (64.8%)
  2100-Sep-06 03:00:00 (68%)
  2100-Sep-17 17:00:00 (71.2%)
  2100-Sep-29 08:00:00 (74.3%)
  2100-Oct-10 22:00:00 (77.5%)
  2100-Oct-22 12:00:00 (80.7%)
  2100-Nov-03 02:00:00 (83.9%)
  2100-Nov-14 17:00:00 (87%)
  2100-Nov-26 07:00:00 (90.2%)
  2100-Dec-07 21:00:00 (93.4%)
  2100-Dec-19 11:00:00 (96.6%)
  2100-Dec-31 01:00:00 (99.7%)
  2100-Dec-31 23:00:00 (100%)
Finished Program: 2014-Nov-18 11:20:30.081916
Elapsed Time: 00:01:01.179166
