instance.yaml
kiva v0.2.0-9-g526928a
Copyright (C) 2012-2014 Big Ladder Software
Web: www.bigladdersoftware.com

Starting Program: 2014-Nov-15 12:22:47.906539
Creating Domain...
  X Cells: 256
  Y Cells: 1
  Z Cells: 96
  Total Cells: 24576
Initializing Temperatures...
  2099-Jan-01 11:00:00
  2099-Jan-09 23:00:00
  2099-Jan-18 12:00:00
  2099-Jan-27 00:00:00
  2099-Feb-04 13:00:00
  2099-Feb-13 01:00:00
  2099-Feb-21 14:00:00
  2099-Mar-02 02:00:00
  2099-Mar-10 15:00:00
  2099-Mar-19 04:00:00
  2099-Mar-27 16:00:00
  2099-Apr-05 05:00:00
  2099-Apr-13 17:00:00
  2099-Apr-22 06:00:00
  2099-Apr-30 19:00:00
  2099-May-09 07:00:00
  2099-May-17 20:00:00
  2099-May-26 08:00:00
  2099-Jun-03 21:00:00
  2099-Jun-12 10:00:00
  2099-Jun-20 22:00:00
  2099-Jun-29 11:00:00
  2099-Jul-08 00:00:00
  2099-Jul-16 12:00:00
  2099-Jul-25 01:00:00
  2099-Aug-02 13:00:00
  2099-Aug-11 01:00:00
  2099-Aug-19 14:00:00
  2099-Aug-28 02:00:00
  2099-Sep-05 15:00:00
  2099-Sep-14 04:00:00
  2099-Sep-22 16:00:00
  2099-Oct-01 05:00:00
  2099-Oct-09 18:00:00
  2099-Oct-18 06:00:00
  2099-Oct-26 19:00:00
  2099-Nov-04 07:00:00
  2099-Nov-12 20:00:00
  2099-Nov-21 09:00:00
  2099-Nov-29 21:00:00
  2099-Dec-08 10:00:00
  2099-Dec-17 00:00:00
  2099-Dec-25 14:00:00
Beginning Simulation...
  2100-Jan-03 03:00:00 (0.6%)
  2100-Jan-11 15:00:00 (2.9%)
  2100-Jan-20 02:00:00 (5.2%)
  2100-Jan-28 13:00:00 (7.5%)
  2100-Feb-06 00:00:00 (9.9%)
  2100-Feb-14 12:00:00 (12.2%)
  2100-Feb-22 23:00:00 (14.5%)
  2100-Mar-03 10:00:00 (16.8%)
  2100-Mar-11 21:00:00 (19.1%)
  2100-Mar-20 07:00:00 (21.4%)
  2100-Mar-28 18:00:00 (23.8%)
  2100-Apr-06 04:00:00 (26.1%)
  2100-Apr-14 15:00:00 (28.4%)
  2100-Apr-23 01:00:00 (30.7%)
  2100-May-01 12:00:00 (33%)
  2100-May-09 22:00:00 (35.3%)
  2100-May-18 09:00:00 (37.6%)
  2100-May-26 20:00:00 (40%)
  2100-Jun-04 06:00:00 (42.3%)
  2100-Jun-12 17:00:00 (44.6%)
  2100-Jun-21 04:00:00 (46.9%)
  2100-Jun-29 14:00:00 (49.2%)
  2100-Jul-08 01:00:00 (51.5%)
  2100-Jul-16 12:00:00 (53.8%)
  2100-Jul-24 22:00:00 (56.1%)
  2100-Aug-02 09:00:00 (58.5%)
  2100-Aug-10 19:00:00 (60.8%)
  2100-Aug-19 06:00:00 (63.1%)
  2100-Aug-27 16:00:00 (65.4%)
  2100-Sep-05 03:00:00 (67.7%)
  2100-Sep-13 13:00:00 (70%)
  2100-Sep-21 23:00:00 (72.3%)
  2100-Sep-30 10:00:00 (74.6%)
  2100-Oct-08 21:00:00 (77%)
  2100-Oct-17 07:00:00 (79.3%)
  2100-Oct-25 18:00:00 (81.6%)
  2100-Nov-03 05:00:00 (83.9%)
  2100-Nov-11 15:00:00 (86.2%)
  2100-Nov-20 02:00:00 (88.5%)
  2100-Nov-28 13:00:00 (90.8%)
  2100-Dec-06 23:00:00 (93.1%)
  2100-Dec-15 10:00:00 (95.5%)
  2100-Dec-23 20:00:00 (97.8%)
  2100-Dec-31 23:00:00 (100%)
Finished Program: 2014-Nov-15 12:24:14.963559
Elapsed Time: 00:01:27.057020
