instance.yaml
kiva v0.2.0-19-ge248292
Copyright (C) 2012-2014 Big Ladder Software
Web: www.bigladdersoftware.com

Starting Program: 2014-Nov-17 08:41:16.263616
Creating Domain...
  X Cells: 94
  Y Cells: 1
  Z Cells: 103
  Total Cells: 9682
Initializing Temperatures...
  2099-Jan-04 03:00:00
  2099-Jan-27 01:00:00
  2099-Feb-18 23:00:00
  2099-Mar-13 21:00:00
  2099-Apr-05 20:00:00
  2099-Apr-28 18:00:00
  2099-May-21 16:00:00
  2099-Jun-13 15:00:00
  2099-Jul-06 13:00:00
  2099-Jul-29 11:00:00
  2099-Aug-21 09:00:00
  2099-Sep-13 07:00:00
  2099-Oct-06 06:00:00
  2099-Oct-29 04:00:00
  2099-Nov-21 03:00:00
  2099-Dec-14 01:00:00
Beginning Simulation...
  2100-Jan-05 21:00:00 (1.3%)
  2100-Jan-28 07:00:00 (7.5%)
  2100-Feb-19 17:00:00 (13.6%)
  2100-Mar-14 04:00:00 (19.8%)
  2100-Apr-05 14:00:00 (25.9%)
  2100-Apr-28 00:00:00 (32.1%)
  2100-May-20 11:00:00 (38.2%)
  2100-Jun-11 21:00:00 (44.3%)
  2100-Jul-04 08:00:00 (50.5%)
  2100-Jul-26 19:00:00 (56.7%)
  2100-Aug-18 05:00:00 (62.8%)
  2100-Sep-09 16:00:00 (68.9%)
  2100-Oct-02 03:00:00 (75.1%)
  2100-Oct-24 14:00:00 (81.3%)
  2100-Nov-16 00:00:00 (87.4%)
  2100-Dec-08 06:00:00 (93.5%)
  2100-Dec-30 16:00:00 (99.6%)
  2100-Dec-31 23:00:00 (100%)
Finished Program: 2014-Nov-17 08:41:49.058179
Elapsed Time: 00:00:32.794563
