instance.yaml
kiva v0.2.0-20-g4c7c200
Copyright (C) 2012-2014 Big Ladder Software
Web: www.bigladdersoftware.com

Starting Program: 2014-Nov-17 14:16:17.302082
Creating Domain...
  X Cells: 93
  Y Cells: 1
  Z Cells: 133
  Total Cells: 12369
Initializing Temperatures...
  2099-Jan-01 16:00:00
  2099-Jan-21 03:00:00
  2099-Feb-09 14:00:00
  2099-Mar-01 00:00:00
  2099-Mar-20 11:00:00
  2099-Apr-08 21:00:00
  2099-Apr-28 08:00:00
  2099-May-17 18:00:00
  2099-Jun-06 05:00:00
  2099-Jun-25 16:00:00
  2099-Jul-15 02:00:00
  2099-Aug-03 12:00:00
  2099-Aug-22 23:00:00
  2099-Sep-11 10:00:00
  2099-Sep-30 21:00:00
  2099-Oct-20 08:00:00
  2099-Nov-08 19:00:00
  2099-Nov-28 06:00:00
  2099-Dec-17 17:00:00
Beginning Simulation...
  2100-Jan-05 17:00:00 (1.3%)
  2100-Jan-23 13:00:00 (6.2%)
  2100-Feb-10 09:00:00 (11.1%)
  2100-Feb-28 06:00:00 (16%)
  2100-Mar-18 02:00:00 (20.8%)
  2100-Apr-04 23:00:00 (25.7%)
  2100-Apr-22 20:00:00 (30.6%)
  2100-May-10 17:00:00 (35.5%)
  2100-May-28 14:00:00 (40.4%)
  2100-Jun-15 11:00:00 (45.3%)
  2100-Jul-03 08:00:00 (50.2%)
  2100-Jul-21 05:00:00 (55.1%)
  2100-Aug-08 00:00:00 (60%)
  2100-Aug-25 21:00:00 (64.9%)
  2100-Sep-12 18:00:00 (69.8%)
  2100-Sep-30 15:00:00 (74.7%)
  2100-Oct-18 12:00:00 (79.6%)
  2100-Nov-05 10:00:00 (84.5%)
  2100-Nov-23 07:00:00 (89.4%)
  2100-Dec-11 05:00:00 (94.3%)
  2100-Dec-29 02:00:00 (99.2%)
  2100-Dec-31 23:00:00 (100%)
Finished Program: 2014-Nov-17 14:16:57.162559
Elapsed Time: 00:00:39.860477
