instance.yaml
kiva v0.2.0-19-ge248292
Copyright (C) 2012-2014 Big Ladder Software
Web: www.bigladdersoftware.com

Starting Program: 2014-Nov-17 08:43:19.498660
Creating Domain...
  X Cells: 64
  Y Cells: 1
  Z Cells: 113
  Total Cells: 7232
Initializing Temperatures...
  2099-Jan-01 19:00:00
  2099-Feb-01 21:00:00
  2099-Mar-04 23:00:00
  2099-Apr-05 02:00:00
  2099-Apr-27 14:00:00
  2099-May-29 00:00:00
  2099-Jun-29 17:00:00
  2099-Jul-31 10:00:00
  2099-Sep-01 03:00:00
  2099-Oct-02 18:00:00
  2099-Nov-03 10:00:00
  2099-Dec-05 03:00:00
Beginning Simulation...
  2100-Jan-05 18:00:00 (1.3%)
  2100-Feb-06 01:00:00 (9.9%)
  2100-Mar-09 07:00:00 (18.4%)
  2100-Apr-09 13:00:00 (27%)
  2100-May-10 19:00:00 (35.6%)
  2100-Jun-11 01:00:00 (44.1%)
  2100-Jul-12 08:00:00 (52.7%)
  2100-Aug-12 14:00:00 (61.3%)
  2100-Sep-12 20:00:00 (69.8%)
  2100-Oct-14 03:00:00 (78.4%)
  2100-Nov-14 09:00:00 (87%)
  2100-Dec-15 16:00:00 (95.5%)
  2100-Dec-31 23:00:00 (100%)
Finished Program: 2014-Nov-17 08:43:43.522207
Elapsed Time: 00:00:24.023547
