instance.yaml
kiva v0.2.0-21-g785bfe1
Copyright (C) 2012-2014 Big Ladder Software
Web: www.bigladdersoftware.com

Starting Program: 2014-Nov-18 11:25:27.858955
Creating Domain...
  X Cells: 159
  Y Cells: 1
  Z Cells: 93
  Total Cells: 14787
Initializing Temperatures...
  2099-Jan-07 16:00:00
  2099-Jan-22 08:00:00
  2099-Feb-06 00:00:00
  2099-Feb-20 15:00:00
  2099-Mar-07 07:00:00
  2099-Mar-21 23:00:00
  2099-Apr-05 15:00:00
  2099-Apr-20 07:00:00
  2099-May-04 23:00:00
  2099-May-19 14:00:00
  2099-Jun-03 06:00:00
  2099-Jun-17 22:00:00
  2099-Jul-02 14:00:00
  2099-Jul-17 06:00:00
  2099-Jul-31 21:00:00
  2099-Aug-15 12:00:00
  2099-Aug-30 04:00:00
  2099-Sep-13 20:00:00
  2099-Sep-28 12:00:00
  2099-Oct-13 03:00:00
  2099-Oct-27 19:00:00
  2099-Nov-11 11:00:00
  2099-Nov-26 03:00:00
  2099-Dec-10 19:00:00
  2099-Dec-25 11:00:00
Beginning Simulation...
  2100-Jan-09 00:00:00 (2.2%)
  2100-Jan-23 10:00:00 (6.1%)
  2100-Feb-06 20:00:00 (10.1%)
  2100-Feb-21 06:00:00 (14%)
  2100-Mar-07 16:00:00 (18%)
  2100-Mar-22 02:00:00 (21.9%)
  2100-Apr-05 11:00:00 (25.9%)
  2100-Apr-19 21:00:00 (29.8%)
  2100-May-04 07:00:00 (33.8%)
  2100-May-18 17:00:00 (37.7%)
  2100-Jun-02 04:00:00 (41.7%)
  2100-Jun-16 16:00:00 (45.7%)
  2100-Jul-01 04:00:00 (49.6%)
  2100-Jul-15 16:00:00 (53.6%)
  2100-Jul-30 04:00:00 (57.6%)
  2100-Aug-13 16:00:00 (61.6%)
  2100-Aug-28 04:00:00 (65.5%)
  2100-Sep-11 16:00:00 (69.5%)
  2100-Sep-26 04:00:00 (73.5%)
  2100-Oct-10 16:00:00 (77.4%)
  2100-Oct-25 04:00:00 (81.4%)
  2100-Nov-08 16:00:00 (85.4%)
  2100-Nov-23 04:00:00 (89.4%)
  2100-Dec-07 16:00:00 (93.3%)
  2100-Dec-22 04:00:00 (97.3%)
  2100-Dec-31 23:00:00 (100%)
Finished Program: 2014-Nov-18 11:26:18.676621
Elapsed Time: 00:00:50.817666
