instance.yaml
kiva v0.2.0-9-g526928a
Copyright (C) 2012-2014 Big Ladder Software
Web: www.bigladdersoftware.com

Starting Program: 2014-Nov-15 11:22:43.866921
Creating Domain...
  X Cells: 180
  Y Cells: 1
  Z Cells: 125
  Total Cells: 22500
Initializing Temperatures...
  2099-Jan-02 12:00:00
  2099-Jan-12 21:00:00
  2099-Jan-23 06:00:00
  2099-Feb-02 16:00:00
  2099-Feb-13 01:00:00
  2099-Feb-23 10:00:00
  2099-Mar-05 20:00:00
  2099-Mar-16 05:00:00
  2099-Mar-26 15:00:00
  2099-Apr-06 00:00:00
  2099-Apr-16 09:00:00
  2099-Apr-26 19:00:00
  2099-May-07 04:00:00
  2099-May-17 13:00:00
  2099-May-27 23:00:00
  2099-Jun-07 08:00:00
  2099-Jun-17 17:00:00
  2099-Jun-28 03:00:00
  2099-Jul-08 12:00:00
  2099-Jul-18 22:00:00
  2099-Jul-29 07:00:00
  2099-Aug-08 16:00:00
  2099-Aug-16 08:00:00
  2099-Aug-26 17:00:00
  2099-Sep-06 03:00:00
  2099-Sep-16 12:00:00
  2099-Sep-26 22:00:00
  2099-Oct-07 07:00:00
  2099-Oct-17 16:00:00
  2099-Oct-28 02:00:00
  2099-Nov-07 11:00:00
  2099-Nov-17 20:00:00
  2099-Nov-28 05:00:00
  2099-Dec-08 15:00:00
  2099-Dec-19 00:00:00
  2099-Dec-29 10:00:00
Beginning Simulation...
  2100-Jan-08 06:00:00 (2%)
  2100-Jan-17 22:00:00 (4.6%)
  2100-Jan-27 14:00:00 (7.3%)
  2100-Feb-06 06:00:00 (9.9%)
  2100-Feb-15 23:00:00 (12.6%)
  2100-Feb-25 15:00:00 (15.2%)
  2100-Mar-07 07:00:00 (17.9%)
  2100-Mar-16 23:00:00 (20.5%)
  2100-Mar-26 15:00:00 (23.2%)
  2100-Apr-05 07:00:00 (25.8%)
  2100-Apr-14 23:00:00 (28.5%)
  2100-Apr-24 15:00:00 (31.1%)
  2100-May-04 07:00:00 (33.8%)
  2100-May-14 00:00:00 (36.4%)
  2100-May-23 16:00:00 (39.1%)
  2100-Jun-02 08:00:00 (41.7%)
  2100-Jun-12 00:00:00 (44.4%)
  2100-Jun-21 16:00:00 (47%)
  2100-Jul-01 08:00:00 (49.7%)
  2100-Jul-11 01:00:00 (52.3%)
  2100-Jul-20 16:00:00 (55%)
  2100-Jul-30 09:00:00 (57.6%)
  2100-Aug-09 01:00:00 (60.3%)
  2100-Aug-18 17:00:00 (62.9%)
  2100-Aug-28 09:00:00 (65.6%)
  2100-Sep-07 01:00:00 (68.2%)
  2100-Sep-16 17:00:00 (70.9%)
  2100-Sep-26 10:00:00 (73.5%)
  2100-Oct-06 02:00:00 (76.2%)
  2100-Oct-15 18:00:00 (78.8%)
  2100-Oct-25 10:00:00 (81.5%)
  2100-Nov-04 00:00:00 (84.1%)
  2100-Nov-13 19:00:00 (86.8%)
  2100-Nov-23 14:00:00 (89.5%)
  2100-Dec-03 10:00:00 (92.2%)
  2100-Dec-13 05:00:00 (94.9%)
  2100-Dec-23 01:00:00 (97.5%)
  2100-Dec-31 23:00:00 (100%)
Finished Program: 2014-Nov-15 11:23:57.911758
Elapsed Time: 00:01:14.044837
