instance.yaml
kiva v0.2.0-19-ge248292
Copyright (C) 2012-2014 Big Ladder Software
Web: www.bigladdersoftware.com

Starting Program: 2014-Nov-17 08:40:15.407925
Creating Domain...
  X Cells: 88
  Y Cells: 1
  Z Cells: 125
  Total Cells: 11000
Initializing Temperatures...
  2099-Jan-01 18:00:00
  2099-Jan-23 22:00:00
  2099-Feb-15 02:00:00
  2099-Mar-09 06:00:00
  2099-Mar-31 10:00:00
  2099-Apr-22 14:00:00
  2099-May-14 18:00:00
  2099-Jun-05 22:00:00
  2099-Jun-28 03:00:00
  2099-Jul-20 07:00:00
  2099-Aug-11 11:00:00
  2099-Sep-02 16:00:00
  2099-Sep-24 20:00:00
  2099-Oct-16 23:00:00
  2099-Nov-08 04:00:00
  2099-Nov-30 08:00:00
  2099-Dec-22 12:00:00
Beginning Simulation...
  2100-Jan-12 15:00:00 (3.2%)
  2100-Feb-02 00:00:00 (8.8%)
  2100-Feb-22 09:00:00 (14.3%)
  2100-Mar-14 18:00:00 (19.9%)
  2100-Apr-04 02:00:00 (25.5%)
  2100-Apr-24 10:00:00 (31.1%)
  2100-May-14 19:00:00 (36.7%)
  2100-Jun-04 04:00:00 (42.2%)
  2100-Jun-24 14:00:00 (47.8%)
  2100-Jul-14 23:00:00 (53.4%)
  2100-Aug-04 08:00:00 (59%)
  2100-Aug-24 17:00:00 (64.6%)
  2100-Sep-14 02:00:00 (70.2%)
  2100-Oct-04 12:00:00 (75.8%)
  2100-Oct-24 21:00:00 (81.3%)
  2100-Nov-14 02:00:00 (86.9%)
  2100-Dec-04 10:00:00 (92.4%)
  2100-Dec-24 19:00:00 (98%)
  2100-Dec-31 23:00:00 (100%)
Finished Program: 2014-Nov-17 08:40:50.354368
Elapsed Time: 00:00:34.946443
