instance.yaml
kiva v0.2.0-22-gd89b213
Copyright (C) 2012-2014 Big Ladder Software
Web: www.bigladdersoftware.com

Starting Program: 2014-Nov-19 10:45:46.565722
Creating Domain...
  X Cells: 203
  Y Cells: 1
  Z Cells: 133
  Total Cells: 26999
Initializing Temperatures...
  2098-Oct-01 23:00:00
  2099-Jan-02 15:00:00
  2099-Jan-11 11:00:00
  2099-Jan-20 07:00:00
  2099-Jan-29 04:00:00
  2099-Feb-07 00:00:00
  2099-Feb-15 20:00:00
  2099-Feb-24 16:00:00
  2099-Mar-05 13:00:00
  2099-Mar-14 09:00:00
  2099-Mar-23 05:00:00
  2099-Apr-01 02:00:00
  2099-Apr-09 22:00:00
  2099-Apr-18 18:00:00
  2099-Apr-27 15:00:00
  2099-May-06 11:00:00
  2099-May-15 07:00:00
  2099-May-24 04:00:00
  2099-Jun-02 00:00:00
  2099-Jun-10 20:00:00
  2099-Jun-19 17:00:00
  2099-Jun-28 13:00:00
  2099-Jul-07 09:00:00
  2099-Jul-16 06:00:00
  2099-Jul-25 02:00:00
  2099-Aug-02 22:00:00
  2099-Aug-11 19:00:00
  2099-Aug-20 15:00:00
  2099-Aug-29 11:00:00
  2099-Sep-07 08:00:00
  2099-Sep-16 04:00:00
  2099-Sep-25 00:00:00
  2099-Oct-03 20:00:00
  2099-Oct-12 17:00:00
  2099-Oct-21 13:00:00
  2099-Oct-30 10:00:00
  2099-Nov-08 06:00:00
  2099-Nov-17 02:00:00
  2099-Nov-25 23:00:00
  2099-Dec-04 19:00:00
  2099-Dec-13 16:00:00
  2099-Dec-22 12:00:00
  2099-Dec-31 08:00:00
Beginning Simulation...
  2100-Jan-08 15:00:00 (2.1%)
  2100-Jan-16 20:00:00 (4.3%)
  2100-Jan-25 01:00:00 (6.6%)
  2100-Feb-02 07:00:00 (8.8%)
  2100-Feb-10 12:00:00 (11.1%)
  2100-Feb-18 18:00:00 (13.4%)
  2100-Feb-26 23:00:00 (15.6%)
  2100-Mar-07 04:00:00 (17.9%)
  2100-Mar-15 10:00:00 (20.1%)
  2100-Mar-23 15:00:00 (22.4%)
  2100-Mar-31 21:00:00 (24.6%)
  2100-Apr-09 02:00:00 (26.9%)
  2100-Apr-17 08:00:00 (29.1%)
  2100-Apr-25 13:00:00 (31.4%)
  2100-May-03 18:00:00 (33.6%)
  2100-May-12 00:00:00 (35.9%)
  2100-May-20 05:00:00 (38.1%)
  2100-May-28 11:00:00 (40.4%)
  2100-Jun-05 16:00:00 (42.6%)
  2100-Jun-13 22:00:00 (44.9%)
  2100-Jun-22 03:00:00 (47.2%)
  2100-Jun-30 08:00:00 (49.4%)
  2100-Jul-08 14:00:00 (51.7%)
  2100-Jul-16 19:00:00 (53.9%)
  2100-Jul-25 01:00:00 (56.2%)
  2100-Aug-02 06:00:00 (58.4%)
  2100-Aug-10 12:00:00 (60.7%)
  2100-Aug-18 17:00:00 (62.9%)
  2100-Aug-26 23:00:00 (65.2%)
  2100-Sep-04 04:00:00 (67.4%)
  2100-Sep-12 10:00:00 (69.7%)
  2100-Sep-20 15:00:00 (72%)
  2100-Sep-28 21:00:00 (74.2%)
  2100-Oct-07 00:00:00 (76.4%)
  2100-Oct-15 06:00:00 (78.7%)
  2100-Oct-23 12:00:00 (81%)
  2100-Oct-31 17:00:00 (83.2%)
  2100-Nov-08 23:00:00 (85.5%)
  2100-Nov-17 04:00:00 (87.7%)
  2100-Nov-25 11:00:00 (90%)
  2100-Dec-03 18:00:00 (92.3%)
  2100-Dec-12 02:00:00 (94.5%)
  2100-Dec-20 09:00:00 (96.8%)
  2100-Dec-28 17:00:00 (99.1%)
  2100-Dec-31 23:00:00 (100%)
Finished Program: 2014-Nov-19 10:47:13.395970
Elapsed Time: 00:01:26.830248
