instance.yaml
kiva v0.2.0-8-gc565062
Copyright (C) 2012-2014 Big Ladder Software
Web: www.bigladdersoftware.com

Starting Program: 2014-Oct-02 14:44:46.204246
Creating Domain...
  X Cells: 98
  Y Cells: 1
  Z Cells: 279
  Total Cells: 27342
Initializing Temperatures...
  2098-Oct-08 23:00:00
  2098-Nov-19 23:00:00
  2098-Dec-31 23:00:00
  2099-Jan-07 19:00:00
  2099-Jan-17 11:00:00
  2099-Jan-27 02:00:00
  2099-Feb-05 17:00:00
  2099-Feb-15 08:00:00
  2099-Feb-25 00:00:00
  2099-Mar-06 15:00:00
  2099-Mar-16 06:00:00
  2099-Mar-25 21:00:00
  2099-Apr-04 12:00:00
  2099-Apr-14 03:00:00
  2099-Apr-23 18:00:00
  2099-May-03 09:00:00
  2099-May-13 01:00:00
  2099-May-22 16:00:00
  2099-Jun-01 07:00:00
  2099-Jun-10 22:00:00
  2099-Jun-20 14:00:00
  2099-Jun-30 05:00:00
  2099-Jul-09 20:00:00
  2099-Jul-19 11:00:00
  2099-Jul-29 02:00:00
  2099-Aug-07 18:00:00
  2099-Aug-17 09:00:00
  2099-Aug-27 00:00:00
  2099-Sep-05 15:00:00
  2099-Sep-15 07:00:00
  2099-Sep-24 22:00:00
  2099-Oct-04 13:00:00
  2099-Oct-14 04:00:00
  2099-Oct-23 19:00:00
  2099-Nov-02 11:00:00
  2099-Nov-12 02:00:00
  2099-Nov-21 17:00:00
  2099-Dec-01 09:00:00
  2099-Dec-11 00:00:00
  2099-Dec-20 15:00:00
  2099-Dec-30 06:00:00
Beginning Simulation...
  2100-Jan-08 19:00:00 (2.1%)
  2100-Jan-18 07:00:00 (4.7%)
  2100-Jan-27 20:00:00 (7.4%)
  2100-Feb-06 08:00:00 (10%)
  2100-Feb-15 20:00:00 (12.6%)
  2100-Feb-25 09:00:00 (15.2%)
  2100-Mar-06 21:00:00 (17.8%)
  2100-Mar-16 09:00:00 (20.4%)
  2100-Mar-25 21:00:00 (23%)
  2100-Apr-04 09:00:00 (25.6%)
  2100-Apr-13 21:00:00 (28.2%)
  2100-Apr-23 10:00:00 (30.8%)
  2100-May-02 22:00:00 (33.4%)
  2100-May-12 10:00:00 (36%)
  2100-May-21 23:00:00 (38.6%)
  2100-May-31 05:00:00 (41.2%)
  2100-Jun-08 23:00:00 (43.6%)
  2100-Jun-18 02:00:00 (46.1%)
  2100-Jun-27 05:00:00 (48.6%)
  2100-Jul-06 11:00:00 (51.1%)
  2100-Jul-15 21:00:00 (53.7%)
  2100-Jul-25 08:00:00 (56.3%)
  2100-Aug-03 12:00:00 (58.8%)
  2100-Aug-13 00:00:00 (61.4%)
  2100-Aug-22 12:00:00 (64%)
  2100-Sep-01 01:00:00 (66.6%)
  2100-Sep-10 13:00:00 (69.2%)
  2100-Sep-20 01:00:00 (71.8%)
  2100-Sep-29 12:00:00 (74.4%)
  2100-Oct-09 01:00:00 (77%)
  2100-Oct-18 13:00:00 (79.6%)
  2100-Oct-28 00:00:00 (82.2%)
  2100-Nov-06 12:00:00 (84.8%)
  2100-Nov-16 00:00:00 (87.4%)
  2100-Nov-25 13:00:00 (90%)
  2100-Dec-05 01:00:00 (92.6%)
  2100-Dec-14 13:00:00 (95.2%)
  2100-Dec-24 01:00:00 (97.8%)
  2100-Dec-31 23:00:00 (100%)
Finished Program: 2014-Oct-02 14:46:05.832977
Elapsed Time: 00:01:19.628731

