instance.yaml
kiva v0.2.0-21-g785bfe1
Copyright (C) 2012-2014 Big Ladder Software
Web: www.bigladdersoftware.com

Starting Program: 2014-Nov-18 11:08:23.967215
Creating Domain...
  X Cells: 222
  Y Cells: 1
  Z Cells: 96
  Total Cells: 21312
Initializing Temperatures...
  2099-Jan-02 08:00:00
  2099-Jan-12 12:00:00
  2099-Jan-22 16:00:00
  2099-Feb-01 20:00:00
  2099-Feb-12 00:00:00
  2099-Feb-22 04:00:00
  2099-Mar-04 08:00:00
  2099-Mar-14 13:00:00
  2099-Mar-24 17:00:00
  2099-Apr-03 21:00:00
  2099-Apr-14 01:00:00
  2099-Apr-24 05:00:00
  2099-May-04 10:00:00
  2099-May-14 14:00:00
  2099-May-24 18:00:00
  2099-Jun-03 22:00:00
  2099-Jun-14 02:00:00
  2099-Jun-24 07:00:00
  2099-Jul-04 11:00:00
  2099-Jul-14 15:00:00
  2099-Jul-24 19:00:00
  2099-Aug-04 00:00:00
  2099-Aug-13 14:00:00
  2099-Aug-23 18:00:00
  2099-Sep-02 22:00:00
  2099-Sep-13 03:00:00
  2099-Sep-23 07:00:00
  2099-Oct-03 11:00:00
  2099-Oct-13 15:00:00
  2099-Oct-23 20:00:00
  2099-Nov-02 23:00:00
  2099-Nov-13 04:00:00
  2099-Nov-23 08:00:00
  2099-Dec-03 12:00:00
  2099-Dec-13 17:00:00
  2099-Dec-23 21:00:00
Beginning Simulation...
  2100-Jan-03 00:00:00 (0.5%)
  2100-Jan-12 23:00:00 (3.3%)
  2100-Jan-22 22:00:00 (6%)
  2100-Feb-01 21:00:00 (8.7%)
  2100-Feb-11 20:00:00 (11.5%)
  2100-Feb-21 19:00:00 (14.2%)
  2100-Mar-03 18:00:00 (16.9%)
  2100-Mar-13 17:00:00 (19.6%)
  2100-Mar-23 16:00:00 (22.4%)
  2100-Apr-02 15:00:00 (25.1%)
  2100-Apr-12 15:00:00 (27.8%)
  2100-Apr-22 14:00:00 (30.6%)
  2100-May-02 13:00:00 (33.3%)
  2100-May-12 13:00:00 (36%)
  2100-May-22 12:00:00 (38.8%)
  2100-Jun-01 11:00:00 (41.5%)
  2100-Jun-11 10:00:00 (44.2%)
  2100-Jun-21 09:00:00 (47%)
  2100-Jul-01 08:00:00 (49.7%)
  2100-Jul-11 07:00:00 (52.4%)
  2100-Jul-21 06:00:00 (55.1%)
  2100-Jul-31 06:00:00 (57.9%)
  2100-Aug-10 05:00:00 (60.6%)
  2100-Aug-20 04:00:00 (63.3%)
  2100-Aug-30 03:00:00 (66.1%)
  2100-Sep-09 02:00:00 (68.8%)
  2100-Sep-19 01:00:00 (71.5%)
  2100-Sep-29 00:00:00 (74.2%)
  2100-Oct-09 00:00:00 (77%)
  2100-Oct-18 23:00:00 (79.7%)
  2100-Oct-28 22:00:00 (82.4%)
  2100-Nov-07 21:00:00 (85.2%)
  2100-Nov-17 20:00:00 (87.9%)
  2100-Nov-27 19:00:00 (90.6%)
  2100-Dec-07 18:00:00 (93.4%)
  2100-Dec-17 16:00:00 (96.1%)
  2100-Dec-27 15:00:00 (98.8%)
  2100-Dec-31 23:00:00 (100%)
Finished Program: 2014-Nov-18 11:09:37.437623
Elapsed Time: 00:01:13.470408
