instance.yaml
kiva v0.2.0-19-ge248292
Copyright (C) 2012-2014 Big Ladder Software
Web: www.bigladdersoftware.com

Starting Program: 2014-Nov-17 08:45:16.475888
Creating Domain...
  X Cells: 61
  Y Cells: 1
  Z Cells: 133
  Total Cells: 8113
Initializing Temperatures...
  2098-Dec-24 23:00:00
  2099-Jan-27 02:00:00
  2099-Feb-23 06:00:00
  2099-Mar-22 09:00:00
  2099-Apr-17 23:00:00
  2099-May-15 02:00:00
  2099-Jun-11 06:00:00
  2099-Jul-08 09:00:00
  2099-Aug-04 13:00:00
  2099-Aug-31 17:00:00
  2099-Sep-27 21:00:00
  2099-Oct-25 01:00:00
  2099-Nov-21 05:00:00
  2099-Dec-18 09:00:00
Beginning Simulation...
  2100-Jan-12 21:00:00 (3.3%)
  2100-Feb-05 17:00:00 (9.8%)
  2100-Mar-01 12:00:00 (16.3%)
  2100-Mar-25 08:00:00 (22.8%)
  2100-Apr-18 04:00:00 (29.4%)
  2100-May-12 00:00:00 (35.9%)
  2100-Jun-04 20:00:00 (42.4%)
  2100-Jun-28 16:00:00 (48.9%)
  2100-Jul-22 12:00:00 (55.5%)
  2100-Aug-15 08:00:00 (62%)
  2100-Sep-08 04:00:00 (68.5%)
  2100-Oct-02 00:00:00 (75.1%)
  2100-Oct-25 20:00:00 (81.6%)
  2100-Nov-18 15:00:00 (88.1%)
  2100-Dec-12 11:00:00 (94.6%)
  2100-Dec-31 23:00:00 (100%)
Finished Program: 2014-Nov-17 08:45:45.819335
Elapsed Time: 00:00:29.343447
