instance.yaml
kiva v0.2.0-21-g785bfe1
Copyright (C) 2012-2014 Big Ladder Software
Web: www.bigladdersoftware.com

Starting Program: 2014-Nov-18 11:11:27.147834
Creating Domain...
  X Cells: 259
  Y Cells: 1
  Z Cells: 132
  Total Cells: 34188
Initializing Temperatures...
  2098-Nov-12 23:00:00
  2099-Jan-03 16:00:00
  2099-Jan-10 16:00:00
  2099-Jan-17 16:00:00
  2099-Jan-24 15:00:00
  2099-Jan-31 15:00:00
  2099-Feb-07 14:00:00
  2099-Feb-14 14:00:00
  2099-Feb-21 14:00:00
  2099-Feb-28 13:00:00
  2099-Mar-07 13:00:00
  2099-Mar-14 12:00:00
  2099-Mar-21 13:00:00
  2099-Mar-28 13:00:00
  2099-Apr-04 14:00:00
  2099-Apr-11 15:00:00
  2099-Apr-18 15:00:00
  2099-Apr-25 16:00:00
  2099-May-02 16:00:00
  2099-May-09 17:00:00
  2099-May-16 18:00:00
  2099-May-23 18:00:00
  2099-May-30 19:00:00
  2099-Jun-06 19:00:00
  2099-Jun-13 20:00:00
  2099-Jun-20 21:00:00
  2099-Jun-27 21:00:00
  2099-Jul-04 22:00:00
  2099-Jul-11 23:00:00
  2099-Jul-18 23:00:00
  2099-Jul-26 00:00:00
  2099-Aug-02 00:00:00
  2099-Aug-09 00:00:00
  2099-Aug-16 01:00:00
  2099-Aug-23 01:00:00
  2099-Aug-30 02:00:00
  2099-Sep-06 02:00:00
  2099-Sep-13 03:00:00
  2099-Sep-20 03:00:00
  2099-Sep-27 04:00:00
  2099-Oct-04 05:00:00
  2099-Oct-11 05:00:00
  2099-Oct-18 06:00:00
  2099-Oct-25 07:00:00
  2099-Nov-01 07:00:00
  2099-Nov-08 08:00:00
  2099-Nov-15 08:00:00
  2099-Nov-22 09:00:00
  2099-Nov-29 10:00:00
  2099-Dec-06 10:00:00
  2099-Dec-13 11:00:00
  2099-Dec-20 11:00:00
  2099-Dec-27 12:00:00
Beginning Simulation...
  2100-Jan-03 09:00:00 (0.7%)
  2100-Jan-10 00:00:00 (2.5%)
  2100-Jan-16 15:00:00 (4.3%)
  2100-Jan-23 06:00:00 (6.1%)
  2100-Jan-29 21:00:00 (7.9%)
  2100-Feb-05 13:00:00 (9.7%)
  2100-Feb-12 04:00:00 (11.6%)
  2100-Feb-18 19:00:00 (13.4%)
  2100-Feb-25 10:00:00 (15.2%)
  2100-Mar-04 01:00:00 (17%)
  2100-Mar-10 16:00:00 (18.8%)
  2100-Mar-17 07:00:00 (20.6%)
  2100-Mar-23 22:00:00 (22.4%)
  2100-Mar-30 13:00:00 (24.3%)
  2100-Apr-06 04:00:00 (26.1%)
  2100-Apr-12 19:00:00 (27.9%)
  2100-Apr-19 11:00:00 (29.7%)
  2100-Apr-26 02:00:00 (31.5%)
  2100-May-02 17:00:00 (33.3%)
  2100-May-09 08:00:00 (35.2%)
  2100-May-15 23:00:00 (37%)
  2100-May-22 14:00:00 (38.8%)
  2100-May-29 05:00:00 (40.6%)
  2100-Jun-04 20:00:00 (42.4%)
  2100-Jun-11 11:00:00 (44.2%)
  2100-Jun-18 01:00:00 (46%)
  2100-Jun-24 15:00:00 (47.8%)
  2100-Jul-01 06:00:00 (49.7%)
  2100-Jul-07 21:00:00 (51.5%)
  2100-Jul-14 12:00:00 (53.3%)
  2100-Jul-21 03:00:00 (55.1%)
  2100-Jul-27 18:00:00 (56.9%)
  2100-Aug-03 09:00:00 (58.7%)
  2100-Aug-10 00:00:00 (60.5%)
  2100-Aug-16 14:00:00 (62.4%)
  2100-Aug-23 05:00:00 (64.2%)
  2100-Aug-29 20:00:00 (66%)
  2100-Sep-05 11:00:00 (67.8%)
  2100-Sep-12 01:00:00 (69.6%)
  2100-Sep-18 16:00:00 (71.4%)
  2100-Sep-25 07:00:00 (73.2%)
  2100-Oct-01 22:00:00 (75%)
  2100-Oct-08 13:00:00 (76.9%)
  2100-Oct-15 04:00:00 (78.7%)
  2100-Oct-21 19:00:00 (80.5%)
  2100-Oct-28 10:00:00 (82.3%)
  2100-Nov-04 01:00:00 (84.1%)
  2100-Nov-10 16:00:00 (85.9%)
  2100-Nov-17 06:00:00 (87.7%)
  2100-Nov-23 21:00:00 (89.6%)
  2100-Nov-30 12:00:00 (91.4%)
  2100-Dec-07 03:00:00 (93.2%)
  2100-Dec-13 18:00:00 (95%)
  2100-Dec-20 09:00:00 (96.8%)
  2100-Dec-27 00:00:00 (98.6%)
  2100-Dec-31 23:00:00 (100%)
Finished Program: 2014-Nov-18 11:13:15.750339
Elapsed Time: 00:01:48.602505
