instance.yaml
kiva v0.2.0-19-ge248292
Copyright (C) 2012-2014 Big Ladder Software
Web: www.bigladdersoftware.com

Starting Program: 2014-Nov-17 08:39:14.519925
Creating Domain...
  X Cells: 95
  Y Cells: 1
  Z Cells: 133
  Total Cells: 12635
Initializing Temperatures...
  2098-Oct-22 23:00:00
  2099-Jan-15 01:00:00
  2099-Feb-03 21:00:00
  2099-Feb-23 16:00:00
  2099-Mar-15 13:00:00
  2099-Apr-04 09:00:00
  2099-Apr-24 04:00:00
  2099-May-14 00:00:00
  2099-Jun-02 21:00:00
  2099-Jun-22 16:00:00
  2099-Jul-12 12:00:00
  2099-Aug-01 08:00:00
  2099-Aug-21 05:00:00
  2099-Sep-10 01:00:00
  2099-Sep-29 21:00:00
  2099-Oct-19 17:00:00
  2099-Nov-08 14:00:00
  2099-Nov-28 10:00:00
  2099-Dec-18 06:00:00
Beginning Simulation...
  2100-Jan-06 14:00:00 (1.5%)
  2100-Jan-24 19:00:00 (6.5%)
  2100-Feb-12 01:00:00 (11.5%)
  2100-Mar-02 06:00:00 (16.5%)
  2100-Mar-20 11:00:00 (21.5%)
  2100-Apr-07 17:00:00 (26.5%)
  2100-Apr-25 22:00:00 (31.5%)
  2100-May-14 03:00:00 (36.5%)
  2100-Jun-01 09:00:00 (41.5%)
  2100-Jun-19 14:00:00 (46.5%)
  2100-Jul-07 19:00:00 (51.4%)
  2100-Jul-25 22:00:00 (56.4%)
  2100-Aug-13 03:00:00 (61.4%)
  2100-Aug-31 09:00:00 (66.4%)
  2100-Sep-18 14:00:00 (71.4%)
  2100-Oct-06 20:00:00 (76.4%)
  2100-Oct-25 02:00:00 (81.4%)
  2100-Nov-12 07:00:00 (86.4%)
  2100-Nov-30 13:00:00 (91.4%)
  2100-Dec-18 18:00:00 (96.4%)
  2100-Dec-31 23:00:00 (100%)
Finished Program: 2014-Nov-17 08:39:53.726486
Elapsed Time: 00:00:39.206561
