instance.yaml
kiva v0.2.0-21-g785bfe1
Copyright (C) 2012-2014 Big Ladder Software
Web: www.bigladdersoftware.com

Starting Program: 2014-Nov-18 11:20:27.035501
Creating Domain...
  X Cells: 208
  Y Cells: 1
  Z Cells: 96
  Total Cells: 19968
Initializing Temperatures...
  2098-Dec-10 23:00:00
  2099-Jan-10 00:00:00
  2099-Jan-20 11:00:00
  2099-Jan-26 11:00:00
  2099-Feb-05 22:00:00
  2099-Feb-16 09:00:00
  2099-Feb-26 20:00:00
  2099-Mar-09 07:00:00
  2099-Mar-19 18:00:00
  2099-Mar-30 05:00:00
  2099-Apr-09 16:00:00
  2099-Apr-20 03:00:00
  2099-Apr-30 14:00:00
  2099-May-11 01:00:00
  2099-May-21 13:00:00
  2099-Jun-01 00:00:00
  2099-Jun-11 11:00:00
  2099-Jun-21 22:00:00
  2099-Jul-02 09:00:00
  2099-Jul-12 20:00:00
  2099-Jul-23 08:00:00
  2099-Aug-02 19:00:00
  2099-Aug-13 06:00:00
  2099-Aug-23 17:00:00
  2099-Sep-03 04:00:00
  2099-Sep-13 15:00:00
  2099-Sep-24 02:00:00
  2099-Oct-04 13:00:00
  2099-Oct-15 01:00:00
  2099-Oct-25 12:00:00
  2099-Nov-04 23:00:00
  2099-Nov-15 10:00:00
  2099-Nov-25 21:00:00
  2099-Dec-06 08:00:00
  2099-Dec-16 19:00:00
  2099-Dec-27 07:00:00
Beginning Simulation...
  2100-Jan-06 16:00:00 (1.6%)
  2100-Jan-16 23:00:00 (4.4%)
  2100-Jan-27 06:00:00 (7.2%)
  2100-Feb-06 14:00:00 (10%)
  2100-Feb-16 23:00:00 (12.9%)
  2100-Feb-27 07:00:00 (15.7%)
  2100-Mar-09 15:00:00 (18.5%)
  2100-Mar-20 00:00:00 (21.4%)
  2100-Mar-30 09:00:00 (24.2%)
  2100-Apr-09 17:00:00 (27%)
  2100-Apr-20 01:00:00 (29.9%)
  2100-Apr-30 10:00:00 (32.7%)
  2100-May-10 18:00:00 (35.5%)
  2100-May-21 03:00:00 (38.4%)
  2100-May-31 12:00:00 (41.2%)
  2100-Jun-10 21:00:00 (44.1%)
  2100-Jun-21 05:00:00 (46.9%)
  2100-Jul-01 14:00:00 (49.7%)
  2100-Jul-11 23:00:00 (52.6%)
  2100-Jul-22 08:00:00 (55.4%)
  2100-Aug-01 16:00:00 (58.3%)
  2100-Aug-12 01:00:00 (61.1%)
  2100-Aug-22 10:00:00 (63.9%)
  2100-Sep-01 18:00:00 (66.8%)
  2100-Sep-12 03:00:00 (69.6%)
  2100-Sep-22 12:00:00 (72.5%)
  2100-Oct-02 21:00:00 (75.3%)
  2100-Oct-13 05:00:00 (78.1%)
  2100-Oct-23 14:00:00 (81%)
  2100-Nov-02 23:00:00 (83.8%)
  2100-Nov-13 07:00:00 (86.7%)
  2100-Nov-23 16:00:00 (89.5%)
  2100-Dec-04 01:00:00 (92.3%)
  2100-Dec-14 07:00:00 (95.1%)
  2100-Dec-24 16:00:00 (98%)
  2100-Dec-31 23:00:00 (100%)
Finished Program: 2014-Nov-18 11:21:38.706283
Elapsed Time: 00:01:11.670782
