instance.yaml
kiva v0.2.0-9-g526928a
Copyright (C) 2012-2014 Big Ladder Software
Web: www.bigladdersoftware.com

Starting Program: 2014-Oct-26 15:44:46.422251
Creating Domain...
  X Cells: 94
  Y Cells: 1
  Z Cells: 93
  Total Cells: 8742
Initializing Temperatures...
  2098-Nov-05 23:00:00
  2099-Jan-20 13:00:00
  2099-Feb-18 18:00:00
  2099-Mar-19 23:00:00
  2099-Apr-18 03:00:00
  2099-May-17 08:00:00
  2099-Jun-15 13:00:00
  2099-Jul-14 17:00:00
  2099-Aug-12 22:00:00
  2099-Sep-11 02:00:00
  2099-Oct-10 07:00:00
  2099-Nov-08 12:00:00
  2099-Dec-07 17:00:00
Beginning Simulation...
  2100-Jan-05 20:00:00 (1.3%)
  2100-Feb-03 06:00:00 (9.1%)
  2100-Mar-03 16:00:00 (16.9%)
  2100-Apr-01 02:00:00 (24.7%)
  2100-Apr-29 11:00:00 (32.5%)
  2100-May-27 21:00:00 (40.2%)
  2100-Jun-25 06:00:00 (48%)
  2100-Jul-23 16:00:00 (55.8%)
  2100-Aug-21 01:00:00 (63.6%)
  2100-Sep-18 10:00:00 (71.3%)
  2100-Oct-16 20:00:00 (79.1%)
  2100-Nov-14 05:00:00 (86.9%)
  2100-Dec-12 15:00:00 (94.7%)
  2100-Dec-31 23:00:00 (100%)
Finished Program: 2014-Oct-26 15:45:12.681011
Elapsed Time: 00:00:26.258760
