instance.yaml
kiva v0.2.0-9-g526928a
Copyright (C) 2012-2014 Big Ladder Software
Web: www.bigladdersoftware.com

Starting Program: 2014-Oct-19 02:35:29.138221
Creating Domain...
  X Cells: 92
  Y Cells: 1
  Z Cells: 133
  Total Cells: 12236
Initializing Temperatures...
  2098-Oct-15 23:00:00
  2099-Jan-04 19:00:00
  2099-Jan-22 19:00:00
  2099-Jan-26 13:00:00
  2099-Feb-13 13:00:00
  2099-Mar-07 19:00:00
  2099-Mar-30 01:00:00
  2099-Apr-21 06:00:00
  2099-May-13 11:00:00
  2099-Jun-04 17:00:00
  2099-Jun-26 23:00:00
  2099-Jul-19 05:00:00
  2099-Aug-10 11:00:00
  2099-Sep-01 17:00:00
  2099-Sep-24 00:00:00
  2099-Oct-16 06:00:00
  2099-Nov-07 12:00:00
  2099-Nov-29 18:00:00
  2099-Dec-22 00:00:00
Beginning Simulation...
  2100-Jan-12 07:00:00 (3.1%)
  2100-Feb-01 18:00:00 (8.7%)
  2100-Feb-22 05:00:00 (14.3%)
  2100-Mar-14 17:00:00 (19.9%)
  2100-Apr-04 03:00:00 (25.5%)
  2100-Apr-24 15:00:00 (31.1%)
  2100-May-15 03:00:00 (36.7%)
  2100-Jun-04 15:00:00 (42.4%)
  2100-Jun-25 03:00:00 (48%)
  2100-Jul-15 15:00:00 (53.6%)
  2100-Aug-05 03:00:00 (59.2%)
  2100-Aug-25 15:00:00 (64.8%)
  2100-Sep-15 02:00:00 (70.4%)
  2100-Oct-05 11:00:00 (76%)
  2100-Oct-25 22:00:00 (81.6%)
  2100-Nov-15 10:00:00 (87.2%)
  2100-Dec-05 22:00:00 (92.9%)
  2100-Dec-26 09:00:00 (98.5%)
  2100-Dec-31 23:00:00 (100%)
Finished Program: 2014-Oct-19 02:36:06.272599
Elapsed Time: 00:00:37.134378
