instance.yaml
kiva v0.2.0-19-ge248292
Copyright (C) 2012-2014 Big Ladder Software
Web: www.bigladdersoftware.com

Starting Program: 2014-Nov-17 08:45:14.524659
Creating Domain...
  X Cells: 107
  Y Cells: 1
  Z Cells: 133
  Total Cells: 14231
Initializing Temperatures...
  2098-Nov-19 23:00:00
  2099-Jan-14 23:00:00
  2099-Jan-31 23:00:00
  2099-Feb-18 00:00:00
  2099-Mar-07 02:00:00
  2099-Mar-24 04:00:00
  2099-Apr-10 06:00:00
  2099-Apr-27 08:00:00
  2099-May-14 10:00:00
  2099-May-31 12:00:00
  2099-Jun-17 14:00:00
  2099-Jul-04 16:00:00
  2099-Jul-21 18:00:00
  2099-Aug-07 20:00:00
  2099-Aug-24 22:00:00
  2099-Sep-11 00:00:00
  2099-Sep-28 02:00:00
  2099-Oct-15 04:00:00
  2099-Nov-01 06:00:00
  2099-Nov-18 08:00:00
  2099-Dec-05 10:00:00
  2099-Dec-22 12:00:00
Beginning Simulation...
  2100-Jan-08 01:00:00 (1.9%)
  2100-Jan-23 20:00:00 (6.3%)
  2100-Feb-08 15:00:00 (10.6%)
  2100-Feb-24 11:00:00 (14.9%)
  2100-Mar-12 06:00:00 (19.2%)
  2100-Mar-28 02:00:00 (23.6%)
  2100-Apr-12 21:00:00 (27.9%)
  2100-Apr-28 16:00:00 (32.2%)
  2100-May-14 11:00:00 (36.6%)
  2100-May-30 07:00:00 (40.9%)
  2100-Jun-15 02:00:00 (45.2%)
  2100-Jun-30 20:00:00 (49.5%)
  2100-Jul-16 15:00:00 (53.9%)
  2100-Aug-01 11:00:00 (58.2%)
  2100-Aug-17 06:00:00 (62.5%)
  2100-Sep-02 02:00:00 (66.9%)
  2100-Sep-17 21:00:00 (71.2%)
  2100-Oct-03 17:00:00 (75.5%)
  2100-Oct-19 12:00:00 (79.9%)
  2100-Nov-04 08:00:00 (84.2%)
  2100-Nov-20 03:00:00 (88.5%)
  2100-Dec-05 23:00:00 (92.9%)
  2100-Dec-21 19:00:00 (97.2%)
  2100-Dec-31 23:00:00 (100%)
Finished Program: 2014-Nov-17 08:45:59.645651
Elapsed Time: 00:00:45.120992
