instance.yaml
kiva v0.2.0-21-g785bfe1
Copyright (C) 2012-2014 Big Ladder Software
Web: www.bigladdersoftware.com

Starting Program: 2014-Nov-18 11:06:23.972077
Creating Domain...
  X Cells: 227
  Y Cells: 1
  Z Cells: 96
  Total Cells: 21792
Initializing Temperatures...
  2099-Jan-01 23:00:00
  2099-Jan-11 15:00:00
  2099-Jan-21 07:00:00
  2099-Jan-30 22:00:00
  2099-Feb-09 14:00:00
  2099-Feb-19 06:00:00
  2099-Feb-28 21:00:00
  2099-Mar-10 13:00:00
  2099-Mar-20 05:00:00
  2099-Mar-29 21:00:00
  2099-Apr-08 13:00:00
  2099-Apr-18 05:00:00
  2099-Apr-27 21:00:00
  2099-May-07 13:00:00
  2099-May-17 05:00:00
  2099-May-26 21:00:00
  2099-Jun-05 13:00:00
  2099-Jun-15 05:00:00
  2099-Jun-24 21:00:00
  2099-Jul-04 13:00:00
  2099-Jul-14 04:00:00
  2099-Jul-23 20:00:00
  2099-Aug-02 14:00:00
  2099-Aug-12 07:00:00
  2099-Aug-22 00:00:00
  2099-Aug-31 17:00:00
  2099-Sep-10 10:00:00
  2099-Sep-20 04:00:00
  2099-Sep-29 21:00:00
  2099-Oct-09 14:00:00
  2099-Oct-19 07:00:00
  2099-Oct-29 01:00:00
  2099-Nov-07 18:00:00
  2099-Nov-17 11:00:00
  2099-Nov-27 04:00:00
  2099-Dec-06 22:00:00
  2099-Dec-16 15:00:00
  2099-Dec-26 08:00:00
Beginning Simulation...
  2100-Jan-05 01:00:00 (1.1%)
  2100-Jan-14 17:00:00 (3.8%)
  2100-Jan-24 10:00:00 (6.4%)
  2100-Feb-03 02:00:00 (9.1%)
  2100-Feb-12 18:00:00 (11.7%)
  2100-Feb-22 11:00:00 (14.4%)
  2100-Mar-04 03:00:00 (17%)
  2100-Mar-13 19:00:00 (19.7%)
  2100-Mar-23 12:00:00 (22.3%)
  2100-Apr-02 04:00:00 (25%)
  2100-Apr-11 20:00:00 (27.6%)
  2100-Apr-21 12:00:00 (30.3%)
  2100-May-01 05:00:00 (32.9%)
  2100-May-10 21:00:00 (35.6%)
  2100-May-20 14:00:00 (38.2%)
  2100-May-30 06:00:00 (40.9%)
  2100-Jun-08 22:00:00 (43.5%)
  2100-Jun-18 15:00:00 (46.2%)
  2100-Jun-28 08:00:00 (48.9%)
  2100-Jul-08 00:00:00 (51.5%)
  2100-Jul-17 17:00:00 (54.2%)
  2100-Jul-27 09:00:00 (56.8%)
  2100-Aug-06 02:00:00 (59.5%)
  2100-Aug-15 18:00:00 (62.1%)
  2100-Aug-25 11:00:00 (64.8%)
  2100-Sep-04 03:00:00 (67.4%)
  2100-Sep-13 20:00:00 (70.1%)
  2100-Sep-23 13:00:00 (72.8%)
  2100-Oct-03 05:00:00 (75.4%)
  2100-Oct-12 22:00:00 (78.1%)
  2100-Oct-22 14:00:00 (80.7%)
  2100-Nov-01 07:00:00 (83.4%)
  2100-Nov-10 23:00:00 (86%)
  2100-Nov-20 14:00:00 (88.7%)
  2100-Nov-30 07:00:00 (91.3%)
  2100-Dec-09 23:00:00 (94%)
  2100-Dec-19 16:00:00 (96.6%)
  2100-Dec-29 08:00:00 (99.3%)
  2100-Dec-31 23:00:00 (100%)
Finished Program: 2014-Nov-18 11:07:40.272851
Elapsed Time: 00:01:16.300774
