instance.yaml
kiva v0.2.0-9-g526928a
Copyright (C) 2012-2014 Big Ladder Software
Web: www.bigladdersoftware.com

Starting Program: 2014-Nov-15 12:24:44.690291
Creating Domain...
  X Cells: 159
  Y Cells: 1
  Z Cells: 133
  Total Cells: 21147
Initializing Temperatures...
  2098-Oct-01 23:00:00
  2099-Jan-06 00:00:00
  2099-Jan-16 22:00:00
  2099-Jan-27 20:00:00
  2099-Feb-07 18:00:00
  2099-Feb-18 16:00:00
  2099-Mar-01 13:00:00
  2099-Mar-12 11:00:00
  2099-Mar-23 09:00:00
  2099-Apr-03 07:00:00
  2099-Apr-14 05:00:00
  2099-Apr-25 02:00:00
  2099-May-06 00:00:00
  2099-May-16 22:00:00
  2099-May-27 20:00:00
  2099-Jun-07 18:00:00
  2099-Jun-18 16:00:00
  2099-Jun-29 14:00:00
  2099-Jul-10 12:00:00
  2099-Jul-21 10:00:00
  2099-Aug-01 08:00:00
  2099-Aug-12 05:00:00
  2099-Aug-23 03:00:00
  2099-Sep-03 01:00:00
  2099-Sep-13 23:00:00
  2099-Sep-24 21:00:00
  2099-Oct-05 19:00:00
  2099-Oct-16 17:00:00
  2099-Oct-27 15:00:00
  2099-Nov-07 13:00:00
  2099-Nov-18 11:00:00
  2099-Nov-29 09:00:00
  2099-Dec-10 07:00:00
  2099-Dec-21 04:00:00
Beginning Simulation...
  2100-Jan-01 02:00:00 (0%)
  2100-Jan-11 01:00:00 (2.8%)
  2100-Jan-21 01:00:00 (5.5%)
  2100-Jan-31 00:00:00 (8.2%)
  2100-Feb-09 23:00:00 (10.9%)
  2100-Feb-19 22:00:00 (13.7%)
  2100-Mar-01 21:00:00 (16.4%)
  2100-Mar-11 20:00:00 (19.1%)
  2100-Mar-21 19:00:00 (21.9%)
  2100-Mar-31 18:00:00 (24.6%)
  2100-Apr-10 17:00:00 (27.3%)
  2100-Apr-20 17:00:00 (30.1%)
  2100-Apr-30 15:00:00 (32.8%)
  2100-May-10 14:00:00 (35.5%)
  2100-May-20 13:00:00 (38.2%)
  2100-May-30 13:00:00 (41%)
  2100-Jun-09 12:00:00 (43.7%)
  2100-Jun-19 11:00:00 (46.4%)
  2100-Jun-29 12:00:00 (49.2%)
  2100-Jul-09 14:00:00 (51.9%)
  2100-Jul-19 16:00:00 (54.7%)
  2100-Jul-29 18:00:00 (57.5%)
  2100-Aug-08 20:00:00 (60.2%)
  2100-Aug-18 23:00:00 (63%)
  2100-Aug-29 01:00:00 (65.8%)
  2100-Sep-08 03:00:00 (68.5%)
  2100-Sep-18 06:00:00 (71.3%)
  2100-Sep-28 08:00:00 (74.1%)
  2100-Oct-08 10:00:00 (76.8%)
  2100-Oct-18 13:00:00 (79.6%)
  2100-Oct-28 15:00:00 (82.4%)
  2100-Nov-07 18:00:00 (85.1%)
  2100-Nov-17 20:00:00 (87.9%)
  2100-Nov-27 21:00:00 (90.7%)
  2100-Dec-07 21:00:00 (93.4%)
  2100-Dec-17 23:00:00 (96.2%)
  2100-Dec-28 01:00:00 (98.9%)
  2100-Dec-31 23:00:00 (100%)
Finished Program: 2014-Nov-15 12:25:55.388618
Elapsed Time: 00:01:10.698327
