instance.yaml
kiva v0.2.0-19-ge248292
Copyright (C) 2012-2014 Big Ladder Software
Web: www.bigladdersoftware.com

Starting Program: 2014-Nov-17 08:44:13.987998
Creating Domain...
  X Cells: 100
  Y Cells: 1
  Z Cells: 133
  Total Cells: 13300
Initializing Temperatures...
  2099-Jan-05 06:00:00
  2099-Jan-23 05:00:00
  2099-Feb-10 05:00:00
  2099-Feb-28 04:00:00
  2099-Mar-18 03:00:00
  2099-Apr-05 02:00:00
  2099-Apr-23 02:00:00
  2099-May-11 02:00:00
  2099-May-29 01:00:00
  2099-Jun-16 01:00:00
  2099-Jul-04 01:00:00
  2099-Jul-22 00:00:00
  2099-Aug-09 00:00:00
  2099-Aug-27 00:00:00
  2099-Sep-13 23:00:00
  2099-Oct-01 23:00:00
  2099-Oct-19 23:00:00
  2099-Nov-06 23:00:00
  2099-Nov-24 22:00:00
  2099-Dec-12 22:00:00
  2099-Dec-30 22:00:00
Beginning Simulation...
  2100-Jan-16 14:00:00 (4.3%)
  2100-Feb-02 04:00:00 (8.8%)
  2100-Feb-18 18:00:00 (13.4%)
  2100-Mar-07 08:00:00 (17.9%)
  2100-Mar-23 22:00:00 (22.4%)
  2100-Apr-09 16:00:00 (27%)
  2100-Apr-26 13:00:00 (31.7%)
  2100-May-13 11:00:00 (36.3%)
  2100-May-30 08:00:00 (40.9%)
  2100-Jun-16 06:00:00 (45.5%)
  2100-Jul-03 03:00:00 (50.2%)
  2100-Jul-20 00:00:00 (54.8%)
  2100-Aug-05 21:00:00 (59.4%)
  2100-Aug-22 16:00:00 (64%)
  2100-Sep-08 13:00:00 (68.6%)
  2100-Sep-25 10:00:00 (73.3%)
  2100-Oct-12 08:00:00 (77.9%)
  2100-Oct-29 05:00:00 (82.5%)
  2100-Nov-15 02:00:00 (87.1%)
  2100-Dec-01 23:00:00 (91.8%)
  2100-Dec-18 21:00:00 (96.4%)
  2100-Dec-31 23:00:00 (100%)
Finished Program: 2014-Nov-17 08:44:56.776599
Elapsed Time: 00:00:42.788601
