instance.yaml
kiva v0.2.0-9-g526928a
Copyright (C) 2012-2014 Big Ladder Software
Web: www.bigladdersoftware.com

Starting Program: 2014-Oct-26 15:36:03.473374
Creating Domain...
  X Cells: 135
  Y Cells: 1
  Z Cells: 127
  Total Cells: 17145
Initializing Temperatures...
  2098-Oct-08 23:00:00
  2099-Jan-04 06:00:00
  2099-Jan-17 15:00:00
  2099-Feb-03 11:00:00
  2099-Feb-20 08:00:00
  2099-Mar-09 04:00:00
  2099-Mar-26 00:00:00
  2099-Apr-11 21:00:00
  2099-Apr-28 17:00:00
  2099-May-15 13:00:00
  2099-Jun-01 09:00:00
  2099-Jun-18 05:00:00
  2099-Jul-05 01:00:00
  2099-Jul-21 21:00:00
  2099-Aug-07 17:00:00
  2099-Aug-24 13:00:00
  2099-Sep-10 09:00:00
  2099-Sep-27 06:00:00
  2099-Oct-14 02:00:00
  2099-Oct-30 22:00:00
  2099-Nov-16 19:00:00
  2099-Dec-03 15:00:00
  2099-Dec-20 11:00:00
Beginning Simulation...
  2100-Jan-05 23:00:00 (1.4%)
  2100-Jan-21 17:00:00 (5.7%)
  2100-Feb-06 10:00:00 (10%)
  2100-Feb-22 04:00:00 (14.3%)
  2100-Mar-09 21:00:00 (18.6%)
  2100-Mar-25 14:00:00 (22.9%)
  2100-Apr-10 08:00:00 (27.2%)
  2100-Apr-26 01:00:00 (31.5%)
  2100-May-11 18:00:00 (35.8%)
  2100-May-27 12:00:00 (40.1%)
  2100-Jun-12 05:00:00 (44.4%)
  2100-Jun-27 22:00:00 (48.7%)
  2100-Jul-13 13:00:00 (53%)
  2100-Jul-29 06:00:00 (57.3%)
  2100-Aug-13 23:00:00 (61.6%)
  2100-Aug-29 16:00:00 (65.9%)
  2100-Sep-14 09:00:00 (70.2%)
  2100-Sep-30 02:00:00 (74.5%)
  2100-Oct-15 19:00:00 (78.8%)
  2100-Oct-31 12:00:00 (83.2%)
  2100-Nov-16 06:00:00 (87.5%)
  2100-Dec-01 23:00:00 (91.8%)
  2100-Dec-17 16:00:00 (96.1%)
  2100-Dec-31 23:00:00 (100%)
Finished Program: 2014-Oct-26 15:36:49.909058
Elapsed Time: 00:00:46.435684
