instance.yaml
kiva v0.2.0-9-g526928a
Copyright (C) 2012-2014 Big Ladder Software
Web: www.bigladdersoftware.com

Starting Program: 2014-Oct-26 15:41:37.887517
Creating Domain...
  X Cells: 98
  Y Cells: 1
  Z Cells: 113
  Total Cells: 11074
Initializing Temperatures...
  2099-Jan-04 13:00:00
  2099-Jan-27 13:00:00
  2099-Feb-20 02:00:00
  2099-Mar-15 15:00:00
  2099-Apr-08 04:00:00
  2099-May-01 18:00:00
  2099-May-25 07:00:00
  2099-Jun-17 20:00:00
  2099-Jul-11 10:00:00
  2099-Aug-03 23:00:00
  2099-Aug-27 12:00:00
  2099-Sep-20 01:00:00
  2099-Oct-13 15:00:00
  2099-Nov-06 04:00:00
  2099-Nov-29 18:00:00
  2099-Dec-23 07:00:00
Beginning Simulation...
  2100-Jan-15 14:00:00 (4%)
  2100-Feb-07 16:00:00 (10.3%)
  2100-Mar-02 19:00:00 (16.7%)
  2100-Mar-25 20:00:00 (23%)
  2100-Apr-17 23:00:00 (29.3%)
  2100-May-11 01:00:00 (35.6%)
  2100-Jun-03 03:00:00 (42%)
  2100-Jun-26 05:00:00 (48.3%)
  2100-Jul-19 07:00:00 (54.6%)
  2100-Aug-11 09:00:00 (60.9%)
  2100-Sep-03 11:00:00 (67.2%)
  2100-Sep-26 13:00:00 (73.6%)
  2100-Oct-19 15:00:00 (79.9%)
  2100-Nov-11 17:00:00 (86.2%)
  2100-Dec-04 19:00:00 (92.5%)
  2100-Dec-27 22:00:00 (98.9%)
  2100-Dec-31 23:00:00 (100%)
Finished Program: 2014-Oct-26 15:42:10.176640
Elapsed Time: 00:00:32.289123
