instance.yaml
kiva v0.2.0-9-g526928a
Copyright (C) 2012-2014 Big Ladder Software
Web: www.bigladdersoftware.com

Starting Program: 2014-Oct-26 15:37:38.696268
Creating Domain...
  X Cells: 93
  Y Cells: 1
  Z Cells: 133
  Total Cells: 12369
Initializing Temperatures...
  2098-Dec-31 23:00:00
  2099-Jan-14 18:00:00
  2099-Feb-05 10:00:00
  2099-Feb-27 02:00:00
  2099-Mar-20 18:00:00
  2099-Apr-11 10:00:00
  2099-May-03 02:00:00
  2099-May-24 19:00:00
  2099-Jun-15 11:00:00
  2099-Jul-07 03:00:00
  2099-Jul-28 19:00:00
  2099-Aug-19 12:00:00
  2099-Sep-10 04:00:00
  2099-Oct-01 20:00:00
  2099-Oct-23 13:00:00
  2099-Nov-14 05:00:00
  2099-Dec-05 20:00:00
  2099-Dec-27 12:00:00
Beginning Simulation...
  2100-Jan-16 21:00:00 (4.3%)
  2100-Feb-05 22:00:00 (9.8%)
  2100-Feb-25 22:00:00 (15.3%)
  2100-Mar-17 23:00:00 (20.8%)
  2100-Apr-06 23:00:00 (26.3%)
  2100-Apr-27 00:00:00 (31.8%)
  2100-May-17 01:00:00 (37.3%)
  2100-Jun-06 02:00:00 (42.8%)
  2100-Jun-26 03:00:00 (48.3%)
  2100-Jul-16 04:00:00 (53.7%)
  2100-Aug-05 05:00:00 (59.2%)
  2100-Aug-25 06:00:00 (64.7%)
  2100-Sep-14 07:00:00 (70.2%)
  2100-Oct-04 08:00:00 (75.7%)
  2100-Oct-24 09:00:00 (81.2%)
  2100-Nov-13 04:00:00 (86.6%)
  2100-Dec-03 05:00:00 (92.1%)
  2100-Dec-23 05:00:00 (97.6%)
  2100-Dec-31 23:00:00 (100%)
Finished Program: 2014-Oct-26 15:38:15.437167
Elapsed Time: 00:00:36.740899
