instance.yaml
kiva v0.2.0-21-g785bfe1
Copyright (C) 2012-2014 Big Ladder Software
Web: www.bigladdersoftware.com

Starting Program: 2014-Nov-18 11:48:24.707497
Creating Domain...
  X Cells: 157
  Y Cells: 1
  Z Cells: 133
  Total Cells: 20881
Initializing Temperatures...
  2098-Oct-01 23:00:00
  2099-Jan-04 11:00:00
  2099-Jan-15 19:00:00
  2099-Jan-27 03:00:00
  2099-Feb-07 11:00:00
  2099-Feb-18 20:00:00
  2099-Mar-02 04:00:00
  2099-Mar-13 12:00:00
  2099-Mar-24 21:00:00
  2099-Apr-05 05:00:00
  2099-Apr-16 13:00:00
  2099-Apr-27 21:00:00
  2099-May-09 06:00:00
  2099-May-20 14:00:00
  2099-May-31 23:00:00
  2099-Jun-12 07:00:00
  2099-Jun-23 15:00:00
  2099-Jul-05 00:00:00
  2099-Jul-16 08:00:00
  2099-Jul-27 17:00:00
  2099-Aug-08 01:00:00
  2099-Aug-19 10:00:00
  2099-Aug-30 18:00:00
  2099-Sep-11 03:00:00
  2099-Sep-22 11:00:00
  2099-Oct-03 19:00:00
  2099-Oct-15 04:00:00
  2099-Oct-26 12:00:00
  2099-Nov-06 21:00:00
  2099-Nov-18 05:00:00
  2099-Nov-29 14:00:00
  2099-Dec-10 22:00:00
  2099-Dec-22 06:00:00
Beginning Simulation...
  2100-Jan-02 11:00:00 (0.4%)
  2100-Jan-12 20:00:00 (3.2%)
  2100-Jan-23 06:00:00 (6.1%)
  2100-Feb-02 15:00:00 (8.9%)
  2100-Feb-13 01:00:00 (11.8%)
  2100-Feb-23 10:00:00 (14.6%)
  2100-Mar-05 20:00:00 (17.5%)
  2100-Mar-16 06:00:00 (20.3%)
  2100-Mar-26 15:00:00 (23.2%)
  2100-Apr-06 01:00:00 (26%)
  2100-Apr-16 10:00:00 (28.9%)
  2100-Apr-26 20:00:00 (31.7%)
  2100-May-07 06:00:00 (34.6%)
  2100-May-17 15:00:00 (37.4%)
  2100-May-28 01:00:00 (40.3%)
  2100-Jun-07 10:00:00 (43.1%)
  2100-Jun-17 20:00:00 (46%)
  2100-Jun-28 06:00:00 (48.8%)
  2100-Jul-08 16:00:00 (51.7%)
  2100-Jul-19 01:00:00 (54.5%)
  2100-Jul-29 11:00:00 (57.4%)
  2100-Aug-08 21:00:00 (60.2%)
  2100-Aug-19 06:00:00 (63.1%)
  2100-Aug-29 16:00:00 (65.9%)
  2100-Sep-09 02:00:00 (68.8%)
  2100-Sep-19 11:00:00 (71.6%)
  2100-Sep-29 21:00:00 (74.5%)
  2100-Oct-10 07:00:00 (77.3%)
  2100-Oct-20 17:00:00 (80.2%)
  2100-Oct-31 02:00:00 (83%)
  2100-Nov-10 12:00:00 (85.9%)
  2100-Nov-20 22:00:00 (88.7%)
  2100-Dec-01 08:00:00 (91.6%)
  2100-Dec-11 15:00:00 (94.4%)
  2100-Dec-22 01:00:00 (97.3%)
  2100-Dec-31 23:00:00 (100%)
Finished Program: 2014-Nov-18 11:49:32.957180
Elapsed Time: 00:01:08.249683
