instance.yaml
kiva v0.2.0-21-g785bfe1
Copyright (C) 2012-2014 Big Ladder Software
Web: www.bigladdersoftware.com

Starting Program: 2014-Nov-18 11:48:27.017948
Creating Domain...
  X Cells: 160
  Y Cells: 1
  Z Cells: 113
  Total Cells: 18080
Initializing Temperatures...
  2099-Jan-02 18:00:00
  2099-Jan-15 05:00:00
  2099-Jan-27 16:00:00
  2099-Feb-09 03:00:00
  2099-Feb-21 15:00:00
  2099-Mar-06 02:00:00
  2099-Mar-18 13:00:00
  2099-Mar-31 00:00:00
  2099-Apr-12 12:00:00
  2099-Apr-24 23:00:00
  2099-May-07 10:00:00
  2099-May-19 22:00:00
  2099-Jun-01 09:00:00
  2099-Jun-13 21:00:00
  2099-Jun-26 08:00:00
  2099-Jul-08 20:00:00
  2099-Jul-21 07:00:00
  2099-Aug-02 18:00:00
  2099-Aug-15 06:00:00
  2099-Aug-27 17:00:00
  2099-Sep-09 05:00:00
  2099-Sep-21 16:00:00
  2099-Oct-04 03:00:00
  2099-Oct-16 15:00:00
  2099-Oct-29 03:00:00
  2099-Nov-10 15:00:00
  2099-Nov-23 03:00:00
  2099-Dec-05 15:00:00
  2099-Dec-18 03:00:00
  2099-Dec-30 15:00:00
Beginning Simulation...
  2100-Jan-11 22:00:00 (3%)
  2100-Jan-24 04:00:00 (6.3%)
  2100-Feb-05 10:00:00 (9.7%)
  2100-Feb-17 17:00:00 (13.1%)
  2100-Mar-01 23:00:00 (16.4%)
  2100-Mar-14 05:00:00 (19.8%)
  2100-Mar-26 11:00:00 (23.1%)
  2100-Apr-07 18:00:00 (26.5%)
  2100-Apr-20 00:00:00 (29.9%)
  2100-May-02 07:00:00 (33.2%)
  2100-May-14 13:00:00 (36.6%)
  2100-May-26 20:00:00 (40%)
  2100-Jun-08 03:00:00 (43.3%)
  2100-Jun-20 09:00:00 (46.7%)
  2100-Jul-02 16:00:00 (50%)
  2100-Jul-14 23:00:00 (53.4%)
  2100-Jul-27 05:00:00 (56.8%)
  2100-Aug-08 12:00:00 (60.1%)
  2100-Aug-20 18:00:00 (63.5%)
  2100-Sep-02 01:00:00 (66.9%)
  2100-Sep-14 08:00:00 (70.2%)
  2100-Sep-26 14:00:00 (73.6%)
  2100-Oct-08 21:00:00 (77%)
  2100-Oct-21 03:00:00 (80.3%)
  2100-Nov-02 10:00:00 (83.7%)
  2100-Nov-14 16:00:00 (87%)
  2100-Nov-26 23:00:00 (90.4%)
  2100-Dec-09 06:00:00 (93.8%)
  2100-Dec-21 12:00:00 (97.1%)
  2100-Dec-31 23:00:00 (100%)
Finished Program: 2014-Nov-18 11:49:26.853669
Elapsed Time: 00:00:59.835721
