instance.yaml
kiva v0.2.0-19-ge248292
Copyright (C) 2012-2014 Big Ladder Software
Web: www.bigladdersoftware.com

Starting Program: 2014-Nov-17 08:47:15.193999
Creating Domain...
  X Cells: 99
  Y Cells: 1
  Z Cells: 113
  Total Cells: 11187
Initializing Temperatures...
  2099-Jan-05 23:00:00
  2099-Jan-26 07:00:00
  2099-Feb-15 15:00:00
  2099-Mar-01 18:00:00
  2099-Mar-22 01:00:00
  2099-Apr-11 09:00:00
  2099-May-01 17:00:00
  2099-May-22 01:00:00
  2099-Jun-11 09:00:00
  2099-Jul-01 16:00:00
  2099-Jul-22 00:00:00
  2099-Aug-11 08:00:00
  2099-Aug-31 16:00:00
  2099-Sep-20 23:00:00
  2099-Oct-11 07:00:00
  2099-Oct-31 15:00:00
  2099-Nov-20 23:00:00
  2099-Dec-11 07:00:00
  2099-Dec-31 15:00:00
Beginning Simulation...
  2100-Jan-20 12:00:00 (5.3%)
  2100-Feb-09 08:00:00 (10.8%)
  2100-Mar-01 05:00:00 (16.2%)
  2100-Mar-21 01:00:00 (21.7%)
  2100-Apr-09 21:00:00 (27.1%)
  2100-Apr-29 18:00:00 (32.5%)
  2100-May-19 15:00:00 (38%)
  2100-Jun-08 11:00:00 (43.4%)
  2100-Jun-28 08:00:00 (48.9%)
  2100-Jul-18 05:00:00 (54.3%)
  2100-Aug-07 01:00:00 (59.7%)
  2100-Aug-26 22:00:00 (65.2%)
  2100-Sep-15 16:00:00 (70.6%)
  2100-Oct-05 12:00:00 (76%)
  2100-Oct-25 09:00:00 (81.5%)
  2100-Nov-14 06:00:00 (86.9%)
  2100-Dec-04 02:00:00 (92.4%)
  2100-Dec-23 23:00:00 (97.8%)
  2100-Dec-31 23:00:00 (100%)
Finished Program: 2014-Nov-17 08:47:52.404253
Elapsed Time: 00:00:37.210254
