instance.yaml
kiva v0.2.0-9-g526928a
Copyright (C) 2012-2014 Big Ladder Software
Web: www.bigladdersoftware.com

Starting Program: 2014-Nov-15 11:22:45.567696
Creating Domain...
  X Cells: 180
  Y Cells: 1
  Z Cells: 125
  Total Cells: 22500
Initializing Temperatures...
  2098-Oct-22 23:00:00
  2099-Jan-05 19:00:00
  2099-Jan-16 11:00:00
  2099-Jan-27 03:00:00
  2099-Feb-06 19:00:00
  2099-Feb-17 12:00:00
  2099-Feb-28 05:00:00
  2099-Mar-10 22:00:00
  2099-Mar-21 14:00:00
  2099-Apr-01 07:00:00
  2099-Apr-12 00:00:00
  2099-Apr-22 16:00:00
  2099-May-03 09:00:00
  2099-May-14 02:00:00
  2099-May-24 19:00:00
  2099-Jun-04 12:00:00
  2099-Jun-15 05:00:00
  2099-Jun-25 22:00:00
  2099-Jul-06 15:00:00
  2099-Jul-17 08:00:00
  2099-Jul-28 01:00:00
  2099-Aug-07 17:00:00
  2099-Aug-18 10:00:00
  2099-Aug-29 03:00:00
  2099-Sep-08 20:00:00
  2099-Sep-19 13:00:00
  2099-Sep-30 06:00:00
  2099-Oct-10 23:00:00
  2099-Oct-21 16:00:00
  2099-Nov-01 08:00:00
  2099-Nov-12 01:00:00
  2099-Nov-22 18:00:00
  2099-Dec-03 11:00:00
  2099-Dec-14 04:00:00
  2099-Dec-24 21:00:00
Beginning Simulation...
  2100-Jan-04 07:00:00 (0.9%)
  2100-Jan-14 06:00:00 (3.6%)
  2100-Jan-24 04:00:00 (6.3%)
  2100-Feb-03 02:00:00 (9.1%)
  2100-Feb-13 00:00:00 (11.8%)
  2100-Feb-22 22:00:00 (14.5%)
  2100-Mar-04 20:00:00 (17.2%)
  2100-Mar-14 19:00:00 (19.9%)
  2100-Mar-24 17:00:00 (22.7%)
  2100-Apr-03 15:00:00 (25.4%)
  2100-Apr-13 13:00:00 (28.1%)
  2100-Apr-23 11:00:00 (30.8%)
  2100-May-03 10:00:00 (33.5%)
  2100-May-13 08:00:00 (36.3%)
  2100-May-23 06:00:00 (39%)
  2100-Jun-02 05:00:00 (41.7%)
  2100-Jun-12 03:00:00 (44.4%)
  2100-Jun-22 01:00:00 (47.1%)
  2100-Jul-02 00:00:00 (49.9%)
  2100-Jul-11 22:00:00 (52.6%)
  2100-Jul-21 20:00:00 (55.3%)
  2100-Jul-31 19:00:00 (58%)
  2100-Aug-10 17:00:00 (60.7%)
  2100-Aug-20 15:00:00 (63.5%)
  2100-Aug-30 13:00:00 (66.2%)
  2100-Sep-09 12:00:00 (68.9%)
  2100-Sep-19 10:00:00 (71.6%)
  2100-Sep-29 08:00:00 (74.3%)
  2100-Oct-09 07:00:00 (77.1%)
  2100-Oct-19 05:00:00 (79.8%)
  2100-Oct-29 03:00:00 (82.5%)
  2100-Nov-08 02:00:00 (85.2%)
  2100-Nov-18 00:00:00 (87.9%)
  2100-Nov-27 22:00:00 (90.7%)
  2100-Dec-07 18:00:00 (93.4%)
  2100-Dec-17 17:00:00 (96.1%)
  2100-Dec-27 15:00:00 (98.8%)
  2100-Dec-31 23:00:00 (100%)
Finished Program: 2014-Nov-15 11:23:57.438932
Elapsed Time: 00:01:11.871236
