instance.yaml
kiva v0.2.0-21-g785bfe1
Copyright (C) 2012-2014 Big Ladder Software
Web: www.bigladdersoftware.com

Starting Program: 2014-Nov-18 11:24:27.147013
Creating Domain...
  X Cells: 122
  Y Cells: 1
  Z Cells: 96
  Total Cells: 11712
Initializing Temperatures...
  2099-Jan-06 18:00:00
  2099-Jan-26 11:00:00
  2099-Feb-15 04:00:00
  2099-Mar-06 21:00:00
  2099-Mar-26 14:00:00
  2099-Apr-15 08:00:00
  2099-May-05 01:00:00
  2099-May-24 18:00:00
  2099-Jun-13 11:00:00
  2099-Jul-03 04:00:00
  2099-Jul-22 22:00:00
  2099-Aug-11 15:00:00
  2099-Aug-31 10:00:00
  2099-Sep-20 05:00:00
  2099-Oct-10 00:00:00
  2099-Oct-29 19:00:00
  2099-Nov-18 14:00:00
  2099-Dec-08 09:00:00
  2099-Dec-28 04:00:00
Beginning Simulation...
  2100-Jan-16 15:00:00 (4.3%)
  2100-Feb-05 00:00:00 (9.6%)
  2100-Feb-24 09:00:00 (14.9%)
  2100-Mar-15 18:00:00 (20.2%)
  2100-Apr-04 03:00:00 (25.5%)
  2100-Apr-23 13:00:00 (30.8%)
  2100-May-12 22:00:00 (36.1%)
  2100-Jun-01 07:00:00 (41.4%)
  2100-Jun-20 16:00:00 (46.8%)
  2100-Jul-10 02:00:00 (52.1%)
  2100-Jul-29 11:00:00 (57.4%)
  2100-Aug-17 20:00:00 (62.7%)
  2100-Sep-06 05:00:00 (68%)
  2100-Sep-25 14:00:00 (73.3%)
  2100-Oct-14 23:00:00 (78.6%)
  2100-Nov-03 01:00:00 (83.8%)
  2100-Nov-22 10:00:00 (89.2%)
  2100-Dec-11 20:00:00 (94.5%)
  2100-Dec-31 05:00:00 (99.8%)
  2100-Dec-31 23:00:00 (100%)
Finished Program: 2014-Nov-18 11:25:05.039622
Elapsed Time: 00:00:37.892609
