instance.yaml
kiva v0.2.0-21-g785bfe1
Copyright (C) 2012-2014 Big Ladder Software
Web: www.bigladdersoftware.com

Starting Program: 2014-Nov-18 11:25:28.380819
Creating Domain...
  X Cells: 92
  Y Cells: 1
  Z Cells: 96
  Total Cells: 8832
Initializing Temperatures...
  2099-Jan-04 12:00:00
  2099-Jan-30 19:00:00
  2099-Feb-26 02:00:00
  2099-Mar-24 08:00:00
  2099-Apr-19 15:00:00
  2099-May-15 21:00:00
  2099-Jun-11 04:00:00
  2099-Jul-07 10:00:00
  2099-Aug-02 17:00:00
  2099-Aug-28 23:00:00
  2099-Sep-24 06:00:00
  2099-Oct-20 13:00:00
  2099-Nov-15 19:00:00
  2099-Dec-12 02:00:00
Beginning Simulation...
  2100-Jan-07 04:00:00 (1.7%)
  2100-Feb-01 16:00:00 (8.7%)
  2100-Feb-27 04:00:00 (15.7%)
  2100-Mar-24 17:00:00 (22.7%)
  2100-Apr-19 05:00:00 (29.6%)
  2100-May-14 18:00:00 (36.6%)
  2100-Jun-09 07:00:00 (43.6%)
  2100-Jul-04 20:00:00 (50.6%)
  2100-Jul-30 09:00:00 (57.6%)
  2100-Aug-24 22:00:00 (64.6%)
  2100-Sep-19 10:00:00 (71.6%)
  2100-Oct-14 23:00:00 (78.6%)
  2100-Nov-09 13:00:00 (85.6%)
  2100-Dec-05 02:00:00 (92.6%)
  2100-Dec-30 15:00:00 (99.6%)
  2100-Dec-31 23:00:00 (100%)
Finished Program: 2014-Nov-18 11:25:57.053468
Elapsed Time: 00:00:28.672649
