instance.yaml
kiva v0.2.0-21-g785bfe1
Copyright (C) 2012-2014 Big Ladder Software
Web: www.bigladdersoftware.com

Starting Program: 2014-Nov-18 11:22:27.177701
Creating Domain...
  X Cells: 83
  Y Cells: 1
  Z Cells: 93
  Total Cells: 7719
Initializing Temperatures...
  2099-Jan-12 09:00:00
  2099-Feb-11 06:00:00
  2099-Mar-13 03:00:00
  2099-Apr-11 23:00:00
  2099-May-11 20:00:00
  2099-Jun-10 17:00:00
  2099-Jul-10 14:00:00
  2099-Aug-09 11:00:00
  2099-Sep-08 08:00:00
  2099-Oct-08 05:00:00
  2099-Nov-07 02:00:00
  2099-Dec-07 00:00:00
Beginning Simulation...
  2100-Jan-05 16:00:00 (1.3%)
  2100-Feb-03 10:00:00 (9.2%)
  2100-Mar-04 03:00:00 (17%)
  2100-Apr-01 21:00:00 (24.9%)
  2100-Apr-30 19:00:00 (32.8%)
  2100-May-29 18:00:00 (40.8%)
  2100-Jun-27 17:00:00 (48.7%)
  2100-Jul-26 16:00:00 (56.6%)
  2100-Aug-24 16:00:00 (64.6%)
  2100-Sep-22 15:00:00 (72.5%)
  2100-Oct-21 14:00:00 (80.4%)
  2100-Nov-19 14:00:00 (88.4%)
  2100-Dec-18 13:00:00 (96.3%)
  2100-Dec-31 23:00:00 (100%)
Finished Program: 2014-Nov-18 11:22:52.464392
Elapsed Time: 00:00:25.286691
