instance.yaml
kiva v0.2.0-9-g526928a
Copyright (C) 2012-2014 Big Ladder Software
Web: www.bigladdersoftware.com

Starting Program: 2014-Nov-15 11:22:47.707409
Creating Domain...
  X Cells: 180
  Y Cells: 1
  Z Cells: 125
  Total Cells: 22500
Initializing Temperatures...
  2098-Oct-01 23:00:00
  2099-Jan-04 13:00:00
  2099-Jan-15 03:00:00
  2099-Jan-25 17:00:00
  2099-Feb-05 06:00:00
  2099-Feb-15 20:00:00
  2099-Feb-26 10:00:00
  2099-Mar-09 00:00:00
  2099-Mar-19 13:00:00
  2099-Mar-30 03:00:00
  2099-Apr-09 16:00:00
  2099-Apr-20 06:00:00
  2099-Apr-30 20:00:00
  2099-May-11 10:00:00
  2099-May-21 23:00:00
  2099-Jun-01 13:00:00
  2099-Jun-12 03:00:00
  2099-Jun-22 17:00:00
  2099-Jul-03 07:00:00
  2099-Jul-13 21:00:00
  2099-Jul-24 11:00:00
  2099-Aug-04 00:00:00
  2099-Aug-14 14:00:00
  2099-Aug-25 04:00:00
  2099-Sep-04 18:00:00
  2099-Sep-15 08:00:00
  2099-Sep-25 22:00:00
  2099-Oct-06 11:00:00
  2099-Oct-17 01:00:00
  2099-Oct-27 15:00:00
  2099-Nov-07 04:00:00
  2099-Nov-17 18:00:00
  2099-Nov-28 08:00:00
  2099-Dec-08 22:00:00
  2099-Dec-19 12:00:00
  2099-Dec-30 01:00:00
Beginning Simulation...
  2100-Jan-09 00:00:00 (2.2%)
  2100-Jan-18 20:00:00 (4.9%)
  2100-Jan-28 16:00:00 (7.6%)
  2100-Feb-07 11:00:00 (10.3%)
  2100-Feb-17 07:00:00 (13%)
  2100-Feb-27 03:00:00 (15.7%)
  2100-Mar-08 22:00:00 (18.3%)
  2100-Mar-18 18:00:00 (21%)
  2100-Mar-28 13:00:00 (23.7%)
  2100-Apr-07 09:00:00 (26.4%)
  2100-Apr-17 04:00:00 (29.1%)
  2100-Apr-27 00:00:00 (31.8%)
  2100-May-06 20:00:00 (34.5%)
  2100-May-16 15:00:00 (37.2%)
  2100-May-26 11:00:00 (39.9%)
  2100-Jun-05 07:00:00 (42.5%)
  2100-Jun-15 03:00:00 (45.2%)
  2100-Jun-24 23:00:00 (47.9%)
  2100-Jul-04 18:00:00 (50.6%)
  2100-Jul-14 14:00:00 (53.3%)
  2100-Jul-24 09:00:00 (56%)
  2100-Aug-03 05:00:00 (58.7%)
  2100-Aug-13 01:00:00 (61.4%)
  2100-Aug-22 21:00:00 (64.1%)
  2100-Sep-01 16:00:00 (66.8%)
  2100-Sep-11 12:00:00 (69.5%)
  2100-Sep-21 08:00:00 (72.1%)
  2100-Oct-01 04:00:00 (74.8%)
  2100-Oct-11 00:00:00 (77.5%)
  2100-Oct-20 19:00:00 (80.2%)
  2100-Oct-30 15:00:00 (82.9%)
  2100-Nov-09 11:00:00 (85.6%)
  2100-Nov-19 05:00:00 (88.3%)
  2100-Nov-29 01:00:00 (91%)
  2100-Dec-08 20:00:00 (93.7%)
  2100-Dec-18 16:00:00 (96.3%)
  2100-Dec-28 12:00:00 (99%)
  2100-Dec-31 23:00:00 (100%)
Finished Program: 2014-Nov-15 11:24:00.357289
Elapsed Time: 00:01:12.649880
