instance.yaml
kiva v0.2.0-20-g4c7c200
Copyright (C) 2012-2014 Big Ladder Software
Web: www.bigladdersoftware.com

Starting Program: 2014-Nov-17 14:11:17.883827
Creating Domain...
  X Cells: 131
  Y Cells: 1
  Z Cells: 103
  Total Cells: 13493
Initializing Temperatures...
  2099-Jan-08 06:00:00
  2099-Jan-24 17:00:00
  2099-Feb-10 05:00:00
  2099-Feb-26 16:00:00
  2099-Mar-15 03:00:00
  2099-Mar-31 14:00:00
  2099-Apr-17 02:00:00
  2099-May-03 13:00:00
  2099-May-20 01:00:00
  2099-Jun-05 12:00:00
  2099-Jun-21 23:00:00
  2099-Jul-08 11:00:00
  2099-Jul-24 22:00:00
  2099-Aug-10 10:00:00
  2099-Aug-26 21:00:00
  2099-Sep-12 09:00:00
  2099-Sep-28 20:00:00
  2099-Oct-15 08:00:00
  2099-Oct-31 19:00:00
  2099-Nov-17 07:00:00
  2099-Dec-03 18:00:00
  2099-Dec-20 06:00:00
Beginning Simulation...
  2100-Jan-05 15:00:00 (1.3%)
  2100-Jan-21 19:00:00 (5.7%)
  2100-Feb-07 00:00:00 (10.1%)
  2100-Feb-23 04:00:00 (14.6%)
  2100-Mar-11 08:00:00 (19%)
  2100-Mar-27 12:00:00 (23.4%)
  2100-Apr-12 17:00:00 (27.9%)
  2100-Apr-28 21:00:00 (32.3%)
  2100-May-15 01:00:00 (36.7%)
  2100-May-31 05:00:00 (41.2%)
  2100-Jun-16 10:00:00 (45.6%)
  2100-Jul-02 14:00:00 (50%)
  2100-Jul-18 17:00:00 (54.4%)
  2100-Aug-03 21:00:00 (58.9%)
  2100-Aug-20 01:00:00 (63.3%)
  2100-Sep-05 06:00:00 (67.7%)
  2100-Sep-21 10:00:00 (72.2%)
  2100-Oct-07 14:00:00 (76.6%)
  2100-Oct-23 19:00:00 (81%)
  2100-Nov-08 23:00:00 (85.5%)
  2100-Nov-25 03:00:00 (89.9%)
  2100-Dec-11 08:00:00 (94.3%)
  2100-Dec-27 12:00:00 (98.8%)
  2100-Dec-31 23:00:00 (100%)
Finished Program: 2014-Nov-17 14:12:03.276711
Elapsed Time: 00:00:45.392884
