instance.yaml
kiva v0.2.0-9-g526928a
Copyright (C) 2012-2014 Big Ladder Software
Web: www.bigladdersoftware.com

Starting Program: 2014-Oct-26 15:41:45.623610
Creating Domain...
  X Cells: 98
  Y Cells: 1
  Z Cells: 113
  Total Cells: 11074
Initializing Temperatures...
  2098-Oct-01 23:00:00
  2099-Jan-04 05:00:00
  2099-Jan-27 07:00:00
  2099-Feb-20 08:00:00
  2099-Mar-16 08:00:00
  2099-Apr-09 08:00:00
  2099-May-03 08:00:00
  2099-May-27 09:00:00
  2099-Jun-20 09:00:00
  2099-Jul-14 10:00:00
  2099-Aug-07 10:00:00
  2099-Aug-31 11:00:00
  2099-Sep-24 11:00:00
  2099-Oct-18 12:00:00
  2099-Nov-11 12:00:00
  2099-Dec-05 13:00:00
  2099-Dec-29 13:00:00
Beginning Simulation...
  2100-Jan-22 03:00:00 (5.8%)
  2100-Feb-14 15:00:00 (12.2%)
  2100-Mar-10 03:00:00 (18.7%)
  2100-Apr-02 15:00:00 (25.1%)
  2100-Apr-26 03:00:00 (31.5%)
  2100-May-19 15:00:00 (38%)
  2100-Jun-12 03:00:00 (44.4%)
  2100-Jul-05 15:00:00 (50.9%)
  2100-Jul-29 03:00:00 (57.3%)
  2100-Aug-21 15:00:00 (63.7%)
  2100-Sep-14 04:00:00 (70.2%)
  2100-Oct-07 16:00:00 (76.6%)
  2100-Oct-31 04:00:00 (83.1%)
  2100-Nov-23 16:00:00 (89.5%)
  2100-Dec-17 04:00:00 (95.9%)
  2100-Dec-31 23:00:00 (100%)
Finished Program: 2014-Oct-26 15:42:17.629876
Elapsed Time: 00:00:32.006266
