instance.yaml
kiva v0.2.0-21-g785bfe1
Copyright (C) 2012-2014 Big Ladder Software
Web: www.bigladdersoftware.com

Starting Program: 2014-Nov-18 11:07:23.630132
Creating Domain...
  X Cells: 115
  Y Cells: 1
  Z Cells: 96
  Total Cells: 11040
Initializing Temperatures...
  2098-Nov-12 23:00:00
  2099-Jan-17 16:00:00
  2099-Feb-07 01:00:00
  2099-Feb-27 10:00:00
  2099-Mar-19 20:00:00
  2099-Apr-09 05:00:00
  2099-Apr-29 15:00:00
  2099-May-20 00:00:00
  2099-Jun-09 10:00:00
  2099-Jun-29 20:00:00
  2099-Jul-20 05:00:00
  2099-Aug-09 15:00:00
  2099-Aug-30 01:00:00
  2099-Sep-19 10:00:00
  2099-Oct-09 20:00:00
  2099-Oct-30 06:00:00
  2099-Nov-19 16:00:00
  2099-Dec-10 02:00:00
  2099-Dec-30 11:00:00
Beginning Simulation...
  2100-Jan-19 12:00:00 (5.1%)
  2100-Feb-08 12:00:00 (10.5%)
  2100-Feb-28 12:00:00 (16%)
  2100-Mar-20 11:00:00 (21.5%)
  2100-Apr-09 11:00:00 (27%)
  2100-Apr-29 11:00:00 (32.5%)
  2100-May-19 11:00:00 (37.9%)
  2100-Jun-08 12:00:00 (43.4%)
  2100-Jun-28 12:00:00 (48.9%)
  2100-Jul-18 11:00:00 (54.4%)
  2100-Aug-07 11:00:00 (59.9%)
  2100-Aug-27 11:00:00 (65.3%)
  2100-Sep-16 09:00:00 (70.8%)
  2100-Oct-06 09:00:00 (76.3%)
  2100-Oct-26 09:00:00 (81.7%)
  2100-Nov-15 09:00:00 (87.2%)
  2100-Dec-05 08:00:00 (92.7%)
  2100-Dec-25 09:00:00 (98.2%)
  2100-Dec-31 23:00:00 (100%)
Finished Program: 2014-Nov-18 11:08:00.330927
Elapsed Time: 00:00:36.700795
