instance.yaml
kiva v0.2.0-21-g785bfe1
Copyright (C) 2012-2014 Big Ladder Software
Web: www.bigladdersoftware.com

Starting Program: 2014-Nov-18 11:16:29.413272
Creating Domain...
  X Cells: 193
  Y Cells: 1
  Z Cells: 125
  Total Cells: 24125
Initializing Temperatures...
  2098-Nov-05 23:00:00
  2099-Jan-06 09:00:00
  2099-Jan-16 03:00:00
  2099-Jan-25 20:00:00
  2099-Feb-04 13:00:00
  2099-Feb-14 06:00:00
  2099-Feb-23 23:00:00
  2099-Mar-05 17:00:00
  2099-Mar-15 10:00:00
  2099-Mar-25 03:00:00
  2099-Apr-03 20:00:00
  2099-Apr-13 14:00:00
  2099-Apr-23 07:00:00
  2099-May-03 00:00:00
  2099-May-12 17:00:00
  2099-May-22 11:00:00
  2099-Jun-01 04:00:00
  2099-Jun-10 21:00:00
  2099-Jun-20 15:00:00
  2099-Jun-30 08:00:00
  2099-Jul-10 01:00:00
  2099-Jul-19 19:00:00
  2099-Jul-29 12:00:00
  2099-Aug-08 05:00:00
  2099-Aug-17 23:00:00
  2099-Aug-27 16:00:00
  2099-Sep-06 09:00:00
  2099-Sep-16 03:00:00
  2099-Sep-25 20:00:00
  2099-Oct-05 13:00:00
  2099-Oct-15 07:00:00
  2099-Oct-25 00:00:00
  2099-Nov-03 17:00:00
  2099-Nov-13 10:00:00
  2099-Nov-23 05:00:00
  2099-Dec-03 00:00:00
  2099-Dec-12 19:00:00
  2099-Dec-22 14:00:00
Beginning Simulation...
  2100-Jan-01 09:00:00 (0.1%)
  2100-Jan-10 12:00:00 (2.6%)
  2100-Jan-19 16:00:00 (5.1%)
  2100-Jan-28 19:00:00 (7.6%)
  2100-Feb-06 22:00:00 (10.1%)
  2100-Feb-16 02:00:00 (12.6%)
  2100-Feb-25 07:00:00 (15.1%)
  2100-Mar-06 12:00:00 (17.7%)
  2100-Mar-15 17:00:00 (20.2%)
  2100-Mar-24 22:00:00 (22.7%)
  2100-Apr-03 03:00:00 (25.2%)
  2100-Apr-12 09:00:00 (27.8%)
  2100-Apr-21 14:00:00 (30.3%)
  2100-Apr-30 19:00:00 (32.8%)
  2100-May-10 00:00:00 (35.3%)
  2100-May-19 06:00:00 (37.9%)
  2100-May-28 11:00:00 (40.4%)
  2100-Jun-06 16:00:00 (42.9%)
  2100-Jun-15 21:00:00 (45.4%)
  2100-Jun-25 03:00:00 (48%)
  2100-Jul-04 08:00:00 (50.5%)
  2100-Jul-13 13:00:00 (53%)
  2100-Jul-22 19:00:00 (55.6%)
  2100-Aug-01 00:00:00 (58.1%)
  2100-Aug-10 05:00:00 (60.6%)
  2100-Aug-19 11:00:00 (63.1%)
  2100-Aug-28 16:00:00 (65.7%)
  2100-Sep-06 21:00:00 (68.2%)
  2100-Sep-16 03:00:00 (70.7%)
  2100-Sep-25 08:00:00 (73.2%)
  2100-Oct-04 13:00:00 (75.8%)
  2100-Oct-13 19:00:00 (78.3%)
  2100-Oct-22 22:00:00 (80.8%)
  2100-Nov-01 04:00:00 (83.3%)
  2100-Nov-10 09:00:00 (85.9%)
  2100-Nov-19 14:00:00 (88.4%)
  2100-Nov-28 20:00:00 (90.9%)
  2100-Dec-08 01:00:00 (93.4%)
  2100-Dec-17 06:00:00 (96%)
  2100-Dec-26 12:00:00 (98.5%)
  2100-Dec-31 23:00:00 (100%)
Finished Program: 2014-Nov-18 11:17:47.596236
Elapsed Time: 00:01:18.182964
