instance.yaml
kiva v0.2.0-21-g785bfe1
Copyright (C) 2012-2014 Big Ladder Software
Web: www.bigladdersoftware.com

Starting Program: 2014-Nov-18 11:26:26.830874
Creating Domain...
  X Cells: 106
  Y Cells: 1
  Z Cells: 133
  Total Cells: 14098
Initializing Temperatures...
  2099-Jan-08 21:00:00
  2099-Jan-26 00:00:00
  2099-Feb-12 03:00:00
  2099-Mar-01 07:00:00
  2099-Mar-18 10:00:00
  2099-Apr-04 14:00:00
  2099-Apr-21 17:00:00
  2099-May-08 21:00:00
  2099-May-26 00:00:00
  2099-Jun-12 04:00:00
  2099-Jun-29 08:00:00
  2099-Jul-16 11:00:00
  2099-Aug-02 15:00:00
  2099-Aug-19 18:00:00
  2099-Sep-05 22:00:00
  2099-Sep-23 02:00:00
  2099-Oct-10 05:00:00
  2099-Oct-27 09:00:00
  2099-Nov-13 13:00:00
  2099-Nov-30 16:00:00
  2099-Dec-17 20:00:00
Beginning Simulation...
  2100-Jan-03 18:00:00 (0.8%)
  2100-Jan-19 15:00:00 (5.1%)
  2100-Feb-04 12:00:00 (9.5%)
  2100-Feb-20 09:00:00 (13.8%)
  2100-Mar-08 06:00:00 (18.2%)
  2100-Mar-24 03:00:00 (22.5%)
  2100-Apr-09 00:00:00 (26.8%)
  2100-Apr-24 21:00:00 (31.2%)
  2100-May-10 18:00:00 (35.5%)
  2100-May-26 16:00:00 (39.9%)
  2100-Jun-11 13:00:00 (44.3%)
  2100-Jun-27 09:00:00 (48.6%)
  2100-Jul-13 06:00:00 (52.9%)
  2100-Jul-29 03:00:00 (57.3%)
  2100-Aug-14 00:00:00 (61.6%)
  2100-Aug-29 22:00:00 (66%)
  2100-Sep-14 19:00:00 (70.4%)
  2100-Sep-30 16:00:00 (74.7%)
  2100-Oct-16 13:00:00 (79.1%)
  2100-Nov-01 11:00:00 (83.4%)
  2100-Nov-17 08:00:00 (87.8%)
  2100-Dec-03 05:00:00 (92.1%)
  2100-Dec-19 02:00:00 (96.5%)
  2100-Dec-31 23:00:00 (100%)
Finished Program: 2014-Nov-18 11:27:11.811496
Elapsed Time: 00:00:44.980622
