instance.yaml
kiva v0.2.0-21-g785bfe1
Copyright (C) 2012-2014 Big Ladder Software
Web: www.bigladdersoftware.com

Starting Program: 2014-Nov-18 11:19:24.433749
Creating Domain...
  X Cells: 94
  Y Cells: 1
  Z Cells: 133
  Total Cells: 12502
Initializing Temperatures...
  2098-Dec-10 23:00:00
  2099-Jan-19 00:00:00
  2099-Feb-08 00:00:00
  2099-Feb-28 00:00:00
  2099-Mar-20 00:00:00
  2099-Apr-09 00:00:00
  2099-Apr-29 02:00:00
  2099-May-19 05:00:00
  2099-Jun-08 07:00:00
  2099-Jun-28 09:00:00
  2099-Jul-18 12:00:00
  2099-Aug-07 14:00:00
  2099-Aug-27 16:00:00
  2099-Sep-16 19:00:00
  2099-Oct-06 21:00:00
  2099-Oct-27 00:00:00
  2099-Nov-16 02:00:00
  2099-Dec-06 05:00:00
  2099-Dec-26 07:00:00
Beginning Simulation...
  2100-Jan-14 04:00:00 (3.6%)
  2100-Feb-01 15:00:00 (8.7%)
  2100-Feb-20 01:00:00 (13.7%)
  2100-Mar-10 11:00:00 (18.8%)
  2100-Mar-28 21:00:00 (23.8%)
  2100-Apr-16 08:00:00 (28.9%)
  2100-May-04 18:00:00 (33.9%)
  2100-May-23 05:00:00 (39%)
  2100-Jun-10 15:00:00 (44%)
  2100-Jun-29 02:00:00 (49.1%)
  2100-Jul-17 12:00:00 (54.1%)
  2100-Aug-04 23:00:00 (59.2%)
  2100-Aug-23 10:00:00 (64.2%)
  2100-Sep-10 21:00:00 (69.3%)
  2100-Sep-29 08:00:00 (74.3%)
  2100-Oct-14 07:00:00 (78.4%)
  2100-Nov-01 18:00:00 (83.5%)
  2100-Nov-20 05:00:00 (88.6%)
  2100-Dec-08 16:00:00 (93.6%)
  2100-Dec-27 03:00:00 (98.7%)
  2100-Dec-31 23:00:00 (100%)
Finished Program: 2014-Nov-18 11:20:03.263955
Elapsed Time: 00:00:38.830206
