instance.yaml
kiva v0.2.0-19-ge248292
Copyright (C) 2012-2014 Big Ladder Software
Web: www.bigladdersoftware.com

Starting Program: 2014-Nov-17 08:46:15.194062
Creating Domain...
  X Cells: 100
  Y Cells: 1
  Z Cells: 103
  Total Cells: 10300
Initializing Temperatures...
  2099-Jan-06 08:00:00
  2099-Jan-27 12:00:00
  2099-Feb-17 17:00:00
  2099-Mar-10 21:00:00
  2099-Apr-01 01:00:00
  2099-Apr-22 06:00:00
  2099-May-13 10:00:00
  2099-Jun-03 15:00:00
  2099-Jun-24 20:00:00
  2099-Jul-16 00:00:00
  2099-Aug-06 04:00:00
  2099-Aug-27 09:00:00
  2099-Sep-17 13:00:00
  2099-Oct-08 17:00:00
  2099-Oct-29 21:00:00
  2099-Nov-20 02:00:00
  2099-Dec-11 07:00:00
Beginning Simulation...
  2100-Jan-01 11:00:00 (0.1%)
  2100-Jan-22 11:00:00 (5.9%)
  2100-Feb-12 11:00:00 (11.6%)
  2100-Mar-05 12:00:00 (17.4%)
  2100-Mar-26 12:00:00 (23.2%)
  2100-Apr-16 12:00:00 (28.9%)
  2100-May-07 12:00:00 (34.7%)
  2100-May-28 12:00:00 (40.4%)
  2100-Jun-18 12:00:00 (46.2%)
  2100-Jul-09 12:00:00 (51.9%)
  2100-Jul-30 13:00:00 (57.7%)
  2100-Aug-20 13:00:00 (63.4%)
  2100-Sep-10 13:00:00 (69.2%)
  2100-Oct-01 13:00:00 (74.9%)
  2100-Oct-22 13:00:00 (80.7%)
  2100-Nov-12 13:00:00 (86.4%)
  2100-Dec-03 13:00:00 (92.2%)
  2100-Dec-24 13:00:00 (98%)
  2100-Dec-31 23:00:00 (100%)
Finished Program: 2014-Nov-17 08:46:50.357239
Elapsed Time: 00:00:35.163177
