instance.yaml
kiva v0.2.0-21-g785bfe1
Copyright (C) 2012-2014 Big Ladder Software
Web: www.bigladdersoftware.com

Starting Program: 2014-Nov-18 11:22:27.443322
Creating Domain...
  X Cells: 162
  Y Cells: 1
  Z Cells: 158
  Total Cells: 25596
Initializing Temperatures...
  2098-Oct-29 23:00:00
  2099-Jan-05 19:00:00
  2099-Jan-15 05:00:00
  2099-Jan-24 16:00:00
  2099-Feb-03 02:00:00
  2099-Feb-12 13:00:00
  2099-Feb-21 23:00:00
  2099-Mar-03 09:00:00
  2099-Mar-12 20:00:00
  2099-Mar-22 06:00:00
  2099-Mar-31 16:00:00
  2099-Apr-10 03:00:00
  2099-Apr-19 14:00:00
  2099-Apr-29 00:00:00
  2099-May-08 11:00:00
  2099-May-17 22:00:00
  2099-May-27 08:00:00
  2099-Jun-05 18:00:00
  2099-Jun-15 04:00:00
  2099-Jun-24 15:00:00
  2099-Jul-04 02:00:00
  2099-Jul-13 13:00:00
  2099-Jul-22 23:00:00
  2099-Aug-01 10:00:00
  2099-Aug-10 20:00:00
  2099-Aug-20 07:00:00
  2099-Aug-29 18:00:00
  2099-Sep-08 05:00:00
  2099-Sep-17 15:00:00
  2099-Sep-27 02:00:00
  2099-Oct-06 13:00:00
  2099-Oct-16 00:00:00
  2099-Oct-25 10:00:00
  2099-Nov-03 21:00:00
  2099-Nov-13 08:00:00
  2099-Nov-22 18:00:00
  2099-Dec-02 05:00:00
  2099-Dec-11 16:00:00
  2099-Dec-21 02:00:00
  2099-Dec-30 13:00:00
Beginning Simulation...
  2100-Jan-08 05:00:00 (2%)
  2100-Jan-16 17:00:00 (4.3%)
  2100-Jan-25 06:00:00 (6.6%)
  2100-Feb-02 18:00:00 (9%)
  2100-Feb-11 06:00:00 (11.3%)
  2100-Feb-19 19:00:00 (13.6%)
  2100-Feb-28 07:00:00 (16%)
  2100-Mar-08 19:00:00 (18.3%)
  2100-Mar-17 08:00:00 (20.6%)
  2100-Mar-25 20:00:00 (23%)
  2100-Apr-03 08:00:00 (25.3%)
  2100-Apr-11 20:00:00 (27.6%)
  2100-Apr-20 08:00:00 (30%)
  2100-Apr-28 21:00:00 (32.3%)
  2100-May-07 10:00:00 (34.6%)
  2100-May-15 20:00:00 (36.9%)
  2100-May-23 19:00:00 (39.1%)
  2100-May-31 19:00:00 (41.3%)
  2100-Jun-08 23:00:00 (43.6%)
  2100-Jun-17 08:00:00 (45.8%)
  2100-Jun-25 15:00:00 (48.1%)
  2100-Jul-04 01:00:00 (50.4%)
  2100-Jul-12 13:00:00 (52.8%)
  2100-Jul-21 01:00:00 (55.1%)
  2100-Jul-29 13:00:00 (57.4%)
  2100-Aug-07 00:00:00 (59.7%)
  2100-Aug-15 12:00:00 (62.1%)
  2100-Aug-23 23:00:00 (64.4%)
  2100-Sep-01 11:00:00 (66.7%)
  2100-Sep-09 23:00:00 (69%)
  2100-Sep-18 11:00:00 (71.4%)
  2100-Sep-27 04:00:00 (73.7%)
  2100-Oct-05 20:00:00 (76.1%)
  2100-Oct-14 13:00:00 (78.5%)
  2100-Oct-23 04:00:00 (80.9%)
  2100-Oct-31 21:00:00 (83.3%)
  2100-Nov-09 13:00:00 (85.6%)
  2100-Nov-18 06:00:00 (88%)
  2100-Nov-26 22:00:00 (90.4%)
  2100-Dec-05 09:00:00 (92.7%)
  2100-Dec-14 01:00:00 (95.1%)
  2100-Dec-22 18:00:00 (97.5%)
  2100-Dec-31 10:00:00 (99.8%)
  2100-Dec-31 23:00:00 (100%)
Finished Program: 2014-Nov-18 11:23:50.065353
Elapsed Time: 00:01:22.622031
