instance.yaml
kiva v0.2.0-21-g785bfe1
Copyright (C) 2012-2014 Big Ladder Software
Web: www.bigladdersoftware.com

Starting Program: 2014-Nov-18 10:55:24.760598
Creating Domain...
  X Cells: 108
  Y Cells: 1
  Z Cells: 113
  Total Cells: 12204
Initializing Temperatures...
  2098-Oct-01 23:00:00
  2099-Jan-12 21:00:00
  2099-Jan-31 06:00:00
  2099-Feb-18 15:00:00
  2099-Mar-09 00:00:00
  2099-Mar-27 09:00:00
  2099-Apr-14 18:00:00
  2099-May-03 04:00:00
  2099-May-21 13:00:00
  2099-Jun-08 22:00:00
  2099-Jun-27 08:00:00
  2099-Jul-15 17:00:00
  2099-Aug-03 02:00:00
  2099-Aug-21 12:00:00
  2099-Sep-08 21:00:00
  2099-Sep-27 06:00:00
  2099-Oct-15 16:00:00
  2099-Nov-03 01:00:00
  2099-Nov-21 09:00:00
  2099-Dec-10 03:00:00
  2099-Dec-28 20:00:00
Beginning Simulation...
  2100-Jan-16 06:00:00 (4.2%)
  2100-Feb-03 13:00:00 (9.2%)
  2100-Feb-21 21:00:00 (14.2%)
  2100-Mar-12 04:00:00 (19.2%)
  2100-Mar-30 11:00:00 (24.2%)
  2100-Apr-17 19:00:00 (29.3%)
  2100-May-06 03:00:00 (34.3%)
  2100-May-24 10:00:00 (39.3%)
  2100-Jun-11 18:00:00 (44.3%)
  2100-Jun-30 02:00:00 (49.3%)
  2100-Jul-18 09:00:00 (54.3%)
  2100-Aug-05 16:00:00 (59.4%)
  2100-Aug-24 00:00:00 (64.4%)
  2100-Sep-11 05:00:00 (69.4%)
  2100-Sep-29 13:00:00 (74.4%)
  2100-Oct-17 20:00:00 (79.4%)
  2100-Nov-05 04:00:00 (84.4%)
  2100-Nov-23 11:00:00 (89.4%)
  2100-Dec-11 19:00:00 (94.5%)
  2100-Dec-30 02:00:00 (99.5%)
  2100-Dec-31 23:00:00 (100%)
Finished Program: 2014-Nov-18 10:56:05.103171
Elapsed Time: 00:00:40.342573
