instance.yaml
kiva v0.2.0-19-ge248292
Copyright (C) 2012-2014 Big Ladder Software
Web: www.bigladdersoftware.com

Starting Program: 2014-Nov-17 08:44:15.958545
Creating Domain...
  X Cells: 64
  Y Cells: 1
  Z Cells: 133
  Total Cells: 8512
Initializing Temperatures...
  2099-Jan-14 07:00:00
  2099-Feb-11 01:00:00
  2099-Mar-10 20:00:00
  2099-Apr-07 13:00:00
  2099-May-05 10:00:00
  2099-Jun-02 11:00:00
  2099-Jun-30 12:00:00
  2099-Jul-28 14:00:00
  2099-Aug-25 15:00:00
  2099-Sep-22 16:00:00
  2099-Oct-20 18:00:00
  2099-Nov-17 19:00:00
  2099-Dec-15 20:00:00
Beginning Simulation...
  2100-Jan-11 11:00:00 (2.9%)
  2100-Feb-05 02:00:00 (9.6%)
  2100-Mar-01 17:00:00 (16.4%)
  2100-Mar-26 08:00:00 (23.1%)
  2100-Apr-20 00:00:00 (29.9%)
  2100-May-14 15:00:00 (36.6%)
  2100-Jun-08 06:00:00 (43.4%)
  2100-Jul-02 22:00:00 (50.1%)
  2100-Jul-27 13:00:00 (56.9%)
  2100-Aug-21 05:00:00 (63.6%)
  2100-Sep-14 20:00:00 (70.4%)
  2100-Oct-09 12:00:00 (77.1%)
  2100-Nov-03 03:00:00 (83.9%)
  2100-Nov-27 19:00:00 (90.6%)
  2100-Dec-22 10:00:00 (97.4%)
  2100-Dec-31 23:00:00 (100%)
Finished Program: 2014-Nov-17 08:44:44.387633
Elapsed Time: 00:00:28.429088
