instance.yaml
kiva v0.2.0-21-g785bfe1
Copyright (C) 2012-2014 Big Ladder Software
Web: www.bigladdersoftware.com

Starting Program: 2014-Nov-18 11:17:27.678014
Creating Domain...
  X Cells: 197
  Y Cells: 1
  Z Cells: 113
  Total Cells: 22261
Initializing Temperatures...
  2098-Oct-08 23:00:00
  2099-Jan-04 14:00:00
  2099-Jan-14 17:00:00
  2099-Jan-24 20:00:00
  2099-Feb-03 23:00:00
  2099-Feb-14 02:00:00
  2099-Feb-24 05:00:00
  2099-Mar-06 08:00:00
  2099-Mar-16 11:00:00
  2099-Mar-26 14:00:00
  2099-Apr-05 17:00:00
  2099-Apr-15 20:00:00
  2099-Apr-25 23:00:00
  2099-May-06 02:00:00
  2099-May-16 06:00:00
  2099-May-26 09:00:00
  2099-Jun-05 12:00:00
  2099-Jun-15 15:00:00
  2099-Jun-25 18:00:00
  2099-Jul-05 21:00:00
  2099-Jul-16 01:00:00
  2099-Jul-26 05:00:00
  2099-Aug-05 08:00:00
  2099-Aug-15 12:00:00
  2099-Aug-25 16:00:00
  2099-Sep-04 19:00:00
  2099-Sep-14 23:00:00
  2099-Sep-25 03:00:00
  2099-Oct-05 06:00:00
  2099-Oct-15 10:00:00
  2099-Oct-25 14:00:00
  2099-Nov-04 17:00:00
  2099-Nov-14 21:00:00
  2099-Nov-25 00:00:00
  2099-Dec-05 04:00:00
  2099-Dec-15 07:00:00
  2099-Dec-25 11:00:00
Beginning Simulation...
  2100-Jan-04 13:00:00 (1%)
  2100-Jan-14 13:00:00 (3.7%)
  2100-Jan-24 13:00:00 (6.4%)
  2100-Feb-03 12:00:00 (9.2%)
  2100-Feb-13 12:00:00 (11.9%)
  2100-Feb-23 11:00:00 (14.6%)
  2100-Mar-05 11:00:00 (17.4%)
  2100-Mar-15 10:00:00 (20.1%)
  2100-Mar-25 10:00:00 (22.9%)
  2100-Apr-04 09:00:00 (25.6%)
  2100-Apr-14 09:00:00 (28.3%)
  2100-Apr-24 08:00:00 (31.1%)
  2100-May-04 08:00:00 (33.8%)
  2100-May-14 07:00:00 (36.5%)
  2100-May-24 07:00:00 (39.3%)
  2100-Jun-03 07:00:00 (42%)
  2100-Jun-13 06:00:00 (44.7%)
  2100-Jun-23 06:00:00 (47.5%)
  2100-Jul-03 06:00:00 (50.2%)
  2100-Jul-13 05:00:00 (52.9%)
  2100-Jul-23 05:00:00 (55.7%)
  2100-Aug-02 04:00:00 (58.4%)
  2100-Aug-12 04:00:00 (61.1%)
  2100-Aug-22 03:00:00 (63.9%)
  2100-Sep-01 03:00:00 (66.6%)
  2100-Sep-11 03:00:00 (69.3%)
  2100-Sep-21 02:00:00 (72.1%)
  2100-Oct-01 02:00:00 (74.8%)
  2100-Oct-11 02:00:00 (77.6%)
  2100-Oct-21 01:00:00 (80.3%)
  2100-Oct-31 01:00:00 (83%)
  2100-Nov-10 01:00:00 (85.8%)
  2100-Nov-20 00:00:00 (88.5%)
  2100-Nov-30 00:00:00 (91.2%)
  2100-Dec-09 23:00:00 (94%)
  2100-Dec-19 22:00:00 (96.7%)
  2100-Dec-29 21:00:00 (99.4%)
  2100-Dec-31 23:00:00 (100%)
Finished Program: 2014-Nov-18 11:18:41.209838
Elapsed Time: 00:01:13.531824
