instance.yaml
kiva v0.2.0-21-g785bfe1
Copyright (C) 2012-2014 Big Ladder Software
Web: www.bigladdersoftware.com

Starting Program: 2014-Nov-18 11:16:24.903802
Creating Domain...
  X Cells: 198
  Y Cells: 1
  Z Cells: 125
  Total Cells: 24750
Initializing Temperatures...
  2099-Jan-01 10:00:00
  2099-Jan-10 22:00:00
  2099-Jan-20 11:00:00
  2099-Jan-30 00:00:00
  2099-Feb-08 13:00:00
  2099-Feb-18 01:00:00
  2099-Feb-27 14:00:00
  2099-Mar-09 03:00:00
  2099-Mar-18 16:00:00
  2099-Mar-28 05:00:00
  2099-Apr-06 18:00:00
  2099-Apr-16 06:00:00
  2099-Apr-25 19:00:00
  2099-May-05 08:00:00
  2099-May-14 21:00:00
  2099-May-24 10:00:00
  2099-Jun-02 23:00:00
  2099-Jun-12 12:00:00
  2099-Jun-22 01:00:00
  2099-Jul-01 14:00:00
  2099-Jul-11 03:00:00
  2099-Jul-20 16:00:00
  2099-Jul-30 05:00:00
  2099-Aug-08 17:00:00
  2099-Aug-18 06:00:00
  2099-Aug-27 19:00:00
  2099-Sep-06 08:00:00
  2099-Sep-15 21:00:00
  2099-Sep-25 10:00:00
  2099-Oct-04 23:00:00
  2099-Oct-14 12:00:00
  2099-Oct-24 01:00:00
  2099-Nov-02 14:00:00
  2099-Nov-12 02:00:00
  2099-Nov-21 15:00:00
  2099-Dec-01 04:00:00
  2099-Dec-10 17:00:00
  2099-Dec-20 06:00:00
  2099-Dec-29 19:00:00
Beginning Simulation...
  2100-Jan-07 20:00:00 (1.9%)
  2100-Jan-16 18:00:00 (4.3%)
  2100-Jan-25 16:00:00 (6.8%)
  2100-Feb-03 14:00:00 (9.2%)
  2100-Feb-12 13:00:00 (11.7%)
  2100-Feb-21 12:00:00 (14.1%)
  2100-Mar-02 11:00:00 (16.6%)
  2100-Mar-11 11:00:00 (19%)
  2100-Mar-20 10:00:00 (21.5%)
  2100-Mar-29 10:00:00 (23.9%)
  2100-Apr-07 10:00:00 (26.4%)
  2100-Apr-16 09:00:00 (28.9%)
  2100-Apr-25 08:00:00 (31.3%)
  2100-May-04 08:00:00 (33.8%)
  2100-May-13 07:00:00 (36.2%)
  2100-May-22 07:00:00 (38.7%)
  2100-May-31 06:00:00 (41.2%)
  2100-Jun-09 06:00:00 (43.6%)
  2100-Jun-18 06:00:00 (46.1%)
  2100-Jun-27 05:00:00 (48.6%)
  2100-Jul-06 05:00:00 (51%)
  2100-Jul-15 05:00:00 (53.5%)
  2100-Jul-24 04:00:00 (55.9%)
  2100-Aug-02 04:00:00 (58.4%)
  2100-Aug-11 03:00:00 (60.9%)
  2100-Aug-20 03:00:00 (63.3%)
  2100-Aug-29 03:00:00 (65.8%)
  2100-Sep-07 02:00:00 (68.2%)
  2100-Sep-16 02:00:00 (70.7%)
  2100-Sep-25 02:00:00 (73.2%)
  2100-Oct-04 01:00:00 (75.6%)
  2100-Oct-12 23:00:00 (78.1%)
  2100-Oct-21 23:00:00 (80.5%)
  2100-Oct-30 23:00:00 (83%)
  2100-Nov-08 22:00:00 (85.5%)
  2100-Nov-17 21:00:00 (87.9%)
  2100-Nov-26 21:00:00 (90.4%)
  2100-Dec-05 20:00:00 (92.8%)
  2100-Dec-14 20:00:00 (95.3%)
  2100-Dec-23 19:00:00 (97.8%)
  2100-Dec-31 23:00:00 (100%)
Finished Program: 2014-Nov-18 11:17:44.909920
Elapsed Time: 00:01:20.006118
