instance.yaml
kiva v0.2.0-19-ge248292
Copyright (C) 2012-2014 Big Ladder Software
Web: www.bigladdersoftware.com

Starting Program: 2014-Nov-17 08:43:15.943120
Creating Domain...
  X Cells: 132
  Y Cells: 1
  Z Cells: 132
  Total Cells: 17424
Initializing Temperatures...
  2099-Jan-05 06:00:00
  2099-Jan-20 15:00:00
  2099-Feb-05 00:00:00
  2099-Feb-20 08:00:00
  2099-Mar-07 17:00:00
  2099-Mar-23 01:00:00
  2099-Apr-07 10:00:00
  2099-Apr-22 19:00:00
  2099-May-08 03:00:00
  2099-May-23 12:00:00
  2099-Jun-04 19:00:00
  2099-Jun-20 04:00:00
  2099-Jul-05 12:00:00
  2099-Jul-20 20:00:00
  2099-Aug-05 05:00:00
  2099-Aug-20 14:00:00
  2099-Sep-04 22:00:00
  2099-Sep-20 07:00:00
  2099-Oct-05 16:00:00
  2099-Oct-21 00:00:00
  2099-Nov-05 09:00:00
  2099-Nov-20 18:00:00
  2099-Dec-06 03:00:00
  2099-Dec-21 11:00:00
Beginning Simulation...
  2100-Jan-05 13:00:00 (1.2%)
  2100-Jan-19 21:00:00 (5.2%)
  2100-Feb-03 05:00:00 (9.1%)
  2100-Feb-17 14:00:00 (13%)
  2100-Mar-03 22:00:00 (17%)
  2100-Mar-18 07:00:00 (20.9%)
  2100-Apr-01 16:00:00 (24.8%)
  2100-Apr-16 00:00:00 (28.8%)
  2100-Apr-30 08:00:00 (32.7%)
  2100-May-14 15:00:00 (36.6%)
  2100-May-29 00:00:00 (40.5%)
  2100-Jun-12 08:00:00 (44.5%)
  2100-Jun-26 17:00:00 (48.4%)
  2100-Jul-11 01:00:00 (52.3%)
  2100-Jul-25 09:00:00 (56.3%)
  2100-Aug-08 18:00:00 (60.2%)
  2100-Aug-23 03:00:00 (64.1%)
  2100-Sep-06 11:00:00 (68.1%)
  2100-Sep-20 21:00:00 (72%)
  2100-Oct-05 00:00:00 (75.9%)
  2100-Oct-19 10:00:00 (79.8%)
  2100-Nov-02 20:00:00 (83.8%)
  2100-Nov-17 06:00:00 (87.7%)
  2100-Dec-01 15:00:00 (91.7%)
  2100-Dec-16 01:00:00 (95.6%)
  2100-Dec-30 11:00:00 (99.6%)
  2100-Dec-31 23:00:00 (100%)
Finished Program: 2014-Nov-17 08:44:06.104859
Elapsed Time: 00:00:50.161739
