instance.yaml
kiva v0.2.0-9-g526928a
Copyright (C) 2012-2014 Big Ladder Software
Web: www.bigladdersoftware.com

Starting Program: 2014-Nov-15 12:24:44.944738
Creating Domain...
  X Cells: 139
  Y Cells: 1
  Z Cells: 125
  Total Cells: 17375
Initializing Temperatures...
  2099-Jan-05 13:00:00
  2099-Jan-18 13:00:00
  2099-Jan-31 14:00:00
  2099-Feb-13 14:00:00
  2099-Feb-26 15:00:00
  2099-Mar-11 15:00:00
  2099-Mar-24 15:00:00
  2099-Apr-06 16:00:00
  2099-Apr-19 16:00:00
  2099-May-02 17:00:00
  2099-May-15 17:00:00
  2099-May-28 18:00:00
  2099-Jun-10 18:00:00
  2099-Jun-23 19:00:00
  2099-Jul-06 19:00:00
  2099-Jul-19 19:00:00
  2099-Aug-01 20:00:00
  2099-Aug-14 20:00:00
  2099-Aug-27 21:00:00
  2099-Sep-09 21:00:00
  2099-Sep-22 21:00:00
  2099-Oct-05 22:00:00
  2099-Oct-18 23:00:00
  2099-Oct-31 23:00:00
  2099-Nov-14 00:00:00
  2099-Nov-27 00:00:00
  2099-Dec-10 01:00:00
  2099-Dec-23 02:00:00
Beginning Simulation...
  2100-Jan-04 18:00:00 (1%)
  2100-Jan-16 14:00:00 (4.3%)
  2100-Jan-28 11:00:00 (7.5%)
  2100-Feb-09 07:00:00 (10.8%)
  2100-Feb-21 04:00:00 (14%)
  2100-Mar-05 01:00:00 (17.3%)
  2100-Mar-16 22:00:00 (20.5%)
  2100-Mar-28 19:00:00 (23.8%)
  2100-Apr-09 16:00:00 (27%)
  2100-Apr-21 13:00:00 (30.3%)
  2100-May-03 11:00:00 (33.6%)
  2100-May-15 07:00:00 (36.8%)
  2100-May-27 05:00:00 (40.1%)
  2100-Jun-08 02:00:00 (43.3%)
  2100-Jun-19 23:00:00 (46.6%)
  2100-Jul-01 21:00:00 (49.8%)
  2100-Jul-13 18:00:00 (53.1%)
  2100-Jul-25 14:00:00 (56.3%)
  2100-Aug-06 11:00:00 (59.6%)
  2100-Aug-18 08:00:00 (62.8%)
  2100-Aug-30 06:00:00 (66.1%)
  2100-Sep-11 03:00:00 (69.3%)
  2100-Sep-23 00:00:00 (72.6%)
  2100-Oct-04 21:00:00 (75.9%)
  2100-Oct-16 19:00:00 (79.1%)
  2100-Oct-28 16:00:00 (82.4%)
  2100-Nov-09 13:00:00 (85.6%)
  2100-Nov-21 08:00:00 (88.9%)
  2100-Dec-03 05:00:00 (92.1%)
  2100-Dec-15 02:00:00 (95.4%)
  2100-Dec-26 23:00:00 (98.6%)
  2100-Dec-31 23:00:00 (100%)
Finished Program: 2014-Nov-15 12:25:44.422446
Elapsed Time: 00:00:59.477708
