instance.yaml
kiva v0.2.0-21-g785bfe1
Copyright (C) 2012-2014 Big Ladder Software
Web: www.bigladdersoftware.com

Starting Program: 2014-Nov-18 11:24:25.845730
Creating Domain...
  X Cells: 163
  Y Cells: 1
  Z Cells: 125
  Total Cells: 20375
Initializing Temperatures...
  2099-Jan-03 22:00:00
  2099-Jan-16 03:00:00
  2099-Jan-28 08:00:00
  2099-Feb-09 13:00:00
  2099-Feb-21 18:00:00
  2099-Mar-06 00:00:00
  2099-Mar-18 05:00:00
  2099-Mar-30 10:00:00
  2099-Apr-11 15:00:00
  2099-Apr-23 20:00:00
  2099-May-06 02:00:00
  2099-May-18 07:00:00
  2099-May-30 12:00:00
  2099-Jun-11 18:00:00
  2099-Jun-23 23:00:00
  2099-Jul-06 05:00:00
  2099-Jul-18 10:00:00
  2099-Jul-30 15:00:00
  2099-Aug-11 20:00:00
  2099-Aug-24 02:00:00
  2099-Sep-05 07:00:00
  2099-Sep-17 13:00:00
  2099-Sep-29 18:00:00
  2099-Oct-11 23:00:00
  2099-Oct-24 05:00:00
  2099-Nov-05 10:00:00
  2099-Nov-17 15:00:00
  2099-Nov-29 21:00:00
  2099-Dec-12 02:00:00
  2099-Dec-24 07:00:00
Beginning Simulation...
  2100-Jan-05 04:00:00 (1.1%)
  2100-Jan-16 10:00:00 (4.2%)
  2100-Jan-27 15:00:00 (7.3%)
  2100-Feb-07 21:00:00 (10.4%)
  2100-Feb-19 02:00:00 (13.4%)
  2100-Mar-02 08:00:00 (16.5%)
  2100-Mar-13 13:00:00 (19.6%)
  2100-Mar-24 19:00:00 (22.7%)
  2100-Apr-05 00:00:00 (25.8%)
  2100-Apr-16 06:00:00 (28.8%)
  2100-Apr-27 12:00:00 (31.9%)
  2100-May-08 18:00:00 (35%)
  2100-May-20 00:00:00 (38.1%)
  2100-May-31 06:00:00 (41.2%)
  2100-Jun-11 12:00:00 (44.2%)
  2100-Jun-22 18:00:00 (47.3%)
  2100-Jul-04 00:00:00 (50.4%)
  2100-Jul-15 06:00:00 (53.5%)
  2100-Jul-26 12:00:00 (56.6%)
  2100-Aug-06 18:00:00 (59.7%)
  2100-Aug-18 00:00:00 (62.7%)
  2100-Aug-29 06:00:00 (65.8%)
  2100-Sep-09 12:00:00 (68.9%)
  2100-Sep-20 18:00:00 (72%)
  2100-Oct-02 00:00:00 (75.1%)
  2100-Oct-13 06:00:00 (78.2%)
  2100-Oct-24 12:00:00 (81.2%)
  2100-Nov-04 18:00:00 (84.3%)
  2100-Nov-16 00:00:00 (87.4%)
  2100-Nov-27 05:00:00 (90.5%)
  2100-Dec-08 11:00:00 (93.6%)
  2100-Dec-19 16:00:00 (96.6%)
  2100-Dec-30 22:00:00 (99.7%)
  2100-Dec-31 23:00:00 (100%)
Finished Program: 2014-Nov-18 11:25:29.093949
Elapsed Time: 00:01:03.248219
