instance.yaml
kiva v0.2.0-21-g785bfe1
Copyright (C) 2012-2014 Big Ladder Software
Web: www.bigladdersoftware.com

Starting Program: 2014-Nov-18 11:19:28.452973
Creating Domain...
  X Cells: 156
  Y Cells: 1
  Z Cells: 158
  Total Cells: 24648
Initializing Temperatures...
  2098-Oct-22 23:00:00
  2099-Jan-05 07:00:00
  2099-Jan-14 11:00:00
  2099-Jan-23 15:00:00
  2099-Feb-01 19:00:00
  2099-Feb-11 00:00:00
  2099-Feb-20 04:00:00
  2099-Mar-01 08:00:00
  2099-Mar-10 12:00:00
  2099-Mar-19 16:00:00
  2099-Mar-28 20:00:00
  2099-Apr-07 00:00:00
  2099-Apr-16 05:00:00
  2099-Apr-25 09:00:00
  2099-May-04 13:00:00
  2099-May-13 16:00:00
  2099-May-22 21:00:00
  2099-Jun-01 01:00:00
  2099-Jun-10 06:00:00
  2099-Jun-19 10:00:00
  2099-Jun-28 15:00:00
  2099-Jul-07 19:00:00
  2099-Jul-17 00:00:00
  2099-Jul-26 04:00:00
  2099-Aug-04 08:00:00
  2099-Aug-13 13:00:00
  2099-Aug-22 17:00:00
  2099-Aug-31 22:00:00
  2099-Sep-10 07:00:00
  2099-Sep-19 16:00:00
  2099-Sep-29 02:00:00
  2099-Oct-08 12:00:00
  2099-Oct-17 21:00:00
  2099-Oct-27 07:00:00
  2099-Nov-05 16:00:00
  2099-Nov-15 02:00:00
  2099-Nov-24 11:00:00
  2099-Dec-03 20:00:00
  2099-Dec-13 06:00:00
  2099-Dec-22 15:00:00
Beginning Simulation...
  2100-Jan-01 00:00:00 (0%)
  2100-Jan-09 12:00:00 (2.3%)
  2100-Jan-18 00:00:00 (4.7%)
  2100-Jan-26 11:00:00 (7%)
  2100-Feb-03 23:00:00 (9.3%)
  2100-Feb-11 21:00:00 (11.5%)
  2100-Feb-19 16:00:00 (13.6%)
  2100-Feb-27 18:00:00 (15.8%)
  2100-Mar-08 03:00:00 (18.1%)
  2100-Mar-16 12:00:00 (20.4%)
  2100-Mar-24 20:00:00 (22.7%)
  2100-Apr-02 08:00:00 (25%)
  2100-Apr-10 20:00:00 (27.4%)
  2100-Apr-19 07:00:00 (29.7%)
  2100-Apr-27 19:00:00 (32%)
  2100-May-06 07:00:00 (34.3%)
  2100-May-14 19:00:00 (36.7%)
  2100-May-23 07:00:00 (39%)
  2100-May-31 19:00:00 (41.3%)
  2100-Jun-09 06:00:00 (43.6%)
  2100-Jun-17 18:00:00 (46%)
  2100-Jun-26 05:00:00 (48.3%)
  2100-Jul-04 17:00:00 (50.6%)
  2100-Jul-13 05:00:00 (52.9%)
  2100-Jul-21 17:00:00 (55.3%)
  2100-Jul-30 05:00:00 (57.6%)
  2100-Aug-07 17:00:00 (59.9%)
  2100-Aug-16 04:00:00 (62.2%)
  2100-Aug-24 16:00:00 (64.6%)
  2100-Sep-02 04:00:00 (66.9%)
  2100-Sep-04 15:00:00 (67.6%)
  2100-Sep-13 03:00:00 (69.9%)
  2100-Sep-21 15:00:00 (72.2%)
  2100-Sep-30 03:00:00 (74.6%)
  2100-Oct-08 14:00:00 (76.9%)
  2100-Oct-17 02:00:00 (79.2%)
  2100-Oct-25 14:00:00 (81.5%)
  2100-Nov-03 02:00:00 (83.9%)
  2100-Nov-11 14:00:00 (86.2%)
  2100-Nov-20 02:00:00 (88.5%)
  2100-Nov-28 13:00:00 (90.8%)
  2100-Dec-07 01:00:00 (93.2%)
  2100-Dec-15 13:00:00 (95.5%)
  2100-Dec-24 01:00:00 (97.8%)
  2100-Dec-31 23:00:00 (100%)
Finished Program: 2014-Nov-18 11:20:52.935683
Elapsed Time: 00:01:24.482710
