instance.yaml
kiva v0.2.0-21-g785bfe1
Copyright (C) 2012-2014 Big Ladder Software
Web: www.bigladdersoftware.com

Starting Program: 2014-Nov-18 11:14:25.164750
Creating Domain...
  X Cells: 212
  Y Cells: 1
  Z Cells: 133
  Total Cells: 28196
Initializing Temperatures...
  2098-Nov-19 23:00:00
  2099-Jan-06 10:00:00
  2099-Jan-14 22:00:00
  2099-Jan-23 09:00:00
  2099-Jan-31 21:00:00
  2099-Feb-09 09:00:00
  2099-Feb-17 20:00:00
  2099-Feb-26 08:00:00
  2099-Mar-06 20:00:00
  2099-Mar-15 07:00:00
  2099-Mar-23 19:00:00
  2099-Apr-01 07:00:00
  2099-Apr-09 19:00:00
  2099-Apr-18 06:00:00
  2099-Apr-26 18:00:00
  2099-May-05 06:00:00
  2099-May-13 18:00:00
  2099-May-22 06:00:00
  2099-May-30 17:00:00
  2099-Jun-08 05:00:00
  2099-Jun-16 17:00:00
  2099-Jun-25 05:00:00
  2099-Jul-03 17:00:00
  2099-Jul-12 04:00:00
  2099-Jul-20 16:00:00
  2099-Jul-29 04:00:00
  2099-Aug-06 16:00:00
  2099-Aug-15 04:00:00
  2099-Aug-23 16:00:00
  2099-Sep-01 03:00:00
  2099-Sep-09 15:00:00
  2099-Sep-18 03:00:00
  2099-Sep-26 15:00:00
  2099-Oct-05 03:00:00
  2099-Oct-13 15:00:00
  2099-Oct-22 02:00:00
  2099-Oct-30 13:00:00
  2099-Nov-08 01:00:00
  2099-Nov-16 13:00:00
  2099-Nov-25 01:00:00
  2099-Dec-03 13:00:00
  2099-Dec-12 01:00:00
  2099-Dec-20 12:00:00
  2099-Dec-29 00:00:00
Beginning Simulation...
  2100-Jan-06 03:00:00 (1.4%)
  2100-Jan-14 02:00:00 (3.6%)
  2100-Jan-22 00:00:00 (5.8%)
  2100-Jan-29 22:00:00 (7.9%)
  2100-Feb-06 20:00:00 (10.1%)
  2100-Feb-14 19:00:00 (12.3%)
  2100-Feb-22 17:00:00 (14.4%)
  2100-Mar-02 15:00:00 (16.6%)
  2100-Mar-10 14:00:00 (18.8%)
  2100-Mar-18 12:00:00 (21%)
  2100-Mar-26 10:00:00 (23.1%)
  2100-Apr-03 08:00:00 (25.3%)
  2100-Apr-11 07:00:00 (27.5%)
  2100-Apr-19 05:00:00 (29.6%)
  2100-Apr-27 03:00:00 (31.8%)
  2100-May-05 01:00:00 (34%)
  2100-May-13 00:00:00 (36.2%)
  2100-May-20 22:00:00 (38.3%)
  2100-May-28 20:00:00 (40.5%)
  2100-Jun-05 19:00:00 (42.7%)
  2100-Jun-13 17:00:00 (44.9%)
  2100-Jun-21 15:00:00 (47%)
  2100-Jun-29 14:00:00 (49.2%)
  2100-Jul-07 12:00:00 (51.4%)
  2100-Jul-15 10:00:00 (53.5%)
  2100-Jul-23 08:00:00 (55.7%)
  2100-Jul-31 07:00:00 (57.9%)
  2100-Aug-08 05:00:00 (60.1%)
  2100-Aug-16 03:00:00 (62.2%)
  2100-Aug-24 02:00:00 (64.4%)
  2100-Sep-01 00:00:00 (66.6%)
  2100-Sep-08 22:00:00 (68.7%)
  2100-Sep-16 21:00:00 (70.9%)
  2100-Sep-24 19:00:00 (73.1%)
  2100-Oct-02 17:00:00 (75.3%)
  2100-Oct-10 15:00:00 (77.4%)
  2100-Oct-18 12:00:00 (79.6%)
  2100-Oct-26 11:00:00 (81.8%)
  2100-Nov-03 09:00:00 (83.9%)
  2100-Nov-11 07:00:00 (86.1%)
  2100-Nov-19 06:00:00 (88.3%)
  2100-Nov-27 04:00:00 (90.5%)
  2100-Dec-05 03:00:00 (92.6%)
  2100-Dec-13 01:00:00 (94.8%)
  2100-Dec-20 23:00:00 (97%)
  2100-Dec-28 21:00:00 (99.1%)
  2100-Dec-31 23:00:00 (100%)
Finished Program: 2014-Nov-18 11:15:55.389146
Elapsed Time: 00:01:30.224396
