instance.yaml
kiva v0.2.0-21-g785bfe1
Copyright (C) 2012-2014 Big Ladder Software
Web: www.bigladdersoftware.com

Starting Program: 2014-Nov-18 11:19:24.805477
Creating Domain...
  X Cells: 84
  Y Cells: 1
  Z Cells: 133
  Total Cells: 11172
Initializing Temperatures...
  2098-Oct-01 23:00:00
  2099-Jan-12 19:00:00
  2099-Feb-03 15:00:00
  2099-Feb-25 10:00:00
  2099-Mar-19 06:00:00
  2099-Apr-10 01:00:00
  2099-May-01 21:00:00
  2099-May-23 16:00:00
  2099-Jun-14 12:00:00
  2099-Jul-06 07:00:00
  2099-Jul-28 03:00:00
  2099-Aug-18 23:00:00
  2099-Sep-09 18:00:00
  2099-Oct-01 14:00:00
  2099-Oct-23 10:00:00
  2099-Nov-14 06:00:00
  2099-Dec-06 02:00:00
  2099-Dec-27 21:00:00
Beginning Simulation...
  2100-Jan-16 23:00:00 (4.4%)
  2100-Feb-05 12:00:00 (9.7%)
  2100-Feb-25 03:00:00 (15.1%)
  2100-Mar-16 19:00:00 (20.5%)
  2100-Apr-05 10:00:00 (25.9%)
  2100-Apr-25 01:00:00 (31.2%)
  2100-May-14 16:00:00 (36.6%)
  2100-Jun-03 07:00:00 (42%)
  2100-Jun-22 23:00:00 (47.4%)
  2100-Jul-12 14:00:00 (52.8%)
  2100-Aug-01 06:00:00 (58.2%)
  2100-Aug-20 21:00:00 (63.5%)
  2100-Sep-09 13:00:00 (68.9%)
  2100-Sep-29 04:00:00 (74.3%)
  2100-Oct-18 20:00:00 (79.7%)
  2100-Nov-06 15:00:00 (84.8%)
  2100-Nov-26 06:00:00 (90.2%)
  2100-Dec-15 22:00:00 (95.6%)
  2100-Dec-31 23:00:00 (100%)
Finished Program: 2014-Nov-18 11:20:00.817512
Elapsed Time: 00:00:36.012035
