instance.yaml
kiva v0.2.0-19-ge248292
Copyright (C) 2012-2014 Big Ladder Software
Web: www.bigladdersoftware.com

Starting Program: 2014-Nov-17 08:43:14.276586
Creating Domain...
  X Cells: 94
  Y Cells: 1
  Z Cells: 96
  Total Cells: 9024
Initializing Temperatures...
  2099-Jan-05 22:00:00
  2099-Jan-29 07:00:00
  2099-Feb-21 16:00:00
  2099-Mar-17 02:00:00
  2099-Apr-09 11:00:00
  2099-May-02 20:00:00
  2099-May-26 05:00:00
  2099-Jun-18 14:00:00
  2099-Jul-11 23:00:00
  2099-Aug-04 08:00:00
  2099-Aug-27 17:00:00
  2099-Sep-20 04:00:00
  2099-Oct-13 16:00:00
  2099-Nov-06 04:00:00
  2099-Nov-29 15:00:00
  2099-Dec-23 03:00:00
Beginning Simulation...
  2100-Jan-15 11:00:00 (4%)
  2100-Feb-07 17:00:00 (10.3%)
  2100-Mar-02 23:00:00 (16.7%)
  2100-Mar-26 04:00:00 (23.1%)
  2100-Apr-18 10:00:00 (29.4%)
  2100-May-11 16:00:00 (35.8%)
  2100-Jun-03 22:00:00 (42.2%)
  2100-Jun-27 04:00:00 (48.5%)
  2100-Jul-20 10:00:00 (54.9%)
  2100-Aug-12 16:00:00 (61.3%)
  2100-Sep-04 22:00:00 (67.6%)
  2100-Sep-28 03:00:00 (74%)
  2100-Oct-21 09:00:00 (80.4%)
  2100-Nov-13 16:00:00 (86.8%)
  2100-Dec-06 22:00:00 (93.1%)
  2100-Dec-30 04:00:00 (99.5%)
  2100-Dec-31 23:00:00 (100%)
Finished Program: 2014-Nov-17 08:43:46.078219
Elapsed Time: 00:00:31.801633
