instance.yaml
kiva v0.2.0-21-g785bfe1
Copyright (C) 2012-2014 Big Ladder Software
Web: www.bigladdersoftware.com

Starting Program: 2014-Nov-18 11:23:25.399542
Creating Domain...
  X Cells: 93
  Y Cells: 1
  Z Cells: 125
  Total Cells: 11625
Initializing Temperatures...
  2099-Jan-01 14:00:00
  2099-Jan-22 19:00:00
  2099-Feb-13 00:00:00
  2099-Mar-06 04:00:00
  2099-Mar-27 12:00:00
  2099-Apr-18 00:00:00
  2099-May-09 13:00:00
  2099-May-31 03:00:00
  2099-Jun-21 16:00:00
  2099-Jul-13 05:00:00
  2099-Aug-03 18:00:00
  2099-Aug-25 07:00:00
  2099-Sep-15 20:00:00
  2099-Oct-07 10:00:00
  2099-Oct-28 23:00:00
  2099-Nov-19 12:00:00
  2099-Dec-11 01:00:00
Beginning Simulation...
  2100-Jan-01 13:00:00 (0.1%)
  2100-Jan-21 08:00:00 (5.6%)
  2100-Feb-10 03:00:00 (11%)
  2100-Mar-01 22:00:00 (16.4%)
  2100-Mar-21 16:00:00 (21.8%)
  2100-Apr-10 10:00:00 (27.2%)
  2100-Apr-30 05:00:00 (32.7%)
  2100-May-20 00:00:00 (38.1%)
  2100-Jun-08 19:00:00 (43.5%)
  2100-Jun-28 14:00:00 (48.9%)
  2100-Jul-18 09:00:00 (54.3%)
  2100-Aug-07 04:00:00 (59.8%)
  2100-Aug-26 23:00:00 (65.2%)
  2100-Sep-15 19:00:00 (70.6%)
  2100-Oct-05 14:00:00 (76.1%)
  2100-Oct-25 05:00:00 (81.4%)
  2100-Nov-14 00:00:00 (86.8%)
  2100-Dec-03 18:00:00 (92.3%)
  2100-Dec-23 13:00:00 (97.7%)
  2100-Dec-31 23:00:00 (100%)
Finished Program: 2014-Nov-18 11:24:01.426376
Elapsed Time: 00:00:36.026834
