instance.yaml
kiva v0.2.0-9-g526928a
Copyright (C) 2012-2014 Big Ladder Software
Web: www.bigladdersoftware.com

Starting Program: 2014-Oct-26 15:36:09.491034
Creating Domain...
  X Cells: 99
  Y Cells: 1
  Z Cells: 125
  Total Cells: 12375
Initializing Temperatures...
  2098-Oct-22 23:00:00
  2099-Jan-08 13:00:00
  2099-Jan-28 07:00:00
  2099-Feb-19 03:00:00
  2099-Mar-12 23:00:00
  2099-Apr-03 19:00:00
  2099-Apr-25 15:00:00
  2099-May-17 10:00:00
  2099-Jun-08 06:00:00
  2099-Jun-30 02:00:00
  2099-Jul-21 21:00:00
  2099-Aug-12 17:00:00
  2099-Sep-03 13:00:00
  2099-Sep-25 09:00:00
  2099-Oct-17 05:00:00
  2099-Nov-08 01:00:00
  2099-Nov-29 21:00:00
  2099-Dec-21 17:00:00
Beginning Simulation...
  2100-Jan-11 17:00:00 (2.9%)
  2100-Jan-31 21:00:00 (8.5%)
  2100-Feb-21 01:00:00 (14%)
  2100-Mar-13 06:00:00 (19.5%)
  2100-Apr-02 10:00:00 (25%)
  2100-Apr-22 14:00:00 (30.6%)
  2100-May-12 19:00:00 (36.1%)
  2100-Jun-01 22:00:00 (41.6%)
  2100-Jun-22 02:00:00 (47.1%)
  2100-Jul-12 07:00:00 (52.7%)
  2100-Aug-01 11:00:00 (58.2%)
  2100-Aug-21 15:00:00 (63.7%)
  2100-Sep-10 20:00:00 (69.3%)
  2100-Oct-01 00:00:00 (74.8%)
  2100-Oct-21 04:00:00 (80.3%)
  2100-Nov-10 04:00:00 (85.8%)
  2100-Nov-30 09:00:00 (91.3%)
  2100-Dec-20 13:00:00 (96.9%)
  2100-Dec-31 23:00:00 (100%)
Finished Program: 2014-Oct-26 15:36:45.566311
Elapsed Time: 00:00:36.075277
