instance.yaml
kiva v0.2.0-9-g526928a
Copyright (C) 2012-2014 Big Ladder Software
Web: www.bigladdersoftware.com

Starting Program: 2014-Oct-26 15:38:08.219150
Creating Domain...
  X Cells: 93
  Y Cells: 1
  Z Cells: 133
  Total Cells: 12369
Initializing Temperatures...
  2098-Nov-05 23:00:00
  2099-Jan-06 19:00:00
  2099-Jan-26 03:00:00
  2099-Feb-16 20:00:00
  2099-Mar-10 12:00:00
  2099-Apr-01 04:00:00
  2099-Apr-22 21:00:00
  2099-May-14 13:00:00
  2099-Jun-05 06:00:00
  2099-Jun-26 23:00:00
  2099-Jul-18 16:00:00
  2099-Aug-09 09:00:00
  2099-Aug-31 01:00:00
  2099-Sep-21 18:00:00
  2099-Oct-13 11:00:00
  2099-Nov-04 04:00:00
  2099-Nov-25 20:00:00
  2099-Dec-17 13:00:00
Beginning Simulation...
  2100-Jan-07 16:00:00 (1.8%)
  2100-Jan-27 16:00:00 (7.3%)
  2100-Feb-16 15:00:00 (12.8%)
  2100-Mar-08 15:00:00 (18.3%)
  2100-Mar-28 14:00:00 (23.7%)
  2100-Apr-17 14:00:00 (29.2%)
  2100-May-07 14:00:00 (34.7%)
  2100-May-27 15:00:00 (40.2%)
  2100-Jun-16 15:00:00 (45.7%)
  2100-Jul-06 15:00:00 (51.1%)
  2100-Jul-26 15:00:00 (56.6%)
  2100-Aug-15 16:00:00 (62.1%)
  2100-Sep-04 16:00:00 (67.6%)
  2100-Sep-24 16:00:00 (73.1%)
  2100-Oct-14 16:00:00 (78.5%)
  2100-Nov-03 12:00:00 (84%)
  2100-Nov-23 12:00:00 (89.5%)
  2100-Dec-13 12:00:00 (94.9%)
  2100-Dec-31 23:00:00 (100%)
Finished Program: 2014-Oct-26 15:38:44.926325
Elapsed Time: 00:00:36.707175
