instance.yaml
kiva v0.2.0-21-g785bfe1
Copyright (C) 2012-2014 Big Ladder Software
Web: www.bigladdersoftware.com

Starting Program: 2014-Nov-18 11:27:25.186891
Creating Domain...
  X Cells: 194
  Y Cells: 1
  Z Cells: 125
  Total Cells: 24250
Initializing Temperatures...
  2098-Dec-03 23:00:00
  2099-Jan-08 12:00:00
  2099-Jan-18 05:00:00
  2099-Jan-27 22:00:00
  2099-Feb-06 14:00:00
  2099-Feb-16 07:00:00
  2099-Feb-25 23:00:00
  2099-Mar-07 16:00:00
  2099-Mar-17 09:00:00
  2099-Mar-27 01:00:00
  2099-Apr-05 18:00:00
  2099-Apr-15 11:00:00
  2099-Apr-25 03:00:00
  2099-May-04 20:00:00
  2099-May-14 13:00:00
  2099-May-24 05:00:00
  2099-Jun-02 22:00:00
  2099-Jun-12 15:00:00
  2099-Jun-22 08:00:00
  2099-Jul-02 00:00:00
  2099-Jul-11 17:00:00
  2099-Jul-21 10:00:00
  2099-Jul-31 03:00:00
  2099-Aug-09 19:00:00
  2099-Aug-19 12:00:00
  2099-Aug-29 05:00:00
  2099-Sep-07 22:00:00
  2099-Sep-17 15:00:00
  2099-Sep-27 07:00:00
  2099-Oct-07 00:00:00
  2099-Oct-16 17:00:00
  2099-Oct-26 10:00:00
  2099-Nov-05 03:00:00
  2099-Nov-14 19:00:00
  2099-Nov-24 12:00:00
  2099-Dec-04 04:00:00
  2099-Dec-13 21:00:00
  2099-Dec-23 13:00:00
Beginning Simulation...
  2100-Jan-02 04:00:00 (0.3%)
  2100-Jan-11 05:00:00 (2.8%)
  2100-Jan-20 06:00:00 (5.3%)
  2100-Jan-29 08:00:00 (7.8%)
  2100-Feb-07 09:00:00 (10.2%)
  2100-Feb-16 10:00:00 (12.7%)
  2100-Feb-25 11:00:00 (15.2%)
  2100-Mar-06 14:00:00 (17.7%)
  2100-Mar-15 19:00:00 (20.2%)
  2100-Mar-25 00:00:00 (22.7%)
  2100-Apr-03 04:00:00 (25.3%)
  2100-Apr-12 09:00:00 (27.8%)
  2100-Apr-21 14:00:00 (30.3%)
  2100-Apr-30 19:00:00 (32.8%)
  2100-May-10 00:00:00 (35.3%)
  2100-May-19 05:00:00 (37.9%)
  2100-May-28 09:00:00 (40.4%)
  2100-Jun-06 14:00:00 (42.9%)
  2100-Jun-15 19:00:00 (45.4%)
  2100-Jun-25 00:00:00 (47.9%)
  2100-Jul-04 05:00:00 (50.5%)
  2100-Jul-13 10:00:00 (53%)
  2100-Jul-22 15:00:00 (55.5%)
  2100-Jul-31 19:00:00 (58%)
  2100-Aug-10 00:00:00 (60.5%)
  2100-Aug-19 06:00:00 (63.1%)
  2100-Aug-28 11:00:00 (65.6%)
  2100-Sep-06 16:00:00 (68.1%)
  2100-Sep-15 21:00:00 (70.7%)
  2100-Sep-25 02:00:00 (73.2%)
  2100-Oct-04 06:00:00 (75.7%)
  2100-Oct-13 11:00:00 (78.2%)
  2100-Oct-22 15:00:00 (80.7%)
  2100-Oct-31 20:00:00 (83.2%)
  2100-Nov-10 01:00:00 (85.8%)
  2100-Nov-19 06:00:00 (88.3%)
  2100-Nov-28 10:00:00 (90.8%)
  2100-Dec-07 15:00:00 (93.3%)
  2100-Dec-16 20:00:00 (95.8%)
  2100-Dec-26 01:00:00 (98.4%)
  2100-Dec-31 23:00:00 (100%)
Finished Program: 2014-Nov-18 11:28:43.645726
Elapsed Time: 00:01:18.458835
