instance.yaml
kiva v0.2.0-9-g526928a
Copyright (C) 2012-2014 Big Ladder Software
Web: www.bigladdersoftware.com

Starting Program: 2014-Nov-15 12:22:46.353415
Creating Domain...
  X Cells: 198
  Y Cells: 1
  Z Cells: 133
  Total Cells: 26334
Initializing Temperatures...
  2098-Nov-05 23:00:00
  2099-Jan-05 15:00:00
  2099-Jan-14 15:00:00
  2099-Jan-23 15:00:00
  2099-Feb-01 15:00:00
  2099-Feb-10 15:00:00
  2099-Feb-19 15:00:00
  2099-Feb-28 15:00:00
  2099-Mar-09 15:00:00
  2099-Mar-18 15:00:00
  2099-Mar-27 15:00:00
  2099-Apr-05 15:00:00
  2099-Apr-14 15:00:00
  2099-Apr-23 15:00:00
  2099-May-02 15:00:00
  2099-May-11 15:00:00
  2099-May-20 15:00:00
  2099-May-29 15:00:00
  2099-Jun-07 15:00:00
  2099-Jun-16 16:00:00
  2099-Jun-25 15:00:00
  2099-Jul-04 16:00:00
  2099-Jul-13 16:00:00
  2099-Jul-22 16:00:00
  2099-Jul-31 16:00:00
  2099-Aug-09 16:00:00
  2099-Aug-18 16:00:00
  2099-Aug-27 16:00:00
  2099-Sep-05 15:00:00
  2099-Sep-14 16:00:00
  2099-Sep-23 16:00:00
  2099-Oct-02 17:00:00
  2099-Oct-11 18:00:00
  2099-Oct-20 19:00:00
  2099-Oct-29 21:00:00
  2099-Nov-07 22:00:00
  2099-Nov-16 23:00:00
  2099-Nov-26 00:00:00
  2099-Dec-05 01:00:00
  2099-Dec-14 03:00:00
  2099-Dec-23 05:00:00
Beginning Simulation...
  2100-Jan-01 08:00:00 (0.1%)
  2100-Jan-09 20:00:00 (2.4%)
  2100-Jan-18 09:00:00 (4.8%)
  2100-Jan-26 21:00:00 (7.1%)
  2100-Feb-04 09:00:00 (9.4%)
  2100-Feb-12 22:00:00 (11.8%)
  2100-Feb-21 10:00:00 (14.1%)
  2100-Mar-01 23:00:00 (16.4%)
  2100-Mar-10 11:00:00 (18.8%)
  2100-Mar-19 00:00:00 (21.1%)
  2100-Mar-27 12:00:00 (23.4%)
  2100-Apr-05 00:00:00 (25.8%)
  2100-Apr-13 13:00:00 (28.1%)
  2100-Apr-22 01:00:00 (30.4%)
  2100-Apr-30 14:00:00 (32.8%)
  2100-May-09 02:00:00 (35.1%)
  2100-May-17 15:00:00 (37.4%)
  2100-May-26 03:00:00 (39.8%)
  2100-Jun-03 16:00:00 (42.1%)
  2100-Jun-12 04:00:00 (44.4%)
  2100-Jun-20 17:00:00 (46.8%)
  2100-Jun-29 05:00:00 (49.1%)
  2100-Jul-07 18:00:00 (51.4%)
  2100-Jul-16 06:00:00 (53.8%)
  2100-Jul-24 19:00:00 (56.1%)
  2100-Aug-02 07:00:00 (58.4%)
  2100-Aug-10 20:00:00 (60.8%)
  2100-Aug-19 09:00:00 (63.1%)
  2100-Aug-27 21:00:00 (65.4%)
  2100-Sep-05 10:00:00 (67.8%)
  2100-Sep-13 22:00:00 (70.1%)
  2100-Sep-22 11:00:00 (72.5%)
  2100-Sep-30 22:00:00 (74.8%)
  2100-Oct-09 10:00:00 (77.1%)
  2100-Oct-17 23:00:00 (79.4%)
  2100-Oct-26 12:00:00 (81.8%)
  2100-Nov-04 00:00:00 (84.1%)
  2100-Nov-12 13:00:00 (86.4%)
  2100-Nov-21 02:00:00 (88.8%)
  2100-Nov-29 14:00:00 (91.1%)
  2100-Dec-08 03:00:00 (93.5%)
  2100-Dec-16 15:00:00 (95.8%)
  2100-Dec-25 04:00:00 (98.1%)
  2100-Dec-31 23:00:00 (100%)
Finished Program: 2014-Nov-15 12:24:10.800666
Elapsed Time: 00:01:24.447251
