instance.yaml
kiva v0.2.0-19-ge248292
Copyright (C) 2012-2014 Big Ladder Software
Web: www.bigladdersoftware.com

Starting Program: 2014-Nov-17 08:45:13.751525
Creating Domain...
  X Cells: 97
  Y Cells: 1
  Z Cells: 133
  Total Cells: 12901
Initializing Temperatures...
  2098-Oct-01 23:00:00
  2099-Jan-12 09:00:00
  2099-Jan-31 22:00:00
  2099-Feb-20 12:00:00
  2099-Mar-12 02:00:00
  2099-Mar-31 15:00:00
  2099-Apr-20 05:00:00
  2099-May-09 19:00:00
  2099-May-29 09:00:00
  2099-Jun-17 23:00:00
  2099-Jul-07 12:00:00
  2099-Jul-27 02:00:00
  2099-Aug-15 15:00:00
  2099-Sep-04 05:00:00
  2099-Sep-23 19:00:00
  2099-Oct-13 09:00:00
  2099-Nov-01 23:00:00
  2099-Nov-21 13:00:00
  2099-Dec-11 03:00:00
  2099-Dec-30 17:00:00
Beginning Simulation...
  2100-Jan-17 18:00:00 (4.6%)
  2100-Feb-04 16:00:00 (9.5%)
  2100-Feb-22 14:00:00 (14.4%)
  2100-Mar-12 11:00:00 (19.3%)
  2100-Mar-30 09:00:00 (24.2%)
  2100-Apr-17 08:00:00 (29.1%)
  2100-May-05 06:00:00 (34%)
  2100-May-23 04:00:00 (38.9%)
  2100-Jun-10 02:00:00 (43.9%)
  2100-Jun-28 00:00:00 (48.8%)
  2100-Jul-15 22:00:00 (53.7%)
  2100-Aug-02 18:00:00 (58.6%)
  2100-Aug-20 16:00:00 (63.5%)
  2100-Sep-07 13:00:00 (68.4%)
  2100-Sep-25 11:00:00 (73.3%)
  2100-Oct-13 09:00:00 (78.2%)
  2100-Oct-31 07:00:00 (83.1%)
  2100-Nov-18 06:00:00 (88%)
  2100-Dec-06 04:00:00 (92.9%)
  2100-Dec-24 02:00:00 (97.8%)
  2100-Dec-31 23:00:00 (100%)
Finished Program: 2014-Nov-17 08:45:53.440096
Elapsed Time: 00:00:39.688571
