instance.yaml
kiva v0.2.0-9-g526928a
Copyright (C) 2012-2014 Big Ladder Software
Web: www.bigladdersoftware.com

Starting Program: 2014-Oct-26 15:42:12.536737
Creating Domain...
  X Cells: 98
  Y Cells: 1
  Z Cells: 103
  Total Cells: 10094
Initializing Temperatures...
Warning: Solution did not converge after 280 iterations.
  The final residual was: 0.0331871
  Solver status: 2
  2098-Oct-15 23:00:00
  2099-Jan-04 09:00:00
  2099-Jan-27 14:00:00
  2099-Feb-22 06:00:00
  2099-Mar-19 22:00:00
  2099-Apr-14 14:00:00
  2099-May-10 06:00:00
  2099-Jun-04 22:00:00
  2099-Jun-30 14:00:00
  2099-Jul-26 06:00:00
  2099-Aug-20 21:00:00
  2099-Sep-15 14:00:00
  2099-Oct-11 06:00:00
  2099-Nov-05 21:00:00
  2099-Dec-01 13:00:00
  2099-Dec-27 05:00:00
Beginning Simulation...
  2100-Jan-21 17:00:00 (5.7%)
  2100-Feb-16 07:00:00 (12.7%)
  2100-Mar-13 19:00:00 (19.7%)
  2100-Apr-08 09:00:00 (26.7%)
  2100-May-03 22:00:00 (33.7%)
  2100-May-29 12:00:00 (40.7%)
  2100-Jun-24 01:00:00 (47.7%)
  2100-Jul-19 14:00:00 (54.7%)
  2100-Aug-14 04:00:00 (61.7%)
  2100-Sep-08 18:00:00 (68.7%)
  2100-Oct-04 08:00:00 (75.7%)
  2100-Oct-29 22:00:00 (82.7%)
  2100-Nov-24 08:00:00 (89.7%)
  2100-Dec-19 21:00:00 (96.7%)
  2100-Dec-31 23:00:00 (100%)
Finished Program: 2014-Oct-26 15:42:42.474267
Elapsed Time: 00:00:29.937530
