instance.yaml
kiva v0.2.0-20-g4c7c200
Copyright (C) 2012-2014 Big Ladder Software
Web: www.bigladdersoftware.com

Starting Program: 2014-Nov-17 14:13:20.478596
Creating Domain...
  X Cells: 135
  Y Cells: 1
  Z Cells: 127
  Total Cells: 17145
Initializing Temperatures...
  2098-Nov-19 23:00:00
  2099-Jan-12 06:00:00
  2099-Jan-27 03:00:00
  2099-Feb-11 00:00:00
  2099-Feb-25 21:00:00
  2099-Mar-12 18:00:00
  2099-Mar-27 14:00:00
  2099-Apr-11 11:00:00
  2099-Apr-26 07:00:00
  2099-May-11 04:00:00
  2099-May-26 01:00:00
  2099-Jun-09 22:00:00
  2099-Jun-24 19:00:00
  2099-Jul-09 16:00:00
  2099-Jul-24 13:00:00
  2099-Aug-08 09:00:00
  2099-Aug-23 06:00:00
  2099-Sep-07 03:00:00
  2099-Sep-22 00:00:00
  2099-Oct-06 21:00:00
  2099-Oct-21 18:00:00
  2099-Nov-05 15:00:00
  2099-Nov-20 12:00:00
  2099-Dec-05 09:00:00
  2099-Dec-20 06:00:00
Beginning Simulation...
  2100-Jan-03 22:00:00 (0.8%)
  2100-Jan-17 19:00:00 (4.6%)
  2100-Jan-31 16:00:00 (8.4%)
  2100-Feb-14 17:00:00 (12.2%)
  2100-Feb-28 20:00:00 (16.1%)
  2100-Mar-14 23:00:00 (20%)
  2100-Mar-29 02:00:00 (23.9%)
  2100-Apr-12 04:00:00 (27.7%)
  2100-Apr-26 07:00:00 (31.6%)
  2100-May-10 10:00:00 (35.5%)
  2100-May-24 13:00:00 (39.3%)
  2100-Jun-07 17:00:00 (43.2%)
  2100-Jun-21 20:00:00 (47.1%)
  2100-Jul-05 23:00:00 (50.9%)
  2100-Jul-20 02:00:00 (54.8%)
  2100-Aug-03 01:00:00 (58.6%)
  2100-Aug-17 00:00:00 (62.5%)
  2100-Aug-31 03:00:00 (66.3%)
  2100-Sep-14 04:00:00 (70.2%)
  2100-Sep-28 04:00:00 (74%)
  2100-Oct-12 08:00:00 (77.9%)
  2100-Oct-26 11:00:00 (81.8%)
  2100-Nov-09 14:00:00 (85.6%)
  2100-Nov-23 17:00:00 (89.5%)
  2100-Dec-07 20:00:00 (93.4%)
  2100-Dec-21 23:00:00 (97.2%)
  2100-Dec-31 23:00:00 (100%)
Finished Program: 2014-Nov-17 14:14:11.709815
Elapsed Time: 00:00:51.231219
