instance.yaml
kiva v0.2.0-9-g526928a
Copyright (C) 2012-2014 Big Ladder Software
Web: www.bigladdersoftware.com

Starting Program: 2014-Nov-15 12:22:46.314778
Creating Domain...
  X Cells: 196
  Y Cells: 1
  Z Cells: 113
  Total Cells: 22148
Initializing Temperatures...
  2098-Nov-26 23:00:00
  2099-Jan-08 07:00:00
  2099-Jan-18 08:00:00
  2099-Jan-28 10:00:00
  2099-Feb-07 11:00:00
  2099-Feb-17 13:00:00
  2099-Feb-27 15:00:00
  2099-Mar-09 16:00:00
  2099-Mar-19 18:00:00
  2099-Mar-29 19:00:00
  2099-Apr-08 20:00:00
  2099-Apr-18 22:00:00
  2099-Apr-29 00:00:00
  2099-May-09 01:00:00
  2099-May-19 03:00:00
  2099-May-29 05:00:00
  2099-Jun-08 06:00:00
  2099-Jun-18 08:00:00
  2099-Jun-28 10:00:00
  2099-Jul-08 11:00:00
  2099-Jul-18 13:00:00
  2099-Jul-28 14:00:00
  2099-Aug-07 16:00:00
  2099-Aug-17 17:00:00
  2099-Aug-27 19:00:00
  2099-Sep-06 21:00:00
  2099-Sep-16 22:00:00
  2099-Sep-27 00:00:00
  2099-Oct-07 01:00:00
  2099-Oct-17 02:00:00
  2099-Oct-27 04:00:00
  2099-Nov-06 06:00:00
  2099-Nov-16 07:00:00
  2099-Nov-26 09:00:00
  2099-Dec-06 11:00:00
  2099-Dec-16 12:00:00
  2099-Dec-26 14:00:00
Beginning Simulation...
  2100-Jan-05 15:00:00 (1.3%)
  2100-Jan-15 17:00:00 (4%)
  2100-Jan-25 19:00:00 (6.8%)
  2100-Feb-04 21:00:00 (9.6%)
  2100-Feb-14 23:00:00 (12.3%)
  2100-Feb-25 01:00:00 (15.1%)
  2100-Mar-07 03:00:00 (17.8%)
  2100-Mar-17 05:00:00 (20.6%)
  2100-Mar-27 07:00:00 (23.4%)
  2100-Apr-06 10:00:00 (26.1%)
  2100-Apr-16 12:00:00 (28.9%)
  2100-Apr-26 14:00:00 (31.7%)
  2100-May-06 16:00:00 (34.4%)
  2100-May-16 18:00:00 (37.2%)
  2100-May-26 20:00:00 (40%)
  2100-Jun-05 23:00:00 (42.7%)
  2100-Jun-16 01:00:00 (45.5%)
  2100-Jun-26 03:00:00 (48.3%)
  2100-Jul-06 05:00:00 (51%)
  2100-Jul-16 07:00:00 (53.8%)
  2100-Jul-26 09:00:00 (56.5%)
  2100-Aug-05 11:00:00 (59.3%)
  2100-Aug-15 13:00:00 (62.1%)
  2100-Aug-25 15:00:00 (64.8%)
  2100-Sep-04 17:00:00 (67.6%)
  2100-Sep-14 19:00:00 (70.4%)
  2100-Sep-24 21:00:00 (73.1%)
  2100-Oct-04 23:00:00 (75.9%)
  2100-Oct-15 01:00:00 (78.6%)
  2100-Oct-25 03:00:00 (81.4%)
  2100-Nov-04 05:00:00 (84.2%)
  2100-Nov-14 06:00:00 (86.9%)
  2100-Nov-24 08:00:00 (89.7%)
  2100-Dec-04 10:00:00 (92.4%)
  2100-Dec-14 12:00:00 (95.2%)
  2100-Dec-24 14:00:00 (98%)
  2100-Dec-31 23:00:00 (100%)
Finished Program: 2014-Nov-15 12:23:59.731472
Elapsed Time: 00:01:13.416694
